make: *** No targets specified and no makefile found.  Stop.
srun: defined options
srun: -------------------- --------------------
srun: (null)              : broadwell-001
srun: jobid               : 168655
srun: job-name            : submit.sh
srun: mpi                 : pmix
srun: nodes               : 1
srun: ntasks              : 36
srun: ntasks-per-node     : 36
srun: verbose             : 1
srun: -------------------- --------------------
srun: end of defined options
srun: jobid 168655: nodes(1):`broadwell-001', cpu counts: 36(x1)
srun: CpuBindType=(null type)
srun: launching StepId=168655.0 on host broadwell-001, 36 tasks: [0-35]
srun: topology/default: init: topology Default plugin loaded
srun: Node broadwell-001, 36 tasks started
terminate called after throwing an instance of 'std::invalid_argument'
  what():  requested type of dimension 54, but dataset only has 54 dimensions
[broadwell-001:1325342] *** Process received signal ***
[broadwell-001:1325342] Signal: Aborted (6)
[broadwell-001:1325342] Signal code:  (-6)
[broadwell-001:1325342] [ 0] /lib/x86_64-linux-gnu/libc.so.6(+0x43090)[0x7f793cd05090]
[broadwell-001:1325342] [ 1] /lib/x86_64-linux-gnu/libc.so.6(gsignal+0xcb)[0x7f793cd0500b]
[broadwell-001:1325342] [ 2] /lib/x86_64-linux-gnu/libc.so.6(abort+0x12b)[0x7f793cce4859]
[broadwell-001:1325342] [ 3] /lib/x86_64-linux-gnu/libstdc++.so.6(+0x9e911)[0x7f793d0bc911]
[broadwell-001:1325342] [ 4] /lib/x86_64-linux-gnu/libstdc++.so.6(+0xaa38c)[0x7f793d0c838c]
[broadwell-001:1325342] [ 5] /lib/x86_64-linux-gnu/libstdc++.so.6(+0xaa3f7)[0x7f793d0c83f7]
[broadwell-001:1325342] [ 6] /lib/x86_64-linux-gnu/libstdc++.so.6(+0xaa6a9)[0x7f793d0c86a9]
[broadwell-001:1325342] [ 7] /beegfs/home/echiavazza/unito-scpd/adaboost_mpi_v2/bin/./adaboost_mpi_v2(+0x1d0b6)[0x5636d7df20b6]
[broadwell-001:1325342] [ 8] /beegfs/home/echiavazza/unito-scpd/adaboost_mpi_v2/bin/./adaboost_mpi_v2(+0x161db)[0x5636d7deb1db]
[broadwell-001:1325342] [ 9] /beegfs/home/echiavazza/unito-scpd/adaboost_mpi_v2/bin/./adaboost_mpi_v2(+0x16fcd)[0x5636d7debfcd]
[broadwell-001:1325342] [10] /beegfs/home/echiavazza/unito-scpd/adaboost_mpi_v2/bin/./adaboost_mpi_v2(+0xfc4e)[0x5636d7de4c4e]
[broadwell-001:1325342] [11] /beegfs/home/echiavazza/unito-scpd/adaboost_mpi_v2/bin/./adaboost_mpi_v2(+0x9539)[0x5636d7dde539]
[broadwell-001:1325342] [12] /lib/x86_64-linux-gnu/libc.so.6(__libc_start_main+0xf3)[0x7f793cce6083]
[broadwell-001:1325342] [13] /beegfs/home/echiavazza/unito-scpd/adaboost_mpi_v2/bin/./adaboost_mpi_v2(+0x87be)[0x5636d7ddd7be]
[broadwell-001:1325342] *** End of error message ***
terminate called after throwing an instance of 'std::invalid_argument'
  what():  requested type of dimension 54, but dataset only has 54 dimensions
[broadwell-001:1325350] *** Process received signal ***
[broadwell-001:1325350] Signal: Aborted (6)
[broadwell-001:1325350] Signal code:  (-6)
terminate called after throwing an instance of 'std::invalid_argument'
  what():  requested type of dimension 54, but dataset only has 54 dimensions
[broadwell-001:1325346] *** Process received signal ***
[broadwell-001:1325350] [ 0] /lib/x86_64-linux-gnu/libc.so.6(+0x43090)[0x7f7f1fc60090]
[broadwell-001:1325346] Signal: Aborted (6)
[broadwell-001:1325346] Signal code:  (-6)
[broadwell-001:1325350] [ 1] /lib/x86_64-linux-gnu/libc.so.6(gsignal+0xcb)[0x7f7f1fc6000b]
[broadwell-001:1325350] [ 2] /lib/x86_64-linux-gnu/libc.so.6(abort+0x12b)[0x7f7f1fc3f859]
[broadwell-001:1325346] [ 0] /lib/x86_64-linux-gnu/libc.so.6(+0x43090)[0x7f547a49a090]
[broadwell-001:1325350] [ 3] /lib/x86_64-linux-gnu/libstdc++.so.6(+0x9e911)[0x7f7f20017911]
[broadwell-001:1325346] [ 1] /lib/x86_64-linux-gnu/libc.so.6(gsignal+0xcb)[0x7f547a49a00b]
[broadwell-001:1325346] [ 2] /lib/x86_64-linux-gnu/libc.so.6(abort+0x12b)[0x7f547a479859]
[broadwell-001:1325350] [ 4] /lib/x86_64-linux-gnu/libstdc++.so.6(+0xaa38c)[0x7f7f2002338c]
[broadwell-001:1325346] [ 3] /lib/x86_64-linux-gnu/libstdc++.so.6(+0x9e911)[0x7f547a851911]
[broadwell-001:1325350] [ 5] /lib/x86_64-linux-gnu/libstdc++.so.6(+0xaa3f7)[0x7f7f200233f7]
[broadwell-001:1325346] [ 4] /lib/x86_64-linux-gnu/libstdc++.so.6(+0xaa38c)[0x7f547a85d38c]
[broadwell-001:1325350] [ 6] /lib/x86_64-linux-gnu/libstdc++.so.6(+0xaa6a9)[0x7f7f200236a9]
[broadwell-001:1325350] [ 7] /beegfs/home/echiavazza/unito-scpd/adaboost_mpi_v2/bin/./adaboost_mpi_v2(+0x1d0b6)[0x558681a230b6]
[broadwell-001:1325350] [ 8] /beegfs/home/echiavazza/unito-scpd/adaboost_mpi_v2/bin/./adaboost_mpi_v2(+0x161db)[0x558681a1c1db]
[broadwell-001:1325350] [ 9] /beegfs/home/echiavazza/unito-scpd/adaboost_mpi_v2/bin/./adaboost_mpi_v2(+0x16fcd)[0x558681a1cfcd]
[broadwell-001:1325350] [10] /beegfs/home/echiavazza/unito-scpd/adaboost_mpi_v2/bin/./adaboost_mpi_v2(+0xfc4e)[0x558681a15c4e]
[broadwell-001:1325350] [11] /beegfs/home/echiavazza/unito-scpd/adaboost_mpi_v2/bin/./adaboost_mpi_v2(+0x9539)[0x558681a0f539]
[broadwell-001:1325346] [ 5] /lib/x86_64-linux-gnu/libstdc++.so.6(+0xaa3f7)[0x7f547a85d3f7]
[broadwell-001:1325350] [12] /lib/x86_64-linux-gnu/libc.so.6(__libc_start_main+0xf3)[0x7f7f1fc41083]
[broadwell-001:1325350] [13] /beegfs/home/echiavazza/unito-scpd/adaboost_mpi_v2/bin/./adaboost_mpi_v2(+0x87be)[0x558681a0e7be]
[broadwell-001:1325350] *** End of error message ***
[broadwell-001:1325346] [ 6] /lib/x86_64-linux-gnu/libstdc++.so.6(+0xaa6a9)[0x7f547a85d6a9]
[broadwell-001:1325346] [ 7] /beegfs/home/echiavazza/unito-scpd/adaboost_mpi_v2/bin/./adaboost_mpi_v2(+0x1d0b6)[0x563c47d620b6]
[broadwell-001:1325346] [ 8] /beegfs/home/echiavazza/unito-scpd/adaboost_mpi_v2/bin/./adaboost_mpi_v2(+0x161db)[0x563c47d5b1db]
[broadwell-001:1325346] [ 9] /beegfs/home/echiavazza/unito-scpd/adaboost_mpi_v2/bin/./adaboost_mpi_v2(+0x16fcd)[0x563c47d5bfcd]
[broadwell-001:1325346] [10] /beegfs/home/echiavazza/unito-scpd/adaboost_mpi_v2/bin/./adaboost_mpi_v2(+0xfc4e)[0x563c47d54c4e]
[broadwell-001:1325346] [11] /beegfs/home/echiavazza/unito-scpd/adaboost_mpi_v2/bin/./adaboost_mpi_v2(+0x9539)[0x563c47d4e539]
[broadwell-001:1325346] [12] /lib/x86_64-linux-gnu/libc.so.6(__libc_start_main+0xf3)[0x7f547a47b083]
[broadwell-001:1325346] [13] /beegfs/home/echiavazza/unito-scpd/adaboost_mpi_v2/bin/./adaboost_mpi_v2(+0x87be)[0x563c47d4d7be]
[broadwell-001:1325346] *** End of error message ***
terminate called after throwing an instance of 'std::invalid_argument'
  what():  requested type of dimension 54, but dataset only has 54 dimensions
[broadwell-001:1325354] *** Process received signal ***
[broadwell-001:1325354] Signal: Aborted (6)
[broadwell-001:1325354] Signal code:  (-6)
[broadwell-001:1325354] [ 0] /lib/x86_64-linux-gnu/libc.so.6(+0x43090)[0x7fa25302f090]
[broadwell-001:1325354] [ 1] /lib/x86_64-linux-gnu/libc.so.6(gsignal+0xcb)[0x7fa25302f00b]
[broadwell-001:1325354] [ 2] /lib/x86_64-linux-gnu/libc.so.6(abort+0x12b)[0x7fa25300e859]
[broadwell-001:1325354] [ 3] /lib/x86_64-linux-gnu/libstdc++.so.6(+0x9e911)[0x7fa2533e6911]
terminate called after throwing an instance of 'std::invalid_argument'
  what():  requested type of dimension 54, but dataset only has 54 dimensions
[broadwell-001:1325348] *** Process received signal ***
[broadwell-001:1325348] Signal: Aborted (6)
[broadwell-001:1325348] Signal code:  (-6)
[broadwell-001:1325348] [ 0] /lib/x86_64-linux-gnu/libc.so.6(+0x43090)[0x7f32fa0ac090]
[broadwell-001:1325348] [ 1] /lib/x86_64-linux-gnu/libc.so.6(gsignal+0xcb)[0x7f32fa0ac00b]
[broadwell-001:1325348] [ 2] /lib/x86_64-linux-gnu/libc.so.6(abort+0x12b)[0x7f32fa08b859]
[broadwell-001:1325348] [ 3] /lib/x86_64-linux-gnu/libstdc++.so.6(+0x9e911)[0x7f32fa463911]
[broadwell-001:1325348] [ 4] /lib/x86_64-linux-gnu/libstdc++.so.6(+0xaa38c)[0x7f32fa46f38c]
[broadwell-001:1325348] [ 5] /lib/x86_64-linux-gnu/libstdc++.so.6(+0xaa3f7)[0x7f32fa46f3f7]
[broadwell-001:1325348] [ 6] /lib/x86_64-linux-gnu/libstdc++.so.6(+0xaa6a9)[0x7f32fa46f6a9]
[broadwell-001:1325354] [ 4] /lib/x86_64-linux-gnu/libstdc++.so.6(+0xaa38c)[0x7fa2533f238c]
terminate called after throwing an instance of 'std::invalid_argument'
  what():  requested type of dimension 54, but dataset only has 54 dimensions
[broadwell-001:1325354] [ 5] /lib/x86_64-linux-gnu/libstdc++.so.6(+0xaa3f7)[0x7fa2533f23f7]
[broadwell-001:1325354] [ 6] /lib/x86_64-linux-gnu/libstdc++.so.6(+0xaa6a9)[0x7fa2533f26a9]
[broadwell-001:1325364] *** Process received signal ***
[broadwell-001:1325364] Signal: Aborted (6)
[broadwell-001:1325364] Signal code:  (-6)
[broadwell-001:1325354] [ 7] /beegfs/home/echiavazza/unito-scpd/adaboost_mpi_v2/bin/./adaboost_mpi_v2(+0x1d0b6)[0x560fc4a2d0b6]
[broadwell-001:1325354] [ 8] /beegfs/home/echiavazza/unito-scpd/adaboost_mpi_v2/bin/./adaboost_mpi_v2(+0x161db)[0x560fc4a261db]
[broadwell-001:1325354] [ 9] /beegfs/home/echiavazza/unito-scpd/adaboost_mpi_v2/bin/./adaboost_mpi_v2(+0x16fcd)[0x560fc4a26fcd]
[broadwell-001:1325354] [10] /beegfs/home/echiavazza/unito-scpd/adaboost_mpi_v2/bin/./adaboost_mpi_v2(+0xfc4e)[0x560fc4a1fc4e]
[broadwell-001:1325354] [11] /beegfs/home/echiavazza/unito-scpd/adaboost_mpi_v2/bin/./adaboost_mpi_v2(+0x9539)[0x560fc4a19539]
[broadwell-001:1325364] [ 0] /lib/x86_64-linux-gnu/libc.so.6(+0x43090)[0x7fe912790090]
[broadwell-001:1325354] [12] /lib/x86_64-linux-gnu/libc.so.6(__libc_start_main+0xf3)[0x7fa253010083]
[broadwell-001:1325354] [13] /beegfs/home/echiavazza/unito-scpd/adaboost_mpi_v2/bin/./adaboost_mpi_v2(+0x87be)[0x560fc4a187be]
[broadwell-001:1325354] *** End of error message ***
[broadwell-001:1325364] [ 1] /lib/x86_64-linux-gnu/libc.so.6(gsignal+0xcb)[0x7fe91279000b]
[broadwell-001:1325364] [ 2] /lib/x86_64-linux-gnu/libc.so.6(abort+0x12b)[0x7fe91276f859]
[broadwell-001:1325364] [ 3] /lib/x86_64-linux-gnu/libstdc++.so.6(+0x9e911)[0x7fe912b47911]
[broadwell-001:1325364] [ 4] /lib/x86_64-linux-gnu/libstdc++.so.6(+0xaa38c)[0x7fe912b5338c]
[broadwell-001:1325364] [ 5] /lib/x86_64-linux-gnu/libstdc++.so.6(+0xaa3f7)[0x7fe912b533f7]
terminate called after throwing an instance of 'std::invalid_argument'
  what():  requested type of dimension 54, but dataset only has 54 dimensions
[broadwell-001:1325364] [ 6] /lib/x86_64-linux-gnu/libstdc++.so.6(+0xaa6a9)[0x7fe912b536a9]
[broadwell-001:1325364] [ 7] /beegfs/home/echiavazza/unito-scpd/adaboost_mpi_v2/bin/./adaboost_mpi_v2(+0x1d0b6)[0x556ede51a0b6]
[broadwell-001:1325364] [ 8] /beegfs/home/echiavazza/unito-scpd/adaboost_mpi_v2/bin/./adaboost_mpi_v2(+0x161db)[0x556ede5131db]
[broadwell-001:1325364] [ 9] /beegfs/home/echiavazza/unito-scpd/adaboost_mpi_v2/bin/./adaboost_mpi_v2(+0x16fcd)[0x556ede513fcd]
[broadwell-001:1325364] [10] /beegfs/home/echiavazza/unito-scpd/adaboost_mpi_v2/bin/./adaboost_mpi_v2(+0xfc4e)[0x556ede50cc4e]
[broadwell-001:1325364] [11] /beegfs/home/echiavazza/unito-scpd/adaboost_mpi_v2/bin/./adaboost_mpi_v2(+0x9539)[0x556ede506539]
[broadwell-001:1325340] *** Process received signal ***
[broadwell-001:1325340] Signal: Aborted (6)
[broadwell-001:1325340] Signal code:  (-6)
[broadwell-001:1325364] [12] /lib/x86_64-linux-gnu/libc.so.6(__libc_start_main+0xf3)[0x7fe912771083]
[broadwell-001:1325364] [13] /beegfs/home/echiavazza/unito-scpd/adaboost_mpi_v2/bin/./adaboost_mpi_v2(+0x87be)[0x556ede5057be]
[broadwell-001:1325364] *** End of error message ***
[broadwell-001:1325340] [ 0] /lib/x86_64-linux-gnu/libc.so.6(+0x43090)[0x7f0f9d8f1090]
[broadwell-001:1325340] [ 1] /lib/x86_64-linux-gnu/libc.so.6(gsignal+0xcb)[0x7f0f9d8f100b]
[broadwell-001:1325340] [ 2] /lib/x86_64-linux-gnu/libc.so.6(abort+0x12b)[0x7f0f9d8d0859]
[broadwell-001:1325340] [ 3] /lib/x86_64-linux-gnu/libstdc++.so.6(+0x9e911)[0x7f0f9dca8911]
terminate called after throwing an instance of 'std::invalid_argument'
[broadwell-001:1325340] [ 4] /lib/x86_64-linux-gnu/libstdc++.so.6(+0xaa38c)[0x7f0f9dcb438c]
  what():  requested type of dimension 54, but dataset only has 54 dimensions
[broadwell-001:1325356] *** Process received signal ***
[broadwell-001:1325356] Signal: Aborted (6)
[broadwell-001:1325356] Signal code:  (-6)
[broadwell-001:1325340] [ 5] /lib/x86_64-linux-gnu/libstdc++.so.6(+0xaa3f7)[0x7f0f9dcb43f7]
[broadwell-001:1325356] [ 0] /lib/x86_64-linux-gnu/libc.so.6(+0x43090)[0x7ffae194f090]
[broadwell-001:1325340] [ 6] /lib/x86_64-linux-gnu/libstdc++.so.6(+0xaa6a9)[0x7f0f9dcb46a9]
[broadwell-001:1325340] [ 7] /beegfs/home/echiavazza/unito-scpd/adaboost_mpi_v2/bin/./adaboost_mpi_v2(+0x1d0b6)[0x55b3638320b6]
[broadwell-001:1325340] [ 8] /beegfs/home/echiavazza/unito-scpd/adaboost_mpi_v2/bin/./adaboost_mpi_v2(+0x161db)[0x55b36382b1db]
[broadwell-001:1325340] [ 9] /beegfs/home/echiavazza/unito-scpd/adaboost_mpi_v2/bin/./adaboost_mpi_v2(+0x16fcd)[0x55b36382bfcd]
[broadwell-001:1325340] [10] /beegfs/home/echiavazza/unito-scpd/adaboost_mpi_v2/bin/./adaboost_mpi_v2(+0xfc4e)[0x55b363824c4e]
[broadwell-001:1325340] [11] /beegfs/home/echiavazza/unito-scpd/adaboost_mpi_v2/bin/./adaboost_mpi_v2(+0x9539)[0x55b36381e539]
[broadwell-001:1325340] [12] /lib/x86_64-linux-gnu/libc.so.6(__libc_start_main+0xf3)[0x7f0f9d8d2083]
[broadwell-001:1325340] [13] /beegfs/home/echiavazza/unito-scpd/adaboost_mpi_v2/bin/./adaboost_mpi_v2(+0x87be)[0x55b36381d7be]
[broadwell-001:1325340] *** End of error message ***
[broadwell-001:1325356] [ 1] /lib/x86_64-linux-gnu/libc.so.6(gsignal+0xcb)[0x7ffae194f00b]
[broadwell-001:1325356] [ 2] /lib/x86_64-linux-gnu/libc.so.6(abort+0x12b)[0x7ffae192e859]
[broadwell-001:1325356] [ 3] /lib/x86_64-linux-gnu/libstdc++.so.6(+0x9e911)[0x7ffae1d06911]
[broadwell-001:1325356] [ 4] /lib/x86_64-linux-gnu/libstdc++.so.6(+0xaa38c)[0x7ffae1d1238c]
[broadwell-001:1325356] [ 5] /lib/x86_64-linux-gnu/libstdc++.so.6(+0xaa3f7)[0x7ffae1d123f7]
terminate called after throwing an instance of 'std::invalid_argument'
[broadwell-001:1325356] [ 6] /lib/x86_64-linux-gnu/libstdc++.so.6(+0xaa6a9)[0x7ffae1d126a9]
[broadwell-001:1325356] [ 7] /beegfs/home/echiavazza/unito-scpd/adaboost_mpi_v2/bin/./adaboost_mpi_v2(+0x1d0b6)[0x55c8fa8a20b6]
[broadwell-001:1325356] [ 8] /beegfs/home/echiavazza/unito-scpd/adaboost_mpi_v2/bin/./adaboost_mpi_v2(+0x161db)[0x55c8fa89b1db]
[broadwell-001:1325356] [ 9] /beegfs/home/echiavazza/unito-scpd/adaboost_mpi_v2/bin/./adaboost_mpi_v2(+0x16fcd)[0x55c8fa89bfcd]
[broadwell-001:1325356] [10] /beegfs/home/echiavazza/unito-scpd/adaboost_mpi_v2/bin/./adaboost_mpi_v2(+0xfc4e)[0x55c8fa894c4e]
[broadwell-001:1325356] [11] /beegfs/home/echiavazza/unito-scpd/adaboost_mpi_v2/bin/./adaboost_mpi_v2(+0x9539)[0x55c8fa88e539]
  what():  requested type of dimension 54, but dataset only has 54 dimensions
[broadwell-001:1325366] *** Process received signal ***
[broadwell-001:1325366] Signal: Aborted (6)
[broadwell-001:1325366] Signal code:  (-6)
[broadwell-001:1325356] [12] /lib/x86_64-linux-gnu/libc.so.6(__libc_start_main+0xf3)[0x7ffae1930083]
[broadwell-001:1325356] [13] /beegfs/home/echiavazza/unito-scpd/adaboost_mpi_v2/bin/./adaboost_mpi_v2(+0x87be)[0x55c8fa88d7be]
[broadwell-001:1325356] *** End of error message ***
[broadwell-001:1325366] [ 0] /lib/x86_64-linux-gnu/libc.so.6(+0x43090)[0x7f37c02dd090]
[broadwell-001:1325366] [ 1] /lib/x86_64-linux-gnu/libc.so.6(gsignal+0xcb)[0x7f37c02dd00b]
[broadwell-001:1325366] [ 2] /lib/x86_64-linux-gnu/libc.so.6(abort+0x12b)[0x7f37c02bc859]
[broadwell-001:1325366] [ 3] /lib/x86_64-linux-gnu/libstdc++.so.6(+0x9e911)[0x7f37c0694911]
[broadwell-001:1325366] [ 4] /lib/x86_64-linux-gnu/libstdc++.so.6(+0xaa38c)[0x7f37c06a038c]
[broadwell-001:1325366] [ 5] /lib/x86_64-linux-gnu/libstdc++.so.6(+0xaa3f7)[0x7f37c06a03f7]
[broadwell-001:1325366] [ 6] /lib/x86_64-linux-gnu/libstdc++.so.6(+0xaa6a9)[0x7f37c06a06a9]
[broadwell-001:1325366] [ 7] /beegfs/home/echiavazza/unito-scpd/adaboost_mpi_v2/bin/./adaboost_mpi_v2(+0x1d0b6)[0x56535db130b6]
[broadwell-001:1325366] [ 8] /beegfs/home/echiavazza/unito-scpd/adaboost_mpi_v2/bin/./adaboost_mpi_v2(+0x161db)[0x56535db0c1db]
[broadwell-001:1325366] [ 9] /beegfs/home/echiavazza/unito-scpd/adaboost_mpi_v2/bin/./adaboost_mpi_v2(+0x16fcd)[0x56535db0cfcd]
[broadwell-001:1325366] [10] /beegfs/home/echiavazza/unito-scpd/adaboost_mpi_v2/bin/./adaboost_mpi_v2(+0xfc4e)[0x56535db05c4e]
[broadwell-001:1325366] [11] /beegfs/home/echiavazza/unito-scpd/adaboost_mpi_v2/bin/./adaboost_mpi_v2(+0x9539)[0x56535daff539]
[broadwell-001:1325366] [12] /lib/x86_64-linux-gnu/libc.so.6(__libc_start_main+0xf3)[0x7f37c02be083]
[broadwell-001:1325366] [13] /beegfs/home/echiavazza/unito-scpd/adaboost_mpi_v2/bin/./adaboost_mpi_v2(+0x87be)[0x56535dafe7be]
[broadwell-001:1325366] *** End of error message ***
[broadwell-001:1325348] [ 7] /beegfs/home/echiavazza/unito-scpd/adaboost_mpi_v2/bin/./adaboost_mpi_v2(+0x1d0b6)[0x55968feda0b6]
[broadwell-001:1325348] [ 8] /beegfs/home/echiavazza/unito-scpd/adaboost_mpi_v2/bin/./adaboost_mpi_v2(+0x161db)[0x55968fed31db]
[broadwell-001:1325348] [ 9] /beegfs/home/echiavazza/unito-scpd/adaboost_mpi_v2/bin/./adaboost_mpi_v2(+0x16fcd)[0x55968fed3fcd]
[broadwell-001:1325348] [10] /beegfs/home/echiavazza/unito-scpd/adaboost_mpi_v2/bin/./adaboost_mpi_v2(+0xfc4e)[0x55968feccc4e]
[broadwell-001:1325348] [11] /beegfs/home/echiavazza/unito-scpd/adaboost_mpi_v2/bin/./adaboost_mpi_v2(+0x9539)[0x55968fec6539]
[broadwell-001:1325348] [12] /lib/x86_64-linux-gnu/libc.so.6(__libc_start_main+0xf3)[0x7f32fa08d083]
[broadwell-001:1325348] [13] /beegfs/home/echiavazza/unito-scpd/adaboost_mpi_v2/bin/./adaboost_mpi_v2(+0x87be)[0x55968fec57be]
[broadwell-001:1325348] *** End of error message ***
terminate called after throwing an instance of 'std::invalid_argument'
  what():  requested type of dimension 54, but dataset only has 54 dimensions
[broadwell-001:1325338] *** Process received signal ***
[broadwell-001:1325338] Signal: Aborted (6)
[broadwell-001:1325338] Signal code:  (-6)
[broadwell-001:1325338] [ 0] /lib/x86_64-linux-gnu/libc.so.6(+0x43090)[0x7f80a9592090]
terminate called after throwing an instance of 'std::invalid_argument'
[broadwell-001:1325338] [ 1] /lib/x86_64-linux-gnu/libc.so.6(gsignal+0xcb)[0x7f80a959200b]
[broadwell-001:1325338] [ 2] /lib/x86_64-linux-gnu/libc.so.6(abort+0x12b)[0x7f80a9571859]
  what():  requested type of dimension 54, but dataset only has 54 dimensions
[broadwell-001:1325352] *** Process received signal ***
[broadwell-001:1325352] Signal: Aborted (6)
[broadwell-001:1325352] Signal code:  (-6)
[broadwell-001:1325338] [ 3] /lib/x86_64-linux-gnu/libstdc++.so.6(+0x9e911)[0x7f80a9949911]
[broadwell-001:1325338] [ 4] /lib/x86_64-linux-gnu/libstdc++.so.6(+0xaa38c)[0x7f80a995538c]
[broadwell-001:1325352] [ 0] /lib/x86_64-linux-gnu/libc.so.6(+0x43090)[0x7fdd52901090]
[broadwell-001:1325352] [ 1] /lib/x86_64-linux-gnu/libc.so.6(gsignal+0xcb)[0x7fdd5290100b]
[broadwell-001:1325338] [ 5] /lib/x86_64-linux-gnu/libstdc++.so.6(+0xaa3f7)[0x7f80a99553f7]
[broadwell-001:1325352] [ 2] /lib/x86_64-linux-gnu/libc.so.6(abort+0x12b)[0x7fdd528e0859]
[broadwell-001:1325338] [ 6] /lib/x86_64-linux-gnu/libstdc++.so.6(+0xaa6a9)[0x7f80a99556a9]
[broadwell-001:1325338] [ 7] /beegfs/home/echiavazza/unito-scpd/adaboost_mpi_v2/bin/./adaboost_mpi_v2(+0x1d0b6)[0x5646f14d20b6]
[broadwell-001:1325338] [ 8] /beegfs/home/echiavazza/unito-scpd/adaboost_mpi_v2/bin/./adaboost_mpi_v2(+0x161db)[0x5646f14cb1db]
[broadwell-001:1325338] [ 9] /beegfs/home/echiavazza/unito-scpd/adaboost_mpi_v2/bin/./adaboost_mpi_v2(+0x16fcd)[0x5646f14cbfcd]
[broadwell-001:1325338] [10] /beegfs/home/echiavazza/unito-scpd/adaboost_mpi_v2/bin/./adaboost_mpi_v2(+0xfc4e)[0x5646f14c4c4e]
[broadwell-001:1325338] [11] /beegfs/home/echiavazza/unito-scpd/adaboost_mpi_v2/bin/./adaboost_mpi_v2(+0x9539)[0x5646f14be539]
[broadwell-001:1325352] [ 3] /lib/x86_64-linux-gnu/libstdc++.so.6(+0x9e911)[0x7fdd52cb8911]
[broadwell-001:1325338] [12] /lib/x86_64-linux-gnu/libc.so.6(__libc_start_main+0xf3)[0x7f80a9573083]
[broadwell-001:1325338] [13] /beegfs/home/echiavazza/unito-scpd/adaboost_mpi_v2/bin/./adaboost_mpi_v2(+0x87be)[0x5646f14bd7be]
[broadwell-001:1325338] *** End of error message ***
[broadwell-001:1325352] [ 4] /lib/x86_64-linux-gnu/libstdc++.so.6(+0xaa38c)[0x7fdd52cc438c]
[broadwell-001:1325352] [ 5] /lib/x86_64-linux-gnu/libstdc++.so.6(+0xaa3f7)[0x7fdd52cc43f7]
[broadwell-001:1325352] [ 6] /lib/x86_64-linux-gnu/libstdc++.so.6(+0xaa6a9)[0x7fdd52cc46a9]
[broadwell-001:1325352] [ 7] /beegfs/home/echiavazza/unito-scpd/adaboost_mpi_v2/bin/./adaboost_mpi_v2(+0x1d0b6)[0x55bea19600b6]
[broadwell-001:1325352] [ 8] /beegfs/home/echiavazza/unito-scpd/adaboost_mpi_v2/bin/./adaboost_mpi_v2(+0x161db)[0x55bea19591db]
[broadwell-001:1325352] [ 9] /beegfs/home/echiavazza/unito-scpd/adaboost_mpi_v2/bin/./adaboost_mpi_v2(+0x16fcd)[0x55bea1959fcd]
[broadwell-001:1325352] [10] /beegfs/home/echiavazza/unito-scpd/adaboost_mpi_v2/bin/./adaboost_mpi_v2(+0xfc4e)[0x55bea1952c4e]
[broadwell-001:1325352] [11] /beegfs/home/echiavazza/unito-scpd/adaboost_mpi_v2/bin/./adaboost_mpi_v2(+0x9539)[0x55bea194c539]
[broadwell-001:1325352] [12] /lib/x86_64-linux-gnu/libc.so.6(__libc_start_main+0xf3)[0x7fdd528e2083]
[broadwell-001:1325352] [13] /beegfs/home/echiavazza/unito-scpd/adaboost_mpi_v2/bin/./adaboost_mpi_v2(+0x87be)[0x55bea194b7be]
[broadwell-001:1325352] *** End of error message ***
terminate called after throwing an instance of 'std::invalid_argument'
  what():  requested type of dimension 54, but dataset only has 54 dimensions
[broadwell-001:1325334] *** Process received signal ***
[broadwell-001:1325334] Signal: Aborted (6)
[broadwell-001:1325334] Signal code:  (-6)
[broadwell-001:1325334] [ 0] /lib/x86_64-linux-gnu/libc.so.6(+0x43090)[0x7f377b0c1090]
[broadwell-001:1325334] [ 1] /lib/x86_64-linux-gnu/libc.so.6(gsignal+0xcb)[0x7f377b0c100b]
[broadwell-001:1325334] [ 2] /lib/x86_64-linux-gnu/libc.so.6(abort+0x12b)[0x7f377b0a0859]
[broadwell-001:1325334] [ 3] /lib/x86_64-linux-gnu/libstdc++.so.6(+0x9e911)[0x7f377b478911]
[broadwell-001:1325334] [ 4] /lib/x86_64-linux-gnu/libstdc++.so.6(+0xaa38c)[0x7f377b48438c]
[broadwell-001:1325334] [ 5] /lib/x86_64-linux-gnu/libstdc++.so.6(+0xaa3f7)[0x7f377b4843f7]
terminate called after throwing an instance of 'std::invalid_argument'
  what():  requested type of dimension 54, but dataset only has 54 dimensions
[broadwell-001:1325362] *** Process received signal ***
[broadwell-001:1325334] [ 6] /lib/x86_64-linux-gnu/libstdc++.so.6(+0xaa6a9)[0x7f377b4846a9]
[broadwell-001:1325334] [ 7] /beegfs/home/echiavazza/unito-scpd/adaboost_mpi_v2/bin/./adaboost_mpi_v2(+0x1d0b6)[0x55b11a5c60b6]
[broadwell-001:1325334] [ 8] /beegfs/home/echiavazza/unito-scpd/adaboost_mpi_v2/bin/./adaboost_mpi_v2(+0x161db)[0x55b11a5bf1db]
[broadwell-001:1325334] [ 9] /beegfs/home/echiavazza/unito-scpd/adaboost_mpi_v2/bin/./adaboost_mpi_v2(+0x16fcd)[0x55b11a5bffcd]
[broadwell-001:1325334] [10] /beegfs/home/echiavazza/unito-scpd/adaboost_mpi_v2/bin/./adaboost_mpi_v2(+0xfc4e)[0x55b11a5b8c4e]
[broadwell-001:1325334] [11] /beegfs/home/echiavazza/unito-scpd/adaboost_mpi_v2/bin/./adaboost_mpi_v2(+0x9539)[0x55b11a5b2539]
[broadwell-001:1325362] Signal: Aborted (6)
[broadwell-001:1325362] Signal code:  (-6)
[broadwell-001:1325334] [12] /lib/x86_64-linux-gnu/libc.so.6(__libc_start_main+0xf3)[0x7f377b0a2083]
[broadwell-001:1325334] [13] /beegfs/home/echiavazza/unito-scpd/adaboost_mpi_v2/bin/./adaboost_mpi_v2(+0x87be)[0x55b11a5b17be]
[broadwell-001:1325334] *** End of error message ***
[broadwell-001:1325362] [ 0] /lib/x86_64-linux-gnu/libc.so.6(+0x43090)[0x7f2cd7738090]
[broadwell-001:1325362] [ 1] /lib/x86_64-linux-gnu/libc.so.6(gsignal+0xcb)[0x7f2cd773800b]
[broadwell-001:1325362] [ 2] /lib/x86_64-linux-gnu/libc.so.6(abort+0x12b)[0x7f2cd7717859]
[broadwell-001:1325362] [ 3] /lib/x86_64-linux-gnu/libstdc++.so.6(+0x9e911)[0x7f2cd7aef911]
terminate called after throwing an instance of 'std::invalid_argument'
  what():  requested type of dimension 54, but dataset only has 54 dimensions
[broadwell-001:1325362] [ 4] /lib/x86_64-linux-gnu/libstdc++.so.6(+0xaa38c)[0x7f2cd7afb38c]
[broadwell-001:1325362] [ 5] /lib/x86_64-linux-gnu/libstdc++.so.6(+0xaa3f7)[0x7f2cd7afb3f7]
[broadwell-001:1325336] *** Process received signal ***
[broadwell-001:1325336] Signal: Aborted (6)
[broadwell-001:1325336] Signal code:  (-6)
[broadwell-001:1325362] [ 6] /lib/x86_64-linux-gnu/libstdc++.so.6(+0xaa6a9)[0x7f2cd7afb6a9]
[broadwell-001:1325362] [ 7] /beegfs/home/echiavazza/unito-scpd/adaboost_mpi_v2/bin/./adaboost_mpi_v2(+0x1d0b6)[0x55e049c410b6]
[broadwell-001:1325362] [ 8] /beegfs/home/echiavazza/unito-scpd/adaboost_mpi_v2/bin/./adaboost_mpi_v2(+0x161db)[0x55e049c3a1db]
[broadwell-001:1325362] [ 9] /beegfs/home/echiavazza/unito-scpd/adaboost_mpi_v2/bin/./adaboost_mpi_v2(+0x16fcd)[0x55e049c3afcd]
[broadwell-001:1325362] [10] /beegfs/home/echiavazza/unito-scpd/adaboost_mpi_v2/bin/./adaboost_mpi_v2(+0xfc4e)[0x55e049c33c4e]
[broadwell-001:1325362] [11] /beegfs/home/echiavazza/unito-scpd/adaboost_mpi_v2/bin/./adaboost_mpi_v2(+0x9539)[0x55e049c2d539]
[broadwell-001:1325336] [ 0] /lib/x86_64-linux-gnu/libc.so.6(+0x43090)[0x7f4d5ca81090]
[broadwell-001:1325336] [ 1] /lib/x86_64-linux-gnu/libc.so.6(gsignal+0xcb)[0x7f4d5ca8100b]
[broadwell-001:1325362] [12] /lib/x86_64-linux-gnu/libc.so.6(__libc_start_main+0xf3)[0x7f2cd7719083]
[broadwell-001:1325362] [13] /beegfs/home/echiavazza/unito-scpd/adaboost_mpi_v2/bin/./adaboost_mpi_v2(+0x87be)[0x55e049c2c7be]
[broadwell-001:1325362] *** End of error message ***
[broadwell-001:1325336] [ 2] /lib/x86_64-linux-gnu/libc.so.6(abort+0x12b)[0x7f4d5ca60859]
[broadwell-001:1325336] [ 3] /lib/x86_64-linux-gnu/libstdc++.so.6(+0x9e911)[0x7f4d5ce38911]
[broadwell-001:1325336] [ 4] /lib/x86_64-linux-gnu/libstdc++.so.6(+0xaa38c)[0x7f4d5ce4438c]
[broadwell-001:1325336] [ 5] /lib/x86_64-linux-gnu/libstdc++.so.6(+0xaa3f7)[0x7f4d5ce443f7]
[broadwell-001:1325336] [ 6] /lib/x86_64-linux-gnu/libstdc++.so.6(+0xaa6a9)[0x7f4d5ce446a9]
[broadwell-001:1325336] [ 7] /beegfs/home/echiavazza/unito-scpd/adaboost_mpi_v2/bin/./adaboost_mpi_v2(+0x1d0b6)[0x5617637a50b6]
[broadwell-001:1325336] [ 8] /beegfs/home/echiavazza/unito-scpd/adaboost_mpi_v2/bin/./adaboost_mpi_v2(+0x161db)[0x56176379e1db]
[broadwell-001:1325336] [ 9] /beegfs/home/echiavazza/unito-scpd/adaboost_mpi_v2/bin/./adaboost_mpi_v2(+0x16fcd)[0x56176379efcd]
[broadwell-001:1325336] [10] /beegfs/home/echiavazza/unito-scpd/adaboost_mpi_v2/bin/./adaboost_mpi_v2(+0xfc4e)[0x561763797c4e]
[broadwell-001:1325336] [11] /beegfs/home/echiavazza/unito-scpd/adaboost_mpi_v2/bin/./adaboost_mpi_v2(+0x9539)[0x561763791539]
[broadwell-001:1325336] [12] /lib/x86_64-linux-gnu/libc.so.6(__libc_start_main+0xf3)[0x7f4d5ca62083]
[broadwell-001:1325336] [13] /beegfs/home/echiavazza/unito-scpd/adaboost_mpi_v2/bin/./adaboost_mpi_v2(+0x87be)[0x5617637907be]
[broadwell-001:1325336] *** End of error message ***
terminate called after throwing an instance of 'std::invalid_argument'
  what():  requested type of dimension 54, but dataset only has 54 dimensions
[broadwell-001:1325344] *** Process received signal ***
[broadwell-001:1325344] Signal: Aborted (6)
[broadwell-001:1325344] Signal code:  (-6)
[broadwell-001:1325344] [ 0] /lib/x86_64-linux-gnu/libc.so.6(+0x43090)[0x7fa50c838090]
[broadwell-001:1325344] [ 1] /lib/x86_64-linux-gnu/libc.so.6(gsignal+0xcb)[0x7fa50c83800b]
[broadwell-001:1325344] [ 2] /lib/x86_64-linux-gnu/libc.so.6(abort+0x12b)[0x7fa50c817859]
[broadwell-001:1325344] [ 3] /lib/x86_64-linux-gnu/libstdc++.so.6(+0x9e911)[0x7fa50cbef911]
[broadwell-001:1325344] [ 4] /lib/x86_64-linux-gnu/libstdc++.so.6(+0xaa38c)[0x7fa50cbfb38c]
[broadwell-001:1325344] [ 5] /lib/x86_64-linux-gnu/libstdc++.so.6(+0xaa3f7)[0x7fa50cbfb3f7]
[broadwell-001:1325344] [ 6] /lib/x86_64-linux-gnu/libstdc++.so.6(+0xaa6a9)[0x7fa50cbfb6a9]
[broadwell-001:1325344] [ 7] /beegfs/home/echiavazza/unito-scpd/adaboost_mpi_v2/bin/./adaboost_mpi_v2(+0x1d0b6)[0x55698e4940b6]
[broadwell-001:1325344] [ 8] /beegfs/home/echiavazza/unito-scpd/adaboost_mpi_v2/bin/./adaboost_mpi_v2(+0x161db)[0x55698e48d1db]
[broadwell-001:1325344] [ 9] /beegfs/home/echiavazza/unito-scpd/adaboost_mpi_v2/bin/./adaboost_mpi_v2(+0x16fcd)[0x55698e48dfcd]
[broadwell-001:1325344] [10] /beegfs/home/echiavazza/unito-scpd/adaboost_mpi_v2/bin/./adaboost_mpi_v2(+0xfc4e)[0x55698e486c4e]
[broadwell-001:1325344] [11] /beegfs/home/echiavazza/unito-scpd/adaboost_mpi_v2/bin/./adaboost_mpi_v2(+0x9539)[0x55698e480539]
[broadwell-001:1325344] [12] /lib/x86_64-linux-gnu/libc.so.6(__libc_start_main+0xf3)[0x7fa50c819083]
[broadwell-001:1325344] [13] /beegfs/home/echiavazza/unito-scpd/adaboost_mpi_v2/bin/./adaboost_mpi_v2(+0x87be)[0x55698e47f7be]
[broadwell-001:1325344] *** End of error message ***
terminate called after throwing an instance of 'std::invalid_argument'
  what():  requested type of dimension 54, but dataset only has 54 dimensions
[broadwell-001:1325358] *** Process received signal ***
[broadwell-001:1325358] Signal: Aborted (6)
[broadwell-001:1325358] Signal code:  (-6)
[broadwell-001:1325358] [ 0] /lib/x86_64-linux-gnu/libc.so.6(+0x43090)[0x7f683b26f090]
[broadwell-001:1325358] [ 1] /lib/x86_64-linux-gnu/libc.so.6(gsignal+0xcb)[0x7f683b26f00b]
[broadwell-001:1325358] [ 2] /lib/x86_64-linux-gnu/libc.so.6(abort+0x12b)[0x7f683b24e859]
[broadwell-001:1325358] [ 3] /lib/x86_64-linux-gnu/libstdc++.so.6(+0x9e911)[0x7f683b626911]
[broadwell-001:1325358] [ 4] /lib/x86_64-linux-gnu/libstdc++.so.6(+0xaa38c)[0x7f683b63238c]
[broadwell-001:1325358] [ 5] /lib/x86_64-linux-gnu/libstdc++.so.6(+0xaa3f7)[0x7f683b6323f7]
[broadwell-001:1325358] [ 6] /lib/x86_64-linux-gnu/libstdc++.so.6(+0xaa6a9)[0x7f683b6326a9]
[broadwell-001:1325358] [ 7] /beegfs/home/echiavazza/unito-scpd/adaboost_mpi_v2/bin/./adaboost_mpi_v2(+0x1d0b6)[0x55ba2e0850b6]
[broadwell-001:1325358] [ 8] /beegfs/home/echiavazza/unito-scpd/adaboost_mpi_v2/bin/./adaboost_mpi_v2(+0x161db)[0x55ba2e07e1db]
[broadwell-001:1325358] [ 9] /beegfs/home/echiavazza/unito-scpd/adaboost_mpi_v2/bin/./adaboost_mpi_v2(+0x16fcd)[0x55ba2e07efcd]
[broadwell-001:1325358] [10] /beegfs/home/echiavazza/unito-scpd/adaboost_mpi_v2/bin/./adaboost_mpi_v2(+0xfc4e)[0x55ba2e077c4e]
[broadwell-001:1325358] [11] /beegfs/home/echiavazza/unito-scpd/adaboost_mpi_v2/bin/./adaboost_mpi_v2(+0x9539)[0x55ba2e071539]
[broadwell-001:1325358] [12] /lib/x86_64-linux-gnu/libc.so.6(__libc_start_main+0xf3)[0x7f683b250083]
[broadwell-001:1325358] [13] /beegfs/home/echiavazza/unito-scpd/adaboost_mpi_v2/bin/./adaboost_mpi_v2(+0x87be)[0x55ba2e0707be]
[broadwell-001:1325358] *** End of error message ***
terminate called after throwing an instance of 'std::invalid_argument'
  what():  requested type of dimension 54, but dataset only has 54 dimensions
[broadwell-001:1325368] *** Process received signal ***
[broadwell-001:1325368] Signal: Aborted (6)
[broadwell-001:1325368] Signal code:  (-6)
[broadwell-001:1325368] [ 0] /lib/x86_64-linux-gnu/libc.so.6(+0x43090)[0x7f121a0a7090]
[broadwell-001:1325368] [ 1] /lib/x86_64-linux-gnu/libc.so.6(gsignal+0xcb)[0x7f121a0a700b]
[broadwell-001:1325368] [ 2] /lib/x86_64-linux-gnu/libc.so.6(abort+0x12b)[0x7f121a086859]
[broadwell-001:1325368] [ 3] /lib/x86_64-linux-gnu/libstdc++.so.6(+0x9e911)[0x7f121a45e911]
[broadwell-001:1325368] [ 4] /lib/x86_64-linux-gnu/libstdc++.so.6(+0xaa38c)[0x7f121a46a38c]
[broadwell-001:1325368] [ 5] /lib/x86_64-linux-gnu/libstdc++.so.6(+0xaa3f7)[0x7f121a46a3f7]
[broadwell-001:1325368] [ 6] /lib/x86_64-linux-gnu/libstdc++.so.6(+0xaa6a9)[0x7f121a46a6a9]
[broadwell-001:1325368] [ 7] /beegfs/home/echiavazza/unito-scpd/adaboost_mpi_v2/bin/./adaboost_mpi_v2(+0x1d0b6)[0x55a05d8020b6]
[broadwell-001:1325368] [ 8] /beegfs/home/echiavazza/unito-scpd/adaboost_mpi_v2/bin/./adaboost_mpi_v2(+0x161db)[0x55a05d7fb1db]
[broadwell-001:1325368] [ 9] /beegfs/home/echiavazza/unito-scpd/adaboost_mpi_v2/bin/./adaboost_mpi_v2(+0x16fcd)[0x55a05d7fbfcd]
[broadwell-001:1325368] [10] /beegfs/home/echiavazza/unito-scpd/adaboost_mpi_v2/bin/./adaboost_mpi_v2(+0xfc4e)[0x55a05d7f4c4e]
[broadwell-001:1325368] [11] /beegfs/home/echiavazza/unito-scpd/adaboost_mpi_v2/bin/./adaboost_mpi_v2(+0x9539)[0x55a05d7ee539]
[broadwell-001:1325368] [12] /lib/x86_64-linux-gnu/libc.so.6(__libc_start_main+0xf3)[0x7f121a088083]
[broadwell-001:1325368] [13] /beegfs/home/echiavazza/unito-scpd/adaboost_mpi_v2/bin/./adaboost_mpi_v2(+0x87be)[0x55a05d7ed7be]
[broadwell-001:1325368] *** End of error message ***
terminate called after throwing an instance of 'std::invalid_argument'
  what():  requested type of dimension 54, but dataset only has 54 dimensions
[broadwell-001:1325360] *** Process received signal ***
[broadwell-001:1325360] Signal: Aborted (6)
[broadwell-001:1325360] Signal code:  (-6)
terminate called after throwing an instance of 'std::invalid_argument'
[broadwell-001:1325360] [ 0] /lib/x86_64-linux-gnu/libc.so.6(+0x43090)[0x7f2b32b6b090]
[broadwell-001:1325360] [ 1] /lib/x86_64-linux-gnu/libc.so.6(gsignal+0xcb)[0x7f2b32b6b00b]
  what():  requested type of dimension 54, but dataset only has 54 dimensions
[broadwell-001:1325363] *** Process received signal ***
terminate called after throwing an instance of 'std::invalid_argument'
  what():  requested type of dimension 54, but dataset only has 54 dimensions
[broadwell-001:1325365] *** Process received signal ***
terminate called after throwing an instance of 'std::invalid_argument'
  what():  requested type of dimension 54, but dataset only has 54 dimensions
[broadwell-001:1325337] *** Process received signal ***
[broadwell-001:1325337] Signal: Aborted (6)
[broadwell-001:1325337] Signal code:  (-6)
[broadwell-001:1325360] [ 2] /lib/x86_64-linux-gnu/libc.so.6(abort+0x12b)[0x7f2b32b4a859]
[broadwell-001:1325360] [ 3] /lib/x86_64-linux-gnu/libstdc++.so.6(+0x9e911)[0x7f2b32f22911]
[broadwell-001:1325363] Signal: Aborted (6)
[broadwell-001:1325363] Signal code:  (-6)
[broadwell-001:1325365] Signal: Aborted (6)
[broadwell-001:1325365] Signal code:  (-6)
[broadwell-001:1325337] [ 0] /lib/x86_64-linux-gnu/libc.so.6(+0x43090)[0x7ff213760090]
[broadwell-001:1325337] [ 1] /lib/x86_64-linux-gnu/libc.so.6(gsignal+0xcb)[0x7ff21376000b]
[broadwell-001:1325360] [ 4] /lib/x86_64-linux-gnu/libstdc++.so.6(+0xaa38c)[0x7f2b32f2e38c]
[broadwell-001:1325360] [ 5] /lib/x86_64-linux-gnu/libstdc++.so.6(+0xaa3f7)[0x7f2b32f2e3f7]
[broadwell-001:1325363] [ 0] /lib/x86_64-linux-gnu/libc.so.6(+0x43090)[0x7f89a7d9e090]
[broadwell-001:1325363] [ 1] /lib/x86_64-linux-gnu/libc.so.6(gsignal+0xcb)[0x7f89a7d9e00b]
[broadwell-001:1325363] [ 2] /lib/x86_64-linux-gnu/libc.so.6(abort+0x12b)[0x7f89a7d7d859]
[broadwell-001:1325365] [ 0] /lib/x86_64-linux-gnu/libc.so.6(+0x43090)[0x7f3b54887090]
[broadwell-001:1325365] [ 1] /lib/x86_64-linux-gnu/libc.so.6(gsignal+0xcb)[0x7f3b5488700b]
[broadwell-001:1325365] [ 2] /lib/x86_64-linux-gnu/libc.so.6(abort+0x12b)[0x7f3b54866859]
[broadwell-001:1325337] [ 2] /lib/x86_64-linux-gnu/libc.so.6(abort+0x12b)[0x7ff21373f859]
[broadwell-001:1325337] [ 3] /lib/x86_64-linux-gnu/libstdc++.so.6(+0x9e911)[0x7ff213b17911]
[broadwell-001:1325360] [ 6] /lib/x86_64-linux-gnu/libstdc++.so.6(+0xaa6a9)[0x7f2b32f2e6a9]
[broadwell-001:1325360] [ 7] /beegfs/home/echiavazza/unito-scpd/adaboost_mpi_v2/bin/./adaboost_mpi_v2(+0x1d0b6)[0x5565c0ad80b6]
[broadwell-001:1325360] [ 8] /beegfs/home/echiavazza/unito-scpd/adaboost_mpi_v2/bin/./adaboost_mpi_v2(+0x161db)[0x5565c0ad11db]
[broadwell-001:1325360] [ 9] /beegfs/home/echiavazza/unito-scpd/adaboost_mpi_v2/bin/./adaboost_mpi_v2(+0x16fcd)[0x5565c0ad1fcd]
[broadwell-001:1325360] [10] /beegfs/home/echiavazza/unito-scpd/adaboost_mpi_v2/bin/./adaboost_mpi_v2(+0xfc4e)[0x5565c0acac4e]
[broadwell-001:1325360] [11] /beegfs/home/echiavazza/unito-scpd/adaboost_mpi_v2/bin/./adaboost_mpi_v2(+0x9539)[0x5565c0ac4539]
[broadwell-001:1325360] [12] /lib/x86_64-linux-gnu/libc.so.6(__libc_start_main+0xf3)[0x7f2b32b4c083]
[broadwell-001:1325360] [13] /beegfs/home/echiavazza/unito-scpd/adaboost_mpi_v2/bin/./adaboost_mpi_v2(+0x87be)[0x5565c0ac37be]
[broadwell-001:1325360] *** End of error message ***
[broadwell-001:1325363] [ 3] /lib/x86_64-linux-gnu/libstdc++.so.6(+0x9e911)[0x7f89a8155911]
[broadwell-001:1325363] [ 4] /lib/x86_64-linux-gnu/libstdc++.so.6(+0xaa38c)[0x7f89a816138c]
[broadwell-001:1325365] [ 3] /lib/x86_64-linux-gnu/libstdc++.so.6(+0x9e911)[0x7f3b54c3e911]
[broadwell-001:1325365] [ 4] /lib/x86_64-linux-gnu/libstdc++.so.6(+0xaa38c)[0x7f3b54c4a38c]
[broadwell-001:1325365] [ 5] /lib/x86_64-linux-gnu/libstdc++.so.6(+0xaa3f7)[0x7f3b54c4a3f7]
[broadwell-001:1325337] [ 4] /lib/x86_64-linux-gnu/libstdc++.so.6(+0xaa38c)[0x7ff213b2338c]
[broadwell-001:1325337] [ 5] /lib/x86_64-linux-gnu/libstdc++.so.6(+0xaa3f7)[0x7ff213b233f7]
[broadwell-001:1325337] [ 6] /lib/x86_64-linux-gnu/libstdc++.so.6(+0xaa6a9)[0x7ff213b236a9]
terminate called after throwing an instance of 'std::invalid_argument'
  what():  requested type of dimension 54, but dataset only has 54 dimensions
[broadwell-001:1325341] *** Process received signal ***
[broadwell-001:1325341] Signal: Aborted (6)
[broadwell-001:1325341] Signal code:  (-6)
[broadwell-001:1325341] [ 0] /lib/x86_64-linux-gnu/libc.so.6(+0x43090)[0x7f98afe14090]
[broadwell-001:1325363] [ 5] /lib/x86_64-linux-gnu/libstdc++.so.6(+0xaa3f7)[0x7f89a81613f7]
[broadwell-001:1325363] [ 6] /lib/x86_64-linux-gnu/libstdc++.so.6(+0xaa6a9)[0x7f89a81616a9]
[broadwell-001:1325363] [ 7] /beegfs/home/echiavazza/unito-scpd/adaboost_mpi_v2/bin/./adaboost_mpi_v2(+0x1d0b6)[0x55add781e0b6]
[broadwell-001:1325363] [ 8] /beegfs/home/echiavazza/unito-scpd/adaboost_mpi_v2/bin/./adaboost_mpi_v2(+0x161db)[0x55add78171db]
[broadwell-001:1325363] [ 9] /beegfs/home/echiavazza/unito-scpd/adaboost_mpi_v2/bin/./adaboost_mpi_v2(+0x16fcd)[0x55add7817fcd]
[broadwell-001:1325363] [10] /beegfs/home/echiavazza/unito-scpd/adaboost_mpi_v2/bin/./adaboost_mpi_v2(+0xfc4e)[0x55add7810c4e]
[broadwell-001:1325363] [11] /beegfs/home/echiavazza/unito-scpd/adaboost_mpi_v2/bin/./adaboost_mpi_v2(+0x9539)[0x55add780a539]
[broadwell-001:1325363] [12] /lib/x86_64-linux-gnu/libc.so.6(__libc_start_main+0xf3)[0x7f89a7d7f083]
[broadwell-001:1325363] [13] /beegfs/home/echiavazza/unito-scpd/adaboost_mpi_v2/bin/./adaboost_mpi_v2(+0x87be)[0x55add78097be]
[broadwell-001:1325363] *** End of error message ***
[broadwell-001:1325337] [ 7] /beegfs/home/echiavazza/unito-scpd/adaboost_mpi_v2/bin/./adaboost_mpi_v2(+0x1d0b6)[0x5637544050b6]
[broadwell-001:1325337] [ 8] /beegfs/home/echiavazza/unito-scpd/adaboost_mpi_v2/bin/./adaboost_mpi_v2(+0x161db)[0x5637543fe1db]
[broadwell-001:1325337] [ 9] /beegfs/home/echiavazza/unito-scpd/adaboost_mpi_v2/bin/./adaboost_mpi_v2(+0x16fcd)[0x5637543fefcd]
[broadwell-001:1325337] [10] /beegfs/home/echiavazza/unito-scpd/adaboost_mpi_v2/bin/./adaboost_mpi_v2(+0xfc4e)[0x5637543f7c4e]
[broadwell-001:1325337] [11] /beegfs/home/echiavazza/unito-scpd/adaboost_mpi_v2/bin/./adaboost_mpi_v2(+0x9539)[0x5637543f1539]
[broadwell-001:1325337] [12] /lib/x86_64-linux-gnu/libc.so.6(__libc_start_main+0xf3)[0x7ff213741083]
[broadwell-001:1325337] [13] /beegfs/home/echiavazza/unito-scpd/adaboost_mpi_v2/bin/./adaboost_mpi_v2(+0x87be)[0x5637543f07be]
[broadwell-001:1325337] *** End of error message ***
[broadwell-001:1325341] [ 1] /lib/x86_64-linux-gnu/libc.so.6(gsignal+0xcb)[0x7f98afe1400b]
[broadwell-001:1325341] [ 2] /lib/x86_64-linux-gnu/libc.so.6(abort+0x12b)[0x7f98afdf3859]
[broadwell-001:1325341] [ 3] /lib/x86_64-linux-gnu/libstdc++.so.6(+0x9e911)[0x7f98b01cb911]
[broadwell-001:1325365] [ 6] /lib/x86_64-linux-gnu/libstdc++.so.6(+0xaa6a9)[0x7f3b54c4a6a9]
[broadwell-001:1325365] [ 7] /beegfs/home/echiavazza/unito-scpd/adaboost_mpi_v2/bin/./adaboost_mpi_v2(+0x1d0b6)[0x55b9b16c50b6]
[broadwell-001:1325365] [ 8] /beegfs/home/echiavazza/unito-scpd/adaboost_mpi_v2/bin/./adaboost_mpi_v2(+0x161db)[0x55b9b16be1db]
[broadwell-001:1325365] [ 9] /beegfs/home/echiavazza/unito-scpd/adaboost_mpi_v2/bin/./adaboost_mpi_v2(+0x16fcd)[0x55b9b16befcd]
[broadwell-001:1325365] [10] /beegfs/home/echiavazza/unito-scpd/adaboost_mpi_v2/bin/./adaboost_mpi_v2(+0xfc4e)[0x55b9b16b7c4e]
[broadwell-001:1325365] [11] /beegfs/home/echiavazza/unito-scpd/adaboost_mpi_v2/bin/./adaboost_mpi_v2(+0x9539)[0x55b9b16b1539]
[broadwell-001:1325365] [12] /lib/x86_64-linux-gnu/libc.so.6(__libc_start_main+0xf3)[0x7f3b54868083]
[broadwell-001:1325365] [13] /beegfs/home/echiavazza/unito-scpd/adaboost_mpi_v2/bin/./adaboost_mpi_v2(+0x87be)[0x55b9b16b07be]
[broadwell-001:1325365] *** End of error message ***
[broadwell-001:1325341] [ 4] /lib/x86_64-linux-gnu/libstdc++.so.6(+0xaa38c)[0x7f98b01d738c]
[broadwell-001:1325341] [ 5] /lib/x86_64-linux-gnu/libstdc++.so.6(+0xaa3f7)[0x7f98b01d73f7]
[broadwell-001:1325341] [ 6] /lib/x86_64-linux-gnu/libstdc++.so.6(+0xaa6a9)[0x7f98b01d76a9]
[broadwell-001:1325341] [ 7] /beegfs/home/echiavazza/unito-scpd/adaboost_mpi_v2/bin/./adaboost_mpi_v2(+0x1d0b6)[0x55d0060080b6]
[broadwell-001:1325341] [ 8] /beegfs/home/echiavazza/unito-scpd/adaboost_mpi_v2/bin/./adaboost_mpi_v2(+0x161db)[0x55d0060011db]
[broadwell-001:1325341] [ 9] /beegfs/home/echiavazza/unito-scpd/adaboost_mpi_v2/bin/./adaboost_mpi_v2(+0x16fcd)[0x55d006001fcd]
[broadwell-001:1325341] [10] /beegfs/home/echiavazza/unito-scpd/adaboost_mpi_v2/bin/./adaboost_mpi_v2(+0xfc4e)[0x55d005ffac4e]
[broadwell-001:1325341] [11] /beegfs/home/echiavazza/unito-scpd/adaboost_mpi_v2/bin/./adaboost_mpi_v2(+0x9539)[0x55d005ff4539]
terminate called after throwing an instance of 'std::invalid_argument'
  what():  requested type of dimension 54, but dataset only has 54 dimensions
[broadwell-001:1325345] *** Process received signal ***
[broadwell-001:1325345] Signal: Aborted (6)
[broadwell-001:1325345] Signal code:  (-6)
[broadwell-001:1325341] [12] /lib/x86_64-linux-gnu/libc.so.6(__libc_start_main+0xf3)[0x7f98afdf5083]
[broadwell-001:1325341] [13] /beegfs/home/echiavazza/unito-scpd/adaboost_mpi_v2/bin/./adaboost_mpi_v2(+0x87be)[0x55d005ff37be]
[broadwell-001:1325341] *** End of error message ***
[broadwell-001:1325345] [ 0] /lib/x86_64-linux-gnu/libc.so.6(+0x43090)[0x7f15312f6090]
[broadwell-001:1325345] [ 1] /lib/x86_64-linux-gnu/libc.so.6(gsignal+0xcb)[0x7f15312f600b]
[broadwell-001:1325345] [ 2] /lib/x86_64-linux-gnu/libc.so.6(abort+0x12b)[0x7f15312d5859]
[broadwell-001:1325345] [ 3] /lib/x86_64-linux-gnu/libstdc++.so.6(+0x9e911)[0x7f15316ad911]
terminate called after throwing an instance of 'std::invalid_argument'
  what():  requested type of dimension 54, but dataset only has 54 dimensions
[broadwell-001:1325345] [ 4] /lib/x86_64-linux-gnu/libstdc++.so.6(+0xaa38c)[0x7f15316b938c]
[broadwell-001:1325347] *** Process received signal ***
[broadwell-001:1325347] Signal: Aborted (6)
[broadwell-001:1325347] Signal code:  (-6)
terminate called after throwing an instance of 'std::invalid_argument'
  what():  requested type of dimension 54, but dataset only has 54 dimensions
[broadwell-001:1325345] [ 5] /lib/x86_64-linux-gnu/libstdc++.so.6(+0xaa3f7)[0x7f15316b93f7]
[broadwell-001:1325345] [ 6] /lib/x86_64-linux-gnu/libstdc++.so.6(+0xaa6a9)[0x7f15316b96a9]
[broadwell-001:1325345] [ 7] /beegfs/home/echiavazza/unito-scpd/adaboost_mpi_v2/bin/./adaboost_mpi_v2(+0x1d0b6)[0x555ffdb770b6]
[broadwell-001:1325345] [ 8] /beegfs/home/echiavazza/unito-scpd/adaboost_mpi_v2/bin/./adaboost_mpi_v2(+0x161db)[0x555ffdb701db]
[broadwell-001:1325345] [ 9] /beegfs/home/echiavazza/unito-scpd/adaboost_mpi_v2/bin/./adaboost_mpi_v2(+0x16fcd)[0x555ffdb70fcd]
[broadwell-001:1325347] [ 0] /lib/x86_64-linux-gnu/libc.so.6(+0x43090)[0x7f4ddc6fa090]
[broadwell-001:1325347] [ 1] /lib/x86_64-linux-gnu/libc.so.6(gsignal+0xcb)[0x7f4ddc6fa00b]
[broadwell-001:1325355] *** Process received signal ***
[broadwell-001:1325355] Signal: Aborted (6)
[broadwell-001:1325355] Signal code:  (-6)
[broadwell-001:1325345] [10] /beegfs/home/echiavazza/unito-scpd/adaboost_mpi_v2/bin/./adaboost_mpi_v2(+0xfc4e)[0x555ffdb69c4e]
[broadwell-001:1325345] [11] /beegfs/home/echiavazza/unito-scpd/adaboost_mpi_v2/bin/./adaboost_mpi_v2(+0x9539)[0x555ffdb63539]
[broadwell-001:1325345] [12] /lib/x86_64-linux-gnu/libc.so.6(__libc_start_main+0xf3)[0x7f15312d7083]
[broadwell-001:1325345] [13] /beegfs/home/echiavazza/unito-scpd/adaboost_mpi_v2/bin/./adaboost_mpi_v2(+0x87be)[0x555ffdb627be]
[broadwell-001:1325345] *** End of error message ***
[broadwell-001:1325347] [ 2] /lib/x86_64-linux-gnu/libc.so.6(abort+0x12b)[0x7f4ddc6d9859]
[broadwell-001:1325347] [ 3] /lib/x86_64-linux-gnu/libstdc++.so.6(+0x9e911)[0x7f4ddcab1911]
[broadwell-001:1325355] [ 0] /lib/x86_64-linux-gnu/libc.so.6(+0x43090)[0x7f7dd08d6090]
[broadwell-001:1325355] [ 1] /lib/x86_64-linux-gnu/libc.so.6(gsignal+0xcb)[0x7f7dd08d600b]
[broadwell-001:1325355] [ 2] /lib/x86_64-linux-gnu/libc.so.6(abort+0x12b)[0x7f7dd08b5859]
[broadwell-001:1325347] [ 4] /lib/x86_64-linux-gnu/libstdc++.so.6(+0xaa38c)[0x7f4ddcabd38c]
[broadwell-001:1325347] [ 5] /lib/x86_64-linux-gnu/libstdc++.so.6(+0xaa3f7)[0x7f4ddcabd3f7]
[broadwell-001:1325355] [ 3] /lib/x86_64-linux-gnu/libstdc++.so.6(+0x9e911)[0x7f7dd0c8d911]
[broadwell-001:1325355] [ 4] /lib/x86_64-linux-gnu/libstdc++.so.6(+0xaa38c)[0x7f7dd0c9938c]
[broadwell-001:1325347] [ 6] /lib/x86_64-linux-gnu/libstdc++.so.6(+0xaa6a9)[0x7f4ddcabd6a9]
[broadwell-001:1325347] [ 7] /beegfs/home/echiavazza/unito-scpd/adaboost_mpi_v2/bin/./adaboost_mpi_v2(+0x1d0b6)[0x556a0ff5f0b6]
[broadwell-001:1325347] [ 8] /beegfs/home/echiavazza/unito-scpd/adaboost_mpi_v2/bin/./adaboost_mpi_v2(+0x161db)[0x556a0ff581db]
[broadwell-001:1325347] [ 9] /beegfs/home/echiavazza/unito-scpd/adaboost_mpi_v2/bin/./adaboost_mpi_v2(+0x16fcd)[0x556a0ff58fcd]
[broadwell-001:1325347] [10] /beegfs/home/echiavazza/unito-scpd/adaboost_mpi_v2/bin/./adaboost_mpi_v2(+0xfc4e)[0x556a0ff51c4e]
[broadwell-001:1325347] [11] /beegfs/home/echiavazza/unito-scpd/adaboost_mpi_v2/bin/./adaboost_mpi_v2(+0x9539)[0x556a0ff4b539]
[broadwell-001:1325355] [ 5] /lib/x86_64-linux-gnu/libstdc++.so.6(+0xaa3f7)[0x7f7dd0c993f7]
[broadwell-001:1325347] [12] /lib/x86_64-linux-gnu/libc.so.6(__libc_start_main+0xf3)[0x7f4ddc6db083]
[broadwell-001:1325347] [13] /beegfs/home/echiavazza/unito-scpd/adaboost_mpi_v2/bin/./adaboost_mpi_v2(+0x87be)[0x556a0ff4a7be]
[broadwell-001:1325347] *** End of error message ***
[broadwell-001:1325355] [ 6] /lib/x86_64-linux-gnu/libstdc++.so.6(+0xaa6a9)[0x7f7dd0c996a9]
[broadwell-001:1325355] [ 7] /beegfs/home/echiavazza/unito-scpd/adaboost_mpi_v2/bin/./adaboost_mpi_v2(+0x1d0b6)[0x55d00f2540b6]
[broadwell-001:1325355] [ 8] /beegfs/home/echiavazza/unito-scpd/adaboost_mpi_v2/bin/./adaboost_mpi_v2(+0x161db)[0x55d00f24d1db]
[broadwell-001:1325355] [ 9] /beegfs/home/echiavazza/unito-scpd/adaboost_mpi_v2/bin/./adaboost_mpi_v2(+0x16fcd)[0x55d00f24dfcd]
[broadwell-001:1325355] [10] /beegfs/home/echiavazza/unito-scpd/adaboost_mpi_v2/bin/./adaboost_mpi_v2(+0xfc4e)[0x55d00f246c4e]
[broadwell-001:1325355] [11] /beegfs/home/echiavazza/unito-scpd/adaboost_mpi_v2/bin/./adaboost_mpi_v2(+0x9539)[0x55d00f240539]
[broadwell-001:1325355] [12] /lib/x86_64-linux-gnu/libc.so.6(__libc_start_main+0xf3)[0x7f7dd08b7083]
[broadwell-001:1325355] [13] /beegfs/home/echiavazza/unito-scpd/adaboost_mpi_v2/bin/./adaboost_mpi_v2(+0x87be)[0x55d00f23f7be]
[broadwell-001:1325355] *** End of error message ***
terminate called after throwing an instance of 'std::invalid_argument'
  what():  requested type of dimension 54, but dataset only has 54 dimensions
[broadwell-001:1325353] *** Process received signal ***
[broadwell-001:1325353] Signal: Aborted (6)
[broadwell-001:1325353] Signal code:  (-6)
[broadwell-001:1325353] [ 0] /lib/x86_64-linux-gnu/libc.so.6(+0x43090)[0x7f6679de6090]
[broadwell-001:1325353] [ 1] /lib/x86_64-linux-gnu/libc.so.6(gsignal+0xcb)[0x7f6679de600b]
[broadwell-001:1325353] [ 2] /lib/x86_64-linux-gnu/libc.so.6(abort+0x12b)[0x7f6679dc5859]
[broadwell-001:1325353] [ 3] /lib/x86_64-linux-gnu/libstdc++.so.6(+0x9e911)[0x7f667a19d911]
[broadwell-001:1325353] [ 4] /lib/x86_64-linux-gnu/libstdc++.so.6(+0xaa38c)[0x7f667a1a938c]
[broadwell-001:1325353] [ 5] /lib/x86_64-linux-gnu/libstdc++.so.6(+0xaa3f7)[0x7f667a1a93f7]
[broadwell-001:1325353] [ 6] /lib/x86_64-linux-gnu/libstdc++.so.6(+0xaa6a9)[0x7f667a1a96a9]
[broadwell-001:1325353] [ 7] /beegfs/home/echiavazza/unito-scpd/adaboost_mpi_v2/bin/./adaboost_mpi_v2(+0x1d0b6)[0x5616064bf0b6]
[broadwell-001:1325353] [ 8] /beegfs/home/echiavazza/unito-scpd/adaboost_mpi_v2/bin/./adaboost_mpi_v2(+0x161db)[0x5616064b81db]
[broadwell-001:1325353] [ 9] /beegfs/home/echiavazza/unito-scpd/adaboost_mpi_v2/bin/./adaboost_mpi_v2(+0x16fcd)[0x5616064b8fcd]
[broadwell-001:1325353] [10] /beegfs/home/echiavazza/unito-scpd/adaboost_mpi_v2/bin/./adaboost_mpi_v2(+0xfc4e)[0x5616064b1c4e]
[broadwell-001:1325353] [11] /beegfs/home/echiavazza/unito-scpd/adaboost_mpi_v2/bin/./adaboost_mpi_v2(+0x9539)[0x5616064ab539]
[broadwell-001:1325353] [12] /lib/x86_64-linux-gnu/libc.so.6(__libc_start_main+0xf3)[0x7f6679dc7083]
[broadwell-001:1325353] [13] /beegfs/home/echiavazza/unito-scpd/adaboost_mpi_v2/bin/./adaboost_mpi_v2(+0x87be)[0x5616064aa7be]
[broadwell-001:1325353] *** End of error message ***
terminate called after throwing an instance of 'std::invalid_argument'
  what():  requested type of dimension 54, but dataset only has 54 dimensions
[broadwell-001:1325361] *** Process received signal ***
[broadwell-001:1325361] Signal: Aborted (6)
[broadwell-001:1325361] Signal code:  (-6)
[broadwell-001:1325361] [ 0] /lib/x86_64-linux-gnu/libc.so.6(+0x43090)[0x7f63d0522090]
[broadwell-001:1325361] [ 1] /lib/x86_64-linux-gnu/libc.so.6(gsignal+0xcb)[0x7f63d052200b]
[broadwell-001:1325361] [ 2] /lib/x86_64-linux-gnu/libc.so.6(abort+0x12b)[0x7f63d0501859]
[broadwell-001:1325361] [ 3] /lib/x86_64-linux-gnu/libstdc++.so.6(+0x9e911)[0x7f63d08d9911]
[broadwell-001:1325361] [ 4] /lib/x86_64-linux-gnu/libstdc++.so.6(+0xaa38c)[0x7f63d08e538c]
[broadwell-001:1325361] [ 5] /lib/x86_64-linux-gnu/libstdc++.so.6(+0xaa3f7)[0x7f63d08e53f7]
[broadwell-001:1325361] [ 6] /lib/x86_64-linux-gnu/libstdc++.so.6(+0xaa6a9)[0x7f63d08e56a9]
[broadwell-001:1325361] [ 7] /beegfs/home/echiavazza/unito-scpd/adaboost_mpi_v2/bin/./adaboost_mpi_v2(+0x1d0b6)[0x5618a24540b6]
[broadwell-001:1325361] [ 8] /beegfs/home/echiavazza/unito-scpd/adaboost_mpi_v2/bin/./adaboost_mpi_v2(+0x161db)[0x5618a244d1db]
[broadwell-001:1325361] [ 9] /beegfs/home/echiavazza/unito-scpd/adaboost_mpi_v2/bin/./adaboost_mpi_v2(+0x16fcd)[0x5618a244dfcd]
[broadwell-001:1325361] [10] /beegfs/home/echiavazza/unito-scpd/adaboost_mpi_v2/bin/./adaboost_mpi_v2(+0xfc4e)[0x5618a2446c4e]
[broadwell-001:1325361] [11] /beegfs/home/echiavazza/unito-scpd/adaboost_mpi_v2/bin/./adaboost_mpi_v2(+0x9539)[0x5618a2440539]
[broadwell-001:1325361] [12] /lib/x86_64-linux-gnu/libc.so.6(__libc_start_main+0xf3)[0x7f63d0503083]
[broadwell-001:1325361] [13] /beegfs/home/echiavazza/unito-scpd/adaboost_mpi_v2/bin/./adaboost_mpi_v2(+0x87be)[0x5618a243f7be]
[broadwell-001:1325361] *** End of error message ***
terminate called after throwing an instance of 'std::invalid_argument'
  what():  requested type of dimension 54, but dataset only has 54 dimensions
[broadwell-001:1325351] *** Process received signal ***
[broadwell-001:1325351] Signal: Aborted (6)
[broadwell-001:1325351] Signal code:  (-6)
[broadwell-001:1325351] [ 0] /lib/x86_64-linux-gnu/libc.so.6(+0x43090)[0x7fd293f84090]
[broadwell-001:1325351] [ 1] /lib/x86_64-linux-gnu/libc.so.6(gsignal+0xcb)[0x7fd293f8400b]
[broadwell-001:1325351] [ 2] /lib/x86_64-linux-gnu/libc.so.6(abort+0x12b)[0x7fd293f63859]
terminate called after throwing an instance of 'std::invalid_argument'
  what():  requested type of dimension 54, but dataset only has 54 dimensions
[broadwell-001:1325351] [ 3] /lib/x86_64-linux-gnu/libstdc++.so.6(+0x9e911)[0x7fd29433b911]
[broadwell-001:1325339] *** Process received signal ***
[broadwell-001:1325339] Signal: Aborted (6)
[broadwell-001:1325339] Signal code:  (-6)
[broadwell-001:1325351] [ 4] /lib/x86_64-linux-gnu/libstdc++.so.6(+0xaa38c)[0x7fd29434738c]
[broadwell-001:1325351] [ 5] /lib/x86_64-linux-gnu/libstdc++.so.6(+0xaa3f7)[0x7fd2943473f7]
[broadwell-001:1325339] [ 0] /lib/x86_64-linux-gnu/libc.so.6(+0x43090)[0x7f08c0ff0090]
[broadwell-001:1325339] [ 1] /lib/x86_64-linux-gnu/libc.so.6(gsignal+0xcb)[0x7f08c0ff000b]
[broadwell-001:1325339] [ 2] /lib/x86_64-linux-gnu/libc.so.6(abort+0x12b)[0x7f08c0fcf859]
[broadwell-001:1325351] [ 6] /lib/x86_64-linux-gnu/libstdc++.so.6(+0xaa6a9)[0x7fd2943476a9]
[broadwell-001:1325351] [ 7] /beegfs/home/echiavazza/unito-scpd/adaboost_mpi_v2/bin/./adaboost_mpi_v2(+0x1d0b6)[0x55f56a9590b6]
[broadwell-001:1325351] [ 8] /beegfs/home/echiavazza/unito-scpd/adaboost_mpi_v2/bin/./adaboost_mpi_v2(+0x161db)[0x55f56a9521db]
[broadwell-001:1325351] [ 9] /beegfs/home/echiavazza/unito-scpd/adaboost_mpi_v2/bin/./adaboost_mpi_v2(+0x16fcd)[0x55f56a952fcd]
[broadwell-001:1325351] [10] /beegfs/home/echiavazza/unito-scpd/adaboost_mpi_v2/bin/./adaboost_mpi_v2(+0xfc4e)[0x55f56a94bc4e]
[broadwell-001:1325351] [11] /beegfs/home/echiavazza/unito-scpd/adaboost_mpi_v2/bin/./adaboost_mpi_v2(+0x9539)[0x55f56a945539]
[broadwell-001:1325339] [ 3] /lib/x86_64-linux-gnu/libstdc++.so.6(+0x9e911)[0x7f08c13a7911]
[broadwell-001:1325351] [12] /lib/x86_64-linux-gnu/libc.so.6(__libc_start_main+0xf3)[0x7fd293f65083]
[broadwell-001:1325351] [13] /beegfs/home/echiavazza/unito-scpd/adaboost_mpi_v2/bin/./adaboost_mpi_v2(+0x87be)[0x55f56a9447be]
[broadwell-001:1325351] *** End of error message ***
[broadwell-001:1325339] [ 4] /lib/x86_64-linux-gnu/libstdc++.so.6(+0xaa38c)[0x7f08c13b338c]
[broadwell-001:1325339] [ 5] /lib/x86_64-linux-gnu/libstdc++.so.6(+0xaa3f7)[0x7f08c13b33f7]
[broadwell-001:1325339] [ 6] /lib/x86_64-linux-gnu/libstdc++.so.6(+0xaa6a9)[0x7f08c13b36a9]
[broadwell-001:1325339] [ 7] /beegfs/home/echiavazza/unito-scpd/adaboost_mpi_v2/bin/./adaboost_mpi_v2(+0x1d0b6)[0x55f6831600b6]
[broadwell-001:1325339] [ 8] /beegfs/home/echiavazza/unito-scpd/adaboost_mpi_v2/bin/./adaboost_mpi_v2(+0x161db)[0x55f6831591db]
[broadwell-001:1325339] [ 9] /beegfs/home/echiavazza/unito-scpd/adaboost_mpi_v2/bin/./adaboost_mpi_v2(+0x16fcd)[0x55f683159fcd]
[broadwell-001:1325339] [10] /beegfs/home/echiavazza/unito-scpd/adaboost_mpi_v2/bin/./adaboost_mpi_v2(+0xfc4e)[0x55f683152c4e]
[broadwell-001:1325339] [11] /beegfs/home/echiavazza/unito-scpd/adaboost_mpi_v2/bin/./adaboost_mpi_v2(+0x9539)[0x55f68314c539]
[broadwell-001:1325339] [12] /lib/x86_64-linux-gnu/libc.so.6(__libc_start_main+0xf3)[0x7f08c0fd1083]
[broadwell-001:1325339] [13] /beegfs/home/echiavazza/unito-scpd/adaboost_mpi_v2/bin/./adaboost_mpi_v2(+0x87be)[0x55f68314b7be]
[broadwell-001:1325339] *** End of error message ***
terminate called after throwing an instance of 'std::invalid_argument'
  what():  requested type of dimension 54, but dataset only has 54 dimensions
[broadwell-001:1325349] *** Process received signal ***
[broadwell-001:1325349] Signal: Aborted (6)
[broadwell-001:1325349] Signal code:  (-6)
[broadwell-001:1325349] [ 0] /lib/x86_64-linux-gnu/libc.so.6(+0x43090)[0x7f4e9ca95090]
[broadwell-001:1325349] [ 1] /lib/x86_64-linux-gnu/libc.so.6(gsignal+0xcb)[0x7f4e9ca9500b]
[broadwell-001:1325349] [ 2] /lib/x86_64-linux-gnu/libc.so.6(abort+0x12b)[0x7f4e9ca74859]
[broadwell-001:1325349] [ 3] /lib/x86_64-linux-gnu/libstdc++.so.6(+0x9e911)[0x7f4e9ce4c911]
[broadwell-001:1325349] [ 4] /lib/x86_64-linux-gnu/libstdc++.so.6(+0xaa38c)[0x7f4e9ce5838c]
[broadwell-001:1325349] [ 5] /lib/x86_64-linux-gnu/libstdc++.so.6(+0xaa3f7)[0x7f4e9ce583f7]
[broadwell-001:1325349] [ 6] /lib/x86_64-linux-gnu/libstdc++.so.6(+0xaa6a9)[0x7f4e9ce586a9]
[broadwell-001:1325349] [ 7] /beegfs/home/echiavazza/unito-scpd/adaboost_mpi_v2/bin/./adaboost_mpi_v2(+0x1d0b6)[0x55fa69f0f0b6]
[broadwell-001:1325349] [ 8] /beegfs/home/echiavazza/unito-scpd/adaboost_mpi_v2/bin/./adaboost_mpi_v2(+0x161db)[0x55fa69f081db]
[broadwell-001:1325349] [ 9] /beegfs/home/echiavazza/unito-scpd/adaboost_mpi_v2/bin/./adaboost_mpi_v2(+0x16fcd)[0x55fa69f08fcd]
[broadwell-001:1325349] [10] /beegfs/home/echiavazza/unito-scpd/adaboost_mpi_v2/bin/./adaboost_mpi_v2(+0xfc4e)[0x55fa69f01c4e]
[broadwell-001:1325349] [11] /beegfs/home/echiavazza/unito-scpd/adaboost_mpi_v2/bin/./adaboost_mpi_v2(+0x9539)[0x55fa69efb539]
[broadwell-001:1325349] [12] /lib/x86_64-linux-gnu/libc.so.6(__libc_start_main+0xf3)[0x7f4e9ca76083]
[broadwell-001:1325349] [13] /beegfs/home/echiavazza/unito-scpd/adaboost_mpi_v2/bin/./adaboost_mpi_v2(+0x87be)[0x55fa69efa7be]
[broadwell-001:1325349] *** End of error message ***
terminate called after throwing an instance of 'std::invalid_argument'
  what():  requested type of dimension 54, but dataset only has 54 dimensions
[broadwell-001:1325335] *** Process received signal ***
[broadwell-001:1325335] Signal: Aborted (6)
[broadwell-001:1325335] Signal code:  (-6)
terminate called after throwing an instance of 'std::invalid_argument'
  what():  requested type of dimension 54, but dataset only has 54 dimensions
[broadwell-001:1325335] [ 0] /lib/x86_64-linux-gnu/libc.so.6(+0x43090)[0x7fe43d916090]
[broadwell-001:1325335] [ 1] /lib/x86_64-linux-gnu/libc.so.6(gsignal+0xcb)[0x7fe43d91600b]
[broadwell-001:1325343] *** Process received signal ***
[broadwell-001:1325343] Signal: Aborted (6)
[broadwell-001:1325343] Signal code:  (-6)
[broadwell-001:1325335] [ 2] /lib/x86_64-linux-gnu/libc.so.6(abort+0x12b)[0x7fe43d8f5859]
[broadwell-001:1325335] [ 3] /lib/x86_64-linux-gnu/libstdc++.so.6(+0x9e911)[0x7fe43dccd911]
[broadwell-001:1325343] [ 0] /lib/x86_64-linux-gnu/libc.so.6(+0x43090)[0x7f372db6e090]
[broadwell-001:1325335] [ 4] /lib/x86_64-linux-gnu/libstdc++.so.6(+0xaa38c)[0x7fe43dcd938c]
[broadwell-001:1325343] [ 1] /lib/x86_64-linux-gnu/libc.so.6(gsignal+0xcb)[0x7f372db6e00b]
[broadwell-001:1325343] [ 2] /lib/x86_64-linux-gnu/libc.so.6(abort+0x12b)[0x7f372db4d859]
[broadwell-001:1325335] [ 5] /lib/x86_64-linux-gnu/libstdc++.so.6(+0xaa3f7)[0x7fe43dcd93f7]
[broadwell-001:1325343] [ 3] /lib/x86_64-linux-gnu/libstdc++.so.6(+0x9e911)[0x7f372df25911]
[broadwell-001:1325335] [ 6] /lib/x86_64-linux-gnu/libstdc++.so.6(+0xaa6a9)[0x7fe43dcd96a9]
[broadwell-001:1325335] [ 7] /beegfs/home/echiavazza/unito-scpd/adaboost_mpi_v2/bin/./adaboost_mpi_v2(+0x1d0b6)[0x55b20a5bd0b6]
[broadwell-001:1325335] [ 8] /beegfs/home/echiavazza/unito-scpd/adaboost_mpi_v2/bin/./adaboost_mpi_v2(+0x161db)[0x55b20a5b61db]
[broadwell-001:1325335] [ 9] /beegfs/home/echiavazza/unito-scpd/adaboost_mpi_v2/bin/./adaboost_mpi_v2(+0x16fcd)[0x55b20a5b6fcd]
[broadwell-001:1325335] [10] /beegfs/home/echiavazza/unito-scpd/adaboost_mpi_v2/bin/./adaboost_mpi_v2(+0xfc4e)[0x55b20a5afc4e]
[broadwell-001:1325335] [11] /beegfs/home/echiavazza/unito-scpd/adaboost_mpi_v2/bin/./adaboost_mpi_v2(+0x9539)[0x55b20a5a9539]
[broadwell-001:1325343] [ 4] /lib/x86_64-linux-gnu/libstdc++.so.6(+0xaa38c)[0x7f372df3138c]
[broadwell-001:1325335] [12] /lib/x86_64-linux-gnu/libc.so.6(__libc_start_main+0xf3)[0x7fe43d8f7083]
[broadwell-001:1325335] [13] /beegfs/home/echiavazza/unito-scpd/adaboost_mpi_v2/bin/./adaboost_mpi_v2(+0x87be)[0x55b20a5a87be]
[broadwell-001:1325335] *** End of error message ***
[broadwell-001:1325343] [ 5] /lib/x86_64-linux-gnu/libstdc++.so.6(+0xaa3f7)[0x7f372df313f7]
[broadwell-001:1325343] [ 6] /lib/x86_64-linux-gnu/libstdc++.so.6(+0xaa6a9)[0x7f372df316a9]
[broadwell-001:1325343] [ 7] /beegfs/home/echiavazza/unito-scpd/adaboost_mpi_v2/bin/./adaboost_mpi_v2(+0x1d0b6)[0x558cf4e4b0b6]
[broadwell-001:1325343] [ 8] /beegfs/home/echiavazza/unito-scpd/adaboost_mpi_v2/bin/./adaboost_mpi_v2(+0x161db)[0x558cf4e441db]
[broadwell-001:1325343] [ 9] /beegfs/home/echiavazza/unito-scpd/adaboost_mpi_v2/bin/./adaboost_mpi_v2(+0x16fcd)[0x558cf4e44fcd]
[broadwell-001:1325343] [10] /beegfs/home/echiavazza/unito-scpd/adaboost_mpi_v2/bin/./adaboost_mpi_v2(+0xfc4e)[0x558cf4e3dc4e]
[broadwell-001:1325343] [11] /beegfs/home/echiavazza/unito-scpd/adaboost_mpi_v2/bin/./adaboost_mpi_v2(+0x9539)[0x558cf4e37539]
[broadwell-001:1325343] [12] /lib/x86_64-linux-gnu/libc.so.6(__libc_start_main+0xf3)[0x7f372db4f083]
[broadwell-001:1325343] [13] /beegfs/home/echiavazza/unito-scpd/adaboost_mpi_v2/bin/./adaboost_mpi_v2(+0x87be)[0x558cf4e367be]
[broadwell-001:1325343] *** End of error message ***
terminate called after throwing an instance of 'std::invalid_argument'
  what():  requested type of dimension 54, but dataset only has 54 dimensions
[broadwell-001:1325333] *** Process received signal ***
[broadwell-001:1325333] Signal: Aborted (6)
[broadwell-001:1325333] Signal code:  (-6)
[broadwell-001:1325333] [ 0] /lib/x86_64-linux-gnu/libc.so.6(+0x43090)[0x7fd0ea750090]
[broadwell-001:1325333] [ 1] /lib/x86_64-linux-gnu/libc.so.6(gsignal+0xcb)[0x7fd0ea75000b]
[broadwell-001:1325333] [ 2] /lib/x86_64-linux-gnu/libc.so.6(abort+0x12b)[0x7fd0ea72f859]
[broadwell-001:1325333] [ 3] /lib/x86_64-linux-gnu/libstdc++.so.6(+0x9e911)[0x7fd0eab07911]
[broadwell-001:1325333] [ 4] /lib/x86_64-linux-gnu/libstdc++.so.6(+0xaa38c)[0x7fd0eab1338c]
[broadwell-001:1325333] [ 5] /lib/x86_64-linux-gnu/libstdc++.so.6(+0xaa3f7)[0x7fd0eab133f7]
[broadwell-001:1325333] [ 6] /lib/x86_64-linux-gnu/libstdc++.so.6(+0xaa6a9)[0x7fd0eab136a9]
[broadwell-001:1325333] [ 7] /beegfs/home/echiavazza/unito-scpd/adaboost_mpi_v2/bin/./adaboost_mpi_v2(+0x1d0b6)[0x560d9756f0b6]
[broadwell-001:1325333] [ 8] /beegfs/home/echiavazza/unito-scpd/adaboost_mpi_v2/bin/./adaboost_mpi_v2(+0x161db)[0x560d975681db]
[broadwell-001:1325333] [ 9] /beegfs/home/echiavazza/unito-scpd/adaboost_mpi_v2/bin/./adaboost_mpi_v2(+0x16fcd)[0x560d97568fcd]
[broadwell-001:1325333] [10] /beegfs/home/echiavazza/unito-scpd/adaboost_mpi_v2/bin/./adaboost_mpi_v2(+0xfc4e)[0x560d97561c4e]
[broadwell-001:1325333] [11] /beegfs/home/echiavazza/unito-scpd/adaboost_mpi_v2/bin/./adaboost_mpi_v2(+0x9539)[0x560d9755b539]
[broadwell-001:1325333] [12] /lib/x86_64-linux-gnu/libc.so.6(__libc_start_main+0xf3)[0x7fd0ea731083]
[broadwell-001:1325333] [13] /beegfs/home/echiavazza/unito-scpd/adaboost_mpi_v2/bin/./adaboost_mpi_v2(+0x87be)[0x560d9755a7be]
[broadwell-001:1325333] *** End of error message ***
terminate called after throwing an instance of 'std::invalid_argument'
  what():  requested type of dimension 54, but dataset only has 54 dimensions
[broadwell-001:1325357] *** Process received signal ***
[broadwell-001:1325357] Signal: Aborted (6)
[broadwell-001:1325357] Signal code:  (-6)
[broadwell-001:1325357] [ 0] /lib/x86_64-linux-gnu/libc.so.6(+0x43090)[0x7f5765369090]
[broadwell-001:1325357] [ 1] /lib/x86_64-linux-gnu/libc.so.6(gsignal+0xcb)[0x7f576536900b]
[broadwell-001:1325357] [ 2] /lib/x86_64-linux-gnu/libc.so.6(abort+0x12b)[0x7f5765348859]
[broadwell-001:1325357] [ 3] /lib/x86_64-linux-gnu/libstdc++.so.6(+0x9e911)[0x7f5765720911]
[broadwell-001:1325357] [ 4] /lib/x86_64-linux-gnu/libstdc++.so.6(+0xaa38c)[0x7f576572c38c]
[broadwell-001:1325357] [ 5] /lib/x86_64-linux-gnu/libstdc++.so.6(+0xaa3f7)[0x7f576572c3f7]
[broadwell-001:1325357] [ 6] /lib/x86_64-linux-gnu/libstdc++.so.6(+0xaa6a9)[0x7f576572c6a9]
[broadwell-001:1325357] [ 7] /beegfs/home/echiavazza/unito-scpd/adaboost_mpi_v2/bin/./adaboost_mpi_v2(+0x1d0b6)[0x559e675a00b6]
[broadwell-001:1325357] [ 8] /beegfs/home/echiavazza/unito-scpd/adaboost_mpi_v2/bin/./adaboost_mpi_v2(+0x161db)[0x559e675991db]
[broadwell-001:1325357] [ 9] /beegfs/home/echiavazza/unito-scpd/adaboost_mpi_v2/bin/./adaboost_mpi_v2(+0x16fcd)[0x559e67599fcd]
[broadwell-001:1325357] [10] /beegfs/home/echiavazza/unito-scpd/adaboost_mpi_v2/bin/./adaboost_mpi_v2(+0xfc4e)[0x559e67592c4e]
[broadwell-001:1325357] [11] /beegfs/home/echiavazza/unito-scpd/adaboost_mpi_v2/bin/./adaboost_mpi_v2(+0x9539)[0x559e6758c539]
[broadwell-001:1325357] [12] /lib/x86_64-linux-gnu/libc.so.6(__libc_start_main+0xf3)[0x7f576534a083]
[broadwell-001:1325357] [13] /beegfs/home/echiavazza/unito-scpd/adaboost_mpi_v2/bin/./adaboost_mpi_v2(+0x87be)[0x559e6758b7be]
[broadwell-001:1325357] *** End of error message ***
terminate called after throwing an instance of 'std::invalid_argument'
  what():  requested type of dimension 54, but dataset only has 54 dimensions
[broadwell-001:1325367] *** Process received signal ***
[broadwell-001:1325367] Signal: Aborted (6)
[broadwell-001:1325367] Signal code:  (-6)
[broadwell-001:1325367] [ 0] /lib/x86_64-linux-gnu/libc.so.6(+0x43090)[0x7fe21fa94090]
[broadwell-001:1325367] [ 1] /lib/x86_64-linux-gnu/libc.so.6(gsignal+0xcb)[0x7fe21fa9400b]
[broadwell-001:1325367] [ 2] /lib/x86_64-linux-gnu/libc.so.6(abort+0x12b)[0x7fe21fa73859]
[broadwell-001:1325367] [ 3] /lib/x86_64-linux-gnu/libstdc++.so.6(+0x9e911)[0x7fe21fe4b911]
[broadwell-001:1325367] [ 4] /lib/x86_64-linux-gnu/libstdc++.so.6(+0xaa38c)[0x7fe21fe5738c]
[broadwell-001:1325367] [ 5] /lib/x86_64-linux-gnu/libstdc++.so.6(+0xaa3f7)[0x7fe21fe573f7]
[broadwell-001:1325367] [ 6] /lib/x86_64-linux-gnu/libstdc++.so.6(+0xaa6a9)[0x7fe21fe576a9]
[broadwell-001:1325367] [ 7] /beegfs/home/echiavazza/unito-scpd/adaboost_mpi_v2/bin/./adaboost_mpi_v2(+0x1d0b6)[0x562b7ecf60b6]
[broadwell-001:1325367] [ 8] /beegfs/home/echiavazza/unito-scpd/adaboost_mpi_v2/bin/./adaboost_mpi_v2(+0x161db)[0x562b7ecef1db]
[broadwell-001:1325367] [ 9] /beegfs/home/echiavazza/unito-scpd/adaboost_mpi_v2/bin/./adaboost_mpi_v2(+0x16fcd)[0x562b7eceffcd]
[broadwell-001:1325367] [10] /beegfs/home/echiavazza/unito-scpd/adaboost_mpi_v2/bin/./adaboost_mpi_v2(+0xfc4e)[0x562b7ece8c4e]
[broadwell-001:1325367] [11] /beegfs/home/echiavazza/unito-scpd/adaboost_mpi_v2/bin/./adaboost_mpi_v2(+0x9539)[0x562b7ece2539]
[broadwell-001:1325367] [12] /lib/x86_64-linux-gnu/libc.so.6(__libc_start_main+0xf3)[0x7fe21fa75083]
[broadwell-001:1325367] [13] /beegfs/home/echiavazza/unito-scpd/adaboost_mpi_v2/bin/./adaboost_mpi_v2(+0x87be)[0x562b7ece17be]
[broadwell-001:1325367] *** End of error message ***
terminate called after throwing an instance of 'std::invalid_argument'
  what():  requested type of dimension 54, but dataset only has 54 dimensions
[broadwell-001:1325359] *** Process received signal ***
[broadwell-001:1325359] Signal: Aborted (6)
[broadwell-001:1325359] Signal code:  (-6)
[broadwell-001:1325359] [ 0] /lib/x86_64-linux-gnu/libc.so.6(+0x43090)[0x7fa63d101090]
[broadwell-001:1325359] [ 1] /lib/x86_64-linux-gnu/libc.so.6(gsignal+0xcb)[0x7fa63d10100b]
[broadwell-001:1325359] [ 2] /lib/x86_64-linux-gnu/libc.so.6(abort+0x12b)[0x7fa63d0e0859]
[broadwell-001:1325359] [ 3] /lib/x86_64-linux-gnu/libstdc++.so.6(+0x9e911)[0x7fa63d4b8911]
[broadwell-001:1325359] [ 4] /lib/x86_64-linux-gnu/libstdc++.so.6(+0xaa38c)[0x7fa63d4c438c]
[broadwell-001:1325359] [ 5] /lib/x86_64-linux-gnu/libstdc++.so.6(+0xaa3f7)[0x7fa63d4c43f7]
[broadwell-001:1325359] [ 6] /lib/x86_64-linux-gnu/libstdc++.so.6(+0xaa6a9)[0x7fa63d4c46a9]
[broadwell-001:1325359] [ 7] /beegfs/home/echiavazza/unito-scpd/adaboost_mpi_v2/bin/./adaboost_mpi_v2(+0x1d0b6)[0x55d32c03e0b6]
[broadwell-001:1325359] [ 8] /beegfs/home/echiavazza/unito-scpd/adaboost_mpi_v2/bin/./adaboost_mpi_v2(+0x161db)[0x55d32c0371db]
[broadwell-001:1325359] [ 9] /beegfs/home/echiavazza/unito-scpd/adaboost_mpi_v2/bin/./adaboost_mpi_v2(+0x16fcd)[0x55d32c037fcd]
[broadwell-001:1325359] [10] /beegfs/home/echiavazza/unito-scpd/adaboost_mpi_v2/bin/./adaboost_mpi_v2(+0xfc4e)[0x55d32c030c4e]
[broadwell-001:1325359] [11] /beegfs/home/echiavazza/unito-scpd/adaboost_mpi_v2/bin/./adaboost_mpi_v2(+0x9539)[0x55d32c02a539]
[broadwell-001:1325359] [12] /lib/x86_64-linux-gnu/libc.so.6(__libc_start_main+0xf3)[0x7fa63d0e2083]
[broadwell-001:1325359] [13] /beegfs/home/echiavazza/unito-scpd/adaboost_mpi_v2/bin/./adaboost_mpi_v2(+0x87be)[0x55d32c0297be]
[broadwell-001:1325359] *** End of error message ***
srun: Received task exit notification for 26 tasks of StepId=168655.0 (status=0x0006).
srun: error: broadwell-001: tasks 0,2-4,6,8,10-14,16,18-20,22,24-30,32,34-35: Aborted
srun: Received task exit notification for 5 tasks of StepId=168655.0 (status=0x0086).
srun: error: broadwell-001: tasks 5,21,23,31,33: Aborted (core dumped)
srun: Received task exit notification for 5 tasks of StepId=168655.0 (status=0x0086).
srun: error: broadwell-001: tasks 1,7,9,15,17: Aborted (core dumped)
