make: Warning: File 'Makefile' has modification time 1.5 s in the future
make[1]: Warning: File 'CMakeFiles/Makefile2' has modification time 1.3 s in the future
make[2]: Warning: File 'CMakeFiles/communication_lib.dir/build.make' has modification time 1.3 s in the future
make[2]: Warning: File 'CMakeFiles/data_lib.dir/build.make' has modification time 1.3 s in the future
make[2]: warning:  Clock skew detected.  Your build may be incomplete.
make[2]: warning:  Clock skew detected.  Your build may be incomplete.
make[2]: Warning: File 'CMakeFiles/data_lib.dir/build.make' has modification time 1.2 s in the future
make[2]: Warning: File 'CMakeFiles/communication_lib.dir/build.make' has modification time 1.2 s in the future
make[2]: warning:  Clock skew detected.  Your build may be incomplete.
make[2]: warning:  Clock skew detected.  Your build may be incomplete.
make[2]: Warning: File '/beegfs/home/echiavazza/unito-scpd/adaboost_mpi_v2/obj/libdata_lib.a' has modification time 1.1 s in the future
make[2]: warning:  Clock skew detected.  Your build may be incomplete.
make[1]: warning:  Clock skew detected.  Your build may be incomplete.
make: warning:  Clock skew detected.  Your build may be incomplete.
srun: defined options
srun: -------------------- --------------------
srun: (null)              : broadwell-[005-007]
srun: jobid               : 168687
srun: job-name            : submit.sh
srun: mpi                 : pmix
srun: nodes               : 3
srun: ntasks              : 108
srun: ntasks-per-node     : 36
srun: verbose             : 1
srun: -------------------- --------------------
srun: end of defined options
srun: jobid 168687: nodes(3):`broadwell-[005-007]', cpu counts: 36(x3)
srun: CpuBindType=(null type)
srun: launching StepId=168687.0 on host broadwell-005, 36 tasks: [0-35]
srun: launching StepId=168687.0 on host broadwell-006, 36 tasks: [36-71]
srun: launching StepId=168687.0 on host broadwell-007, 36 tasks: [72-107]
srun: topology/default: init: topology Default plugin loaded
srun: Node broadwell-005, 36 tasks started
srun: Node broadwell-007, 36 tasks started
srun: Node broadwell-006, 36 tasks started
