make: Warning: File 'Makefile' has modification time 0.84 s in the future
make[1]: Warning: File 'CMakeFiles/Makefile2' has modification time 0.61 s in the future
make[2]: Warning: File 'CMakeFiles/communication_lib.dir/build.make' has modification time 0.59 s in the future
make[2]: Warning: File 'CMakeFiles/data_lib.dir/build.make' has modification time 0.59 s in the future
make[2]: warning:  Clock skew detected.  Your build may be incomplete.
make[2]: warning:  Clock skew detected.  Your build may be incomplete.
make[2]: Warning: File 'CMakeFiles/communication_lib.dir/build.make' has modification time 0.48 s in the future
make[2]: Warning: File 'CMakeFiles/data_lib.dir/build.make' has modification time 0.48 s in the future
make[2]: warning:  Clock skew detected.  Your build may be incomplete.
make[2]: warning:  Clock skew detected.  Your build may be incomplete.
make[2]: Warning: File '/beegfs/home/echiavazza/unito-scpd/adaboost_mpi_v2/obj/libcommunication_lib.a' has modification time 0.59 s in the future
make[2]: warning:  Clock skew detected.  Your build may be incomplete.
make[1]: warning:  Clock skew detected.  Your build may be incomplete.
make: warning:  Clock skew detected.  Your build may be incomplete.
srun: defined options
srun: -------------------- --------------------
srun: (null)              : broadwell-001
srun: jobid               : 168660
srun: job-name            : submit.sh
srun: mpi                 : pmix
srun: nodes               : 1
srun: ntasks              : 36
srun: ntasks-per-node     : 36
srun: verbose             : 1
srun: -------------------- --------------------
srun: end of defined options
srun: jobid 168660: nodes(1):`broadwell-001', cpu counts: 36(x1)
srun: CpuBindType=(null type)
srun: launching StepId=168660.0 on host broadwell-001, 36 tasks: [0-35]
srun: topology/default: init: topology Default plugin loaded
srun: Node broadwell-001, 36 tasks started
terminate called after throwing an instance of 'std::invalid_argument'
  what():  requested type of dimension 54, but dataset only has 54 dimensions
terminate called after throwing an instance of 'std::invalid_argument'
  what():  requested type of dimension 54, but dataset only has 54 dimensions
[broadwell-001:1328320] *** Process received signal ***
[broadwell-001:1328320] Signal: Aborted (6)
[broadwell-001:1328320] Signal code:  (-6)
terminate called after throwing an instance of 'std::invalid_argument'
  what():  requested type of dimension 54, but dataset only has 54 dimensions
[broadwell-001:1328335] *** Process received signal ***
[broadwell-001:1328335] Signal: Aborted (6)
[broadwell-001:1328335] Signal code:  (-6)
[broadwell-001:1328313] *** Process received signal ***
[broadwell-001:1328313] Signal: Aborted (6)
[broadwell-001:1328313] Signal code:  (-6)
[broadwell-001:1328313] [ 0] /lib/x86_64-linux-gnu/libc.so.6(+0x43090)[0x7f504fce9090]
[broadwell-001:1328335] [ 0] /lib/x86_64-linux-gnu/libc.so.6(+0x43090)[0x7f700f92b090]
[broadwell-001:1328313] [ 1] /lib/x86_64-linux-gnu/libc.so.6(gsignal+0xcb)[0x7f504fce900b]
[broadwell-001:1328313] [ 2] /lib/x86_64-linux-gnu/libc.so.6(abort+0x12b)[0x7f504fcc8859]
[broadwell-001:1328313] [ 3] /lib/x86_64-linux-gnu/libstdc++.so.6(+0x9e911)[0x7f50500a0911]
[broadwell-001:1328320] [ 0] /lib/x86_64-linux-gnu/libc.so.6(+0x43090)[0x7fd1d8c64090]
[broadwell-001:1328320] [ 1] /lib/x86_64-linux-gnu/libc.so.6(gsignal+0xcb)[0x7fd1d8c6400b]
[broadwell-001:1328320] [ 2] /lib/x86_64-linux-gnu/libc.so.6(abort+0x12b)[0x7fd1d8c43859]
[broadwell-001:1328320] [ 3] /lib/x86_64-linux-gnu/libstdc++.so.6(+0x9e911)[0x7fd1d901b911]
[broadwell-001:1328335] [ 1] /lib/x86_64-linux-gnu/libc.so.6(gsignal+0xcb)[0x7f700f92b00b]
[broadwell-001:1328335] [ 2] /lib/x86_64-linux-gnu/libc.so.6(abort+0x12b)[0x7f700f90a859]
[broadwell-001:1328335] [ 3] /lib/x86_64-linux-gnu/libstdc++.so.6(+0x9e911)[0x7f700fce2911]
[broadwell-001:1328335] [ 4] /lib/x86_64-linux-gnu/libstdc++.so.6(+0xaa38c)[0x7f700fcee38c]
[broadwell-001:1328313] [ 4] /lib/x86_64-linux-gnu/libstdc++.so.6(+0xaa38c)[0x7f50500ac38c]
[broadwell-001:1328313] [ 5] /lib/x86_64-linux-gnu/libstdc++.so.6(+0xaa3f7)[0x7f50500ac3f7]
terminate called after throwing an instance of 'std::invalid_argument'
  what():  requested type of dimension 54, but dataset only has 54 dimensions
[broadwell-001:1328319] *** Process received signal ***
[broadwell-001:1328319] Signal: Aborted (6)
[broadwell-001:1328319] Signal code:  (-6)
[broadwell-001:1328320] [ 4] /lib/x86_64-linux-gnu/libstdc++.so.6(+0xaa38c)[0x7fd1d902738c]
[broadwell-001:1328313] [ 6] /lib/x86_64-linux-gnu/libstdc++.so.6(+0xaa6a9)[0x7f50500ac6a9]
[broadwell-001:1328313] [ 7] /beegfs/home/echiavazza/unito-scpd/adaboost_mpi_v2/bin/./adaboost_mpi_v2(+0x1d0b6)[0x563e477920b6]
[broadwell-001:1328313] [ 8] /beegfs/home/echiavazza/unito-scpd/adaboost_mpi_v2/bin/./adaboost_mpi_v2(+0x161db)[0x563e4778b1db]
[broadwell-001:1328320] [ 5] /lib/x86_64-linux-gnu/libstdc++.so.6(+0xaa3f7)[0x7fd1d90273f7]
[broadwell-001:1328335] [ 5] /lib/x86_64-linux-gnu/libstdc++.so.6(+0xaa3f7)[0x7f700fcee3f7]
[broadwell-001:1328335] [ 6] /lib/x86_64-linux-gnu/libstdc++.so.6(+0xaa6a9)[0x7f700fcee6a9]
[broadwell-001:1328335] [ 7] /beegfs/home/echiavazza/unito-scpd/adaboost_mpi_v2/bin/./adaboost_mpi_v2(+0x1d0b6)[0x5618c2b970b6]
[broadwell-001:1328335] [ 8] /beegfs/home/echiavazza/unito-scpd/adaboost_mpi_v2/bin/./adaboost_mpi_v2(+0x161db)[0x5618c2b901db]
[broadwell-001:1328335] [ 9] /beegfs/home/echiavazza/unito-scpd/adaboost_mpi_v2/bin/./adaboost_mpi_v2(+0x16fcd)[0x5618c2b90fcd]
[broadwell-001:1328335] [10] /beegfs/home/echiavazza/unito-scpd/adaboost_mpi_v2/bin/./adaboost_mpi_v2(+0xfc4e)[0x5618c2b89c4e]
[broadwell-001:1328335] [11] /beegfs/home/echiavazza/unito-scpd/adaboost_mpi_v2/bin/./adaboost_mpi_v2(+0x9539)[0x5618c2b83539]
[broadwell-001:1328313] [ 9] /beegfs/home/echiavazza/unito-scpd/adaboost_mpi_v2/bin/./adaboost_mpi_v2(+0x16fcd)[0x563e4778bfcd]
[broadwell-001:1328313] [10] /beegfs/home/echiavazza/unito-scpd/adaboost_mpi_v2/bin/./adaboost_mpi_v2(+0xfc4e)[0x563e47784c4e]
[broadwell-001:1328313] [11] /beegfs/home/echiavazza/unito-scpd/adaboost_mpi_v2/bin/./adaboost_mpi_v2(+0x9539)[0x563e4777e539]
[broadwell-001:1328313] [12] /lib/x86_64-linux-gnu/libc.so.6(__libc_start_main+0xf3)[0x7f504fcca083]
[broadwell-001:1328313] [13] /beegfs/home/echiavazza/unito-scpd/adaboost_mpi_v2/bin/./adaboost_mpi_v2(+0x87be)[0x563e4777d7be]
[broadwell-001:1328313] *** End of error message ***
[broadwell-001:1328319] [ 0] /lib/x86_64-linux-gnu/libc.so.6(+0x43090)[0x7fd05cf0d090]
[broadwell-001:1328319] [ 1] /lib/x86_64-linux-gnu/libc.so.6(gsignal+0xcb)[0x7fd05cf0d00b]
[broadwell-001:1328320] [ 6] /lib/x86_64-linux-gnu/libstdc++.so.6(+0xaa6a9)[0x7fd1d90276a9]
[broadwell-001:1328320] [ 7] /beegfs/home/echiavazza/unito-scpd/adaboost_mpi_v2/bin/./adaboost_mpi_v2(+0x1d0b6)[0x562a95adc0b6]
[broadwell-001:1328320] [ 8] /beegfs/home/echiavazza/unito-scpd/adaboost_mpi_v2/bin/./adaboost_mpi_v2(+0x161db)[0x562a95ad51db]
[broadwell-001:1328320] [ 9] /beegfs/home/echiavazza/unito-scpd/adaboost_mpi_v2/bin/./adaboost_mpi_v2(+0x16fcd)[0x562a95ad5fcd]
[broadwell-001:1328320] [10] /beegfs/home/echiavazza/unito-scpd/adaboost_mpi_v2/bin/./adaboost_mpi_v2(+0xfc4e)[0x562a95acec4e]
[broadwell-001:1328320] [11] /beegfs/home/echiavazza/unito-scpd/adaboost_mpi_v2/bin/./adaboost_mpi_v2(+0x9539)[0x562a95ac8539]
[broadwell-001:1328320] [12] /lib/x86_64-linux-gnu/libc.so.6(__libc_start_main+0xf3)[0x7fd1d8c45083]
[broadwell-001:1328320] [13] /beegfs/home/echiavazza/unito-scpd/adaboost_mpi_v2/bin/./adaboost_mpi_v2(+0x87be)[0x562a95ac77be]
[broadwell-001:1328320] *** End of error message ***
[broadwell-001:1328335] [12] /lib/x86_64-linux-gnu/libc.so.6(__libc_start_main+0xf3)[0x7f700f90c083]
[broadwell-001:1328335] [13] /beegfs/home/echiavazza/unito-scpd/adaboost_mpi_v2/bin/./adaboost_mpi_v2(+0x87be)[0x5618c2b827be]
[broadwell-001:1328335] *** End of error message ***
[broadwell-001:1328319] [ 2] /lib/x86_64-linux-gnu/libc.so.6(abort+0x12b)[0x7fd05ceec859]
[broadwell-001:1328319] [ 3] /lib/x86_64-linux-gnu/libstdc++.so.6(+0x9e911)[0x7fd05d2c4911]
[broadwell-001:1328319] [ 4] /lib/x86_64-linux-gnu/libstdc++.so.6(+0xaa38c)[0x7fd05d2d038c]
[broadwell-001:1328319] [ 5] /lib/x86_64-linux-gnu/libstdc++.so.6(+0xaa3f7)[0x7fd05d2d03f7]
[broadwell-001:1328319] [ 6] /lib/x86_64-linux-gnu/libstdc++.so.6(+0xaa6a9)[0x7fd05d2d06a9]
[broadwell-001:1328319] [ 7] /beegfs/home/echiavazza/unito-scpd/adaboost_mpi_v2/bin/./adaboost_mpi_v2(+0x1d0b6)[0x564d089be0b6]
[broadwell-001:1328319] [ 8] /beegfs/home/echiavazza/unito-scpd/adaboost_mpi_v2/bin/./adaboost_mpi_v2(+0x161db)[0x564d089b71db]
[broadwell-001:1328319] [ 9] /beegfs/home/echiavazza/unito-scpd/adaboost_mpi_v2/bin/./adaboost_mpi_v2(+0x16fcd)[0x564d089b7fcd]
[broadwell-001:1328319] [10] /beegfs/home/echiavazza/unito-scpd/adaboost_mpi_v2/bin/./adaboost_mpi_v2(+0xfc4e)[0x564d089b0c4e]
[broadwell-001:1328319] [11] /beegfs/home/echiavazza/unito-scpd/adaboost_mpi_v2/bin/./adaboost_mpi_v2(+0x9539)[0x564d089aa539]
[broadwell-001:1328319] [12] /lib/x86_64-linux-gnu/libc.so.6(__libc_start_main+0xf3)[0x7fd05ceee083]
[broadwell-001:1328319] [13] /beegfs/home/echiavazza/unito-scpd/adaboost_mpi_v2/bin/./adaboost_mpi_v2(+0x87be)[0x564d089a97be]
[broadwell-001:1328319] *** End of error message ***
terminate called after throwing an instance of 'std::invalid_argument'
  what():  requested type of dimension 54, but dataset only has 54 dimensions
[broadwell-001:1328321] *** Process received signal ***
[broadwell-001:1328321] Signal: Aborted (6)
[broadwell-001:1328321] Signal code:  (-6)
[broadwell-001:1328321] [ 0] /lib/x86_64-linux-gnu/libc.so.6(+0x43090)[0x7fc0ed583090]
terminate called after throwing an instance of 'std::invalid_argument'
  what():  requested type of dimension 54, but dataset only has 54 dimensions
[broadwell-001:1328323] *** Process received signal ***
[broadwell-001:1328323] Signal: Aborted (6)
[broadwell-001:1328323] Signal code:  (-6)
terminate called after throwing an instance of 'std::invalid_argument'
  what():  requested type of dimension 54, but dataset only has 54 dimensions
[broadwell-001:1328337] *** Process received signal ***
[broadwell-001:1328337] Signal: Aborted (6)
[broadwell-001:1328337] Signal code:  (-6)
[broadwell-001:1328323] [ 0] /lib/x86_64-linux-gnu/libc.so.6(+0x43090)[0x7fd44d705090]
[broadwell-001:1328337] [ 0] /lib/x86_64-linux-gnu/libc.so.6(+0x43090)[0x7f2b25571090]
[broadwell-001:1328323] [ 1] /lib/x86_64-linux-gnu/libc.so.6(gsignal+0xcb)[0x7fd44d70500b]
[broadwell-001:1328323] [ 2] /lib/x86_64-linux-gnu/libc.so.6(abort+0x12b)[0x7fd44d6e4859]
[broadwell-001:1328337] [ 1] /lib/x86_64-linux-gnu/libc.so.6(gsignal+0xcb)[0x7f2b2557100b]
[broadwell-001:1328337] [ 2] /lib/x86_64-linux-gnu/libc.so.6(abort+0x12b)[0x7f2b25550859]
[broadwell-001:1328323] [ 3] /lib/x86_64-linux-gnu/libstdc++.so.6(+0x9e911)[0x7fd44dabc911]
[broadwell-001:1328337] [ 3] /lib/x86_64-linux-gnu/libstdc++.so.6(+0x9e911)[0x7f2b25928911]
[broadwell-001:1328323] [ 4] /lib/x86_64-linux-gnu/libstdc++.so.6(+0xaa38c)[0x7fd44dac838c]
[broadwell-001:1328337] [ 4] /lib/x86_64-linux-gnu/libstdc++.so.6(+0xaa38c)[0x7f2b2593438c]
[broadwell-001:1328323] [ 5] /lib/x86_64-linux-gnu/libstdc++.so.6(+0xaa3f7)[0x7fd44dac83f7]
[broadwell-001:1328337] [ 5] /lib/x86_64-linux-gnu/libstdc++.so.6(+0xaa3f7)[0x7f2b259343f7]
[broadwell-001:1328323] [ 6] /lib/x86_64-linux-gnu/libstdc++.so.6(+0xaa6a9)[0x7fd44dac86a9]
[broadwell-001:1328323] [ 7] /beegfs/home/echiavazza/unito-scpd/adaboost_mpi_v2/bin/./adaboost_mpi_v2(+0x1d0b6)[0x55f8c74840b6]
[broadwell-001:1328323] [ 8] /beegfs/home/echiavazza/unito-scpd/adaboost_mpi_v2/bin/./adaboost_mpi_v2(+0x161db)[0x55f8c747d1db]
[broadwell-001:1328323] [ 9] /beegfs/home/echiavazza/unito-scpd/adaboost_mpi_v2/bin/./adaboost_mpi_v2(+0x16fcd)[0x55f8c747dfcd]
[broadwell-001:1328323] [10] /beegfs/home/echiavazza/unito-scpd/adaboost_mpi_v2/bin/./adaboost_mpi_v2(+0xfc4e)[0x55f8c7476c4e]
[broadwell-001:1328323] [11] /beegfs/home/echiavazza/unito-scpd/adaboost_mpi_v2/bin/./adaboost_mpi_v2(+0x9539)[0x55f8c7470539]
[broadwell-001:1328337] [ 6] /lib/x86_64-linux-gnu/libstdc++.so.6(+0xaa6a9)[0x7f2b259346a9]
[broadwell-001:1328337] [ 7] /beegfs/home/echiavazza/unito-scpd/adaboost_mpi_v2/bin/./adaboost_mpi_v2(+0x1d0b6)[0x55dfa50960b6]
[broadwell-001:1328337] [ 8] /beegfs/home/echiavazza/unito-scpd/adaboost_mpi_v2/bin/./adaboost_mpi_v2(+0x161db)[0x55dfa508f1db]
[broadwell-001:1328337] [ 9] /beegfs/home/echiavazza/unito-scpd/adaboost_mpi_v2/bin/./adaboost_mpi_v2(+0x16fcd)[0x55dfa508ffcd]
[broadwell-001:1328337] [10] /beegfs/home/echiavazza/unito-scpd/adaboost_mpi_v2/bin/./adaboost_mpi_v2(+0xfc4e)[0x55dfa5088c4e]
[broadwell-001:1328337] [11] /beegfs/home/echiavazza/unito-scpd/adaboost_mpi_v2/bin/./adaboost_mpi_v2(+0x9539)[0x55dfa5082539]
[broadwell-001:1328323] [12] /lib/x86_64-linux-gnu/libc.so.6(__libc_start_main+0xf3)[0x7fd44d6e6083]
[broadwell-001:1328323] [13] /beegfs/home/echiavazza/unito-scpd/adaboost_mpi_v2/bin/./adaboost_mpi_v2(+0x87be)[0x55f8c746f7be]
[broadwell-001:1328323] *** End of error message ***
[broadwell-001:1328337] [12] /lib/x86_64-linux-gnu/libc.so.6(__libc_start_main+0xf3)[0x7f2b25552083]
[broadwell-001:1328337] [13] /beegfs/home/echiavazza/unito-scpd/adaboost_mpi_v2/bin/./adaboost_mpi_v2(+0x87be)[0x55dfa50817be]
[broadwell-001:1328337] *** End of error message ***
terminate called after throwing an instance of 'std::invalid_argument'
  what():  requested type of dimension 54, but dataset only has 54 dimensions
[broadwell-001:1328317] *** Process received signal ***
[broadwell-001:1328317] Signal: Aborted (6)
[broadwell-001:1328317] Signal code:  (-6)
[broadwell-001:1328317] [ 0] /lib/x86_64-linux-gnu/libc.so.6(+0x43090)[0x7fb15e327090]
terminate called after throwing an instance of 'std::invalid_argument'
[broadwell-001:1328317] [ 1] /lib/x86_64-linux-gnu/libc.so.6(gsignal+0xcb)[0x7fb15e32700b]
[broadwell-001:1328317] [ 2] /lib/x86_64-linux-gnu/libc.so.6(abort+0x12b)[0x7fb15e306859]
terminate called after throwing an instance of 'std::invalid_argument'
  what():  requested type of dimension 54, but dataset only has 54 dimensions
  what():  requested type of dimension 54, but dataset only has 54 dimensions
[broadwell-001:1328311] *** Process received signal ***
[broadwell-001:1328311] Signal: Aborted (6)
[broadwell-001:1328311] Signal code:  (-6)
[broadwell-001:1328317] [ 3] /lib/x86_64-linux-gnu/libstdc++.so.6(+0x9e911)[0x7fb15e6de911]
[broadwell-001:1328309] *** Process received signal ***
[broadwell-001:1328309] Signal: Aborted (6)
[broadwell-001:1328309] Signal code:  (-6)
[broadwell-001:1328311] [ 0] /lib/x86_64-linux-gnu/libc.so.6(+0x43090)[0x7f6440aa4090]
[broadwell-001:1328317] [ 4] /lib/x86_64-linux-gnu/libstdc++.so.6(+0xaa38c)[0x7fb15e6ea38c]
[broadwell-001:1328309] [ 0] /lib/x86_64-linux-gnu/libc.so.6(+0x43090)[0x7fa583e9d090]
[broadwell-001:1328309] [ 1] /lib/x86_64-linux-gnu/libc.so.6(gsignal+0xcb)[0x7fa583e9d00b]
[broadwell-001:1328311] [ 1] /lib/x86_64-linux-gnu/libc.so.6(gsignal+0xcb)[0x7f6440aa400b]
[broadwell-001:1328311] [ 2] /lib/x86_64-linux-gnu/libc.so.6(abort+0x12b)[0x7f6440a83859]
terminate called after throwing an instance of 'std::invalid_argument'
  what():  requested type of dimension 54, but dataset only has 54 dimensions
[broadwell-001:1328309] [ 2] /lib/x86_64-linux-gnu/libc.so.6(abort+0x12b)[0x7fa583e7c859]
[broadwell-001:1328317] [ 5] /lib/x86_64-linux-gnu/libstdc++.so.6(+0xaa3f7)[0x7fb15e6ea3f7]
[broadwell-001:1328333] *** Process received signal ***
[broadwell-001:1328333] Signal: Aborted (6)
[broadwell-001:1328333] Signal code:  (-6)
[broadwell-001:1328309] [ 3] /lib/x86_64-linux-gnu/libstdc++.so.6(+0x9e911)[0x7fa584254911]
[broadwell-001:1328311] [ 3] /lib/x86_64-linux-gnu/libstdc++.so.6(+0x9e911)[0x7f6440e5b911]
[broadwell-001:1328317] [ 6] /lib/x86_64-linux-gnu/libstdc++.so.6(+0xaa6a9)[0x7fb15e6ea6a9]
[broadwell-001:1328317] [ 7] /beegfs/home/echiavazza/unito-scpd/adaboost_mpi_v2/bin/./adaboost_mpi_v2(+0x1d0b6)[0x55af6a45e0b6]
[broadwell-001:1328317] [ 8] /beegfs/home/echiavazza/unito-scpd/adaboost_mpi_v2/bin/./adaboost_mpi_v2(+0x161db)[0x55af6a4571db]
[broadwell-001:1328317] [ 9] /beegfs/home/echiavazza/unito-scpd/adaboost_mpi_v2/bin/./adaboost_mpi_v2(+0x16fcd)[0x55af6a457fcd]
[broadwell-001:1328317] [10] /beegfs/home/echiavazza/unito-scpd/adaboost_mpi_v2/bin/./adaboost_mpi_v2(+0xfc4e)[0x55af6a450c4e]
[broadwell-001:1328317] [11] /beegfs/home/echiavazza/unito-scpd/adaboost_mpi_v2/bin/./adaboost_mpi_v2(+0x9539)[0x55af6a44a539]
[broadwell-001:1328317] [12] /lib/x86_64-linux-gnu/libc.so.6(__libc_start_main+0xf3)[0x7fb15e308083]
[broadwell-001:1328309] [ 4] /lib/x86_64-linux-gnu/libstdc++.so.6(+0xaa38c)[0x7fa58426038c]
[broadwell-001:1328311] [ 4] /lib/x86_64-linux-gnu/libstdc++.so.6(+0xaa38c)[0x7f6440e6738c]
[broadwell-001:1328311] [ 5] /lib/x86_64-linux-gnu/libstdc++.so.6(+0xaa3f7)[0x7f6440e673f7]
[broadwell-001:1328317] [13] /beegfs/home/echiavazza/unito-scpd/adaboost_mpi_v2/bin/./adaboost_mpi_v2(+0x87be)[0x55af6a4497be]
[broadwell-001:1328317] *** End of error message ***
[broadwell-001:1328333] [ 0] /lib/x86_64-linux-gnu/libc.so.6(+0x43090)[0x7f6c0ab1d090]
[broadwell-001:1328333] [ 1] /lib/x86_64-linux-gnu/libc.so.6(gsignal+0xcb)[0x7f6c0ab1d00b]
[broadwell-001:1328309] [ 5] /lib/x86_64-linux-gnu/libstdc++.so.6(+0xaa3f7)[0x7fa5842603f7]
terminate called after throwing an instance of 'std::invalid_argument'
[broadwell-001:1328333] [ 2] /lib/x86_64-linux-gnu/libc.so.6(abort+0x12b)[0x7f6c0aafc859]
[broadwell-001:1328309] [ 6] /lib/x86_64-linux-gnu/libstdc++.so.6(+0xaa6a9)[0x7fa5842606a9]
[broadwell-001:1328309] [ 7] /beegfs/home/echiavazza/unito-scpd/adaboost_mpi_v2/bin/./adaboost_mpi_v2(+0x1d0b6)[0x558c2a3b40b6]
[broadwell-001:1328309] [ 8] /beegfs/home/echiavazza/unito-scpd/adaboost_mpi_v2/bin/./adaboost_mpi_v2(+0x161db)[0x558c2a3ad1db]
[broadwell-001:1328309] [ 9] /beegfs/home/echiavazza/unito-scpd/adaboost_mpi_v2/bin/./adaboost_mpi_v2(+0x16fcd)[0x558c2a3adfcd]
[broadwell-001:1328309] [10] /beegfs/home/echiavazza/unito-scpd/adaboost_mpi_v2/bin/./adaboost_mpi_v2(+0xfc4e)[0x558c2a3a6c4e]
[broadwell-001:1328309] [11] /beegfs/home/echiavazza/unito-scpd/adaboost_mpi_v2/bin/./adaboost_mpi_v2(+0x9539)[0x558c2a3a0539]
[broadwell-001:1328311] [ 6] /lib/x86_64-linux-gnu/libstdc++.so.6(+0xaa6a9)[0x7f6440e676a9]
[broadwell-001:1328311] [ 7] /beegfs/home/echiavazza/unito-scpd/adaboost_mpi_v2/bin/./adaboost_mpi_v2(+0x1d0b6)[0x55eb111560b6]
[broadwell-001:1328311] [ 8] /beegfs/home/echiavazza/unito-scpd/adaboost_mpi_v2/bin/./adaboost_mpi_v2(+0x161db)[0x55eb1114f1db]
[broadwell-001:1328311] [ 9] /beegfs/home/echiavazza/unito-scpd/adaboost_mpi_v2/bin/./adaboost_mpi_v2(+0x16fcd)[0x55eb1114ffcd]
[broadwell-001:1328311] [10] /beegfs/home/echiavazza/unito-scpd/adaboost_mpi_v2/bin/./adaboost_mpi_v2(+0xfc4e)[0x55eb11148c4e]
[broadwell-001:1328311] [11] /beegfs/home/echiavazza/unito-scpd/adaboost_mpi_v2/bin/./adaboost_mpi_v2(+0x9539)[0x55eb11142539]
[broadwell-001:1328311] [12] /lib/x86_64-linux-gnu/libc.so.6(__libc_start_main+0xf3)[0x7f6440a85083]
[broadwell-001:1328311] [13] /beegfs/home/echiavazza/unito-scpd/adaboost_mpi_v2/bin/./adaboost_mpi_v2(+0x87be)[0x55eb111417be]
[broadwell-001:1328311] *** End of error message ***
  what():  requested type of dimension 54, but dataset only has 54 dimensions
[broadwell-001:1328327] *** Process received signal ***
[broadwell-001:1328327] Signal: Aborted (6)
[broadwell-001:1328327] Signal code:  (-6)
[broadwell-001:1328333] [ 3] /lib/x86_64-linux-gnu/libstdc++.so.6(+0x9e911)[0x7f6c0aed4911]
[broadwell-001:1328333] [ 4] /lib/x86_64-linux-gnu/libstdc++.so.6(+0xaa38c)[0x7f6c0aee038c]
[broadwell-001:1328309] [12] /lib/x86_64-linux-gnu/libc.so.6(__libc_start_main+0xf3)[0x7fa583e7e083]
[broadwell-001:1328309] [13] /beegfs/home/echiavazza/unito-scpd/adaboost_mpi_v2/bin/./adaboost_mpi_v2(+0x87be)[0x558c2a39f7be]
[broadwell-001:1328309] *** End of error message ***
[broadwell-001:1328327] [ 0] /lib/x86_64-linux-gnu/libc.so.6(+0x43090)[0x7fde8053e090]
[broadwell-001:1328327] [ 1] /lib/x86_64-linux-gnu/libc.so.6(gsignal+0xcb)[0x7fde8053e00b]
[broadwell-001:1328333] [ 5] /lib/x86_64-linux-gnu/libstdc++.so.6(+0xaa3f7)[0x7f6c0aee03f7]
[broadwell-001:1328333] [ 6] /lib/x86_64-linux-gnu/libstdc++.so.6(+0xaa6a9)[0x7f6c0aee06a9]
[broadwell-001:1328333] [ 7] /beegfs/home/echiavazza/unito-scpd/adaboost_mpi_v2/bin/./adaboost_mpi_v2(+0x1d0b6)[0x55b6177050b6]
[broadwell-001:1328327] [ 2] /lib/x86_64-linux-gnu/libc.so.6(abort+0x12b)[0x7fde8051d859]
[broadwell-001:1328333] [ 8] /beegfs/home/echiavazza/unito-scpd/adaboost_mpi_v2/bin/./adaboost_mpi_v2(+0x161db)[0x55b6176fe1db]
[broadwell-001:1328333] [ 9] /beegfs/home/echiavazza/unito-scpd/adaboost_mpi_v2/bin/./adaboost_mpi_v2(+0x16fcd)[0x55b6176fefcd]
[broadwell-001:1328333] [10] /beegfs/home/echiavazza/unito-scpd/adaboost_mpi_v2/bin/./adaboost_mpi_v2(+0xfc4e)[0x55b6176f7c4e]
[broadwell-001:1328333] [11] /beegfs/home/echiavazza/unito-scpd/adaboost_mpi_v2/bin/./adaboost_mpi_v2(+0x9539)[0x55b6176f1539]
[broadwell-001:1328333] [12] /lib/x86_64-linux-gnu/libc.so.6(__libc_start_main+0xf3)[0x7f6c0aafe083]
[broadwell-001:1328333] [13] /beegfs/home/echiavazza/unito-scpd/adaboost_mpi_v2/bin/./adaboost_mpi_v2(+0x87be)[0x55b6176f07be]
[broadwell-001:1328333] *** End of error message ***
[broadwell-001:1328327] [ 3] /lib/x86_64-linux-gnu/libstdc++.so.6(+0x9e911)[0x7fde808f5911]
[broadwell-001:1328327] [ 4] /lib/x86_64-linux-gnu/libstdc++.so.6(+0xaa38c)[0x7fde8090138c]
[broadwell-001:1328327] [ 5] /lib/x86_64-linux-gnu/libstdc++.so.6(+0xaa3f7)[0x7fde809013f7]
[broadwell-001:1328327] [ 6] /lib/x86_64-linux-gnu/libstdc++.so.6(+0xaa6a9)[0x7fde809016a9]
[broadwell-001:1328327] [ 7] /beegfs/home/echiavazza/unito-scpd/adaboost_mpi_v2/bin/./adaboost_mpi_v2(+0x1d0b6)[0x55c726e730b6]
[broadwell-001:1328327] [ 8] /beegfs/home/echiavazza/unito-scpd/adaboost_mpi_v2/bin/./adaboost_mpi_v2(+0x161db)[0x55c726e6c1db]
[broadwell-001:1328327] [ 9] /beegfs/home/echiavazza/unito-scpd/adaboost_mpi_v2/bin/./adaboost_mpi_v2(+0x16fcd)[0x55c726e6cfcd]
[broadwell-001:1328327] [10] /beegfs/home/echiavazza/unito-scpd/adaboost_mpi_v2/bin/./adaboost_mpi_v2(+0xfc4e)[0x55c726e65c4e]
[broadwell-001:1328327] [11] /beegfs/home/echiavazza/unito-scpd/adaboost_mpi_v2/bin/./adaboost_mpi_v2(+0x9539)[0x55c726e5f539]
terminate called after throwing an instance of 'std::invalid_argument'
  what():  requested type of dimension 54, but dataset only has 54 dimensions
[broadwell-001:1328327] [12] /lib/x86_64-linux-gnu/libc.so.6(__libc_start_main+0xf3)[0x7fde8051f083]
[broadwell-001:1328327] [13] /beegfs/home/echiavazza/unito-scpd/adaboost_mpi_v2/bin/./adaboost_mpi_v2(+0x87be)[0x55c726e5e7be]
[broadwell-001:1328327] *** End of error message ***
[broadwell-001:1328325] *** Process received signal ***
[broadwell-001:1328325] Signal: Aborted (6)
[broadwell-001:1328325] Signal code:  (-6)
[broadwell-001:1328325] [ 0] /lib/x86_64-linux-gnu/libc.so.6(+0x43090)[0x7f2a5983e090]
[broadwell-001:1328325] [ 1] /lib/x86_64-linux-gnu/libc.so.6(gsignal+0xcb)[0x7f2a5983e00b]
[broadwell-001:1328325] [ 2] /lib/x86_64-linux-gnu/libc.so.6(abort+0x12b)[0x7f2a5981d859]
[broadwell-001:1328325] [ 3] /lib/x86_64-linux-gnu/libstdc++.so.6(+0x9e911)[0x7f2a59bf5911]
terminate called after throwing an instance of 'std::invalid_argument'
  what():  requested type of dimension 54, but dataset only has 54 dimensions
[broadwell-001:1328325] [ 4] /lib/x86_64-linux-gnu/libstdc++.so.6(+0xaa38c)[0x7f2a59c0138c]
[broadwell-001:1328312] *** Process received signal ***
[broadwell-001:1328312] Signal: Aborted (6)
[broadwell-001:1328312] Signal code:  (-6)
[broadwell-001:1328325] [ 5] /lib/x86_64-linux-gnu/libstdc++.so.6(+0xaa3f7)[0x7f2a59c013f7]
[broadwell-001:1328325] [ 6] /lib/x86_64-linux-gnu/libstdc++.so.6(+0xaa6a9)[0x7f2a59c016a9]
[broadwell-001:1328325] [ 7] /beegfs/home/echiavazza/unito-scpd/adaboost_mpi_v2/bin/./adaboost_mpi_v2(+0x1d0b6)[0x55adc0f1b0b6]
[broadwell-001:1328325] [ 8] /beegfs/home/echiavazza/unito-scpd/adaboost_mpi_v2/bin/./adaboost_mpi_v2(+0x161db)[0x55adc0f141db]
[broadwell-001:1328325] [ 9] /beegfs/home/echiavazza/unito-scpd/adaboost_mpi_v2/bin/./adaboost_mpi_v2(+0x16fcd)[0x55adc0f14fcd]
[broadwell-001:1328325] [10] /beegfs/home/echiavazza/unito-scpd/adaboost_mpi_v2/bin/./adaboost_mpi_v2(+0xfc4e)[0x55adc0f0dc4e]
[broadwell-001:1328325] [11] /beegfs/home/echiavazza/unito-scpd/adaboost_mpi_v2/bin/./adaboost_mpi_v2(+0x9539)[0x55adc0f07539]
[broadwell-001:1328312] [ 0] /lib/x86_64-linux-gnu/libc.so.6(+0x43090)[0x7f515d052090]
[broadwell-001:1328312] [ 1] /lib/x86_64-linux-gnu/libc.so.6(gsignal+0xcb)[0x7f515d05200b]
[broadwell-001:1328325] [12] /lib/x86_64-linux-gnu/libc.so.6(__libc_start_main+0xf3)[0x7f2a5981f083]
[broadwell-001:1328325] [13] /beegfs/home/echiavazza/unito-scpd/adaboost_mpi_v2/bin/./adaboost_mpi_v2(+0x87be)[0x55adc0f067be]
[broadwell-001:1328325] *** End of error message ***
[broadwell-001:1328312] [ 2] /lib/x86_64-linux-gnu/libc.so.6(abort+0x12b)[0x7f515d031859]
terminate called after throwing an instance of 'std::invalid_argument'
  what():  requested type of dimension 54, but dataset only has 54 dimensions
[broadwell-001:1328318] *** Process received signal ***
[broadwell-001:1328312] [ 3] /lib/x86_64-linux-gnu/libstdc++.so.6(+0x9e911)[0x7f515d409911]
[broadwell-001:1328318] Signal: Aborted (6)
[broadwell-001:1328318] Signal code:  (-6)
[broadwell-001:1328312] [ 4] /lib/x86_64-linux-gnu/libstdc++.so.6(+0xaa38c)[0x7f515d41538c]
[broadwell-001:1328318] [ 0] /lib/x86_64-linux-gnu/libc.so.6(+0x43090)[0x7ff6cf20d090]
terminate called after throwing an instance of 'std::invalid_argument'
  what():  requested type of dimension 54, but dataset only has 54 dimensions
[broadwell-001:1328312] [ 5] /lib/x86_64-linux-gnu/libstdc++.so.6(+0xaa3f7)[0x7f515d4153f7]
[broadwell-001:1328318] [ 1] /lib/x86_64-linux-gnu/libc.so.6(gsignal+0xcb)[0x7ff6cf20d00b]
[broadwell-001:1328318] [ 2] /lib/x86_64-linux-gnu/libc.so.6(abort+0x12b)[0x7ff6cf1ec859]
[broadwell-001:1328334] *** Process received signal ***
[broadwell-001:1328334] Signal: Aborted (6)
[broadwell-001:1328334] Signal code:  (-6)
[broadwell-001:1328312] [ 6] /lib/x86_64-linux-gnu/libstdc++.so.6(+0xaa6a9)[0x7f515d4156a9]
[broadwell-001:1328312] [ 7] /beegfs/home/echiavazza/unito-scpd/adaboost_mpi_v2/bin/./adaboost_mpi_v2(+0x1d0b6)[0x557a1a3fd0b6]
[broadwell-001:1328312] [ 8] /beegfs/home/echiavazza/unito-scpd/adaboost_mpi_v2/bin/./adaboost_mpi_v2(+0x161db)[0x557a1a3f61db]
[broadwell-001:1328312] [ 9] /beegfs/home/echiavazza/unito-scpd/adaboost_mpi_v2/bin/./adaboost_mpi_v2(+0x16fcd)[0x557a1a3f6fcd]
[broadwell-001:1328312] [10] /beegfs/home/echiavazza/unito-scpd/adaboost_mpi_v2/bin/./adaboost_mpi_v2(+0xfc4e)[0x557a1a3efc4e]
[broadwell-001:1328312] [11] /beegfs/home/echiavazza/unito-scpd/adaboost_mpi_v2/bin/./adaboost_mpi_v2(+0x9539)[0x557a1a3e9539]
[broadwell-001:1328318] [ 3] /lib/x86_64-linux-gnu/libstdc++.so.6(+0x9e911)[0x7ff6cf5c4911]
[broadwell-001:1328334] [ 0] /lib/x86_64-linux-gnu/libc.so.6(+0x43090)[0x7ff203a0a090]
[broadwell-001:1328312] [12] /lib/x86_64-linux-gnu/libc.so.6(__libc_start_main+0xf3)[0x7f515d033083]
[broadwell-001:1328312] [13] /beegfs/home/echiavazza/unito-scpd/adaboost_mpi_v2/bin/./adaboost_mpi_v2(+0x87be)[0x557a1a3e87be]
[broadwell-001:1328312] *** End of error message ***
[broadwell-001:1328318] [ 4] /lib/x86_64-linux-gnu/libstdc++.so.6(+0xaa38c)[0x7ff6cf5d038c]
[broadwell-001:1328318] [ 5] /lib/x86_64-linux-gnu/libstdc++.so.6(+0xaa3f7)[0x7ff6cf5d03f7]
[broadwell-001:1328334] [ 1] /lib/x86_64-linux-gnu/libc.so.6(gsignal+0xcb)[0x7ff203a0a00b]
[broadwell-001:1328334] [ 2] /lib/x86_64-linux-gnu/libc.so.6(abort+0x12b)[0x7ff2039e9859]
terminate called after throwing an instance of 'std::invalid_argument'
  what():  requested type of dimension 54, but dataset only has 54 dimensions
[broadwell-001:1328314] *** Process received signal ***
[broadwell-001:1328318] [ 6] /lib/x86_64-linux-gnu/libstdc++.so.6(+0xaa6a9)[0x7ff6cf5d06a9]
[broadwell-001:1328318] [ 7] /beegfs/home/echiavazza/unito-scpd/adaboost_mpi_v2/bin/./adaboost_mpi_v2(+0x1d0b6)[0x5619805c30b6]
[broadwell-001:1328318] [ 8] /beegfs/home/echiavazza/unito-scpd/adaboost_mpi_v2/bin/./adaboost_mpi_v2(+0x161db)[0x5619805bc1db]
[broadwell-001:1328334] [ 3] /lib/x86_64-linux-gnu/libstdc++.so.6(+0x9e911)[0x7ff203dc1911]
terminate called after throwing an instance of 'std::invalid_argument'
  what():  requested type of dimension 54, but dataset only has 54 dimensions
[broadwell-001:1328336] *** Process received signal ***
[broadwell-001:1328314] Signal: Aborted (6)
[broadwell-001:1328314] Signal code:  (-6)
[broadwell-001:1328318] [ 9] /beegfs/home/echiavazza/unito-scpd/adaboost_mpi_v2/bin/./adaboost_mpi_v2(+0x16fcd)[0x5619805bcfcd]
[broadwell-001:1328318] [10] /beegfs/home/echiavazza/unito-scpd/adaboost_mpi_v2/bin/./adaboost_mpi_v2(+0xfc4e)[0x5619805b5c4e]
[broadwell-001:1328318] [11] /beegfs/home/echiavazza/unito-scpd/adaboost_mpi_v2/bin/./adaboost_mpi_v2(+0x9539)[0x5619805af539]
[broadwell-001:1328318] [12] /lib/x86_64-linux-gnu/libc.so.6(__libc_start_main+0xf3)[0x7ff6cf1ee083]
[broadwell-001:1328318] [13] /beegfs/home/echiavazza/unito-scpd/adaboost_mpi_v2/bin/./adaboost_mpi_v2(+0x87be)[0x5619805ae7be]
[broadwell-001:1328318] *** End of error message ***
[broadwell-001:1328334] [ 4] /lib/x86_64-linux-gnu/libstdc++.so.6(+0xaa38c)[0x7ff203dcd38c]
[broadwell-001:1328334] [ 5] /lib/x86_64-linux-gnu/libstdc++.so.6(+0xaa3f7)[0x7ff203dcd3f7]
[broadwell-001:1328336] Signal: Aborted (6)
[broadwell-001:1328336] Signal code:  (-6)
[broadwell-001:1328314] [ 0] /lib/x86_64-linux-gnu/libc.so.6(+0x43090)[0x7f9219afb090]
[broadwell-001:1328314] [ 1] /lib/x86_64-linux-gnu/libc.so.6(gsignal+0xcb)[0x7f9219afb00b]
[broadwell-001:1328314] [ 2] /lib/x86_64-linux-gnu/libc.so.6(abort+0x12b)[0x7f9219ada859]
[broadwell-001:1328334] [ 6] /lib/x86_64-linux-gnu/libstdc++.so.6(+0xaa6a9)[0x7ff203dcd6a9]
[broadwell-001:1328334] [ 7] /beegfs/home/echiavazza/unito-scpd/adaboost_mpi_v2/bin/./adaboost_mpi_v2(+0x1d0b6)[0x564d6d1b80b6]
[broadwell-001:1328334] [ 8] /beegfs/home/echiavazza/unito-scpd/adaboost_mpi_v2/bin/./adaboost_mpi_v2(+0x161db)[0x564d6d1b11db]
[broadwell-001:1328334] [ 9] /beegfs/home/echiavazza/unito-scpd/adaboost_mpi_v2/bin/./adaboost_mpi_v2(+0x16fcd)[0x564d6d1b1fcd]
[broadwell-001:1328334] [10] /beegfs/home/echiavazza/unito-scpd/adaboost_mpi_v2/bin/./adaboost_mpi_v2(+0xfc4e)[0x564d6d1aac4e]
[broadwell-001:1328334] [11] /beegfs/home/echiavazza/unito-scpd/adaboost_mpi_v2/bin/./adaboost_mpi_v2(+0x9539)[0x564d6d1a4539]
[broadwell-001:1328334] [12] /lib/x86_64-linux-gnu/libc.so.6(__libc_start_main+0xf3)[0x7ff2039eb083]
[broadwell-001:1328336] [ 0] /lib/x86_64-linux-gnu/libc.so.6(+0x43090)[0x7fcc02b31090]
[broadwell-001:1328336] [ 1] /lib/x86_64-linux-gnu/libc.so.6(gsignal+0xcb)[0x7fcc02b3100b]
[broadwell-001:1328336] [ 2] /lib/x86_64-linux-gnu/libc.so.6(abort+0x12b)[0x7fcc02b10859]
terminate called after throwing an instance of 'std::invalid_argument'
  what():  requested type of dimension 54, but dataset only has 54 dimensions
[broadwell-001:1328338] *** Process received signal ***
[broadwell-001:1328338] Signal: Aborted (6)
[broadwell-001:1328338] Signal code:  (-6)
[broadwell-001:1328314] [ 3] /lib/x86_64-linux-gnu/libstdc++.so.6(+0x9e911)[0x7f9219eb2911]
[broadwell-001:1328334] [13] /beegfs/home/echiavazza/unito-scpd/adaboost_mpi_v2/bin/./adaboost_mpi_v2(+0x87be)[0x564d6d1a37be]
[broadwell-001:1328334] *** End of error message ***
[broadwell-001:1328336] [ 3] /lib/x86_64-linux-gnu/libstdc++.so.6(+0x9e911)[0x7fcc02ee8911]
[broadwell-001:1328336] [ 4] /lib/x86_64-linux-gnu/libstdc++.so.6(+0xaa38c)[0x7fcc02ef438c]
[broadwell-001:1328338] [ 0] /lib/x86_64-linux-gnu/libc.so.6(+0x43090)[0x7f9c1046e090]
[broadwell-001:1328338] [ 1] /lib/x86_64-linux-gnu/libc.so.6(gsignal+0xcb)[0x7f9c1046e00b]
[broadwell-001:1328338] [ 2] /lib/x86_64-linux-gnu/libc.so.6(abort+0x12b)[0x7f9c1044d859]
[broadwell-001:1328314] [ 4] /lib/x86_64-linux-gnu/libstdc++.so.6(+0xaa38c)[0x7f9219ebe38c]
[broadwell-001:1328314] [ 5] /lib/x86_64-linux-gnu/libstdc++.so.6(+0xaa3f7)[0x7f9219ebe3f7]
[broadwell-001:1328314] [ 6] /lib/x86_64-linux-gnu/libstdc++.so.6(+0xaa6a9)[0x7f9219ebe6a9]
[broadwell-001:1328314] [ 7] /beegfs/home/echiavazza/unito-scpd/adaboost_mpi_v2/bin/./adaboost_mpi_v2(+0x1d0b6)[0x55ff5ef6a0b6]
[broadwell-001:1328314] [ 8] /beegfs/home/echiavazza/unito-scpd/adaboost_mpi_v2/bin/./adaboost_mpi_v2(+0x161db)[0x55ff5ef631db]
[broadwell-001:1328314] [ 9] /beegfs/home/echiavazza/unito-scpd/adaboost_mpi_v2/bin/./adaboost_mpi_v2(+0x16fcd)[0x55ff5ef63fcd]
[broadwell-001:1328314] [10] /beegfs/home/echiavazza/unito-scpd/adaboost_mpi_v2/bin/./adaboost_mpi_v2(+0xfc4e)[0x55ff5ef5cc4e]
[broadwell-001:1328336] [ 5] /lib/x86_64-linux-gnu/libstdc++.so.6(+0xaa3f7)[0x7fcc02ef43f7]
[broadwell-001:1328336] [ 6] /lib/x86_64-linux-gnu/libstdc++.so.6(+0xaa6a9)[0x7fcc02ef46a9]
[broadwell-001:1328336] [ 7] /beegfs/home/echiavazza/unito-scpd/adaboost_mpi_v2/bin/./adaboost_mpi_v2(+0x1d0b6)[0x55d3266c70b6]
[broadwell-001:1328336] [ 8] /beegfs/home/echiavazza/unito-scpd/adaboost_mpi_v2/bin/./adaboost_mpi_v2(+0x161db)[0x55d3266c01db]
[broadwell-001:1328314] [11] /beegfs/home/echiavazza/unito-scpd/adaboost_mpi_v2/bin/./adaboost_mpi_v2(+0x9539)[0x55ff5ef56539]
[broadwell-001:1328314] [12] /lib/x86_64-linux-gnu/libc.so.6(__libc_start_main+0xf3)[0x7f9219adc083]
[broadwell-001:1328314] [13] /beegfs/home/echiavazza/unito-scpd/adaboost_mpi_v2/bin/./adaboost_mpi_v2(+0x87be)[0x55ff5ef557be]
[broadwell-001:1328314] *** End of error message ***
[broadwell-001:1328336] [ 9] /beegfs/home/echiavazza/unito-scpd/adaboost_mpi_v2/bin/./adaboost_mpi_v2(+0x16fcd)[0x55d3266c0fcd]
[broadwell-001:1328336] [10] /beegfs/home/echiavazza/unito-scpd/adaboost_mpi_v2/bin/./adaboost_mpi_v2(+0xfc4e)[0x55d3266b9c4e]
[broadwell-001:1328336] [11] /beegfs/home/echiavazza/unito-scpd/adaboost_mpi_v2/bin/./adaboost_mpi_v2(+0x9539)[0x55d3266b3539]
[broadwell-001:1328336] [12] /lib/x86_64-linux-gnu/libc.so.6(__libc_start_main+0xf3)[0x7fcc02b12083]
[broadwell-001:1328336] [13] /beegfs/home/echiavazza/unito-scpd/adaboost_mpi_v2/bin/./adaboost_mpi_v2(+0x87be)[0x55d3266b27be]
[broadwell-001:1328336] *** End of error message ***
[broadwell-001:1328338] [ 3] /lib/x86_64-linux-gnu/libstdc++.so.6(+0x9e911)[0x7f9c10825911]
[broadwell-001:1328338] [ 4] /lib/x86_64-linux-gnu/libstdc++.so.6(+0xaa38c)[0x7f9c1083138c]
[broadwell-001:1328338] [ 5] /lib/x86_64-linux-gnu/libstdc++.so.6(+0xaa3f7)[0x7f9c108313f7]
[broadwell-001:1328338] [ 6] /lib/x86_64-linux-gnu/libstdc++.so.6(+0xaa6a9)[0x7f9c108316a9]
[broadwell-001:1328338] [ 7] /beegfs/home/echiavazza/unito-scpd/adaboost_mpi_v2/bin/./adaboost_mpi_v2(+0x1d0b6)[0x562a756e70b6]
[broadwell-001:1328338] [ 8] /beegfs/home/echiavazza/unito-scpd/adaboost_mpi_v2/bin/./adaboost_mpi_v2(+0x161db)[0x562a756e01db]
[broadwell-001:1328338] [ 9] /beegfs/home/echiavazza/unito-scpd/adaboost_mpi_v2/bin/./adaboost_mpi_v2(+0x16fcd)[0x562a756e0fcd]
[broadwell-001:1328338] [10] /beegfs/home/echiavazza/unito-scpd/adaboost_mpi_v2/bin/./adaboost_mpi_v2(+0xfc4e)[0x562a756d9c4e]
[broadwell-001:1328338] [11] /beegfs/home/echiavazza/unito-scpd/adaboost_mpi_v2/bin/./adaboost_mpi_v2(+0x9539)[0x562a756d3539]
[broadwell-001:1328338] [12] /lib/x86_64-linux-gnu/libc.so.6(__libc_start_main+0xf3)[0x7f9c1044f083]
[broadwell-001:1328338] [13] /beegfs/home/echiavazza/unito-scpd/adaboost_mpi_v2/bin/./adaboost_mpi_v2(+0x87be)[0x562a756d27be]
[broadwell-001:1328338] *** End of error message ***
terminate called after throwing an instance of 'std::invalid_argument'
  what():  requested type of dimension 54, but dataset only has 54 dimensions
[broadwell-001:1328307] *** Process received signal ***
[broadwell-001:1328307] Signal: Aborted (6)
[broadwell-001:1328307] Signal code:  (-6)
[broadwell-001:1328307] [ 0] /lib/x86_64-linux-gnu/libc.so.6(+0x43090)[0x7f12b1310090]
[broadwell-001:1328307] [ 1] /lib/x86_64-linux-gnu/libc.so.6(gsignal+0xcb)[0x7f12b131000b]
[broadwell-001:1328307] [ 2] /lib/x86_64-linux-gnu/libc.so.6(abort+0x12b)[0x7f12b12ef859]
[broadwell-001:1328307] [ 3] /lib/x86_64-linux-gnu/libstdc++.so.6(+0x9e911)[0x7f12b16c7911]
[broadwell-001:1328307] [ 4] /lib/x86_64-linux-gnu/libstdc++.so.6(+0xaa38c)[0x7f12b16d338c]
[broadwell-001:1328307] [ 5] /lib/x86_64-linux-gnu/libstdc++.so.6(+0xaa3f7)[0x7f12b16d33f7]
[broadwell-001:1328307] [ 6] /lib/x86_64-linux-gnu/libstdc++.so.6(+0xaa6a9)[0x7f12b16d36a9]
[broadwell-001:1328307] [ 7] /beegfs/home/echiavazza/unito-scpd/adaboost_mpi_v2/bin/./adaboost_mpi_v2(+0x1d0b6)[0x555dc8fd10b6]
[broadwell-001:1328307] [ 8] /beegfs/home/echiavazza/unito-scpd/adaboost_mpi_v2/bin/./adaboost_mpi_v2(+0x161db)[0x555dc8fca1db]
[broadwell-001:1328307] [ 9] /beegfs/home/echiavazza/unito-scpd/adaboost_mpi_v2/bin/./adaboost_mpi_v2(+0x16fcd)[0x555dc8fcafcd]
[broadwell-001:1328307] [10] /beegfs/home/echiavazza/unito-scpd/adaboost_mpi_v2/bin/./adaboost_mpi_v2(+0xfc4e)[0x555dc8fc3c4e]
[broadwell-001:1328307] [11] /beegfs/home/echiavazza/unito-scpd/adaboost_mpi_v2/bin/./adaboost_mpi_v2(+0x9539)[0x555dc8fbd539]
[broadwell-001:1328307] [12] /lib/x86_64-linux-gnu/libc.so.6(__libc_start_main+0xf3)[0x7f12b12f1083]
[broadwell-001:1328307] [13] /beegfs/home/echiavazza/unito-scpd/adaboost_mpi_v2/bin/./adaboost_mpi_v2(+0x87be)[0x555dc8fbc7be]
[broadwell-001:1328307] *** End of error message ***
terminate called after throwing an instance of 'std::invalid_argument'
  what():  requested type of dimension 54, but dataset only has 54 dimensions
[broadwell-001:1328310] *** Process received signal ***
[broadwell-001:1328310] Signal: Aborted (6)
[broadwell-001:1328310] Signal code:  (-6)
[broadwell-001:1328310] [ 0] /lib/x86_64-linux-gnu/libc.so.6(+0x43090)[0x7fd2e3b8f090]
[broadwell-001:1328310] [ 1] /lib/x86_64-linux-gnu/libc.so.6(gsignal+0xcb)[0x7fd2e3b8f00b]
[broadwell-001:1328310] [ 2] /lib/x86_64-linux-gnu/libc.so.6(abort+0x12b)[0x7fd2e3b6e859]
[broadwell-001:1328310] [ 3] /lib/x86_64-linux-gnu/libstdc++.so.6(+0x9e911)[0x7fd2e3f46911]
[broadwell-001:1328310] [ 4] /lib/x86_64-linux-gnu/libstdc++.so.6(+0xaa38c)[0x7fd2e3f5238c]
[broadwell-001:1328310] [ 5] /lib/x86_64-linux-gnu/libstdc++.so.6(+0xaa3f7)[0x7fd2e3f523f7]
[broadwell-001:1328310] [ 6] /lib/x86_64-linux-gnu/libstdc++.so.6(+0xaa6a9)[0x7fd2e3f526a9]
[broadwell-001:1328310] [ 7] /beegfs/home/echiavazza/unito-scpd/adaboost_mpi_v2/bin/./adaboost_mpi_v2(+0x1d0b6)[0x555837a260b6]
[broadwell-001:1328310] [ 8] /beegfs/home/echiavazza/unito-scpd/adaboost_mpi_v2/bin/./adaboost_mpi_v2(+0x161db)[0x555837a1f1db]
[broadwell-001:1328310] [ 9] /beegfs/home/echiavazza/unito-scpd/adaboost_mpi_v2/bin/./adaboost_mpi_v2(+0x16fcd)[0x555837a1ffcd]
[broadwell-001:1328310] [10] /beegfs/home/echiavazza/unito-scpd/adaboost_mpi_v2/bin/./adaboost_mpi_v2(+0xfc4e)[0x555837a18c4e]
[broadwell-001:1328310] [11] /beegfs/home/echiavazza/unito-scpd/adaboost_mpi_v2/bin/./adaboost_mpi_v2(+0x9539)[0x555837a12539]
[broadwell-001:1328310] [12] /lib/x86_64-linux-gnu/libc.so.6(__libc_start_main+0xf3)[0x7fd2e3b70083]
[broadwell-001:1328310] [13] /beegfs/home/echiavazza/unito-scpd/adaboost_mpi_v2/bin/./adaboost_mpi_v2(+0x87be)[0x555837a117be]
[broadwell-001:1328310] *** End of error message ***
[broadwell-001:1328321] [ 1] /lib/x86_64-linux-gnu/libc.so.6(gsignal+0xcb)[0x7fc0ed58300b]
[broadwell-001:1328321] [ 2] /lib/x86_64-linux-gnu/libc.so.6(abort+0x12b)[0x7fc0ed562859]
[broadwell-001:1328321] [ 3] /lib/x86_64-linux-gnu/libstdc++.so.6(+0x9e911)[0x7fc0ed93a911]
[broadwell-001:1328321] [ 4] /lib/x86_64-linux-gnu/libstdc++.so.6(+0xaa38c)[0x7fc0ed94638c]
[broadwell-001:1328321] [ 5] /lib/x86_64-linux-gnu/libstdc++.so.6(+0xaa3f7)[0x7fc0ed9463f7]
[broadwell-001:1328321] [ 6] /lib/x86_64-linux-gnu/libstdc++.so.6(+0xaa6a9)[0x7fc0ed9466a9]
[broadwell-001:1328321] [ 7] /beegfs/home/echiavazza/unito-scpd/adaboost_mpi_v2/bin/./adaboost_mpi_v2(+0x1d0b6)[0x55746e5970b6]
[broadwell-001:1328321] [ 8] /beegfs/home/echiavazza/unito-scpd/adaboost_mpi_v2/bin/./adaboost_mpi_v2(+0x161db)[0x55746e5901db]
[broadwell-001:1328321] [ 9] /beegfs/home/echiavazza/unito-scpd/adaboost_mpi_v2/bin/./adaboost_mpi_v2(+0x16fcd)[0x55746e590fcd]
[broadwell-001:1328321] [10] /beegfs/home/echiavazza/unito-scpd/adaboost_mpi_v2/bin/./adaboost_mpi_v2(+0xfc4e)[0x55746e589c4e]
[broadwell-001:1328321] [11] /beegfs/home/echiavazza/unito-scpd/adaboost_mpi_v2/bin/./adaboost_mpi_v2(+0x9539)[0x55746e583539]
[broadwell-001:1328321] [12] /lib/x86_64-linux-gnu/libc.so.6(__libc_start_main+0xf3)[0x7fc0ed564083]
[broadwell-001:1328321] [13] /beegfs/home/echiavazza/unito-scpd/adaboost_mpi_v2/bin/./adaboost_mpi_v2(+0x87be)[0x55746e5827be]
[broadwell-001:1328321] *** End of error message ***
terminate called after throwing an instance of 'std::invalid_argument'
  what():  requested type of dimension 54, but dataset only has 54 dimensions
[broadwell-001:1328322] *** Process received signal ***
[broadwell-001:1328322] Signal: Aborted (6)
[broadwell-001:1328322] Signal code:  (-6)
[broadwell-001:1328322] [ 0] /lib/x86_64-linux-gnu/libc.so.6(+0x43090)[0x7faa9293f090]
[broadwell-001:1328322] [ 1] /lib/x86_64-linux-gnu/libc.so.6(gsignal+0xcb)[0x7faa9293f00b]
[broadwell-001:1328322] [ 2] /lib/x86_64-linux-gnu/libc.so.6(abort+0x12b)[0x7faa9291e859]
[broadwell-001:1328322] [ 3] /lib/x86_64-linux-gnu/libstdc++.so.6(+0x9e911)[0x7faa92cf6911]
terminate called after throwing an instance of 'std::invalid_argument'
  what():  requested type of dimension 54, but dataset only has 54 dimensions
[broadwell-001:1328326] *** Process received signal ***
[broadwell-001:1328326] Signal: Aborted (6)
[broadwell-001:1328326] Signal code:  (-6)
[broadwell-001:1328326] [ 0] /lib/x86_64-linux-gnu/libc.so.6(+0x43090)[0x7feb37fed090]
[broadwell-001:1328326] [ 1] /lib/x86_64-linux-gnu/libc.so.6(gsignal+0xcb)[0x7feb37fed00b]
[broadwell-001:1328326] [ 2] /lib/x86_64-linux-gnu/libc.so.6(abort+0x12b)[0x7feb37fcc859]
[broadwell-001:1328326] [ 3] /lib/x86_64-linux-gnu/libstdc++.so.6(+0x9e911)[0x7feb383a4911]
[broadwell-001:1328326] [ 4] /lib/x86_64-linux-gnu/libstdc++.so.6(+0xaa38c)[0x7feb383b038c]
[broadwell-001:1328326] [ 5] /lib/x86_64-linux-gnu/libstdc++.so.6(+0xaa3f7)[0x7feb383b03f7]
[broadwell-001:1328322] [ 4] /lib/x86_64-linux-gnu/libstdc++.so.6(+0xaa38c)[0x7faa92d0238c]
[broadwell-001:1328322] [ 5] /lib/x86_64-linux-gnu/libstdc++.so.6(+0xaa3f7)[0x7faa92d023f7]
[broadwell-001:1328326] [ 6] /lib/x86_64-linux-gnu/libstdc++.so.6(+0xaa6a9)[0x7feb383b06a9]
[broadwell-001:1328326] [ 7] /beegfs/home/echiavazza/unito-scpd/adaboost_mpi_v2/bin/./adaboost_mpi_v2(+0x1d0b6)[0x55c59f3160b6]
[broadwell-001:1328326] [ 8] /beegfs/home/echiavazza/unito-scpd/adaboost_mpi_v2/bin/./adaboost_mpi_v2(+0x161db)[0x55c59f30f1db]
[broadwell-001:1328326] [ 9] /beegfs/home/echiavazza/unito-scpd/adaboost_mpi_v2/bin/./adaboost_mpi_v2(+0x16fcd)[0x55c59f30ffcd]
[broadwell-001:1328326] [10] /beegfs/home/echiavazza/unito-scpd/adaboost_mpi_v2/bin/./adaboost_mpi_v2(+0xfc4e)[0x55c59f308c4e]
[broadwell-001:1328326] [11] /beegfs/home/echiavazza/unito-scpd/adaboost_mpi_v2/bin/./adaboost_mpi_v2(+0x9539)[0x55c59f302539]
[broadwell-001:1328326] [12] /lib/x86_64-linux-gnu/libc.so.6(__libc_start_main+0xf3)[0x7feb37fce083]
[broadwell-001:1328326] [13] /beegfs/home/echiavazza/unito-scpd/adaboost_mpi_v2/bin/./adaboost_mpi_v2(+0x87be)[0x55c59f3017be]
[broadwell-001:1328326] *** End of error message ***
[broadwell-001:1328322] [ 6] /lib/x86_64-linux-gnu/libstdc++.so.6(+0xaa6a9)[0x7faa92d026a9]
[broadwell-001:1328322] [ 7] /beegfs/home/echiavazza/unito-scpd/adaboost_mpi_v2/bin/./adaboost_mpi_v2(+0x1d0b6)[0x55ad0c8f60b6]
[broadwell-001:1328322] [ 8] /beegfs/home/echiavazza/unito-scpd/adaboost_mpi_v2/bin/./adaboost_mpi_v2(+0x161db)[0x55ad0c8ef1db]
[broadwell-001:1328322] [ 9] /beegfs/home/echiavazza/unito-scpd/adaboost_mpi_v2/bin/./adaboost_mpi_v2(+0x16fcd)[0x55ad0c8effcd]
[broadwell-001:1328322] [10] /beegfs/home/echiavazza/unito-scpd/adaboost_mpi_v2/bin/./adaboost_mpi_v2(+0xfc4e)[0x55ad0c8e8c4e]
[broadwell-001:1328322] [11] /beegfs/home/echiavazza/unito-scpd/adaboost_mpi_v2/bin/./adaboost_mpi_v2(+0x9539)[0x55ad0c8e2539]
[broadwell-001:1328322] [12] /lib/x86_64-linux-gnu/libc.so.6(__libc_start_main+0xf3)[0x7faa92920083]
[broadwell-001:1328322] [13] /beegfs/home/echiavazza/unito-scpd/adaboost_mpi_v2/bin/./adaboost_mpi_v2(+0x87be)[0x55ad0c8e17be]
[broadwell-001:1328322] *** End of error message ***
terminate called after throwing an instance of 'std::invalid_argument'
  what():  requested type of dimension 54, but dataset only has 54 dimensions
[broadwell-001:1328315] *** Process received signal ***
[broadwell-001:1328315] Signal: Aborted (6)
[broadwell-001:1328315] Signal code:  (-6)
[broadwell-001:1328315] [ 0] /lib/x86_64-linux-gnu/libc.so.6(+0x43090)[0x7f27fecc5090]
[broadwell-001:1328315] [ 1] /lib/x86_64-linux-gnu/libc.so.6(gsignal+0xcb)[0x7f27fecc500b]
[broadwell-001:1328315] [ 2] /lib/x86_64-linux-gnu/libc.so.6(abort+0x12b)[0x7f27feca4859]
terminate called after throwing an instance of 'std::invalid_argument'
  what():  requested type of dimension 54, but dataset only has 54 dimensions
[broadwell-001:1328324] *** Process received signal ***
terminate called after throwing an instance of 'std::invalid_argument'
  what():  requested type of dimension 54, but dataset only has 54 dimensions
[broadwell-001:1328305] *** Process received signal ***
[broadwell-001:1328305] Signal: Aborted (6)
[broadwell-001:1328305] Signal code:  (-6)
[broadwell-001:1328315] [ 3] /lib/x86_64-linux-gnu/libstdc++.so.6(+0x9e911)[0x7f27ff07c911]
[broadwell-001:1328324] Signal: Aborted (6)
[broadwell-001:1328324] Signal code:  (-6)
[broadwell-001:1328305] [ 0] /lib/x86_64-linux-gnu/libc.so.6(+0x43090)[0x7f70b6983090]
[broadwell-001:1328315] [ 4] /lib/x86_64-linux-gnu/libstdc++.so.6(+0xaa38c)[0x7f27ff08838c]
[broadwell-001:1328315] [ 5] /lib/x86_64-linux-gnu/libstdc++.so.6(+0xaa3f7)[0x7f27ff0883f7]
[broadwell-001:1328324] [ 0] /lib/x86_64-linux-gnu/libc.so.6(+0x43090)[0x7f6ab9581090]
[broadwell-001:1328324] [ 1] /lib/x86_64-linux-gnu/libc.so.6(gsignal+0xcb)[0x7f6ab958100b]
[broadwell-001:1328324] [ 2] /lib/x86_64-linux-gnu/libc.so.6(abort+0x12b)[0x7f6ab9560859]
[broadwell-001:1328305] [ 1] /lib/x86_64-linux-gnu/libc.so.6(gsignal+0xcb)[0x7f70b698300b]
[broadwell-001:1328305] [ 2] /lib/x86_64-linux-gnu/libc.so.6(abort+0x12b)[0x7f70b6962859]
[broadwell-001:1328315] [ 6] /lib/x86_64-linux-gnu/libstdc++.so.6(+0xaa6a9)[0x7f27ff0886a9]
[broadwell-001:1328315] [ 7] /beegfs/home/echiavazza/unito-scpd/adaboost_mpi_v2/bin/./adaboost_mpi_v2(+0x1d0b6)[0x5646ceaa10b6]
[broadwell-001:1328315] [ 8] /beegfs/home/echiavazza/unito-scpd/adaboost_mpi_v2/bin/./adaboost_mpi_v2(+0x161db)[0x5646cea9a1db]
[broadwell-001:1328315] [ 9] /beegfs/home/echiavazza/unito-scpd/adaboost_mpi_v2/bin/./adaboost_mpi_v2(+0x16fcd)[0x5646cea9afcd]
[broadwell-001:1328315] [10] /beegfs/home/echiavazza/unito-scpd/adaboost_mpi_v2/bin/./adaboost_mpi_v2(+0xfc4e)[0x5646cea93c4e]
[broadwell-001:1328315] [11] /beegfs/home/echiavazza/unito-scpd/adaboost_mpi_v2/bin/./adaboost_mpi_v2(+0x9539)[0x5646cea8d539]
[broadwell-001:1328315] [12] /lib/x86_64-linux-gnu/libc.so.6(__libc_start_main+0xf3)[0x7f27feca6083]
[broadwell-001:1328315] [13] /beegfs/home/echiavazza/unito-scpd/adaboost_mpi_v2/bin/./adaboost_mpi_v2(+0x87be)[0x5646cea8c7be]
[broadwell-001:1328315] *** End of error message ***
[broadwell-001:1328324] [ 3] /lib/x86_64-linux-gnu/libstdc++.so.6(+0x9e911)[0x7f6ab9938911]
[broadwell-001:1328324] [ 4] /lib/x86_64-linux-gnu/libstdc++.so.6(+0xaa38c)[0x7f6ab994438c]
[broadwell-001:1328305] [ 3] /lib/x86_64-linux-gnu/libstdc++.so.6(+0x9e911)[0x7f70b6d3a911]
[broadwell-001:1328305] [ 4] /lib/x86_64-linux-gnu/libstdc++.so.6(+0xaa38c)[0x7f70b6d4638c]
terminate called after throwing an instance of 'std::invalid_argument'
  what():  requested type of dimension 54, but dataset only has 54 dimensions
[broadwell-001:1328306] *** Process received signal ***
[broadwell-001:1328306] Signal: Aborted (6)
[broadwell-001:1328306] Signal code:  (-6)
[broadwell-001:1328324] [ 5] /lib/x86_64-linux-gnu/libstdc++.so.6(+0xaa3f7)[0x7f6ab99443f7]
[broadwell-001:1328324] [ 6] /lib/x86_64-linux-gnu/libstdc++.so.6(+0xaa6a9)[0x7f6ab99446a9]
[broadwell-001:1328324] [ 7] /beegfs/home/echiavazza/unito-scpd/adaboost_mpi_v2/bin/./adaboost_mpi_v2(+0x1d0b6)[0x55eb39bef0b6]
[broadwell-001:1328324] [ 8] /beegfs/home/echiavazza/unito-scpd/adaboost_mpi_v2/bin/./adaboost_mpi_v2(+0x161db)[0x55eb39be81db]
[broadwell-001:1328305] [ 5] /lib/x86_64-linux-gnu/libstdc++.so.6(+0xaa3f7)[0x7f70b6d463f7]
[broadwell-001:1328305] [ 6] /lib/x86_64-linux-gnu/libstdc++.so.6(+0xaa6a9)[0x7f70b6d466a9]
[broadwell-001:1328305] [ 7] /beegfs/home/echiavazza/unito-scpd/adaboost_mpi_v2/bin/./adaboost_mpi_v2(+0x1d0b6)[0x56494ee810b6]
[broadwell-001:1328305] [ 8] /beegfs/home/echiavazza/unito-scpd/adaboost_mpi_v2/bin/./adaboost_mpi_v2(+0x161db)[0x56494ee7a1db]
[broadwell-001:1328305] [ 9] /beegfs/home/echiavazza/unito-scpd/adaboost_mpi_v2/bin/./adaboost_mpi_v2(+0x16fcd)[0x56494ee7afcd]
[broadwell-001:1328305] [10] /beegfs/home/echiavazza/unito-scpd/adaboost_mpi_v2/bin/./adaboost_mpi_v2(+0xfc4e)[0x56494ee73c4e]
[broadwell-001:1328305] [11] /beegfs/home/echiavazza/unito-scpd/adaboost_mpi_v2/bin/./adaboost_mpi_v2(+0x9539)[0x56494ee6d539]
[broadwell-001:1328306] [ 0] /lib/x86_64-linux-gnu/libc.so.6(+0x43090)[0x7f435b673090]
[broadwell-001:1328306] [ 1] /lib/x86_64-linux-gnu/libc.so.6(gsignal+0xcb)[0x7f435b67300b]
[broadwell-001:1328324] [ 9] /beegfs/home/echiavazza/unito-scpd/adaboost_mpi_v2/bin/./adaboost_mpi_v2(+0x16fcd)[0x55eb39be8fcd]
[broadwell-001:1328324] [10] /beegfs/home/echiavazza/unito-scpd/adaboost_mpi_v2/bin/./adaboost_mpi_v2(+0xfc4e)[0x55eb39be1c4e]
[broadwell-001:1328324] [11] /beegfs/home/echiavazza/unito-scpd/adaboost_mpi_v2/bin/./adaboost_mpi_v2(+0x9539)[0x55eb39bdb539]
[broadwell-001:1328324] [12] /lib/x86_64-linux-gnu/libc.so.6(__libc_start_main+0xf3)[0x7f6ab9562083]
[broadwell-001:1328324] [13] /beegfs/home/echiavazza/unito-scpd/adaboost_mpi_v2/bin/./adaboost_mpi_v2(+0x87be)[0x55eb39bda7be]
[broadwell-001:1328324] *** End of error message ***
[broadwell-001:1328305] [12] /lib/x86_64-linux-gnu/libc.so.6(__libc_start_main+0xf3)[0x7f70b6964083]
[broadwell-001:1328305] [13] /beegfs/home/echiavazza/unito-scpd/adaboost_mpi_v2/bin/./adaboost_mpi_v2(+0x87be)[0x56494ee6c7be]
[broadwell-001:1328305] *** End of error message ***
[broadwell-001:1328306] [ 2] /lib/x86_64-linux-gnu/libc.so.6(abort+0x12b)[0x7f435b652859]
[broadwell-001:1328306] [ 3] /lib/x86_64-linux-gnu/libstdc++.so.6(+0x9e911)[0x7f435ba2a911]
[broadwell-001:1328306] [ 4] /lib/x86_64-linux-gnu/libstdc++.so.6(+0xaa38c)[0x7f435ba3638c]
[broadwell-001:1328306] [ 5] /lib/x86_64-linux-gnu/libstdc++.so.6(+0xaa3f7)[0x7f435ba363f7]
[broadwell-001:1328306] [ 6] /lib/x86_64-linux-gnu/libstdc++.so.6(+0xaa6a9)[0x7f435ba366a9]
[broadwell-001:1328306] [ 7] /beegfs/home/echiavazza/unito-scpd/adaboost_mpi_v2/bin/./adaboost_mpi_v2(+0x1d0b6)[0x560bc73430b6]
[broadwell-001:1328306] [ 8] /beegfs/home/echiavazza/unito-scpd/adaboost_mpi_v2/bin/./adaboost_mpi_v2(+0x161db)[0x560bc733c1db]
[broadwell-001:1328306] [ 9] /beegfs/home/echiavazza/unito-scpd/adaboost_mpi_v2/bin/./adaboost_mpi_v2(+0x16fcd)[0x560bc733cfcd]
[broadwell-001:1328306] [10] /beegfs/home/echiavazza/unito-scpd/adaboost_mpi_v2/bin/./adaboost_mpi_v2(+0xfc4e)[0x560bc7335c4e]
[broadwell-001:1328306] [11] /beegfs/home/echiavazza/unito-scpd/adaboost_mpi_v2/bin/./adaboost_mpi_v2(+0x9539)[0x560bc732f539]
[broadwell-001:1328306] [12] /lib/x86_64-linux-gnu/libc.so.6(__libc_start_main+0xf3)[0x7f435b654083]
[broadwell-001:1328306] [13] /beegfs/home/echiavazza/unito-scpd/adaboost_mpi_v2/bin/./adaboost_mpi_v2(+0x87be)[0x560bc732e7be]
[broadwell-001:1328306] *** End of error message ***
terminate called after throwing an instance of 'std::invalid_argument'
  what():  requested type of dimension 54, but dataset only has 54 dimensions
[broadwell-001:1328316] *** Process received signal ***
[broadwell-001:1328316] Signal: Aborted (6)
[broadwell-001:1328316] Signal code:  (-6)
terminate called after throwing an instance of 'std::invalid_argument'
  what():  requested type of dimension 54, but dataset only has 54 dimensions
[broadwell-001:1328330] *** Process received signal ***
[broadwell-001:1328330] Signal: Aborted (6)
[broadwell-001:1328330] Signal code:  (-6)
[broadwell-001:1328330] [ 0] /lib/x86_64-linux-gnu/libc.so.6(+0x43090)[0x7fd656833090]
[broadwell-001:1328316] [ 0] /lib/x86_64-linux-gnu/libc.so.6(+0x43090)[0x7f86d3aae090]
[broadwell-001:1328316] [ 1] /lib/x86_64-linux-gnu/libc.so.6(gsignal+0xcb)[0x7f86d3aae00b]
[broadwell-001:1328316] [ 2] /lib/x86_64-linux-gnu/libc.so.6(abort+0x12b)[0x7f86d3a8d859]
[broadwell-001:1328330] [ 1] /lib/x86_64-linux-gnu/libc.so.6(gsignal+0xcb)[0x7fd65683300b]
[broadwell-001:1328330] [ 2] /lib/x86_64-linux-gnu/libc.so.6(abort+0x12b)[0x7fd656812859]
[broadwell-001:1328316] [ 3] /lib/x86_64-linux-gnu/libstdc++.so.6(+0x9e911)[0x7f86d3e65911]
[broadwell-001:1328316] [ 4] /lib/x86_64-linux-gnu/libstdc++.so.6(+0xaa38c)[0x7f86d3e7138c]
[broadwell-001:1328330] [ 3] /lib/x86_64-linux-gnu/libstdc++.so.6(+0x9e911)[0x7fd656bea911]
[broadwell-001:1328330] [ 4] /lib/x86_64-linux-gnu/libstdc++.so.6(+0xaa38c)[0x7fd656bf638c]
terminate called after throwing an instance of 'std::invalid_argument'
  what():  requested type of dimension 54, but dataset only has 54 dimensions
[broadwell-001:1328316] [ 5] /lib/x86_64-linux-gnu/libstdc++.so.6(+0xaa3f7)[0x7f86d3e713f7]
[broadwell-001:1328330] [ 5] /lib/x86_64-linux-gnu/libstdc++.so.6(+0xaa3f7)[0x7fd656bf63f7]
[broadwell-001:1328330] [ 6] /lib/x86_64-linux-gnu/libstdc++.so.6(+0xaa6a9)[0x7fd656bf66a9]
[broadwell-001:1328330] [ 7] /beegfs/home/echiavazza/unito-scpd/adaboost_mpi_v2/bin/./adaboost_mpi_v2(+0x1d0b6)[0x55d3362bb0b6]
[broadwell-001:1328330] [ 8] /beegfs/home/echiavazza/unito-scpd/adaboost_mpi_v2/bin/./adaboost_mpi_v2(+0x161db)[0x55d3362b41db]
[broadwell-001:1328330] [ 9] /beegfs/home/echiavazza/unito-scpd/adaboost_mpi_v2/bin/./adaboost_mpi_v2(+0x16fcd)[0x55d3362b4fcd]
[broadwell-001:1328330] [10] /beegfs/home/echiavazza/unito-scpd/adaboost_mpi_v2/bin/./adaboost_mpi_v2(+0xfc4e)[0x55d3362adc4e]
[broadwell-001:1328330] [11] /beegfs/home/echiavazza/unito-scpd/adaboost_mpi_v2/bin/./adaboost_mpi_v2(+0x9539)[0x55d3362a7539]
[broadwell-001:1328308] *** Process received signal ***
[broadwell-001:1328308] Signal: Aborted (6)
[broadwell-001:1328308] Signal code:  (-6)
[broadwell-001:1328316] [ 6] /lib/x86_64-linux-gnu/libstdc++.so.6(+0xaa6a9)[0x7f86d3e716a9]
[broadwell-001:1328316] [ 7] /beegfs/home/echiavazza/unito-scpd/adaboost_mpi_v2/bin/./adaboost_mpi_v2(+0x1d0b6)[0x55a36166f0b6]
[broadwell-001:1328316] [ 8] /beegfs/home/echiavazza/unito-scpd/adaboost_mpi_v2/bin/./adaboost_mpi_v2(+0x161db)[0x55a3616681db]
[broadwell-001:1328316] [ 9] /beegfs/home/echiavazza/unito-scpd/adaboost_mpi_v2/bin/./adaboost_mpi_v2(+0x16fcd)[0x55a361668fcd]
[broadwell-001:1328316] [10] /beegfs/home/echiavazza/unito-scpd/adaboost_mpi_v2/bin/./adaboost_mpi_v2(+0xfc4e)[0x55a361661c4e]
[broadwell-001:1328316] [11] /beegfs/home/echiavazza/unito-scpd/adaboost_mpi_v2/bin/./adaboost_mpi_v2(+0x9539)[0x55a36165b539]
[broadwell-001:1328316] [12] /lib/x86_64-linux-gnu/libc.so.6(__libc_start_main+0xf3)[0x7f86d3a8f083]
[broadwell-001:1328316] [13] /beegfs/home/echiavazza/unito-scpd/adaboost_mpi_v2/bin/./adaboost_mpi_v2(+0x87be)[0x55a36165a7be]
[broadwell-001:1328316] *** End of error message ***
terminate called after throwing an instance of 'std::invalid_argument'
  what():  requested type of dimension 54, but dataset only has 54 dimensions
[broadwell-001:1328329] *** Process received signal ***
[broadwell-001:1328329] Signal: Aborted (6)
[broadwell-001:1328329] Signal code:  (-6)
[broadwell-001:1328330] [12] /lib/x86_64-linux-gnu/libc.so.6(__libc_start_main+0xf3)[0x7fd656814083]
[broadwell-001:1328330] [13] /beegfs/home/echiavazza/unito-scpd/adaboost_mpi_v2/bin/./adaboost_mpi_v2(+0x87be)[0x55d3362a67be]
[broadwell-001:1328330] *** End of error message ***
[broadwell-001:1328308] [ 0] /lib/x86_64-linux-gnu/libc.so.6(+0x43090)[0x7ff2b0a1a090]
[broadwell-001:1328308] [ 1] /lib/x86_64-linux-gnu/libc.so.6(gsignal+0xcb)[0x7ff2b0a1a00b]
[broadwell-001:1328308] [ 2] /lib/x86_64-linux-gnu/libc.so.6(abort+0x12b)[0x7ff2b09f9859]
[broadwell-001:1328329] [ 0] /lib/x86_64-linux-gnu/libc.so.6(+0x43090)[0x7f67fe614090]
[broadwell-001:1328329] [ 1] /lib/x86_64-linux-gnu/libc.so.6(gsignal+0xcb)[0x7f67fe61400b]
[broadwell-001:1328308] [ 3] /lib/x86_64-linux-gnu/libstdc++.so.6(+0x9e911)[0x7ff2b0dd1911]
[broadwell-001:1328329] [ 2] /lib/x86_64-linux-gnu/libc.so.6(abort+0x12b)[0x7f67fe5f3859]
[broadwell-001:1328308] [ 4] /lib/x86_64-linux-gnu/libstdc++.so.6(+0xaa38c)[0x7ff2b0ddd38c]
[broadwell-001:1328329] [ 3] /lib/x86_64-linux-gnu/libstdc++.so.6(+0x9e911)[0x7f67fe9cb911]
[broadwell-001:1328308] [ 5] /lib/x86_64-linux-gnu/libstdc++.so.6(+0xaa3f7)[0x7ff2b0ddd3f7]
[broadwell-001:1328329] [ 4] /lib/x86_64-linux-gnu/libstdc++.so.6(+0xaa38c)[0x7f67fe9d738c]
terminate called after throwing an instance of 'std::invalid_argument'
  what():  requested type of dimension 54, but dataset only has 54 dimensions
[broadwell-001:1328339] *** Process received signal ***
[broadwell-001:1328339] Signal: Aborted (6)
[broadwell-001:1328339] Signal code:  (-6)
[broadwell-001:1328308] [ 6] /lib/x86_64-linux-gnu/libstdc++.so.6(+0xaa6a9)[0x7ff2b0ddd6a9]
[broadwell-001:1328308] [ 7] /beegfs/home/echiavazza/unito-scpd/adaboost_mpi_v2/bin/./adaboost_mpi_v2(+0x1d0b6)[0x55a82db880b6]
[broadwell-001:1328308] [ 8] /beegfs/home/echiavazza/unito-scpd/adaboost_mpi_v2/bin/./adaboost_mpi_v2(+0x161db)[0x55a82db811db]
[broadwell-001:1328308] [ 9] /beegfs/home/echiavazza/unito-scpd/adaboost_mpi_v2/bin/./adaboost_mpi_v2(+0x16fcd)[0x55a82db81fcd]
[broadwell-001:1328308] [10] /beegfs/home/echiavazza/unito-scpd/adaboost_mpi_v2/bin/./adaboost_mpi_v2(+0xfc4e)[0x55a82db7ac4e]
[broadwell-001:1328308] [11] /beegfs/home/echiavazza/unito-scpd/adaboost_mpi_v2/bin/./adaboost_mpi_v2(+0x9539)[0x55a82db74539]
[broadwell-001:1328308] [12] /lib/x86_64-linux-gnu/libc.so.6(__libc_start_main+0xf3)[0x7ff2b09fb083]
[broadwell-001:1328308] [13] /beegfs/home/echiavazza/unito-scpd/adaboost_mpi_v2/bin/./adaboost_mpi_v2(+0x87be)[0x55a82db737be]
[broadwell-001:1328308] *** End of error message ***
[broadwell-001:1328329] [ 5] /lib/x86_64-linux-gnu/libstdc++.so.6(+0xaa3f7)[0x7f67fe9d73f7]
[broadwell-001:1328329] [ 6] /lib/x86_64-linux-gnu/libstdc++.so.6(+0xaa6a9)[0x7f67fe9d76a9]
[broadwell-001:1328329] [ 7] /beegfs/home/echiavazza/unito-scpd/adaboost_mpi_v2/bin/./adaboost_mpi_v2(+0x1d0b6)[0x557c4b4bd0b6]
[broadwell-001:1328329] [ 8] /beegfs/home/echiavazza/unito-scpd/adaboost_mpi_v2/bin/./adaboost_mpi_v2(+0x161db)[0x557c4b4b61db]
[broadwell-001:1328329] [ 9] /beegfs/home/echiavazza/unito-scpd/adaboost_mpi_v2/bin/./adaboost_mpi_v2(+0x16fcd)[0x557c4b4b6fcd]
[broadwell-001:1328329] [10] /beegfs/home/echiavazza/unito-scpd/adaboost_mpi_v2/bin/./adaboost_mpi_v2(+0xfc4e)[0x557c4b4afc4e]
[broadwell-001:1328329] [11] /beegfs/home/echiavazza/unito-scpd/adaboost_mpi_v2/bin/./adaboost_mpi_v2(+0x9539)[0x557c4b4a9539]
[broadwell-001:1328329] [12] /lib/x86_64-linux-gnu/libc.so.6(__libc_start_main+0xf3)[0x7f67fe5f5083]
[broadwell-001:1328329] [13] /beegfs/home/echiavazza/unito-scpd/adaboost_mpi_v2/bin/./adaboost_mpi_v2(+0x87be)[0x557c4b4a87be]
[broadwell-001:1328329] *** End of error message ***
[broadwell-001:1328339] [ 0] /lib/x86_64-linux-gnu/libc.so.6(+0x43090)[0x7ffa91afa090]
[broadwell-001:1328339] [ 1] /lib/x86_64-linux-gnu/libc.so.6(gsignal+0xcb)[0x7ffa91afa00b]
[broadwell-001:1328339] [ 2] /lib/x86_64-linux-gnu/libc.so.6(abort+0x12b)[0x7ffa91ad9859]
[broadwell-001:1328339] [ 3] /lib/x86_64-linux-gnu/libstdc++.so.6(+0x9e911)[0x7ffa91eb1911]
[broadwell-001:1328339] [ 4] /lib/x86_64-linux-gnu/libstdc++.so.6(+0xaa38c)[0x7ffa91ebd38c]
[broadwell-001:1328339] [ 5] /lib/x86_64-linux-gnu/libstdc++.so.6(+0xaa3f7)[0x7ffa91ebd3f7]
[broadwell-001:1328339] [ 6] /lib/x86_64-linux-gnu/libstdc++.so.6(+0xaa6a9)[0x7ffa91ebd6a9]
[broadwell-001:1328339] [ 7] /beegfs/home/echiavazza/unito-scpd/adaboost_mpi_v2/bin/./adaboost_mpi_v2(+0x1d0b6)[0x55921d5210b6]
[broadwell-001:1328339] [ 8] /beegfs/home/echiavazza/unito-scpd/adaboost_mpi_v2/bin/./adaboost_mpi_v2(+0x161db)[0x55921d51a1db]
[broadwell-001:1328339] [ 9] /beegfs/home/echiavazza/unito-scpd/adaboost_mpi_v2/bin/./adaboost_mpi_v2(+0x16fcd)[0x55921d51afcd]
[broadwell-001:1328339] [10] /beegfs/home/echiavazza/unito-scpd/adaboost_mpi_v2/bin/./adaboost_mpi_v2(+0xfc4e)[0x55921d513c4e]
[broadwell-001:1328339] [11] /beegfs/home/echiavazza/unito-scpd/adaboost_mpi_v2/bin/./adaboost_mpi_v2(+0x9539)[0x55921d50d539]
[broadwell-001:1328339] [12] /lib/x86_64-linux-gnu/libc.so.6(__libc_start_main+0xf3)[0x7ffa91adb083]
[broadwell-001:1328339] [13] /beegfs/home/echiavazza/unito-scpd/adaboost_mpi_v2/bin/./adaboost_mpi_v2(+0x87be)[0x55921d50c7be]
[broadwell-001:1328339] *** End of error message ***
terminate called after throwing an instance of 'std::invalid_argument'
  what():  requested type of dimension 54, but dataset only has 54 dimensions
[broadwell-001:1328340] *** Process received signal ***
[broadwell-001:1328340] Signal: Aborted (6)
[broadwell-001:1328340] Signal code:  (-6)
[broadwell-001:1328340] [ 0] /lib/x86_64-linux-gnu/libc.so.6(+0x43090)[0x7fca9d3a3090]
[broadwell-001:1328340] [ 1] /lib/x86_64-linux-gnu/libc.so.6(gsignal+0xcb)[0x7fca9d3a300b]
[broadwell-001:1328340] [ 2] /lib/x86_64-linux-gnu/libc.so.6(abort+0x12b)[0x7fca9d382859]
[broadwell-001:1328340] [ 3] /lib/x86_64-linux-gnu/libstdc++.so.6(+0x9e911)[0x7fca9d75a911]
[broadwell-001:1328340] [ 4] /lib/x86_64-linux-gnu/libstdc++.so.6(+0xaa38c)[0x7fca9d76638c]
[broadwell-001:1328340] [ 5] /lib/x86_64-linux-gnu/libstdc++.so.6(+0xaa3f7)[0x7fca9d7663f7]
[broadwell-001:1328340] [ 6] /lib/x86_64-linux-gnu/libstdc++.so.6(+0xaa6a9)[0x7fca9d7666a9]
[broadwell-001:1328340] [ 7] /beegfs/home/echiavazza/unito-scpd/adaboost_mpi_v2/bin/./adaboost_mpi_v2(+0x1d0b6)[0x5621436080b6]
[broadwell-001:1328340] [ 8] /beegfs/home/echiavazza/unito-scpd/adaboost_mpi_v2/bin/./adaboost_mpi_v2(+0x161db)[0x5621436011db]
[broadwell-001:1328340] [ 9] /beegfs/home/echiavazza/unito-scpd/adaboost_mpi_v2/bin/./adaboost_mpi_v2(+0x16fcd)[0x562143601fcd]
[broadwell-001:1328340] [10] /beegfs/home/echiavazza/unito-scpd/adaboost_mpi_v2/bin/./adaboost_mpi_v2(+0xfc4e)[0x5621435fac4e]
[broadwell-001:1328340] [11] /beegfs/home/echiavazza/unito-scpd/adaboost_mpi_v2/bin/./adaboost_mpi_v2(+0x9539)[0x5621435f4539]
[broadwell-001:1328340] [12] /lib/x86_64-linux-gnu/libc.so.6(__libc_start_main+0xf3)[0x7fca9d384083]
[broadwell-001:1328340] [13] /beegfs/home/echiavazza/unito-scpd/adaboost_mpi_v2/bin/./adaboost_mpi_v2(+0x87be)[0x5621435f37be]
[broadwell-001:1328340] *** End of error message ***
terminate called after throwing an instance of 'std::invalid_argument'
  what():  requested type of dimension 54, but dataset only has 54 dimensions
[broadwell-001:1328331] *** Process received signal ***
[broadwell-001:1328331] Signal: Aborted (6)
[broadwell-001:1328331] Signal code:  (-6)
[broadwell-001:1328331] [ 0] /lib/x86_64-linux-gnu/libc.so.6(+0x43090)[0x7fa3ac6ce090]
[broadwell-001:1328331] [ 1] /lib/x86_64-linux-gnu/libc.so.6(gsignal+0xcb)[0x7fa3ac6ce00b]
[broadwell-001:1328331] [ 2] /lib/x86_64-linux-gnu/libc.so.6(abort+0x12b)[0x7fa3ac6ad859]
terminate called after throwing an instance of 'std::invalid_argument'
  what():  requested type of dimension 54, but dataset only has 54 dimensions
[broadwell-001:1328332] *** Process received signal ***
[broadwell-001:1328332] Signal: Aborted (6)
[broadwell-001:1328332] Signal code:  (-6)
[broadwell-001:1328331] [ 3] /lib/x86_64-linux-gnu/libstdc++.so.6(+0x9e911)[0x7fa3aca85911]
[broadwell-001:1328331] [ 4] /lib/x86_64-linux-gnu/libstdc++.so.6(+0xaa38c)[0x7fa3aca9138c]
[broadwell-001:1328331] [ 5] /lib/x86_64-linux-gnu/libstdc++.so.6(+0xaa3f7)[0x7fa3aca913f7]
[broadwell-001:1328332] [ 0] /lib/x86_64-linux-gnu/libc.so.6(+0x43090)[0x7f48b0e2e090]
[broadwell-001:1328332] [ 1] /lib/x86_64-linux-gnu/libc.so.6(gsignal+0xcb)[0x7f48b0e2e00b]
[broadwell-001:1328331] [ 6] /lib/x86_64-linux-gnu/libstdc++.so.6(+0xaa6a9)[0x7fa3aca916a9]
[broadwell-001:1328331] [ 7] /beegfs/home/echiavazza/unito-scpd/adaboost_mpi_v2/bin/./adaboost_mpi_v2(+0x1d0b6)[0x560af50da0b6]
[broadwell-001:1328331] [ 8] /beegfs/home/echiavazza/unito-scpd/adaboost_mpi_v2/bin/./adaboost_mpi_v2(+0x161db)[0x560af50d31db]
[broadwell-001:1328331] [ 9] /beegfs/home/echiavazza/unito-scpd/adaboost_mpi_v2/bin/./adaboost_mpi_v2(+0x16fcd)[0x560af50d3fcd]
[broadwell-001:1328331] [10] /beegfs/home/echiavazza/unito-scpd/adaboost_mpi_v2/bin/./adaboost_mpi_v2(+0xfc4e)[0x560af50ccc4e]
[broadwell-001:1328331] [11] /beegfs/home/echiavazza/unito-scpd/adaboost_mpi_v2/bin/./adaboost_mpi_v2(+0x9539)[0x560af50c6539]
[broadwell-001:1328332] [ 2] /lib/x86_64-linux-gnu/libc.so.6(abort+0x12b)[0x7f48b0e0d859]
[broadwell-001:1328332] [ 3] /lib/x86_64-linux-gnu/libstdc++.so.6(+0x9e911)[0x7f48b11e5911]
[broadwell-001:1328331] [12] /lib/x86_64-linux-gnu/libc.so.6(__libc_start_main+0xf3)[0x7fa3ac6af083]
[broadwell-001:1328331] [13] /beegfs/home/echiavazza/unito-scpd/adaboost_mpi_v2/bin/./adaboost_mpi_v2(+0x87be)[0x560af50c57be]
[broadwell-001:1328331] *** End of error message ***
[broadwell-001:1328332] [ 4] /lib/x86_64-linux-gnu/libstdc++.so.6(+0xaa38c)[0x7f48b11f138c]
[broadwell-001:1328332] [ 5] /lib/x86_64-linux-gnu/libstdc++.so.6(+0xaa3f7)[0x7f48b11f13f7]
[broadwell-001:1328332] [ 6] /lib/x86_64-linux-gnu/libstdc++.so.6(+0xaa6a9)[0x7f48b11f16a9]
[broadwell-001:1328332] [ 7] /beegfs/home/echiavazza/unito-scpd/adaboost_mpi_v2/bin/./adaboost_mpi_v2(+0x1d0b6)[0x563b4da150b6]
[broadwell-001:1328332] [ 8] /beegfs/home/echiavazza/unito-scpd/adaboost_mpi_v2/bin/./adaboost_mpi_v2(+0x161db)[0x563b4da0e1db]
[broadwell-001:1328332] [ 9] /beegfs/home/echiavazza/unito-scpd/adaboost_mpi_v2/bin/./adaboost_mpi_v2(+0x16fcd)[0x563b4da0efcd]
[broadwell-001:1328332] [10] /beegfs/home/echiavazza/unito-scpd/adaboost_mpi_v2/bin/./adaboost_mpi_v2(+0xfc4e)[0x563b4da07c4e]
[broadwell-001:1328332] [11] /beegfs/home/echiavazza/unito-scpd/adaboost_mpi_v2/bin/./adaboost_mpi_v2(+0x9539)[0x563b4da01539]
[broadwell-001:1328332] [12] /lib/x86_64-linux-gnu/libc.so.6(__libc_start_main+0xf3)[0x7f48b0e0f083]
[broadwell-001:1328332] [13] /beegfs/home/echiavazza/unito-scpd/adaboost_mpi_v2/bin/./adaboost_mpi_v2(+0x87be)[0x563b4da007be]
[broadwell-001:1328332] *** End of error message ***
terminate called after throwing an instance of 'std::invalid_argument'
  what():  requested type of dimension 54, but dataset only has 54 dimensions
[broadwell-001:1328328] *** Process received signal ***
[broadwell-001:1328328] Signal: Aborted (6)
[broadwell-001:1328328] Signal code:  (-6)
[broadwell-001:1328328] [ 0] /lib/x86_64-linux-gnu/libc.so.6(+0x43090)[0x7fa70dfa3090]
[broadwell-001:1328328] [ 1] /lib/x86_64-linux-gnu/libc.so.6(gsignal+0xcb)[0x7fa70dfa300b]
[broadwell-001:1328328] [ 2] /lib/x86_64-linux-gnu/libc.so.6(abort+0x12b)[0x7fa70df82859]
[broadwell-001:1328328] [ 3] /lib/x86_64-linux-gnu/libstdc++.so.6(+0x9e911)[0x7fa70e35a911]
[broadwell-001:1328328] [ 4] /lib/x86_64-linux-gnu/libstdc++.so.6(+0xaa38c)[0x7fa70e36638c]
[broadwell-001:1328328] [ 5] /lib/x86_64-linux-gnu/libstdc++.so.6(+0xaa3f7)[0x7fa70e3663f7]
[broadwell-001:1328328] [ 6] /lib/x86_64-linux-gnu/libstdc++.so.6(+0xaa6a9)[0x7fa70e3666a9]
[broadwell-001:1328328] [ 7] /beegfs/home/echiavazza/unito-scpd/adaboost_mpi_v2/bin/./adaboost_mpi_v2(+0x1d0b6)[0x563c0c9ae0b6]
[broadwell-001:1328328] [ 8] /beegfs/home/echiavazza/unito-scpd/adaboost_mpi_v2/bin/./adaboost_mpi_v2(+0x161db)[0x563c0c9a71db]
[broadwell-001:1328328] [ 9] /beegfs/home/echiavazza/unito-scpd/adaboost_mpi_v2/bin/./adaboost_mpi_v2(+0x16fcd)[0x563c0c9a7fcd]
[broadwell-001:1328328] [10] /beegfs/home/echiavazza/unito-scpd/adaboost_mpi_v2/bin/./adaboost_mpi_v2(+0xfc4e)[0x563c0c9a0c4e]
[broadwell-001:1328328] [11] /beegfs/home/echiavazza/unito-scpd/adaboost_mpi_v2/bin/./adaboost_mpi_v2(+0x9539)[0x563c0c99a539]
[broadwell-001:1328328] [12] /lib/x86_64-linux-gnu/libc.so.6(__libc_start_main+0xf3)[0x7fa70df84083]
[broadwell-001:1328328] [13] /beegfs/home/echiavazza/unito-scpd/adaboost_mpi_v2/bin/./adaboost_mpi_v2(+0x87be)[0x563c0c9997be]
[broadwell-001:1328328] *** End of error message ***
srun: Received task exit notification for 26 tasks of StepId=168660.0 (status=0x0006).
srun: error: broadwell-001: tasks 0-3,5,7,9-11,13,16-17,19-27,29,31,33-35: Aborted
srun: Received task exit notification for 5 tasks of StepId=168660.0 (status=0x0086).
srun: error: broadwell-001: tasks 8,14-15,18,30: Aborted (core dumped)
srun: Received task exit notification for 5 tasks of StepId=168660.0 (status=0x0086).
srun: error: broadwell-001: tasks 4,6,12,28,32: Aborted (core dumped)
