make[2]: Warning: File '/beegfs/home/echiavazza/unito-scpd/adaboost_mpi_v2/obj/libcommunication_lib.a' has modification time 0.41 s in the future
/beegfs/home/echiavazza/unito-scpd/adaboost_mpi_v2/src/main.cpp:152:1: fatal error: opening dependency file CMakeFiles/adaboost_mpi_v2.dir/src/main.cpp.o.d: No such file or directory
  152 | }
      | ^
compilation terminated.
make[2]: *** [CMakeFiles/adaboost_mpi_v2.dir/build.make:76: CMakeFiles/adaboost_mpi_v2.dir/src/main.cpp.o] Error 1
make[2]: *** Waiting for unfinished jobs....
/beegfs/home/echiavazza/unito-scpd/adaboost_mpi_v2/src/data_lib/datalib.cpp:128:1: fatal error: opening dependency file CMakeFiles/adaboost_mpi_v2.dir/src/data_lib/datalib.cpp.o.d: No such file or directory
  128 | }
      | ^
compilation terminated.
make[2]: *** [CMakeFiles/adaboost_mpi_v2.dir/build.make:90: CMakeFiles/adaboost_mpi_v2.dir/src/data_lib/datalib.cpp.o] Error 1
/beegfs/home/echiavazza/unito-scpd/adaboost_mpi_v2/src/communication_lib/libcomm.cpp:337:1: fatal error: opening dependency file CMakeFiles/adaboost_mpi_v2.dir/src/communication_lib/libcomm.cpp.o.d: No such file or directory
  337 | }
      | ^
compilation terminated.
make[2]: *** [CMakeFiles/adaboost_mpi_v2.dir/build.make:104: CMakeFiles/adaboost_mpi_v2.dir/src/communication_lib/libcomm.cpp.o] Error 1
make[1]: *** [CMakeFiles/Makefile2:140: CMakeFiles/adaboost_mpi_v2.dir/all] Error 2
make: *** [Makefile:91: all] Error 2
srun: defined options
srun: -------------------- --------------------
srun: (null)              : broadwell-002
srun: jobid               : 168683
srun: job-name            : submit.sh
srun: mpi                 : pmix
srun: nodes               : 1
srun: ntasks              : 36
srun: ntasks-per-node     : 36
srun: verbose             : 1
srun: -------------------- --------------------
srun: end of defined options
srun: jobid 168683: nodes(1):`broadwell-002', cpu counts: 36(x1)
srun: CpuBindType=(null type)
srun: launching StepId=168683.0 on host broadwell-002, 36 tasks: [0-35]
srun: topology/default: init: topology Default plugin loaded
srun: Node broadwell-002, 36 tasks started
