make: Warning: File 'Makefile' has modification time 0.22 s in the future
make[1]: Warning: File 'CMakeFiles/Makefile2' has modification time 0.013 s in the future
make[2]: Warning: File 'CMakeFiles/communication_lib.dir/build.make' has modification time 0.0018 s in the future
make[2]: warning:  Clock skew detected.  Your build may be incomplete.
/beegfs/home/echiavazza/unito-scpd/adaboost_mpi_v2/src/data_lib/datalib.cpp:128:1: fatal error: opening dependency file CMakeFiles/data_lib.dir/src/data_lib/datalib.cpp.o.d: No such file or directory
  128 | }
      | ^
compilation terminated.
make[2]: *** [CMakeFiles/data_lib.dir/build.make:76: CMakeFiles/data_lib.dir/src/data_lib/datalib.cpp.o] Error 1
make[1]: *** [CMakeFiles/Makefile2:113: CMakeFiles/data_lib.dir/all] Error 2
make[1]: *** Waiting for unfinished jobs....
/beegfs/home/echiavazza/unito-scpd/adaboost_mpi_v2/src/communication_lib/libcomm.cpp:337:1: fatal error: opening dependency file CMakeFiles/communication_lib.dir/src/communication_lib/libcomm.cpp.o.d: No such file or directory
  337 | }
      | ^
compilation terminated.
make[2]: *** [CMakeFiles/communication_lib.dir/build.make:76: CMakeFiles/communication_lib.dir/src/communication_lib/libcomm.cpp.o] Error 1
make[1]: *** [CMakeFiles/Makefile2:87: CMakeFiles/communication_lib.dir/all] Error 2
make: *** [Makefile:91: all] Error 2
srun: defined options
srun: -------------------- --------------------
srun: (null)              : broadwell-[003-004]
srun: jobid               : 168684
srun: job-name            : submit.sh
srun: mpi                 : pmix
srun: nodes               : 2
srun: ntasks              : 72
srun: ntasks-per-node     : 36
srun: verbose             : 1
srun: -------------------- --------------------
srun: end of defined options
srun: jobid 168684: nodes(2):`broadwell-[003-004]', cpu counts: 36(x2)
srun: CpuBindType=(null type)
srun: launching StepId=168684.0 on host broadwell-003, 36 tasks: [0-35]
srun: launching StepId=168684.0 on host broadwell-004, 36 tasks: [36-71]
srun: topology/default: init: topology Default plugin loaded
srun: Node broadwell-003, 36 tasks started
srun: Node broadwell-004, 36 tasks started
