make: Warning: File 'Makefile' has modification time 0.4 s in the future
make[1]: Warning: File 'CMakeFiles/Makefile2' has modification time 0.17 s in the future
make[2]: Warning: File 'CMakeFiles/communication_lib.dir/build.make' has modification time 0.15 s in the future
make[2]: Warning: File 'CMakeFiles/data_lib.dir/build.make' has modification time 0.15 s in the future
make[2]: warning:  Clock skew detected.  Your build may be incomplete.
make[2]: warning:  Clock skew detected.  Your build may be incomplete.
make[2]: Warning: File 'CMakeFiles/communication_lib.dir/build.make' has modification time 0.04 s in the future
make[2]: Warning: File 'CMakeFiles/data_lib.dir/build.make' has modification time 0.04 s in the future
make[2]: warning:  Clock skew detected.  Your build may be incomplete.
make[2]: warning:  Clock skew detected.  Your build may be incomplete.
make[2]: Warning: File '/beegfs/home/echiavazza/unito-scpd/adaboost_mpi_v2/obj/libcommunication_lib.a' has modification time 0.9 s in the future
/beegfs/home/echiavazza/unito-scpd/adaboost_mpi_v2/src/main.cpp: In function ‘int main(int, char**)’:
/beegfs/home/echiavazza/unito-scpd/adaboost_mpi_v2/src/main.cpp:36:39: error: expected ‘;’ before ‘for’
   36 |  std::cout << "send start"<< std::endl
      |                                       ^
      |                                       ;
   37 |         for (int i = 1; i < world_size; ++i) {
      |         ~~~                            
/beegfs/home/echiavazza/unito-scpd/adaboost_mpi_v2/src/main.cpp:37:25: error: ‘i’ was not declared in this scope
   37 |         for (int i = 1; i < world_size; ++i) {
      |                         ^
/beegfs/home/echiavazza/unito-scpd/adaboost_mpi_v2/src/main.cpp:42:37: error: expected ‘;’ before ‘broadcastDatasetInfo’
   42 |  std::cout << "send end"<< std::endl
      |                                     ^
      |                                     ;
   43 |         broadcastDatasetInfo(info);
      |         ~~~~~~~~~~~~~~~~~~~~         
make[2]: *** [CMakeFiles/adaboost-mpi_v2.dir/build.make:76: CMakeFiles/adaboost-mpi_v2.dir/src/main.cpp.o] Error 1
make[2]: *** Waiting for unfinished jobs....
make[1]: *** [CMakeFiles/Makefile2:140: CMakeFiles/adaboost-mpi_v2.dir/all] Error 2
make: *** [Makefile:91: all] Error 2
srun: defined options
srun: -------------------- --------------------
srun: (null)              : broadwell-001
srun: jobid               : 168658
srun: job-name            : submit.sh
srun: mpi                 : pmix
srun: nodes               : 1
srun: ntasks              : 36
srun: ntasks-per-node     : 36
srun: verbose             : 1
srun: -------------------- --------------------
srun: end of defined options
srun: jobid 168658: nodes(1):`broadwell-001', cpu counts: 36(x1)
srun: CpuBindType=(null type)
srun: launching StepId=168658.0 on host broadwell-001, 36 tasks: [0-35]
srun: topology/default: init: topology Default plugin loaded
srun: Node broadwell-001, 36 tasks started
terminate called after throwing an instance of 'std::invalid_argument'
  what():  requested type of dimension 54, but dataset only has 54 dimensions
terminate called after throwing an instance of 'std::invalid_argument'
  what():  requested type of dimension 54, but dataset only has 54 dimensions
[broadwell-001:1327532] *** Process received signal ***
terminate called after throwing an instance of 'std::invalid_argument'
  what():  requested type of dimension 54, but dataset only has 54 dimensions
[broadwell-001:1327536] *** Process received signal ***
[broadwell-001:1327536] Signal: Aborted (6)
[broadwell-001:1327536] Signal code:  (-6)
terminate called after throwing an instance of 'std::invalid_argument'
  what():  requested type of dimension 54, but dataset only has 54 dimensions
[broadwell-001:1327554] *** Process received signal ***
[broadwell-001:1327554] Signal: Aborted (6)
[broadwell-001:1327554] Signal code:  (-6)
[broadwell-001:1327530] *** Process received signal ***
[broadwell-001:1327530] Signal: Aborted (6)
[broadwell-001:1327530] Signal code:  (-6)
[broadwell-001:1327532] Signal: Aborted (6)
[broadwell-001:1327532] Signal code:  (-6)
[broadwell-001:1327536] [ 0] /lib/x86_64-linux-gnu/libc.so.6(+0x43090)[0x7f75bad52090]
[broadwell-001:1327554] [ 0] /lib/x86_64-linux-gnu/libc.so.6(+0x43090)[0x7f98893aa090]
[broadwell-001:1327530] [ 0] /lib/x86_64-linux-gnu/libc.so.6(+0x43090)[0x7fa782f11090]
[broadwell-001:1327530] [ 1] /lib/x86_64-linux-gnu/libc.so.6(gsignal+0xcb)[0x7fa782f1100b]
[broadwell-001:1327530] [ 2] /lib/x86_64-linux-gnu/libc.so.6(abort+0x12b)[0x7fa782ef0859]
[broadwell-001:1327530] [ 3] /lib/x86_64-linux-gnu/libstdc++.so.6(+0x9e911)[0x7fa7832c8911]
[broadwell-001:1327532] [ 0] /lib/x86_64-linux-gnu/libc.so.6(+0x43090)[0x7f84982b1090]
[broadwell-001:1327532] [ 1] /lib/x86_64-linux-gnu/libc.so.6(gsignal+0xcb)[0x7f84982b100b]
[broadwell-001:1327532] [ 2] /lib/x86_64-linux-gnu/libc.so.6(abort+0x12b)[0x7f8498290859]
[broadwell-001:1327532] [ 3] /lib/x86_64-linux-gnu/libstdc++.so.6(+0x9e911)[0x7f8498668911]
[broadwell-001:1327536] [ 1] /lib/x86_64-linux-gnu/libc.so.6(gsignal+0xcb)[0x7f75bad5200b]
[broadwell-001:1327536] [ 2] /lib/x86_64-linux-gnu/libc.so.6(abort+0x12b)[0x7f75bad31859]
[broadwell-001:1327536] [ 3] /lib/x86_64-linux-gnu/libstdc++.so.6(+0x9e911)[0x7f75bb109911]
terminate called after throwing an instance of 'std::invalid_argument'
  what():  requested type of dimension 54, but dataset only has 54 dimensions
[broadwell-001:1327544] *** Process received signal ***
[broadwell-001:1327544] Signal: Aborted (6)
[broadwell-001:1327544] Signal code:  (-6)
terminate called after throwing an instance of 'std::invalid_argument'
  what():  requested type of dimension 54, but dataset only has 54 dimensions
[broadwell-001:1327546] *** Process received signal ***
[broadwell-001:1327546] Signal: Aborted (6)
[broadwell-001:1327546] Signal code:  (-6)
[broadwell-001:1327554] [ 1] /lib/x86_64-linux-gnu/libc.so.6(gsignal+0xcb)[0x7f98893aa00b]
[broadwell-001:1327554] [ 2] /lib/x86_64-linux-gnu/libc.so.6(abort+0x12b)[0x7f9889389859]
[broadwell-001:1327554] [ 3] /lib/x86_64-linux-gnu/libstdc++.so.6(+0x9e911)[0x7f9889761911]
[broadwell-001:1327554] [ 4] /lib/x86_64-linux-gnu/libstdc++.so.6(+0xaa38c)[0x7f988976d38c]
[broadwell-001:1327530] [ 4] /lib/x86_64-linux-gnu/libstdc++.so.6(+0xaa38c)[0x7fa7832d438c]
[broadwell-001:1327530] [ 5] /lib/x86_64-linux-gnu/libstdc++.so.6(+0xaa3f7)[0x7fa7832d43f7]
[broadwell-001:1327532] [ 4] /lib/x86_64-linux-gnu/libstdc++.so.6(+0xaa38c)[0x7f849867438c]
[broadwell-001:1327532] [ 5] /lib/x86_64-linux-gnu/libstdc++.so.6(+0xaa3f7)[0x7f84986743f7]
[broadwell-001:1327536] [ 4] /lib/x86_64-linux-gnu/libstdc++.so.6(+0xaa38c)[0x7f75bb11538c]
[broadwell-001:1327536] [ 5] /lib/x86_64-linux-gnu/libstdc++.so.6(+0xaa3f7)[0x7f75bb1153f7]
[broadwell-001:1327544] [ 0] /lib/x86_64-linux-gnu/libc.so.6(+0x43090)[0x7fc5cc942090]
[broadwell-001:1327544] [ 1] /lib/x86_64-linux-gnu/libc.so.6(gsignal+0xcb)[0x7fc5cc94200b]
[broadwell-001:1327546] [ 0] /lib/x86_64-linux-gnu/libc.so.6(+0x43090)[0x7f0993acd090]
[broadwell-001:1327546] [ 1] /lib/x86_64-linux-gnu/libc.so.6(gsignal+0xcb)[0x7f0993acd00b]
[broadwell-001:1327546] [ 2] /lib/x86_64-linux-gnu/libc.so.6(abort+0x12b)[0x7f0993aac859]
[broadwell-001:1327554] [ 5] /lib/x86_64-linux-gnu/libstdc++.so.6(+0xaa3f7)[0x7f988976d3f7]
[broadwell-001:1327554] [ 6] /lib/x86_64-linux-gnu/libstdc++.so.6(+0xaa6a9)[0x7f988976d6a9]
[broadwell-001:1327554] [ 7] /beegfs/home/echiavazza/unito-scpd/adaboost_mpi_v2/bin/./adaboost_mpi_v2(+0x1d0b6)[0x55d510a950b6]
[broadwell-001:1327530] [ 6] /lib/x86_64-linux-gnu/libstdc++.so.6(+0xaa6a9)[0x7fa7832d46a9]
[broadwell-001:1327530] [ 7] /beegfs/home/echiavazza/unito-scpd/adaboost_mpi_v2/bin/./adaboost_mpi_v2(+0x1d0b6)[0x5653d2b8f0b6]
[broadwell-001:1327530] [ 8] /beegfs/home/echiavazza/unito-scpd/adaboost_mpi_v2/bin/./adaboost_mpi_v2(+0x161db)[0x5653d2b881db]
[broadwell-001:1327530] [ 9] /beegfs/home/echiavazza/unito-scpd/adaboost_mpi_v2/bin/./adaboost_mpi_v2(+0x16fcd)[0x5653d2b88fcd]
[broadwell-001:1327530] [10] /beegfs/home/echiavazza/unito-scpd/adaboost_mpi_v2/bin/./adaboost_mpi_v2(+0xfc4e)[0x5653d2b81c4e]
[broadwell-001:1327530] [11] /beegfs/home/echiavazza/unito-scpd/adaboost_mpi_v2/bin/./adaboost_mpi_v2(+0x9539)[0x5653d2b7b539]
[broadwell-001:1327530] [12] /lib/x86_64-linux-gnu/libc.so.6(__libc_start_main+0xf3)[0x7fa782ef2083]
[broadwell-001:1327532] [ 6] /lib/x86_64-linux-gnu/libstdc++.so.6(+0xaa6a9)[0x7f84986746a9]
[broadwell-001:1327532] [ 7] /beegfs/home/echiavazza/unito-scpd/adaboost_mpi_v2/bin/./adaboost_mpi_v2(+0x1d0b6)[0x55663f4640b6]
[broadwell-001:1327532] [ 8] /beegfs/home/echiavazza/unito-scpd/adaboost_mpi_v2/bin/./adaboost_mpi_v2(+0x161db)[0x55663f45d1db]
[broadwell-001:1327532] [ 9] /beegfs/home/echiavazza/unito-scpd/adaboost_mpi_v2/bin/./adaboost_mpi_v2(+0x16fcd)[0x55663f45dfcd]
[broadwell-001:1327532] [10] /beegfs/home/echiavazza/unito-scpd/adaboost_mpi_v2/bin/./adaboost_mpi_v2(+0xfc4e)[0x55663f456c4e]
[broadwell-001:1327532] [11] /beegfs/home/echiavazza/unito-scpd/adaboost_mpi_v2/bin/./adaboost_mpi_v2(+0x9539)[0x55663f450539]
[broadwell-001:1327532] [12] /lib/x86_64-linux-gnu/libc.so.6(__libc_start_main+0xf3)[0x7f8498292083]
[broadwell-001:1327532] [13] /beegfs/home/echiavazza/unito-scpd/adaboost_mpi_v2/bin/./adaboost_mpi_v2(+0x87be)[0x55663f44f7be]
[broadwell-001:1327532] *** End of error message ***
[broadwell-001:1327536] [ 6] /lib/x86_64-linux-gnu/libstdc++.so.6(+0xaa6a9)[0x7f75bb1156a9]
[broadwell-001:1327536] [ 7] /beegfs/home/echiavazza/unito-scpd/adaboost_mpi_v2/bin/./adaboost_mpi_v2(+0x1d0b6)[0x5573dfe150b6]
[broadwell-001:1327536] [ 8] /beegfs/home/echiavazza/unito-scpd/adaboost_mpi_v2/bin/./adaboost_mpi_v2(+0x161db)[0x5573dfe0e1db]
[broadwell-001:1327536] [ 9] /beegfs/home/echiavazza/unito-scpd/adaboost_mpi_v2/bin/./adaboost_mpi_v2(+0x16fcd)[0x5573dfe0efcd]
[broadwell-001:1327536] [10] /beegfs/home/echiavazza/unito-scpd/adaboost_mpi_v2/bin/./adaboost_mpi_v2(+0xfc4e)[0x5573dfe07c4e]
[broadwell-001:1327536] [11] /beegfs/home/echiavazza/unito-scpd/adaboost_mpi_v2/bin/./adaboost_mpi_v2(+0x9539)[0x5573dfe01539]
[broadwell-001:1327536] [12] /lib/x86_64-linux-gnu/libc.so.6(__libc_start_main+0xf3)[0x7f75bad33083]
[broadwell-001:1327536] [13] /beegfs/home/echiavazza/unito-scpd/adaboost_mpi_v2/bin/./adaboost_mpi_v2(+0x87be)[0x5573dfe007be]
[broadwell-001:1327536] *** End of error message ***
[broadwell-001:1327544] [ 2] /lib/x86_64-linux-gnu/libc.so.6(abort+0x12b)[0x7fc5cc921859]
[broadwell-001:1327544] [ 3] /lib/x86_64-linux-gnu/libstdc++.so.6(+0x9e911)[0x7fc5cccf9911]
[broadwell-001:1327546] [ 3] /lib/x86_64-linux-gnu/libstdc++.so.6(+0x9e911)[0x7f0993e84911]
[broadwell-001:1327546] [ 4] /lib/x86_64-linux-gnu/libstdc++.so.6(+0xaa38c)[0x7f0993e9038c]
[broadwell-001:1327554] [ 8] /beegfs/home/echiavazza/unito-scpd/adaboost_mpi_v2/bin/./adaboost_mpi_v2(+0x161db)[0x55d510a8e1db]
[broadwell-001:1327554] [ 9] /beegfs/home/echiavazza/unito-scpd/adaboost_mpi_v2/bin/./adaboost_mpi_v2(+0x16fcd)[0x55d510a8efcd]
[broadwell-001:1327554] [10] /beegfs/home/echiavazza/unito-scpd/adaboost_mpi_v2/bin/./adaboost_mpi_v2(+0xfc4e)[0x55d510a87c4e]
[broadwell-001:1327554] [11] /beegfs/home/echiavazza/unito-scpd/adaboost_mpi_v2/bin/./adaboost_mpi_v2(+0x9539)[0x55d510a81539]
[broadwell-001:1327554] [12] /lib/x86_64-linux-gnu/libc.so.6(__libc_start_main+0xf3)[0x7f988938b083]
[broadwell-001:1327554] [13] /beegfs/home/echiavazza/unito-scpd/adaboost_mpi_v2/bin/./adaboost_mpi_v2(+0x87be)[0x55d510a807be]
[broadwell-001:1327554] *** End of error message ***
[broadwell-001:1327530] [13] /beegfs/home/echiavazza/unito-scpd/adaboost_mpi_v2/bin/./adaboost_mpi_v2(+0x87be)[0x5653d2b7a7be]
[broadwell-001:1327530] *** End of error message ***
[broadwell-001:1327544] [ 4] /lib/x86_64-linux-gnu/libstdc++.so.6(+0xaa38c)[0x7fc5ccd0538c]
[broadwell-001:1327544] [ 5] /lib/x86_64-linux-gnu/libstdc++.so.6(+0xaa3f7)[0x7fc5ccd053f7]
[broadwell-001:1327546] [ 5] /lib/x86_64-linux-gnu/libstdc++.so.6(+0xaa3f7)[0x7f0993e903f7]
[broadwell-001:1327546] [ 6] /lib/x86_64-linux-gnu/libstdc++.so.6(+0xaa6a9)[0x7f0993e906a9]
[broadwell-001:1327546] [ 7] /beegfs/home/echiavazza/unito-scpd/adaboost_mpi_v2/bin/./adaboost_mpi_v2(+0x1d0b6)[0x560a43a600b6]
[broadwell-001:1327546] [ 8] /beegfs/home/echiavazza/unito-scpd/adaboost_mpi_v2/bin/./adaboost_mpi_v2(+0x161db)[0x560a43a591db]
[broadwell-001:1327546] [ 9] /beegfs/home/echiavazza/unito-scpd/adaboost_mpi_v2/bin/./adaboost_mpi_v2(+0x16fcd)[0x560a43a59fcd]
[broadwell-001:1327544] [ 6] /lib/x86_64-linux-gnu/libstdc++.so.6(+0xaa6a9)[0x7fc5ccd056a9]
[broadwell-001:1327544] [ 7] /beegfs/home/echiavazza/unito-scpd/adaboost_mpi_v2/bin/./adaboost_mpi_v2(+0x1d0b6)[0x5561825370b6]
[broadwell-001:1327544] [ 8] /beegfs/home/echiavazza/unito-scpd/adaboost_mpi_v2/bin/./adaboost_mpi_v2(+0x161db)[0x5561825301db]
[broadwell-001:1327544] [ 9] /beegfs/home/echiavazza/unito-scpd/adaboost_mpi_v2/bin/./adaboost_mpi_v2(+0x16fcd)[0x556182530fcd]
[broadwell-001:1327546] [10] /beegfs/home/echiavazza/unito-scpd/adaboost_mpi_v2/bin/./adaboost_mpi_v2(+0xfc4e)[0x560a43a52c4e]
[broadwell-001:1327546] [11] /beegfs/home/echiavazza/unito-scpd/adaboost_mpi_v2/bin/./adaboost_mpi_v2(+0x9539)[0x560a43a4c539]
[broadwell-001:1327546] [12] /lib/x86_64-linux-gnu/libc.so.6(__libc_start_main+0xf3)[0x7f0993aae083]
[broadwell-001:1327546] [13] /beegfs/home/echiavazza/unito-scpd/adaboost_mpi_v2/bin/./adaboost_mpi_v2(+0x87be)[0x560a43a4b7be]
[broadwell-001:1327546] *** End of error message ***
[broadwell-001:1327544] [10] /beegfs/home/echiavazza/unito-scpd/adaboost_mpi_v2/bin/./adaboost_mpi_v2(+0xfc4e)[0x556182529c4e]
[broadwell-001:1327544] [11] /beegfs/home/echiavazza/unito-scpd/adaboost_mpi_v2/bin/./adaboost_mpi_v2(+0x9539)[0x556182523539]
[broadwell-001:1327544] [12] /lib/x86_64-linux-gnu/libc.so.6(__libc_start_main+0xf3)[0x7fc5cc923083]
[broadwell-001:1327544] [13] /beegfs/home/echiavazza/unito-scpd/adaboost_mpi_v2/bin/./adaboost_mpi_v2(+0x87be)[0x5561825227be]
[broadwell-001:1327544] *** End of error message ***
terminate called after throwing an instance of 'std::invalid_argument'
  what():  requested type of dimension 54, but dataset only has 54 dimensions
[broadwell-001:1327540] *** Process received signal ***
[broadwell-001:1327540] Signal: Aborted (6)
[broadwell-001:1327540] Signal code:  (-6)
[broadwell-001:1327540] [ 0] /lib/x86_64-linux-gnu/libc.so.6(+0x43090)[0x7fe655cbb090]
[broadwell-001:1327540] [ 1] /lib/x86_64-linux-gnu/libc.so.6(gsignal+0xcb)[0x7fe655cbb00b]
[broadwell-001:1327540] [ 2] /lib/x86_64-linux-gnu/libc.so.6(abort+0x12b)[0x7fe655c9a859]
[broadwell-001:1327540] [ 3] /lib/x86_64-linux-gnu/libstdc++.so.6(+0x9e911)[0x7fe656072911]
[broadwell-001:1327540] [ 4] /lib/x86_64-linux-gnu/libstdc++.so.6(+0xaa38c)[0x7fe65607e38c]
[broadwell-001:1327540] [ 5] /lib/x86_64-linux-gnu/libstdc++.so.6(+0xaa3f7)[0x7fe65607e3f7]
[broadwell-001:1327540] [ 6] /lib/x86_64-linux-gnu/libstdc++.so.6(+0xaa6a9)[0x7fe65607e6a9]
[broadwell-001:1327540] [ 7] /beegfs/home/echiavazza/unito-scpd/adaboost_mpi_v2/bin/./adaboost_mpi_v2(+0x1d0b6)[0x564d7f0bd0b6]
[broadwell-001:1327540] [ 8] /beegfs/home/echiavazza/unito-scpd/adaboost_mpi_v2/bin/./adaboost_mpi_v2(+0x161db)[0x564d7f0b61db]
[broadwell-001:1327540] [ 9] /beegfs/home/echiavazza/unito-scpd/adaboost_mpi_v2/bin/./adaboost_mpi_v2(+0x16fcd)[0x564d7f0b6fcd]
[broadwell-001:1327540] [10] /beegfs/home/echiavazza/unito-scpd/adaboost_mpi_v2/bin/./adaboost_mpi_v2(+0xfc4e)[0x564d7f0afc4e]
[broadwell-001:1327540] [11] /beegfs/home/echiavazza/unito-scpd/adaboost_mpi_v2/bin/./adaboost_mpi_v2(+0x9539)[0x564d7f0a9539]
[broadwell-001:1327540] [12] /lib/x86_64-linux-gnu/libc.so.6(__libc_start_main+0xf3)[0x7fe655c9c083]
[broadwell-001:1327540] [13] /beegfs/home/echiavazza/unito-scpd/adaboost_mpi_v2/bin/./adaboost_mpi_v2(+0x87be)[0x564d7f0a87be]
[broadwell-001:1327540] *** End of error message ***
terminate called after throwing an instance of 'std::invalid_argument'
  what():  requested type of dimension 54, but dataset only has 54 dimensions
[broadwell-001:1327552] *** Process received signal ***
[broadwell-001:1327552] Signal: Aborted (6)
[broadwell-001:1327552] Signal code:  (-6)
[broadwell-001:1327552] [ 0] /lib/x86_64-linux-gnu/libc.so.6(+0x43090)[0x7ff91685e090]
[broadwell-001:1327552] [ 1] /lib/x86_64-linux-gnu/libc.so.6(gsignal+0xcb)[0x7ff91685e00b]
[broadwell-001:1327552] [ 2] /lib/x86_64-linux-gnu/libc.so.6(abort+0x12b)[0x7ff91683d859]
terminate called after throwing an instance of 'std::invalid_argument'
  what():  requested type of dimension 54, but dataset only has 54 dimensions
[broadwell-001:1327556] *** Process received signal ***
[broadwell-001:1327556] Signal: Aborted (6)
[broadwell-001:1327556] Signal code:  (-6)
[broadwell-001:1327552] [ 3] /lib/x86_64-linux-gnu/libstdc++.so.6(+0x9e911)[0x7ff916c15911]
[broadwell-001:1327552] [ 4] /lib/x86_64-linux-gnu/libstdc++.so.6(+0xaa38c)[0x7ff916c2138c]
[broadwell-001:1327556] [ 0] /lib/x86_64-linux-gnu/libc.so.6(+0x43090)[0x7f57ca43b090]
[broadwell-001:1327552] [ 5] /lib/x86_64-linux-gnu/libstdc++.so.6(+0xaa3f7)[0x7ff916c213f7]
[broadwell-001:1327556] [ 1] /lib/x86_64-linux-gnu/libc.so.6(gsignal+0xcb)[0x7f57ca43b00b]
[broadwell-001:1327556] [ 2] /lib/x86_64-linux-gnu/libc.so.6(abort+0x12b)[0x7f57ca41a859]
[broadwell-001:1327552] [ 6] /lib/x86_64-linux-gnu/libstdc++.so.6(+0xaa6a9)[0x7ff916c216a9]
[broadwell-001:1327552] [ 7] /beegfs/home/echiavazza/unito-scpd/adaboost_mpi_v2/bin/./adaboost_mpi_v2(+0x1d0b6)[0x55a460b000b6]
[broadwell-001:1327552] [ 8] /beegfs/home/echiavazza/unito-scpd/adaboost_mpi_v2/bin/./adaboost_mpi_v2(+0x161db)[0x55a460af91db]
[broadwell-001:1327552] [ 9] /beegfs/home/echiavazza/unito-scpd/adaboost_mpi_v2/bin/./adaboost_mpi_v2(+0x16fcd)[0x55a460af9fcd]
[broadwell-001:1327552] [10] /beegfs/home/echiavazza/unito-scpd/adaboost_mpi_v2/bin/./adaboost_mpi_v2(+0xfc4e)[0x55a460af2c4e]
[broadwell-001:1327552] [11] /beegfs/home/echiavazza/unito-scpd/adaboost_mpi_v2/bin/./adaboost_mpi_v2(+0x9539)[0x55a460aec539]
[broadwell-001:1327556] [ 3] /lib/x86_64-linux-gnu/libstdc++.so.6(+0x9e911)[0x7f57ca7f2911]
[broadwell-001:1327552] [12] /lib/x86_64-linux-gnu/libc.so.6(__libc_start_main+0xf3)[0x7ff91683f083]
[broadwell-001:1327552] [13] /beegfs/home/echiavazza/unito-scpd/adaboost_mpi_v2/bin/./adaboost_mpi_v2(+0x87be)[0x55a460aeb7be]
[broadwell-001:1327552] *** End of error message ***
[broadwell-001:1327556] [ 4] /lib/x86_64-linux-gnu/libstdc++.so.6(+0xaa38c)[0x7f57ca7fe38c]
[broadwell-001:1327556] [ 5] /lib/x86_64-linux-gnu/libstdc++.so.6(+0xaa3f7)[0x7f57ca7fe3f7]
[broadwell-001:1327556] [ 6] /lib/x86_64-linux-gnu/libstdc++.so.6(+0xaa6a9)[0x7f57ca7fe6a9]
[broadwell-001:1327556] [ 7] /beegfs/home/echiavazza/unito-scpd/adaboost_mpi_v2/bin/./adaboost_mpi_v2(+0x1d0b6)[0x55aee60a30b6]
[broadwell-001:1327556] [ 8] /beegfs/home/echiavazza/unito-scpd/adaboost_mpi_v2/bin/./adaboost_mpi_v2(+0x161db)[0x55aee609c1db]
[broadwell-001:1327556] [ 9] /beegfs/home/echiavazza/unito-scpd/adaboost_mpi_v2/bin/./adaboost_mpi_v2(+0x16fcd)[0x55aee609cfcd]
[broadwell-001:1327556] [10] /beegfs/home/echiavazza/unito-scpd/adaboost_mpi_v2/bin/./adaboost_mpi_v2(+0xfc4e)[0x55aee6095c4e]
[broadwell-001:1327556] [11] /beegfs/home/echiavazza/unito-scpd/adaboost_mpi_v2/bin/./adaboost_mpi_v2(+0x9539)[0x55aee608f539]
[broadwell-001:1327556] [12] /lib/x86_64-linux-gnu/libc.so.6(__libc_start_main+0xf3)[0x7f57ca41c083]
[broadwell-001:1327556] [13] /beegfs/home/echiavazza/unito-scpd/adaboost_mpi_v2/bin/./adaboost_mpi_v2(+0x87be)[0x55aee608e7be]
[broadwell-001:1327556] *** End of error message ***
terminate called after throwing an instance of 'std::invalid_argument'
  what():  requested type of dimension 54, but dataset only has 54 dimensions
[broadwell-001:1327528] *** Process received signal ***
[broadwell-001:1327528] Signal: Aborted (6)
[broadwell-001:1327528] Signal code:  (-6)
[broadwell-001:1327528] [ 0] /lib/x86_64-linux-gnu/libc.so.6(+0x43090)[0x7f896611b090]
[broadwell-001:1327528] [ 1] /lib/x86_64-linux-gnu/libc.so.6(gsignal+0xcb)[0x7f896611b00b]
[broadwell-001:1327528] [ 2] /lib/x86_64-linux-gnu/libc.so.6(abort+0x12b)[0x7f89660fa859]
[broadwell-001:1327528] [ 3] /lib/x86_64-linux-gnu/libstdc++.so.6(+0x9e911)[0x7f89664d2911]
terminate called after throwing an instance of 'std::invalid_argument'
  what():  requested type of dimension 54, but dataset only has 54 dimensions
[broadwell-001:1327528] [ 4] /lib/x86_64-linux-gnu/libstdc++.so.6(+0xaa38c)[0x7f89664de38c]
[broadwell-001:1327538] *** Process received signal ***
[broadwell-001:1327538] Signal: Aborted (6)
[broadwell-001:1327538] Signal code:  (-6)
[broadwell-001:1327528] [ 5] /lib/x86_64-linux-gnu/libstdc++.so.6(+0xaa3f7)[0x7f89664de3f7]
[broadwell-001:1327528] [ 6] /lib/x86_64-linux-gnu/libstdc++.so.6(+0xaa6a9)[0x7f89664de6a9]
[broadwell-001:1327528] [ 7] /beegfs/home/echiavazza/unito-scpd/adaboost_mpi_v2/bin/./adaboost_mpi_v2(+0x1d0b6)[0x5586167ff0b6]
[broadwell-001:1327528] [ 8] /beegfs/home/echiavazza/unito-scpd/adaboost_mpi_v2/bin/./adaboost_mpi_v2(+0x161db)[0x5586167f81db]
[broadwell-001:1327528] [ 9] /beegfs/home/echiavazza/unito-scpd/adaboost_mpi_v2/bin/./adaboost_mpi_v2(+0x16fcd)[0x5586167f8fcd]
[broadwell-001:1327528] [10] /beegfs/home/echiavazza/unito-scpd/adaboost_mpi_v2/bin/./adaboost_mpi_v2(+0xfc4e)[0x5586167f1c4e]
[broadwell-001:1327528] [11] /beegfs/home/echiavazza/unito-scpd/adaboost_mpi_v2/bin/./adaboost_mpi_v2(+0x9539)[0x5586167eb539]
[broadwell-001:1327538] [ 0] /lib/x86_64-linux-gnu/libc.so.6(+0x43090)[0x7f77f1708090]
[broadwell-001:1327538] [ 1] /lib/x86_64-linux-gnu/libc.so.6(gsignal+0xcb)[0x7f77f170800b]
[broadwell-001:1327528] [12] /lib/x86_64-linux-gnu/libc.so.6(__libc_start_main+0xf3)[0x7f89660fc083]
[broadwell-001:1327528] [13] /beegfs/home/echiavazza/unito-scpd/adaboost_mpi_v2/bin/./adaboost_mpi_v2(+0x87be)[0x5586167ea7be]
[broadwell-001:1327528] *** End of error message ***
[broadwell-001:1327538] [ 2] /lib/x86_64-linux-gnu/libc.so.6(abort+0x12b)[0x7f77f16e7859]
[broadwell-001:1327538] [ 3] /lib/x86_64-linux-gnu/libstdc++.so.6(+0x9e911)[0x7f77f1abf911]
[broadwell-001:1327538] [ 4] /lib/x86_64-linux-gnu/libstdc++.so.6(+0xaa38c)[0x7f77f1acb38c]
[broadwell-001:1327538] [ 5] /lib/x86_64-linux-gnu/libstdc++.so.6(+0xaa3f7)[0x7f77f1acb3f7]
[broadwell-001:1327538] [ 6] /lib/x86_64-linux-gnu/libstdc++.so.6(+0xaa6a9)[0x7f77f1acb6a9]
[broadwell-001:1327538] [ 7] /beegfs/home/echiavazza/unito-scpd/adaboost_mpi_v2/bin/./adaboost_mpi_v2(+0x1d0b6)[0x55948bd360b6]
[broadwell-001:1327538] [ 8] /beegfs/home/echiavazza/unito-scpd/adaboost_mpi_v2/bin/./adaboost_mpi_v2(+0x161db)[0x55948bd2f1db]
[broadwell-001:1327538] [ 9] /beegfs/home/echiavazza/unito-scpd/adaboost_mpi_v2/bin/./adaboost_mpi_v2(+0x16fcd)[0x55948bd2ffcd]
[broadwell-001:1327538] [10] /beegfs/home/echiavazza/unito-scpd/adaboost_mpi_v2/bin/./adaboost_mpi_v2(+0xfc4e)[0x55948bd28c4e]
[broadwell-001:1327538] [11] /beegfs/home/echiavazza/unito-scpd/adaboost_mpi_v2/bin/./adaboost_mpi_v2(+0x9539)[0x55948bd22539]
[broadwell-001:1327538] [12] /lib/x86_64-linux-gnu/libc.so.6(__libc_start_main+0xf3)[0x7f77f16e9083]
[broadwell-001:1327538] [13] /beegfs/home/echiavazza/unito-scpd/adaboost_mpi_v2/bin/./adaboost_mpi_v2(+0x87be)[0x55948bd217be]
terminate called after throwing an instance of 'std::invalid_argument'
  what():  requested type of dimension 54, but dataset only has 54 dimensions
[broadwell-001:1327542] *** Process received signal ***
[broadwell-001:1327538] *** End of error message ***
[broadwell-001:1327542] Signal: Aborted (6)
[broadwell-001:1327542] Signal code:  (-6)
[broadwell-001:1327542] [ 0] /lib/x86_64-linux-gnu/libc.so.6(+0x43090)[0x7fd481e88090]
[broadwell-001:1327542] [ 1] /lib/x86_64-linux-gnu/libc.so.6(gsignal+0xcb)[0x7fd481e8800b]
[broadwell-001:1327542] [ 2] /lib/x86_64-linux-gnu/libc.so.6(abort+0x12b)[0x7fd481e67859]
terminate called after throwing an instance of 'std::invalid_argument'
  what():  requested type of dimension 54, but dataset only has 54 dimensions
[broadwell-001:1327542] [ 3] /lib/x86_64-linux-gnu/libstdc++.so.6(+0x9e911)[0x7fd48223f911]
[broadwell-001:1327553] *** Process received signal ***
[broadwell-001:1327553] Signal: Aborted (6)
[broadwell-001:1327553] Signal code:  (-6)
[broadwell-001:1327542] [ 4] /lib/x86_64-linux-gnu/libstdc++.so.6(+0xaa38c)[0x7fd48224b38c]
[broadwell-001:1327542] [ 5] /lib/x86_64-linux-gnu/libstdc++.so.6(+0xaa3f7)[0x7fd48224b3f7]
[broadwell-001:1327553] [ 0] /lib/x86_64-linux-gnu/libc.so.6(+0x43090)[0x7f9edd496090]
[broadwell-001:1327542] [ 6] /lib/x86_64-linux-gnu/libstdc++.so.6(+0xaa6a9)[0x7fd48224b6a9]
[broadwell-001:1327542] [ 7] /beegfs/home/echiavazza/unito-scpd/adaboost_mpi_v2/bin/./adaboost_mpi_v2(+0x1d0b6)[0x5591f17b70b6]
[broadwell-001:1327542] [ 8] /beegfs/home/echiavazza/unito-scpd/adaboost_mpi_v2/bin/./adaboost_mpi_v2(+0x161db)[0x5591f17b01db]
[broadwell-001:1327542] [ 9] /beegfs/home/echiavazza/unito-scpd/adaboost_mpi_v2/bin/./adaboost_mpi_v2(+0x16fcd)[0x5591f17b0fcd]
[broadwell-001:1327542] [10] /beegfs/home/echiavazza/unito-scpd/adaboost_mpi_v2/bin/./adaboost_mpi_v2(+0xfc4e)[0x5591f17a9c4e]
[broadwell-001:1327542] [11] /beegfs/home/echiavazza/unito-scpd/adaboost_mpi_v2/bin/./adaboost_mpi_v2(+0x9539)[0x5591f17a3539]
[broadwell-001:1327553] [ 1] /lib/x86_64-linux-gnu/libc.so.6(gsignal+0xcb)[0x7f9edd49600b]
[broadwell-001:1327553] [ 2] /lib/x86_64-linux-gnu/libc.so.6(abort+0x12b)[0x7f9edd475859]
[broadwell-001:1327542] [12] /lib/x86_64-linux-gnu/libc.so.6(__libc_start_main+0xf3)[0x7fd481e69083]
[broadwell-001:1327542] [13] /beegfs/home/echiavazza/unito-scpd/adaboost_mpi_v2/bin/./adaboost_mpi_v2(+0x87be)[0x5591f17a27be]
[broadwell-001:1327542] *** End of error message ***
[broadwell-001:1327553] [ 3] /lib/x86_64-linux-gnu/libstdc++.so.6(+0x9e911)[0x7f9edd84d911]
[broadwell-001:1327553] [ 4] /lib/x86_64-linux-gnu/libstdc++.so.6(+0xaa38c)[0x7f9edd85938c]
terminate called after throwing an instance of 'std::invalid_argument'
[broadwell-001:1327553] [ 5] /lib/x86_64-linux-gnu/libstdc++.so.6(+0xaa3f7)[0x7f9edd8593f7]
  what():  requested type of dimension 54, but dataset only has 54 dimensions
[broadwell-001:1327531] *** Process received signal ***
[broadwell-001:1327553] [ 6] /lib/x86_64-linux-gnu/libstdc++.so.6(+0xaa6a9)[0x7f9edd8596a9]
[broadwell-001:1327553] [ 7] /beegfs/home/echiavazza/unito-scpd/adaboost_mpi_v2/bin/./adaboost_mpi_v2(+0x1d0b6)[0x563d584060b6]
[broadwell-001:1327553] [ 8] /beegfs/home/echiavazza/unito-scpd/adaboost_mpi_v2/bin/./adaboost_mpi_v2(+0x161db)[0x563d583ff1db]
[broadwell-001:1327553] [ 9] /beegfs/home/echiavazza/unito-scpd/adaboost_mpi_v2/bin/./adaboost_mpi_v2(+0x16fcd)[0x563d583fffcd]
[broadwell-001:1327531] Signal: Aborted (6)
[broadwell-001:1327531] Signal code:  (-6)
[broadwell-001:1327553] [10] /beegfs/home/echiavazza/unito-scpd/adaboost_mpi_v2/bin/./adaboost_mpi_v2(+0xfc4e)[0x563d583f8c4e]
[broadwell-001:1327553] [11] /beegfs/home/echiavazza/unito-scpd/adaboost_mpi_v2/bin/./adaboost_mpi_v2(+0x9539)[0x563d583f2539]
[broadwell-001:1327553] [12] /lib/x86_64-linux-gnu/libc.so.6(__libc_start_main+0xf3)[0x7f9edd477083]
[broadwell-001:1327553] [13] /beegfs/home/echiavazza/unito-scpd/adaboost_mpi_v2/bin/./adaboost_mpi_v2(+0x87be)[0x563d583f17be]
[broadwell-001:1327553] *** End of error message ***
[broadwell-001:1327531] [ 0] /lib/x86_64-linux-gnu/libc.so.6(+0x43090)[0x7fa9d375c090]
[broadwell-001:1327531] [ 1] /lib/x86_64-linux-gnu/libc.so.6(gsignal+0xcb)[0x7fa9d375c00b]
[broadwell-001:1327531] [ 2] /lib/x86_64-linux-gnu/libc.so.6(abort+0x12b)[0x7fa9d373b859]
[broadwell-001:1327531] [ 3] /lib/x86_64-linux-gnu/libstdc++.so.6(+0x9e911)[0x7fa9d3b13911]
[broadwell-001:1327531] [ 4] /lib/x86_64-linux-gnu/libstdc++.so.6(+0xaa38c)[0x7fa9d3b1f38c]
terminate called after throwing an instance of 'std::invalid_argument'
  what():  requested type of dimension 54, but dataset only has 54 dimensions
[broadwell-001:1327531] [ 5] /lib/x86_64-linux-gnu/libstdc++.so.6(+0xaa3f7)[0x7fa9d3b1f3f7]
[broadwell-001:1327555] *** Process received signal ***
[broadwell-001:1327555] Signal: Aborted (6)
[broadwell-001:1327555] Signal code:  (-6)
[broadwell-001:1327531] [ 6] /lib/x86_64-linux-gnu/libstdc++.so.6(+0xaa6a9)[0x7fa9d3b1f6a9]
[broadwell-001:1327531] [ 7] /beegfs/home/echiavazza/unito-scpd/adaboost_mpi_v2/bin/./adaboost_mpi_v2(+0x1d0b6)[0x563ce4a0c0b6]
[broadwell-001:1327531] [ 8] /beegfs/home/echiavazza/unito-scpd/adaboost_mpi_v2/bin/./adaboost_mpi_v2(+0x161db)[0x563ce4a051db]
[broadwell-001:1327531] [ 9] /beegfs/home/echiavazza/unito-scpd/adaboost_mpi_v2/bin/./adaboost_mpi_v2(+0x16fcd)[0x563ce4a05fcd]
[broadwell-001:1327531] [10] /beegfs/home/echiavazza/unito-scpd/adaboost_mpi_v2/bin/./adaboost_mpi_v2(+0xfc4e)[0x563ce49fec4e]
[broadwell-001:1327531] [11] /beegfs/home/echiavazza/unito-scpd/adaboost_mpi_v2/bin/./adaboost_mpi_v2(+0x9539)[0x563ce49f8539]
[broadwell-001:1327531] [12] /lib/x86_64-linux-gnu/libc.so.6(__libc_start_main+0xf3)[0x7fa9d373d083]
[broadwell-001:1327531] [13] /beegfs/home/echiavazza/unito-scpd/adaboost_mpi_v2/bin/./adaboost_mpi_v2(+0x87be)[0x563ce49f77be]
[broadwell-001:1327531] *** End of error message ***
[broadwell-001:1327555] [ 0] /lib/x86_64-linux-gnu/libc.so.6(+0x43090)[0x7f3698f20090]
terminate called after throwing an instance of 'std::invalid_argument'
  what():  requested type of dimension 54, but dataset only has 54 dimensions
terminate called after throwing an instance of 'std::invalid_argument'
  what():  requested type of dimension 54, but dataset only has 54 dimensions
[broadwell-001:1327555] [ 1] /lib/x86_64-linux-gnu/libc.so.6(gsignal+0xcb)[0x7f3698f2000b]
[broadwell-001:1327555] [ 2] /lib/x86_64-linux-gnu/libc.so.6(abort+0x12b)[0x7f3698eff859]
[broadwell-001:1327527] *** Process received signal ***
[broadwell-001:1327527] Signal: Aborted (6)
[broadwell-001:1327527] Signal code:  (-6)
[broadwell-001:1327535] *** Process received signal ***
[broadwell-001:1327535] Signal: Aborted (6)
[broadwell-001:1327535] Signal code:  (-6)
[broadwell-001:1327555] [ 3] /lib/x86_64-linux-gnu/libstdc++.so.6(+0x9e911)[0x7f36992d7911]
[broadwell-001:1327527] [ 0] /lib/x86_64-linux-gnu/libc.so.6(+0x43090)[0x7f61e7cd6090]
[broadwell-001:1327555] [ 4] /lib/x86_64-linux-gnu/libstdc++.so.6(+0xaa38c)[0x7f36992e338c]
[broadwell-001:1327527] [ 1] /lib/x86_64-linux-gnu/libc.so.6(gsignal+0xcb)[0x7f61e7cd600b]
[broadwell-001:1327535] [ 0] /lib/x86_64-linux-gnu/libc.so.6(+0x43090)[0x7fb33e238090]
[broadwell-001:1327535] [ 1] /lib/x86_64-linux-gnu/libc.so.6(gsignal+0xcb)[0x7fb33e23800b]
[broadwell-001:1327535] [ 2] /lib/x86_64-linux-gnu/libc.so.6(abort+0x12b)[0x7fb33e217859]
[broadwell-001:1327527] [ 2] /lib/x86_64-linux-gnu/libc.so.6(abort+0x12b)[0x7f61e7cb5859]
[broadwell-001:1327555] [ 5] /lib/x86_64-linux-gnu/libstdc++.so.6(+0xaa3f7)[0x7f36992e33f7]
[broadwell-001:1327555] [ 6] /lib/x86_64-linux-gnu/libstdc++.so.6(+0xaa6a9)[0x7f36992e36a9]
[broadwell-001:1327555] [ 7] /beegfs/home/echiavazza/unito-scpd/adaboost_mpi_v2/bin/./adaboost_mpi_v2(+0x1d0b6)[0x556564dee0b6]
[broadwell-001:1327555] [ 8] /beegfs/home/echiavazza/unito-scpd/adaboost_mpi_v2/bin/./adaboost_mpi_v2(+0x161db)[0x556564de71db]
[broadwell-001:1327555] [ 9] /beegfs/home/echiavazza/unito-scpd/adaboost_mpi_v2/bin/./adaboost_mpi_v2(+0x16fcd)[0x556564de7fcd]
[broadwell-001:1327555] [10] /beegfs/home/echiavazza/unito-scpd/adaboost_mpi_v2/bin/./adaboost_mpi_v2(+0xfc4e)[0x556564de0c4e]
[broadwell-001:1327555] [11] /beegfs/home/echiavazza/unito-scpd/adaboost_mpi_v2/bin/./adaboost_mpi_v2(+0x9539)[0x556564dda539]
[broadwell-001:1327527] [ 3] /lib/x86_64-linux-gnu/libstdc++.so.6(+0x9e911)[0x7f61e808d911]
[broadwell-001:1327527] [ 4] /lib/x86_64-linux-gnu/libstdc++.so.6(+0xaa38c)[0x7f61e809938c]
[broadwell-001:1327535] [ 3] /lib/x86_64-linux-gnu/libstdc++.so.6(+0x9e911)[0x7fb33e5ef911]
[broadwell-001:1327535] [ 4] /lib/x86_64-linux-gnu/libstdc++.so.6(+0xaa38c)[0x7fb33e5fb38c]
[broadwell-001:1327555] [12] /lib/x86_64-linux-gnu/libc.so.6(__libc_start_main+0xf3)[0x7f3698f01083]
[broadwell-001:1327555] [13] /beegfs/home/echiavazza/unito-scpd/adaboost_mpi_v2/bin/./adaboost_mpi_v2(+0x87be)[0x556564dd97be]
[broadwell-001:1327555] *** End of error message ***
[broadwell-001:1327527] [ 5] /lib/x86_64-linux-gnu/libstdc++.so.6(+0xaa3f7)[0x7f61e80993f7]
[broadwell-001:1327535] [ 5] /lib/x86_64-linux-gnu/libstdc++.so.6(+0xaa3f7)[0x7fb33e5fb3f7]
terminate called after throwing an instance of 'std::invalid_argument'
  what():  requested type of dimension 54, but dataset only has 54 dimensions
[broadwell-001:1327551] *** Process received signal ***
[broadwell-001:1327551] Signal: Aborted (6)
[broadwell-001:1327551] Signal code:  (-6)
[broadwell-001:1327527] [ 6] /lib/x86_64-linux-gnu/libstdc++.so.6(+0xaa6a9)[0x7f61e80996a9]
[broadwell-001:1327527] [ 7] /beegfs/home/echiavazza/unito-scpd/adaboost_mpi_v2/bin/./adaboost_mpi_v2(+0x1d0b6)[0x55d2c9b300b6]
[broadwell-001:1327527] [ 8] /beegfs/home/echiavazza/unito-scpd/adaboost_mpi_v2/bin/./adaboost_mpi_v2(+0x161db)[0x55d2c9b291db]
[broadwell-001:1327527] [ 9] /beegfs/home/echiavazza/unito-scpd/adaboost_mpi_v2/bin/./adaboost_mpi_v2(+0x16fcd)[0x55d2c9b29fcd]
[broadwell-001:1327527] [10] /beegfs/home/echiavazza/unito-scpd/adaboost_mpi_v2/bin/./adaboost_mpi_v2(+0xfc4e)[0x55d2c9b22c4e]
[broadwell-001:1327527] [11] /beegfs/home/echiavazza/unito-scpd/adaboost_mpi_v2/bin/./adaboost_mpi_v2(+0x9539)[0x55d2c9b1c539]
[broadwell-001:1327527] [12] /lib/x86_64-linux-gnu/libc.so.6(__libc_start_main+0xf3)[0x7f61e7cb7083]
[broadwell-001:1327535] [ 6] /lib/x86_64-linux-gnu/libstdc++.so.6(+0xaa6a9)[0x7fb33e5fb6a9]
[broadwell-001:1327535] [ 7] /beegfs/home/echiavazza/unito-scpd/adaboost_mpi_v2/bin/./adaboost_mpi_v2(+0x1d0b6)[0x55a953bbb0b6]
[broadwell-001:1327535] [ 8] /beegfs/home/echiavazza/unito-scpd/adaboost_mpi_v2/bin/./adaboost_mpi_v2(+0x161db)[0x55a953bb41db]
[broadwell-001:1327535] [ 9] /beegfs/home/echiavazza/unito-scpd/adaboost_mpi_v2/bin/./adaboost_mpi_v2(+0x16fcd)[0x55a953bb4fcd]
[broadwell-001:1327535] [10] /beegfs/home/echiavazza/unito-scpd/adaboost_mpi_v2/bin/./adaboost_mpi_v2(+0xfc4e)[0x55a953badc4e]
[broadwell-001:1327535] [11] /beegfs/home/echiavazza/unito-scpd/adaboost_mpi_v2/bin/./adaboost_mpi_v2(+0x9539)[0x55a953ba7539]
[broadwell-001:1327535] [12] /lib/x86_64-linux-gnu/libc.so.6(__libc_start_main+0xf3)[0x7fb33e219083]
[broadwell-001:1327535] [13] /beegfs/home/echiavazza/unito-scpd/adaboost_mpi_v2/bin/./adaboost_mpi_v2(+0x87be)[0x55a953ba67be]
[broadwell-001:1327535] *** End of error message ***
[broadwell-001:1327527] [13] /beegfs/home/echiavazza/unito-scpd/adaboost_mpi_v2/bin/./adaboost_mpi_v2(+0x87be)[0x55d2c9b1b7be]
[broadwell-001:1327527] *** End of error message ***
[broadwell-001:1327551] [ 0] /lib/x86_64-linux-gnu/libc.so.6(+0x43090)[0x7f031462b090]
[broadwell-001:1327551] [ 1] /lib/x86_64-linux-gnu/libc.so.6(gsignal+0xcb)[0x7f031462b00b]
[broadwell-001:1327551] [ 2] /lib/x86_64-linux-gnu/libc.so.6(abort+0x12b)[0x7f031460a859]
[broadwell-001:1327551] [ 3] /lib/x86_64-linux-gnu/libstdc++.so.6(+0x9e911)[0x7f03149e2911]
[broadwell-001:1327551] [ 4] /lib/x86_64-linux-gnu/libstdc++.so.6(+0xaa38c)[0x7f03149ee38c]
[broadwell-001:1327551] [ 5] /lib/x86_64-linux-gnu/libstdc++.so.6(+0xaa3f7)[0x7f03149ee3f7]
[broadwell-001:1327551] [ 6] /lib/x86_64-linux-gnu/libstdc++.so.6(+0xaa6a9)[0x7f03149ee6a9]
[broadwell-001:1327551] [ 7] /beegfs/home/echiavazza/unito-scpd/adaboost_mpi_v2/bin/./adaboost_mpi_v2(+0x1d0b6)[0x5612ca2c80b6]
[broadwell-001:1327551] [ 8] /beegfs/home/echiavazza/unito-scpd/adaboost_mpi_v2/bin/./adaboost_mpi_v2(+0x161db)[0x5612ca2c11db]
[broadwell-001:1327551] [ 9] /beegfs/home/echiavazza/unito-scpd/adaboost_mpi_v2/bin/./adaboost_mpi_v2(+0x16fcd)[0x5612ca2c1fcd]
[broadwell-001:1327551] [10] /beegfs/home/echiavazza/unito-scpd/adaboost_mpi_v2/bin/./adaboost_mpi_v2(+0xfc4e)[0x5612ca2bac4e]
[broadwell-001:1327551] [11] /beegfs/home/echiavazza/unito-scpd/adaboost_mpi_v2/bin/./adaboost_mpi_v2(+0x9539)[0x5612ca2b4539]
terminate called after throwing an instance of 'std::invalid_argument'
  what():  requested type of dimension 54, but dataset only has 54 dimensions
[broadwell-001:1327551] [12] /lib/x86_64-linux-gnu/libc.so.6(__libc_start_main+0xf3)[0x7f031460c083]
[broadwell-001:1327551] [13] /beegfs/home/echiavazza/unito-scpd/adaboost_mpi_v2/bin/./adaboost_mpi_v2(+0x87be)[0x5612ca2b37be]
[broadwell-001:1327551] *** End of error message ***
[broadwell-001:1327524] *** Process received signal ***
[broadwell-001:1327524] Signal: Aborted (6)
[broadwell-001:1327524] Signal code:  (-6)
terminate called after throwing an instance of 'std::invalid_argument'
  what():  requested type of dimension 54, but dataset only has 54 dimensions
[broadwell-001:1327529] *** Process received signal ***
[broadwell-001:1327529] Signal: Aborted (6)
[broadwell-001:1327529] Signal code:  (-6)
[broadwell-001:1327524] [ 0] /lib/x86_64-linux-gnu/libc.so.6(+0x43090)[0x7fb97b803090]
[broadwell-001:1327529] [ 0] /lib/x86_64-linux-gnu/libc.so.6(+0x43090)[0x7f9516496090]
[broadwell-001:1327524] [ 1] /lib/x86_64-linux-gnu/libc.so.6(gsignal+0xcb)[0x7fb97b80300b]
[broadwell-001:1327524] [ 2] /lib/x86_64-linux-gnu/libc.so.6(abort+0x12b)[0x7fb97b7e2859]
[broadwell-001:1327529] [ 1] /lib/x86_64-linux-gnu/libc.so.6(gsignal+0xcb)[0x7f951649600b]
[broadwell-001:1327529] [ 2] /lib/x86_64-linux-gnu/libc.so.6(abort+0x12b)[0x7f9516475859]
[broadwell-001:1327524] [ 3] /lib/x86_64-linux-gnu/libstdc++.so.6(+0x9e911)[0x7fb97bbba911]
terminate called after throwing an instance of 'std::invalid_argument'
  what():  requested type of dimension 54, but dataset only has 54 dimensions
[broadwell-001:1327545] *** Process received signal ***
[broadwell-001:1327524] [ 4] /lib/x86_64-linux-gnu/libstdc++.so.6(+0xaa38c)[0x7fb97bbc638c]
[broadwell-001:1327529] [ 3] /lib/x86_64-linux-gnu/libstdc++.so.6(+0x9e911)[0x7f951684d911]
[broadwell-001:1327529] [ 4] /lib/x86_64-linux-gnu/libstdc++.so.6(+0xaa38c)[0x7f951685938c]
[broadwell-001:1327545] Signal: Aborted (6)
[broadwell-001:1327545] Signal code:  (-6)
[broadwell-001:1327524] [ 5] /lib/x86_64-linux-gnu/libstdc++.so.6(+0xaa3f7)[0x7fb97bbc63f7]
[broadwell-001:1327529] [ 5] /lib/x86_64-linux-gnu/libstdc++.so.6(+0xaa3f7)[0x7f95168593f7]
[broadwell-001:1327545] [ 0] /lib/x86_64-linux-gnu/libc.so.6(+0x43090)[0x7f66d225d090]
[broadwell-001:1327524] [ 6] /lib/x86_64-linux-gnu/libstdc++.so.6(+0xaa6a9)[0x7fb97bbc66a9]
[broadwell-001:1327524] [ 7] /beegfs/home/echiavazza/unito-scpd/adaboost_mpi_v2/bin/./adaboost_mpi_v2(+0x1d0b6)[0x5591d56980b6]
[broadwell-001:1327524] [ 8] /beegfs/home/echiavazza/unito-scpd/adaboost_mpi_v2/bin/./adaboost_mpi_v2(+0x161db)[0x5591d56911db]
[broadwell-001:1327524] [ 9] /beegfs/home/echiavazza/unito-scpd/adaboost_mpi_v2/bin/./adaboost_mpi_v2(+0x16fcd)[0x5591d5691fcd]
[broadwell-001:1327524] [10] /beegfs/home/echiavazza/unito-scpd/adaboost_mpi_v2/bin/./adaboost_mpi_v2(+0xfc4e)[0x5591d568ac4e]
[broadwell-001:1327524] [11] /beegfs/home/echiavazza/unito-scpd/adaboost_mpi_v2/bin/./adaboost_mpi_v2(+0x9539)[0x5591d5684539]
[broadwell-001:1327524] [12] /lib/x86_64-linux-gnu/libc.so.6(__libc_start_main+0xf3)[0x7fb97b7e4083]
[broadwell-001:1327529] [ 6] /lib/x86_64-linux-gnu/libstdc++.so.6(+0xaa6a9)[0x7f95168596a9]
[broadwell-001:1327529] [ 7] /beegfs/home/echiavazza/unito-scpd/adaboost_mpi_v2/bin/./adaboost_mpi_v2(+0x1d0b6)[0x55dbb0a950b6]
[broadwell-001:1327529] [ 8] /beegfs/home/echiavazza/unito-scpd/adaboost_mpi_v2/bin/./adaboost_mpi_v2(+0x161db)[0x55dbb0a8e1db]
[broadwell-001:1327529] [ 9] /beegfs/home/echiavazza/unito-scpd/adaboost_mpi_v2/bin/./adaboost_mpi_v2(+0x16fcd)[0x55dbb0a8efcd]
[broadwell-001:1327529] [10] /beegfs/home/echiavazza/unito-scpd/adaboost_mpi_v2/bin/./adaboost_mpi_v2(+0xfc4e)[0x55dbb0a87c4e]
[broadwell-001:1327529] [11] /beegfs/home/echiavazza/unito-scpd/adaboost_mpi_v2/bin/./adaboost_mpi_v2(+0x9539)[0x55dbb0a81539]
[broadwell-001:1327529] [12] /lib/x86_64-linux-gnu/libc.so.6(__libc_start_main+0xf3)[0x7f9516477083]
[broadwell-001:1327529] [13] /beegfs/home/echiavazza/unito-scpd/adaboost_mpi_v2/bin/./adaboost_mpi_v2(+0x87be)[0x55dbb0a807be]
[broadwell-001:1327529] *** End of error message ***
[broadwell-001:1327545] [ 1] /lib/x86_64-linux-gnu/libc.so.6(gsignal+0xcb)[0x7f66d225d00b]
[broadwell-001:1327545] [ 2] /lib/x86_64-linux-gnu/libc.so.6(abort+0x12b)[0x7f66d223c859]
[broadwell-001:1327545] [ 3] /lib/x86_64-linux-gnu/libstdc++.so.6(+0x9e911)[0x7f66d2614911]
[broadwell-001:1327524] [13] /beegfs/home/echiavazza/unito-scpd/adaboost_mpi_v2/bin/./adaboost_mpi_v2(+0x87be)[0x5591d56837be]
[broadwell-001:1327524] *** End of error message ***
terminate called after throwing an instance of 'std::invalid_argument'
  what():  requested type of dimension 54, but dataset only has 54 dimensions
[broadwell-001:1327526] *** Process received signal ***
[broadwell-001:1327526] Signal: Aborted (6)
[broadwell-001:1327526] Signal code:  (-6)
[broadwell-001:1327545] [ 4] /lib/x86_64-linux-gnu/libstdc++.so.6(+0xaa38c)[0x7f66d262038c]
[broadwell-001:1327526] [ 0] /lib/x86_64-linux-gnu/libc.so.6(+0x43090)[0x7f9d69064090]
[broadwell-001:1327545] [ 5] /lib/x86_64-linux-gnu/libstdc++.so.6(+0xaa3f7)[0x7f66d26203f7]
[broadwell-001:1327526] [ 1] /lib/x86_64-linux-gnu/libc.so.6(gsignal+0xcb)[0x7f9d6906400b]
[broadwell-001:1327545] [ 6] /lib/x86_64-linux-gnu/libstdc++.so.6(+0xaa6a9)[0x7f66d26206a9]
[broadwell-001:1327545] [ 7] /beegfs/home/echiavazza/unito-scpd/adaboost_mpi_v2/bin/./adaboost_mpi_v2(+0x1d0b6)[0x56172b53b0b6]
[broadwell-001:1327545] [ 8] /beegfs/home/echiavazza/unito-scpd/adaboost_mpi_v2/bin/./adaboost_mpi_v2(+0x161db)[0x56172b5341db]
[broadwell-001:1327545] [ 9] /beegfs/home/echiavazza/unito-scpd/adaboost_mpi_v2/bin/./adaboost_mpi_v2(+0x16fcd)[0x56172b534fcd]
[broadwell-001:1327545] [10] /beegfs/home/echiavazza/unito-scpd/adaboost_mpi_v2/bin/./adaboost_mpi_v2(+0xfc4e)[0x56172b52dc4e]
[broadwell-001:1327545] [11] /beegfs/home/echiavazza/unito-scpd/adaboost_mpi_v2/bin/./adaboost_mpi_v2(+0x9539)[0x56172b527539]
[broadwell-001:1327526] [ 2] /lib/x86_64-linux-gnu/libc.so.6(abort+0x12b)[0x7f9d69043859]
[broadwell-001:1327545] [12] /lib/x86_64-linux-gnu/libc.so.6(__libc_start_main+0xf3)[0x7f66d223e083]
[broadwell-001:1327545] [13] /beegfs/home/echiavazza/unito-scpd/adaboost_mpi_v2/bin/./adaboost_mpi_v2(+0x87be)[0x56172b5267be]
[broadwell-001:1327545] *** End of error message ***
[broadwell-001:1327526] [ 3] /lib/x86_64-linux-gnu/libstdc++.so.6(+0x9e911)[0x7f9d6941b911]
[broadwell-001:1327526] [ 4] /lib/x86_64-linux-gnu/libstdc++.so.6(+0xaa38c)[0x7f9d6942738c]
[broadwell-001:1327526] [ 5] /lib/x86_64-linux-gnu/libstdc++.so.6(+0xaa3f7)[0x7f9d694273f7]
[broadwell-001:1327526] [ 6] /lib/x86_64-linux-gnu/libstdc++.so.6(+0xaa6a9)[0x7f9d694276a9]
[broadwell-001:1327526] [ 7] /beegfs/home/echiavazza/unito-scpd/adaboost_mpi_v2/bin/./adaboost_mpi_v2(+0x1d0b6)[0x55cbc61ec0b6]
[broadwell-001:1327526] [ 8] /beegfs/home/echiavazza/unito-scpd/adaboost_mpi_v2/bin/./adaboost_mpi_v2(+0x161db)[0x55cbc61e51db]
[broadwell-001:1327526] [ 9] /beegfs/home/echiavazza/unito-scpd/adaboost_mpi_v2/bin/./adaboost_mpi_v2(+0x16fcd)[0x55cbc61e5fcd]
[broadwell-001:1327526] [10] /beegfs/home/echiavazza/unito-scpd/adaboost_mpi_v2/bin/./adaboost_mpi_v2(+0xfc4e)[0x55cbc61dec4e]
[broadwell-001:1327526] [11] /beegfs/home/echiavazza/unito-scpd/adaboost_mpi_v2/bin/./adaboost_mpi_v2(+0x9539)[0x55cbc61d8539]
[broadwell-001:1327526] [12] /lib/x86_64-linux-gnu/libc.so.6(__libc_start_main+0xf3)[0x7f9d69045083]
[broadwell-001:1327526] [13] /beegfs/home/echiavazza/unito-scpd/adaboost_mpi_v2/bin/./adaboost_mpi_v2(+0x87be)[0x55cbc61d77be]
[broadwell-001:1327526] *** End of error message ***
terminate called after throwing an instance of 'std::invalid_argument'
  what():  requested type of dimension 54, but dataset only has 54 dimensions
[broadwell-001:1327534] *** Process received signal ***
[broadwell-001:1327534] Signal: Aborted (6)
[broadwell-001:1327534] Signal code:  (-6)
[broadwell-001:1327534] [ 0] /lib/x86_64-linux-gnu/libc.so.6(+0x43090)[0x7f2bba263090]
terminate called after throwing an instance of 'std::invalid_argument'
  what():  requested type of dimension 54, but dataset only has 54 dimensions
[broadwell-001:1327534] [ 1] /lib/x86_64-linux-gnu/libc.so.6(gsignal+0xcb)[0x7f2bba26300b]
[broadwell-001:1327534] [ 2] /lib/x86_64-linux-gnu/libc.so.6(abort+0x12b)[0x7f2bba242859]
[broadwell-001:1327539] *** Process received signal ***
[broadwell-001:1327539] Signal: Aborted (6)
[broadwell-001:1327539] Signal code:  (-6)
[broadwell-001:1327534] [ 3] /lib/x86_64-linux-gnu/libstdc++.so.6(+0x9e911)[0x7f2bba61a911]
[broadwell-001:1327534] [ 4] /lib/x86_64-linux-gnu/libstdc++.so.6(+0xaa38c)[0x7f2bba62638c]
[broadwell-001:1327539] [ 0] /lib/x86_64-linux-gnu/libc.so.6(+0x43090)[0x7fe637c58090]
[broadwell-001:1327539] [ 1] /lib/x86_64-linux-gnu/libc.so.6(gsignal+0xcb)[0x7fe637c5800b]
[broadwell-001:1327534] [ 5] /lib/x86_64-linux-gnu/libstdc++.so.6(+0xaa3f7)[0x7f2bba6263f7]
[broadwell-001:1327539] [ 2] /lib/x86_64-linux-gnu/libc.so.6(abort+0x12b)[0x7fe637c37859]
[broadwell-001:1327534] [ 6] /lib/x86_64-linux-gnu/libstdc++.so.6(+0xaa6a9)[0x7f2bba6266a9]
[broadwell-001:1327534] [ 7] /beegfs/home/echiavazza/unito-scpd/adaboost_mpi_v2/bin/./adaboost_mpi_v2(+0x1d0b6)[0x562938ce00b6]
[broadwell-001:1327534] [ 8] /beegfs/home/echiavazza/unito-scpd/adaboost_mpi_v2/bin/./adaboost_mpi_v2(+0x161db)[0x562938cd91db]
[broadwell-001:1327539] [ 3] /lib/x86_64-linux-gnu/libstdc++.so.6(+0x9e911)[0x7fe63800f911]
[broadwell-001:1327534] [ 9] /beegfs/home/echiavazza/unito-scpd/adaboost_mpi_v2/bin/./adaboost_mpi_v2(+0x16fcd)[0x562938cd9fcd]
[broadwell-001:1327534] [10] /beegfs/home/echiavazza/unito-scpd/adaboost_mpi_v2/bin/./adaboost_mpi_v2(+0xfc4e)[0x562938cd2c4e]
[broadwell-001:1327534] [11] /beegfs/home/echiavazza/unito-scpd/adaboost_mpi_v2/bin/./adaboost_mpi_v2(+0x9539)[0x562938ccc539]
[broadwell-001:1327534] [12] /lib/x86_64-linux-gnu/libc.so.6(__libc_start_main+0xf3)[0x7f2bba244083]
[broadwell-001:1327534] [13] /beegfs/home/echiavazza/unito-scpd/adaboost_mpi_v2/bin/./adaboost_mpi_v2(+0x87be)[0x562938ccb7be]
[broadwell-001:1327534] *** End of error message ***
[broadwell-001:1327539] [ 4] /lib/x86_64-linux-gnu/libstdc++.so.6(+0xaa38c)[0x7fe63801b38c]
[broadwell-001:1327539] [ 5] /lib/x86_64-linux-gnu/libstdc++.so.6(+0xaa3f7)[0x7fe63801b3f7]
terminate called after throwing an instance of 'std::invalid_argument'
[broadwell-001:1327539] [ 6] /lib/x86_64-linux-gnu/libstdc++.so.6(+0xaa6a9)[0x7fe63801b6a9]
[broadwell-001:1327539] [ 7] /beegfs/home/echiavazza/unito-scpd/adaboost_mpi_v2/bin/./adaboost_mpi_v2(+0x1d0b6)[0x55fd45b510b6]
[broadwell-001:1327539] [ 8] /beegfs/home/echiavazza/unito-scpd/adaboost_mpi_v2/bin/./adaboost_mpi_v2(+0x161db)[0x55fd45b4a1db]
[broadwell-001:1327539] [ 9] /beegfs/home/echiavazza/unito-scpd/adaboost_mpi_v2/bin/./adaboost_mpi_v2(+0x16fcd)[0x55fd45b4afcd]
[broadwell-001:1327539] [10] /beegfs/home/echiavazza/unito-scpd/adaboost_mpi_v2/bin/./adaboost_mpi_v2(+0xfc4e)[0x55fd45b43c4e]
[broadwell-001:1327539] [11] /beegfs/home/echiavazza/unito-scpd/adaboost_mpi_v2/bin/./adaboost_mpi_v2(+0x9539)[0x55fd45b3d539]
[broadwell-001:1327539] [12] /lib/x86_64-linux-gnu/libc.so.6(__libc_start_main+0xf3)[0x7fe637c39083]
[broadwell-001:1327539] [13] /beegfs/home/echiavazza/unito-scpd/adaboost_mpi_v2/bin/./adaboost_mpi_v2(+0x87be)[0x55fd45b3c7be]
[broadwell-001:1327539] *** End of error message ***
  what():  requested type of dimension 54, but dataset only has 54 dimensions
[broadwell-001:1327548] *** Process received signal ***
[broadwell-001:1327548] Signal: Aborted (6)
[broadwell-001:1327548] Signal code:  (-6)
[broadwell-001:1327548] [ 0] /lib/x86_64-linux-gnu/libc.so.6(+0x43090)[0x7f2c1bbe8090]
[broadwell-001:1327548] [ 1] /lib/x86_64-linux-gnu/libc.so.6(gsignal+0xcb)[0x7f2c1bbe800b]
[broadwell-001:1327548] [ 2] /lib/x86_64-linux-gnu/libc.so.6(abort+0x12b)[0x7f2c1bbc7859]
terminate called after throwing an instance of 'std::invalid_argument'
  what():  requested type of dimension 54, but dataset only has 54 dimensions
[broadwell-001:1327543] *** Process received signal ***
[broadwell-001:1327543] Signal: Aborted (6)
[broadwell-001:1327543] Signal code:  (-6)
[broadwell-001:1327548] [ 3] /lib/x86_64-linux-gnu/libstdc++.so.6(+0x9e911)[0x7f2c1bf9f911]
[broadwell-001:1327548] [ 4] /lib/x86_64-linux-gnu/libstdc++.so.6(+0xaa38c)[0x7f2c1bfab38c]
[broadwell-001:1327543] [ 0] /lib/x86_64-linux-gnu/libc.so.6(+0x43090)[0x7f53d8c35090]
[broadwell-001:1327548] [ 5] /lib/x86_64-linux-gnu/libstdc++.so.6(+0xaa3f7)[0x7f2c1bfab3f7]
[broadwell-001:1327543] [ 1] /lib/x86_64-linux-gnu/libc.so.6(gsignal+0xcb)[0x7f53d8c3500b]
[broadwell-001:1327543] [ 2] /lib/x86_64-linux-gnu/libc.so.6(abort+0x12b)[0x7f53d8c14859]
[broadwell-001:1327548] [ 6] /lib/x86_64-linux-gnu/libstdc++.so.6(+0xaa6a9)[0x7f2c1bfab6a9]
[broadwell-001:1327548] [ 7] /beegfs/home/echiavazza/unito-scpd/adaboost_mpi_v2/bin/./adaboost_mpi_v2(+0x1d0b6)[0x5587609780b6]
[broadwell-001:1327548] [ 8] /beegfs/home/echiavazza/unito-scpd/adaboost_mpi_v2/bin/./adaboost_mpi_v2(+0x161db)[0x5587609711db]
[broadwell-001:1327548] [ 9] /beegfs/home/echiavazza/unito-scpd/adaboost_mpi_v2/bin/./adaboost_mpi_v2(+0x16fcd)[0x558760971fcd]
[broadwell-001:1327548] [10] /beegfs/home/echiavazza/unito-scpd/adaboost_mpi_v2/bin/./adaboost_mpi_v2(+0xfc4e)[0x55876096ac4e]
[broadwell-001:1327548] [11] /beegfs/home/echiavazza/unito-scpd/adaboost_mpi_v2/bin/./adaboost_mpi_v2(+0x9539)[0x558760964539]
terminate called after throwing an instance of 'std::invalid_argument'
[broadwell-001:1327543] [ 3] /lib/x86_64-linux-gnu/libstdc++.so.6(+0x9e911)[0x7f53d8fec911]
[broadwell-001:1327548] [12] /lib/x86_64-linux-gnu/libc.so.6(__libc_start_main+0xf3)[0x7f2c1bbc9083]
[broadwell-001:1327548] [13] /beegfs/home/echiavazza/unito-scpd/adaboost_mpi_v2/bin/./adaboost_mpi_v2(+0x87be)[0x5587609637be]
[broadwell-001:1327548] *** End of error message ***
  what():  requested type of dimension 54, but dataset only has 54 dimensions
[broadwell-001:1327541] *** Process received signal ***
[broadwell-001:1327541] Signal: Aborted (6)
[broadwell-001:1327541] Signal code:  (-6)
[broadwell-001:1327543] [ 4] /lib/x86_64-linux-gnu/libstdc++.so.6(+0xaa38c)[0x7f53d8ff838c]
[broadwell-001:1327543] [ 5] /lib/x86_64-linux-gnu/libstdc++.so.6(+0xaa3f7)[0x7f53d8ff83f7]
[broadwell-001:1327541] [ 0] /lib/x86_64-linux-gnu/libc.so.6(+0x43090)[0x7f2af090b090]
[broadwell-001:1327543] [ 6] /lib/x86_64-linux-gnu/libstdc++.so.6(+0xaa6a9)[0x7f53d8ff86a9]
[broadwell-001:1327543] [ 7] /beegfs/home/echiavazza/unito-scpd/adaboost_mpi_v2/bin/./adaboost_mpi_v2(+0x1d0b6)[0x55d6350aa0b6]
[broadwell-001:1327543] [ 8] /beegfs/home/echiavazza/unito-scpd/adaboost_mpi_v2/bin/./adaboost_mpi_v2(+0x161db)[0x55d6350a31db]
[broadwell-001:1327543] [ 9] /beegfs/home/echiavazza/unito-scpd/adaboost_mpi_v2/bin/./adaboost_mpi_v2(+0x16fcd)[0x55d6350a3fcd]
[broadwell-001:1327543] [10] /beegfs/home/echiavazza/unito-scpd/adaboost_mpi_v2/bin/./adaboost_mpi_v2(+0xfc4e)[0x55d63509cc4e]
[broadwell-001:1327543] [11] /beegfs/home/echiavazza/unito-scpd/adaboost_mpi_v2/bin/./adaboost_mpi_v2(+0x9539)[0x55d635096539]
[broadwell-001:1327541] [ 1] /lib/x86_64-linux-gnu/libc.so.6(gsignal+0xcb)[0x7f2af090b00b]
[broadwell-001:1327541] [ 2] /lib/x86_64-linux-gnu/libc.so.6(abort+0x12b)[0x7f2af08ea859]
[broadwell-001:1327543] [12] /lib/x86_64-linux-gnu/libc.so.6(__libc_start_main+0xf3)[0x7f53d8c16083]
[broadwell-001:1327543] [13] /beegfs/home/echiavazza/unito-scpd/adaboost_mpi_v2/bin/./adaboost_mpi_v2(+0x87be)[0x55d6350957be]
[broadwell-001:1327543] *** End of error message ***
[broadwell-001:1327541] [ 3] /lib/x86_64-linux-gnu/libstdc++.so.6(+0x9e911)[0x7f2af0cc2911]
[broadwell-001:1327541] [ 4] /lib/x86_64-linux-gnu/libstdc++.so.6(+0xaa38c)[0x7f2af0cce38c]
[broadwell-001:1327541] [ 5] /lib/x86_64-linux-gnu/libstdc++.so.6(+0xaa3f7)[0x7f2af0cce3f7]
[broadwell-001:1327541] [ 6] /lib/x86_64-linux-gnu/libstdc++.so.6(+0xaa6a9)[0x7f2af0cce6a9]
[broadwell-001:1327541] [ 7] /beegfs/home/echiavazza/unito-scpd/adaboost_mpi_v2/bin/./adaboost_mpi_v2(+0x1d0b6)[0x564e207c60b6]
[broadwell-001:1327541] [ 8] /beegfs/home/echiavazza/unito-scpd/adaboost_mpi_v2/bin/./adaboost_mpi_v2(+0x161db)[0x564e207bf1db]
[broadwell-001:1327541] [ 9] /beegfs/home/echiavazza/unito-scpd/adaboost_mpi_v2/bin/./adaboost_mpi_v2(+0x16fcd)[0x564e207bffcd]
[broadwell-001:1327541] [10] /beegfs/home/echiavazza/unito-scpd/adaboost_mpi_v2/bin/./adaboost_mpi_v2(+0xfc4e)[0x564e207b8c4e]
[broadwell-001:1327541] [11] /beegfs/home/echiavazza/unito-scpd/adaboost_mpi_v2/bin/./adaboost_mpi_v2(+0x9539)[0x564e207b2539]
[broadwell-001:1327541] [12] /lib/x86_64-linux-gnu/libc.so.6(__libc_start_main+0xf3)[0x7f2af08ec083]
[broadwell-001:1327541] [13] /beegfs/home/echiavazza/unito-scpd/adaboost_mpi_v2/bin/./adaboost_mpi_v2(+0x87be)[0x564e207b17be]
[broadwell-001:1327541] *** End of error message ***
terminate called after throwing an instance of 'std::invalid_argument'
  what():  requested type of dimension 54, but dataset only has 54 dimensions
[broadwell-001:1327558] *** Process received signal ***
[broadwell-001:1327558] Signal: Aborted (6)
[broadwell-001:1327558] Signal code:  (-6)
terminate called after throwing an instance of 'std::invalid_argument'
  what():  requested type of dimension 54, but dataset only has 54 dimensions
[broadwell-001:1327558] [ 0] /lib/x86_64-linux-gnu/libc.so.6(+0x43090)[0x7fd0ffdcf090]
[broadwell-001:1327537] *** Process received signal ***
[broadwell-001:1327537] Signal: Aborted (6)
[broadwell-001:1327537] Signal code:  (-6)
[broadwell-001:1327558] [ 1] /lib/x86_64-linux-gnu/libc.so.6(gsignal+0xcb)[0x7fd0ffdcf00b]
[broadwell-001:1327558] [ 2] /lib/x86_64-linux-gnu/libc.so.6(abort+0x12b)[0x7fd0ffdae859]
[broadwell-001:1327537] [ 0] /lib/x86_64-linux-gnu/libc.so.6(+0x43090)[0x7f25a8d98090]
[broadwell-001:1327558] [ 3] /lib/x86_64-linux-gnu/libstdc++.so.6(+0x9e911)[0x7fd100186911]
[broadwell-001:1327537] [ 1] /lib/x86_64-linux-gnu/libc.so.6(gsignal+0xcb)[0x7f25a8d9800b]
[broadwell-001:1327558] [ 4] /lib/x86_64-linux-gnu/libstdc++.so.6(+0xaa38c)[0x7fd10019238c]
[broadwell-001:1327537] [ 2] /lib/x86_64-linux-gnu/libc.so.6(abort+0x12b)[0x7f25a8d77859]
[broadwell-001:1327558] [ 5] /lib/x86_64-linux-gnu/libstdc++.so.6(+0xaa3f7)[0x7fd1001923f7]
[broadwell-001:1327537] [ 3] /lib/x86_64-linux-gnu/libstdc++.so.6(+0x9e911)[0x7f25a914f911]
[broadwell-001:1327537] [ 4] /lib/x86_64-linux-gnu/libstdc++.so.6(+0xaa38c)[0x7f25a915b38c]
[broadwell-001:1327558] [ 6] /lib/x86_64-linux-gnu/libstdc++.so.6(+0xaa6a9)[0x7fd1001926a9]
[broadwell-001:1327558] [ 7] /beegfs/home/echiavazza/unito-scpd/adaboost_mpi_v2/bin/./adaboost_mpi_v2(+0x1d0b6)[0x56499d7050b6]
[broadwell-001:1327558] [ 8] /beegfs/home/echiavazza/unito-scpd/adaboost_mpi_v2/bin/./adaboost_mpi_v2(+0x161db)[0x56499d6fe1db]
[broadwell-001:1327558] [ 9] /beegfs/home/echiavazza/unito-scpd/adaboost_mpi_v2/bin/./adaboost_mpi_v2(+0x16fcd)[0x56499d6fefcd]
[broadwell-001:1327558] [10] /beegfs/home/echiavazza/unito-scpd/adaboost_mpi_v2/bin/./adaboost_mpi_v2(+0xfc4e)[0x56499d6f7c4e]
[broadwell-001:1327558] [11] /beegfs/home/echiavazza/unito-scpd/adaboost_mpi_v2/bin/./adaboost_mpi_v2(+0x9539)[0x56499d6f1539]
[broadwell-001:1327558] [12] /lib/x86_64-linux-gnu/libc.so.6(__libc_start_main+0xf3)[0x7fd0ffdb0083]
[broadwell-001:1327558] [13] /beegfs/home/echiavazza/unito-scpd/adaboost_mpi_v2/bin/./adaboost_mpi_v2(+0x87be)[0x56499d6f07be]
[broadwell-001:1327558] *** End of error message ***
[broadwell-001:1327537] [ 5] /lib/x86_64-linux-gnu/libstdc++.so.6(+0xaa3f7)[0x7f25a915b3f7]
[broadwell-001:1327537] [ 6] /lib/x86_64-linux-gnu/libstdc++.so.6(+0xaa6a9)[0x7f25a915b6a9]
[broadwell-001:1327537] [ 7] /beegfs/home/echiavazza/unito-scpd/adaboost_mpi_v2/bin/./adaboost_mpi_v2(+0x1d0b6)[0x5627d816f0b6]
[broadwell-001:1327537] [ 8] /beegfs/home/echiavazza/unito-scpd/adaboost_mpi_v2/bin/./adaboost_mpi_v2(+0x161db)[0x5627d81681db]
[broadwell-001:1327537] [ 9] /beegfs/home/echiavazza/unito-scpd/adaboost_mpi_v2/bin/./adaboost_mpi_v2(+0x16fcd)[0x5627d8168fcd]
[broadwell-001:1327537] [10] /beegfs/home/echiavazza/unito-scpd/adaboost_mpi_v2/bin/./adaboost_mpi_v2(+0xfc4e)[0x5627d8161c4e]
[broadwell-001:1327537] [11] /beegfs/home/echiavazza/unito-scpd/adaboost_mpi_v2/bin/./adaboost_mpi_v2(+0x9539)[0x5627d815b539]
[broadwell-001:1327537] [12] /lib/x86_64-linux-gnu/libc.so.6(__libc_start_main+0xf3)[0x7f25a8d79083]
[broadwell-001:1327537] [13] /beegfs/home/echiavazza/unito-scpd/adaboost_mpi_v2/bin/./adaboost_mpi_v2(+0x87be)[0x5627d815a7be]
[broadwell-001:1327537] *** End of error message ***
terminate called after throwing an instance of 'std::invalid_argument'
  what():  requested type of dimension 54, but dataset only has 54 dimensions
[broadwell-001:1327525] *** Process received signal ***
[broadwell-001:1327525] Signal: Aborted (6)
[broadwell-001:1327525] Signal code:  (-6)
[broadwell-001:1327525] [ 0] /lib/x86_64-linux-gnu/libc.so.6(+0x43090)[0x7fa366356090]
[broadwell-001:1327525] [ 1] /lib/x86_64-linux-gnu/libc.so.6(gsignal+0xcb)[0x7fa36635600b]
[broadwell-001:1327525] [ 2] /lib/x86_64-linux-gnu/libc.so.6(abort+0x12b)[0x7fa366335859]
[broadwell-001:1327525] [ 3] /lib/x86_64-linux-gnu/libstdc++.so.6(+0x9e911)[0x7fa36670d911]
[broadwell-001:1327525] [ 4] /lib/x86_64-linux-gnu/libstdc++.so.6(+0xaa38c)[0x7fa36671938c]
[broadwell-001:1327525] [ 5] /lib/x86_64-linux-gnu/libstdc++.so.6(+0xaa3f7)[0x7fa3667193f7]
terminate called after throwing an instance of 'std::invalid_argument'
  what():  requested type of dimension 54, but dataset only has 54 dimensions
[broadwell-001:1327533] *** Process received signal ***
[broadwell-001:1327525] [ 6] /lib/x86_64-linux-gnu/libstdc++.so.6(+0xaa6a9)[0x7fa3667196a9]
[broadwell-001:1327525] [ 7] /beegfs/home/echiavazza/unito-scpd/adaboost_mpi_v2/bin/./adaboost_mpi_v2(+0x1d0b6)[0x5561683ac0b6]
[broadwell-001:1327525] [ 8] /beegfs/home/echiavazza/unito-scpd/adaboost_mpi_v2/bin/./adaboost_mpi_v2(+0x161db)[0x5561683a51db]
[broadwell-001:1327525] [ 9] /beegfs/home/echiavazza/unito-scpd/adaboost_mpi_v2/bin/./adaboost_mpi_v2(+0x16fcd)[0x5561683a5fcd]
[broadwell-001:1327525] [10] /beegfs/home/echiavazza/unito-scpd/adaboost_mpi_v2/bin/./adaboost_mpi_v2(+0xfc4e)[0x55616839ec4e]
[broadwell-001:1327525] [11] /beegfs/home/echiavazza/unito-scpd/adaboost_mpi_v2/bin/./adaboost_mpi_v2(+0x9539)[0x556168398539]
[broadwell-001:1327525] [12] /lib/x86_64-linux-gnu/libc.so.6(__libc_start_main+0xf3)[0x7fa366337083]
[broadwell-001:1327525] [13] /beegfs/home/echiavazza/unito-scpd/adaboost_mpi_v2/bin/./adaboost_mpi_v2(+0x87be)[0x5561683977be]
[broadwell-001:1327525] *** End of error message ***
[broadwell-001:1327533] Signal: Aborted (6)
[broadwell-001:1327533] Signal code:  (-6)
[broadwell-001:1327533] [ 0] /lib/x86_64-linux-gnu/libc.so.6(+0x43090)[0x7ffb0dc4b090]
[broadwell-001:1327533] [ 1] /lib/x86_64-linux-gnu/libc.so.6(gsignal+0xcb)[0x7ffb0dc4b00b]
[broadwell-001:1327533] [ 2] /lib/x86_64-linux-gnu/libc.so.6(abort+0x12b)[0x7ffb0dc2a859]
[broadwell-001:1327533] [ 3] /lib/x86_64-linux-gnu/libstdc++.so.6(+0x9e911)[0x7ffb0e002911]
terminate called after throwing an instance of 'std::invalid_argument'
[broadwell-001:1327533] [ 4] /lib/x86_64-linux-gnu/libstdc++.so.6(+0xaa38c)[0x7ffb0e00e38c]
  what():  requested type of dimension 54, but dataset only has 54 dimensions
[broadwell-001:1327550] *** Process received signal ***
[broadwell-001:1327533] [ 5] /lib/x86_64-linux-gnu/libstdc++.so.6(+0xaa3f7)[0x7ffb0e00e3f7]
[broadwell-001:1327550] Signal: Aborted (6)
[broadwell-001:1327550] Signal code:  (-6)
[broadwell-001:1327533] [ 6] /lib/x86_64-linux-gnu/libstdc++.so.6(+0xaa6a9)[0x7ffb0e00e6a9]
[broadwell-001:1327533] [ 7] /beegfs/home/echiavazza/unito-scpd/adaboost_mpi_v2/bin/./adaboost_mpi_v2(+0x1d0b6)[0x5602a3f350b6]
[broadwell-001:1327533] [ 8] /beegfs/home/echiavazza/unito-scpd/adaboost_mpi_v2/bin/./adaboost_mpi_v2(+0x161db)[0x5602a3f2e1db]
[broadwell-001:1327533] [ 9] /beegfs/home/echiavazza/unito-scpd/adaboost_mpi_v2/bin/./adaboost_mpi_v2(+0x16fcd)[0x5602a3f2efcd]
[broadwell-001:1327533] [10] /beegfs/home/echiavazza/unito-scpd/adaboost_mpi_v2/bin/./adaboost_mpi_v2(+0xfc4e)[0x5602a3f27c4e]
[broadwell-001:1327533] [11] /beegfs/home/echiavazza/unito-scpd/adaboost_mpi_v2/bin/./adaboost_mpi_v2(+0x9539)[0x5602a3f21539]
[broadwell-001:1327550] [ 0] /lib/x86_64-linux-gnu/libc.so.6(+0x43090)[0x7f6f03a48090]
[broadwell-001:1327533] [12] /lib/x86_64-linux-gnu/libc.so.6(__libc_start_main+0xf3)[0x7ffb0dc2c083]
[broadwell-001:1327533] [13] /beegfs/home/echiavazza/unito-scpd/adaboost_mpi_v2/bin/./adaboost_mpi_v2(+0x87be)[0x5602a3f207be]
[broadwell-001:1327533] *** End of error message ***
[broadwell-001:1327550] [ 1] /lib/x86_64-linux-gnu/libc.so.6(gsignal+0xcb)[0x7f6f03a4800b]
[broadwell-001:1327550] [ 2] /lib/x86_64-linux-gnu/libc.so.6(abort+0x12b)[0x7f6f03a27859]
[broadwell-001:1327550] [ 3] /lib/x86_64-linux-gnu/libstdc++.so.6(+0x9e911)[0x7f6f03dff911]
[broadwell-001:1327550] [ 4] /lib/x86_64-linux-gnu/libstdc++.so.6(+0xaa38c)[0x7f6f03e0b38c]
[broadwell-001:1327550] [ 5] /lib/x86_64-linux-gnu/libstdc++.so.6(+0xaa3f7)[0x7f6f03e0b3f7]
[broadwell-001:1327550] [ 6] /lib/x86_64-linux-gnu/libstdc++.so.6(+0xaa6a9)[0x7f6f03e0b6a9]
[broadwell-001:1327550] [ 7] /beegfs/home/echiavazza/unito-scpd/adaboost_mpi_v2/bin/./adaboost_mpi_v2(+0x1d0b6)[0x555e031830b6]
[broadwell-001:1327550] [ 8] /beegfs/home/echiavazza/unito-scpd/adaboost_mpi_v2/bin/./adaboost_mpi_v2(+0x161db)[0x555e0317c1db]
[broadwell-001:1327550] [ 9] /beegfs/home/echiavazza/unito-scpd/adaboost_mpi_v2/bin/./adaboost_mpi_v2(+0x16fcd)[0x555e0317cfcd]
[broadwell-001:1327550] [10] /beegfs/home/echiavazza/unito-scpd/adaboost_mpi_v2/bin/./adaboost_mpi_v2(+0xfc4e)[0x555e03175c4e]
[broadwell-001:1327550] [11] /beegfs/home/echiavazza/unito-scpd/adaboost_mpi_v2/bin/./adaboost_mpi_v2(+0x9539)[0x555e0316f539]
[broadwell-001:1327550] [12] /lib/x86_64-linux-gnu/libc.so.6(__libc_start_main+0xf3)[0x7f6f03a29083]
[broadwell-001:1327550] [13] /beegfs/home/echiavazza/unito-scpd/adaboost_mpi_v2/bin/./adaboost_mpi_v2(+0x87be)[0x555e0316e7be]
[broadwell-001:1327550] *** End of error message ***
terminate called after throwing an instance of 'std::invalid_argument'
  what():  requested type of dimension 54, but dataset only has 54 dimensions
[broadwell-001:1327547] *** Process received signal ***
[broadwell-001:1327547] Signal: Aborted (6)
[broadwell-001:1327547] Signal code:  (-6)
[broadwell-001:1327547] [ 0] /lib/x86_64-linux-gnu/libc.so.6(+0x43090)[0x7f216b1a1090]
[broadwell-001:1327547] [ 1] /lib/x86_64-linux-gnu/libc.so.6(gsignal+0xcb)[0x7f216b1a100b]
[broadwell-001:1327547] [ 2] /lib/x86_64-linux-gnu/libc.so.6(abort+0x12b)[0x7f216b180859]
[broadwell-001:1327547] [ 3] /lib/x86_64-linux-gnu/libstdc++.so.6(+0x9e911)[0x7f216b558911]
[broadwell-001:1327547] [ 4] /lib/x86_64-linux-gnu/libstdc++.so.6(+0xaa38c)[0x7f216b56438c]
[broadwell-001:1327547] [ 5] /lib/x86_64-linux-gnu/libstdc++.so.6(+0xaa3f7)[0x7f216b5643f7]
[broadwell-001:1327547] [ 6] /lib/x86_64-linux-gnu/libstdc++.so.6(+0xaa6a9)[0x7f216b5646a9]
[broadwell-001:1327547] [ 7] /beegfs/home/echiavazza/unito-scpd/adaboost_mpi_v2/bin/./adaboost_mpi_v2(+0x1d0b6)[0x564b5e3760b6]
[broadwell-001:1327547] [ 8] /beegfs/home/echiavazza/unito-scpd/adaboost_mpi_v2/bin/./adaboost_mpi_v2(+0x161db)[0x564b5e36f1db]
[broadwell-001:1327547] [ 9] /beegfs/home/echiavazza/unito-scpd/adaboost_mpi_v2/bin/./adaboost_mpi_v2(+0x16fcd)[0x564b5e36ffcd]
[broadwell-001:1327547] [10] /beegfs/home/echiavazza/unito-scpd/adaboost_mpi_v2/bin/./adaboost_mpi_v2(+0xfc4e)[0x564b5e368c4e]
[broadwell-001:1327547] [11] /beegfs/home/echiavazza/unito-scpd/adaboost_mpi_v2/bin/./adaboost_mpi_v2(+0x9539)[0x564b5e362539]
[broadwell-001:1327547] [12] /lib/x86_64-linux-gnu/libc.so.6(__libc_start_main+0xf3)[0x7f216b182083]
[broadwell-001:1327547] [13] /beegfs/home/echiavazza/unito-scpd/adaboost_mpi_v2/bin/./adaboost_mpi_v2(+0x87be)[0x564b5e3617be]
[broadwell-001:1327547] *** End of error message ***
terminate called after throwing an instance of 'std::invalid_argument'
  what():  requested type of dimension 54, but dataset only has 54 dimensions
[broadwell-001:1327557] *** Process received signal ***
[broadwell-001:1327557] Signal: Aborted (6)
[broadwell-001:1327557] Signal code:  (-6)
[broadwell-001:1327557] [ 0] /lib/x86_64-linux-gnu/libc.so.6(+0x43090)[0x7f7e31ddf090]
[broadwell-001:1327557] [ 1] /lib/x86_64-linux-gnu/libc.so.6(gsignal+0xcb)[0x7f7e31ddf00b]
[broadwell-001:1327557] [ 2] /lib/x86_64-linux-gnu/libc.so.6(abort+0x12b)[0x7f7e31dbe859]
[broadwell-001:1327557] [ 3] /lib/x86_64-linux-gnu/libstdc++.so.6(+0x9e911)[0x7f7e32196911]
[broadwell-001:1327557] [ 4] /lib/x86_64-linux-gnu/libstdc++.so.6(+0xaa38c)[0x7f7e321a238c]
[broadwell-001:1327557] [ 5] /lib/x86_64-linux-gnu/libstdc++.so.6(+0xaa3f7)[0x7f7e321a23f7]
[broadwell-001:1327557] [ 6] /lib/x86_64-linux-gnu/libstdc++.so.6(+0xaa6a9)[0x7f7e321a26a9]
[broadwell-001:1327557] [ 7] /beegfs/home/echiavazza/unito-scpd/adaboost_mpi_v2/bin/./adaboost_mpi_v2(+0x1d0b6)[0x5627abf450b6]
[broadwell-001:1327557] [ 8] /beegfs/home/echiavazza/unito-scpd/adaboost_mpi_v2/bin/./adaboost_mpi_v2(+0x161db)[0x5627abf3e1db]
[broadwell-001:1327557] [ 9] /beegfs/home/echiavazza/unito-scpd/adaboost_mpi_v2/bin/./adaboost_mpi_v2(+0x16fcd)[0x5627abf3efcd]
[broadwell-001:1327557] [10] /beegfs/home/echiavazza/unito-scpd/adaboost_mpi_v2/bin/./adaboost_mpi_v2(+0xfc4e)[0x5627abf37c4e]
[broadwell-001:1327557] [11] /beegfs/home/echiavazza/unito-scpd/adaboost_mpi_v2/bin/./adaboost_mpi_v2(+0x9539)[0x5627abf31539]
[broadwell-001:1327557] [12] /lib/x86_64-linux-gnu/libc.so.6(__libc_start_main+0xf3)[0x7f7e31dc0083]
[broadwell-001:1327557] [13] /beegfs/home/echiavazza/unito-scpd/adaboost_mpi_v2/bin/./adaboost_mpi_v2(+0x87be)[0x5627abf307be]
[broadwell-001:1327557] *** End of error message ***
terminate called after throwing an instance of 'std::invalid_argument'
  what():  requested type of dimension 54, but dataset only has 54 dimensions
[broadwell-001:1327523] *** Process received signal ***
[broadwell-001:1327523] Signal: Aborted (6)
[broadwell-001:1327523] Signal code:  (-6)
[broadwell-001:1327523] [ 0] /lib/x86_64-linux-gnu/libc.so.6(+0x43090)[0x7f9cac765090]
[broadwell-001:1327523] [ 1] /lib/x86_64-linux-gnu/libc.so.6(gsignal+0xcb)[0x7f9cac76500b]
[broadwell-001:1327523] [ 2] /lib/x86_64-linux-gnu/libc.so.6(abort+0x12b)[0x7f9cac744859]
[broadwell-001:1327523] [ 3] /lib/x86_64-linux-gnu/libstdc++.so.6(+0x9e911)[0x7f9cacb1c911]
[broadwell-001:1327523] [ 4] /lib/x86_64-linux-gnu/libstdc++.so.6(+0xaa38c)[0x7f9cacb2838c]
[broadwell-001:1327523] [ 5] /lib/x86_64-linux-gnu/libstdc++.so.6(+0xaa3f7)[0x7f9cacb283f7]
[broadwell-001:1327523] [ 6] /lib/x86_64-linux-gnu/libstdc++.so.6(+0xaa6a9)[0x7f9cacb286a9]
[broadwell-001:1327523] [ 7] /beegfs/home/echiavazza/unito-scpd/adaboost_mpi_v2/bin/./adaboost_mpi_v2(+0x1d0b6)[0x55cf2f3320b6]
[broadwell-001:1327523] [ 8] /beegfs/home/echiavazza/unito-scpd/adaboost_mpi_v2/bin/./adaboost_mpi_v2(+0x161db)[0x55cf2f32b1db]
[broadwell-001:1327523] [ 9] /beegfs/home/echiavazza/unito-scpd/adaboost_mpi_v2/bin/./adaboost_mpi_v2(+0x16fcd)[0x55cf2f32bfcd]
[broadwell-001:1327523] [10] /beegfs/home/echiavazza/unito-scpd/adaboost_mpi_v2/bin/./adaboost_mpi_v2(+0xfc4e)[0x55cf2f324c4e]
[broadwell-001:1327523] [11] /beegfs/home/echiavazza/unito-scpd/adaboost_mpi_v2/bin/./adaboost_mpi_v2(+0x9539)[0x55cf2f31e539]
[broadwell-001:1327523] [12] /lib/x86_64-linux-gnu/libc.so.6(__libc_start_main+0xf3)[0x7f9cac746083]
[broadwell-001:1327523] [13] /beegfs/home/echiavazza/unito-scpd/adaboost_mpi_v2/bin/./adaboost_mpi_v2(+0x87be)[0x55cf2f31d7be]
[broadwell-001:1327523] *** End of error message ***
terminate called after throwing an instance of 'std::invalid_argument'
  what():  requested type of dimension 54, but dataset only has 54 dimensions
[broadwell-001:1327549] *** Process received signal ***
[broadwell-001:1327549] Signal: Aborted (6)
[broadwell-001:1327549] Signal code:  (-6)
[broadwell-001:1327549] [ 0] /lib/x86_64-linux-gnu/libc.so.6(+0x43090)[0x7f6ca83e8090]
[broadwell-001:1327549] [ 1] /lib/x86_64-linux-gnu/libc.so.6(gsignal+0xcb)[0x7f6ca83e800b]
[broadwell-001:1327549] [ 2] /lib/x86_64-linux-gnu/libc.so.6(abort+0x12b)[0x7f6ca83c7859]
[broadwell-001:1327549] [ 3] /lib/x86_64-linux-gnu/libstdc++.so.6(+0x9e911)[0x7f6ca879f911]
[broadwell-001:1327549] [ 4] /lib/x86_64-linux-gnu/libstdc++.so.6(+0xaa38c)[0x7f6ca87ab38c]
[broadwell-001:1327549] [ 5] /lib/x86_64-linux-gnu/libstdc++.so.6(+0xaa3f7)[0x7f6ca87ab3f7]
[broadwell-001:1327549] [ 6] /lib/x86_64-linux-gnu/libstdc++.so.6(+0xaa6a9)[0x7f6ca87ab6a9]
[broadwell-001:1327549] [ 7] /beegfs/home/echiavazza/unito-scpd/adaboost_mpi_v2/bin/./adaboost_mpi_v2(+0x1d0b6)[0x55f9d17200b6]
[broadwell-001:1327549] [ 8] /beegfs/home/echiavazza/unito-scpd/adaboost_mpi_v2/bin/./adaboost_mpi_v2(+0x161db)[0x55f9d17191db]
[broadwell-001:1327549] [ 9] /beegfs/home/echiavazza/unito-scpd/adaboost_mpi_v2/bin/./adaboost_mpi_v2(+0x16fcd)[0x55f9d1719fcd]
[broadwell-001:1327549] [10] /beegfs/home/echiavazza/unito-scpd/adaboost_mpi_v2/bin/./adaboost_mpi_v2(+0xfc4e)[0x55f9d1712c4e]
[broadwell-001:1327549] [11] /beegfs/home/echiavazza/unito-scpd/adaboost_mpi_v2/bin/./adaboost_mpi_v2(+0x9539)[0x55f9d170c539]
[broadwell-001:1327549] [12] /lib/x86_64-linux-gnu/libc.so.6(__libc_start_main+0xf3)[0x7f6ca83c9083]
[broadwell-001:1327549] [13] /beegfs/home/echiavazza/unito-scpd/adaboost_mpi_v2/bin/./adaboost_mpi_v2(+0x87be)[0x55f9d170b7be]
[broadwell-001:1327549] *** End of error message ***
srun: Received task exit notification for 26 tasks of StepId=168658.0 (status=0x0006).
srun: error: broadwell-001: tasks 0-4,6,8,10-12,14-16,18-20,22,24-28,30,32,34-35: Aborted
srun: Received task exit notification for 6 tasks of StepId=168658.0 (status=0x0086).
srun: error: broadwell-001: tasks 5,7,17,29,31,33: Aborted (core dumped)
srun: Received task exit notification for 4 tasks of StepId=168658.0 (status=0x0086).
srun: error: broadwell-001: tasks 9,13,21,23: Aborted (core dumped)
