make: Warning: File 'Makefile' has modification time 0.54 s in the future
make[1]: Warning: File 'CMakeFiles/Makefile2' has modification time 0.3 s in the future
make[2]: Warning: File 'CMakeFiles/communication_lib.dir/build.make' has modification time 0.29 s in the future
make[2]: Warning: File 'CMakeFiles/data_lib.dir/build.make' has modification time 0.29 s in the future
make[2]: warning:  Clock skew detected.  Your build may be incomplete.
make[2]: warning:  Clock skew detected.  Your build may be incomplete.
make[2]: Warning: File 'CMakeFiles/data_lib.dir/build.make' has modification time 0.16 s in the future
make[2]: Warning: File 'CMakeFiles/communication_lib.dir/build.make' has modification time 0.16 s in the future
make[2]: warning:  Clock skew detected.  Your build may be incomplete.
make[2]: warning:  Clock skew detected.  Your build may be incomplete.
make[2]: Warning: File '/beegfs/home/echiavazza/unito-scpd/adaboost_mpi_v2/obj/libcommunication_lib.a' has modification time 0.42 s in the future
/beegfs/home/echiavazza/unito-scpd/adaboost_mpi_v2/src/main.cpp: In function ‘int main(int, char**)’:
/beegfs/home/echiavazza/unito-scpd/adaboost_mpi_v2/src/main.cpp:36:39: error: expected ‘;’ before ‘for’
   36 |  std::cout << "send start"<< std::endl
      |                                       ^
      |                                       ;
   37 |         for (int i = 1; i < world_size; ++i) {
      |         ~~~                            
/beegfs/home/echiavazza/unito-scpd/adaboost_mpi_v2/src/main.cpp:37:25: error: ‘i’ was not declared in this scope
   37 |         for (int i = 1; i < world_size; ++i) {
      |                         ^
/beegfs/home/echiavazza/unito-scpd/adaboost_mpi_v2/src/main.cpp:42:37: error: expected ‘;’ before ‘broadcastDatasetInfo’
   42 |  std::cout << "send end"<< std::endl
      |                                     ^
      |                                     ;
   43 |         broadcastDatasetInfo(info);
      |         ~~~~~~~~~~~~~~~~~~~~         
make[2]: *** [CMakeFiles/adaboost-mpi_v2.dir/build.make:76: CMakeFiles/adaboost-mpi_v2.dir/src/main.cpp.o] Error 1
make[2]: *** Waiting for unfinished jobs....
make[1]: *** [CMakeFiles/Makefile2:140: CMakeFiles/adaboost-mpi_v2.dir/all] Error 2
make: *** [Makefile:91: all] Error 2
srun: defined options
srun: -------------------- --------------------
srun: (null)              : broadwell-001
srun: jobid               : 168657
srun: job-name            : submit.sh
srun: mpi                 : pmix
srun: nodes               : 1
srun: ntasks              : 36
srun: ntasks-per-node     : 36
srun: verbose             : 1
srun: -------------------- --------------------
srun: end of defined options
srun: jobid 168657: nodes(1):`broadwell-001', cpu counts: 36(x1)
srun: CpuBindType=(null type)
srun: launching StepId=168657.0 on host broadwell-001, 36 tasks: [0-35]
srun: topology/default: init: topology Default plugin loaded
srun: Node broadwell-001, 36 tasks started
terminate called after throwing an instance of 'std::invalid_argument'
  what():  requested type of dimension 54, but dataset only has 54 dimensions
[broadwell-001:1326812] *** Process received signal ***
terminate called after throwing an instance of 'std::invalid_argument'
  what():  requested type of dimension 54, but dataset only has 54 dimensions
[broadwell-001:1326815] *** Process received signal ***
[broadwell-001:1326815] Signal: Aborted (6)
[broadwell-001:1326815] Signal code:  (-6)
terminate called after throwing an instance of 'std::invalid_argument'
  what():  requested type of dimension 54, but dataset only has 54 dimensions
[broadwell-001:1326817] *** Process received signal ***
[broadwell-001:1326817] Signal: Aborted (6)
[broadwell-001:1326817] Signal code:  (-6)
terminate called after throwing an instance of 'std::invalid_argument'
  what():  requested type of dimension 54, but dataset only has 54 dimensions
[broadwell-001:1326821] *** Process received signal ***
[broadwell-001:1326821] Signal: Aborted (6)
[broadwell-001:1326821] Signal code:  (-6)
terminate called after throwing an instance of 'std::invalid_argument'
  what():  requested type of dimension 54, but dataset only has 54 dimensions
[broadwell-001:1326830] *** Process received signal ***
[broadwell-001:1326830] Signal: Aborted (6)
[broadwell-001:1326830] Signal code:  (-6)
[broadwell-001:1326812] Signal: Aborted (6)
[broadwell-001:1326812] Signal code:  (-6)
[broadwell-001:1326812] [ 0] /lib/x86_64-linux-gnu/libc.so.6(+0x43090)[0x7ffbae416090]
[broadwell-001:1326812] [ 1] /lib/x86_64-linux-gnu/libc.so.6(gsignal+0xcb)[0x7ffbae41600b]
terminate called after throwing an instance of 'std::invalid_argument'
  what():  requested type of dimension 54, but dataset only has 54 dimensions
[broadwell-001:1326813] *** Process received signal ***
[broadwell-001:1326815] [ 0] /lib/x86_64-linux-gnu/libc.so.6(+0x43090)[0x7fe2dc925090]
[broadwell-001:1326815] [ 1] /lib/x86_64-linux-gnu/libc.so.6(gsignal+0xcb)[0x7fe2dc92500b]
terminate called after throwing an instance of 'std::invalid_argument'
  what():  requested type of dimension 54, but dataset only has 54 dimensions
[broadwell-001:1326816] *** Process received signal ***
[broadwell-001:1326816] Signal: Aborted (6)
[broadwell-001:1326816] Signal code:  (-6)
[broadwell-001:1326817] [ 0] /lib/x86_64-linux-gnu/libc.so.6(+0x43090)[0x7f144128d090]
[broadwell-001:1326817] [ 1] /lib/x86_64-linux-gnu/libc.so.6(gsignal+0xcb)[0x7f144128d00b]
[broadwell-001:1326817] [ 2] /lib/x86_64-linux-gnu/libc.so.6(abort+0x12b)[0x7f144126c859]
[broadwell-001:1326821] [ 0] /lib/x86_64-linux-gnu/libc.so.6(+0x43090)[0x7fc3755dd090]
[broadwell-001:1326821] [ 1] /lib/x86_64-linux-gnu/libc.so.6(gsignal+0xcb)[0x7fc3755dd00b]
[broadwell-001:1326821] [ 2] /lib/x86_64-linux-gnu/libc.so.6(abort+0x12b)[0x7fc3755bc859]
[broadwell-001:1326830] [ 0] /lib/x86_64-linux-gnu/libc.so.6(+0x43090)[0x7f064e6e4090]
[broadwell-001:1326830] [ 1] /lib/x86_64-linux-gnu/libc.so.6(gsignal+0xcb)[0x7f064e6e400b]
[broadwell-001:1326830] [ 2] /lib/x86_64-linux-gnu/libc.so.6(abort+0x12b)[0x7f064e6c3859]
terminate called after throwing an instance of 'std::invalid_argument'
  what():  requested type of dimension 54, but dataset only has 54 dimensions
[broadwell-001:1326831] *** Process received signal ***
[broadwell-001:1326831] Signal: Aborted (6)
[broadwell-001:1326831] Signal code:  (-6)
terminate called after throwing an instance of 'std::invalid_argument'
  what():  requested type of dimension 54, but dataset only has 54 dimensions
[broadwell-001:1326804] *** Process received signal ***
[broadwell-001:1326804] Signal: Aborted (6)
[broadwell-001:1326804] Signal code:  (-6)
[broadwell-001:1326812] [ 2] /lib/x86_64-linux-gnu/libc.so.6(abort+0x12b)[0x7ffbae3f5859]
[broadwell-001:1326812] [ 3] /lib/x86_64-linux-gnu/libstdc++.so.6(+0x9e911)[0x7ffbae7cd911]
[broadwell-001:1326812] [ 4] /lib/x86_64-linux-gnu/libstdc++.so.6(+0xaa38c)[0x7ffbae7d938c]
[broadwell-001:1326812] [ 5] /lib/x86_64-linux-gnu/libstdc++.so.6(+0xaa3f7)[0x7ffbae7d93f7]
[broadwell-001:1326813] Signal: Aborted (6)
[broadwell-001:1326813] Signal code:  (-6)
[broadwell-001:1326813] [ 0] /lib/x86_64-linux-gnu/libc.so.6(+0x43090)[0x7f9c5747b090]
[broadwell-001:1326813] [ 1] /lib/x86_64-linux-gnu/libc.so.6(gsignal+0xcb)[0x7f9c5747b00b]
[broadwell-001:1326813] [ 2] /lib/x86_64-linux-gnu/libc.so.6(abort+0x12b)[0x7f9c5745a859]
[broadwell-001:1326813] [ 3] /lib/x86_64-linux-gnu/libstdc++.so.6(+0x9e911)[0x7f9c57832911]
terminate called after throwing an instance of 'std::invalid_argument'
  what():  requested type of dimension 54, but dataset only has 54 dimensions
[broadwell-001:1326814] *** Process received signal ***
[broadwell-001:1326814] Signal: Aborted (6)
[broadwell-001:1326814] Signal code:  (-6)
[broadwell-001:1326815] [ 2] /lib/x86_64-linux-gnu/libc.so.6(abort+0x12b)[0x7fe2dc904859]
[broadwell-001:1326815] [ 3] /lib/x86_64-linux-gnu/libstdc++.so.6(+0x9e911)[0x7fe2dccdc911]
[broadwell-001:1326815] [ 4] /lib/x86_64-linux-gnu/libstdc++.so.6(+0xaa38c)[0x7fe2dcce838c]
[broadwell-001:1326815] [ 5] /lib/x86_64-linux-gnu/libstdc++.so.6(+0xaa3f7)[0x7fe2dcce83f7]
[broadwell-001:1326815] [ 6] /lib/x86_64-linux-gnu/libstdc++.so.6(+0xaa6a9)[0x7fe2dcce86a9]
[broadwell-001:1326815] [ 7] /beegfs/home/echiavazza/unito-scpd/adaboost_mpi_v2/bin/./adaboost_mpi_v2(+0x1d0b6)[0x55609e6700b6]
[broadwell-001:1326815] [ 8] /beegfs/home/echiavazza/unito-scpd/adaboost_mpi_v2/bin/./adaboost_mpi_v2(+0x161db)[0x55609e6691db]
[broadwell-001:1326815] [ 9] /beegfs/home/echiavazza/unito-scpd/adaboost_mpi_v2/bin/./adaboost_mpi_v2(+0x16fcd)[0x55609e669fcd]
[broadwell-001:1326815] [10] /beegfs/home/echiavazza/unito-scpd/adaboost_mpi_v2/bin/./adaboost_mpi_v2(+0xfc4e)[0x55609e662c4e]
[broadwell-001:1326816] [ 0] /lib/x86_64-linux-gnu/libc.so.6(+0x43090)[0x7f920a79d090]
[broadwell-001:1326816] [ 1] /lib/x86_64-linux-gnu/libc.so.6(gsignal+0xcb)[0x7f920a79d00b]
[broadwell-001:1326816] [ 2] /lib/x86_64-linux-gnu/libc.so.6(abort+0x12b)[0x7f920a77c859]
[broadwell-001:1326816] [ 3] /lib/x86_64-linux-gnu/libstdc++.so.6(+0x9e911)[0x7f920ab54911]
[broadwell-001:1326816] [ 4] /lib/x86_64-linux-gnu/libstdc++.so.6(+0xaa38c)[0x7f920ab6038c]
[broadwell-001:1326816] [ 5] /lib/x86_64-linux-gnu/libstdc++.so.6(+0xaa3f7)[0x7f920ab603f7]
[broadwell-001:1326817] [ 3] /lib/x86_64-linux-gnu/libstdc++.so.6(+0x9e911)[0x7f1441644911]
[broadwell-001:1326817] [ 4] /lib/x86_64-linux-gnu/libstdc++.so.6(+0xaa38c)[0x7f144165038c]
[broadwell-001:1326817] [ 5] /lib/x86_64-linux-gnu/libstdc++.so.6(+0xaa3f7)[0x7f14416503f7]
[broadwell-001:1326817] [ 6] /lib/x86_64-linux-gnu/libstdc++.so.6(+0xaa6a9)[0x7f14416506a9]
[broadwell-001:1326817] [ 7] /beegfs/home/echiavazza/unito-scpd/adaboost_mpi_v2/bin/./adaboost_mpi_v2(+0x1d0b6)[0x55f0ce4b00b6]
[broadwell-001:1326817] [ 8] /beegfs/home/echiavazza/unito-scpd/adaboost_mpi_v2/bin/./adaboost_mpi_v2(+0x161db)[0x55f0ce4a91db]
[broadwell-001:1326817] [ 9] /beegfs/home/echiavazza/unito-scpd/adaboost_mpi_v2/bin/./adaboost_mpi_v2(+0x16fcd)[0x55f0ce4a9fcd]
[broadwell-001:1326817] [10] /beegfs/home/echiavazza/unito-scpd/adaboost_mpi_v2/bin/./adaboost_mpi_v2(+0xfc4e)[0x55f0ce4a2c4e]
[broadwell-001:1326817] [11] /beegfs/home/echiavazza/unito-scpd/adaboost_mpi_v2/bin/./adaboost_mpi_v2(+0x9539)[0x55f0ce49c539]
[broadwell-001:1326817] [12] /lib/x86_64-linux-gnu/libc.so.6(__libc_start_main+0xf3)[0x7f144126e083]
[broadwell-001:1326817] [13] /beegfs/home/echiavazza/unito-scpd/adaboost_mpi_v2/bin/./adaboost_mpi_v2(+0x87be)[0x55f0ce49b7be]
[broadwell-001:1326817] *** End of error message ***
[broadwell-001:1326821] [ 3] /lib/x86_64-linux-gnu/libstdc++.so.6(+0x9e911)[0x7fc375994911]
[broadwell-001:1326821] [ 4] /lib/x86_64-linux-gnu/libstdc++.so.6(+0xaa38c)[0x7fc3759a038c]
[broadwell-001:1326821] [ 5] /lib/x86_64-linux-gnu/libstdc++.so.6(+0xaa3f7)[0x7fc3759a03f7]
[broadwell-001:1326821] [ 6] /lib/x86_64-linux-gnu/libstdc++.so.6(+0xaa6a9)[0x7fc3759a06a9]
[broadwell-001:1326821] [ 7] /beegfs/home/echiavazza/unito-scpd/adaboost_mpi_v2/bin/./adaboost_mpi_v2(+0x1d0b6)[0x559b47f060b6]
[broadwell-001:1326821] [ 8] /beegfs/home/echiavazza/unito-scpd/adaboost_mpi_v2/bin/./adaboost_mpi_v2(+0x161db)[0x559b47eff1db]
[broadwell-001:1326821] [ 9] /beegfs/home/echiavazza/unito-scpd/adaboost_mpi_v2/bin/./adaboost_mpi_v2(+0x16fcd)[0x559b47efffcd]
[broadwell-001:1326821] [10] /beegfs/home/echiavazza/unito-scpd/adaboost_mpi_v2/bin/./adaboost_mpi_v2(+0xfc4e)[0x559b47ef8c4e]
[broadwell-001:1326821] [11] /beegfs/home/echiavazza/unito-scpd/adaboost_mpi_v2/bin/./adaboost_mpi_v2(+0x9539)[0x559b47ef2539]
[broadwell-001:1326821] [12] /lib/x86_64-linux-gnu/libc.so.6(__libc_start_main+0xf3)[0x7fc3755be083]
[broadwell-001:1326821] [13] /beegfs/home/echiavazza/unito-scpd/adaboost_mpi_v2/bin/./adaboost_mpi_v2(+0x87be)[0x559b47ef17be]
[broadwell-001:1326821] *** End of error message ***
terminate called after throwing an instance of 'std::invalid_argument'
  what():  requested type of dimension 54, but dataset only has 54 dimensions
[broadwell-001:1326823] *** Process received signal ***
[broadwell-001:1326823] Signal: Aborted (6)
[broadwell-001:1326823] Signal code:  (-6)
[broadwell-001:1326823] [ 0] /lib/x86_64-linux-gnu/libc.so.6(+0x43090)[0x7fd0af51c090]
[broadwell-001:1326823] [ 1] /lib/x86_64-linux-gnu/libc.so.6(gsignal+0xcb)[0x7fd0af51c00b]
[broadwell-001:1326823] [ 2] /lib/x86_64-linux-gnu/libc.so.6(abort+0x12b)[0x7fd0af4fb859]
[broadwell-001:1326830] [ 3] /lib/x86_64-linux-gnu/libstdc++.so.6(+0x9e911)[0x7f064ea9b911]
[broadwell-001:1326830] [ 4] /lib/x86_64-linux-gnu/libstdc++.so.6(+0xaa38c)[0x7f064eaa738c]
[broadwell-001:1326830] [ 5] /lib/x86_64-linux-gnu/libstdc++.so.6(+0xaa3f7)[0x7f064eaa73f7]
[broadwell-001:1326830] [ 6] /lib/x86_64-linux-gnu/libstdc++.so.6(+0xaa6a9)[0x7f064eaa76a9]
[broadwell-001:1326830] [ 7] /beegfs/home/echiavazza/unito-scpd/adaboost_mpi_v2/bin/./adaboost_mpi_v2(+0x1d0b6)[0x55cb19c110b6]
[broadwell-001:1326830] [ 8] /beegfs/home/echiavazza/unito-scpd/adaboost_mpi_v2/bin/./adaboost_mpi_v2(+0x161db)[0x55cb19c0a1db]
[broadwell-001:1326830] [ 9] /beegfs/home/echiavazza/unito-scpd/adaboost_mpi_v2/bin/./adaboost_mpi_v2(+0x16fcd)[0x55cb19c0afcd]
[broadwell-001:1326830] [10] /beegfs/home/echiavazza/unito-scpd/adaboost_mpi_v2/bin/./adaboost_mpi_v2(+0xfc4e)[0x55cb19c03c4e]
[broadwell-001:1326830] [11] /beegfs/home/echiavazza/unito-scpd/adaboost_mpi_v2/bin/./adaboost_mpi_v2(+0x9539)[0x55cb19bfd539]
[broadwell-001:1326830] [12] /lib/x86_64-linux-gnu/libc.so.6(__libc_start_main+0xf3)[0x7f064e6c5083]
[broadwell-001:1326830] [13] /beegfs/home/echiavazza/unito-scpd/adaboost_mpi_v2/bin/./adaboost_mpi_v2(+0x87be)[0x55cb19bfc7be]
[broadwell-001:1326830] *** End of error message ***
[broadwell-001:1326831] [ 0] /lib/x86_64-linux-gnu/libc.so.6(+0x43090)[0x7fdf8fbe8090]
[broadwell-001:1326831] [ 1] /lib/x86_64-linux-gnu/libc.so.6(gsignal+0xcb)[0x7fdf8fbe800b]
[broadwell-001:1326831] [ 2] /lib/x86_64-linux-gnu/libc.so.6(abort+0x12b)[0x7fdf8fbc7859]
[broadwell-001:1326831] [ 3] /lib/x86_64-linux-gnu/libstdc++.so.6(+0x9e911)[0x7fdf8ff9f911]
[broadwell-001:1326831] [ 4] /lib/x86_64-linux-gnu/libstdc++.so.6(+0xaa38c)[0x7fdf8ffab38c]
[broadwell-001:1326831] [ 5] /lib/x86_64-linux-gnu/libstdc++.so.6(+0xaa3f7)[0x7fdf8ffab3f7]
[broadwell-001:1326831] [ 6] /lib/x86_64-linux-gnu/libstdc++.so.6(+0xaa6a9)[0x7fdf8ffab6a9]
[broadwell-001:1326831] [ 7] /beegfs/home/echiavazza/unito-scpd/adaboost_mpi_v2/bin/./adaboost_mpi_v2(+0x1d0b6)[0x564d635550b6]
[broadwell-001:1326831] [ 8] /beegfs/home/echiavazza/unito-scpd/adaboost_mpi_v2/bin/./adaboost_mpi_v2(+0x161db)[0x564d6354e1db]
[broadwell-001:1326831] [ 9] /beegfs/home/echiavazza/unito-scpd/adaboost_mpi_v2/bin/./adaboost_mpi_v2(+0x16fcd)[0x564d6354efcd]
[broadwell-001:1326831] [10] /beegfs/home/echiavazza/unito-scpd/adaboost_mpi_v2/bin/./adaboost_mpi_v2(+0xfc4e)[0x564d63547c4e]
[broadwell-001:1326831] [11] /beegfs/home/echiavazza/unito-scpd/adaboost_mpi_v2/bin/./adaboost_mpi_v2(+0x9539)[0x564d63541539]
[broadwell-001:1326804] [ 0] /lib/x86_64-linux-gnu/libc.so.6(+0x43090)[0x7f6ddbc12090]
[broadwell-001:1326804] [ 1] /lib/x86_64-linux-gnu/libc.so.6(gsignal+0xcb)[0x7f6ddbc1200b]
[broadwell-001:1326804] [ 2] /lib/x86_64-linux-gnu/libc.so.6(abort+0x12b)[0x7f6ddbbf1859]
[broadwell-001:1326804] [ 3] /lib/x86_64-linux-gnu/libstdc++.so.6(+0x9e911)[0x7f6ddbfc9911]
[broadwell-001:1326804] [ 4] /lib/x86_64-linux-gnu/libstdc++.so.6(+0xaa38c)[0x7f6ddbfd538c]
[broadwell-001:1326804] [ 5] /lib/x86_64-linux-gnu/libstdc++.so.6(+0xaa3f7)[0x7f6ddbfd53f7]
[broadwell-001:1326812] [ 6] /lib/x86_64-linux-gnu/libstdc++.so.6(+0xaa6a9)[0x7ffbae7d96a9]
[broadwell-001:1326812] [ 7] /beegfs/home/echiavazza/unito-scpd/adaboost_mpi_v2/bin/./adaboost_mpi_v2(+0x1d0b6)[0x5587764000b6]
[broadwell-001:1326812] [ 8] /beegfs/home/echiavazza/unito-scpd/adaboost_mpi_v2/bin/./adaboost_mpi_v2(+0x161db)[0x5587763f91db]
[broadwell-001:1326812] [ 9] /beegfs/home/echiavazza/unito-scpd/adaboost_mpi_v2/bin/./adaboost_mpi_v2(+0x16fcd)[0x5587763f9fcd]
[broadwell-001:1326812] [10] /beegfs/home/echiavazza/unito-scpd/adaboost_mpi_v2/bin/./adaboost_mpi_v2(+0xfc4e)[0x5587763f2c4e]
[broadwell-001:1326812] [11] /beegfs/home/echiavazza/unito-scpd/adaboost_mpi_v2/bin/./adaboost_mpi_v2(+0x9539)[0x5587763ec539]
[broadwell-001:1326812] [12] /lib/x86_64-linux-gnu/libc.so.6(__libc_start_main+0xf3)[0x7ffbae3f7083]
[broadwell-001:1326812] [13] /beegfs/home/echiavazza/unito-scpd/adaboost_mpi_v2/bin/./adaboost_mpi_v2(+0x87be)[0x5587763eb7be]
[broadwell-001:1326812] *** End of error message ***
[broadwell-001:1326813] [ 4] /lib/x86_64-linux-gnu/libstdc++.so.6(+0xaa38c)[0x7f9c5783e38c]
[broadwell-001:1326813] [ 5] /lib/x86_64-linux-gnu/libstdc++.so.6(+0xaa3f7)[0x7f9c5783e3f7]
[broadwell-001:1326813] [ 6] /lib/x86_64-linux-gnu/libstdc++.so.6(+0xaa6a9)[0x7f9c5783e6a9]
[broadwell-001:1326813] [ 7] /beegfs/home/echiavazza/unito-scpd/adaboost_mpi_v2/bin/./adaboost_mpi_v2(+0x1d0b6)[0x55a9b190e0b6]
[broadwell-001:1326813] [ 8] /beegfs/home/echiavazza/unito-scpd/adaboost_mpi_v2/bin/./adaboost_mpi_v2(+0x161db)[0x55a9b19071db]
[broadwell-001:1326813] [ 9] /beegfs/home/echiavazza/unito-scpd/adaboost_mpi_v2/bin/./adaboost_mpi_v2(+0x16fcd)[0x55a9b1907fcd]
[broadwell-001:1326813] [10] /beegfs/home/echiavazza/unito-scpd/adaboost_mpi_v2/bin/./adaboost_mpi_v2(+0xfc4e)[0x55a9b1900c4e]
[broadwell-001:1326813] [11] /beegfs/home/echiavazza/unito-scpd/adaboost_mpi_v2/bin/./adaboost_mpi_v2(+0x9539)[0x55a9b18fa539]
[broadwell-001:1326813] [12] /lib/x86_64-linux-gnu/libc.so.6(__libc_start_main+0xf3)[0x7f9c5745c083]
[broadwell-001:1326813] [13] /beegfs/home/echiavazza/unito-scpd/adaboost_mpi_v2/bin/./adaboost_mpi_v2(+0x87be)[0x55a9b18f97be]
[broadwell-001:1326813] *** End of error message ***
[broadwell-001:1326814] [ 0] /lib/x86_64-linux-gnu/libc.so.6(+0x43090)[0x7f5185b7d090]
[broadwell-001:1326814] [ 1] /lib/x86_64-linux-gnu/libc.so.6(gsignal+0xcb)[0x7f5185b7d00b]
[broadwell-001:1326814] [ 2] /lib/x86_64-linux-gnu/libc.so.6(abort+0x12b)[0x7f5185b5c859]
[broadwell-001:1326814] [ 3] /lib/x86_64-linux-gnu/libstdc++.so.6(+0x9e911)[0x7f5185f34911]
[broadwell-001:1326814] [ 4] /lib/x86_64-linux-gnu/libstdc++.so.6(+0xaa38c)[0x7f5185f4038c]
[broadwell-001:1326815] [11] /beegfs/home/echiavazza/unito-scpd/adaboost_mpi_v2/bin/./adaboost_mpi_v2(+0x9539)[0x55609e65c539]
[broadwell-001:1326815] [12] /lib/x86_64-linux-gnu/libc.so.6(__libc_start_main+0xf3)[0x7fe2dc906083]
[broadwell-001:1326815] [13] /beegfs/home/echiavazza/unito-scpd/adaboost_mpi_v2/bin/./adaboost_mpi_v2(+0x87be)[0x55609e65b7be]
[broadwell-001:1326815] *** End of error message ***
[broadwell-001:1326816] [ 6] /lib/x86_64-linux-gnu/libstdc++.so.6(+0xaa6a9)[0x7f920ab606a9]
[broadwell-001:1326816] [ 7] /beegfs/home/echiavazza/unito-scpd/adaboost_mpi_v2/bin/./adaboost_mpi_v2(+0x1d0b6)[0x5577c11c40b6]
[broadwell-001:1326816] [ 8] /beegfs/home/echiavazza/unito-scpd/adaboost_mpi_v2/bin/./adaboost_mpi_v2(+0x161db)[0x5577c11bd1db]
[broadwell-001:1326816] [ 9] /beegfs/home/echiavazza/unito-scpd/adaboost_mpi_v2/bin/./adaboost_mpi_v2(+0x16fcd)[0x5577c11bdfcd]
[broadwell-001:1326816] [10] /beegfs/home/echiavazza/unito-scpd/adaboost_mpi_v2/bin/./adaboost_mpi_v2(+0xfc4e)[0x5577c11b6c4e]
[broadwell-001:1326816] [11] /beegfs/home/echiavazza/unito-scpd/adaboost_mpi_v2/bin/./adaboost_mpi_v2(+0x9539)[0x5577c11b0539]
[broadwell-001:1326816] [12] /lib/x86_64-linux-gnu/libc.so.6(__libc_start_main+0xf3)[0x7f920a77e083]
[broadwell-001:1326816] [13] /beegfs/home/echiavazza/unito-scpd/adaboost_mpi_v2/bin/./adaboost_mpi_v2(+0x87be)[0x5577c11af7be]
[broadwell-001:1326816] *** End of error message ***
[broadwell-001:1326823] [ 3] /lib/x86_64-linux-gnu/libstdc++.so.6(+0x9e911)[0x7fd0af8d3911]
[broadwell-001:1326823] [ 4] /lib/x86_64-linux-gnu/libstdc++.so.6(+0xaa38c)[0x7fd0af8df38c]
[broadwell-001:1326823] [ 5] /lib/x86_64-linux-gnu/libstdc++.so.6(+0xaa3f7)[0x7fd0af8df3f7]
[broadwell-001:1326823] [ 6] /lib/x86_64-linux-gnu/libstdc++.so.6(+0xaa6a9)[0x7fd0af8df6a9]
[broadwell-001:1326823] [ 7] /beegfs/home/echiavazza/unito-scpd/adaboost_mpi_v2/bin/./adaboost_mpi_v2(+0x1d0b6)[0x55c2e19eb0b6]
[broadwell-001:1326823] [ 8] /beegfs/home/echiavazza/unito-scpd/adaboost_mpi_v2/bin/./adaboost_mpi_v2(+0x161db)[0x55c2e19e41db]
[broadwell-001:1326831] [12] /lib/x86_64-linux-gnu/libc.so.6(__libc_start_main+0xf3)[0x7fdf8fbc9083]
[broadwell-001:1326831] [13] /beegfs/home/echiavazza/unito-scpd/adaboost_mpi_v2/bin/./adaboost_mpi_v2(+0x87be)[0x564d635407be]
[broadwell-001:1326831] *** End of error message ***
terminate called after throwing an instance of 'std::invalid_argument'
  what():  requested type of dimension 54, but dataset only has 54 dimensions
[broadwell-001:1326832] *** Process received signal ***
[broadwell-001:1326832] Signal: Aborted (6)
[broadwell-001:1326832] Signal code:  (-6)
[broadwell-001:1326832] [ 0] /lib/x86_64-linux-gnu/libc.so.6(+0x43090)[0x7fb843034090]
[broadwell-001:1326832] [ 1] /lib/x86_64-linux-gnu/libc.so.6(gsignal+0xcb)[0x7fb84303400b]
[broadwell-001:1326832] [ 2] /lib/x86_64-linux-gnu/libc.so.6(abort+0x12b)[0x7fb843013859]
[broadwell-001:1326832] [ 3] /lib/x86_64-linux-gnu/libstdc++.so.6(+0x9e911)[0x7fb8433eb911]
[broadwell-001:1326804] [ 6] /lib/x86_64-linux-gnu/libstdc++.so.6(+0xaa6a9)[0x7f6ddbfd56a9]
[broadwell-001:1326804] [ 7] /beegfs/home/echiavazza/unito-scpd/adaboost_mpi_v2/bin/./adaboost_mpi_v2(+0x1d0b6)[0x561a50a020b6]
[broadwell-001:1326804] [ 8] /beegfs/home/echiavazza/unito-scpd/adaboost_mpi_v2/bin/./adaboost_mpi_v2(+0x161db)[0x561a509fb1db]
[broadwell-001:1326804] [ 9] /beegfs/home/echiavazza/unito-scpd/adaboost_mpi_v2/bin/./adaboost_mpi_v2(+0x16fcd)[0x561a509fbfcd]
[broadwell-001:1326804] [10] /beegfs/home/echiavazza/unito-scpd/adaboost_mpi_v2/bin/./adaboost_mpi_v2(+0xfc4e)[0x561a509f4c4e]
[broadwell-001:1326804] [11] /beegfs/home/echiavazza/unito-scpd/adaboost_mpi_v2/bin/./adaboost_mpi_v2(+0x9539)[0x561a509ee539]
[broadwell-001:1326804] [12] /lib/x86_64-linux-gnu/libc.so.6(__libc_start_main+0xf3)[0x7f6ddbbf3083]
[broadwell-001:1326804] [13] /beegfs/home/echiavazza/unito-scpd/adaboost_mpi_v2/bin/./adaboost_mpi_v2(+0x87be)[0x561a509ed7be]
[broadwell-001:1326804] *** End of error message ***
terminate called after throwing an instance of 'std::invalid_argument'
  what():  requested type of dimension 54, but dataset only has 54 dimensions
[broadwell-001:1326814] [ 5] /lib/x86_64-linux-gnu/libstdc++.so.6(+0xaa3f7)[0x7f5185f403f7]
[broadwell-001:1326814] [ 6] /lib/x86_64-linux-gnu/libstdc++.so.6(+0xaa6a9)[0x7f5185f406a9]
[broadwell-001:1326814] [ 7] /beegfs/home/echiavazza/unito-scpd/adaboost_mpi_v2/bin/./adaboost_mpi_v2(+0x1d0b6)[0x559d5cb830b6]
[broadwell-001:1326814] [ 8] /beegfs/home/echiavazza/unito-scpd/adaboost_mpi_v2/bin/./adaboost_mpi_v2(+0x161db)[0x559d5cb7c1db]
[broadwell-001:1326814] [ 9] /beegfs/home/echiavazza/unito-scpd/adaboost_mpi_v2/bin/./adaboost_mpi_v2(+0x16fcd)[0x559d5cb7cfcd]
[broadwell-001:1326814] [10] /beegfs/home/echiavazza/unito-scpd/adaboost_mpi_v2/bin/./adaboost_mpi_v2(+0xfc4e)[0x559d5cb75c4e]
[broadwell-001:1326814] [11] /beegfs/home/echiavazza/unito-scpd/adaboost_mpi_v2/bin/./adaboost_mpi_v2(+0x9539)[0x559d5cb6f539]
[broadwell-001:1326814] [12] /lib/x86_64-linux-gnu/libc.so.6(__libc_start_main+0xf3)[0x7f5185b5e083]
[broadwell-001:1326814] [13] /beegfs/home/echiavazza/unito-scpd/adaboost_mpi_v2/bin/./adaboost_mpi_v2(+0x87be)[0x559d5cb6e7be]
[broadwell-001:1326814] *** End of error message ***
terminate called after throwing an instance of 'std::invalid_argument'
  what():  requested type of dimension 54, but dataset only has 54 dimensions
[broadwell-001:1326820] *** Process received signal ***
[broadwell-001:1326820] Signal: Aborted (6)
[broadwell-001:1326820] Signal code:  (-6)
[broadwell-001:1326820] [ 0] /lib/x86_64-linux-gnu/libc.so.6(+0x43090)[0x7fadb7b75090]
[broadwell-001:1326820] [ 1] /lib/x86_64-linux-gnu/libc.so.6(gsignal+0xcb)[0x7fadb7b7500b]
[broadwell-001:1326823] [ 9] /beegfs/home/echiavazza/unito-scpd/adaboost_mpi_v2/bin/./adaboost_mpi_v2(+0x16fcd)[0x55c2e19e4fcd]
[broadwell-001:1326823] [10] /beegfs/home/echiavazza/unito-scpd/adaboost_mpi_v2/bin/./adaboost_mpi_v2(+0xfc4e)[0x55c2e19ddc4e]
[broadwell-001:1326823] [11] /beegfs/home/echiavazza/unito-scpd/adaboost_mpi_v2/bin/./adaboost_mpi_v2(+0x9539)[0x55c2e19d7539]
[broadwell-001:1326823] [12] /lib/x86_64-linux-gnu/libc.so.6(__libc_start_main+0xf3)[0x7fd0af4fd083]
[broadwell-001:1326823] [13] /beegfs/home/echiavazza/unito-scpd/adaboost_mpi_v2/bin/./adaboost_mpi_v2(+0x87be)[0x55c2e19d67be]
[broadwell-001:1326823] *** End of error message ***
[broadwell-001:1326832] [ 4] /lib/x86_64-linux-gnu/libstdc++.so.6(+0xaa38c)[0x7fb8433f738c]
[broadwell-001:1326832] [ 5] /lib/x86_64-linux-gnu/libstdc++.so.6(+0xaa3f7)[0x7fb8433f73f7]
[broadwell-001:1326832] [ 6] /lib/x86_64-linux-gnu/libstdc++.so.6(+0xaa6a9)[0x7fb8433f76a9]
[broadwell-001:1326807] *** Process received signal ***
[broadwell-001:1326807] Signal: Aborted (6)
[broadwell-001:1326807] Signal code:  (-6)
[broadwell-001:1326820] [ 2] /lib/x86_64-linux-gnu/libc.so.6(abort+0x12b)[0x7fadb7b54859]
[broadwell-001:1326820] [ 3] /lib/x86_64-linux-gnu/libstdc++.so.6(+0x9e911)[0x7fadb7f2c911]
terminate called after throwing an instance of 'std::invalid_argument'
  what():  requested type of dimension 54, but dataset only has 54 dimensions
[broadwell-001:1326832] [ 7] /beegfs/home/echiavazza/unito-scpd/adaboost_mpi_v2/bin/./adaboost_mpi_v2(+0x1d0b6)[0x55d05ffbc0b6]
[broadwell-001:1326832] [ 8] /beegfs/home/echiavazza/unito-scpd/adaboost_mpi_v2/bin/./adaboost_mpi_v2(+0x161db)[0x55d05ffb51db]
[broadwell-001:1326832] [ 9] /beegfs/home/echiavazza/unito-scpd/adaboost_mpi_v2/bin/./adaboost_mpi_v2(+0x16fcd)[0x55d05ffb5fcd]
[broadwell-001:1326832] [10] /beegfs/home/echiavazza/unito-scpd/adaboost_mpi_v2/bin/./adaboost_mpi_v2(+0xfc4e)[0x55d05ffaec4e]
[broadwell-001:1326832] [11] /beegfs/home/echiavazza/unito-scpd/adaboost_mpi_v2/bin/./adaboost_mpi_v2(+0x9539)[0x55d05ffa8539]
[broadwell-001:1326832] [12] /lib/x86_64-linux-gnu/libc.so.6(__libc_start_main+0xf3)[0x7fb843015083]
[broadwell-001:1326832] [13] /beegfs/home/echiavazza/unito-scpd/adaboost_mpi_v2/bin/./adaboost_mpi_v2(+0x87be)[0x55d05ffa77be]
[broadwell-001:1326832] *** End of error message ***
[broadwell-001:1326807] [ 0] /lib/x86_64-linux-gnu/libc.so.6(+0x43090)[0x7ff5faa68090]
[broadwell-001:1326807] [ 1] /lib/x86_64-linux-gnu/libc.so.6(gsignal+0xcb)[0x7ff5faa6800b]
[broadwell-001:1326807] [ 2] /lib/x86_64-linux-gnu/libc.so.6(abort+0x12b)[0x7ff5faa47859]
[broadwell-001:1326820] [ 4] /lib/x86_64-linux-gnu/libstdc++.so.6(+0xaa38c)[0x7fadb7f3838c]
[broadwell-001:1326828] *** Process received signal ***
[broadwell-001:1326828] Signal: Aborted (6)
[broadwell-001:1326828] Signal code:  (-6)
[broadwell-001:1326807] [ 3] /lib/x86_64-linux-gnu/libstdc++.so.6(+0x9e911)[0x7ff5fae1f911]
[broadwell-001:1326820] [ 5] /lib/x86_64-linux-gnu/libstdc++.so.6(+0xaa3f7)[0x7fadb7f383f7]
[broadwell-001:1326820] [ 6] /lib/x86_64-linux-gnu/libstdc++.so.6(+0xaa6a9)[0x7fadb7f386a9]
[broadwell-001:1326828] [ 0] /lib/x86_64-linux-gnu/libc.so.6(+0x43090)[0x7f21f07a9090]
[broadwell-001:1326828] [ 1] /lib/x86_64-linux-gnu/libc.so.6(gsignal+0xcb)[0x7f21f07a900b]
[broadwell-001:1326807] [ 4] /lib/x86_64-linux-gnu/libstdc++.so.6(+0xaa38c)[0x7ff5fae2b38c]
[broadwell-001:1326820] [ 7] /beegfs/home/echiavazza/unito-scpd/adaboost_mpi_v2/bin/./adaboost_mpi_v2(+0x1d0b6)[0x55f11a8290b6]
[broadwell-001:1326820] [ 8] /beegfs/home/echiavazza/unito-scpd/adaboost_mpi_v2/bin/./adaboost_mpi_v2(+0x161db)[0x55f11a8221db]
[broadwell-001:1326820] [ 9] /beegfs/home/echiavazza/unito-scpd/adaboost_mpi_v2/bin/./adaboost_mpi_v2(+0x16fcd)[0x55f11a822fcd]
[broadwell-001:1326820] [10] /beegfs/home/echiavazza/unito-scpd/adaboost_mpi_v2/bin/./adaboost_mpi_v2(+0xfc4e)[0x55f11a81bc4e]
[broadwell-001:1326820] [11] /beegfs/home/echiavazza/unito-scpd/adaboost_mpi_v2/bin/./adaboost_mpi_v2(+0x9539)[0x55f11a815539]
[broadwell-001:1326820] [12] /lib/x86_64-linux-gnu/libc.so.6(__libc_start_main+0xf3)[0x7fadb7b56083]
[broadwell-001:1326820] [13] /beegfs/home/echiavazza/unito-scpd/adaboost_mpi_v2/bin/./adaboost_mpi_v2(+0x87be)[0x55f11a8147be]
[broadwell-001:1326828] [ 2] /lib/x86_64-linux-gnu/libc.so.6(abort+0x12b)[0x7f21f0788859]
[broadwell-001:1326807] [ 5] /lib/x86_64-linux-gnu/libstdc++.so.6(+0xaa3f7)[0x7ff5fae2b3f7]
[broadwell-001:1326820] *** End of error message ***
[broadwell-001:1326828] [ 3] /lib/x86_64-linux-gnu/libstdc++.so.6(+0x9e911)[0x7f21f0b60911]
[broadwell-001:1326807] [ 6] /lib/x86_64-linux-gnu/libstdc++.so.6(+0xaa6a9)[0x7ff5fae2b6a9]
[broadwell-001:1326807] [ 7] /beegfs/home/echiavazza/unito-scpd/adaboost_mpi_v2/bin/./adaboost_mpi_v2(+0x1d0b6)[0x55848eb480b6]
[broadwell-001:1326807] [ 8] /beegfs/home/echiavazza/unito-scpd/adaboost_mpi_v2/bin/./adaboost_mpi_v2(+0x161db)[0x55848eb411db]
[broadwell-001:1326807] [ 9] /beegfs/home/echiavazza/unito-scpd/adaboost_mpi_v2/bin/./adaboost_mpi_v2(+0x16fcd)[0x55848eb41fcd]
[broadwell-001:1326807] [10] /beegfs/home/echiavazza/unito-scpd/adaboost_mpi_v2/bin/./adaboost_mpi_v2(+0xfc4e)[0x55848eb3ac4e]
[broadwell-001:1326807] [11] /beegfs/home/echiavazza/unito-scpd/adaboost_mpi_v2/bin/./adaboost_mpi_v2(+0x9539)[0x55848eb34539]
[broadwell-001:1326828] [ 4] /lib/x86_64-linux-gnu/libstdc++.so.6(+0xaa38c)[0x7f21f0b6c38c]
[broadwell-001:1326807] [12] /lib/x86_64-linux-gnu/libc.so.6(__libc_start_main+0xf3)[0x7ff5faa49083]
[broadwell-001:1326807] [13] /beegfs/home/echiavazza/unito-scpd/adaboost_mpi_v2/bin/./adaboost_mpi_v2(+0x87be)[0x55848eb337be]
[broadwell-001:1326807] *** End of error message ***
[broadwell-001:1326828] [ 5] /lib/x86_64-linux-gnu/libstdc++.so.6(+0xaa3f7)[0x7f21f0b6c3f7]
[broadwell-001:1326828] [ 6] /lib/x86_64-linux-gnu/libstdc++.so.6(+0xaa6a9)[0x7f21f0b6c6a9]
[broadwell-001:1326828] [ 7] /beegfs/home/echiavazza/unito-scpd/adaboost_mpi_v2/bin/./adaboost_mpi_v2(+0x1d0b6)[0x558773c680b6]
[broadwell-001:1326828] [ 8] /beegfs/home/echiavazza/unito-scpd/adaboost_mpi_v2/bin/./adaboost_mpi_v2(+0x161db)[0x558773c611db]
[broadwell-001:1326828] [ 9] /beegfs/home/echiavazza/unito-scpd/adaboost_mpi_v2/bin/./adaboost_mpi_v2(+0x16fcd)[0x558773c61fcd]
[broadwell-001:1326828] [10] /beegfs/home/echiavazza/unito-scpd/adaboost_mpi_v2/bin/./adaboost_mpi_v2(+0xfc4e)[0x558773c5ac4e]
[broadwell-001:1326828] [11] /beegfs/home/echiavazza/unito-scpd/adaboost_mpi_v2/bin/./adaboost_mpi_v2(+0x9539)[0x558773c54539]
[broadwell-001:1326828] [12] /lib/x86_64-linux-gnu/libc.so.6(__libc_start_main+0xf3)[0x7f21f078a083]
[broadwell-001:1326828] [13] /beegfs/home/echiavazza/unito-scpd/adaboost_mpi_v2/bin/./adaboost_mpi_v2(+0x87be)[0x558773c537be]
[broadwell-001:1326828] *** End of error message ***
terminate called after throwing an instance of 'std::invalid_argument'
  what():  requested type of dimension 54, but dataset only has 54 dimensions
terminate called after throwing an instance of 'std::invalid_argument'
[broadwell-001:1326809] *** Process received signal ***
[broadwell-001:1326809] Signal: Aborted (6)
[broadwell-001:1326809] Signal code:  (-6)
  what():  requested type of dimension 54, but dataset only has 54 dimensions
[broadwell-001:1326833] *** Process received signal ***
[broadwell-001:1326833] Signal: Aborted (6)
[broadwell-001:1326833] Signal code:  (-6)
[broadwell-001:1326809] [ 0] /lib/x86_64-linux-gnu/libc.so.6(+0x43090)[0x7f93e928e090]
terminate called after throwing an instance of 'std::invalid_argument'
[broadwell-001:1326809] [ 1] /lib/x86_64-linux-gnu/libc.so.6(gsignal+0xcb)[0x7f93e928e00b]
[broadwell-001:1326833] [ 0] /lib/x86_64-linux-gnu/libc.so.6(+0x43090)[0x7f1b596b7090]
[broadwell-001:1326833] [ 1] /lib/x86_64-linux-gnu/libc.so.6(gsignal+0xcb)[0x7f1b596b700b]
  what():  requested type of dimension 54, but dataset only has 54 dimensions
[broadwell-001:1326806] *** Process received signal ***
[broadwell-001:1326809] [ 2] /lib/x86_64-linux-gnu/libc.so.6(abort+0x12b)[0x7f93e926d859]
[broadwell-001:1326833] [ 2] /lib/x86_64-linux-gnu/libc.so.6(abort+0x12b)[0x7f1b59696859]
terminate called after throwing an instance of 'std::invalid_argument'
  what():  requested type of dimension 54, but dataset only has 54 dimensions
[broadwell-001:1326806] Signal: Aborted (6)
[broadwell-001:1326806] Signal code:  (-6)
[broadwell-001:1326809] [ 3] /lib/x86_64-linux-gnu/libstdc++.so.6(+0x9e911)[0x7f93e9645911]
[broadwell-001:1326805] *** Process received signal ***
[broadwell-001:1326805] Signal: Aborted (6)
[broadwell-001:1326805] Signal code:  (-6)
[broadwell-001:1326833] [ 3] /lib/x86_64-linux-gnu/libstdc++.so.6(+0x9e911)[0x7f1b59a6e911]
[broadwell-001:1326806] [ 0] /lib/x86_64-linux-gnu/libc.so.6(+0x43090)[0x7f3f54776090]
[broadwell-001:1326809] [ 4] /lib/x86_64-linux-gnu/libstdc++.so.6(+0xaa38c)[0x7f93e965138c]
terminate called after throwing an instance of 'std::invalid_argument'
  what():  requested type of dimension 54, but dataset only has 54 dimensions
[broadwell-001:1326818] *** Process received signal ***
[broadwell-001:1326833] [ 4] /lib/x86_64-linux-gnu/libstdc++.so.6(+0xaa38c)[0x7f1b59a7a38c]
[broadwell-001:1326805] [ 0] /lib/x86_64-linux-gnu/libc.so.6(+0x43090)[0x7f7660ddc090]
[broadwell-001:1326806] [ 1] /lib/x86_64-linux-gnu/libc.so.6(gsignal+0xcb)[0x7f3f5477600b]
[broadwell-001:1326806] [ 2] /lib/x86_64-linux-gnu/libc.so.6(abort+0x12b)[0x7f3f54755859]
[broadwell-001:1326809] [ 5] /lib/x86_64-linux-gnu/libstdc++.so.6(+0xaa3f7)[0x7f93e96513f7]
[broadwell-001:1326809] [ 6] /lib/x86_64-linux-gnu/libstdc++.so.6(+0xaa6a9)[0x7f93e96516a9]
[broadwell-001:1326809] [ 7] /beegfs/home/echiavazza/unito-scpd/adaboost_mpi_v2/bin/./adaboost_mpi_v2(+0x1d0b6)[0x5644762ca0b6]
[broadwell-001:1326809] [ 8] /beegfs/home/echiavazza/unito-scpd/adaboost_mpi_v2/bin/./adaboost_mpi_v2(+0x161db)[0x5644762c31db]
[broadwell-001:1326818] Signal: Aborted (6)
[broadwell-001:1326818] Signal code:  (-6)
[broadwell-001:1326833] [ 5] /lib/x86_64-linux-gnu/libstdc++.so.6(+0xaa3f7)[0x7f1b59a7a3f7]
[broadwell-001:1326805] [ 1] /lib/x86_64-linux-gnu/libc.so.6(gsignal+0xcb)[0x7f7660ddc00b]
[broadwell-001:1326805] [ 2] /lib/x86_64-linux-gnu/libc.so.6(abort+0x12b)[0x7f7660dbb859]
[broadwell-001:1326806] [ 3] /lib/x86_64-linux-gnu/libstdc++.so.6(+0x9e911)[0x7f3f54b2d911]
[broadwell-001:1326809] [ 9] /beegfs/home/echiavazza/unito-scpd/adaboost_mpi_v2/bin/./adaboost_mpi_v2(+0x16fcd)[0x5644762c3fcd]
[broadwell-001:1326809] [10] /beegfs/home/echiavazza/unito-scpd/adaboost_mpi_v2/bin/./adaboost_mpi_v2(+0xfc4e)[0x5644762bcc4e]
[broadwell-001:1326809] [11] /beegfs/home/echiavazza/unito-scpd/adaboost_mpi_v2/bin/./adaboost_mpi_v2(+0x9539)[0x5644762b6539]
[broadwell-001:1326809] [12] /lib/x86_64-linux-gnu/libc.so.6(__libc_start_main+0xf3)[0x7f93e926f083]
[broadwell-001:1326809] [13] /beegfs/home/echiavazza/unito-scpd/adaboost_mpi_v2/bin/./adaboost_mpi_v2(+0x87be)[0x5644762b57be]
[broadwell-001:1326809] *** End of error message ***
[broadwell-001:1326818] [ 0] /lib/x86_64-linux-gnu/libc.so.6(+0x43090)[0x7f7ffd40e090]
[broadwell-001:1326833] [ 6] /lib/x86_64-linux-gnu/libstdc++.so.6(+0xaa6a9)[0x7f1b59a7a6a9]
[broadwell-001:1326833] [ 7] /beegfs/home/echiavazza/unito-scpd/adaboost_mpi_v2/bin/./adaboost_mpi_v2(+0x1d0b6)[0x55c7144120b6]
[broadwell-001:1326833] [ 8] /beegfs/home/echiavazza/unito-scpd/adaboost_mpi_v2/bin/./adaboost_mpi_v2(+0x161db)[0x55c71440b1db]
[broadwell-001:1326833] [ 9] /beegfs/home/echiavazza/unito-scpd/adaboost_mpi_v2/bin/./adaboost_mpi_v2(+0x16fcd)[0x55c71440bfcd]
[broadwell-001:1326833] [10] /beegfs/home/echiavazza/unito-scpd/adaboost_mpi_v2/bin/./adaboost_mpi_v2(+0xfc4e)[0x55c714404c4e]
[broadwell-001:1326833] [11] /beegfs/home/echiavazza/unito-scpd/adaboost_mpi_v2/bin/./adaboost_mpi_v2(+0x9539)[0x55c7143fe539]
[broadwell-001:1326833] [12] /lib/x86_64-linux-gnu/libc.so.6(__libc_start_main+0xf3)[0x7f1b59698083]
[broadwell-001:1326833] [13] /beegfs/home/echiavazza/unito-scpd/adaboost_mpi_v2/bin/./adaboost_mpi_v2(+0x87be)[0x55c7143fd7be]
[broadwell-001:1326833] *** End of error message ***
[broadwell-001:1326805] [ 3] /lib/x86_64-linux-gnu/libstdc++.so.6(+0x9e911)[0x7f7661193911]
[broadwell-001:1326806] [ 4] /lib/x86_64-linux-gnu/libstdc++.so.6(+0xaa38c)[0x7f3f54b3938c]
[broadwell-001:1326806] [ 5] /lib/x86_64-linux-gnu/libstdc++.so.6(+0xaa3f7)[0x7f3f54b393f7]
[broadwell-001:1326818] [ 1] /lib/x86_64-linux-gnu/libc.so.6(gsignal+0xcb)[0x7f7ffd40e00b]
[broadwell-001:1326818] [ 2] /lib/x86_64-linux-gnu/libc.so.6(abort+0x12b)[0x7f7ffd3ed859]
terminate called after throwing an instance of 'std::invalid_argument'
  what():  requested type of dimension 54, but dataset only has 54 dimensions
[broadwell-001:1326822] *** Process received signal ***
[broadwell-001:1326822] Signal: Aborted (6)
[broadwell-001:1326822] Signal code:  (-6)
[broadwell-001:1326805] [ 4] /lib/x86_64-linux-gnu/libstdc++.so.6(+0xaa38c)[0x7f766119f38c]
[broadwell-001:1326818] [ 3] /lib/x86_64-linux-gnu/libstdc++.so.6(+0x9e911)[0x7f7ffd7c5911]
[broadwell-001:1326822] [ 0] /lib/x86_64-linux-gnu/libc.so.6(+0x43090)[0x7f1eaab12090]
[broadwell-001:1326805] [ 5] /lib/x86_64-linux-gnu/libstdc++.so.6(+0xaa3f7)[0x7f766119f3f7]
[broadwell-001:1326806] [ 6] /lib/x86_64-linux-gnu/libstdc++.so.6(+0xaa6a9)[0x7f3f54b396a9]
[broadwell-001:1326806] [ 7] /beegfs/home/echiavazza/unito-scpd/adaboost_mpi_v2/bin/./adaboost_mpi_v2(+0x1d0b6)[0x564ea87680b6]
[broadwell-001:1326806] [ 8] /beegfs/home/echiavazza/unito-scpd/adaboost_mpi_v2/bin/./adaboost_mpi_v2(+0x161db)[0x564ea87611db]
[broadwell-001:1326806] [ 9] /beegfs/home/echiavazza/unito-scpd/adaboost_mpi_v2/bin/./adaboost_mpi_v2(+0x16fcd)[0x564ea8761fcd]
[broadwell-001:1326806] [10] /beegfs/home/echiavazza/unito-scpd/adaboost_mpi_v2/bin/./adaboost_mpi_v2(+0xfc4e)[0x564ea875ac4e]
[broadwell-001:1326806] [11] /beegfs/home/echiavazza/unito-scpd/adaboost_mpi_v2/bin/./adaboost_mpi_v2(+0x9539)[0x564ea8754539]
[broadwell-001:1326806] [12] /lib/x86_64-linux-gnu/libc.so.6(__libc_start_main+0xf3)[0x7f3f54757083]
[broadwell-001:1326806] [13] /beegfs/home/echiavazza/unito-scpd/adaboost_mpi_v2/bin/./adaboost_mpi_v2(+0x87be)[0x564ea87537be]
[broadwell-001:1326806] *** End of error message ***
[broadwell-001:1326818] [ 4] /lib/x86_64-linux-gnu/libstdc++.so.6(+0xaa38c)[0x7f7ffd7d138c]
[broadwell-001:1326822] [ 1] /lib/x86_64-linux-gnu/libc.so.6(gsignal+0xcb)[0x7f1eaab1200b]
[broadwell-001:1326822] [ 2] /lib/x86_64-linux-gnu/libc.so.6(abort+0x12b)[0x7f1eaaaf1859]
[broadwell-001:1326805] [ 6] /lib/x86_64-linux-gnu/libstdc++.so.6(+0xaa6a9)[0x7f766119f6a9]
[broadwell-001:1326805] [ 7] /beegfs/home/echiavazza/unito-scpd/adaboost_mpi_v2/bin/./adaboost_mpi_v2(+0x1d0b6)[0x5633869b00b6]
[broadwell-001:1326805] [ 8] /beegfs/home/echiavazza/unito-scpd/adaboost_mpi_v2/bin/./adaboost_mpi_v2(+0x161db)[0x5633869a91db]
[broadwell-001:1326805] [ 9] /beegfs/home/echiavazza/unito-scpd/adaboost_mpi_v2/bin/./adaboost_mpi_v2(+0x16fcd)[0x5633869a9fcd]
[broadwell-001:1326805] [10] /beegfs/home/echiavazza/unito-scpd/adaboost_mpi_v2/bin/./adaboost_mpi_v2(+0xfc4e)[0x5633869a2c4e]
[broadwell-001:1326805] [11] /beegfs/home/echiavazza/unito-scpd/adaboost_mpi_v2/bin/./adaboost_mpi_v2(+0x9539)[0x56338699c539]
[broadwell-001:1326818] [ 5] /lib/x86_64-linux-gnu/libstdc++.so.6(+0xaa3f7)[0x7f7ffd7d13f7]
[broadwell-001:1326805] [12] /lib/x86_64-linux-gnu/libc.so.6(__libc_start_main+0xf3)[0x7f7660dbd083]
[broadwell-001:1326805] [13] /beegfs/home/echiavazza/unito-scpd/adaboost_mpi_v2/bin/./adaboost_mpi_v2(+0x87be)[0x56338699b7be]
[broadwell-001:1326805] *** End of error message ***
[broadwell-001:1326818] [ 6] /lib/x86_64-linux-gnu/libstdc++.so.6(+0xaa6a9)[0x7f7ffd7d16a9]
[broadwell-001:1326818] [ 7] /beegfs/home/echiavazza/unito-scpd/adaboost_mpi_v2/bin/./adaboost_mpi_v2(+0x1d0b6)[0x558e5a79f0b6]
[broadwell-001:1326818] [ 8] /beegfs/home/echiavazza/unito-scpd/adaboost_mpi_v2/bin/./adaboost_mpi_v2(+0x161db)[0x558e5a7981db]
[broadwell-001:1326818] [ 9] /beegfs/home/echiavazza/unito-scpd/adaboost_mpi_v2/bin/./adaboost_mpi_v2(+0x16fcd)[0x558e5a798fcd]
[broadwell-001:1326818] [10] /beegfs/home/echiavazza/unito-scpd/adaboost_mpi_v2/bin/./adaboost_mpi_v2(+0xfc4e)[0x558e5a791c4e]
[broadwell-001:1326818] [11] /beegfs/home/echiavazza/unito-scpd/adaboost_mpi_v2/bin/./adaboost_mpi_v2(+0x9539)[0x558e5a78b539]
[broadwell-001:1326822] [ 3] /lib/x86_64-linux-gnu/libstdc++.so.6(+0x9e911)[0x7f1eaaec9911]
[broadwell-001:1326818] [12] /lib/x86_64-linux-gnu/libc.so.6(__libc_start_main+0xf3)[0x7f7ffd3ef083]
[broadwell-001:1326818] [13] /beegfs/home/echiavazza/unito-scpd/adaboost_mpi_v2/bin/./adaboost_mpi_v2(+0x87be)[0x558e5a78a7be]
[broadwell-001:1326818] *** End of error message ***
[broadwell-001:1326822] [ 4] /lib/x86_64-linux-gnu/libstdc++.so.6(+0xaa38c)[0x7f1eaaed538c]
[broadwell-001:1326822] [ 5] /lib/x86_64-linux-gnu/libstdc++.so.6(+0xaa3f7)[0x7f1eaaed53f7]
[broadwell-001:1326822] [ 6] /lib/x86_64-linux-gnu/libstdc++.so.6(+0xaa6a9)[0x7f1eaaed56a9]
[broadwell-001:1326822] [ 7] /beegfs/home/echiavazza/unito-scpd/adaboost_mpi_v2/bin/./adaboost_mpi_v2(+0x1d0b6)[0x55c5c6e0f0b6]
[broadwell-001:1326822] [ 8] /beegfs/home/echiavazza/unito-scpd/adaboost_mpi_v2/bin/./adaboost_mpi_v2(+0x161db)[0x55c5c6e081db]
[broadwell-001:1326822] [ 9] /beegfs/home/echiavazza/unito-scpd/adaboost_mpi_v2/bin/./adaboost_mpi_v2(+0x16fcd)[0x55c5c6e08fcd]
[broadwell-001:1326822] [10] /beegfs/home/echiavazza/unito-scpd/adaboost_mpi_v2/bin/./adaboost_mpi_v2(+0xfc4e)[0x55c5c6e01c4e]
[broadwell-001:1326822] [11] /beegfs/home/echiavazza/unito-scpd/adaboost_mpi_v2/bin/./adaboost_mpi_v2(+0x9539)[0x55c5c6dfb539]
[broadwell-001:1326822] [12] /lib/x86_64-linux-gnu/libc.so.6(__libc_start_main+0xf3)[0x7f1eaaaf3083]
[broadwell-001:1326822] [13] /beegfs/home/echiavazza/unito-scpd/adaboost_mpi_v2/bin/./adaboost_mpi_v2(+0x87be)[0x55c5c6dfa7be]
[broadwell-001:1326822] *** End of error message ***
terminate called after throwing an instance of 'std::invalid_argument'
  what():  requested type of dimension 54, but dataset only has 54 dimensions
[broadwell-001:1326819] *** Process received signal ***
[broadwell-001:1326819] Signal: Aborted (6)
[broadwell-001:1326819] Signal code:  (-6)
[broadwell-001:1326819] [ 0] /lib/x86_64-linux-gnu/libc.so.6(+0x43090)[0x7fb947c41090]
[broadwell-001:1326819] [ 1] /lib/x86_64-linux-gnu/libc.so.6(gsignal+0xcb)[0x7fb947c4100b]
[broadwell-001:1326819] [ 2] /lib/x86_64-linux-gnu/libc.so.6(abort+0x12b)[0x7fb947c20859]
[broadwell-001:1326819] [ 3] /lib/x86_64-linux-gnu/libstdc++.so.6(+0x9e911)[0x7fb947ff8911]
[broadwell-001:1326819] [ 4] /lib/x86_64-linux-gnu/libstdc++.so.6(+0xaa38c)[0x7fb94800438c]
[broadwell-001:1326819] [ 5] /lib/x86_64-linux-gnu/libstdc++.so.6(+0xaa3f7)[0x7fb9480043f7]
[broadwell-001:1326819] [ 6] /lib/x86_64-linux-gnu/libstdc++.so.6(+0xaa6a9)[0x7fb9480046a9]
[broadwell-001:1326819] [ 7] /beegfs/home/echiavazza/unito-scpd/adaboost_mpi_v2/bin/./adaboost_mpi_v2(+0x1d0b6)[0x55da2c17f0b6]
[broadwell-001:1326819] [ 8] /beegfs/home/echiavazza/unito-scpd/adaboost_mpi_v2/bin/./adaboost_mpi_v2(+0x161db)[0x55da2c1781db]
[broadwell-001:1326819] [ 9] /beegfs/home/echiavazza/unito-scpd/adaboost_mpi_v2/bin/./adaboost_mpi_v2(+0x16fcd)[0x55da2c178fcd]
[broadwell-001:1326819] [10] /beegfs/home/echiavazza/unito-scpd/adaboost_mpi_v2/bin/./adaboost_mpi_v2(+0xfc4e)[0x55da2c171c4e]
[broadwell-001:1326819] [11] /beegfs/home/echiavazza/unito-scpd/adaboost_mpi_v2/bin/./adaboost_mpi_v2(+0x9539)[0x55da2c16b539]
[broadwell-001:1326819] [12] /lib/x86_64-linux-gnu/libc.so.6(__libc_start_main+0xf3)[0x7fb947c22083]
[broadwell-001:1326819] [13] /beegfs/home/echiavazza/unito-scpd/adaboost_mpi_v2/bin/./adaboost_mpi_v2(+0x87be)[0x55da2c16a7be]
[broadwell-001:1326819] *** End of error message ***
terminate called after throwing an instance of 'std::invalid_argument'
  what():  requested type of dimension 54, but dataset only has 54 dimensions
[broadwell-001:1326829] *** Process received signal ***
[broadwell-001:1326829] Signal: Aborted (6)
[broadwell-001:1326829] Signal code:  (-6)
[broadwell-001:1326829] [ 0] /lib/x86_64-linux-gnu/libc.so.6(+0x43090)[0x7fa3af357090]
[broadwell-001:1326829] [ 1] /lib/x86_64-linux-gnu/libc.so.6(gsignal+0xcb)[0x7fa3af35700b]
[broadwell-001:1326829] [ 2] /lib/x86_64-linux-gnu/libc.so.6(abort+0x12b)[0x7fa3af336859]
[broadwell-001:1326829] [ 3] /lib/x86_64-linux-gnu/libstdc++.so.6(+0x9e911)[0x7fa3af70e911]
[broadwell-001:1326829] [ 4] /lib/x86_64-linux-gnu/libstdc++.so.6(+0xaa38c)[0x7fa3af71a38c]
[broadwell-001:1326829] [ 5] /lib/x86_64-linux-gnu/libstdc++.so.6(+0xaa3f7)[0x7fa3af71a3f7]
[broadwell-001:1326829] [ 6] /lib/x86_64-linux-gnu/libstdc++.so.6(+0xaa6a9)[0x7fa3af71a6a9]
[broadwell-001:1326829] [ 7] /beegfs/home/echiavazza/unito-scpd/adaboost_mpi_v2/bin/./adaboost_mpi_v2(+0x1d0b6)[0x55aff71cb0b6]
[broadwell-001:1326829] [ 8] /beegfs/home/echiavazza/unito-scpd/adaboost_mpi_v2/bin/./adaboost_mpi_v2(+0x161db)[0x55aff71c41db]
[broadwell-001:1326829] [ 9] /beegfs/home/echiavazza/unito-scpd/adaboost_mpi_v2/bin/./adaboost_mpi_v2(+0x16fcd)[0x55aff71c4fcd]
[broadwell-001:1326829] [10] /beegfs/home/echiavazza/unito-scpd/adaboost_mpi_v2/bin/./adaboost_mpi_v2(+0xfc4e)[0x55aff71bdc4e]
[broadwell-001:1326829] [11] /beegfs/home/echiavazza/unito-scpd/adaboost_mpi_v2/bin/./adaboost_mpi_v2(+0x9539)[0x55aff71b7539]
[broadwell-001:1326829] [12] /lib/x86_64-linux-gnu/libc.so.6(__libc_start_main+0xf3)[0x7fa3af338083]
[broadwell-001:1326829] [13] /beegfs/home/echiavazza/unito-scpd/adaboost_mpi_v2/bin/./adaboost_mpi_v2(+0x87be)[0x55aff71b67be]
[broadwell-001:1326829] *** End of error message ***
terminate called after throwing an instance of 'std::invalid_argument'
  what():  requested type of dimension 54, but dataset only has 54 dimensions
[broadwell-001:1326801] *** Process received signal ***
[broadwell-001:1326801] Signal: Aborted (6)
[broadwell-001:1326801] Signal code:  (-6)
[broadwell-001:1326801] [ 0] /lib/x86_64-linux-gnu/libc.so.6(+0x43090)[0x7fb6512df090]
[broadwell-001:1326801] [ 1] /lib/x86_64-linux-gnu/libc.so.6(gsignal+0xcb)[0x7fb6512df00b]
[broadwell-001:1326801] [ 2] /lib/x86_64-linux-gnu/libc.so.6(abort+0x12b)[0x7fb6512be859]
[broadwell-001:1326801] [ 3] /lib/x86_64-linux-gnu/libstdc++.so.6(+0x9e911)[0x7fb651696911]
terminate called after throwing an instance of 'std::invalid_argument'
[broadwell-001:1326801] [ 4] /lib/x86_64-linux-gnu/libstdc++.so.6(+0xaa38c)[0x7fb6516a238c]
  what():  requested type of dimension 54, but dataset only has 54 dimensions
[broadwell-001:1326802] *** Process received signal ***
[broadwell-001:1326801] [ 5] /lib/x86_64-linux-gnu/libstdc++.so.6(+0xaa3f7)[0x7fb6516a23f7]
[broadwell-001:1326802] Signal: Aborted (6)
[broadwell-001:1326802] Signal code:  (-6)
[broadwell-001:1326801] [ 6] /lib/x86_64-linux-gnu/libstdc++.so.6(+0xaa6a9)[0x7fb6516a26a9]
[broadwell-001:1326801] [ 7] /beegfs/home/echiavazza/unito-scpd/adaboost_mpi_v2/bin/./adaboost_mpi_v2(+0x1d0b6)[0x561a909800b6]
[broadwell-001:1326801] [ 8] /beegfs/home/echiavazza/unito-scpd/adaboost_mpi_v2/bin/./adaboost_mpi_v2(+0x161db)[0x561a909791db]
[broadwell-001:1326801] [ 9] /beegfs/home/echiavazza/unito-scpd/adaboost_mpi_v2/bin/./adaboost_mpi_v2(+0x16fcd)[0x561a90979fcd]
[broadwell-001:1326801] [10] /beegfs/home/echiavazza/unito-scpd/adaboost_mpi_v2/bin/./adaboost_mpi_v2(+0xfc4e)[0x561a90972c4e]
[broadwell-001:1326801] [11] /beegfs/home/echiavazza/unito-scpd/adaboost_mpi_v2/bin/./adaboost_mpi_v2(+0x9539)[0x561a9096c539]
[broadwell-001:1326802] [ 0] /lib/x86_64-linux-gnu/libc.so.6(+0x43090)[0x7f16c725f090]
[broadwell-001:1326801] [12] /lib/x86_64-linux-gnu/libc.so.6(__libc_start_main+0xf3)[0x7fb6512c0083]
[broadwell-001:1326801] [13] /beegfs/home/echiavazza/unito-scpd/adaboost_mpi_v2/bin/./adaboost_mpi_v2(+0x87be)[0x561a9096b7be]
[broadwell-001:1326801] *** End of error message ***
[broadwell-001:1326802] [ 1] /lib/x86_64-linux-gnu/libc.so.6(gsignal+0xcb)[0x7f16c725f00b]
[broadwell-001:1326802] [ 2] /lib/x86_64-linux-gnu/libc.so.6(abort+0x12b)[0x7f16c723e859]
[broadwell-001:1326802] [ 3] /lib/x86_64-linux-gnu/libstdc++.so.6(+0x9e911)[0x7f16c7616911]
[broadwell-001:1326802] [ 4] /lib/x86_64-linux-gnu/libstdc++.so.6(+0xaa38c)[0x7f16c762238c]
[broadwell-001:1326802] [ 5] /lib/x86_64-linux-gnu/libstdc++.so.6(+0xaa3f7)[0x7f16c76223f7]
[broadwell-001:1326802] [ 6] /lib/x86_64-linux-gnu/libstdc++.so.6(+0xaa6a9)[0x7f16c76226a9]
[broadwell-001:1326802] [ 7] /beegfs/home/echiavazza/unito-scpd/adaboost_mpi_v2/bin/./adaboost_mpi_v2(+0x1d0b6)[0x55cb59fa70b6]
[broadwell-001:1326802] [ 8] /beegfs/home/echiavazza/unito-scpd/adaboost_mpi_v2/bin/./adaboost_mpi_v2(+0x161db)[0x55cb59fa01db]
[broadwell-001:1326802] [ 9] /beegfs/home/echiavazza/unito-scpd/adaboost_mpi_v2/bin/./adaboost_mpi_v2(+0x16fcd)[0x55cb59fa0fcd]
[broadwell-001:1326802] [10] /beegfs/home/echiavazza/unito-scpd/adaboost_mpi_v2/bin/./adaboost_mpi_v2(+0xfc4e)[0x55cb59f99c4e]
[broadwell-001:1326802] [11] /beegfs/home/echiavazza/unito-scpd/adaboost_mpi_v2/bin/./adaboost_mpi_v2(+0x9539)[0x55cb59f93539]
[broadwell-001:1326802] [12] /lib/x86_64-linux-gnu/libc.so.6(__libc_start_main+0xf3)[0x7f16c7240083]
[broadwell-001:1326802] [13] /beegfs/home/echiavazza/unito-scpd/adaboost_mpi_v2/bin/./adaboost_mpi_v2(+0x87be)[0x55cb59f927be]
[broadwell-001:1326802] *** End of error message ***
terminate called after throwing an instance of 'std::invalid_argument'
  what():  requested type of dimension 54, but dataset only has 54 dimensions
[broadwell-001:1326803] *** Process received signal ***
terminate called after throwing an instance of 'std::invalid_argument'
  what():  requested type of dimension 54, but dataset only has 54 dimensions
[broadwell-001:1326811] *** Process received signal ***
[broadwell-001:1326811] Signal: Aborted (6)
[broadwell-001:1326811] Signal code:  (-6)
[broadwell-001:1326803] Signal: Aborted (6)
[broadwell-001:1326803] Signal code:  (-6)
[broadwell-001:1326803] [ 0] /lib/x86_64-linux-gnu/libc.so.6(+0x43090)[0x7f32147ba090]
[broadwell-001:1326803] [ 1] /lib/x86_64-linux-gnu/libc.so.6(gsignal+0xcb)[0x7f32147ba00b]
terminate called after throwing an instance of 'std::invalid_argument'
  what():  requested type of dimension 54, but dataset only has 54 dimensions
[broadwell-001:1326808] *** Process received signal ***
[broadwell-001:1326808] Signal: Aborted (6)
[broadwell-001:1326808] Signal code:  (-6)
[broadwell-001:1326808] [ 0] /lib/x86_64-linux-gnu/libc.so.6(+0x43090)[0x7fa7db9f7090]
[broadwell-001:1326811] [ 0] /lib/x86_64-linux-gnu/libc.so.6(+0x43090)[0x7fa86b8e9090]
[broadwell-001:1326811] [ 1] /lib/x86_64-linux-gnu/libc.so.6(gsignal+0xcb)[0x7fa86b8e900b]
[broadwell-001:1326811] [ 2] /lib/x86_64-linux-gnu/libc.so.6(abort+0x12b)[0x7fa86b8c8859]
[broadwell-001:1326803] [ 2] /lib/x86_64-linux-gnu/libc.so.6(abort+0x12b)[0x7f3214799859]
[broadwell-001:1326803] [ 3] /lib/x86_64-linux-gnu/libstdc++.so.6(+0x9e911)[0x7f3214b71911]
[broadwell-001:1326803] [ 4] /lib/x86_64-linux-gnu/libstdc++.so.6(+0xaa38c)[0x7f3214b7d38c]
[broadwell-001:1326808] [ 1] /lib/x86_64-linux-gnu/libc.so.6(gsignal+0xcb)[0x7fa7db9f700b]
[broadwell-001:1326808] [ 2] /lib/x86_64-linux-gnu/libc.so.6(abort+0x12b)[0x7fa7db9d6859]
[broadwell-001:1326808] [ 3] /lib/x86_64-linux-gnu/libstdc++.so.6(+0x9e911)[0x7fa7dbdae911]
[broadwell-001:1326811] [ 3] /lib/x86_64-linux-gnu/libstdc++.so.6(+0x9e911)[0x7fa86bca0911]
[broadwell-001:1326811] [ 4] /lib/x86_64-linux-gnu/libstdc++.so.6(+0xaa38c)[0x7fa86bcac38c]
[broadwell-001:1326803] [ 5] /lib/x86_64-linux-gnu/libstdc++.so.6(+0xaa3f7)[0x7f3214b7d3f7]
[broadwell-001:1326808] [ 4] /lib/x86_64-linux-gnu/libstdc++.so.6(+0xaa38c)[0x7fa7dbdba38c]
[broadwell-001:1326808] [ 5] /lib/x86_64-linux-gnu/libstdc++.so.6(+0xaa3f7)[0x7fa7dbdba3f7]
[broadwell-001:1326811] [ 5] /lib/x86_64-linux-gnu/libstdc++.so.6(+0xaa3f7)[0x7fa86bcac3f7]
[broadwell-001:1326811] [ 6] /lib/x86_64-linux-gnu/libstdc++.so.6(+0xaa6a9)[0x7fa86bcac6a9]
[broadwell-001:1326811] [ 7] /beegfs/home/echiavazza/unito-scpd/adaboost_mpi_v2/bin/./adaboost_mpi_v2(+0x1d0b6)[0x56057772e0b6]
[broadwell-001:1326811] [ 8] /beegfs/home/echiavazza/unito-scpd/adaboost_mpi_v2/bin/./adaboost_mpi_v2(+0x161db)[0x5605777271db]
[broadwell-001:1326811] [ 9] /beegfs/home/echiavazza/unito-scpd/adaboost_mpi_v2/bin/./adaboost_mpi_v2(+0x16fcd)[0x560577727fcd]
[broadwell-001:1326811] [10] /beegfs/home/echiavazza/unito-scpd/adaboost_mpi_v2/bin/./adaboost_mpi_v2(+0xfc4e)[0x560577720c4e]
[broadwell-001:1326811] [11] /beegfs/home/echiavazza/unito-scpd/adaboost_mpi_v2/bin/./adaboost_mpi_v2(+0x9539)[0x56057771a539]
[broadwell-001:1326803] [ 6] /lib/x86_64-linux-gnu/libstdc++.so.6(+0xaa6a9)[0x7f3214b7d6a9]
[broadwell-001:1326803] [ 7] /beegfs/home/echiavazza/unito-scpd/adaboost_mpi_v2/bin/./adaboost_mpi_v2(+0x1d0b6)[0x5622752160b6]
[broadwell-001:1326803] [ 8] /beegfs/home/echiavazza/unito-scpd/adaboost_mpi_v2/bin/./adaboost_mpi_v2(+0x161db)[0x56227520f1db]
[broadwell-001:1326803] [ 9] /beegfs/home/echiavazza/unito-scpd/adaboost_mpi_v2/bin/./adaboost_mpi_v2(+0x16fcd)[0x56227520ffcd]
[broadwell-001:1326803] [10] /beegfs/home/echiavazza/unito-scpd/adaboost_mpi_v2/bin/./adaboost_mpi_v2(+0xfc4e)[0x562275208c4e]
[broadwell-001:1326803] [11] /beegfs/home/echiavazza/unito-scpd/adaboost_mpi_v2/bin/./adaboost_mpi_v2(+0x9539)[0x562275202539]
[broadwell-001:1326803] [12] /lib/x86_64-linux-gnu/libc.so.6(__libc_start_main+0xf3)[0x7f321479b083]
[broadwell-001:1326803] [13] /beegfs/home/echiavazza/unito-scpd/adaboost_mpi_v2/bin/./adaboost_mpi_v2(+0x87be)[0x5622752017be]
[broadwell-001:1326803] *** End of error message ***
[broadwell-001:1326808] [ 6] /lib/x86_64-linux-gnu/libstdc++.so.6(+0xaa6a9)[0x7fa7dbdba6a9]
[broadwell-001:1326808] [ 7] /beegfs/home/echiavazza/unito-scpd/adaboost_mpi_v2/bin/./adaboost_mpi_v2(+0x1d0b6)[0x55d56d8eb0b6]
[broadwell-001:1326808] [ 8] /beegfs/home/echiavazza/unito-scpd/adaboost_mpi_v2/bin/./adaboost_mpi_v2(+0x161db)[0x55d56d8e41db]
[broadwell-001:1326808] [ 9] /beegfs/home/echiavazza/unito-scpd/adaboost_mpi_v2/bin/./adaboost_mpi_v2(+0x16fcd)[0x55d56d8e4fcd]
[broadwell-001:1326808] [10] /beegfs/home/echiavazza/unito-scpd/adaboost_mpi_v2/bin/./adaboost_mpi_v2(+0xfc4e)[0x55d56d8ddc4e]
[broadwell-001:1326808] [11] /beegfs/home/echiavazza/unito-scpd/adaboost_mpi_v2/bin/./adaboost_mpi_v2(+0x9539)[0x55d56d8d7539]
[broadwell-001:1326808] [12] /lib/x86_64-linux-gnu/libc.so.6(__libc_start_main+0xf3)[0x7fa7db9d8083]
[broadwell-001:1326808] [13] /beegfs/home/echiavazza/unito-scpd/adaboost_mpi_v2/bin/./adaboost_mpi_v2(+0x87be)[0x55d56d8d67be]
[broadwell-001:1326808] *** End of error message ***
[broadwell-001:1326811] [12] /lib/x86_64-linux-gnu/libc.so.6(__libc_start_main+0xf3)[0x7fa86b8ca083]
[broadwell-001:1326811] [13] /beegfs/home/echiavazza/unito-scpd/adaboost_mpi_v2/bin/./adaboost_mpi_v2(+0x87be)[0x5605777197be]
[broadwell-001:1326811] *** End of error message ***
terminate called after throwing an instance of 'std::invalid_argument'
  what():  requested type of dimension 54, but dataset only has 54 dimensions
terminate called after throwing an instance of 'std::invalid_argument'
  what():  requested type of dimension 54, but dataset only has 54 dimensions
[broadwell-001:1326810] *** Process received signal ***
[broadwell-001:1326810] Signal: Aborted (6)
[broadwell-001:1326810] Signal code:  (-6)
[broadwell-001:1326825] *** Process received signal ***
[broadwell-001:1326825] Signal: Aborted (6)
[broadwell-001:1326825] Signal code:  (-6)
[broadwell-001:1326810] [ 0] /lib/x86_64-linux-gnu/libc.so.6(+0x43090)[0x7fb4efeae090]
[broadwell-001:1326810] [ 1] /lib/x86_64-linux-gnu/libc.so.6(gsignal+0xcb)[0x7fb4efeae00b]
[broadwell-001:1326825] [ 0] /lib/x86_64-linux-gnu/libc.so.6(+0x43090)[0x7fe5acd86090]
[broadwell-001:1326825] [ 1] /lib/x86_64-linux-gnu/libc.so.6(gsignal+0xcb)[0x7fe5acd8600b]
[broadwell-001:1326810] [ 2] /lib/x86_64-linux-gnu/libc.so.6(abort+0x12b)[0x7fb4efe8d859]
[broadwell-001:1326810] [ 3] /lib/x86_64-linux-gnu/libstdc++.so.6(+0x9e911)[0x7fb4f0265911]
[broadwell-001:1326825] [ 2] /lib/x86_64-linux-gnu/libc.so.6(abort+0x12b)[0x7fe5acd65859]
[broadwell-001:1326810] [ 4] /lib/x86_64-linux-gnu/libstdc++.so.6(+0xaa38c)[0x7fb4f027138c]
[broadwell-001:1326825] [ 3] /lib/x86_64-linux-gnu/libstdc++.so.6(+0x9e911)[0x7fe5ad13d911]
[broadwell-001:1326825] [ 4] /lib/x86_64-linux-gnu/libstdc++.so.6(+0xaa38c)[0x7fe5ad14938c]
[broadwell-001:1326810] [ 5] /lib/x86_64-linux-gnu/libstdc++.so.6(+0xaa3f7)[0x7fb4f02713f7]
[broadwell-001:1326825] [ 5] /lib/x86_64-linux-gnu/libstdc++.so.6(+0xaa3f7)[0x7fe5ad1493f7]
[broadwell-001:1326810] [ 6] /lib/x86_64-linux-gnu/libstdc++.so.6(+0xaa6a9)[0x7fb4f02716a9]
[broadwell-001:1326810] [ 7] /beegfs/home/echiavazza/unito-scpd/adaboost_mpi_v2/bin/./adaboost_mpi_v2(+0x1d0b6)[0x563c0d7a40b6]
[broadwell-001:1326810] [ 8] /beegfs/home/echiavazza/unito-scpd/adaboost_mpi_v2/bin/./adaboost_mpi_v2(+0x161db)[0x563c0d79d1db]
[broadwell-001:1326810] [ 9] /beegfs/home/echiavazza/unito-scpd/adaboost_mpi_v2/bin/./adaboost_mpi_v2(+0x16fcd)[0x563c0d79dfcd]
[broadwell-001:1326810] [10] /beegfs/home/echiavazza/unito-scpd/adaboost_mpi_v2/bin/./adaboost_mpi_v2(+0xfc4e)[0x563c0d796c4e]
[broadwell-001:1326810] [11] /beegfs/home/echiavazza/unito-scpd/adaboost_mpi_v2/bin/./adaboost_mpi_v2(+0x9539)[0x563c0d790539]
[broadwell-001:1326810] [12] /lib/x86_64-linux-gnu/libc.so.6(__libc_start_main+0xf3)[0x7fb4efe8f083]
[broadwell-001:1326810] [13] /beegfs/home/echiavazza/unito-scpd/adaboost_mpi_v2/bin/./adaboost_mpi_v2(+0x87be)[0x563c0d78f7be]
[broadwell-001:1326810] *** End of error message ***
[broadwell-001:1326825] [ 6] /lib/x86_64-linux-gnu/libstdc++.so.6(+0xaa6a9)[0x7fe5ad1496a9]
[broadwell-001:1326825] [ 7] /beegfs/home/echiavazza/unito-scpd/adaboost_mpi_v2/bin/./adaboost_mpi_v2(+0x1d0b6)[0x55d956a550b6]
[broadwell-001:1326825] [ 8] /beegfs/home/echiavazza/unito-scpd/adaboost_mpi_v2/bin/./adaboost_mpi_v2(+0x161db)[0x55d956a4e1db]
[broadwell-001:1326825] [ 9] /beegfs/home/echiavazza/unito-scpd/adaboost_mpi_v2/bin/./adaboost_mpi_v2(+0x16fcd)[0x55d956a4efcd]
[broadwell-001:1326825] [10] /beegfs/home/echiavazza/unito-scpd/adaboost_mpi_v2/bin/./adaboost_mpi_v2(+0xfc4e)[0x55d956a47c4e]
[broadwell-001:1326825] [11] /beegfs/home/echiavazza/unito-scpd/adaboost_mpi_v2/bin/./adaboost_mpi_v2(+0x9539)[0x55d956a41539]
[broadwell-001:1326825] [12] /lib/x86_64-linux-gnu/libc.so.6(__libc_start_main+0xf3)[0x7fe5acd67083]
[broadwell-001:1326825] [13] /beegfs/home/echiavazza/unito-scpd/adaboost_mpi_v2/bin/./adaboost_mpi_v2(+0x87be)[0x55d956a407be]
[broadwell-001:1326825] *** End of error message ***
terminate called after throwing an instance of 'std::invalid_argument'
  what():  requested type of dimension 54, but dataset only has 54 dimensions
[broadwell-001:1326800] *** Process received signal ***
[broadwell-001:1326800] Signal: Aborted (6)
[broadwell-001:1326800] Signal code:  (-6)
[broadwell-001:1326800] [ 0] /lib/x86_64-linux-gnu/libc.so.6(+0x43090)[0x7f02674b3090]
[broadwell-001:1326800] [ 1] /lib/x86_64-linux-gnu/libc.so.6(gsignal+0xcb)[0x7f02674b300b]
[broadwell-001:1326800] [ 2] /lib/x86_64-linux-gnu/libc.so.6(abort+0x12b)[0x7f0267492859]
terminate called after throwing an instance of 'std::invalid_argument'
  what():  requested type of dimension 54, but dataset only has 54 dimensions
[broadwell-001:1326800] [ 3] /lib/x86_64-linux-gnu/libstdc++.so.6(+0x9e911)[0x7f026786a911]
[broadwell-001:1326824] *** Process received signal ***
[broadwell-001:1326824] Signal: Aborted (6)
[broadwell-001:1326824] Signal code:  (-6)
[broadwell-001:1326800] [ 4] /lib/x86_64-linux-gnu/libstdc++.so.6(+0xaa38c)[0x7f026787638c]
[broadwell-001:1326824] [ 0] /lib/x86_64-linux-gnu/libc.so.6(+0x43090)[0x7efd36b62090]
[broadwell-001:1326800] [ 5] /lib/x86_64-linux-gnu/libstdc++.so.6(+0xaa3f7)[0x7f02678763f7]
[broadwell-001:1326824] [ 1] /lib/x86_64-linux-gnu/libc.so.6(gsignal+0xcb)[0x7efd36b6200b]
[broadwell-001:1326824] [ 2] /lib/x86_64-linux-gnu/libc.so.6(abort+0x12b)[0x7efd36b41859]
[broadwell-001:1326800] [ 6] /lib/x86_64-linux-gnu/libstdc++.so.6(+0xaa6a9)[0x7f02678766a9]
[broadwell-001:1326800] [ 7] /beegfs/home/echiavazza/unito-scpd/adaboost_mpi_v2/bin/./adaboost_mpi_v2(+0x1d0b6)[0x55baaf0b90b6]
[broadwell-001:1326800] [ 8] /beegfs/home/echiavazza/unito-scpd/adaboost_mpi_v2/bin/./adaboost_mpi_v2(+0x161db)[0x55baaf0b21db]
[broadwell-001:1326800] [ 9] /beegfs/home/echiavazza/unito-scpd/adaboost_mpi_v2/bin/./adaboost_mpi_v2(+0x16fcd)[0x55baaf0b2fcd]
[broadwell-001:1326800] [10] /beegfs/home/echiavazza/unito-scpd/adaboost_mpi_v2/bin/./adaboost_mpi_v2(+0xfc4e)[0x55baaf0abc4e]
[broadwell-001:1326800] [11] /beegfs/home/echiavazza/unito-scpd/adaboost_mpi_v2/bin/./adaboost_mpi_v2(+0x9539)[0x55baaf0a5539]
terminate called after throwing an instance of 'std::invalid_argument'
  what():  requested type of dimension 54, but dataset only has 54 dimensions
[broadwell-001:1326835] *** Process received signal ***
[broadwell-001:1326835] Signal: Aborted (6)
[broadwell-001:1326835] Signal code:  (-6)
[broadwell-001:1326800] [12] /lib/x86_64-linux-gnu/libc.so.6(__libc_start_main+0xf3)[0x7f0267494083]
[broadwell-001:1326800] [13] /beegfs/home/echiavazza/unito-scpd/adaboost_mpi_v2/bin/./adaboost_mpi_v2(+0x87be)[0x55baaf0a47be]
[broadwell-001:1326800] *** End of error message ***
[broadwell-001:1326824] [ 3] /lib/x86_64-linux-gnu/libstdc++.so.6(+0x9e911)[0x7efd36f19911]
[broadwell-001:1326824] [ 4] /lib/x86_64-linux-gnu/libstdc++.so.6(+0xaa38c)[0x7efd36f2538c]
[broadwell-001:1326835] [ 0] /lib/x86_64-linux-gnu/libc.so.6(+0x43090)[0x7f34c1a07090]
[broadwell-001:1326824] [ 5] /lib/x86_64-linux-gnu/libstdc++.so.6(+0xaa3f7)[0x7efd36f253f7]
[broadwell-001:1326824] [ 6] /lib/x86_64-linux-gnu/libstdc++.so.6(+0xaa6a9)[0x7efd36f256a9]
[broadwell-001:1326835] [ 1] /lib/x86_64-linux-gnu/libc.so.6(gsignal+0xcb)[0x7f34c1a0700b]
[broadwell-001:1326835] [ 2] /lib/x86_64-linux-gnu/libc.so.6(abort+0x12b)[0x7f34c19e6859]
[broadwell-001:1326824] [ 7] /beegfs/home/echiavazza/unito-scpd/adaboost_mpi_v2/bin/./adaboost_mpi_v2(+0x1d0b6)[0x55f979ece0b6]
[broadwell-001:1326824] [ 8] /beegfs/home/echiavazza/unito-scpd/adaboost_mpi_v2/bin/./adaboost_mpi_v2(+0x161db)[0x55f979ec71db]
[broadwell-001:1326824] [ 9] /beegfs/home/echiavazza/unito-scpd/adaboost_mpi_v2/bin/./adaboost_mpi_v2(+0x16fcd)[0x55f979ec7fcd]
[broadwell-001:1326824] [10] /beegfs/home/echiavazza/unito-scpd/adaboost_mpi_v2/bin/./adaboost_mpi_v2(+0xfc4e)[0x55f979ec0c4e]
[broadwell-001:1326824] [11] /beegfs/home/echiavazza/unito-scpd/adaboost_mpi_v2/bin/./adaboost_mpi_v2(+0x9539)[0x55f979eba539]
[broadwell-001:1326824] [12] /lib/x86_64-linux-gnu/libc.so.6(__libc_start_main+0xf3)[0x7efd36b43083]
[broadwell-001:1326824] [13] /beegfs/home/echiavazza/unito-scpd/adaboost_mpi_v2/bin/./adaboost_mpi_v2(+0x87be)[0x55f979eb97be]
[broadwell-001:1326824] *** End of error message ***
[broadwell-001:1326835] [ 3] /lib/x86_64-linux-gnu/libstdc++.so.6(+0x9e911)[0x7f34c1dbe911]
[broadwell-001:1326835] [ 4] /lib/x86_64-linux-gnu/libstdc++.so.6(+0xaa38c)[0x7f34c1dca38c]
[broadwell-001:1326835] [ 5] /lib/x86_64-linux-gnu/libstdc++.so.6(+0xaa3f7)[0x7f34c1dca3f7]
[broadwell-001:1326835] [ 6] /lib/x86_64-linux-gnu/libstdc++.so.6(+0xaa6a9)[0x7f34c1dca6a9]
[broadwell-001:1326835] [ 7] /beegfs/home/echiavazza/unito-scpd/adaboost_mpi_v2/bin/./adaboost_mpi_v2(+0x1d0b6)[0x55d276ac80b6]
[broadwell-001:1326835] [ 8] /beegfs/home/echiavazza/unito-scpd/adaboost_mpi_v2/bin/./adaboost_mpi_v2(+0x161db)[0x55d276ac11db]
[broadwell-001:1326835] [ 9] /beegfs/home/echiavazza/unito-scpd/adaboost_mpi_v2/bin/./adaboost_mpi_v2(+0x16fcd)[0x55d276ac1fcd]
[broadwell-001:1326835] [10] /beegfs/home/echiavazza/unito-scpd/adaboost_mpi_v2/bin/./adaboost_mpi_v2(+0xfc4e)[0x55d276abac4e]
[broadwell-001:1326835] [11] /beegfs/home/echiavazza/unito-scpd/adaboost_mpi_v2/bin/./adaboost_mpi_v2(+0x9539)[0x55d276ab4539]
[broadwell-001:1326835] [12] /lib/x86_64-linux-gnu/libc.so.6(__libc_start_main+0xf3)[0x7f34c19e8083]
[broadwell-001:1326835] [13] /beegfs/home/echiavazza/unito-scpd/adaboost_mpi_v2/bin/./adaboost_mpi_v2(+0x87be)[0x55d276ab37be]
[broadwell-001:1326835] *** End of error message ***
terminate called after throwing an instance of 'std::invalid_argument'
  what():  requested type of dimension 54, but dataset only has 54 dimensions
[broadwell-001:1326834] *** Process received signal ***
[broadwell-001:1326834] Signal: Aborted (6)
[broadwell-001:1326834] Signal code:  (-6)
[broadwell-001:1326834] [ 0] /lib/x86_64-linux-gnu/libc.so.6(+0x43090)[0x7fb685fe1090]
[broadwell-001:1326834] [ 1] /lib/x86_64-linux-gnu/libc.so.6(gsignal+0xcb)[0x7fb685fe100b]
[broadwell-001:1326834] [ 2] /lib/x86_64-linux-gnu/libc.so.6(abort+0x12b)[0x7fb685fc0859]
[broadwell-001:1326834] [ 3] /lib/x86_64-linux-gnu/libstdc++.so.6(+0x9e911)[0x7fb686398911]
[broadwell-001:1326834] [ 4] /lib/x86_64-linux-gnu/libstdc++.so.6(+0xaa38c)[0x7fb6863a438c]
[broadwell-001:1326834] [ 5] /lib/x86_64-linux-gnu/libstdc++.so.6(+0xaa3f7)[0x7fb6863a43f7]
[broadwell-001:1326834] [ 6] /lib/x86_64-linux-gnu/libstdc++.so.6(+0xaa6a9)[0x7fb6863a46a9]
[broadwell-001:1326834] [ 7] /beegfs/home/echiavazza/unito-scpd/adaboost_mpi_v2/bin/./adaboost_mpi_v2(+0x1d0b6)[0x55be77a010b6]
[broadwell-001:1326834] [ 8] /beegfs/home/echiavazza/unito-scpd/adaboost_mpi_v2/bin/./adaboost_mpi_v2(+0x161db)[0x55be779fa1db]
[broadwell-001:1326834] [ 9] /beegfs/home/echiavazza/unito-scpd/adaboost_mpi_v2/bin/./adaboost_mpi_v2(+0x16fcd)[0x55be779fafcd]
[broadwell-001:1326834] [10] /beegfs/home/echiavazza/unito-scpd/adaboost_mpi_v2/bin/./adaboost_mpi_v2(+0xfc4e)[0x55be779f3c4e]
[broadwell-001:1326834] [11] /beegfs/home/echiavazza/unito-scpd/adaboost_mpi_v2/bin/./adaboost_mpi_v2(+0x9539)[0x55be779ed539]
[broadwell-001:1326834] [12] /lib/x86_64-linux-gnu/libc.so.6(__libc_start_main+0xf3)[0x7fb685fc2083]
[broadwell-001:1326834] [13] /beegfs/home/echiavazza/unito-scpd/adaboost_mpi_v2/bin/./adaboost_mpi_v2(+0x87be)[0x55be779ec7be]
[broadwell-001:1326834] *** End of error message ***
terminate called after throwing an instance of 'std::invalid_argument'
  what():  requested type of dimension 54, but dataset only has 54 dimensions
[broadwell-001:1326827] *** Process received signal ***
[broadwell-001:1326827] Signal: Aborted (6)
[broadwell-001:1326827] Signal code:  (-6)
[broadwell-001:1326827] [ 0] /lib/x86_64-linux-gnu/libc.so.6(+0x43090)[0x7f426f779090]
[broadwell-001:1326827] [ 1] /lib/x86_64-linux-gnu/libc.so.6(gsignal+0xcb)[0x7f426f77900b]
[broadwell-001:1326827] [ 2] /lib/x86_64-linux-gnu/libc.so.6(abort+0x12b)[0x7f426f758859]
[broadwell-001:1326827] [ 3] /lib/x86_64-linux-gnu/libstdc++.so.6(+0x9e911)[0x7f426fb30911]
[broadwell-001:1326827] [ 4] /lib/x86_64-linux-gnu/libstdc++.so.6(+0xaa38c)[0x7f426fb3c38c]
[broadwell-001:1326827] [ 5] /lib/x86_64-linux-gnu/libstdc++.so.6(+0xaa3f7)[0x7f426fb3c3f7]
[broadwell-001:1326827] [ 6] /lib/x86_64-linux-gnu/libstdc++.so.6(+0xaa6a9)[0x7f426fb3c6a9]
[broadwell-001:1326827] [ 7] /beegfs/home/echiavazza/unito-scpd/adaboost_mpi_v2/bin/./adaboost_mpi_v2(+0x1d0b6)[0x558471acc0b6]
[broadwell-001:1326827] [ 8] /beegfs/home/echiavazza/unito-scpd/adaboost_mpi_v2/bin/./adaboost_mpi_v2(+0x161db)[0x558471ac51db]
[broadwell-001:1326827] [ 9] /beegfs/home/echiavazza/unito-scpd/adaboost_mpi_v2/bin/./adaboost_mpi_v2(+0x16fcd)[0x558471ac5fcd]
[broadwell-001:1326827] [10] /beegfs/home/echiavazza/unito-scpd/adaboost_mpi_v2/bin/./adaboost_mpi_v2(+0xfc4e)[0x558471abec4e]
[broadwell-001:1326827] [11] /beegfs/home/echiavazza/unito-scpd/adaboost_mpi_v2/bin/./adaboost_mpi_v2(+0x9539)[0x558471ab8539]
[broadwell-001:1326827] [12] /lib/x86_64-linux-gnu/libc.so.6(__libc_start_main+0xf3)[0x7f426f75a083]
[broadwell-001:1326827] [13] /beegfs/home/echiavazza/unito-scpd/adaboost_mpi_v2/bin/./adaboost_mpi_v2(+0x87be)[0x558471ab77be]
[broadwell-001:1326827] *** End of error message ***
terminate called after throwing an instance of 'std::invalid_argument'
  what():  requested type of dimension 54, but dataset only has 54 dimensions
[broadwell-001:1326826] *** Process received signal ***
[broadwell-001:1326826] Signal: Aborted (6)
[broadwell-001:1326826] Signal code:  (-6)
[broadwell-001:1326826] [ 0] /lib/x86_64-linux-gnu/libc.so.6(+0x43090)[0x7f4949c59090]
[broadwell-001:1326826] [ 1] /lib/x86_64-linux-gnu/libc.so.6(gsignal+0xcb)[0x7f4949c5900b]
[broadwell-001:1326826] [ 2] /lib/x86_64-linux-gnu/libc.so.6(abort+0x12b)[0x7f4949c38859]
[broadwell-001:1326826] [ 3] /lib/x86_64-linux-gnu/libstdc++.so.6(+0x9e911)[0x7f494a010911]
[broadwell-001:1326826] [ 4] /lib/x86_64-linux-gnu/libstdc++.so.6(+0xaa38c)[0x7f494a01c38c]
[broadwell-001:1326826] [ 5] /lib/x86_64-linux-gnu/libstdc++.so.6(+0xaa3f7)[0x7f494a01c3f7]
[broadwell-001:1326826] [ 6] /lib/x86_64-linux-gnu/libstdc++.so.6(+0xaa6a9)[0x7f494a01c6a9]
[broadwell-001:1326826] [ 7] /beegfs/home/echiavazza/unito-scpd/adaboost_mpi_v2/bin/./adaboost_mpi_v2(+0x1d0b6)[0x5637661710b6]
[broadwell-001:1326826] [ 8] /beegfs/home/echiavazza/unito-scpd/adaboost_mpi_v2/bin/./adaboost_mpi_v2(+0x161db)[0x56376616a1db]
[broadwell-001:1326826] [ 9] /beegfs/home/echiavazza/unito-scpd/adaboost_mpi_v2/bin/./adaboost_mpi_v2(+0x16fcd)[0x56376616afcd]
[broadwell-001:1326826] [10] /beegfs/home/echiavazza/unito-scpd/adaboost_mpi_v2/bin/./adaboost_mpi_v2(+0xfc4e)[0x563766163c4e]
[broadwell-001:1326826] [11] /beegfs/home/echiavazza/unito-scpd/adaboost_mpi_v2/bin/./adaboost_mpi_v2(+0x9539)[0x56376615d539]
[broadwell-001:1326826] [12] /lib/x86_64-linux-gnu/libc.so.6(__libc_start_main+0xf3)[0x7f4949c3a083]
[broadwell-001:1326826] [13] /beegfs/home/echiavazza/unito-scpd/adaboost_mpi_v2/bin/./adaboost_mpi_v2(+0x87be)[0x56376615c7be]
[broadwell-001:1326826] *** End of error message ***
srun: Received task exit notification for 26 tasks of StepId=168657.0 (status=0x0006).
srun: error: broadwell-001: tasks 0-3,5-11,14,18-20,22,24-29,32-35: Aborted
srun: Received task exit notification for 6 tasks of StepId=168657.0 (status=0x0086).
srun: error: broadwell-001: tasks 13,15,17,21,23,31: Aborted (core dumped)
srun: Received task exit notification for 4 tasks of StepId=168657.0 (status=0x0086).
srun: error: broadwell-001: tasks 4,12,16,30: Aborted (core dumped)
