make: Warning: File 'Makefile' has modification time 1 s in the future
make[1]: Warning: File 'CMakeFiles/Makefile2' has modification time 0.8 s in the future
make[2]: Warning: File 'CMakeFiles/communication_lib.dir/build.make' has modification time 0.78 s in the future
make[2]: Warning: File 'CMakeFiles/data_lib.dir/build.make' has modification time 0.78 s in the future
make[2]: warning:  Clock skew detected.  Your build may be incomplete.
make[2]: warning:  Clock skew detected.  Your build may be incomplete.
make[2]: Warning: File 'CMakeFiles/data_lib.dir/build.make' has modification time 0.68 s in the future
make[2]: Warning: File 'CMakeFiles/communication_lib.dir/build.make' has modification time 0.68 s in the future
make[2]: warning:  Clock skew detected.  Your build may be incomplete.
make[2]: warning:  Clock skew detected.  Your build may be incomplete.
make[2]: Warning: File '/beegfs/home/echiavazza/unito-scpd/adaboost_mpi_v2/obj/libdata_lib.a' has modification time 0.68 s in the future
make[2]: warning:  Clock skew detected.  Your build may be incomplete.
make[1]: warning:  Clock skew detected.  Your build may be incomplete.
make: warning:  Clock skew detected.  Your build may be incomplete.
srun: defined options
srun: -------------------- --------------------
srun: (null)              : broadwell-000
srun: jobid               : 168711
srun: job-name            : submit.sh
srun: mpi                 : pmix
srun: nodes               : 1
srun: ntasks              : 36
srun: ntasks-per-node     : 36
srun: verbose             : 1
srun: -------------------- --------------------
srun: end of defined options
srun: jobid 168711: nodes(1):`broadwell-000', cpu counts: 36(x1)
srun: CpuBindType=(null type)
srun: launching StepId=168711.0 on host broadwell-000, 36 tasks: [0-35]
srun: topology/default: init: topology Default plugin loaded
srun: Node broadwell-000, 36 tasks started
[broadwell-000:1000424] *** Process received signal ***
[broadwell-000:1000424] Signal: Segmentation fault (11)
[broadwell-000:1000424] Signal code: Address not mapped (1)
[broadwell-000:1000424] Failing at address: (nil)
[broadwell-000:1000431] *** Process received signal ***
[broadwell-000:1000446] *** Process received signal ***
[broadwell-000:1000446] Signal: Segmentation fault (11)
[broadwell-000:1000446] Signal code: Address not mapped (1)
[broadwell-000:1000446] Failing at address: 0x8
[broadwell-000:1000453] *** Process received signal ***
[broadwell-000:1000453] Signal: Segmentation fault (11)
[broadwell-000:1000453] Signal code: Address not mapped (1)
[broadwell-000:1000453] Failing at address: 0x28
[broadwell-000:1000459] *** Process received signal ***
[broadwell-000:1000459] Signal: Segmentation fault (11)
[broadwell-000:1000459] Signal code: Address not mapped (1)
[broadwell-000:1000459] Failing at address: 0x8
[broadwell-000:1000433] *** Process received signal ***
[broadwell-000:1000433] Signal: Segmentation fault (11)
[broadwell-000:1000433] Signal code: Address not mapped (1)
[broadwell-000:1000433] Failing at address: 0x8
[broadwell-000:1000447] *** Process received signal ***
[broadwell-000:1000447] Signal: Segmentation fault (11)
[broadwell-000:1000447] Signal code: Address not mapped (1)
[broadwell-000:1000447] Failing at address: 0x8
[broadwell-000:1000436] *** Process received signal ***
[broadwell-000:1000436] Signal: Segmentation fault (11)
[broadwell-000:1000436] Signal code: Address not mapped (1)
[broadwell-000:1000436] Failing at address: 0x30
[broadwell-000:1000440] *** Process received signal ***
[broadwell-000:1000440] Signal: Segmentation fault (11)
[broadwell-000:1000440] Signal code: Address not mapped (1)
[broadwell-000:1000440] Failing at address: 0x28
[broadwell-000:1000442] *** Process received signal ***
[broadwell-000:1000442] Signal: Segmentation fault (11)
[broadwell-000:1000442] Signal code: Address not mapped (1)
[broadwell-000:1000442] Failing at address: 0x8
[broadwell-000:1000454] *** Process received signal ***
[broadwell-000:1000454] Signal: Segmentation fault (11)
[broadwell-000:1000454] Signal code: Address not mapped (1)
[broadwell-000:1000454] Failing at address: (nil)
[broadwell-000:1000426] *** Process received signal ***
[broadwell-000:1000426] Signal: Segmentation fault (11)
[broadwell-000:1000426] Signal code: Address not mapped (1)
[broadwell-000:1000426] Failing at address: 0x8
[broadwell-000:1000434] *** Process received signal ***
[broadwell-000:1000434] Signal: Segmentation fault (11)
[broadwell-000:1000434] Signal code: Address not mapped (1)
[broadwell-000:1000434] Failing at address: (nil)
[broadwell-000:1000448] *** Process received signal ***
[broadwell-000:1000448] Signal: Segmentation fault (11)
[broadwell-000:1000448] Signal code: Address not mapped (1)
[broadwell-000:1000448] Failing at address: 0x30
[broadwell-000:1000428] *** Process received signal ***
[broadwell-000:1000428] Signal: Segmentation fault (11)
[broadwell-000:1000428] Signal code: Address not mapped (1)
[broadwell-000:1000428] Failing at address: 0x20
[broadwell-000:1000430] *** Process received signal ***
[broadwell-000:1000430] Signal: Segmentation fault (11)
[broadwell-000:1000430] Signal code: Address not mapped (1)
[broadwell-000:1000430] Failing at address: (nil)
[broadwell-000:1000439] *** Process received signal ***
[broadwell-000:1000439] Signal: Segmentation fault (11)
[broadwell-000:1000439] Signal code: Address not mapped (1)
[broadwell-000:1000439] Failing at address: 0x8
[broadwell-000:1000424] [ 0] /lib/x86_64-linux-gnu/libc.so.6(+0x43090)[0x7f43daabd090]
[broadwell-000:1000424] [ 1] /beegfs/home/echiavazza/unito-scpd/adaboost_mpi_v2/bin/./adaboost_mpi_v2(+0x1b009)[0x55dd1fc08009]
[broadwell-000:1000424] [ 2] /beegfs/home/echiavazza/unito-scpd/adaboost_mpi_v2/bin/./adaboost_mpi_v2(+0x157f8)[0x55dd1fc027f8]
[broadwell-000:1000424] [ 3] /beegfs/home/echiavazza/unito-scpd/adaboost_mpi_v2/bin/./adaboost_mpi_v2(+0xf6e8)[0x55dd1fbfc6e8]
[broadwell-000:1000428] [ 0] /lib/x86_64-linux-gnu/libc.so.6(+0x43090)[0x7f0a06feb090]
[broadwell-000:1000428] [ 1] /beegfs/home/echiavazza/unito-scpd/adaboost_mpi_v2/bin/./adaboost_mpi_v2(+0x1b009)[0x564b70b57009]
[broadwell-000:1000428] [ 2] /beegfs/home/echiavazza/unito-scpd/adaboost_mpi_v2/bin/./adaboost_mpi_v2(+0x157f8)[0x564b70b517f8]
[broadwell-000:1000428] [ 3] /beegfs/home/echiavazza/unito-scpd/adaboost_mpi_v2/bin/./adaboost_mpi_v2(+0xf6e8)[0x564b70b4b6e8]
[broadwell-000:1000428] [ 4] /beegfs/home/echiavazza/unito-scpd/adaboost_mpi_v2/bin/./adaboost_mpi_v2(+0x94cb)[0x564b70b454cb]
[broadwell-000:1000433] [ 0] /lib/x86_64-linux-gnu/libc.so.6(+0x43090)[0x7faba357d090]
[broadwell-000:1000433] [ 1] /beegfs/home/echiavazza/unito-scpd/adaboost_mpi_v2/bin/./adaboost_mpi_v2(+0x1b009)[0x561d5ac5e009]
[broadwell-000:1000433] [ 2] /beegfs/home/echiavazza/unito-scpd/adaboost_mpi_v2/bin/./adaboost_mpi_v2(+0x157f8)[0x561d5ac587f8]
[broadwell-000:1000433] [ 3] /beegfs/home/echiavazza/unito-scpd/adaboost_mpi_v2/bin/./adaboost_mpi_v2(+0xf6e8)[0x561d5ac526e8]
[broadwell-000:1000433] [ 4] /beegfs/home/echiavazza/unito-scpd/adaboost_mpi_v2/bin/./adaboost_mpi_v2(+0x94cb)[0x561d5ac4c4cb]
[broadwell-000:1000434] [ 0] /lib/x86_64-linux-gnu/libc.so.6(+0x43090)[0x7f7b2caa2090]
[broadwell-000:1000434] [ 1] /beegfs/home/echiavazza/unito-scpd/adaboost_mpi_v2/bin/./adaboost_mpi_v2(+0x1b009)[0x55723724a009]
[broadwell-000:1000434] [ 2] /beegfs/home/echiavazza/unito-scpd/adaboost_mpi_v2/bin/./adaboost_mpi_v2(+0x157f8)[0x5572372447f8]
[broadwell-000:1000434] [ 3] /beegfs/home/echiavazza/unito-scpd/adaboost_mpi_v2/bin/./adaboost_mpi_v2(+0xf6e8)[0x55723723e6e8]
[broadwell-000:1000434] [ 4] /beegfs/home/echiavazza/unito-scpd/adaboost_mpi_v2/bin/./adaboost_mpi_v2(+0x94cb)[0x5572372384cb]
[broadwell-000:1000434] [ 5] /lib/x86_64-linux-gnu/libc.so.6(__libc_start_main+0xf3)[0x7f7b2ca83083]
[broadwell-000:1000434] [ 6] /beegfs/home/echiavazza/unito-scpd/adaboost_mpi_v2/bin/./adaboost_mpi_v2(+0x879e)[0x55723723779e]
[broadwell-000:1000434] *** End of error message ***
[broadwell-000:1000439] [ 0] /lib/x86_64-linux-gnu/libc.so.6(+0x43090)[0x7f14d3493090]
[broadwell-000:1000439] [ 1] /beegfs/home/echiavazza/unito-scpd/adaboost_mpi_v2/bin/./adaboost_mpi_v2(+0x1b009)[0x561628d5a009]
[broadwell-000:1000439] [ 2] /beegfs/home/echiavazza/unito-scpd/adaboost_mpi_v2/bin/./adaboost_mpi_v2(+0x157f8)[0x561628d547f8]
[broadwell-000:1000439] [ 3] /beegfs/home/echiavazza/unito-scpd/adaboost_mpi_v2/bin/./adaboost_mpi_v2(+0xf6e8)[0x561628d4e6e8]
[broadwell-000:1000439] [ 4] /beegfs/home/echiavazza/unito-scpd/adaboost_mpi_v2/bin/./adaboost_mpi_v2(+0x94cb)[0x561628d484cb]
[broadwell-000:1000439] [ 5] /lib/x86_64-linux-gnu/libc.so.6(__libc_start_main+0xf3)[0x7f14d3474083]
[broadwell-000:1000442] [ 0] /lib/x86_64-linux-gnu/libc.so.6(+0x43090)[0x7f01a98e0090]
[broadwell-000:1000442] [ 1] /beegfs/home/echiavazza/unito-scpd/adaboost_mpi_v2/bin/./adaboost_mpi_v2(+0x1b009)[0x560204e01009]
[broadwell-000:1000442] [ 2] /beegfs/home/echiavazza/unito-scpd/adaboost_mpi_v2/bin/./adaboost_mpi_v2(+0x157f8)[0x560204dfb7f8]
[broadwell-000:1000442] [ 3] /beegfs/home/echiavazza/unito-scpd/adaboost_mpi_v2/bin/./adaboost_mpi_v2(+0xf6e8)[0x560204df56e8]
[broadwell-000:1000442] [ 4] /beegfs/home/echiavazza/unito-scpd/adaboost_mpi_v2/bin/./adaboost_mpi_v2(+0x94cb)[0x560204def4cb]
[broadwell-000:1000442] [ 5] /lib/x86_64-linux-gnu/libc.so.6(__libc_start_main+0xf3)[0x7f01a98c1083]
[broadwell-000:1000442] [ 6] /beegfs/home/echiavazza/unito-scpd/adaboost_mpi_v2/bin/./adaboost_mpi_v2(+0x879e)[0x560204dee79e]
[broadwell-000:1000442] *** End of error message ***
[broadwell-000:1000446] [ 0] /lib/x86_64-linux-gnu/libc.so.6(+0x43090)[0x7efc8be6e090]
[broadwell-000:1000446] [ 1] /beegfs/home/echiavazza/unito-scpd/adaboost_mpi_v2/bin/./adaboost_mpi_v2(+0x1b009)[0x556381ebb009]
[broadwell-000:1000446] [ 2] /beegfs/home/echiavazza/unito-scpd/adaboost_mpi_v2/bin/./adaboost_mpi_v2(+0x157f8)[0x556381eb57f8]
[broadwell-000:1000446] [ 3] /beegfs/home/echiavazza/unito-scpd/adaboost_mpi_v2/bin/./adaboost_mpi_v2(+0xf6e8)[0x556381eaf6e8]
[broadwell-000:1000446] [ 4] /beegfs/home/echiavazza/unito-scpd/adaboost_mpi_v2/bin/./adaboost_mpi_v2(+0x94cb)[0x556381ea94cb]
[broadwell-000:1000446] [ 5] /lib/x86_64-linux-gnu/libc.so.6(__libc_start_main+0xf3)[0x7efc8be4f083]
[broadwell-000:1000446] [ 6] /beegfs/home/echiavazza/unito-scpd/adaboost_mpi_v2/bin/./adaboost_mpi_v2(+0x879e)[0x556381ea879e]
[broadwell-000:1000446] *** End of error message ***
[broadwell-000:1000447] [ 0] /lib/x86_64-linux-gnu/libc.so.6(+0x43090)[0x7feed8c5b090]
[broadwell-000:1000447] [ 1] /beegfs/home/echiavazza/unito-scpd/adaboost_mpi_v2/bin/./adaboost_mpi_v2(+0x1b009)[0x56227fbc7009]
[broadwell-000:1000447] [ 2] /beegfs/home/echiavazza/unito-scpd/adaboost_mpi_v2/bin/./adaboost_mpi_v2(+0x157f8)[0x56227fbc17f8]
[broadwell-000:1000447] [ 3] /beegfs/home/echiavazza/unito-scpd/adaboost_mpi_v2/bin/./adaboost_mpi_v2(+0xf6e8)[0x56227fbbb6e8]
[broadwell-000:1000447] [ 4] /beegfs/home/echiavazza/unito-scpd/adaboost_mpi_v2/bin/./adaboost_mpi_v2(+0x94cb)[0x56227fbb54cb]
[broadwell-000:1000447] [ 5] /lib/x86_64-linux-gnu/libc.so.6(__libc_start_main+0xf3)[0x7feed8c3c083]
[broadwell-000:1000447] [ 6] /beegfs/home/echiavazza/unito-scpd/adaboost_mpi_v2/bin/./adaboost_mpi_v2(+0x879e)[0x56227fbb479e]
[broadwell-000:1000447] *** End of error message ***
[broadwell-000:1000453] [ 0] /lib/x86_64-linux-gnu/libc.so.6(+0x43090)[0x7f4b57540090]
[broadwell-000:1000453] [ 1] /beegfs/home/echiavazza/unito-scpd/adaboost_mpi_v2/bin/./adaboost_mpi_v2(+0x1b009)[0x5560ca6da009]
[broadwell-000:1000453] [ 2] /beegfs/home/echiavazza/unito-scpd/adaboost_mpi_v2/bin/./adaboost_mpi_v2(+0x157f8)[0x5560ca6d47f8]
[broadwell-000:1000453] [ 3] /beegfs/home/echiavazza/unito-scpd/adaboost_mpi_v2/bin/./adaboost_mpi_v2(+0xf6e8)[0x5560ca6ce6e8]
[broadwell-000:1000453] [ 4] /beegfs/home/echiavazza/unito-scpd/adaboost_mpi_v2/bin/./adaboost_mpi_v2(+0x94cb)[0x5560ca6c84cb]
[broadwell-000:1000453] [ 5] /lib/x86_64-linux-gnu/libc.so.6(__libc_start_main+0xf3)[0x7f4b57521083]
[broadwell-000:1000453] [ 6] /beegfs/home/echiavazza/unito-scpd/adaboost_mpi_v2/bin/./adaboost_mpi_v2(+0x879e)[0x5560ca6c779e]
[broadwell-000:1000453] *** End of error message ***
[broadwell-000:1000454] [ 0] /lib/x86_64-linux-gnu/libc.so.6(+0x43090)[0x7fec98010090]
[broadwell-000:1000454] [ 1] /beegfs/home/echiavazza/unito-scpd/adaboost_mpi_v2/bin/./adaboost_mpi_v2(+0x1b009)[0x55e07757f009]
[broadwell-000:1000454] [ 2] /beegfs/home/echiavazza/unito-scpd/adaboost_mpi_v2/bin/./adaboost_mpi_v2(+0x157f8)[0x55e0775797f8]
[broadwell-000:1000454] [ 3] /beegfs/home/echiavazza/unito-scpd/adaboost_mpi_v2/bin/./adaboost_mpi_v2(+0xf6e8)[0x55e0775736e8]
[broadwell-000:1000454] [ 4] /beegfs/home/echiavazza/unito-scpd/adaboost_mpi_v2/bin/./adaboost_mpi_v2(+0x94cb)[0x55e07756d4cb]
[broadwell-000:1000454] [ 5] /lib/x86_64-linux-gnu/libc.so.6(__libc_start_main+0xf3)[0x7fec97ff1083]
[broadwell-000:1000454] [ 6] /beegfs/home/echiavazza/unito-scpd/adaboost_mpi_v2/bin/./adaboost_mpi_v2(+0x879e)[0x55e07756c79e]
[broadwell-000:1000454] *** End of error message ***
[broadwell-000:1000455] *** Process received signal ***
[broadwell-000:1000455] Signal: Segmentation fault (11)
[broadwell-000:1000455] Signal code: Address not mapped (1)
[broadwell-000:1000455] Failing at address: 0x30
[broadwell-000:1000455] [ 0] /lib/x86_64-linux-gnu/libc.so.6(+0x43090)[0x7fed69316090]
[broadwell-000:1000455] [ 1] /beegfs/home/echiavazza/unito-scpd/adaboost_mpi_v2/bin/./adaboost_mpi_v2(+0x1b009)[0x5629a2df3009]
[broadwell-000:1000455] [ 2] /beegfs/home/echiavazza/unito-scpd/adaboost_mpi_v2/bin/./adaboost_mpi_v2(+0x157f8)[0x5629a2ded7f8]
[broadwell-000:1000455] [ 3] /beegfs/home/echiavazza/unito-scpd/adaboost_mpi_v2/bin/./adaboost_mpi_v2(+0xf6e8)[0x5629a2de76e8]
[broadwell-000:1000455] [ 4] /beegfs/home/echiavazza/unito-scpd/adaboost_mpi_v2/bin/./adaboost_mpi_v2(+0x94cb)[0x5629a2de14cb]
[broadwell-000:1000455] [ 5] /lib/x86_64-linux-gnu/libc.so.6(__libc_start_main+0xf3)[0x7fed692f7083]
[broadwell-000:1000455] [ 6] /beegfs/home/echiavazza/unito-scpd/adaboost_mpi_v2/bin/./adaboost_mpi_v2(+0x879e)[0x5629a2de079e]
[broadwell-000:1000455] *** End of error message ***
[broadwell-000:1000459] [ 0] /lib/x86_64-linux-gnu/libc.so.6(+0x43090)[0x7f6d6b30c090]
[broadwell-000:1000459] [ 1] /beegfs/home/echiavazza/unito-scpd/adaboost_mpi_v2/bin/./adaboost_mpi_v2(+0x1b009)[0x555bc11fb009]
[broadwell-000:1000459] [ 2] /beegfs/home/echiavazza/unito-scpd/adaboost_mpi_v2/bin/./adaboost_mpi_v2(+0x157f8)[0x555bc11f57f8]
[broadwell-000:1000459] [ 3] /beegfs/home/echiavazza/unito-scpd/adaboost_mpi_v2/bin/./adaboost_mpi_v2(+0xf6e8)[0x555bc11ef6e8]
[broadwell-000:1000459] [ 4] /beegfs/home/echiavazza/unito-scpd/adaboost_mpi_v2/bin/./adaboost_mpi_v2(+0x94cb)[0x555bc11e94cb]
[broadwell-000:1000459] [ 5] /lib/x86_64-linux-gnu/libc.so.6(__libc_start_main+0xf3)[0x7f6d6b2ed083]
[broadwell-000:1000459] [ 6] /beegfs/home/echiavazza/unito-scpd/adaboost_mpi_v2/bin/./adaboost_mpi_v2(+0x879e)[0x555bc11e879e]
[broadwell-000:1000459] *** End of error message ***
[broadwell-000:1000424] [ 4] /beegfs/home/echiavazza/unito-scpd/adaboost_mpi_v2/bin/./adaboost_mpi_v2(+0x94cb)[0x55dd1fbf64cb]
[broadwell-000:1000424] [ 5] /lib/x86_64-linux-gnu/libc.so.6(__libc_start_main+0xf3)[0x7f43daa9e083]
[broadwell-000:1000424] [ 6] /beegfs/home/echiavazza/unito-scpd/adaboost_mpi_v2/bin/./adaboost_mpi_v2(+0x879e)[0x55dd1fbf579e]
[broadwell-000:1000424] *** End of error message ***
[broadwell-000:1000426] [ 0] /lib/x86_64-linux-gnu/libc.so.6(+0x43090)[0x7f76004bd090]
[broadwell-000:1000426] [ 1] /beegfs/home/echiavazza/unito-scpd/adaboost_mpi_v2/bin/./adaboost_mpi_v2(+0x1b009)[0x557ec3708009]
[broadwell-000:1000426] [ 2] /beegfs/home/echiavazza/unito-scpd/adaboost_mpi_v2/bin/./adaboost_mpi_v2(+0x157f8)[0x557ec37027f8]
[broadwell-000:1000426] [ 3] /beegfs/home/echiavazza/unito-scpd/adaboost_mpi_v2/bin/./adaboost_mpi_v2(+0xf6e8)[0x557ec36fc6e8]
[broadwell-000:1000426] [ 4] /beegfs/home/echiavazza/unito-scpd/adaboost_mpi_v2/bin/./adaboost_mpi_v2(+0x94cb)[0x557ec36f64cb]
[broadwell-000:1000426] [ 5] /lib/x86_64-linux-gnu/libc.so.6(__libc_start_main+0xf3)[0x7f760049e083]
[broadwell-000:1000426] [ 6] /beegfs/home/echiavazza/unito-scpd/adaboost_mpi_v2/bin/./adaboost_mpi_v2(+0x879e)[0x557ec36f579e]
[broadwell-000:1000426] *** End of error message ***
[broadwell-000:1000428] [ 5] /lib/x86_64-linux-gnu/libc.so.6(__libc_start_main+0xf3)[0x7f0a06fcc083]
[broadwell-000:1000428] [ 6] /beegfs/home/echiavazza/unito-scpd/adaboost_mpi_v2/bin/./adaboost_mpi_v2(+0x879e)[0x564b70b4479e]
[broadwell-000:1000428] *** End of error message ***
[broadwell-000:1000429] *** Process received signal ***
[broadwell-000:1000429] Signal: Segmentation fault (11)
[broadwell-000:1000429] Signal code: Address not mapped (1)
[broadwell-000:1000429] Failing at address: 0x8
[broadwell-000:1000429] [ 0] /lib/x86_64-linux-gnu/libc.so.6(+0x43090)[0x7f1e3e954090]
[broadwell-000:1000429] [ 1] /beegfs/home/echiavazza/unito-scpd/adaboost_mpi_v2/bin/./adaboost_mpi_v2(+0x1b009)[0x55bf22853009]
[broadwell-000:1000429] [ 2] /beegfs/home/echiavazza/unito-scpd/adaboost_mpi_v2/bin/./adaboost_mpi_v2(+0x157f8)[0x55bf2284d7f8]
[broadwell-000:1000429] [ 3] /beegfs/home/echiavazza/unito-scpd/adaboost_mpi_v2/bin/./adaboost_mpi_v2(+0xf6e8)[0x55bf228476e8]
[broadwell-000:1000429] [ 4] /beegfs/home/echiavazza/unito-scpd/adaboost_mpi_v2/bin/./adaboost_mpi_v2(+0x94cb)[0x55bf228414cb]
[broadwell-000:1000429] [ 5] /lib/x86_64-linux-gnu/libc.so.6(__libc_start_main+0xf3)[0x7f1e3e935083]
[broadwell-000:1000429] [ 6] /beegfs/home/echiavazza/unito-scpd/adaboost_mpi_v2/bin/./adaboost_mpi_v2(+0x879e)[0x55bf2284079e]
[broadwell-000:1000429] *** End of error message ***
[broadwell-000:1000430] [ 0] /lib/x86_64-linux-gnu/libc.so.6(+0x43090)[0x7f4697239090]
[broadwell-000:1000430] [ 1] /beegfs/home/echiavazza/unito-scpd/adaboost_mpi_v2/bin/./adaboost_mpi_v2(+0x1b009)[0x560cc166b009]
[broadwell-000:1000430] [ 2] /beegfs/home/echiavazza/unito-scpd/adaboost_mpi_v2/bin/./adaboost_mpi_v2(+0x157f8)[0x560cc16657f8]
[broadwell-000:1000430] [ 3] /beegfs/home/echiavazza/unito-scpd/adaboost_mpi_v2/bin/./adaboost_mpi_v2(+0xf6e8)[0x560cc165f6e8]
[broadwell-000:1000430] [ 4] /beegfs/home/echiavazza/unito-scpd/adaboost_mpi_v2/bin/./adaboost_mpi_v2(+0x94cb)[0x560cc16594cb]
[broadwell-000:1000430] [ 5] /lib/x86_64-linux-gnu/libc.so.6(__libc_start_main+0xf3)[0x7f469721a083]
[broadwell-000:1000430] [ 6] /beegfs/home/echiavazza/unito-scpd/adaboost_mpi_v2/bin/./adaboost_mpi_v2(+0x879e)[0x560cc165879e]
[broadwell-000:1000430] *** End of error message ***
[broadwell-000:1000433] [ 5] /lib/x86_64-linux-gnu/libc.so.6(__libc_start_main+0xf3)[0x7faba355e083]
[broadwell-000:1000433] [ 6] /beegfs/home/echiavazza/unito-scpd/adaboost_mpi_v2/bin/./adaboost_mpi_v2(+0x879e)[0x561d5ac4b79e]
[broadwell-000:1000433] *** End of error message ***
[broadwell-000:1000435] *** Process received signal ***
[broadwell-000:1000435] Signal: Segmentation fault (11)
[broadwell-000:1000435] Signal code: Address not mapped (1)
[broadwell-000:1000435] Failing at address: (nil)
[broadwell-000:1000435] [ 0] /lib/x86_64-linux-gnu/libc.so.6(+0x43090)[0x7f6296fc7090]
[broadwell-000:1000435] [ 1] /beegfs/home/echiavazza/unito-scpd/adaboost_mpi_v2/bin/./adaboost_mpi_v2(+0x1b009)[0x555ba3f2b009]
[broadwell-000:1000435] [ 2] /beegfs/home/echiavazza/unito-scpd/adaboost_mpi_v2/bin/./adaboost_mpi_v2(+0x157f8)[0x555ba3f257f8]
[broadwell-000:1000435] [ 3] /beegfs/home/echiavazza/unito-scpd/adaboost_mpi_v2/bin/./adaboost_mpi_v2(+0xf6e8)[0x555ba3f1f6e8]
[broadwell-000:1000435] [ 4] /beegfs/home/echiavazza/unito-scpd/adaboost_mpi_v2/bin/./adaboost_mpi_v2(+0x94cb)[0x555ba3f194cb]
[broadwell-000:1000436] [ 0] /lib/x86_64-linux-gnu/libc.so.6(+0x43090)[0x7f33eb4b5090]
[broadwell-000:1000436] [ 1] /beegfs/home/echiavazza/unito-scpd/adaboost_mpi_v2/bin/./adaboost_mpi_v2(+0x1b009)[0x5625d0ed0009]
[broadwell-000:1000436] [ 2] /beegfs/home/echiavazza/unito-scpd/adaboost_mpi_v2/bin/./adaboost_mpi_v2(+0x157f8)[0x5625d0eca7f8]
[broadwell-000:1000436] [ 3] /beegfs/home/echiavazza/unito-scpd/adaboost_mpi_v2/bin/./adaboost_mpi_v2(+0xf6e8)[0x5625d0ec46e8]
[broadwell-000:1000436] [ 4] /beegfs/home/echiavazza/unito-scpd/adaboost_mpi_v2/bin/./adaboost_mpi_v2(+0x94cb)[0x5625d0ebe4cb]
[broadwell-000:1000436] [ 5] /lib/x86_64-linux-gnu/libc.so.6(__libc_start_main+0xf3)[0x7f33eb496083]
[broadwell-000:1000436] [ 6] /beegfs/home/echiavazza/unito-scpd/adaboost_mpi_v2/bin/./adaboost_mpi_v2(+0x879e)[0x5625d0ebd79e]
[broadwell-000:1000436] *** End of error message ***
[broadwell-000:1000439] [ 6] /beegfs/home/echiavazza/unito-scpd/adaboost_mpi_v2/bin/./adaboost_mpi_v2(+0x879e)[0x561628d4779e]
[broadwell-000:1000439] *** End of error message ***
[broadwell-000:1000440] [ 0] /lib/x86_64-linux-gnu/libc.so.6(+0x43090)[0x7f6f534c1090]
[broadwell-000:1000440] [ 1] /beegfs/home/echiavazza/unito-scpd/adaboost_mpi_v2/bin/./adaboost_mpi_v2(+0x1b009)[0x562e62314009]
[broadwell-000:1000440] [ 2] /beegfs/home/echiavazza/unito-scpd/adaboost_mpi_v2/bin/./adaboost_mpi_v2(+0x157f8)[0x562e6230e7f8]
[broadwell-000:1000440] [ 3] /beegfs/home/echiavazza/unito-scpd/adaboost_mpi_v2/bin/./adaboost_mpi_v2(+0xf6e8)[0x562e623086e8]
[broadwell-000:1000440] [ 4] /beegfs/home/echiavazza/unito-scpd/adaboost_mpi_v2/bin/./adaboost_mpi_v2(+0x94cb)[0x562e623024cb]
[broadwell-000:1000440] [ 5] /lib/x86_64-linux-gnu/libc.so.6(__libc_start_main+0xf3)[0x7f6f534a2083]
[broadwell-000:1000440] [ 6] /beegfs/home/echiavazza/unito-scpd/adaboost_mpi_v2/bin/./adaboost_mpi_v2(+0x879e)[0x562e6230179e]
[broadwell-000:1000440] *** End of error message ***
[broadwell-000:1000441] *** Process received signal ***
[broadwell-000:1000441] Signal: Segmentation fault (11)
[broadwell-000:1000441] Signal code: Address not mapped (1)
[broadwell-000:1000441] Failing at address: 0x8
[broadwell-000:1000441] [ 0] /lib/x86_64-linux-gnu/libc.so.6(+0x43090)[0x7febfb488090]
[broadwell-000:1000441] [ 1] /beegfs/home/echiavazza/unito-scpd/adaboost_mpi_v2/bin/./adaboost_mpi_v2(+0x1b009)[0x55665cd98009]
[broadwell-000:1000441] [ 2] /beegfs/home/echiavazza/unito-scpd/adaboost_mpi_v2/bin/./adaboost_mpi_v2(+0x157f8)[0x55665cd927f8]
[broadwell-000:1000441] [ 3] /beegfs/home/echiavazza/unito-scpd/adaboost_mpi_v2/bin/./adaboost_mpi_v2(+0xf6e8)[0x55665cd8c6e8]
[broadwell-000:1000441] [ 4] /beegfs/home/echiavazza/unito-scpd/adaboost_mpi_v2/bin/./adaboost_mpi_v2(+0x94cb)[0x55665cd864cb]
[broadwell-000:1000441] [ 5] /lib/x86_64-linux-gnu/libc.so.6(__libc_start_main+0xf3)[0x7febfb469083]
[broadwell-000:1000441] [ 6] /beegfs/home/echiavazza/unito-scpd/adaboost_mpi_v2/bin/./adaboost_mpi_v2(+0x879e)[0x55665cd8579e]
[broadwell-000:1000441] *** End of error message ***
[broadwell-000:1000443] *** Process received signal ***
[broadwell-000:1000443] Signal: Segmentation fault (11)
[broadwell-000:1000443] Signal code: Address not mapped (1)
[broadwell-000:1000443] Failing at address: 0x10
[broadwell-000:1000443] [ 0] /lib/x86_64-linux-gnu/libc.so.6(+0x43090)[0x7fdb2fed7090]
[broadwell-000:1000443] [ 1] /beegfs/home/echiavazza/unito-scpd/adaboost_mpi_v2/bin/./adaboost_mpi_v2(+0x1b009)[0x55bf20617009]
[broadwell-000:1000443] [ 2] /beegfs/home/echiavazza/unito-scpd/adaboost_mpi_v2/bin/./adaboost_mpi_v2(+0x157f8)[0x55bf206117f8]
[broadwell-000:1000443] [ 3] /beegfs/home/echiavazza/unito-scpd/adaboost_mpi_v2/bin/./adaboost_mpi_v2(+0xf6e8)[0x55bf2060b6e8]
[broadwell-000:1000443] [ 4] /beegfs/home/echiavazza/unito-scpd/adaboost_mpi_v2/bin/./adaboost_mpi_v2(+0x94cb)[0x55bf206054cb]
[broadwell-000:1000443] [ 5] /lib/x86_64-linux-gnu/libc.so.6(__libc_start_main+0xf3)[0x7fdb2feb8083]
[broadwell-000:1000443] [ 6] /beegfs/home/echiavazza/unito-scpd/adaboost_mpi_v2/bin/./adaboost_mpi_v2(+0x879e)[0x55bf2060479e]
[broadwell-000:1000443] *** End of error message ***
[broadwell-000:1000445] *** Process received signal ***
[broadwell-000:1000445] Signal: Segmentation fault (11)
[broadwell-000:1000445] Signal code: Address not mapped (1)
[broadwell-000:1000445] Failing at address: 0x8
[broadwell-000:1000445] [ 0] /lib/x86_64-linux-gnu/libc.so.6(+0x43090)[0x7f484142b090]
[broadwell-000:1000445] [ 1] /beegfs/home/echiavazza/unito-scpd/adaboost_mpi_v2/bin/./adaboost_mpi_v2(+0x1b009)[0x55efb7272009]
[broadwell-000:1000445] [ 2] /beegfs/home/echiavazza/unito-scpd/adaboost_mpi_v2/bin/./adaboost_mpi_v2(+0x157f8)[0x55efb726c7f8]
[broadwell-000:1000445] [ 3] /beegfs/home/echiavazza/unito-scpd/adaboost_mpi_v2/bin/./adaboost_mpi_v2(+0xf6e8)[0x55efb72666e8]
[broadwell-000:1000445] [ 4] /beegfs/home/echiavazza/unito-scpd/adaboost_mpi_v2/bin/./adaboost_mpi_v2(+0x94cb)[0x55efb72604cb]
[broadwell-000:1000445] [ 5] /lib/x86_64-linux-gnu/libc.so.6(__libc_start_main+0xf3)[0x7f484140c083]
[broadwell-000:1000445] [ 6] /beegfs/home/echiavazza/unito-scpd/adaboost_mpi_v2/bin/./adaboost_mpi_v2(+0x879e)[0x55efb725f79e]
[broadwell-000:1000445] *** End of error message ***
[broadwell-000:1000448] [ 0] /lib/x86_64-linux-gnu/libc.so.6(+0x43090)[0x7f65974ae090]
[broadwell-000:1000448] [ 1] /beegfs/home/echiavazza/unito-scpd/adaboost_mpi_v2/bin/./adaboost_mpi_v2(+0x1b009)[0x5587f804a009]
[broadwell-000:1000448] [ 2] /beegfs/home/echiavazza/unito-scpd/adaboost_mpi_v2/bin/./adaboost_mpi_v2(+0x157f8)[0x5587f80447f8]
[broadwell-000:1000448] [ 3] /beegfs/home/echiavazza/unito-scpd/adaboost_mpi_v2/bin/./adaboost_mpi_v2(+0xf6e8)[0x5587f803e6e8]
[broadwell-000:1000448] [ 4] /beegfs/home/echiavazza/unito-scpd/adaboost_mpi_v2/bin/./adaboost_mpi_v2(+0x94cb)[0x5587f80384cb]
[broadwell-000:1000448] [ 5] /lib/x86_64-linux-gnu/libc.so.6(__libc_start_main+0xf3)[0x7f659748f083]
[broadwell-000:1000448] [ 6] /beegfs/home/echiavazza/unito-scpd/adaboost_mpi_v2/bin/./adaboost_mpi_v2(+0x879e)[0x5587f803779e]
[broadwell-000:1000448] *** End of error message ***
[broadwell-000:1000451] *** Process received signal ***
[broadwell-000:1000451] Signal: Segmentation fault (11)
[broadwell-000:1000451] Signal code: Address not mapped (1)
[broadwell-000:1000451] Failing at address: 0x8
[broadwell-000:1000451] [ 0] /lib/x86_64-linux-gnu/libc.so.6(+0x43090)[0x7f584a357090]
[broadwell-000:1000451] [ 1] /beegfs/home/echiavazza/unito-scpd/adaboost_mpi_v2/bin/./adaboost_mpi_v2(+0x1b009)[0x55a29ce8a009]
[broadwell-000:1000451] [ 2] /beegfs/home/echiavazza/unito-scpd/adaboost_mpi_v2/bin/./adaboost_mpi_v2(+0x157f8)[0x55a29ce847f8]
[broadwell-000:1000451] [ 3] /beegfs/home/echiavazza/unito-scpd/adaboost_mpi_v2/bin/./adaboost_mpi_v2(+0xf6e8)[0x55a29ce7e6e8]
[broadwell-000:1000451] [ 4] /beegfs/home/echiavazza/unito-scpd/adaboost_mpi_v2/bin/./adaboost_mpi_v2(+0x94cb)[0x55a29ce784cb]
[broadwell-000:1000451] [ 5] /lib/x86_64-linux-gnu/libc.so.6(__libc_start_main+0xf3)[0x7f584a338083]
[broadwell-000:1000451] [ 6] /beegfs/home/echiavazza/unito-scpd/adaboost_mpi_v2/bin/./adaboost_mpi_v2(+0x879e)[0x55a29ce7779e]
[broadwell-000:1000451] *** End of error message ***
[broadwell-000:1000425] *** Process received signal ***
[broadwell-000:1000425] Signal: Segmentation fault (11)
[broadwell-000:1000425] Signal code: Address not mapped (1)
[broadwell-000:1000425] Failing at address: 0x8
[broadwell-000:1000425] [ 0] /lib/x86_64-linux-gnu/libc.so.6(+0x43090)[0x7f72065f1090]
[broadwell-000:1000425] [ 1] /beegfs/home/echiavazza/unito-scpd/adaboost_mpi_v2/bin/./adaboost_mpi_v2(+0x1b009)[0x5560b8216009]
[broadwell-000:1000425] [ 2] /beegfs/home/echiavazza/unito-scpd/adaboost_mpi_v2/bin/./adaboost_mpi_v2(+0x157f8)[0x5560b82107f8]
[broadwell-000:1000425] [ 3] /beegfs/home/echiavazza/unito-scpd/adaboost_mpi_v2/bin/./adaboost_mpi_v2(+0xf6e8)[0x5560b820a6e8]
[broadwell-000:1000425] [ 4] /beegfs/home/echiavazza/unito-scpd/adaboost_mpi_v2/bin/./adaboost_mpi_v2(+0x94cb)[0x5560b82044cb]
[broadwell-000:1000425] [ 5] /lib/x86_64-linux-gnu/libc.so.6(__libc_start_main+0xf3)[0x7f72065d2083]
[broadwell-000:1000425] [ 6] /beegfs/home/echiavazza/unito-scpd/adaboost_mpi_v2/bin/./adaboost_mpi_v2(+0x879e)[0x5560b820379e]
[broadwell-000:1000425] *** End of error message ***
[broadwell-000:1000427] *** Process received signal ***
[broadwell-000:1000427] Signal: Segmentation fault (11)
[broadwell-000:1000427] Signal code: Address not mapped (1)
[broadwell-000:1000427] Failing at address: 0x8
[broadwell-000:1000427] [ 0] /lib/x86_64-linux-gnu/libc.so.6(+0x43090)[0x7f0fd64b2090]
[broadwell-000:1000427] [ 1] /beegfs/home/echiavazza/unito-scpd/adaboost_mpi_v2/bin/./adaboost_mpi_v2(+0x1b009)[0x55cc12b8a009]
[broadwell-000:1000427] [ 2] /beegfs/home/echiavazza/unito-scpd/adaboost_mpi_v2/bin/./adaboost_mpi_v2(+0x157f8)[0x55cc12b847f8]
[broadwell-000:1000427] [ 3] /beegfs/home/echiavazza/unito-scpd/adaboost_mpi_v2/bin/./adaboost_mpi_v2(+0xf6e8)[0x55cc12b7e6e8]
[broadwell-000:1000427] [ 4] /beegfs/home/echiavazza/unito-scpd/adaboost_mpi_v2/bin/./adaboost_mpi_v2(+0x94cb)[0x55cc12b784cb]
[broadwell-000:1000427] [ 5] /lib/x86_64-linux-gnu/libc.so.6(__libc_start_main+0xf3)[0x7f0fd6493083]
[broadwell-000:1000427] [ 6] /beegfs/home/echiavazza/unito-scpd/adaboost_mpi_v2/bin/./adaboost_mpi_v2(+0x879e)[0x55cc12b7779e]
[broadwell-000:1000427] *** End of error message ***
[broadwell-000:1000432] *** Process received signal ***
[broadwell-000:1000432] Signal: Segmentation fault (11)
[broadwell-000:1000432] Signal code: Address not mapped (1)
[broadwell-000:1000432] Failing at address: (nil)
[broadwell-000:1000432] [ 0] /lib/x86_64-linux-gnu/libc.so.6(+0x43090)[0x7f7f18709090]
[broadwell-000:1000432] [ 1] /beegfs/home/echiavazza/unito-scpd/adaboost_mpi_v2/bin/./adaboost_mpi_v2(+0x1b009)[0x55755b5e2009]
[broadwell-000:1000432] [ 2] /beegfs/home/echiavazza/unito-scpd/adaboost_mpi_v2/bin/./adaboost_mpi_v2(+0x157f8)[0x55755b5dc7f8]
[broadwell-000:1000432] [ 3] /beegfs/home/echiavazza/unito-scpd/adaboost_mpi_v2/bin/./adaboost_mpi_v2(+0xf6e8)[0x55755b5d66e8]
[broadwell-000:1000432] [ 4] /beegfs/home/echiavazza/unito-scpd/adaboost_mpi_v2/bin/./adaboost_mpi_v2(+0x94cb)[0x55755b5d04cb]
[broadwell-000:1000432] [ 5] /lib/x86_64-linux-gnu/libc.so.6(__libc_start_main+0xf3)[0x7f7f186ea083]
[broadwell-000:1000432] [ 6] /beegfs/home/echiavazza/unito-scpd/adaboost_mpi_v2/bin/./adaboost_mpi_v2(+0x879e)[0x55755b5cf79e]
[broadwell-000:1000432] *** End of error message ***
[broadwell-000:1000435] [ 5] /lib/x86_64-linux-gnu/libc.so.6(__libc_start_main+0xf3)[0x7f6296fa8083]
[broadwell-000:1000435] [ 6] /beegfs/home/echiavazza/unito-scpd/adaboost_mpi_v2/bin/./adaboost_mpi_v2(+0x879e)[0x555ba3f1879e]
[broadwell-000:1000435] *** End of error message ***
[broadwell-000:1000437] *** Process received signal ***
[broadwell-000:1000437] Signal: Segmentation fault (11)
[broadwell-000:1000437] Signal code: Address not mapped (1)
[broadwell-000:1000437] Failing at address: 0x8
[broadwell-000:1000437] [ 0] /lib/x86_64-linux-gnu/libc.so.6(+0x43090)[0x7f56a2112090]
[broadwell-000:1000437] [ 1] /beegfs/home/echiavazza/unito-scpd/adaboost_mpi_v2/bin/./adaboost_mpi_v2(+0x1b009)[0x559b69ac6009]
[broadwell-000:1000437] [ 2] /beegfs/home/echiavazza/unito-scpd/adaboost_mpi_v2/bin/./adaboost_mpi_v2(+0x157f8)[0x559b69ac07f8]
[broadwell-000:1000437] [ 3] /beegfs/home/echiavazza/unito-scpd/adaboost_mpi_v2/bin/./adaboost_mpi_v2(+0xf6e8)[0x559b69aba6e8]
[broadwell-000:1000437] [ 4] /beegfs/home/echiavazza/unito-scpd/adaboost_mpi_v2/bin/./adaboost_mpi_v2(+0x94cb)[0x559b69ab44cb]
[broadwell-000:1000437] [ 5] /lib/x86_64-linux-gnu/libc.so.6(__libc_start_main+0xf3)[0x7f56a20f3083]
[broadwell-000:1000437] [ 6] /beegfs/home/echiavazza/unito-scpd/adaboost_mpi_v2/bin/./adaboost_mpi_v2(+0x879e)[0x559b69ab379e]
[broadwell-000:1000437] *** End of error message ***
[broadwell-000:1000438] *** Process received signal ***
[broadwell-000:1000438] Signal: Segmentation fault (11)
[broadwell-000:1000438] Signal code: Address not mapped (1)
[broadwell-000:1000438] Failing at address: 0x8
[broadwell-000:1000438] [ 0] /lib/x86_64-linux-gnu/libc.so.6(+0x43090)[0x7fc9c8f99090]
[broadwell-000:1000438] [ 1] /beegfs/home/echiavazza/unito-scpd/adaboost_mpi_v2/bin/./adaboost_mpi_v2(+0x1b009)[0x5565c1483009]
[broadwell-000:1000438] [ 2] /beegfs/home/echiavazza/unito-scpd/adaboost_mpi_v2/bin/./adaboost_mpi_v2(+0x157f8)[0x5565c147d7f8]
[broadwell-000:1000438] [ 3] /beegfs/home/echiavazza/unito-scpd/adaboost_mpi_v2/bin/./adaboost_mpi_v2(+0xf6e8)[0x5565c14776e8]
[broadwell-000:1000438] [ 4] /beegfs/home/echiavazza/unito-scpd/adaboost_mpi_v2/bin/./adaboost_mpi_v2(+0x94cb)[0x5565c14714cb]
[broadwell-000:1000438] [ 5] /lib/x86_64-linux-gnu/libc.so.6(__libc_start_main+0xf3)[0x7fc9c8f7a083]
[broadwell-000:1000438] [ 6] /beegfs/home/echiavazza/unito-scpd/adaboost_mpi_v2/bin/./adaboost_mpi_v2(+0x879e)[0x5565c147079e]
[broadwell-000:1000438] *** End of error message ***
[broadwell-000:1000444] *** Process received signal ***
[broadwell-000:1000444] Signal: Segmentation fault (11)
[broadwell-000:1000444] Signal code: Address not mapped (1)
[broadwell-000:1000444] Failing at address: 0x8
[broadwell-000:1000444] [ 0] /lib/x86_64-linux-gnu/libc.so.6(+0x43090)[0x7fd3a2961090]
[broadwell-000:1000444] [ 1] /beegfs/home/echiavazza/unito-scpd/adaboost_mpi_v2/bin/./adaboost_mpi_v2(+0x1b009)[0x559b3393f009]
[broadwell-000:1000444] [ 2] /beegfs/home/echiavazza/unito-scpd/adaboost_mpi_v2/bin/./adaboost_mpi_v2(+0x157f8)[0x559b339397f8]
[broadwell-000:1000444] [ 3] /beegfs/home/echiavazza/unito-scpd/adaboost_mpi_v2/bin/./adaboost_mpi_v2(+0xf6e8)[0x559b339336e8]
[broadwell-000:1000444] [ 4] /beegfs/home/echiavazza/unito-scpd/adaboost_mpi_v2/bin/./adaboost_mpi_v2(+0x94cb)[0x559b3392d4cb]
[broadwell-000:1000444] [ 5] /lib/x86_64-linux-gnu/libc.so.6(__libc_start_main+0xf3)[0x7fd3a2942083]
[broadwell-000:1000444] [ 6] /beegfs/home/echiavazza/unito-scpd/adaboost_mpi_v2/bin/./adaboost_mpi_v2(+0x879e)[0x559b3392c79e]
[broadwell-000:1000444] *** End of error message ***
[broadwell-000:1000449] *** Process received signal ***
[broadwell-000:1000449] Signal: Segmentation fault (11)
[broadwell-000:1000449] Signal code: Address not mapped (1)
[broadwell-000:1000449] Failing at address: 0x8
[broadwell-000:1000449] [ 0] /lib/x86_64-linux-gnu/libc.so.6(+0x43090)[0x7faf0331c090]
[broadwell-000:1000449] [ 1] /beegfs/home/echiavazza/unito-scpd/adaboost_mpi_v2/bin/./adaboost_mpi_v2(+0x1b009)[0x55aa8c99d009]
[broadwell-000:1000449] [ 2] /beegfs/home/echiavazza/unito-scpd/adaboost_mpi_v2/bin/./adaboost_mpi_v2(+0x157f8)[0x55aa8c9977f8]
[broadwell-000:1000449] [ 3] /beegfs/home/echiavazza/unito-scpd/adaboost_mpi_v2/bin/./adaboost_mpi_v2(+0xf6e8)[0x55aa8c9916e8]
[broadwell-000:1000449] [ 4] /beegfs/home/echiavazza/unito-scpd/adaboost_mpi_v2/bin/./adaboost_mpi_v2(+0x94cb)[0x55aa8c98b4cb]
[broadwell-000:1000449] [ 5] /lib/x86_64-linux-gnu/libc.so.6(__libc_start_main+0xf3)[0x7faf032fd083]
[broadwell-000:1000449] [ 6] /beegfs/home/echiavazza/unito-scpd/adaboost_mpi_v2/bin/./adaboost_mpi_v2(+0x879e)[0x55aa8c98a79e]
[broadwell-000:1000449] *** End of error message ***
[broadwell-000:1000450] *** Process received signal ***
[broadwell-000:1000450] Signal: Segmentation fault (11)
[broadwell-000:1000450] Signal code: Address not mapped (1)
[broadwell-000:1000450] Failing at address: 0x10
[broadwell-000:1000450] [ 0] /lib/x86_64-linux-gnu/libc.so.6(+0x43090)[0x7f30e3f40090]
[broadwell-000:1000450] [ 1] /beegfs/home/echiavazza/unito-scpd/adaboost_mpi_v2/bin/./adaboost_mpi_v2(+0x1b009)[0x556e6da52009]
[broadwell-000:1000450] [ 2] /beegfs/home/echiavazza/unito-scpd/adaboost_mpi_v2/bin/./adaboost_mpi_v2(+0x157f8)[0x556e6da4c7f8]
[broadwell-000:1000450] [ 3] /beegfs/home/echiavazza/unito-scpd/adaboost_mpi_v2/bin/./adaboost_mpi_v2(+0xf6e8)[0x556e6da466e8]
[broadwell-000:1000450] [ 4] /beegfs/home/echiavazza/unito-scpd/adaboost_mpi_v2/bin/./adaboost_mpi_v2(+0x94cb)[0x556e6da404cb]
[broadwell-000:1000450] [ 5] /lib/x86_64-linux-gnu/libc.so.6(__libc_start_main+0xf3)[0x7f30e3f21083]
[broadwell-000:1000450] [ 6] /beegfs/home/echiavazza/unito-scpd/adaboost_mpi_v2/bin/./adaboost_mpi_v2(+0x879e)[0x556e6da3f79e]
[broadwell-000:1000450] *** End of error message ***
[broadwell-000:1000452] *** Process received signal ***
[broadwell-000:1000452] Signal: Segmentation fault (11)
[broadwell-000:1000452] Signal code: Address not mapped (1)
[broadwell-000:1000452] Failing at address: (nil)
[broadwell-000:1000452] [ 0] /lib/x86_64-linux-gnu/libc.so.6(+0x43090)[0x7ff70e779090]
[broadwell-000:1000452] [ 1] /beegfs/home/echiavazza/unito-scpd/adaboost_mpi_v2/bin/./adaboost_mpi_v2(+0x1b009)[0x5575124c2009]
[broadwell-000:1000452] [ 2] /beegfs/home/echiavazza/unito-scpd/adaboost_mpi_v2/bin/./adaboost_mpi_v2(+0x157f8)[0x5575124bc7f8]
[broadwell-000:1000452] [ 3] /beegfs/home/echiavazza/unito-scpd/adaboost_mpi_v2/bin/./adaboost_mpi_v2(+0xf6e8)[0x5575124b66e8]
[broadwell-000:1000452] [ 4] /beegfs/home/echiavazza/unito-scpd/adaboost_mpi_v2/bin/./adaboost_mpi_v2(+0x94cb)[0x5575124b04cb]
[broadwell-000:1000452] [ 5] /lib/x86_64-linux-gnu/libc.so.6(__libc_start_main+0xf3)[0x7ff70e75a083]
[broadwell-000:1000452] [ 6] /beegfs/home/echiavazza/unito-scpd/adaboost_mpi_v2/bin/./adaboost_mpi_v2(+0x879e)[0x5575124af79e]
[broadwell-000:1000452] *** End of error message ***
[broadwell-000:1000456] *** Process received signal ***
[broadwell-000:1000456] Signal: Segmentation fault (11)
[broadwell-000:1000456] Signal code: Address not mapped (1)
[broadwell-000:1000456] Failing at address: 0x8
[broadwell-000:1000456] [ 0] /lib/x86_64-linux-gnu/libc.so.6(+0x43090)[0x7efca8e09090]
[broadwell-000:1000456] [ 1] /beegfs/home/echiavazza/unito-scpd/adaboost_mpi_v2/bin/./adaboost_mpi_v2(+0x1b009)[0x55f24da7f009]
[broadwell-000:1000456] [ 2] /beegfs/home/echiavazza/unito-scpd/adaboost_mpi_v2/bin/./adaboost_mpi_v2(+0x157f8)[0x55f24da797f8]
[broadwell-000:1000456] [ 3] /beegfs/home/echiavazza/unito-scpd/adaboost_mpi_v2/bin/./adaboost_mpi_v2(+0xf6e8)[0x55f24da736e8]
[broadwell-000:1000456] [ 4] /beegfs/home/echiavazza/unito-scpd/adaboost_mpi_v2/bin/./adaboost_mpi_v2(+0x94cb)[0x55f24da6d4cb]
[broadwell-000:1000456] [ 5] /lib/x86_64-linux-gnu/libc.so.6(__libc_start_main+0xf3)[0x7efca8dea083]
[broadwell-000:1000456] [ 6] /beegfs/home/echiavazza/unito-scpd/adaboost_mpi_v2/bin/./adaboost_mpi_v2(+0x879e)[0x55f24da6c79e]
[broadwell-000:1000456] *** End of error message ***
[broadwell-000:1000457] *** Process received signal ***
[broadwell-000:1000457] Signal: Segmentation fault (11)
[broadwell-000:1000457] Signal code: Address not mapped (1)
[broadwell-000:1000457] Failing at address: 0x8
[broadwell-000:1000457] [ 0] /lib/x86_64-linux-gnu/libc.so.6(+0x43090)[0x7f9dedef6090]
[broadwell-000:1000457] [ 1] /beegfs/home/echiavazza/unito-scpd/adaboost_mpi_v2/bin/./adaboost_mpi_v2(+0x1b009)[0x5623ad225009]
[broadwell-000:1000457] [ 2] /beegfs/home/echiavazza/unito-scpd/adaboost_mpi_v2/bin/./adaboost_mpi_v2(+0x157f8)[0x5623ad21f7f8]
[broadwell-000:1000457] [ 3] /beegfs/home/echiavazza/unito-scpd/adaboost_mpi_v2/bin/./adaboost_mpi_v2(+0xf6e8)[0x5623ad2196e8]
[broadwell-000:1000457] [ 4] /beegfs/home/echiavazza/unito-scpd/adaboost_mpi_v2/bin/./adaboost_mpi_v2(+0x94cb)[0x5623ad2134cb]
[broadwell-000:1000457] [ 5] /lib/x86_64-linux-gnu/libc.so.6(__libc_start_main+0xf3)[0x7f9deded7083]
[broadwell-000:1000457] [ 6] /beegfs/home/echiavazza/unito-scpd/adaboost_mpi_v2/bin/./adaboost_mpi_v2(+0x879e)[0x5623ad21279e]
[broadwell-000:1000457] *** End of error message ***
[broadwell-000:1000458] *** Process received signal ***
[broadwell-000:1000458] Signal: Segmentation fault (11)
[broadwell-000:1000458] Signal code: Address not mapped (1)
[broadwell-000:1000458] Failing at address: (nil)
[broadwell-000:1000458] [ 0] /lib/x86_64-linux-gnu/libc.so.6(+0x43090)[0x7f3e29c87090]
[broadwell-000:1000458] [ 1] /beegfs/home/echiavazza/unito-scpd/adaboost_mpi_v2/bin/./adaboost_mpi_v2(+0x1b009)[0x5641c1b59009]
[broadwell-000:1000458] [ 2] /beegfs/home/echiavazza/unito-scpd/adaboost_mpi_v2/bin/./adaboost_mpi_v2(+0x157f8)[0x5641c1b537f8]
[broadwell-000:1000458] [ 3] /beegfs/home/echiavazza/unito-scpd/adaboost_mpi_v2/bin/./adaboost_mpi_v2(+0xf6e8)[0x5641c1b4d6e8]
[broadwell-000:1000458] [ 4] /beegfs/home/echiavazza/unito-scpd/adaboost_mpi_v2/bin/./adaboost_mpi_v2(+0x94cb)[0x5641c1b474cb]
[broadwell-000:1000458] [ 5] /lib/x86_64-linux-gnu/libc.so.6(__libc_start_main+0xf3)[0x7f3e29c68083]
[broadwell-000:1000458] [ 6] /beegfs/home/echiavazza/unito-scpd/adaboost_mpi_v2/bin/./adaboost_mpi_v2(+0x879e)[0x5641c1b4679e]
[broadwell-000:1000458] *** End of error message ***
[broadwell-000:1000431] Signal: Segmentation fault (11)
[broadwell-000:1000431] Signal code: Address not mapped (1)
[broadwell-000:1000431] Failing at address: 0x8
[broadwell-000:1000431] [ 0] /lib/x86_64-linux-gnu/libc.so.6(+0x43090)[0x7f43bb0ef090]
[broadwell-000:1000431] [ 1] /beegfs/home/echiavazza/unito-scpd/adaboost_mpi_v2/bin/./adaboost_mpi_v2(+0x1b009)[0x56213fbaa009]
[broadwell-000:1000431] [ 2] /beegfs/home/echiavazza/unito-scpd/adaboost_mpi_v2/bin/./adaboost_mpi_v2(+0x157f8)[0x56213fba47f8]
[broadwell-000:1000431] [ 3] /beegfs/home/echiavazza/unito-scpd/adaboost_mpi_v2/bin/./adaboost_mpi_v2(+0xf6e8)[0x56213fb9e6e8]
[broadwell-000:1000431] [ 4] /beegfs/home/echiavazza/unito-scpd/adaboost_mpi_v2/bin/./adaboost_mpi_v2(+0x94cb)[0x56213fb984cb]
[broadwell-000:1000431] [ 5] /lib/x86_64-linux-gnu/libc.so.6(__libc_start_main+0xf3)[0x7f43bb0d0083]
[broadwell-000:1000431] [ 6] /beegfs/home/echiavazza/unito-scpd/adaboost_mpi_v2/bin/./adaboost_mpi_v2(+0x879e)[0x56213fb9779e]
[broadwell-000:1000431] *** End of error message ***
srun: Received task exit notification for 26 tasks of StepId=168711.0 (status=0x000b).
srun: error: broadwell-000: tasks 1-3,5-8,11-14,16-21,24-28,31-34: Segmentation fault
srun: Received task exit notification for 7 tasks of StepId=168711.0 (status=0x008b).
srun: error: broadwell-000: tasks 4,9-10,23,29-30,35: Segmentation fault (core dumped)
srun: Received task exit notification for 3 tasks of StepId=168711.0 (status=0x008b).
srun: error: broadwell-000: tasks 0,15,22: Segmentation fault (core dumped)
