make: Warning: File 'Makefile' has modification time 0.76 s in the future
make[1]: Warning: File 'CMakeFiles/Makefile2' has modification time 0.56 s in the future
make[2]: Warning: File 'CMakeFiles/communication_lib.dir/build.make' has modification time 0.55 s in the future
make[2]: warning:  Clock skew detected.  Your build may be incomplete.
make[2]: Warning: File 'CMakeFiles/communication_lib.dir/build.make' has modification time 0.45 s in the future
make[2]: warning:  Clock skew detected.  Your build may be incomplete.
/beegfs/home/echiavazza/unito-scpd/adaboost_mpi_v2/src/main.cpp:149:1: fatal error: opening dependency file CMakeFiles/adaboost_mpi_v2.dir/src/main.cpp.o.d: No such file or directory
  149 | }
      | ^
compilation terminated.
make[2]: *** [CMakeFiles/adaboost_mpi_v2.dir/build.make:76: CMakeFiles/adaboost_mpi_v2.dir/src/main.cpp.o] Error 1
make[1]: *** [CMakeFiles/Makefile2:140: CMakeFiles/adaboost_mpi_v2.dir/all] Error 2
make: *** [Makefile:91: all] Error 2
srun: defined options
srun: -------------------- --------------------
srun: (null)              : broadwell-[003-004]
srun: jobid               : 168706
srun: job-name            : submit.sh
srun: mpi                 : pmix
srun: nodes               : 2
srun: ntasks              : 72
srun: ntasks-per-node     : 36
srun: verbose             : 1
srun: -------------------- --------------------
srun: end of defined options
srun: jobid 168706: nodes(2):`broadwell-[003-004]', cpu counts: 36(x2)
srun: CpuBindType=(null type)
srun: launching StepId=168706.0 on host broadwell-003, 36 tasks: [0-35]
srun: launching StepId=168706.0 on host broadwell-004, 36 tasks: [36-71]
srun: topology/default: init: topology Default plugin loaded
srun: Node broadwell-003, 36 tasks started
srun: Node broadwell-004, 36 tasks started
srun: Complete StepId=168706.0 received
srun: Job step aborted: Waiting up to 32 seconds for job step to finish.
slurmstepd: error: *** JOB 168706 ON broadwell-003 CANCELLED AT 2025-04-03T22:56:21 ***
