make: Warning: File 'Makefile' has modification time 0.37 s in the future
make[1]: Warning: File 'CMakeFiles/Makefile2' has modification time 0.16 s in the future
make[2]: Warning: File 'CMakeFiles/communication_lib.dir/build.make' has modification time 0.15 s in the future
make[2]: Warning: File 'CMakeFiles/data_lib.dir/build.make' has modification time 0.15 s in the future
make[2]: warning:  Clock skew detected.  Your build may be incomplete.
make[2]: warning:  Clock skew detected.  Your build may be incomplete.
make[2]: Warning: File 'CMakeFiles/communication_lib.dir/build.make' has modification time 0.043 s in the future
make[2]: Warning: File 'CMakeFiles/data_lib.dir/build.make' has modification time 0.043 s in the future
make[2]: warning:  Clock skew detected.  Your build may be incomplete.
make[2]: warning:  Clock skew detected.  Your build may be incomplete.
make[1]: warning:  Clock skew detected.  Your build may be incomplete.
make: warning:  Clock skew detected.  Your build may be incomplete.
srun: defined options
srun: -------------------- --------------------
srun: (null)              : broadwell-002
srun: jobid               : 168710
srun: job-name            : submit.sh
srun: mpi                 : pmix
srun: nodes               : 1
srun: ntasks              : 36
srun: ntasks-per-node     : 36
srun: verbose             : 1
srun: -------------------- --------------------
srun: end of defined options
srun: jobid 168710: nodes(1):`broadwell-002', cpu counts: 36(x1)
srun: CpuBindType=(null type)
srun: launching StepId=168710.0 on host broadwell-002, 36 tasks: [0-35]
srun: topology/default: init: topology Default plugin loaded
srun: Node broadwell-002, 36 tasks started
[broadwell-002:4016966] *** Process received signal ***
[broadwell-002:4016966] Signal: Segmentation fault (11)
[broadwell-002:4016966] Signal code: Address not mapped (1)
[broadwell-002:4016966] Failing at address: (nil)
[broadwell-002:4016980] *** Process received signal ***
[broadwell-002:4016980] Signal: Segmentation fault (11)
[broadwell-002:4016980] Signal code: Address not mapped (1)
[broadwell-002:4016980] Failing at address: 0x8
[broadwell-002:4016992] *** Process received signal ***
[broadwell-002:4016992] Signal: Segmentation fault (11)
[broadwell-002:4016992] Signal code: Address not mapped (1)
[broadwell-002:4016992] Failing at address: 0x10
[broadwell-002:4016995] *** Process received signal ***
[broadwell-002:4016995] Signal: Segmentation fault (11)
[broadwell-002:4016995] Signal code: Address not mapped (1)
[broadwell-002:4016995] Failing at address: 0x28
[broadwell-002:4016972] *** Process received signal ***
[broadwell-002:4016972] Signal: Segmentation fault (11)
[broadwell-002:4016972] Signal code: Address not mapped (1)
[broadwell-002:4016972] Failing at address: (nil)
[broadwell-002:4016975] *** Process received signal ***
[broadwell-002:4016975] Signal: Segmentation fault (11)
[broadwell-002:4016975] Signal code: Address not mapped (1)
[broadwell-002:4016975] Failing at address: 0x8
[broadwell-002:4016976] *** Process received signal ***
[broadwell-002:4016976] Signal: Segmentation fault (11)
[broadwell-002:4016976] Signal code: Address not mapped (1)
[broadwell-002:4016976] Failing at address: (nil)
[broadwell-002:4016986] *** Process received signal ***
[broadwell-002:4016986] Signal: Segmentation fault (11)
[broadwell-002:4016986] Signal code: Address not mapped (1)
[broadwell-002:4016986] Failing at address: 0x8
[broadwell-002:4016996] *** Process received signal ***
[broadwell-002:4016996] Signal: Segmentation fault (11)
[broadwell-002:4016996] Signal code: Address not mapped (1)
[broadwell-002:4016996] Failing at address: (nil)
[broadwell-002:4016973] *** Process received signal ***
[broadwell-002:4016973] Signal: Segmentation fault (11)
[broadwell-002:4016973] Signal code: Address not mapped (1)
[broadwell-002:4016973] Failing at address: 0x8
[broadwell-002:4016978] *** Process received signal ***
[broadwell-002:4016978] Signal: Segmentation fault (11)
[broadwell-002:4016978] Signal code: Address not mapped (1)
[broadwell-002:4016978] Failing at address: 0x30
[broadwell-002:4016991] *** Process received signal ***
[broadwell-002:4016991] Signal: Segmentation fault (11)
[broadwell-002:4016991] Signal code: Address not mapped (1)
[broadwell-002:4016991] Failing at address: 0x8
[broadwell-002:4016969] *** Process received signal ***
[broadwell-002:4016969] Signal: Segmentation fault (11)
[broadwell-002:4016969] Signal code: Address not mapped (1)
[broadwell-002:4016969] Failing at address: 0x8
[broadwell-002:4016983] *** Process received signal ***
[broadwell-002:4016983] Signal: Segmentation fault (11)
[broadwell-002:4016983] Signal code: Address not mapped (1)
[broadwell-002:4016983] Failing at address: 0x8
[broadwell-002:4016984] *** Process received signal ***
[broadwell-002:4016984] Signal: Segmentation fault (11)
[broadwell-002:4016984] Signal code: Address not mapped (1)
[broadwell-002:4016984] Failing at address: 0x8
[broadwell-002:4016997] *** Process received signal ***
[broadwell-002:4016997] Signal: Segmentation fault (11)
[broadwell-002:4016997] Signal code: Address not mapped (1)
[broadwell-002:4016997] Failing at address: 0x30
[broadwell-002:4016967] *** Process received signal ***
[broadwell-002:4016967] Signal: Segmentation fault (11)
[broadwell-002:4016967] Signal code: Address not mapped (1)
[broadwell-002:4016967] Failing at address: 0x8
[broadwell-002:4016970] *** Process received signal ***
[broadwell-002:4016970] Signal: Segmentation fault (11)
[broadwell-002:4016970] Signal code: Address not mapped (1)
[broadwell-002:4016970] Failing at address: 0x20
[broadwell-002:4016971] *** Process received signal ***
[broadwell-002:4016971] Signal: Segmentation fault (11)
[broadwell-002:4016971] Signal code: Address not mapped (1)
[broadwell-002:4016971] Failing at address: 0x8
[broadwell-002:4016974] *** Process received signal ***
[broadwell-002:4016974] Signal: Segmentation fault (11)
[broadwell-002:4016974] Signal code: Address not mapped (1)
[broadwell-002:4016974] Failing at address: (nil)
[broadwell-002:4016977] *** Process received signal ***
[broadwell-002:4016977] Signal: Segmentation fault (11)
[broadwell-002:4016977] Signal code: Address not mapped (1)
[broadwell-002:4016977] Failing at address: (nil)
[broadwell-002:4016979] *** Process received signal ***
[broadwell-002:4016979] Signal: Segmentation fault (11)
[broadwell-002:4016979] Signal code: Address not mapped (1)
[broadwell-002:4016979] Failing at address: 0x8
[broadwell-002:4016981] *** Process received signal ***
[broadwell-002:4016981] Signal: Segmentation fault (11)
[broadwell-002:4016981] Signal code: Address not mapped (1)
[broadwell-002:4016981] Failing at address: 0x8
[broadwell-002:4016982] *** Process received signal ***
[broadwell-002:4016982] Signal: Segmentation fault (11)
[broadwell-002:4016982] Signal code: Address not mapped (1)
[broadwell-002:4016982] Failing at address: 0x28
[broadwell-002:4016985] *** Process received signal ***
[broadwell-002:4016985] Signal: Segmentation fault (11)
[broadwell-002:4016985] Signal code: Address not mapped (1)
[broadwell-002:4016985] Failing at address: 0x10
[broadwell-002:4016987] *** Process received signal ***
[broadwell-002:4016987] Signal: Segmentation fault (11)
[broadwell-002:4016987] Signal code: Address not mapped (1)
[broadwell-002:4016987] Failing at address: 0x8
[broadwell-002:4016988] *** Process received signal ***
[broadwell-002:4016988] Signal: Segmentation fault (11)
[broadwell-002:4016988] Signal code: Address not mapped (1)
[broadwell-002:4016988] Failing at address: 0x8
[broadwell-002:4016989] *** Process received signal ***
[broadwell-002:4016989] Signal: Segmentation fault (11)
[broadwell-002:4016989] Signal code: Address not mapped (1)
[broadwell-002:4016989] Failing at address: 0x8
[broadwell-002:4016990] *** Process received signal ***
[broadwell-002:4016990] Signal: Segmentation fault (11)
[broadwell-002:4016990] Signal code: Address not mapped (1)
[broadwell-002:4016990] Failing at address: 0x30
[broadwell-002:4016993] *** Process received signal ***
[broadwell-002:4016993] Signal: Segmentation fault (11)
[broadwell-002:4016993] Signal code: Address not mapped (1)
[broadwell-002:4016993] Failing at address: 0x8
[broadwell-002:4016994] *** Process received signal ***
[broadwell-002:4016994] Signal: Segmentation fault (11)
[broadwell-002:4016994] Signal code: Address not mapped (1)
[broadwell-002:4016994] Failing at address: (nil)
[broadwell-002:4016998] *** Process received signal ***
[broadwell-002:4016998] Signal: Segmentation fault (11)
[broadwell-002:4016998] Signal code: Address not mapped (1)
[broadwell-002:4016998] Failing at address: 0x8
[broadwell-002:4016999] *** Process received signal ***
[broadwell-002:4016999] Signal: Segmentation fault (11)
[broadwell-002:4016999] Signal code: Address not mapped (1)
[broadwell-002:4016999] Failing at address: 0x8
[broadwell-002:4017000] *** Process received signal ***
[broadwell-002:4017000] Signal: Segmentation fault (11)
[broadwell-002:4017000] Signal code: Address not mapped (1)
[broadwell-002:4017000] Failing at address: (nil)
[broadwell-002:4017001] *** Process received signal ***
[broadwell-002:4017001] Signal: Segmentation fault (11)
[broadwell-002:4017001] Signal code: Address not mapped (1)
[broadwell-002:4017001] Failing at address: 0x8
[broadwell-002:4016968] *** Process received signal ***
[broadwell-002:4016968] Signal: Segmentation fault (11)
[broadwell-002:4016968] Signal code: Address not mapped (1)
[broadwell-002:4016968] Failing at address: 0x8
[broadwell-002:4016979] [ 0] /lib/x86_64-linux-gnu/libc.so.6(+0x43090)[0x7f7cfab62090]
[broadwell-002:4016982] [ 0] /lib/x86_64-linux-gnu/libc.so.6(+0x43090)[0x7feb2df45090]
[broadwell-002:4016982] [ 1] /beegfs/home/echiavazza/unito-scpd/adaboost_mpi_v2/bin/./adaboost_mpi_v2(+0x1b009)[0x55bfa40a8009]
[broadwell-002:4016982] [ 2] /beegfs/home/echiavazza/unito-scpd/adaboost_mpi_v2/bin/./adaboost_mpi_v2(+0x157f8)[0x55bfa40a27f8]
[broadwell-002:4016982] [ 3] /beegfs/home/echiavazza/unito-scpd/adaboost_mpi_v2/bin/./adaboost_mpi_v2(+0xf6e8)[0x55bfa409c6e8]
[broadwell-002:4016982] [ 4] /beegfs/home/echiavazza/unito-scpd/adaboost_mpi_v2/bin/./adaboost_mpi_v2(+0x94cb)[0x55bfa40964cb]
[broadwell-002:4016989] [ 0] /lib/x86_64-linux-gnu/libc.so.6(+0x43090)[0x7f25b1472090]
[broadwell-002:4016989] [ 1] /beegfs/home/echiavazza/unito-scpd/adaboost_mpi_v2/bin/./adaboost_mpi_v2(+0x1b009)[0x557d89f52009]
[broadwell-002:4016989] [ 2] /beegfs/home/echiavazza/unito-scpd/adaboost_mpi_v2/bin/./adaboost_mpi_v2(+0x157f8)[0x557d89f4c7f8]
[broadwell-002:4016989] [ 3] /beegfs/home/echiavazza/unito-scpd/adaboost_mpi_v2/bin/./adaboost_mpi_v2(+0xf6e8)[0x557d89f466e8]
[broadwell-002:4016989] [ 4] /beegfs/home/echiavazza/unito-scpd/adaboost_mpi_v2/bin/./adaboost_mpi_v2(+0x94cb)[0x557d89f404cb]
[broadwell-002:4016989] [ 5] /lib/x86_64-linux-gnu/libc.so.6(__libc_start_main+0xf3)[0x7f25b1453083]
[broadwell-002:4016989] [ 6] /beegfs/home/echiavazza/unito-scpd/adaboost_mpi_v2/bin/./adaboost_mpi_v2(+0x879e)[0x557d89f3f79e]
[broadwell-002:4016989] *** End of error message ***
[broadwell-002:4017001] [ 0] /lib/x86_64-linux-gnu/libc.so.6(+0x43090)[0x7fb21db8b090]
[broadwell-002:4017001] [ 1] /beegfs/home/echiavazza/unito-scpd/adaboost_mpi_v2/bin/./adaboost_mpi_v2(+0x1b009)[0x5655328a0009]
[broadwell-002:4017001] [ 2] /beegfs/home/echiavazza/unito-scpd/adaboost_mpi_v2/bin/./adaboost_mpi_v2(+0x157f8)[0x56553289a7f8]
[broadwell-002:4017001] [ 3] /beegfs/home/echiavazza/unito-scpd/adaboost_mpi_v2/bin/./adaboost_mpi_v2(+0xf6e8)[0x5655328946e8]
[broadwell-002:4017001] [ 4] /beegfs/home/echiavazza/unito-scpd/adaboost_mpi_v2/bin/./adaboost_mpi_v2(+0x94cb)[0x56553288e4cb]
[broadwell-002:4017001] [ 5] /lib/x86_64-linux-gnu/libc.so.6(__libc_start_main+0xf3)[0x7fb21db6c083]
[broadwell-002:4017001] [ 6] /beegfs/home/echiavazza/unito-scpd/adaboost_mpi_v2/bin/./adaboost_mpi_v2(+0x879e)[0x56553288d79e]
[broadwell-002:4017001] *** End of error message ***
[broadwell-002:4016969] [ 0] /lib/x86_64-linux-gnu/libc.so.6(+0x43090)[0x7fbd3c7e4090]
[broadwell-002:4016969] [ 1] /beegfs/home/echiavazza/unito-scpd/adaboost_mpi_v2/bin/./adaboost_mpi_v2(+0x1b009)[0x55f93074e009]
[broadwell-002:4016969] [ 2] /beegfs/home/echiavazza/unito-scpd/adaboost_mpi_v2/bin/./adaboost_mpi_v2(+0x157f8)[0x55f9307487f8]
[broadwell-002:4016969] [ 3] /beegfs/home/echiavazza/unito-scpd/adaboost_mpi_v2/bin/./adaboost_mpi_v2(+0xf6e8)[0x55f9307426e8]
[broadwell-002:4016969] [ 4] /beegfs/home/echiavazza/unito-scpd/adaboost_mpi_v2/bin/./adaboost_mpi_v2(+0x94cb)[0x55f93073c4cb]
[broadwell-002:4016969] [ 5] /lib/x86_64-linux-gnu/libc.so.6(__libc_start_main+0xf3)[0x7fbd3c7c5083]
[broadwell-002:4016969] [ 6] /beegfs/home/echiavazza/unito-scpd/adaboost_mpi_v2/bin/./adaboost_mpi_v2(+0x879e)[0x55f93073b79e]
[broadwell-002:4016969] *** End of error message ***
[broadwell-002:4016971] [ 0] /lib/x86_64-linux-gnu/libc.so.6(+0x43090)[0x7f1d62e33090]
[broadwell-002:4016971] [ 1] /beegfs/home/echiavazza/unito-scpd/adaboost_mpi_v2/bin/./adaboost_mpi_v2(+0x1b009)[0x55f6e4d5d009]
[broadwell-002:4016971] [ 2] /beegfs/home/echiavazza/unito-scpd/adaboost_mpi_v2/bin/./adaboost_mpi_v2(+0x157f8)[0x55f6e4d577f8]
[broadwell-002:4016971] [ 3] /beegfs/home/echiavazza/unito-scpd/adaboost_mpi_v2/bin/./adaboost_mpi_v2(+0xf6e8)[0x55f6e4d516e8]
[broadwell-002:4016971] [ 4] /beegfs/home/echiavazza/unito-scpd/adaboost_mpi_v2/bin/./adaboost_mpi_v2(+0x94cb)[0x55f6e4d4b4cb]
[broadwell-002:4016973] [ 0] /lib/x86_64-linux-gnu/libc.so.6(+0x43090)[0x7fbb8aaeb090]
[broadwell-002:4016973] [ 1] /beegfs/home/echiavazza/unito-scpd/adaboost_mpi_v2/bin/./adaboost_mpi_v2(+0x1b009)[0x56298d287009]
[broadwell-002:4016973] [ 2] /beegfs/home/echiavazza/unito-scpd/adaboost_mpi_v2/bin/./adaboost_mpi_v2(+0x157f8)[0x56298d2817f8]
[broadwell-002:4016973] [ 3] /beegfs/home/echiavazza/unito-scpd/adaboost_mpi_v2/bin/./adaboost_mpi_v2(+0xf6e8)[0x56298d27b6e8]
[broadwell-002:4016973] [ 4] /beegfs/home/echiavazza/unito-scpd/adaboost_mpi_v2/bin/./adaboost_mpi_v2(+0x94cb)[0x56298d2754cb]
[broadwell-002:4016978] [ 0] /lib/x86_64-linux-gnu/libc.so.6(+0x43090)[0x7f7106578090]
[broadwell-002:4016978] [ 1] /beegfs/home/echiavazza/unito-scpd/adaboost_mpi_v2/bin/./adaboost_mpi_v2(+0x1b009)[0x555f0f1a1009]
[broadwell-002:4016978] [ 2] /beegfs/home/echiavazza/unito-scpd/adaboost_mpi_v2/bin/./adaboost_mpi_v2(+0x157f8)[0x555f0f19b7f8]
[broadwell-002:4016978] [ 3] /beegfs/home/echiavazza/unito-scpd/adaboost_mpi_v2/bin/./adaboost_mpi_v2(+0xf6e8)[0x555f0f1956e8]
[broadwell-002:4016978] [ 4] /beegfs/home/echiavazza/unito-scpd/adaboost_mpi_v2/bin/./adaboost_mpi_v2(+0x94cb)[0x555f0f18f4cb]
[broadwell-002:4016978] [ 5] /lib/x86_64-linux-gnu/libc.so.6(__libc_start_main+0xf3)[0x7f7106559083]
[broadwell-002:4016978] [ 6] /beegfs/home/echiavazza/unito-scpd/adaboost_mpi_v2/bin/./adaboost_mpi_v2(+0x879e)[0x555f0f18e79e]
[broadwell-002:4016978] *** End of error message ***
[broadwell-002:4016979] [ 1] /beegfs/home/echiavazza/unito-scpd/adaboost_mpi_v2/bin/./adaboost_mpi_v2(+0x1b009)[0x556998a5a009]
[broadwell-002:4016979] [ 2] /beegfs/home/echiavazza/unito-scpd/adaboost_mpi_v2/bin/./adaboost_mpi_v2(+0x157f8)[0x556998a547f8]
[broadwell-002:4016979] [ 3] /beegfs/home/echiavazza/unito-scpd/adaboost_mpi_v2/bin/./adaboost_mpi_v2(+0xf6e8)[0x556998a4e6e8]
[broadwell-002:4016979] [ 4] /beegfs/home/echiavazza/unito-scpd/adaboost_mpi_v2/bin/./adaboost_mpi_v2(+0x94cb)[0x556998a484cb]
[broadwell-002:4016979] [ 5] /lib/x86_64-linux-gnu/libc.so.6(__libc_start_main+0xf3)[0x7f7cfab43083]
[broadwell-002:4016979] [ 6] /beegfs/home/echiavazza/unito-scpd/adaboost_mpi_v2/bin/./adaboost_mpi_v2(+0x879e)[0x556998a4779e]
[broadwell-002:4016979] *** End of error message ***
[broadwell-002:4016980] [ 0] /lib/x86_64-linux-gnu/libc.so.6(+0x43090)[0x7efdffc11090]
[broadwell-002:4016980] [ 1] /beegfs/home/echiavazza/unito-scpd/adaboost_mpi_v2/bin/./adaboost_mpi_v2(+0x1b009)[0x55636074c009]
[broadwell-002:4016980] [ 2] /beegfs/home/echiavazza/unito-scpd/adaboost_mpi_v2/bin/./adaboost_mpi_v2(+0x157f8)[0x5563607467f8]
[broadwell-002:4016980] [ 3] /beegfs/home/echiavazza/unito-scpd/adaboost_mpi_v2/bin/./adaboost_mpi_v2(+0xf6e8)[0x5563607406e8]
[broadwell-002:4016980] [ 4] /beegfs/home/echiavazza/unito-scpd/adaboost_mpi_v2/bin/./adaboost_mpi_v2(+0x94cb)[0x55636073a4cb]
[broadwell-002:4016980] [ 5] /lib/x86_64-linux-gnu/libc.so.6(__libc_start_main+0xf3)[0x7efdffbf2083]
[broadwell-002:4016980] [ 6] /beegfs/home/echiavazza/unito-scpd/adaboost_mpi_v2/bin/./adaboost_mpi_v2(+0x879e)[0x55636073979e]
[broadwell-002:4016980] *** End of error message ***
[broadwell-002:4016982] [ 5] /lib/x86_64-linux-gnu/libc.so.6(__libc_start_main+0xf3)[0x7feb2df26083]
[broadwell-002:4016982] [ 6] /beegfs/home/echiavazza/unito-scpd/adaboost_mpi_v2/bin/./adaboost_mpi_v2(+0x879e)[0x55bfa409579e]
[broadwell-002:4016982] *** End of error message ***
[broadwell-002:4016985] [ 0] /lib/x86_64-linux-gnu/libc.so.6(+0x43090)[0x7f042ead7090]
[broadwell-002:4016985] [ 1] /beegfs/home/echiavazza/unito-scpd/adaboost_mpi_v2/bin/./adaboost_mpi_v2(+0x1b009)[0x55865d8a2009]
[broadwell-002:4016985] [ 2] /beegfs/home/echiavazza/unito-scpd/adaboost_mpi_v2/bin/./adaboost_mpi_v2(+0x157f8)[0x55865d89c7f8]
[broadwell-002:4016985] [ 3] /beegfs/home/echiavazza/unito-scpd/adaboost_mpi_v2/bin/./adaboost_mpi_v2(+0xf6e8)[0x55865d8966e8]
[broadwell-002:4016985] [ 4] /beegfs/home/echiavazza/unito-scpd/adaboost_mpi_v2/bin/./adaboost_mpi_v2(+0x94cb)[0x55865d8904cb]
[broadwell-002:4016985] [ 5] /lib/x86_64-linux-gnu/libc.so.6(__libc_start_main+0xf3)[0x7f042eab8083]
[broadwell-002:4016985] [ 6] /beegfs/home/echiavazza/unito-scpd/adaboost_mpi_v2/bin/./adaboost_mpi_v2(+0x879e)[0x55865d88f79e]
[broadwell-002:4016985] *** End of error message ***
[broadwell-002:4016993] [ 0] /lib/x86_64-linux-gnu/libc.so.6(+0x43090)[0x7f3ac8e88090]
[broadwell-002:4016993] [ 1] /beegfs/home/echiavazza/unito-scpd/adaboost_mpi_v2/bin/./adaboost_mpi_v2(+0x1b009)[0x5640a67b3009]
[broadwell-002:4016993] [ 2] /beegfs/home/echiavazza/unito-scpd/adaboost_mpi_v2/bin/./adaboost_mpi_v2(+0x157f8)[0x5640a67ad7f8]
[broadwell-002:4016993] [ 3] /beegfs/home/echiavazza/unito-scpd/adaboost_mpi_v2/bin/./adaboost_mpi_v2(+0xf6e8)[0x5640a67a76e8]
[broadwell-002:4016993] [ 4] /beegfs/home/echiavazza/unito-scpd/adaboost_mpi_v2/bin/./adaboost_mpi_v2(+0x94cb)[0x5640a67a14cb]
[broadwell-002:4016993] [ 5] /lib/x86_64-linux-gnu/libc.so.6(__libc_start_main+0xf3)[0x7f3ac8e69083]
[broadwell-002:4016993] [ 6] /beegfs/home/echiavazza/unito-scpd/adaboost_mpi_v2/bin/./adaboost_mpi_v2(+0x879e)[0x5640a67a079e]
[broadwell-002:4016993] *** End of error message ***
[broadwell-002:4016994] [ 0] /lib/x86_64-linux-gnu/libc.so.6(+0x43090)[0x7f02babc9090]
[broadwell-002:4016994] [ 1] /beegfs/home/echiavazza/unito-scpd/adaboost_mpi_v2/bin/./adaboost_mpi_v2(+0x1b009)[0x55eed6348009]
[broadwell-002:4016994] [ 2] /beegfs/home/echiavazza/unito-scpd/adaboost_mpi_v2/bin/./adaboost_mpi_v2(+0x157f8)[0x55eed63427f8]
[broadwell-002:4016994] [ 3] /beegfs/home/echiavazza/unito-scpd/adaboost_mpi_v2/bin/./adaboost_mpi_v2(+0xf6e8)[0x55eed633c6e8]
[broadwell-002:4016994] [ 4] /beegfs/home/echiavazza/unito-scpd/adaboost_mpi_v2/bin/./adaboost_mpi_v2(+0x94cb)[0x55eed63364cb]
[broadwell-002:4016994] [ 5] /lib/x86_64-linux-gnu/libc.so.6(__libc_start_main+0xf3)[0x7f02babaa083]
[broadwell-002:4016994] [ 6] /beegfs/home/echiavazza/unito-scpd/adaboost_mpi_v2/bin/./adaboost_mpi_v2(+0x879e)[0x55eed633579e]
[broadwell-002:4016994] *** End of error message ***
[broadwell-002:4016995] [ 0] /lib/x86_64-linux-gnu/libc.so.6(+0x43090)[0x7fd6338a0090]
[broadwell-002:4016995] [ 1] /beegfs/home/echiavazza/unito-scpd/adaboost_mpi_v2/bin/./adaboost_mpi_v2(+0x1b009)[0x55e3934d9009]
[broadwell-002:4016995] [ 2] /beegfs/home/echiavazza/unito-scpd/adaboost_mpi_v2/bin/./adaboost_mpi_v2(+0x157f8)[0x55e3934d37f8]
[broadwell-002:4016995] [ 3] /beegfs/home/echiavazza/unito-scpd/adaboost_mpi_v2/bin/./adaboost_mpi_v2(+0xf6e8)[0x55e3934cd6e8]
[broadwell-002:4016995] [ 4] /beegfs/home/echiavazza/unito-scpd/adaboost_mpi_v2/bin/./adaboost_mpi_v2(+0x94cb)[0x55e3934c74cb]
[broadwell-002:4016995] [ 5] /lib/x86_64-linux-gnu/libc.so.6(__libc_start_main+0xf3)[0x7fd633881083]
[broadwell-002:4016995] [ 6] /beegfs/home/echiavazza/unito-scpd/adaboost_mpi_v2/bin/./adaboost_mpi_v2(+0x879e)[0x55e3934c679e]
[broadwell-002:4016995] *** End of error message ***
[broadwell-002:4016998] [ 0] /lib/x86_64-linux-gnu/libc.so.6(+0x43090)[0x7fb0d4b27090]
[broadwell-002:4016998] [ 1] /beegfs/home/echiavazza/unito-scpd/adaboost_mpi_v2/bin/./adaboost_mpi_v2(+0x1b009)[0x5651682cf009]
[broadwell-002:4016998] [ 2] /beegfs/home/echiavazza/unito-scpd/adaboost_mpi_v2/bin/./adaboost_mpi_v2(+0x157f8)[0x5651682c97f8]
[broadwell-002:4016998] [ 3] /beegfs/home/echiavazza/unito-scpd/adaboost_mpi_v2/bin/./adaboost_mpi_v2(+0xf6e8)[0x5651682c36e8]
[broadwell-002:4016998] [ 4] /beegfs/home/echiavazza/unito-scpd/adaboost_mpi_v2/bin/./adaboost_mpi_v2(+0x94cb)[0x5651682bd4cb]
[broadwell-002:4016998] [ 5] /lib/x86_64-linux-gnu/libc.so.6(__libc_start_main+0xf3)[0x7fb0d4b08083]
[broadwell-002:4016998] [ 6] /beegfs/home/echiavazza/unito-scpd/adaboost_mpi_v2/bin/./adaboost_mpi_v2(+0x879e)[0x5651682bc79e]
[broadwell-002:4016998] *** End of error message ***
[broadwell-002:4016967] [ 0] /lib/x86_64-linux-gnu/libc.so.6(+0x43090)[0x7f2980203090]
[broadwell-002:4016967] [ 1] /beegfs/home/echiavazza/unito-scpd/adaboost_mpi_v2/bin/./adaboost_mpi_v2(+0x1b009)[0x563d012cc009]
[broadwell-002:4016967] [ 2] /beegfs/home/echiavazza/unito-scpd/adaboost_mpi_v2/bin/./adaboost_mpi_v2(+0x157f8)[0x563d012c67f8]
[broadwell-002:4016967] [ 3] /beegfs/home/echiavazza/unito-scpd/adaboost_mpi_v2/bin/./adaboost_mpi_v2(+0xf6e8)[0x563d012c06e8]
[broadwell-002:4016967] [ 4] /beegfs/home/echiavazza/unito-scpd/adaboost_mpi_v2/bin/./adaboost_mpi_v2(+0x94cb)[0x563d012ba4cb]
[broadwell-002:4016967] [ 5] /lib/x86_64-linux-gnu/libc.so.6(__libc_start_main+0xf3)[0x7f29801e4083]
[broadwell-002:4016967] [ 6] /beegfs/home/echiavazza/unito-scpd/adaboost_mpi_v2/bin/./adaboost_mpi_v2(+0x879e)[0x563d012b979e]
[broadwell-002:4016967] *** End of error message ***
[broadwell-002:4016968] [ 0] /lib/x86_64-linux-gnu/libc.so.6(+0x43090)[0x7f9d66329090]
[broadwell-002:4016968] [ 1] /beegfs/home/echiavazza/unito-scpd/adaboost_mpi_v2/bin/./adaboost_mpi_v2(+0x1b009)[0x563e6663b009]
[broadwell-002:4016968] [ 2] /beegfs/home/echiavazza/unito-scpd/adaboost_mpi_v2/bin/./adaboost_mpi_v2(+0x157f8)[0x563e666357f8]
[broadwell-002:4016968] [ 3] /beegfs/home/echiavazza/unito-scpd/adaboost_mpi_v2/bin/./adaboost_mpi_v2(+0xf6e8)[0x563e6662f6e8]
[broadwell-002:4016968] [ 4] /beegfs/home/echiavazza/unito-scpd/adaboost_mpi_v2/bin/./adaboost_mpi_v2(+0x94cb)[0x563e666294cb]
[broadwell-002:4016968] [ 5] /lib/x86_64-linux-gnu/libc.so.6(__libc_start_main+0xf3)[0x7f9d6630a083]
[broadwell-002:4016968] [ 6] /beegfs/home/echiavazza/unito-scpd/adaboost_mpi_v2/bin/./adaboost_mpi_v2(+0x879e)[0x563e6662879e]
[broadwell-002:4016968] *** End of error message ***
[broadwell-002:4016970] [ 0] /lib/x86_64-linux-gnu/libc.so.6(+0x43090)[0x7f62b3159090]
[broadwell-002:4016970] [ 1] /beegfs/home/echiavazza/unito-scpd/adaboost_mpi_v2/bin/./adaboost_mpi_v2(+0x1b009)[0x55691a8c1009]
[broadwell-002:4016970] [ 2] /beegfs/home/echiavazza/unito-scpd/adaboost_mpi_v2/bin/./adaboost_mpi_v2(+0x157f8)[0x55691a8bb7f8]
[broadwell-002:4016970] [ 3] /beegfs/home/echiavazza/unito-scpd/adaboost_mpi_v2/bin/./adaboost_mpi_v2(+0xf6e8)[0x55691a8b56e8]
[broadwell-002:4016970] [ 4] /beegfs/home/echiavazza/unito-scpd/adaboost_mpi_v2/bin/./adaboost_mpi_v2(+0x94cb)[0x55691a8af4cb]
[broadwell-002:4016970] [ 5] /lib/x86_64-linux-gnu/libc.so.6(__libc_start_main+0xf3)[0x7f62b313a083]
[broadwell-002:4016970] [ 6] /beegfs/home/echiavazza/unito-scpd/adaboost_mpi_v2/bin/./adaboost_mpi_v2(+0x879e)[0x55691a8ae79e]
[broadwell-002:4016970] *** End of error message ***
[broadwell-002:4016971] [ 5] /lib/x86_64-linux-gnu/libc.so.6(__libc_start_main+0xf3)[0x7f1d62e14083]
[broadwell-002:4016971] [ 6] /beegfs/home/echiavazza/unito-scpd/adaboost_mpi_v2/bin/./adaboost_mpi_v2(+0x879e)[0x55f6e4d4a79e]
[broadwell-002:4016971] *** End of error message ***
[broadwell-002:4016972] [ 0] /lib/x86_64-linux-gnu/libc.so.6(+0x43090)[0x7f4443e86090]
[broadwell-002:4016972] [ 1] /beegfs/home/echiavazza/unito-scpd/adaboost_mpi_v2/bin/./adaboost_mpi_v2(+0x1b009)[0x556e97d4d009]
[broadwell-002:4016972] [ 2] /beegfs/home/echiavazza/unito-scpd/adaboost_mpi_v2/bin/./adaboost_mpi_v2(+0x157f8)[0x556e97d477f8]
[broadwell-002:4016972] [ 3] /beegfs/home/echiavazza/unito-scpd/adaboost_mpi_v2/bin/./adaboost_mpi_v2(+0xf6e8)[0x556e97d416e8]
[broadwell-002:4016972] [ 4] /beegfs/home/echiavazza/unito-scpd/adaboost_mpi_v2/bin/./adaboost_mpi_v2(+0x94cb)[0x556e97d3b4cb]
[broadwell-002:4016972] [ 5] /lib/x86_64-linux-gnu/libc.so.6(__libc_start_main+0xf3)[0x7f4443e67083]
[broadwell-002:4016972] [ 6] /beegfs/home/echiavazza/unito-scpd/adaboost_mpi_v2/bin/./adaboost_mpi_v2(+0x879e)[0x556e97d3a79e]
[broadwell-002:4016972] *** End of error message ***
[broadwell-002:4016973] [ 5] /lib/x86_64-linux-gnu/libc.so.6(__libc_start_main+0xf3)[0x7fbb8aacc083]
[broadwell-002:4016973] [ 6] /beegfs/home/echiavazza/unito-scpd/adaboost_mpi_v2/bin/./adaboost_mpi_v2(+0x879e)[0x56298d27479e]
[broadwell-002:4016973] *** End of error message ***
[broadwell-002:4016974] [ 0] /lib/x86_64-linux-gnu/libc.so.6(+0x43090)[0x7fd2f9140090]
[broadwell-002:4016974] [ 1] /beegfs/home/echiavazza/unito-scpd/adaboost_mpi_v2/bin/./adaboost_mpi_v2(+0x1b009)[0x562fe332b009]
[broadwell-002:4016974] [ 2] /beegfs/home/echiavazza/unito-scpd/adaboost_mpi_v2/bin/./adaboost_mpi_v2(+0x157f8)[0x562fe33257f8]
[broadwell-002:4016974] [ 3] /beegfs/home/echiavazza/unito-scpd/adaboost_mpi_v2/bin/./adaboost_mpi_v2(+0xf6e8)[0x562fe331f6e8]
[broadwell-002:4016974] [ 4] /beegfs/home/echiavazza/unito-scpd/adaboost_mpi_v2/bin/./adaboost_mpi_v2(+0x94cb)[0x562fe33194cb]
[broadwell-002:4016974] [ 5] /lib/x86_64-linux-gnu/libc.so.6(__libc_start_main+0xf3)[0x7fd2f9121083]
[broadwell-002:4016974] [ 6] /beegfs/home/echiavazza/unito-scpd/adaboost_mpi_v2/bin/./adaboost_mpi_v2(+0x879e)[0x562fe331879e]
[broadwell-002:4016974] *** End of error message ***
[broadwell-002:4016975] [ 0] /lib/x86_64-linux-gnu/libc.so.6(+0x43090)[0x7f2306c52090]
[broadwell-002:4016975] [ 1] /beegfs/home/echiavazza/unito-scpd/adaboost_mpi_v2/bin/./adaboost_mpi_v2(+0x1b009)[0x555a684af009]
[broadwell-002:4016975] [ 2] /beegfs/home/echiavazza/unito-scpd/adaboost_mpi_v2/bin/./adaboost_mpi_v2(+0x157f8)[0x555a684a97f8]
[broadwell-002:4016975] [ 3] /beegfs/home/echiavazza/unito-scpd/adaboost_mpi_v2/bin/./adaboost_mpi_v2(+0xf6e8)[0x555a684a36e8]
[broadwell-002:4016975] [ 4] /beegfs/home/echiavazza/unito-scpd/adaboost_mpi_v2/bin/./adaboost_mpi_v2(+0x94cb)[0x555a6849d4cb]
[broadwell-002:4016975] [ 5] /lib/x86_64-linux-gnu/libc.so.6(__libc_start_main+0xf3)[0x7f2306c33083]
[broadwell-002:4016975] [ 6] /beegfs/home/echiavazza/unito-scpd/adaboost_mpi_v2/bin/./adaboost_mpi_v2(+0x879e)[0x555a6849c79e]
[broadwell-002:4016975] *** End of error message ***
[broadwell-002:4016976] [ 0] /lib/x86_64-linux-gnu/libc.so.6(+0x43090)[0x7ff2b2cef090]
[broadwell-002:4016976] [ 1] /beegfs/home/echiavazza/unito-scpd/adaboost_mpi_v2/bin/./adaboost_mpi_v2(+0x1b009)[0x56213bde0009]
[broadwell-002:4016976] [ 2] /beegfs/home/echiavazza/unito-scpd/adaboost_mpi_v2/bin/./adaboost_mpi_v2(+0x157f8)[0x56213bdda7f8]
[broadwell-002:4016976] [ 3] /beegfs/home/echiavazza/unito-scpd/adaboost_mpi_v2/bin/./adaboost_mpi_v2(+0xf6e8)[0x56213bdd46e8]
[broadwell-002:4016976] [ 4] /beegfs/home/echiavazza/unito-scpd/adaboost_mpi_v2/bin/./adaboost_mpi_v2(+0x94cb)[0x56213bdce4cb]
[broadwell-002:4016976] [ 5] /lib/x86_64-linux-gnu/libc.so.6(__libc_start_main+0xf3)[0x7ff2b2cd0083]
[broadwell-002:4016976] [ 6] /beegfs/home/echiavazza/unito-scpd/adaboost_mpi_v2/bin/./adaboost_mpi_v2(+0x879e)[0x56213bdcd79e]
[broadwell-002:4016976] *** End of error message ***
[broadwell-002:4016977] [ 0] /lib/x86_64-linux-gnu/libc.so.6(+0x43090)[0x7f13b9182090]
[broadwell-002:4016977] [ 1] /beegfs/home/echiavazza/unito-scpd/adaboost_mpi_v2/bin/./adaboost_mpi_v2(+0x1b009)[0x561ae84ab009]
[broadwell-002:4016977] [ 2] /beegfs/home/echiavazza/unito-scpd/adaboost_mpi_v2/bin/./adaboost_mpi_v2(+0x157f8)[0x561ae84a57f8]
[broadwell-002:4016977] [ 3] /beegfs/home/echiavazza/unito-scpd/adaboost_mpi_v2/bin/./adaboost_mpi_v2(+0xf6e8)[0x561ae849f6e8]
[broadwell-002:4016977] [ 4] /beegfs/home/echiavazza/unito-scpd/adaboost_mpi_v2/bin/./adaboost_mpi_v2(+0x94cb)[0x561ae84994cb]
[broadwell-002:4016977] [ 5] /lib/x86_64-linux-gnu/libc.so.6(__libc_start_main+0xf3)[0x7f13b9163083]
[broadwell-002:4016977] [ 6] /beegfs/home/echiavazza/unito-scpd/adaboost_mpi_v2/bin/./adaboost_mpi_v2(+0x879e)[0x561ae849879e]
[broadwell-002:4016977] *** End of error message ***
[broadwell-002:4016981] [ 0] /lib/x86_64-linux-gnu/libc.so.6(+0x43090)[0x7f63bd500090]
[broadwell-002:4016981] [ 1] /beegfs/home/echiavazza/unito-scpd/adaboost_mpi_v2/bin/./adaboost_mpi_v2(+0x1b009)[0x5593ac8e2009]
[broadwell-002:4016981] [ 2] /beegfs/home/echiavazza/unito-scpd/adaboost_mpi_v2/bin/./adaboost_mpi_v2(+0x157f8)[0x5593ac8dc7f8]
[broadwell-002:4016981] [ 3] /beegfs/home/echiavazza/unito-scpd/adaboost_mpi_v2/bin/./adaboost_mpi_v2(+0xf6e8)[0x5593ac8d66e8]
[broadwell-002:4016981] [ 4] /beegfs/home/echiavazza/unito-scpd/adaboost_mpi_v2/bin/./adaboost_mpi_v2(+0x94cb)[0x5593ac8d04cb]
[broadwell-002:4016981] [ 5] /lib/x86_64-linux-gnu/libc.so.6(__libc_start_main+0xf3)[0x7f63bd4e1083]
[broadwell-002:4016981] [ 6] /beegfs/home/echiavazza/unito-scpd/adaboost_mpi_v2/bin/./adaboost_mpi_v2(+0x879e)[0x5593ac8cf79e]
[broadwell-002:4016981] *** End of error message ***
[broadwell-002:4016983] [ 0] /lib/x86_64-linux-gnu/libc.so.6(+0x43090)[0x7eff38f1f090]
[broadwell-002:4016983] [ 1] /beegfs/home/echiavazza/unito-scpd/adaboost_mpi_v2/bin/./adaboost_mpi_v2(+0x1b009)[0x55859e1fb009]
[broadwell-002:4016983] [ 2] /beegfs/home/echiavazza/unito-scpd/adaboost_mpi_v2/bin/./adaboost_mpi_v2(+0x157f8)[0x55859e1f57f8]
[broadwell-002:4016983] [ 3] /beegfs/home/echiavazza/unito-scpd/adaboost_mpi_v2/bin/./adaboost_mpi_v2(+0xf6e8)[0x55859e1ef6e8]
[broadwell-002:4016983] [ 4] /beegfs/home/echiavazza/unito-scpd/adaboost_mpi_v2/bin/./adaboost_mpi_v2(+0x94cb)[0x55859e1e94cb]
[broadwell-002:4016983] [ 5] /lib/x86_64-linux-gnu/libc.so.6(__libc_start_main+0xf3)[0x7eff38f00083]
[broadwell-002:4016983] [ 6] /beegfs/home/echiavazza/unito-scpd/adaboost_mpi_v2/bin/./adaboost_mpi_v2(+0x879e)[0x55859e1e879e]
[broadwell-002:4016983] *** End of error message ***
[broadwell-002:4016984] [ 0] /lib/x86_64-linux-gnu/libc.so.6(+0x43090)[0x7fcdadd7f090]
[broadwell-002:4016984] [ 1] /beegfs/home/echiavazza/unito-scpd/adaboost_mpi_v2/bin/./adaboost_mpi_v2(+0x1b009)[0x55eb72ba7009]
[broadwell-002:4016984] [ 2] /beegfs/home/echiavazza/unito-scpd/adaboost_mpi_v2/bin/./adaboost_mpi_v2(+0x157f8)[0x55eb72ba17f8]
[broadwell-002:4016984] [ 3] /beegfs/home/echiavazza/unito-scpd/adaboost_mpi_v2/bin/./adaboost_mpi_v2(+0xf6e8)[0x55eb72b9b6e8]
[broadwell-002:4016984] [ 4] /beegfs/home/echiavazza/unito-scpd/adaboost_mpi_v2/bin/./adaboost_mpi_v2(+0x94cb)[0x55eb72b954cb]
[broadwell-002:4016984] [ 5] /lib/x86_64-linux-gnu/libc.so.6(__libc_start_main+0xf3)[0x7fcdadd60083]
[broadwell-002:4016984] [ 6] /beegfs/home/echiavazza/unito-scpd/adaboost_mpi_v2/bin/./adaboost_mpi_v2(+0x879e)[0x55eb72b9479e]
[broadwell-002:4016984] *** End of error message ***
[broadwell-002:4016986] [ 0] /lib/x86_64-linux-gnu/libc.so.6(+0x43090)[0x7f052b808090]
[broadwell-002:4016986] [ 1] /beegfs/home/echiavazza/unito-scpd/adaboost_mpi_v2/bin/./adaboost_mpi_v2(+0x1b009)[0x5591e6e8d009]
[broadwell-002:4016986] [ 2] /beegfs/home/echiavazza/unito-scpd/adaboost_mpi_v2/bin/./adaboost_mpi_v2(+0x157f8)[0x5591e6e877f8]
[broadwell-002:4016986] [ 3] /beegfs/home/echiavazza/unito-scpd/adaboost_mpi_v2/bin/./adaboost_mpi_v2(+0xf6e8)[0x5591e6e816e8]
[broadwell-002:4016986] [ 4] /beegfs/home/echiavazza/unito-scpd/adaboost_mpi_v2/bin/./adaboost_mpi_v2(+0x94cb)[0x5591e6e7b4cb]
[broadwell-002:4016986] [ 5] /lib/x86_64-linux-gnu/libc.so.6(__libc_start_main+0xf3)[0x7f052b7e9083]
[broadwell-002:4016986] [ 6] /beegfs/home/echiavazza/unito-scpd/adaboost_mpi_v2/bin/./adaboost_mpi_v2(+0x879e)[0x5591e6e7a79e]
[broadwell-002:4016986] *** End of error message ***
[broadwell-002:4016987] [ 0] /lib/x86_64-linux-gnu/libc.so.6(+0x43090)[0x7fd8ef7b2090]
[broadwell-002:4016987] [ 1] /beegfs/home/echiavazza/unito-scpd/adaboost_mpi_v2/bin/./adaboost_mpi_v2(+0x1b009)[0x557d9938f009]
[broadwell-002:4016987] [ 2] /beegfs/home/echiavazza/unito-scpd/adaboost_mpi_v2/bin/./adaboost_mpi_v2(+0x157f8)[0x557d993897f8]
[broadwell-002:4016987] [ 3] /beegfs/home/echiavazza/unito-scpd/adaboost_mpi_v2/bin/./adaboost_mpi_v2(+0xf6e8)[0x557d993836e8]
[broadwell-002:4016987] [ 4] /beegfs/home/echiavazza/unito-scpd/adaboost_mpi_v2/bin/./adaboost_mpi_v2(+0x94cb)[0x557d9937d4cb]
[broadwell-002:4016987] [ 5] /lib/x86_64-linux-gnu/libc.so.6(__libc_start_main+0xf3)[0x7fd8ef793083]
[broadwell-002:4016987] [ 6] /beegfs/home/echiavazza/unito-scpd/adaboost_mpi_v2/bin/./adaboost_mpi_v2(+0x879e)[0x557d9937c79e]
[broadwell-002:4016987] *** End of error message ***
[broadwell-002:4016988] [ 0] /lib/x86_64-linux-gnu/libc.so.6(+0x43090)[0x7ffa7c471090]
[broadwell-002:4016988] [ 1] /beegfs/home/echiavazza/unito-scpd/adaboost_mpi_v2/bin/./adaboost_mpi_v2(+0x1b009)[0x563188177009]
[broadwell-002:4016988] [ 2] /beegfs/home/echiavazza/unito-scpd/adaboost_mpi_v2/bin/./adaboost_mpi_v2(+0x157f8)[0x5631881717f8]
[broadwell-002:4016988] [ 3] /beegfs/home/echiavazza/unito-scpd/adaboost_mpi_v2/bin/./adaboost_mpi_v2(+0xf6e8)[0x56318816b6e8]
[broadwell-002:4016988] [ 4] /beegfs/home/echiavazza/unito-scpd/adaboost_mpi_v2/bin/./adaboost_mpi_v2(+0x94cb)[0x5631881654cb]
[broadwell-002:4016988] [ 5] /lib/x86_64-linux-gnu/libc.so.6(__libc_start_main+0xf3)[0x7ffa7c452083]
[broadwell-002:4016988] [ 6] /beegfs/home/echiavazza/unito-scpd/adaboost_mpi_v2/bin/./adaboost_mpi_v2(+0x879e)[0x56318816479e]
[broadwell-002:4016988] *** End of error message ***
[broadwell-002:4016990] [ 0] /lib/x86_64-linux-gnu/libc.so.6(+0x43090)[0x7f6d5047d090]
[broadwell-002:4016990] [ 1] /beegfs/home/echiavazza/unito-scpd/adaboost_mpi_v2/bin/./adaboost_mpi_v2(+0x1b009)[0x564244d11009]
[broadwell-002:4016990] [ 2] /beegfs/home/echiavazza/unito-scpd/adaboost_mpi_v2/bin/./adaboost_mpi_v2(+0x157f8)[0x564244d0b7f8]
[broadwell-002:4016990] [ 3] /beegfs/home/echiavazza/unito-scpd/adaboost_mpi_v2/bin/./adaboost_mpi_v2(+0xf6e8)[0x564244d056e8]
[broadwell-002:4016990] [ 4] /beegfs/home/echiavazza/unito-scpd/adaboost_mpi_v2/bin/./adaboost_mpi_v2(+0x94cb)[0x564244cff4cb]
[broadwell-002:4016990] [ 5] /lib/x86_64-linux-gnu/libc.so.6(__libc_start_main+0xf3)[0x7f6d5045e083]
[broadwell-002:4016990] [ 6] /beegfs/home/echiavazza/unito-scpd/adaboost_mpi_v2/bin/./adaboost_mpi_v2(+0x879e)[0x564244cfe79e]
[broadwell-002:4016990] *** End of error message ***
[broadwell-002:4016991] [ 0] /lib/x86_64-linux-gnu/libc.so.6(+0x43090)[0x7ff451a62090]
[broadwell-002:4016991] [ 1] /beegfs/home/echiavazza/unito-scpd/adaboost_mpi_v2/bin/./adaboost_mpi_v2(+0x1b009)[0x563242b75009]
[broadwell-002:4016991] [ 2] /beegfs/home/echiavazza/unito-scpd/adaboost_mpi_v2/bin/./adaboost_mpi_v2(+0x157f8)[0x563242b6f7f8]
[broadwell-002:4016991] [ 3] /beegfs/home/echiavazza/unito-scpd/adaboost_mpi_v2/bin/./adaboost_mpi_v2(+0xf6e8)[0x563242b696e8]
[broadwell-002:4016991] [ 4] /beegfs/home/echiavazza/unito-scpd/adaboost_mpi_v2/bin/./adaboost_mpi_v2(+0x94cb)[0x563242b634cb]
[broadwell-002:4016991] [ 5] /lib/x86_64-linux-gnu/libc.so.6(__libc_start_main+0xf3)[0x7ff451a43083]
[broadwell-002:4016991] [ 6] /beegfs/home/echiavazza/unito-scpd/adaboost_mpi_v2/bin/./adaboost_mpi_v2(+0x879e)[0x563242b6279e]
[broadwell-002:4016991] *** End of error message ***
[broadwell-002:4016992] [ 0] /lib/x86_64-linux-gnu/libc.so.6(+0x43090)[0x7fa28a9fc090]
[broadwell-002:4016992] [ 1] /beegfs/home/echiavazza/unito-scpd/adaboost_mpi_v2/bin/./adaboost_mpi_v2(+0x1b009)[0x55bc2fc43009]
[broadwell-002:4016992] [ 2] /beegfs/home/echiavazza/unito-scpd/adaboost_mpi_v2/bin/./adaboost_mpi_v2(+0x157f8)[0x55bc2fc3d7f8]
[broadwell-002:4016992] [ 3] /beegfs/home/echiavazza/unito-scpd/adaboost_mpi_v2/bin/./adaboost_mpi_v2(+0xf6e8)[0x55bc2fc376e8]
[broadwell-002:4016992] [ 4] /beegfs/home/echiavazza/unito-scpd/adaboost_mpi_v2/bin/./adaboost_mpi_v2(+0x94cb)[0x55bc2fc314cb]
[broadwell-002:4016992] [ 5] /lib/x86_64-linux-gnu/libc.so.6(__libc_start_main+0xf3)[0x7fa28a9dd083]
[broadwell-002:4016992] [ 6] /beegfs/home/echiavazza/unito-scpd/adaboost_mpi_v2/bin/./adaboost_mpi_v2(+0x879e)[0x55bc2fc3079e]
[broadwell-002:4016992] *** End of error message ***
[broadwell-002:4016996] [ 0] /lib/x86_64-linux-gnu/libc.so.6(+0x43090)[0x7f068b5e2090]
[broadwell-002:4016996] [ 1] /beegfs/home/echiavazza/unito-scpd/adaboost_mpi_v2/bin/./adaboost_mpi_v2(+0x1b009)[0x559bcc530009]
[broadwell-002:4016996] [ 2] /beegfs/home/echiavazza/unito-scpd/adaboost_mpi_v2/bin/./adaboost_mpi_v2(+0x157f8)[0x559bcc52a7f8]
[broadwell-002:4016996] [ 3] /beegfs/home/echiavazza/unito-scpd/adaboost_mpi_v2/bin/./adaboost_mpi_v2(+0xf6e8)[0x559bcc5246e8]
[broadwell-002:4016996] [ 4] /beegfs/home/echiavazza/unito-scpd/adaboost_mpi_v2/bin/./adaboost_mpi_v2(+0x94cb)[0x559bcc51e4cb]
[broadwell-002:4016996] [ 5] /lib/x86_64-linux-gnu/libc.so.6(__libc_start_main+0xf3)[0x7f068b5c3083]
[broadwell-002:4016996] [ 6] /beegfs/home/echiavazza/unito-scpd/adaboost_mpi_v2/bin/./adaboost_mpi_v2(+0x879e)[0x559bcc51d79e]
[broadwell-002:4016996] *** End of error message ***
[broadwell-002:4016997] [ 0] /lib/x86_64-linux-gnu/libc.so.6(+0x43090)[0x7f5234635090]
[broadwell-002:4016997] [ 1] /beegfs/home/echiavazza/unito-scpd/adaboost_mpi_v2/bin/./adaboost_mpi_v2(+0x1b009)[0x559931da0009]
[broadwell-002:4016997] [ 2] /beegfs/home/echiavazza/unito-scpd/adaboost_mpi_v2/bin/./adaboost_mpi_v2(+0x157f8)[0x559931d9a7f8]
[broadwell-002:4016997] [ 3] /beegfs/home/echiavazza/unito-scpd/adaboost_mpi_v2/bin/./adaboost_mpi_v2(+0xf6e8)[0x559931d946e8]
[broadwell-002:4016997] [ 4] /beegfs/home/echiavazza/unito-scpd/adaboost_mpi_v2/bin/./adaboost_mpi_v2(+0x94cb)[0x559931d8e4cb]
[broadwell-002:4016997] [ 5] /lib/x86_64-linux-gnu/libc.so.6(__libc_start_main+0xf3)[0x7f5234616083]
[broadwell-002:4016997] [ 6] /beegfs/home/echiavazza/unito-scpd/adaboost_mpi_v2/bin/./adaboost_mpi_v2(+0x879e)[0x559931d8d79e]
[broadwell-002:4016997] *** End of error message ***
[broadwell-002:4016999] [ 0] /lib/x86_64-linux-gnu/libc.so.6(+0x43090)[0x7f2dad2fc090]
[broadwell-002:4016999] [ 1] /beegfs/home/echiavazza/unito-scpd/adaboost_mpi_v2/bin/./adaboost_mpi_v2(+0x1b009)[0x561ba6518009]
[broadwell-002:4016999] [ 2] /beegfs/home/echiavazza/unito-scpd/adaboost_mpi_v2/bin/./adaboost_mpi_v2(+0x157f8)[0x561ba65127f8]
[broadwell-002:4016999] [ 3] /beegfs/home/echiavazza/unito-scpd/adaboost_mpi_v2/bin/./adaboost_mpi_v2(+0xf6e8)[0x561ba650c6e8]
[broadwell-002:4016999] [ 4] /beegfs/home/echiavazza/unito-scpd/adaboost_mpi_v2/bin/./adaboost_mpi_v2(+0x94cb)[0x561ba65064cb]
[broadwell-002:4016999] [ 5] /lib/x86_64-linux-gnu/libc.so.6(__libc_start_main+0xf3)[0x7f2dad2dd083]
[broadwell-002:4016999] [ 6] /beegfs/home/echiavazza/unito-scpd/adaboost_mpi_v2/bin/./adaboost_mpi_v2(+0x879e)[0x561ba650579e]
[broadwell-002:4016999] *** End of error message ***
[broadwell-002:4017000] [ 0] /lib/x86_64-linux-gnu/libc.so.6(+0x43090)[0x7f2ddb130090]
[broadwell-002:4017000] [ 1] /beegfs/home/echiavazza/unito-scpd/adaboost_mpi_v2/bin/./adaboost_mpi_v2(+0x1b009)[0x560e31455009]
[broadwell-002:4017000] [ 2] /beegfs/home/echiavazza/unito-scpd/adaboost_mpi_v2/bin/./adaboost_mpi_v2(+0x157f8)[0x560e3144f7f8]
[broadwell-002:4017000] [ 3] /beegfs/home/echiavazza/unito-scpd/adaboost_mpi_v2/bin/./adaboost_mpi_v2(+0xf6e8)[0x560e314496e8]
[broadwell-002:4017000] [ 4] /beegfs/home/echiavazza/unito-scpd/adaboost_mpi_v2/bin/./adaboost_mpi_v2(+0x94cb)[0x560e314434cb]
[broadwell-002:4017000] [ 5] /lib/x86_64-linux-gnu/libc.so.6(__libc_start_main+0xf3)[0x7f2ddb111083]
[broadwell-002:4017000] [ 6] /beegfs/home/echiavazza/unito-scpd/adaboost_mpi_v2/bin/./adaboost_mpi_v2(+0x879e)[0x560e3144279e]
[broadwell-002:4017000] *** End of error message ***
[broadwell-002:4016966] [ 0] /lib/x86_64-linux-gnu/libc.so.6(+0x43090)[0x7f89e2294090]
[broadwell-002:4016966] [ 1] /beegfs/home/echiavazza/unito-scpd/adaboost_mpi_v2/bin/./adaboost_mpi_v2(+0x1b009)[0x55fd7b799009]
[broadwell-002:4016966] [ 2] /beegfs/home/echiavazza/unito-scpd/adaboost_mpi_v2/bin/./adaboost_mpi_v2(+0x157f8)[0x55fd7b7937f8]
[broadwell-002:4016966] [ 3] /beegfs/home/echiavazza/unito-scpd/adaboost_mpi_v2/bin/./adaboost_mpi_v2(+0xf6e8)[0x55fd7b78d6e8]
[broadwell-002:4016966] [ 4] /beegfs/home/echiavazza/unito-scpd/adaboost_mpi_v2/bin/./adaboost_mpi_v2(+0x94cb)[0x55fd7b7874cb]
[broadwell-002:4016966] [ 5] /lib/x86_64-linux-gnu/libc.so.6(__libc_start_main+0xf3)[0x7f89e2275083]
[broadwell-002:4016966] [ 6] /beegfs/home/echiavazza/unito-scpd/adaboost_mpi_v2/bin/./adaboost_mpi_v2(+0x879e)[0x55fd7b78679e]
[broadwell-002:4016966] *** End of error message ***
srun: Received task exit notification for 26 tasks of StepId=168710.0 (status=0x000b).
srun: error: broadwell-002: tasks 0-11,14-15,17-18,20-22,24-26,30-31,33-34: Segmentation fault
srun: Received task exit notification for 5 tasks of StepId=168710.0 (status=0x008b).
srun: error: broadwell-002: tasks 12,16,28,32,35: Segmentation fault (core dumped)
srun: Received task exit notification for 5 tasks of StepId=168710.0 (status=0x008b).
srun: error: broadwell-002: tasks 13,19,23,27,29: Segmentation fault (core dumped)
