make: Warning: File 'Makefile' has modification time 0.074 s in the future
/beegfs/home/echiavazza/unito-scpd/adaboost_mpi_v2/src/communication_lib/libcomm.cpp:337:1: fatal error: opening dependency file CMakeFiles/adaboost_mpi_v2.dir/src/communication_lib/libcomm.cpp.o.d: No such file or directory
  337 | }
      | ^
compilation terminated.
make[2]: *** [CMakeFiles/adaboost_mpi_v2.dir/build.make:104: CMakeFiles/adaboost_mpi_v2.dir/src/communication_lib/libcomm.cpp.o] Error 1
make[1]: *** [CMakeFiles/Makefile2:140: CMakeFiles/adaboost_mpi_v2.dir/all] Error 2
make: *** [Makefile:91: all] Error 2
srun: defined options
srun: -------------------- --------------------
srun: (null)              : broadwell-002
srun: jobid               : 168705
srun: job-name            : submit.sh
srun: mpi                 : pmix
srun: nodes               : 1
srun: ntasks              : 36
srun: ntasks-per-node     : 36
srun: verbose             : 1
srun: -------------------- --------------------
srun: end of defined options
srun: jobid 168705: nodes(1):`broadwell-002', cpu counts: 36(x1)
srun: CpuBindType=(null type)
srun: launching StepId=168705.0 on host broadwell-002, 36 tasks: [0-35]
srun: topology/default: init: topology Default plugin loaded
srun: Node broadwell-002, 36 tasks started
srun: Complete StepId=168705.0 received
srun: Job step aborted: Waiting up to 32 seconds for job step to finish.
slurmstepd: error: *** STEP 168705.0 ON broadwell-002 CANCELLED AT 2025-04-03T22:56:22 ***
slurmstepd: error: *** JOB 168705 ON broadwell-002 CANCELLED AT 2025-04-03T22:56:22 ***
