-- The C compiler identification is GNU 9.4.0
-- The CXX compiler identification is GNU 9.4.0
-- Detecting C compiler ABI info
-- Detecting C compiler ABI info - done
-- Check for working C compiler: /usr/bin/cc - skipped
-- Detecting C compile features
-- Detecting C compile features - done
-- Detecting CXX compiler ABI info
-- Detecting CXX compiler ABI info - done
-- Check for working CXX compiler: /usr/bin/c++ - skipped
-- Detecting CXX compile features
-- Detecting CXX compile features - done
-- Found MPI_C: /beegfs/home/echiavazza/spack/opt/spack/linux-ubuntu20.04-cascadelake/gcc-9.4.0/openmpi-5.0.3-ocjjgvvgpy4ulxfz3damtdseryljeeuh/lib/libmpi.so (found version "3.1") 
-- Found MPI_CXX: /beegfs/home/echiavazza/spack/opt/spack/linux-ubuntu20.04-cascadelake/gcc-9.4.0/openmpi-5.0.3-ocjjgvvgpy4ulxfz3damtdseryljeeuh/lib/libmpi.so (found version "3.1") 
-- Found MPI: TRUE (found version "3.1")  
-- Found PkgConfig: /usr/bin/pkg-config (found version "0.29.1") 
-- Checking for module 'mlpack'
--   Found mlpack, version 4.2.0
-- Configuring done (6.7s)
-- Generating done (0.1s)
-- Build files have been written to: /beegfs/home/echiavazza/unito-scpd/adaboost_mpi_v2/build
[ 25%] Building CXX object CMakeFiles/data_lib.dir/src/data_lib/datalib.cpp.o
[ 25%] Building CXX object CMakeFiles/communication_lib.dir/src/communication_lib/libcomm.cpp.o
[ 37%] Linking CXX static library /beegfs/home/echiavazza/unito-scpd/adaboost_mpi_v2/obj/libcommunication_lib.a
[ 50%] Linking CXX static library /beegfs/home/echiavazza/unito-scpd/adaboost_mpi_v2/obj/libdata_lib.a
[ 50%] Built target communication_lib
[ 50%] Built target data_lib
[ 87%] Building CXX object CMakeFiles/adaboost_mpi_v2.dir/src/data_lib/datalib.cpp.o
[ 87%] Building CXX object CMakeFiles/adaboost_mpi_v2.dir/src/main.cpp.o
[ 87%] Building CXX object CMakeFiles/adaboost_mpi_v2.dir/src/communication_lib/libcomm.cpp.o
[100%] Linking CXX executable /beegfs/home/echiavazza/unito-scpd/adaboost_mpi_v2/bin/adaboost_mpi_v2
[100%] Built target adaboost_mpi_v2
Loading training data...
inflated data start
inflated data end
send start
MASTER: Calculates the accuracy of the ensamble and its trees 
Ensabmle learning size = 0
Accuracy Ensabmle = 0 for the test dataset  in 5 epochs
Accuracy Ensabmle = 0 for the train dataset  in 5 epochs
Risultati scritti con successo nel file: ../res/risultati_adaboost-mpi-v2_w4.txt per il valore 5
MASTER: Calculates the accuracy of the ensamble and its trees 
Ensabmle learning size = 0
Accuracy Ensabmle = 0 for the test dataset  in 10 epochs
Accuracy Ensabmle = 0 for the train dataset  in 10 epochs
Risultati scritti con successo nel file: ../res/risultati_adaboost-mpi-v2_w4.txt per il valore 10
MASTER: Calculates the accuracy of the ensamble and its trees 
Ensabmle learning size = 0
Accuracy Ensabmle = 0 for the test dataset  in 20 epochs
Accuracy Ensabmle = 0 for the train dataset  in 20 epochs
Risultati scritti con successo nel file: ../res/risultati_adaboost-mpi-v2_w4.txt per il valore 20
MASTER: Calculates the accuracy of the ensamble and its trees 
Ensabmle learning size = 0
Accuracy Ensabmle = 0 for the test dataset  in 30 epochs
Accuracy Ensabmle = 0 for the train dataset  in 30 epochs
Risultati scritti con successo nel file: ../res/risultati_adaboost-mpi-v2_w4.txt per il valore 30
MASTER: Calculates the accuracy of the ensamble and its trees 
Ensabmle learning size = 0
Accuracy Ensabmle = 0 for the test dataset  in 40 epochs
Accuracy Ensabmle = 0 for the train dataset  in 40 epochs
Risultati scritti con successo nel file: ../res/risultati_adaboost-mpi-v2_w4.txt per il valore 40
MASTER: Calculates the accuracy of the ensamble and its trees 
Ensabmle learning size = 0
Accuracy Ensabmle = 0 for the test dataset  in 50 epochs
Accuracy Ensabmle = 0 for the train dataset  in 50 epochs
Risultati scritti con successo nel file: ../res/risultati_adaboost-mpi-v2_w4.txt per il valore 50
MASTER: Calculates the accuracy of the ensamble and its trees 
Ensabmle learning size = 0
Accuracy Ensabmle = 0 for the test dataset  in 100 epochs
Accuracy Ensabmle = 0 for the train dataset  in 100 epochs
Risultati scritti con successo nel file: ../res/risultati_adaboost-mpi-v2_w4.txt per il valore 100
