make: Warning: File 'Makefile' has modification time 1.3 s in the future
make[1]: Warning: File 'CMakeFiles/Makefile2' has modification time 1.1 s in the future
make[2]: Warning: File 'CMakeFiles/communication_lib.dir/build.make' has modification time 0.065 s in the future
make[2]: Warning: File 'CMakeFiles/data_lib.dir/build.make' has modification time 0.065 s in the future
make[2]: warning:  Clock skew detected.  Your build may be incomplete.
make[2]: warning:  Clock skew detected.  Your build may be incomplete.
make[2]: Warning: File 'CMakeFiles/data_lib.dir/progress.make' has modification time 0.94 s in the future
make[2]: Warning: File 'CMakeFiles/communication_lib.dir/progress.make' has modification time 0.94 s in the future
make[2]: warning:  Clock skew detected.  Your build may be incomplete.
make[2]: warning:  Clock skew detected.  Your build may be incomplete.
make[2]: Warning: File '/beegfs/home/echiavazza/unito-scpd/adaboost_mpi_v2/obj/libdata_lib.a' has modification time 0.35 s in the future
make[2]: warning:  Clock skew detected.  Your build may be incomplete.
make[1]: warning:  Clock skew detected.  Your build may be incomplete.
make: warning:  Clock skew detected.  Your build may be incomplete.
srun: defined options
srun: -------------------- --------------------
srun: (null)              : broadwell-[066-067]
srun: jobid               : 171028
srun: job-name            : submit.sh
srun: mpi                 : pmix
srun: nodes               : 2
srun: ntasks              : 72
srun: ntasks-per-node     : 36
srun: verbose             : 1
srun: -------------------- --------------------
srun: end of defined options
srun: jobid 171028: nodes(2):`broadwell-[066-067]', cpu counts: 36(x2)
srun: CpuBindType=(null type)
srun: launching StepId=171028.0 on host broadwell-066, 36 tasks: [0-35]
srun: launching StepId=171028.0 on host broadwell-067, 36 tasks: [36-71]
srun: topology/default: init: topology Default plugin loaded
srun: Node broadwell-066, 36 tasks started
srun: Node broadwell-067, 36 tasks started
srun: Received task exit notification for 36 tasks of StepId=171028.0 (status=0x0000).
srun: broadwell-067: tasks 36-71: Completed
srun: Received task exit notification for 36 tasks of StepId=171028.0 (status=0x0000).
srun: broadwell-066: tasks 0-35: Completed
