make: Warning: File 'Makefile' has modification time 2.2 s in the future
make[1]: Warning: File 'CMakeFiles/Makefile2' has modification time 2 s in the future
make[2]: Warning: File 'CMakeFiles/communication_lib.dir/build.make' has modification time 2 s in the future
make[2]: Warning: File 'CMakeFiles/data_lib.dir/build.make' has modification time 2 s in the future
make[2]: warning:  Clock skew detected.  Your build may be incomplete.
make[2]: warning:  Clock skew detected.  Your build may be incomplete.
make[2]: Warning: File 'CMakeFiles/data_lib.dir/build.make' has modification time 1.9 s in the future
make[2]: Warning: File 'CMakeFiles/communication_lib.dir/build.make' has modification time 1.9 s in the future
make[2]: warning:  Clock skew detected.  Your build may be incomplete.
make[2]: warning:  Clock skew detected.  Your build may be incomplete.
make[2]: Warning: File '/beegfs/home/echiavazza/unito-scpd/adaboost_mpi_v2/obj/libdata_lib.a' has modification time 1.8 s in the future
make[2]: warning:  Clock skew detected.  Your build may be incomplete.
make[1]: warning:  Clock skew detected.  Your build may be incomplete.
make: warning:  Clock skew detected.  Your build may be incomplete.
srun: defined options
srun: -------------------- --------------------
srun: (null)              : broadwell-[023-029]
srun: jobid               : 171033
srun: job-name            : submit.sh
srun: mpi                 : pmix
srun: nodes               : 7
srun: ntasks              : 252
srun: ntasks-per-node     : 36
srun: verbose             : 1
srun: -------------------- --------------------
srun: end of defined options
srun: jobid 171033: nodes(7):`broadwell-[023-029]', cpu counts: 36(x7)
srun: CpuBindType=(null type)
srun: launching StepId=171033.0 on host broadwell-023, 36 tasks: [0-35]
srun: launching StepId=171033.0 on host broadwell-024, 36 tasks: [36-71]
srun: launching StepId=171033.0 on host broadwell-025, 36 tasks: [72-107]
srun: launching StepId=171033.0 on host broadwell-026, 36 tasks: [108-143]
srun: launching StepId=171033.0 on host broadwell-027, 36 tasks: [144-179]
srun: launching StepId=171033.0 on host broadwell-028, 36 tasks: [180-215]
srun: launching StepId=171033.0 on host broadwell-029, 36 tasks: [216-251]
srun: topology/default: init: topology Default plugin loaded
srun: Node broadwell-025, 36 tasks started
srun: Node broadwell-024, 36 tasks started
srun: Node broadwell-023, 36 tasks started
srun: Node broadwell-028, 36 tasks started
srun: Node broadwell-027, 36 tasks started
srun: Node broadwell-029, 36 tasks started
srun: Node broadwell-026, 36 tasks started
srun: Received task exit notification for 28 tasks of StepId=171033.0 (status=0x0000).
srun: broadwell-026: tasks 108-111,117,119-121,123-129,131-143: Completed
srun: Received task exit notification for 36 tasks of StepId=171033.0 (status=0x0000).
srun: broadwell-028: tasks 180-215: Completed
srun: Received task exit notification for 36 tasks of StepId=171033.0 (status=0x0000).
srun: broadwell-024: tasks 36-71: Completed
srun: Received task exit notification for 36 tasks of StepId=171033.0 (status=0x0000).
srun: broadwell-025: tasks 72-107: Completed
srun: Received task exit notification for 36 tasks of StepId=171033.0 (status=0x0000).
srun: broadwell-027: tasks 144-179: Completed
srun: Received task exit notification for 36 tasks of StepId=171033.0 (status=0x0000).
srun: broadwell-029: tasks 216-251: Completed
srun: Received task exit notification for 8 tasks of StepId=171033.0 (status=0x0000).
srun: broadwell-026: tasks 112-116,118,122,130: Completed
srun: Received task exit notification for 36 tasks of StepId=171033.0 (status=0x0000).
srun: broadwell-023: tasks 0-35: Completed
