make: Warning: File 'Makefile' has modification time 1.4 s in the future
make[1]: Warning: File 'CMakeFiles/Makefile2' has modification time 2.1 s in the future
make[2]: Warning: File 'CMakeFiles/communication_lib.dir/build.make' has modification time 1.1 s in the future
make[2]: Warning: File 'CMakeFiles/data_lib.dir/build.make' has modification time 1.1 s in the future
make[2]: warning:  Clock skew detected.  Your build may be incomplete.
make[2]: warning:  Clock skew detected.  Your build may be incomplete.
make[2]: Warning: File 'CMakeFiles/communication_lib.dir/build.make' has modification time 1 s in the future
make[2]: Warning: File 'CMakeFiles/data_lib.dir/build.make' has modification time 1 s in the future
make[2]: warning:  Clock skew detected.  Your build may be incomplete.
make[2]: warning:  Clock skew detected.  Your build may be incomplete.
make[2]: Warning: File '/beegfs/home/echiavazza/unito-scpd/adaboost_mpi_v2/obj/libdata_lib.a' has modification time 1.8 s in the future
make[2]: warning:  Clock skew detected.  Your build may be incomplete.
make[1]: warning:  Clock skew detected.  Your build may be incomplete.
make: warning:  Clock skew detected.  Your build may be incomplete.
srun: defined options
srun: -------------------- --------------------
srun: (null)              : broadwell-[012-018]
srun: jobid               : 171026
srun: job-name            : submit.sh
srun: mpi                 : pmix
srun: nodes               : 7
srun: ntasks              : 252
srun: ntasks-per-node     : 36
srun: verbose             : 1
srun: -------------------- --------------------
srun: end of defined options
srun: jobid 171026: nodes(7):`broadwell-[012-018]', cpu counts: 36(x7)
srun: CpuBindType=(null type)
srun: launching StepId=171026.0 on host broadwell-012, 36 tasks: [0-35]
srun: launching StepId=171026.0 on host broadwell-013, 36 tasks: [36-71]
srun: launching StepId=171026.0 on host broadwell-014, 36 tasks: [72-107]
srun: launching StepId=171026.0 on host broadwell-015, 36 tasks: [108-143]
srun: launching StepId=171026.0 on host broadwell-016, 36 tasks: [144-179]
srun: launching StepId=171026.0 on host broadwell-017, 36 tasks: [180-215]
srun: launching StepId=171026.0 on host broadwell-018, 36 tasks: [216-251]
srun: topology/default: init: topology Default plugin loaded
srun: Node broadwell-012, 36 tasks started
srun: Node broadwell-016, 36 tasks started
srun: Node broadwell-017, 36 tasks started
srun: Node broadwell-015, 36 tasks started
srun: Node broadwell-013, 36 tasks started
srun: Node broadwell-018, 36 tasks started
srun: Node broadwell-014, 36 tasks started
srun: Received task exit notification for 36 tasks of StepId=171026.0 (status=0x0000).
srun: broadwell-018: tasks 216-251: Completed
srun: Received task exit notification for 36 tasks of StepId=171026.0 (status=0x0000).
srun: broadwell-015: tasks 108-143: Completed
srun: Received task exit notification for 36 tasks of StepId=171026.0 (status=0x0000).
srun: broadwell-013: tasks 36-71: Completed
srun: Received task exit notification for 36 tasks of StepId=171026.0 (status=0x0000).
srun: broadwell-014: tasks 72-107: Completed
srun: Received task exit notification for 36 tasks of StepId=171026.0 (status=0x0000).
srun: broadwell-017: tasks 180-215: Completed
srun: Received task exit notification for 36 tasks of StepId=171026.0 (status=0x0000).
srun: broadwell-016: tasks 144-179: Completed
srun: Received task exit notification for 36 tasks of StepId=171026.0 (status=0x0000).
srun: broadwell-012: tasks 0-35: Completed
