-- The C compiler identification is GNU 9.4.0
-- The CXX compiler identification is GNU 9.4.0
-- Detecting C compiler ABI info
-- Detecting C compiler ABI info - done
-- Check for working C compiler: /beegfs/home/echiavazza/spack/opt/spack/linux-ubuntu20.04-cascadelake/gcc-9.4.0/openmpi-5.0.3-ocjjgvvgpy4ulxfz3damtdseryljeeuh/bin/mpicc - skipped
-- Detecting C compile features
-- Detecting C compile features - done
-- Detecting CXX compiler ABI info
-- Detecting CXX compiler ABI info - done
-- Check for working CXX compiler: /beegfs/home/echiavazza/spack/opt/spack/linux-ubuntu20.04-cascadelake/gcc-9.4.0/openmpi-5.0.3-ocjjgvvgpy4ulxfz3damtdseryljeeuh/bin/mpicxx - skipped
-- Detecting CXX compile features
-- Detecting CXX compile features - done
-- Found MPI_C: mpicc (found version "3.1") 
-- Found MPI_CXX: mpicxx (found version "3.1") 
-- Found MPI: TRUE (found version "3.1")  
-- Found PkgConfig: /usr/bin/pkg-config (found version "0.29.1") 
-- Checking for module 'mlpack'
--   Found mlpack, version 4.2.0
-- Configuring done (7.0s)
-- Generating done (0.1s)
-- Build files have been written to: /beegfs/home/echiavazza/unito-scpd/adaboost-mpi/build
[ 25%] Building CXX object CMakeFiles/data_lib.dir/src/data_lib/datalib.cpp.o
[ 25%] Building CXX object CMakeFiles/communication_lib.dir/src/communication_lib/libcomm.cpp.o
[ 37%] Linking CXX static library /beegfs/home/echiavazza/unito-scpd/adaboost-mpi/obj/libcommunication_lib.a
[ 50%] Linking CXX static library /beegfs/home/echiavazza/unito-scpd/adaboost-mpi/obj/libdata_lib.a
[ 50%] Built target communication_lib
[ 50%] Built target data_lib
[ 87%] Building CXX object CMakeFiles/adaboost-mpi.dir/src/main.cpp.o
[ 87%] Building CXX object CMakeFiles/adaboost-mpi.dir/src/data_lib/datalib.cpp.o
[ 87%] Building CXX object CMakeFiles/adaboost-mpi.dir/src/communication_lib/libcomm.cpp.o
[100%] Linking CXX executable /beegfs/home/echiavazza/unito-scpd/adaboost-mpi/bin/adaboost-mpi
[100%] Built target adaboost-mpi
MASTER: Uploads and distributes data among 35 clients 
MASTER: Epoch 0 end with average total error = 0.294174 and alpha = 2.66696
MASTER: Epoch 1 end with average total error = 0.399621 and alpha = 2.1988
MASTER: Epoch 2 end with average total error = 0.472616 and alpha = 1.90141
MASTER: Epoch 3 end with average total error = 0.501806 and alpha = 1.78454
MASTER: Epoch 4 end with average total error = 0.532311 and alpha = 1.66233
MASTER: Calculates the accuracy of the ensamble and its trees 
Ensabmle learning size = 5
Tree trained in epoch = 0 Accuracy = 0.65093
Tree trained in epoch = 1 Accuracy = 0.469711
Tree trained in epoch = 2 Accuracy = 0.503646
Tree trained in epoch = 3 Accuracy = 0.523714
Tree trained in epoch = 4 Accuracy = 0.508075
Accuracy Ensabmle = 0.643971 for the test dataset  in 5 epochs
Accuracy Ensabmle = 0.715925 for the train dataset  in 5 epochs
Risultati scritti con successo nel file: ../res/risultati_adaboost-mpi_strong_1_new_param_30_e5.txt per il valore 5
MASTER: Epoch 0 end with average total error = 0.294174 and alpha = 2.66696
MASTER: Epoch 1 end with average total error = 0.399621 and alpha = 2.1988
MASTER: Epoch 2 end with average total error = 0.472616 and alpha = 1.90141
MASTER: Epoch 3 end with average total error = 0.501806 and alpha = 1.78454
MASTER: Epoch 4 end with average total error = 0.532311 and alpha = 1.66233
MASTER: Epoch 5 end with average total error = 0.594156 and alpha = 1.41058
MASTER: Epoch 6 end with average total error = 0.639214 and alpha = 1.21981
MASTER: Epoch 7 end with average total error = 0.637244 and alpha = 1.22834
MASTER: Epoch 8 end with average total error = 0.673702 and alpha = 1.06678
MASTER: Epoch 9 end with average total error = 0.711948 and alpha = 0.886894
MASTER: Calculates the accuracy of the ensamble and its trees 
Ensabmle learning size = 10
Tree trained in epoch = 0 Accuracy = 0.65093
Tree trained in epoch = 1 Accuracy = 0.469711
Tree trained in epoch = 2 Accuracy = 0.503646
Tree trained in epoch = 3 Accuracy = 0.523714
Tree trained in epoch = 4 Accuracy = 0.508075
Tree trained in epoch = 5 Accuracy = 0.532056
Tree trained in epoch = 6 Accuracy = 0.476102
Tree trained in epoch = 7 Accuracy = 0.498924
Tree trained in epoch = 8 Accuracy = 0.521196
Tree trained in epoch = 9 Accuracy = 0.537931
Accuracy Ensabmle = 0.672083 for the test dataset  in 10 epochs
Accuracy Ensabmle = 0.747291 for the train dataset  in 10 epochs
Risultati scritti con successo nel file: ../res/risultati_adaboost-mpi_strong_1_new_param_30_e5.txt per il valore 10
MASTER: Epoch 0 end with average total error = 0.294174 and alpha = 2.66696
MASTER: Epoch 1 end with average total error = 0.399621 and alpha = 2.1988
MASTER: Epoch 2 end with average total error = 0.472616 and alpha = 1.90141
MASTER: Epoch 3 end with average total error = 0.501806 and alpha = 1.78454
MASTER: Epoch 4 end with average total error = 0.532311 and alpha = 1.66233
MASTER: Epoch 5 end with average total error = 0.594156 and alpha = 1.41058
MASTER: Epoch 6 end with average total error = 0.639214 and alpha = 1.21981
MASTER: Epoch 7 end with average total error = 0.637244 and alpha = 1.22834
MASTER: Epoch 8 end with average total error = 0.673702 and alpha = 1.06678
MASTER: Epoch 9 end with average total error = 0.711948 and alpha = 0.886894
MASTER: Epoch 10 end with average total error = 0.746334 and alpha = 0.712607
MASTER: Epoch 11 end with average total error = 0.725153 and alpha = 0.82159
MASTER: Epoch 12 end with average total error = 0.741748 and alpha = 0.736686
MASTER: Epoch 13 end with average total error = 0.777894 and alpha = 0.538322
MASTER: Epoch 14 end with average total error = 0.773216 and alpha = 0.565197
MASTER: Epoch 15 end with average total error = 0.804142 and alpha = 0.379371
MASTER: Epoch 16 end with average total error = 0.774964 and alpha = 0.555206
MASTER: Epoch 17 end with average total error = 0.794299 and alpha = 0.440722
MASTER: Epoch 18 end with average total error = 0.784184 and alpha = 0.501541
MASTER: Epoch 19 end with average total error = 0.834887 and alpha = 0.171092
MASTER: Calculates the accuracy of the ensamble and its trees 
Ensabmle learning size = 20
Tree trained in epoch = 0 Accuracy = 0.65093
Tree trained in epoch = 1 Accuracy = 0.469711
Tree trained in epoch = 2 Accuracy = 0.503646
Tree trained in epoch = 3 Accuracy = 0.523714
Tree trained in epoch = 4 Accuracy = 0.508075
Tree trained in epoch = 5 Accuracy = 0.532056
Tree trained in epoch = 6 Accuracy = 0.476102
Tree trained in epoch = 7 Accuracy = 0.498924
Tree trained in epoch = 8 Accuracy = 0.521196
Tree trained in epoch = 9 Accuracy = 0.537931
Tree trained in epoch = 10 Accuracy = 0.475075
Tree trained in epoch = 11 Accuracy = 0.470927
Tree trained in epoch = 12 Accuracy = 0.495706
Tree trained in epoch = 13 Accuracy = 0.487777
Tree trained in epoch = 14 Accuracy = 0.47021
Tree trained in epoch = 15 Accuracy = 0.514937
Tree trained in epoch = 16 Accuracy = 0.504266
Tree trained in epoch = 17 Accuracy = 0.523697
Tree trained in epoch = 18 Accuracy = 0.467542
Tree trained in epoch = 19 Accuracy = 0.505327
Accuracy Ensabmle = 0.686007 for the test dataset  in 20 epochs
Accuracy Ensabmle = 0.772294 for the train dataset  in 20 epochs
Risultati scritti con successo nel file: ../res/risultati_adaboost-mpi_strong_1_new_param_30_e5.txt per il valore 20
MASTER: Epoch 0 end with average total error = 0.294174 and alpha = 2.66696
MASTER: Epoch 1 end with average total error = 0.399621 and alpha = 2.1988
MASTER: Epoch 2 end with average total error = 0.472616 and alpha = 1.90141
MASTER: Epoch 3 end with average total error = 0.501806 and alpha = 1.78454
MASTER: Epoch 4 end with average total error = 0.532311 and alpha = 1.66233
MASTER: Epoch 5 end with average total error = 0.594156 and alpha = 1.41058
MASTER: Epoch 6 end with average total error = 0.639214 and alpha = 1.21981
MASTER: Epoch 7 end with average total error = 0.637244 and alpha = 1.22834
MASTER: Epoch 8 end with average total error = 0.673702 and alpha = 1.06678
MASTER: Epoch 9 end with average total error = 0.711948 and alpha = 0.886894
MASTER: Epoch 10 end with average total error = 0.746334 and alpha = 0.712607
MASTER: Epoch 11 end with average total error = 0.725153 and alpha = 0.82159
MASTER: Epoch 12 end with average total error = 0.741748 and alpha = 0.736686
MASTER: Epoch 13 end with average total error = 0.777894 and alpha = 0.538322
MASTER: Epoch 14 end with average total error = 0.773216 and alpha = 0.565197
MASTER: Epoch 15 end with average total error = 0.804142 and alpha = 0.379371
MASTER: Epoch 16 end with average total error = 0.774964 and alpha = 0.555206
MASTER: Epoch 17 end with average total error = 0.794299 and alpha = 0.440722
MASTER: Epoch 18 end with average total error = 0.784184 and alpha = 0.501541
MASTER: Epoch 19 end with average total error = 0.834887 and alpha = 0.171092
MASTER: Epoch 20 end with average total error = 0.839172 and alpha = 0.13968
MASTER: Epoch 21 end with average total error = 0.814232 and alpha = 0.31401
MASTER: Epoch 22 end with average total error = 0.825243 and alpha = 0.239476
MASTER: Epoch 23 end with average total error = 0.812448 and alpha = 0.325762
MASTER: Epoch 24 end with average total error = 0.839875 and alpha = 0.134459
MASTER: Epoch 25 end with average total error = 0.864981 and alpha = -0.0655298
MASTER: Epoch 26 end with average total error = 0.839218 and alpha = 0.13934
MASTER: Epoch 27 end with average total error = 0.837934 and alpha = 0.148827
MASTER: Epoch 28 end with average total error = 0.862066 and alpha = -0.0407982
MASTER: Epoch 29 end with average total error = 0.845777 and alpha = 0.089905
MASTER: Calculates the accuracy of the ensamble and its trees 
Ensabmle learning size = 30
Tree trained in epoch = 0 Accuracy = 0.65093
Tree trained in epoch = 1 Accuracy = 0.469711
Tree trained in epoch = 2 Accuracy = 0.503646
Tree trained in epoch = 3 Accuracy = 0.523714
Tree trained in epoch = 4 Accuracy = 0.508075
Tree trained in epoch = 5 Accuracy = 0.532056
Tree trained in epoch = 6 Accuracy = 0.476102
Tree trained in epoch = 7 Accuracy = 0.498924
Tree trained in epoch = 8 Accuracy = 0.521196
Tree trained in epoch = 9 Accuracy = 0.537931
Tree trained in epoch = 10 Accuracy = 0.475075
Tree trained in epoch = 11 Accuracy = 0.470927
Tree trained in epoch = 12 Accuracy = 0.495706
Tree trained in epoch = 13 Accuracy = 0.487777
Tree trained in epoch = 14 Accuracy = 0.47021
Tree trained in epoch = 15 Accuracy = 0.514937
Tree trained in epoch = 16 Accuracy = 0.504266
Tree trained in epoch = 17 Accuracy = 0.523697
Tree trained in epoch = 18 Accuracy = 0.467542
Tree trained in epoch = 19 Accuracy = 0.505327
Tree trained in epoch = 20 Accuracy = 0.507696
Tree trained in epoch = 21 Accuracy = 0.526778
Tree trained in epoch = 22 Accuracy = 0.515132
Tree trained in epoch = 23 Accuracy = 0.472189
Tree trained in epoch = 24 Accuracy = 0.524196
Tree trained in epoch = 25 Accuracy = 0.523284
Tree trained in epoch = 26 Accuracy = 0.526698
Tree trained in epoch = 27 Accuracy = 0.507082
Tree trained in epoch = 28 Accuracy = 0.491891
Tree trained in epoch = 29 Accuracy = 0.49504
Accuracy Ensabmle = 0.691331 for the test dataset  in 30 epochs
Accuracy Ensabmle = 0.778121 for the train dataset  in 30 epochs
Risultati scritti con successo nel file: ../res/risultati_adaboost-mpi_strong_1_new_param_30_e5.txt per il valore 30
MASTER: Epoch 0 end with average total error = 0.294174 and alpha = 2.66696
MASTER: Epoch 1 end with average total error = 0.399621 and alpha = 2.1988
MASTER: Epoch 2 end with average total error = 0.472616 and alpha = 1.90141
MASTER: Epoch 3 end with average total error = 0.501806 and alpha = 1.78454
MASTER: Epoch 4 end with average total error = 0.532311 and alpha = 1.66233
MASTER: Epoch 5 end with average total error = 0.594156 and alpha = 1.41058
MASTER: Epoch 6 end with average total error = 0.639214 and alpha = 1.21981
MASTER: Epoch 7 end with average total error = 0.637244 and alpha = 1.22834
MASTER: Epoch 8 end with average total error = 0.673702 and alpha = 1.06678
MASTER: Epoch 9 end with average total error = 0.711948 and alpha = 0.886894
MASTER: Epoch 10 end with average total error = 0.746334 and alpha = 0.712607
MASTER: Epoch 11 end with average total error = 0.725153 and alpha = 0.82159
MASTER: Epoch 12 end with average total error = 0.741748 and alpha = 0.736686
MASTER: Epoch 13 end with average total error = 0.777894 and alpha = 0.538322
MASTER: Epoch 14 end with average total error = 0.773216 and alpha = 0.565197
MASTER: Epoch 15 end with average total error = 0.804142 and alpha = 0.379371
MASTER: Epoch 16 end with average total error = 0.774964 and alpha = 0.555206
MASTER: Epoch 17 end with average total error = 0.794299 and alpha = 0.440722
MASTER: Epoch 18 end with average total error = 0.784184 and alpha = 0.501541
MASTER: Epoch 19 end with average total error = 0.834887 and alpha = 0.171092
MASTER: Epoch 20 end with average total error = 0.839172 and alpha = 0.13968
MASTER: Epoch 21 end with average total error = 0.814232 and alpha = 0.31401
MASTER: Epoch 22 end with average total error = 0.825243 and alpha = 0.239476
MASTER: Epoch 23 end with average total error = 0.812448 and alpha = 0.325762
MASTER: Epoch 24 end with average total error = 0.839875 and alpha = 0.134459
MASTER: Epoch 25 end with average total error = 0.864981 and alpha = -0.0655298
MASTER: Epoch 26 end with average total error = 0.839218 and alpha = 0.13934
MASTER: Epoch 27 end with average total error = 0.837934 and alpha = 0.148827
MASTER: Epoch 28 end with average total error = 0.862066 and alpha = -0.0407982
MASTER: Epoch 29 end with average total error = 0.845777 and alpha = 0.089905
MASTER: Epoch 30 end with average total error = 0.869738 and alpha = -0.106888
MASTER: Epoch 31 end with average total error = 0.845689 and alpha = 0.0905767
MASTER: Epoch 32 end with average total error = 0.872501 and alpha = -0.131496
MASTER: Epoch 33 end with average total error = 0.863786 and alpha = -0.0553386
MASTER: Epoch 34 end with average total error = 0.842635 and alpha = 0.113793
MASTER: Epoch 35 end with average total error = 0.853223 and alpha = 0.031656
MASTER: Epoch 36 end with average total error = 0.869844 and alpha = -0.107819
MASTER: Epoch 37 end with average total error = 0.845422 and alpha = 0.0926223
MASTER: Epoch 38 end with average total error = 0.845689 and alpha = 0.0905798
MASTER: Epoch 39 end with average total error = 0.859019 and alpha = -0.0154072
MASTER: Calculates the accuracy of the ensamble and its trees 
Ensabmle learning size = 40
Tree trained in epoch = 0 Accuracy = 0.65093
Tree trained in epoch = 1 Accuracy = 0.469711
Tree trained in epoch = 2 Accuracy = 0.503646
Tree trained in epoch = 3 Accuracy = 0.523714
Tree trained in epoch = 4 Accuracy = 0.508075
Tree trained in epoch = 5 Accuracy = 0.532056
Tree trained in epoch = 6 Accuracy = 0.476102
Tree trained in epoch = 7 Accuracy = 0.498924
Tree trained in epoch = 8 Accuracy = 0.521196
Tree trained in epoch = 9 Accuracy = 0.537931
Tree trained in epoch = 10 Accuracy = 0.475075
Tree trained in epoch = 11 Accuracy = 0.470927
Tree trained in epoch = 12 Accuracy = 0.495706
Tree trained in epoch = 13 Accuracy = 0.487777
Tree trained in epoch = 14 Accuracy = 0.47021
Tree trained in epoch = 15 Accuracy = 0.514937
Tree trained in epoch = 16 Accuracy = 0.504266
Tree trained in epoch = 17 Accuracy = 0.523697
Tree trained in epoch = 18 Accuracy = 0.467542
Tree trained in epoch = 19 Accuracy = 0.505327
Tree trained in epoch = 20 Accuracy = 0.507696
Tree trained in epoch = 21 Accuracy = 0.526778
Tree trained in epoch = 22 Accuracy = 0.515132
Tree trained in epoch = 23 Accuracy = 0.472189
Tree trained in epoch = 24 Accuracy = 0.524196
Tree trained in epoch = 25 Accuracy = 0.523284
Tree trained in epoch = 26 Accuracy = 0.526698
Tree trained in epoch = 27 Accuracy = 0.507082
Tree trained in epoch = 28 Accuracy = 0.491891
Tree trained in epoch = 29 Accuracy = 0.49504
Tree trained in epoch = 30 Accuracy = 0.509131
Tree trained in epoch = 31 Accuracy = 0.499005
Tree trained in epoch = 32 Accuracy = 0.516291
Tree trained in epoch = 33 Accuracy = 0.51516
Tree trained in epoch = 34 Accuracy = 0.513996
Tree trained in epoch = 35 Accuracy = 0.509435
Tree trained in epoch = 36 Accuracy = 0.514403
Tree trained in epoch = 37 Accuracy = 0.513502
Tree trained in epoch = 38 Accuracy = 0.498104
Tree trained in epoch = 39 Accuracy = 0.501007
Accuracy Ensabmle = 0.691118 for the test dataset  in 40 epochs
Accuracy Ensabmle = 0.777971 for the train dataset  in 40 epochs
Risultati scritti con successo nel file: ../res/risultati_adaboost-mpi_strong_1_new_param_30_e5.txt per il valore 40
MASTER: Epoch 0 end with average total error = 0.294174 and alpha = 2.66696
MASTER: Epoch 1 end with average total error = 0.399621 and alpha = 2.1988
MASTER: Epoch 2 end with average total error = 0.472616 and alpha = 1.90141
MASTER: Epoch 3 end with average total error = 0.501806 and alpha = 1.78454
MASTER: Epoch 4 end with average total error = 0.532311 and alpha = 1.66233
MASTER: Epoch 5 end with average total error = 0.594156 and alpha = 1.41058
MASTER: Epoch 6 end with average total error = 0.639214 and alpha = 1.21981
MASTER: Epoch 7 end with average total error = 0.637244 and alpha = 1.22834
MASTER: Epoch 8 end with average total error = 0.673702 and alpha = 1.06678
MASTER: Epoch 9 end with average total error = 0.711948 and alpha = 0.886894
MASTER: Epoch 10 end with average total error = 0.746334 and alpha = 0.712607
MASTER: Epoch 11 end with average total error = 0.725153 and alpha = 0.82159
MASTER: Epoch 12 end with average total error = 0.741748 and alpha = 0.736686
MASTER: Epoch 13 end with average total error = 0.777894 and alpha = 0.538322
MASTER: Epoch 14 end with average total error = 0.773216 and alpha = 0.565197
MASTER: Epoch 15 end with average total error = 0.804142 and alpha = 0.379371
MASTER: Epoch 16 end with average total error = 0.774964 and alpha = 0.555206
MASTER: Epoch 17 end with average total error = 0.794299 and alpha = 0.440722
MASTER: Epoch 18 end with average total error = 0.784184 and alpha = 0.501541
MASTER: Epoch 19 end with average total error = 0.834887 and alpha = 0.171092
MASTER: Epoch 20 end with average total error = 0.839172 and alpha = 0.13968
MASTER: Epoch 21 end with average total error = 0.814232 and alpha = 0.31401
MASTER: Epoch 22 end with average total error = 0.825243 and alpha = 0.239476
MASTER: Epoch 23 end with average total error = 0.812448 and alpha = 0.325762
MASTER: Epoch 24 end with average total error = 0.839875 and alpha = 0.134459
MASTER: Epoch 25 end with average total error = 0.864981 and alpha = -0.0655298
MASTER: Epoch 26 end with average total error = 0.839218 and alpha = 0.13934
MASTER: Epoch 27 end with average total error = 0.837934 and alpha = 0.148827
MASTER: Epoch 28 end with average total error = 0.862066 and alpha = -0.0407982
MASTER: Epoch 29 end with average total error = 0.845777 and alpha = 0.089905
MASTER: Epoch 30 end with average total error = 0.869738 and alpha = -0.106888
MASTER: Epoch 31 end with average total error = 0.845689 and alpha = 0.0905767
MASTER: Epoch 32 end with average total error = 0.872501 and alpha = -0.131496
MASTER: Epoch 33 end with average total error = 0.863786 and alpha = -0.0553386
MASTER: Epoch 34 end with average total error = 0.842635 and alpha = 0.113793
MASTER: Epoch 35 end with average total error = 0.853223 and alpha = 0.031656
MASTER: Epoch 36 end with average total error = 0.869844 and alpha = -0.107819
MASTER: Epoch 37 end with average total error = 0.845422 and alpha = 0.0926223
MASTER: Epoch 38 end with average total error = 0.845689 and alpha = 0.0905798
MASTER: Epoch 39 end with average total error = 0.859019 and alpha = -0.0154072
MASTER: Epoch 40 end with average total error = 0.857197 and alpha = -0.000443963
MASTER: Epoch 41 end with average total error = 0.857146 and alpha = -2.56738e-05
MASTER: Epoch 42 end with average total error = 0.857143 and alpha = -1.48471e-06
MASTER: Epoch 43 end with average total error = 0.857143 and alpha = -8.58604e-08
MASTER: Epoch 44 end with average total error = 0.857143 and alpha = -4.96528e-09
MASTER: Epoch 45 end with average total error = 0.857143 and alpha = -2.87134e-10
MASTER: Epoch 46 end with average total error = 0.857143 and alpha = -1.66065e-11
MASTER: Epoch 47 end with average total error = 0.857143 and alpha = -9.62563e-13
MASTER: Epoch 48 end with average total error = 0.857143 and alpha = -5.32907e-14
MASTER: Epoch 49 end with average total error = 0.857143 and alpha = -3.33067e-15
MASTER: Calculates the accuracy of the ensamble and its trees 
Ensabmle learning size = 50
Tree trained in epoch = 0 Accuracy = 0.65093
Tree trained in epoch = 1 Accuracy = 0.469711
Tree trained in epoch = 2 Accuracy = 0.503646
Tree trained in epoch = 3 Accuracy = 0.523714
Tree trained in epoch = 4 Accuracy = 0.508075
Tree trained in epoch = 5 Accuracy = 0.532056
Tree trained in epoch = 6 Accuracy = 0.476102
Tree trained in epoch = 7 Accuracy = 0.498924
Tree trained in epoch = 8 Accuracy = 0.521196
Tree trained in epoch = 9 Accuracy = 0.537931
Tree trained in epoch = 10 Accuracy = 0.475075
Tree trained in epoch = 11 Accuracy = 0.470927
Tree trained in epoch = 12 Accuracy = 0.495706
Tree trained in epoch = 13 Accuracy = 0.487777
Tree trained in epoch = 14 Accuracy = 0.47021
Tree trained in epoch = 15 Accuracy = 0.514937
Tree trained in epoch = 16 Accuracy = 0.504266
Tree trained in epoch = 17 Accuracy = 0.523697
Tree trained in epoch = 18 Accuracy = 0.467542
Tree trained in epoch = 19 Accuracy = 0.505327
Tree trained in epoch = 20 Accuracy = 0.507696
Tree trained in epoch = 21 Accuracy = 0.526778
Tree trained in epoch = 22 Accuracy = 0.515132
Tree trained in epoch = 23 Accuracy = 0.472189
Tree trained in epoch = 24 Accuracy = 0.524196
Tree trained in epoch = 25 Accuracy = 0.523284
Tree trained in epoch = 26 Accuracy = 0.526698
Tree trained in epoch = 27 Accuracy = 0.507082
Tree trained in epoch = 28 Accuracy = 0.491891
Tree trained in epoch = 29 Accuracy = 0.49504
Tree trained in epoch = 30 Accuracy = 0.509131
Tree trained in epoch = 31 Accuracy = 0.499005
Tree trained in epoch = 32 Accuracy = 0.516291
Tree trained in epoch = 33 Accuracy = 0.51516
Tree trained in epoch = 34 Accuracy = 0.513996
Tree trained in epoch = 35 Accuracy = 0.509435
Tree trained in epoch = 36 Accuracy = 0.514403
Tree trained in epoch = 37 Accuracy = 0.513502
Tree trained in epoch = 38 Accuracy = 0.498104
Tree trained in epoch = 39 Accuracy = 0.501007
Tree trained in epoch = 40 Accuracy = 0.49854
Tree trained in epoch = 41 Accuracy = 0.49854
Tree trained in epoch = 42 Accuracy = 0.49854
Tree trained in epoch = 43 Accuracy = 0.49854
Tree trained in epoch = 44 Accuracy = 0.49854
Tree trained in epoch = 45 Accuracy = 0.49854
Tree trained in epoch = 46 Accuracy = 0.49854
Tree trained in epoch = 47 Accuracy = 0.49854
Tree trained in epoch = 48 Accuracy = 0.49854
Tree trained in epoch = 49 Accuracy = 0.49854
Accuracy Ensabmle = 0.691118 for the test dataset  in 50 epochs
Accuracy Ensabmle = 0.777967 for the train dataset  in 50 epochs
Risultati scritti con successo nel file: ../res/risultati_adaboost-mpi_strong_1_new_param_30_e5.txt per il valore 50
MASTER: Epoch 0 end with average total error = 0.294174 and alpha = 2.66696
MASTER: Epoch 1 end with average total error = 0.399621 and alpha = 2.1988
MASTER: Epoch 2 end with average total error = 0.472616 and alpha = 1.90141
MASTER: Epoch 3 end with average total error = 0.501806 and alpha = 1.78454
MASTER: Epoch 4 end with average total error = 0.532311 and alpha = 1.66233
MASTER: Epoch 5 end with average total error = 0.594156 and alpha = 1.41058
MASTER: Epoch 6 end with average total error = 0.639214 and alpha = 1.21981
MASTER: Epoch 7 end with average total error = 0.637244 and alpha = 1.22834
MASTER: Epoch 8 end with average total error = 0.673702 and alpha = 1.06678
MASTER: Epoch 9 end with average total error = 0.711948 and alpha = 0.886894
MASTER: Epoch 10 end with average total error = 0.746334 and alpha = 0.712607
MASTER: Epoch 11 end with average total error = 0.725153 and alpha = 0.82159
MASTER: Epoch 12 end with average total error = 0.741748 and alpha = 0.736686
MASTER: Epoch 13 end with average total error = 0.777894 and alpha = 0.538322
MASTER: Epoch 14 end with average total error = 0.773216 and alpha = 0.565197
MASTER: Epoch 15 end with average total error = 0.804142 and alpha = 0.379371
MASTER: Epoch 16 end with average total error = 0.774964 and alpha = 0.555206
MASTER: Epoch 17 end with average total error = 0.794299 and alpha = 0.440722
MASTER: Epoch 18 end with average total error = 0.784184 and alpha = 0.501541
MASTER: Epoch 19 end with average total error = 0.834887 and alpha = 0.171092
MASTER: Epoch 20 end with average total error = 0.839172 and alpha = 0.13968
MASTER: Epoch 21 end with average total error = 0.814232 and alpha = 0.31401
MASTER: Epoch 22 end with average total error = 0.825243 and alpha = 0.239476
MASTER: Epoch 23 end with average total error = 0.812448 and alpha = 0.325762
MASTER: Epoch 24 end with average total error = 0.839875 and alpha = 0.134459
MASTER: Epoch 25 end with average total error = 0.864981 and alpha = -0.0655298
MASTER: Epoch 26 end with average total error = 0.839218 and alpha = 0.13934
MASTER: Epoch 27 end with average total error = 0.837934 and alpha = 0.148827
MASTER: Epoch 28 end with average total error = 0.862066 and alpha = -0.0407982
MASTER: Epoch 29 end with average total error = 0.845777 and alpha = 0.089905
MASTER: Epoch 30 end with average total error = 0.869738 and alpha = -0.106888
MASTER: Epoch 31 end with average total error = 0.845689 and alpha = 0.0905767
MASTER: Epoch 32 end with average total error = 0.872501 and alpha = -0.131496
MASTER: Epoch 33 end with average total error = 0.863786 and alpha = -0.0553386
MASTER: Epoch 34 end with average total error = 0.842635 and alpha = 0.113793
MASTER: Epoch 35 end with average total error = 0.853223 and alpha = 0.031656
MASTER: Epoch 36 end with average total error = 0.869844 and alpha = -0.107819
MASTER: Epoch 37 end with average total error = 0.845422 and alpha = 0.0926223
MASTER: Epoch 38 end with average total error = 0.845689 and alpha = 0.0905798
MASTER: Epoch 39 end with average total error = 0.859019 and alpha = -0.0154072
MASTER: Epoch 40 end with average total error = 0.857197 and alpha = -0.000443963
MASTER: Epoch 41 end with average total error = 0.857146 and alpha = -2.56738e-05
MASTER: Epoch 42 end with average total error = 0.857143 and alpha = -1.48471e-06
MASTER: Epoch 43 end with average total error = 0.857143 and alpha = -8.58604e-08
MASTER: Epoch 44 end with average total error = 0.857143 and alpha = -4.96528e-09
MASTER: Epoch 45 end with average total error = 0.857143 and alpha = -2.87134e-10
MASTER: Epoch 46 end with average total error = 0.857143 and alpha = -1.66065e-11
MASTER: Epoch 47 end with average total error = 0.857143 and alpha = -9.62563e-13
MASTER: Epoch 48 end with average total error = 0.857143 and alpha = -5.32907e-14
MASTER: Epoch 49 end with average total error = 0.857143 and alpha = -3.33067e-15
MASTER: Epoch 50 end with average total error = 0.857143 and alpha = 4.44089e-16
MASTER: Epoch 51 end with average total error = 0.857143 and alpha = 4.44089e-16
MASTER: Epoch 52 end with average total error = 0.857143 and alpha = -1.33227e-15
MASTER: Epoch 53 end with average total error = 0.857143 and alpha = 4.44089e-16
MASTER: Epoch 54 end with average total error = 0.857143 and alpha = 4.44089e-16
MASTER: Epoch 55 end with average total error = 0.857143 and alpha = 4.44089e-16
MASTER: Epoch 56 end with average total error = 0.857143 and alpha = -1.33227e-15
MASTER: Epoch 57 end with average total error = 0.857143 and alpha = 4.44089e-16
MASTER: Epoch 58 end with average total error = 0.857143 and alpha = 4.44089e-16
MASTER: Epoch 59 end with average total error = 0.857143 and alpha = 4.44089e-16
MASTER: Epoch 60 end with average total error = 0.857143 and alpha = -6.66134e-16
MASTER: Epoch 61 end with average total error = 0.857143 and alpha = 4.44089e-16
MASTER: Epoch 62 end with average total error = 0.857143 and alpha = 4.44089e-16
MASTER: Epoch 63 end with average total error = 0.857143 and alpha = -1.33227e-15
MASTER: Epoch 64 end with average total error = 0.857143 and alpha = 4.44089e-16
MASTER: Epoch 65 end with average total error = 0.857143 and alpha = 4.44089e-16
MASTER: Epoch 66 end with average total error = 0.857143 and alpha = -1.33227e-15
MASTER: Epoch 67 end with average total error = 0.857143 and alpha = 4.44089e-16
MASTER: Epoch 68 end with average total error = 0.857143 and alpha = 4.44089e-16
MASTER: Epoch 69 end with average total error = 0.857143 and alpha = 4.44089e-16
MASTER: Epoch 70 end with average total error = 0.857143 and alpha = 4.44089e-16
MASTER: Epoch 71 end with average total error = 0.857143 and alpha = -6.66134e-16
MASTER: Epoch 72 end with average total error = 0.857143 and alpha = 4.44089e-16
MASTER: Epoch 73 end with average total error = 0.857143 and alpha = -6.66134e-16
MASTER: Epoch 74 end with average total error = 0.857143 and alpha = 4.44089e-16
MASTER: Epoch 75 end with average total error = 0.857143 and alpha = 4.44089e-16
MASTER: Epoch 76 end with average total error = 0.857143 and alpha = 4.44089e-16
MASTER: Epoch 77 end with average total error = 0.857143 and alpha = -6.66134e-16
MASTER: Epoch 78 end with average total error = 0.857143 and alpha = -1.33227e-15
MASTER: Epoch 79 end with average total error = 0.857143 and alpha = 4.44089e-16
MASTER: Epoch 80 end with average total error = 0.857143 and alpha = 4.44089e-16
MASTER: Epoch 81 end with average total error = 0.857143 and alpha = 4.44089e-16
MASTER: Epoch 82 end with average total error = 0.857143 and alpha = 4.44089e-16
MASTER: Epoch 83 end with average total error = 0.857143 and alpha = -6.66134e-16
MASTER: Epoch 84 end with average total error = 0.857143 and alpha = 4.44089e-16
MASTER: Epoch 85 end with average total error = 0.857143 and alpha = -6.66134e-16
MASTER: Epoch 86 end with average total error = 0.857143 and alpha = 4.44089e-16
MASTER: Epoch 87 end with average total error = 0.857143 and alpha = -6.66134e-16
MASTER: Epoch 88 end with average total error = 0.857143 and alpha = 4.44089e-16
MASTER: Epoch 89 end with average total error = 0.857143 and alpha = -6.66134e-16
MASTER: Epoch 90 end with average total error = 0.857143 and alpha = 4.44089e-16
MASTER: Epoch 91 end with average total error = 0.857143 and alpha = 4.44089e-16
MASTER: Epoch 92 end with average total error = 0.857143 and alpha = 4.44089e-16
MASTER: Epoch 93 end with average total error = 0.857143 and alpha = -6.66134e-16
MASTER: Epoch 94 end with average total error = 0.857143 and alpha = -1.33227e-15
MASTER: Epoch 95 end with average total error = 0.857143 and alpha = 4.44089e-16
MASTER: Epoch 96 end with average total error = 0.857143 and alpha = 4.44089e-16
MASTER: Epoch 97 end with average total error = 0.857143 and alpha = 4.44089e-16
MASTER: Epoch 98 end with average total error = 0.857143 and alpha = 4.44089e-16
MASTER: Epoch 99 end with average total error = 0.857143 and alpha = -6.66134e-16
MASTER: Calculates the accuracy of the ensamble and its trees 
Ensabmle learning size = 100
Tree trained in epoch = 0 Accuracy = 0.65093
Tree trained in epoch = 1 Accuracy = 0.469711
Tree trained in epoch = 2 Accuracy = 0.503646
Tree trained in epoch = 3 Accuracy = 0.523714
Tree trained in epoch = 4 Accuracy = 0.508075
Tree trained in epoch = 5 Accuracy = 0.532056
Tree trained in epoch = 6 Accuracy = 0.476102
Tree trained in epoch = 7 Accuracy = 0.498924
Tree trained in epoch = 8 Accuracy = 0.521196
Tree trained in epoch = 9 Accuracy = 0.537931
Tree trained in epoch = 10 Accuracy = 0.475075
Tree trained in epoch = 11 Accuracy = 0.470927
Tree trained in epoch = 12 Accuracy = 0.495706
Tree trained in epoch = 13 Accuracy = 0.487777
Tree trained in epoch = 14 Accuracy = 0.47021
Tree trained in epoch = 15 Accuracy = 0.514937
Tree trained in epoch = 16 Accuracy = 0.504266
Tree trained in epoch = 17 Accuracy = 0.523697
Tree trained in epoch = 18 Accuracy = 0.467542
Tree trained in epoch = 19 Accuracy = 0.505327
Tree trained in epoch = 20 Accuracy = 0.507696
Tree trained in epoch = 21 Accuracy = 0.526778
Tree trained in epoch = 22 Accuracy = 0.515132
Tree trained in epoch = 23 Accuracy = 0.472189
Tree trained in epoch = 24 Accuracy = 0.524196
Tree trained in epoch = 25 Accuracy = 0.523284
Tree trained in epoch = 26 Accuracy = 0.526698
Tree trained in epoch = 27 Accuracy = 0.507082
Tree trained in epoch = 28 Accuracy = 0.491891
Tree trained in epoch = 29 Accuracy = 0.49504
Tree trained in epoch = 30 Accuracy = 0.509131
Tree trained in epoch = 31 Accuracy = 0.499005
Tree trained in epoch = 32 Accuracy = 0.516291
Tree trained in epoch = 33 Accuracy = 0.51516
Tree trained in epoch = 34 Accuracy = 0.513996
Tree trained in epoch = 35 Accuracy = 0.509435
Tree trained in epoch = 36 Accuracy = 0.514403
Tree trained in epoch = 37 Accuracy = 0.513502
Tree trained in epoch = 38 Accuracy = 0.498104
Tree trained in epoch = 39 Accuracy = 0.501007
Tree trained in epoch = 40 Accuracy = 0.49854
Tree trained in epoch = 41 Accuracy = 0.49854
Tree trained in epoch = 42 Accuracy = 0.49854
Tree trained in epoch = 43 Accuracy = 0.49854
Tree trained in epoch = 44 Accuracy = 0.49854
Tree trained in epoch = 45 Accuracy = 0.49854
Tree trained in epoch = 46 Accuracy = 0.49854
Tree trained in epoch = 47 Accuracy = 0.49854
Tree trained in epoch = 48 Accuracy = 0.49854
Tree trained in epoch = 49 Accuracy = 0.49854
Tree trained in epoch = 50 Accuracy = 0.49854
Tree trained in epoch = 51 Accuracy = 0.49854
Tree trained in epoch = 52 Accuracy = 0.49854
Tree trained in epoch = 53 Accuracy = 0.49854
Tree trained in epoch = 54 Accuracy = 0.49854
Tree trained in epoch = 55 Accuracy = 0.49854
Tree trained in epoch = 56 Accuracy = 0.49854
Tree trained in epoch = 57 Accuracy = 0.49854
Tree trained in epoch = 58 Accuracy = 0.49854
Tree trained in epoch = 59 Accuracy = 0.49854
Tree trained in epoch = 60 Accuracy = 0.49854
Tree trained in epoch = 61 Accuracy = 0.49854
Tree trained in epoch = 62 Accuracy = 0.49854
Tree trained in epoch = 63 Accuracy = 0.49854
Tree trained in epoch = 64 Accuracy = 0.49854
Tree trained in epoch = 65 Accuracy = 0.49854
Tree trained in epoch = 66 Accuracy = 0.49854
Tree trained in epoch = 67 Accuracy = 0.49854
Tree trained in epoch = 68 Accuracy = 0.49854
Tree trained in epoch = 69 Accuracy = 0.49854
Tree trained in epoch = 70 Accuracy = 0.49854
Tree trained in epoch = 71 Accuracy = 0.49854
Tree trained in epoch = 72 Accuracy = 0.49854
Tree trained in epoch = 73 Accuracy = 0.49854
Tree trained in epoch = 74 Accuracy = 0.49854
Tree trained in epoch = 75 Accuracy = 0.49854
Tree trained in epoch = 76 Accuracy = 0.49854
Tree trained in epoch = 77 Accuracy = 0.49854
Tree trained in epoch = 78 Accuracy = 0.49854
Tree trained in epoch = 79 Accuracy = 0.49854
Tree trained in epoch = 80 Accuracy = 0.49854
Tree trained in epoch = 81 Accuracy = 0.49854
Tree trained in epoch = 82 Accuracy = 0.49854
Tree trained in epoch = 83 Accuracy = 0.49854
Tree trained in epoch = 84 Accuracy = 0.49854
Tree trained in epoch = 85 Accuracy = 0.49854
Tree trained in epoch = 86 Accuracy = 0.49854
Tree trained in epoch = 87 Accuracy = 0.49854
Tree trained in epoch = 88 Accuracy = 0.49854
Tree trained in epoch = 89 Accuracy = 0.49854
Tree trained in epoch = 90 Accuracy = 0.49854
Tree trained in epoch = 91 Accuracy = 0.49854
Tree trained in epoch = 92 Accuracy = 0.49854
Tree trained in epoch = 93 Accuracy = 0.49854
Tree trained in epoch = 94 Accuracy = 0.49854
Tree trained in epoch = 95 Accuracy = 0.49854
Tree trained in epoch = 96 Accuracy = 0.49854
Tree trained in epoch = 97 Accuracy = 0.49854
Tree trained in epoch = 98 Accuracy = 0.49854
Tree trained in epoch = 99 Accuracy = 0.49854
Accuracy Ensabmle = 0.691118 for the test dataset  in 100 epochs
Accuracy Ensabmle = 0.777967 for the train dataset  in 100 epochs
Risultati scritti con successo nel file: ../res/risultati_adaboost-mpi_strong_1_new_param_30_e5.txt per il valore 100
