make: Warning: File 'Makefile' has modification time 1.3 s in the future
make[1]: Warning: File 'CMakeFiles/Makefile2' has modification time 1.1 s in the future
make[2]: Warning: File 'CMakeFiles/communication_lib.dir/build.make' has modification time 1.1 s in the future
make[2]: Warning: File 'CMakeFiles/data_lib.dir/build.make' has modification time 1.1 s in the future
make[2]: warning:  Clock skew detected.  Your build may be incomplete.
make[2]: warning:  Clock skew detected.  Your build may be incomplete.
make[2]: Warning: File 'CMakeFiles/data_lib.dir/build.make' has modification time 0.98 s in the future
make[2]: Warning: File 'CMakeFiles/communication_lib.dir/build.make' has modification time 0.98 s in the future
make[2]: warning:  Clock skew detected.  Your build may be incomplete.
make[2]: warning:  Clock skew detected.  Your build may be incomplete.
make[2]: Warning: File '/beegfs/home/echiavazza/unito-scpd/adaboost-mpi/obj/libcommunication_lib.a' has modification time 0.99 s in the future
/beegfs/home/echiavazza/unito-scpd/adaboost-mpi/src/main.cpp:187:1: fatal error: opening dependency file CMakeFiles/adaboost-mpi.dir/src/main.cpp.o.d: No such file or directory
  187 | }
      | ^
compilation terminated.
make[2]: *** [CMakeFiles/adaboost-mpi.dir/build.make:76: CMakeFiles/adaboost-mpi.dir/src/main.cpp.o] Error 1
make[2]: *** Waiting for unfinished jobs....
/beegfs/home/echiavazza/unito-scpd/adaboost-mpi/src/data_lib/datalib.cpp:120:1: fatal error: opening dependency file CMakeFiles/adaboost-mpi.dir/src/data_lib/datalib.cpp.o.d: No such file or directory
  120 | }
      | ^
compilation terminated.
make[2]: *** [CMakeFiles/adaboost-mpi.dir/build.make:90: CMakeFiles/adaboost-mpi.dir/src/data_lib/datalib.cpp.o] Error 1
/beegfs/home/echiavazza/unito-scpd/adaboost-mpi/src/communication_lib/libcomm.cpp:255:1: fatal error: opening dependency file CMakeFiles/adaboost-mpi.dir/src/communication_lib/libcomm.cpp.o.d: No such file or directory
  255 | }
      | ^
compilation terminated.
make[2]: *** [CMakeFiles/adaboost-mpi.dir/build.make:104: CMakeFiles/adaboost-mpi.dir/src/communication_lib/libcomm.cpp.o] Error 1
make[1]: *** [CMakeFiles/Makefile2:140: CMakeFiles/adaboost-mpi.dir/all] Error 2
make: *** [Makefile:91: all] Error 2
