-- The C compiler identification is GNU 9.4.0
-- The CXX compiler identification is GNU 9.4.0
-- Detecting C compiler ABI info
-- Detecting C compiler ABI info - done
-- Check for working C compiler: /beegfs/home/echiavazza/spack/opt/spack/linux-ubuntu20.04-cascadelake/gcc-9.4.0/openmpi-5.0.3-ocjjgvvgpy4ulxfz3damtdseryljeeuh/bin/mpicc - skipped
-- Detecting C compile features
-- Detecting C compile features - done
-- Detecting CXX compiler ABI info
-- Detecting CXX compiler ABI info - done
-- Check for working CXX compiler: /beegfs/home/echiavazza/spack/opt/spack/linux-ubuntu20.04-cascadelake/gcc-9.4.0/openmpi-5.0.3-ocjjgvvgpy4ulxfz3damtdseryljeeuh/bin/mpicxx - skipped
-- Detecting CXX compile features
-- Detecting CXX compile features - done
-- Found MPI_C: mpicc (found version "3.1") 
-- Found MPI_CXX: mpicxx (found version "3.1") 
-- Found MPI: TRUE (found version "3.1")  
-- Found PkgConfig: /usr/bin/pkg-config (found version "0.29.1") 
-- Checking for module 'mlpack'
--   Found mlpack, version 4.2.0
-- Configuring done (7.2s)
-- Generating done (0.1s)
-- Build files have been written to: /beegfs/home/echiavazza/unito-scpd/adaboost-mpi/build
[ 25%] Building CXX object CMakeFiles/communication_lib.dir/src/communication_lib/libcomm.cpp.o
[ 25%] Building CXX object CMakeFiles/data_lib.dir/src/data_lib/datalib.cpp.o
[ 37%] Linking CXX static library /beegfs/home/echiavazza/unito-scpd/adaboost-mpi/obj/libdata_lib.a
[ 50%] Linking CXX static library /beegfs/home/echiavazza/unito-scpd/adaboost-mpi/obj/libcommunication_lib.a
[ 50%] Built target data_lib
[ 50%] Built target communication_lib
[ 87%] Building CXX object CMakeFiles/adaboost-mpi.dir/src/communication_lib/libcomm.cpp.o
[ 87%] Building CXX object CMakeFiles/adaboost-mpi.dir/src/main.cpp.o
[ 87%] Building CXX object CMakeFiles/adaboost-mpi.dir/src/data_lib/datalib.cpp.o
[100%] Linking CXX executable /beegfs/home/echiavazza/unito-scpd/adaboost-mpi/bin/adaboost-mpi
[100%] Built target adaboost-mpi
MASTER: Uploads and distributes data among 35 clients 
MASTER: Epoch 0 end with average total error = 0.28758 and alpha = 2.69892
MASTER: Epoch 1 end with average total error = 0.418176 and alpha = 2.12202
MASTER: Epoch 2 end with average total error = 0.340038 and alpha = 2.45488
MASTER: Epoch 3 end with average total error = 0.531449 and alpha = 1.6658
MASTER: Epoch 4 end with average total error = 0.566108 and alpha = 1.52577
MASTER: Calculates the accuracy of the ensamble and its trees 
Ensabmle learning size = 5
Tree trained in epoch = 0 Accuracy = 0.683012
Tree trained in epoch = 1 Accuracy = 0.372151
Tree trained in epoch = 2 Accuracy = 0.524908
Tree trained in epoch = 3 Accuracy = 0.50329
Tree trained in epoch = 4 Accuracy = 0.511993
Accuracy Ensabmle = 0.65607 for the test dataset  in 5 epochs
Accuracy Ensabmle = 0.695101 for the train dataset  in 5 epochs
Risultati scritti con successo nel file: ../res/risultati_adaboost-mpi_strong_1_new_param_20_e2.txt per il valore 5
MASTER: Epoch 0 end with average total error = 0.28758 and alpha = 2.69892
MASTER: Epoch 1 end with average total error = 0.418176 and alpha = 2.12202
MASTER: Epoch 2 end with average total error = 0.340038 and alpha = 2.45488
MASTER: Epoch 3 end with average total error = 0.531449 and alpha = 1.6658
MASTER: Epoch 4 end with average total error = 0.566108 and alpha = 1.52577
MASTER: Epoch 5 end with average total error = 0.630494 and alpha = 1.25742
MASTER: Epoch 6 end with average total error = 0.661674 and alpha = 1.121
MASTER: Epoch 7 end with average total error = 0.696512 and alpha = 0.961015
MASTER: Epoch 8 end with average total error = 0.685409 and alpha = 1.01302
MASTER: Epoch 9 end with average total error = 0.787138 and alpha = 0.484
MASTER: Calculates the accuracy of the ensamble and its trees 
Ensabmle learning size = 10
Tree trained in epoch = 0 Accuracy = 0.683012
Tree trained in epoch = 1 Accuracy = 0.372151
Tree trained in epoch = 2 Accuracy = 0.524908
Tree trained in epoch = 3 Accuracy = 0.50329
Tree trained in epoch = 4 Accuracy = 0.511993
Tree trained in epoch = 5 Accuracy = 0.426355
Tree trained in epoch = 6 Accuracy = 0.553203
Tree trained in epoch = 7 Accuracy = 0.461266
Tree trained in epoch = 8 Accuracy = 0.510783
Tree trained in epoch = 9 Accuracy = 0.459659
Accuracy Ensabmle = 0.678927 for the test dataset  in 10 epochs
Accuracy Ensabmle = 0.725443 for the train dataset  in 10 epochs
Risultati scritti con successo nel file: ../res/risultati_adaboost-mpi_strong_1_new_param_20_e2.txt per il valore 10
MASTER: Epoch 0 end with average total error = 0.28758 and alpha = 2.69892
MASTER: Epoch 1 end with average total error = 0.418176 and alpha = 2.12202
MASTER: Epoch 2 end with average total error = 0.340038 and alpha = 2.45488
MASTER: Epoch 3 end with average total error = 0.531449 and alpha = 1.6658
MASTER: Epoch 4 end with average total error = 0.566108 and alpha = 1.52577
MASTER: Epoch 5 end with average total error = 0.630494 and alpha = 1.25742
MASTER: Epoch 6 end with average total error = 0.661674 and alpha = 1.121
MASTER: Epoch 7 end with average total error = 0.696512 and alpha = 0.961015
MASTER: Epoch 8 end with average total error = 0.685409 and alpha = 1.01302
MASTER: Epoch 9 end with average total error = 0.787138 and alpha = 0.484
MASTER: Epoch 10 end with average total error = 0.76708 and alpha = 0.599866
MASTER: Epoch 11 end with average total error = 0.756735 and alpha = 0.656896
MASTER: Epoch 12 end with average total error = 0.801476 and alpha = 0.396217
MASTER: Epoch 13 end with average total error = 0.776508 and alpha = 0.54633
MASTER: Epoch 14 end with average total error = 0.808833 and alpha = 0.349311
MASTER: Epoch 15 end with average total error = 0.843544 and alpha = 0.106924
MASTER: Epoch 16 end with average total error = 0.843987 and alpha = 0.103561
MASTER: Epoch 17 end with average total error = 0.861478 and alpha = -0.0358614
MASTER: Epoch 18 end with average total error = 0.771142 and alpha = 0.576987
MASTER: Epoch 19 end with average total error = 0.848185 and alpha = 0.0713212
MASTER: Calculates the accuracy of the ensamble and its trees 
Ensabmle learning size = 20
Tree trained in epoch = 0 Accuracy = 0.683012
Tree trained in epoch = 1 Accuracy = 0.372151
Tree trained in epoch = 2 Accuracy = 0.524908
Tree trained in epoch = 3 Accuracy = 0.50329
Tree trained in epoch = 4 Accuracy = 0.511993
Tree trained in epoch = 5 Accuracy = 0.426355
Tree trained in epoch = 6 Accuracy = 0.553203
Tree trained in epoch = 7 Accuracy = 0.461266
Tree trained in epoch = 8 Accuracy = 0.510783
Tree trained in epoch = 9 Accuracy = 0.459659
Tree trained in epoch = 10 Accuracy = 0.474237
Tree trained in epoch = 11 Accuracy = 0.492699
Tree trained in epoch = 12 Accuracy = 0.435632
Tree trained in epoch = 13 Accuracy = 0.391932
Tree trained in epoch = 14 Accuracy = 0.564999
Tree trained in epoch = 15 Accuracy = 0.559807
Tree trained in epoch = 16 Accuracy = 0.565871
Tree trained in epoch = 17 Accuracy = 0.46367
Tree trained in epoch = 18 Accuracy = 0.463469
Tree trained in epoch = 19 Accuracy = 0.468816
Accuracy Ensabmle = 0.685238 for the test dataset  in 20 epochs
Accuracy Ensabmle = 0.73706 for the train dataset  in 20 epochs
Risultati scritti con successo nel file: ../res/risultati_adaboost-mpi_strong_1_new_param_20_e2.txt per il valore 20
MASTER: Epoch 0 end with average total error = 0.28758 and alpha = 2.69892
MASTER: Epoch 1 end with average total error = 0.418176 and alpha = 2.12202
MASTER: Epoch 2 end with average total error = 0.340038 and alpha = 2.45488
MASTER: Epoch 3 end with average total error = 0.531449 and alpha = 1.6658
MASTER: Epoch 4 end with average total error = 0.566108 and alpha = 1.52577
MASTER: Epoch 5 end with average total error = 0.630494 and alpha = 1.25742
MASTER: Epoch 6 end with average total error = 0.661674 and alpha = 1.121
MASTER: Epoch 7 end with average total error = 0.696512 and alpha = 0.961015
MASTER: Epoch 8 end with average total error = 0.685409 and alpha = 1.01302
MASTER: Epoch 9 end with average total error = 0.787138 and alpha = 0.484
MASTER: Epoch 10 end with average total error = 0.76708 and alpha = 0.599866
MASTER: Epoch 11 end with average total error = 0.756735 and alpha = 0.656896
MASTER: Epoch 12 end with average total error = 0.801476 and alpha = 0.396217
MASTER: Epoch 13 end with average total error = 0.776508 and alpha = 0.54633
MASTER: Epoch 14 end with average total error = 0.808833 and alpha = 0.349311
MASTER: Epoch 15 end with average total error = 0.843544 and alpha = 0.106924
MASTER: Epoch 16 end with average total error = 0.843987 and alpha = 0.103561
MASTER: Epoch 17 end with average total error = 0.861478 and alpha = -0.0358614
MASTER: Epoch 18 end with average total error = 0.771142 and alpha = 0.576987
MASTER: Epoch 19 end with average total error = 0.848185 and alpha = 0.0713212
MASTER: Epoch 20 end with average total error = 0.875824 and alpha = -0.16171
MASTER: Epoch 21 end with average total error = 0.858523 and alpha = -0.0113197
MASTER: Epoch 22 end with average total error = 0.859734 and alpha = -0.0213252
MASTER: Epoch 23 end with average total error = 0.858689 and alpha = -0.0126837
MASTER: Epoch 24 end with average total error = 0.857228 and alpha = -0.000694051
MASTER: Epoch 25 end with average total error = 0.857148 and alpha = -3.79712e-05
MASTER: Epoch 26 end with average total error = 0.857143 and alpha = -2.07736e-06
MASTER: Epoch 27 end with average total error = 0.857143 and alpha = -1.1365e-07
MASTER: Epoch 28 end with average total error = 0.857143 and alpha = -6.21767e-09
MASTER: Epoch 29 end with average total error = 0.857143 and alpha = -3.40167e-10
MASTER: Calculates the accuracy of the ensamble and its trees 
Ensabmle learning size = 30
Tree trained in epoch = 0 Accuracy = 0.683012
Tree trained in epoch = 1 Accuracy = 0.372151
Tree trained in epoch = 2 Accuracy = 0.524908
Tree trained in epoch = 3 Accuracy = 0.50329
Tree trained in epoch = 4 Accuracy = 0.511993
Tree trained in epoch = 5 Accuracy = 0.426355
Tree trained in epoch = 6 Accuracy = 0.553203
Tree trained in epoch = 7 Accuracy = 0.461266
Tree trained in epoch = 8 Accuracy = 0.510783
Tree trained in epoch = 9 Accuracy = 0.459659
Tree trained in epoch = 10 Accuracy = 0.474237
Tree trained in epoch = 11 Accuracy = 0.492699
Tree trained in epoch = 12 Accuracy = 0.435632
Tree trained in epoch = 13 Accuracy = 0.391932
Tree trained in epoch = 14 Accuracy = 0.564999
Tree trained in epoch = 15 Accuracy = 0.559807
Tree trained in epoch = 16 Accuracy = 0.565871
Tree trained in epoch = 17 Accuracy = 0.46367
Tree trained in epoch = 18 Accuracy = 0.463469
Tree trained in epoch = 19 Accuracy = 0.468816
Tree trained in epoch = 20 Accuracy = 0.471214
Tree trained in epoch = 21 Accuracy = 0.460847
Tree trained in epoch = 22 Accuracy = 0.458099
Tree trained in epoch = 23 Accuracy = 0.463842
Tree trained in epoch = 24 Accuracy = 0.463842
Tree trained in epoch = 25 Accuracy = 0.463842
Tree trained in epoch = 26 Accuracy = 0.463842
Tree trained in epoch = 27 Accuracy = 0.463842
Tree trained in epoch = 28 Accuracy = 0.463842
Tree trained in epoch = 29 Accuracy = 0.463842
Accuracy Ensabmle = 0.68506 for the test dataset  in 30 epochs
Accuracy Ensabmle = 0.736849 for the train dataset  in 30 epochs
Risultati scritti con successo nel file: ../res/risultati_adaboost-mpi_strong_1_new_param_20_e2.txt per il valore 30
MASTER: Epoch 0 end with average total error = 0.28758 and alpha = 2.69892
MASTER: Epoch 1 end with average total error = 0.418176 and alpha = 2.12202
MASTER: Epoch 2 end with average total error = 0.340038 and alpha = 2.45488
MASTER: Epoch 3 end with average total error = 0.531449 and alpha = 1.6658
MASTER: Epoch 4 end with average total error = 0.566108 and alpha = 1.52577
MASTER: Epoch 5 end with average total error = 0.630494 and alpha = 1.25742
MASTER: Epoch 6 end with average total error = 0.661674 and alpha = 1.121
MASTER: Epoch 7 end with average total error = 0.696512 and alpha = 0.961015
MASTER: Epoch 8 end with average total error = 0.685409 and alpha = 1.01302
MASTER: Epoch 9 end with average total error = 0.787138 and alpha = 0.484
MASTER: Epoch 10 end with average total error = 0.76708 and alpha = 0.599866
MASTER: Epoch 11 end with average total error = 0.756735 and alpha = 0.656896
MASTER: Epoch 12 end with average total error = 0.801476 and alpha = 0.396217
MASTER: Epoch 13 end with average total error = 0.776508 and alpha = 0.54633
MASTER: Epoch 14 end with average total error = 0.808833 and alpha = 0.349311
MASTER: Epoch 15 end with average total error = 0.843544 and alpha = 0.106924
MASTER: Epoch 16 end with average total error = 0.843987 and alpha = 0.103561
MASTER: Epoch 17 end with average total error = 0.861478 and alpha = -0.0358614
MASTER: Epoch 18 end with average total error = 0.771142 and alpha = 0.576987
MASTER: Epoch 19 end with average total error = 0.848185 and alpha = 0.0713212
MASTER: Epoch 20 end with average total error = 0.875824 and alpha = -0.16171
MASTER: Epoch 21 end with average total error = 0.858523 and alpha = -0.0113197
MASTER: Epoch 22 end with average total error = 0.859734 and alpha = -0.0213252
MASTER: Epoch 23 end with average total error = 0.858689 and alpha = -0.0126837
MASTER: Epoch 24 end with average total error = 0.857228 and alpha = -0.000694051
MASTER: Epoch 25 end with average total error = 0.857148 and alpha = -3.79712e-05
MASTER: Epoch 26 end with average total error = 0.857143 and alpha = -2.07736e-06
MASTER: Epoch 27 end with average total error = 0.857143 and alpha = -1.1365e-07
MASTER: Epoch 28 end with average total error = 0.857143 and alpha = -6.21767e-09
MASTER: Epoch 29 end with average total error = 0.857143 and alpha = -3.40167e-10
MASTER: Epoch 30 end with average total error = 0.857143 and alpha = -1.86058e-11
MASTER: Epoch 31 end with average total error = 0.857143 and alpha = -1.02585e-12
MASTER: Epoch 32 end with average total error = 0.857143 and alpha = -5.66214e-14
MASTER: Epoch 33 end with average total error = 0.857143 and alpha = -1.33227e-15
MASTER: Epoch 34 end with average total error = 0.857143 and alpha = 8.65974e-15
MASTER: Epoch 35 end with average total error = 0.857143 and alpha = -3.33067e-15
MASTER: Epoch 36 end with average total error = 0.857143 and alpha = 4.44089e-16
MASTER: Epoch 37 end with average total error = 0.857143 and alpha = 4.44089e-16
MASTER: Epoch 38 end with average total error = 0.857143 and alpha = 4.44089e-16
MASTER: Epoch 39 end with average total error = 0.857143 and alpha = 4.44089e-16
MASTER: Calculates the accuracy of the ensamble and its trees 
Ensabmle learning size = 40
Tree trained in epoch = 0 Accuracy = 0.683012
Tree trained in epoch = 1 Accuracy = 0.372151
Tree trained in epoch = 2 Accuracy = 0.524908
Tree trained in epoch = 3 Accuracy = 0.50329
Tree trained in epoch = 4 Accuracy = 0.511993
Tree trained in epoch = 5 Accuracy = 0.426355
Tree trained in epoch = 6 Accuracy = 0.553203
Tree trained in epoch = 7 Accuracy = 0.461266
Tree trained in epoch = 8 Accuracy = 0.510783
Tree trained in epoch = 9 Accuracy = 0.459659
Tree trained in epoch = 10 Accuracy = 0.474237
Tree trained in epoch = 11 Accuracy = 0.492699
Tree trained in epoch = 12 Accuracy = 0.435632
Tree trained in epoch = 13 Accuracy = 0.391932
Tree trained in epoch = 14 Accuracy = 0.564999
Tree trained in epoch = 15 Accuracy = 0.559807
Tree trained in epoch = 16 Accuracy = 0.565871
Tree trained in epoch = 17 Accuracy = 0.46367
Tree trained in epoch = 18 Accuracy = 0.463469
Tree trained in epoch = 19 Accuracy = 0.468816
Tree trained in epoch = 20 Accuracy = 0.471214
Tree trained in epoch = 21 Accuracy = 0.460847
Tree trained in epoch = 22 Accuracy = 0.458099
Tree trained in epoch = 23 Accuracy = 0.463842
Tree trained in epoch = 24 Accuracy = 0.463842
Tree trained in epoch = 25 Accuracy = 0.463842
Tree trained in epoch = 26 Accuracy = 0.463842
Tree trained in epoch = 27 Accuracy = 0.463842
Tree trained in epoch = 28 Accuracy = 0.463842
Tree trained in epoch = 29 Accuracy = 0.463842
Tree trained in epoch = 30 Accuracy = 0.463842
Tree trained in epoch = 31 Accuracy = 0.463842
Tree trained in epoch = 32 Accuracy = 0.463842
Tree trained in epoch = 33 Accuracy = 0.463842
Tree trained in epoch = 34 Accuracy = 0.463842
Tree trained in epoch = 35 Accuracy = 0.463842
Tree trained in epoch = 36 Accuracy = 0.463842
Tree trained in epoch = 37 Accuracy = 0.463842
Tree trained in epoch = 38 Accuracy = 0.463842
Tree trained in epoch = 39 Accuracy = 0.463842
Accuracy Ensabmle = 0.68506 for the test dataset  in 40 epochs
Accuracy Ensabmle = 0.736849 for the train dataset  in 40 epochs
Risultati scritti con successo nel file: ../res/risultati_adaboost-mpi_strong_1_new_param_20_e2.txt per il valore 40
MASTER: Epoch 0 end with average total error = 0.28758 and alpha = 2.69892
MASTER: Epoch 1 end with average total error = 0.418176 and alpha = 2.12202
MASTER: Epoch 2 end with average total error = 0.340038 and alpha = 2.45488
MASTER: Epoch 3 end with average total error = 0.531449 and alpha = 1.6658
MASTER: Epoch 4 end with average total error = 0.566108 and alpha = 1.52577
MASTER: Epoch 5 end with average total error = 0.630494 and alpha = 1.25742
MASTER: Epoch 6 end with average total error = 0.661674 and alpha = 1.121
MASTER: Epoch 7 end with average total error = 0.696512 and alpha = 0.961015
MASTER: Epoch 8 end with average total error = 0.685409 and alpha = 1.01302
MASTER: Epoch 9 end with average total error = 0.787138 and alpha = 0.484
MASTER: Epoch 10 end with average total error = 0.76708 and alpha = 0.599866
MASTER: Epoch 11 end with average total error = 0.756735 and alpha = 0.656896
MASTER: Epoch 12 end with average total error = 0.801476 and alpha = 0.396217
MASTER: Epoch 13 end with average total error = 0.776508 and alpha = 0.54633
MASTER: Epoch 14 end with average total error = 0.808833 and alpha = 0.349311
MASTER: Epoch 15 end with average total error = 0.843544 and alpha = 0.106924
MASTER: Epoch 16 end with average total error = 0.843987 and alpha = 0.103561
MASTER: Epoch 17 end with average total error = 0.861478 and alpha = -0.0358614
MASTER: Epoch 18 end with average total error = 0.771142 and alpha = 0.576987
MASTER: Epoch 19 end with average total error = 0.848185 and alpha = 0.0713212
MASTER: Epoch 20 end with average total error = 0.875824 and alpha = -0.16171
MASTER: Epoch 21 end with average total error = 0.858523 and alpha = -0.0113197
MASTER: Epoch 22 end with average total error = 0.859734 and alpha = -0.0213252
MASTER: Epoch 23 end with average total error = 0.858689 and alpha = -0.0126837
MASTER: Epoch 24 end with average total error = 0.857228 and alpha = -0.000694051
MASTER: Epoch 25 end with average total error = 0.857148 and alpha = -3.79712e-05
MASTER: Epoch 26 end with average total error = 0.857143 and alpha = -2.07736e-06
MASTER: Epoch 27 end with average total error = 0.857143 and alpha = -1.1365e-07
MASTER: Epoch 28 end with average total error = 0.857143 and alpha = -6.21767e-09
MASTER: Epoch 29 end with average total error = 0.857143 and alpha = -3.40167e-10
MASTER: Epoch 30 end with average total error = 0.857143 and alpha = -1.86058e-11
MASTER: Epoch 31 end with average total error = 0.857143 and alpha = -1.02585e-12
MASTER: Epoch 32 end with average total error = 0.857143 and alpha = -5.66214e-14
MASTER: Epoch 33 end with average total error = 0.857143 and alpha = -1.33227e-15
MASTER: Epoch 34 end with average total error = 0.857143 and alpha = 8.65974e-15
MASTER: Epoch 35 end with average total error = 0.857143 and alpha = -3.33067e-15
MASTER: Epoch 36 end with average total error = 0.857143 and alpha = 4.44089e-16
MASTER: Epoch 37 end with average total error = 0.857143 and alpha = 4.44089e-16
MASTER: Epoch 38 end with average total error = 0.857143 and alpha = 4.44089e-16
MASTER: Epoch 39 end with average total error = 0.857143 and alpha = 4.44089e-16
MASTER: Epoch 40 end with average total error = 0.857143 and alpha = -1.33227e-15
MASTER: Epoch 41 end with average total error = 0.857143 and alpha = 4.44089e-16
MASTER: Epoch 42 end with average total error = 0.857143 and alpha = -6.66134e-16
MASTER: Epoch 43 end with average total error = 0.857143 and alpha = -6.66134e-16
MASTER: Epoch 44 end with average total error = 0.857143 and alpha = 4.44089e-16
MASTER: Epoch 45 end with average total error = 0.857143 and alpha = 4.44089e-16
MASTER: Epoch 46 end with average total error = 0.857143 and alpha = 4.44089e-16
MASTER: Epoch 47 end with average total error = 0.857143 and alpha = 4.44089e-16
MASTER: Epoch 48 end with average total error = 0.857143 and alpha = -1.33227e-15
MASTER: Epoch 49 end with average total error = 0.857143 and alpha = 4.44089e-16
MASTER: Calculates the accuracy of the ensamble and its trees 
Ensabmle learning size = 50
Tree trained in epoch = 0 Accuracy = 0.683012
Tree trained in epoch = 1 Accuracy = 0.372151
Tree trained in epoch = 2 Accuracy = 0.524908
Tree trained in epoch = 3 Accuracy = 0.50329
Tree trained in epoch = 4 Accuracy = 0.511993
Tree trained in epoch = 5 Accuracy = 0.426355
Tree trained in epoch = 6 Accuracy = 0.553203
Tree trained in epoch = 7 Accuracy = 0.461266
Tree trained in epoch = 8 Accuracy = 0.510783
Tree trained in epoch = 9 Accuracy = 0.459659
Tree trained in epoch = 10 Accuracy = 0.474237
Tree trained in epoch = 11 Accuracy = 0.492699
Tree trained in epoch = 12 Accuracy = 0.435632
Tree trained in epoch = 13 Accuracy = 0.391932
Tree trained in epoch = 14 Accuracy = 0.564999
Tree trained in epoch = 15 Accuracy = 0.559807
Tree trained in epoch = 16 Accuracy = 0.565871
Tree trained in epoch = 17 Accuracy = 0.46367
Tree trained in epoch = 18 Accuracy = 0.463469
Tree trained in epoch = 19 Accuracy = 0.468816
Tree trained in epoch = 20 Accuracy = 0.471214
Tree trained in epoch = 21 Accuracy = 0.460847
Tree trained in epoch = 22 Accuracy = 0.458099
Tree trained in epoch = 23 Accuracy = 0.463842
Tree trained in epoch = 24 Accuracy = 0.463842
Tree trained in epoch = 25 Accuracy = 0.463842
Tree trained in epoch = 26 Accuracy = 0.463842
Tree trained in epoch = 27 Accuracy = 0.463842
Tree trained in epoch = 28 Accuracy = 0.463842
Tree trained in epoch = 29 Accuracy = 0.463842
Tree trained in epoch = 30 Accuracy = 0.463842
Tree trained in epoch = 31 Accuracy = 0.463842
Tree trained in epoch = 32 Accuracy = 0.463842
Tree trained in epoch = 33 Accuracy = 0.463842
Tree trained in epoch = 34 Accuracy = 0.463842
Tree trained in epoch = 35 Accuracy = 0.463842
Tree trained in epoch = 36 Accuracy = 0.463842
Tree trained in epoch = 37 Accuracy = 0.463842
Tree trained in epoch = 38 Accuracy = 0.463842
Tree trained in epoch = 39 Accuracy = 0.463842
Tree trained in epoch = 40 Accuracy = 0.463842
Tree trained in epoch = 41 Accuracy = 0.463842
Tree trained in epoch = 42 Accuracy = 0.463842
Tree trained in epoch = 43 Accuracy = 0.463842
Tree trained in epoch = 44 Accuracy = 0.463842
Tree trained in epoch = 45 Accuracy = 0.463842
Tree trained in epoch = 46 Accuracy = 0.463842
Tree trained in epoch = 47 Accuracy = 0.463842
Tree trained in epoch = 48 Accuracy = 0.463842
Tree trained in epoch = 49 Accuracy = 0.463842
Accuracy Ensabmle = 0.68506 for the test dataset  in 50 epochs
Accuracy Ensabmle = 0.736849 for the train dataset  in 50 epochs
Risultati scritti con successo nel file: ../res/risultati_adaboost-mpi_strong_1_new_param_20_e2.txt per il valore 50
MASTER: Epoch 0 end with average total error = 0.28758 and alpha = 2.69892
MASTER: Epoch 1 end with average total error = 0.418176 and alpha = 2.12202
MASTER: Epoch 2 end with average total error = 0.340038 and alpha = 2.45488
MASTER: Epoch 3 end with average total error = 0.531449 and alpha = 1.6658
MASTER: Epoch 4 end with average total error = 0.566108 and alpha = 1.52577
MASTER: Epoch 5 end with average total error = 0.630494 and alpha = 1.25742
MASTER: Epoch 6 end with average total error = 0.661674 and alpha = 1.121
MASTER: Epoch 7 end with average total error = 0.696512 and alpha = 0.961015
MASTER: Epoch 8 end with average total error = 0.685409 and alpha = 1.01302
MASTER: Epoch 9 end with average total error = 0.787138 and alpha = 0.484
MASTER: Epoch 10 end with average total error = 0.76708 and alpha = 0.599866
MASTER: Epoch 11 end with average total error = 0.756735 and alpha = 0.656896
MASTER: Epoch 12 end with average total error = 0.801476 and alpha = 0.396217
MASTER: Epoch 13 end with average total error = 0.776508 and alpha = 0.54633
MASTER: Epoch 14 end with average total error = 0.808833 and alpha = 0.349311
MASTER: Epoch 15 end with average total error = 0.843544 and alpha = 0.106924
MASTER: Epoch 16 end with average total error = 0.843987 and alpha = 0.103561
MASTER: Epoch 17 end with average total error = 0.861478 and alpha = -0.0358614
MASTER: Epoch 18 end with average total error = 0.771142 and alpha = 0.576987
MASTER: Epoch 19 end with average total error = 0.848185 and alpha = 0.0713212
MASTER: Epoch 20 end with average total error = 0.875824 and alpha = -0.16171
MASTER: Epoch 21 end with average total error = 0.858523 and alpha = -0.0113197
MASTER: Epoch 22 end with average total error = 0.859734 and alpha = -0.0213252
MASTER: Epoch 23 end with average total error = 0.858689 and alpha = -0.0126837
MASTER: Epoch 24 end with average total error = 0.857228 and alpha = -0.000694051
MASTER: Epoch 25 end with average total error = 0.857148 and alpha = -3.79712e-05
MASTER: Epoch 26 end with average total error = 0.857143 and alpha = -2.07736e-06
MASTER: Epoch 27 end with average total error = 0.857143 and alpha = -1.1365e-07
MASTER: Epoch 28 end with average total error = 0.857143 and alpha = -6.21767e-09
MASTER: Epoch 29 end with average total error = 0.857143 and alpha = -3.40167e-10
MASTER: Epoch 30 end with average total error = 0.857143 and alpha = -1.86058e-11
MASTER: Epoch 31 end with average total error = 0.857143 and alpha = -1.02585e-12
MASTER: Epoch 32 end with average total error = 0.857143 and alpha = -5.66214e-14
MASTER: Epoch 33 end with average total error = 0.857143 and alpha = -1.33227e-15
MASTER: Epoch 34 end with average total error = 0.857143 and alpha = 8.65974e-15
MASTER: Epoch 35 end with average total error = 0.857143 and alpha = -3.33067e-15
MASTER: Epoch 36 end with average total error = 0.857143 and alpha = 4.44089e-16
MASTER: Epoch 37 end with average total error = 0.857143 and alpha = 4.44089e-16
MASTER: Epoch 38 end with average total error = 0.857143 and alpha = 4.44089e-16
MASTER: Epoch 39 end with average total error = 0.857143 and alpha = 4.44089e-16
MASTER: Epoch 40 end with average total error = 0.857143 and alpha = -1.33227e-15
MASTER: Epoch 41 end with average total error = 0.857143 and alpha = 4.44089e-16
MASTER: Epoch 42 end with average total error = 0.857143 and alpha = -6.66134e-16
MASTER: Epoch 43 end with average total error = 0.857143 and alpha = -6.66134e-16
MASTER: Epoch 44 end with average total error = 0.857143 and alpha = 4.44089e-16
MASTER: Epoch 45 end with average total error = 0.857143 and alpha = 4.44089e-16
MASTER: Epoch 46 end with average total error = 0.857143 and alpha = 4.44089e-16
MASTER: Epoch 47 end with average total error = 0.857143 and alpha = 4.44089e-16
MASTER: Epoch 48 end with average total error = 0.857143 and alpha = -1.33227e-15
MASTER: Epoch 49 end with average total error = 0.857143 and alpha = 4.44089e-16
MASTER: Epoch 50 end with average total error = 0.857143 and alpha = 4.44089e-16
MASTER: Epoch 51 end with average total error = 0.857143 and alpha = 4.44089e-16
MASTER: Epoch 52 end with average total error = 0.857143 and alpha = -6.66134e-16
MASTER: Epoch 53 end with average total error = 0.857143 and alpha = -1.33227e-15
MASTER: Epoch 54 end with average total error = 0.857143 and alpha = 4.44089e-16
MASTER: Epoch 55 end with average total error = 0.857143 and alpha = 4.44089e-16
MASTER: Epoch 56 end with average total error = 0.857143 and alpha = 4.44089e-16
MASTER: Epoch 57 end with average total error = 0.857143 and alpha = 4.44089e-16
MASTER: Epoch 58 end with average total error = 0.857143 and alpha = 4.44089e-16
MASTER: Epoch 59 end with average total error = 0.857143 and alpha = 4.44089e-16
MASTER: Epoch 60 end with average total error = 0.857143 and alpha = -6.66134e-16
MASTER: Epoch 61 end with average total error = 0.857143 and alpha = -1.33227e-15
MASTER: Epoch 62 end with average total error = 0.857143 and alpha = 4.44089e-16
MASTER: Epoch 63 end with average total error = 0.857143 and alpha = -6.66134e-16
MASTER: Epoch 64 end with average total error = 0.857143 and alpha = -1.33227e-15
MASTER: Epoch 65 end with average total error = 0.857143 and alpha = 1.33227e-15
MASTER: Epoch 66 end with average total error = 0.857143 and alpha = 2.22045e-15
MASTER: Epoch 67 end with average total error = 0.857143 and alpha = -1.33227e-15
MASTER: Epoch 68 end with average total error = 0.857143 and alpha = -1.33227e-15
MASTER: Epoch 69 end with average total error = 0.857143 and alpha = 4.44089e-16
MASTER: Epoch 70 end with average total error = 0.857143 and alpha = 4.44089e-16
MASTER: Epoch 71 end with average total error = 0.857143 and alpha = -6.66134e-16
MASTER: Epoch 72 end with average total error = 0.857143 and alpha = 4.44089e-16
MASTER: Epoch 73 end with average total error = 0.857143 and alpha = 4.44089e-16
MASTER: Epoch 74 end with average total error = 0.857143 and alpha = -6.66134e-16
MASTER: Epoch 75 end with average total error = 0.857143 and alpha = -6.66134e-16
MASTER: Epoch 76 end with average total error = 0.857143 and alpha = 4.44089e-16
MASTER: Epoch 77 end with average total error = 0.857143 and alpha = 4.44089e-16
MASTER: Epoch 78 end with average total error = 0.857143 and alpha = 4.44089e-16
MASTER: Epoch 79 end with average total error = 0.857143 and alpha = 4.44089e-16
MASTER: Epoch 80 end with average total error = 0.857143 and alpha = -6.66134e-16
MASTER: Epoch 81 end with average total error = 0.857143 and alpha = -1.33227e-15
MASTER: Epoch 82 end with average total error = 0.857143 and alpha = 4.44089e-16
MASTER: Epoch 83 end with average total error = 0.857143 and alpha = 4.44089e-16
MASTER: Epoch 84 end with average total error = 0.857143 and alpha = 4.44089e-16
MASTER: Epoch 85 end with average total error = 0.857143 and alpha = 4.44089e-16
MASTER: Epoch 86 end with average total error = 0.857143 and alpha = 4.44089e-16
MASTER: Epoch 87 end with average total error = 0.857143 and alpha = 4.44089e-16
MASTER: Epoch 88 end with average total error = 0.857143 and alpha = -6.66134e-16
MASTER: Epoch 89 end with average total error = 0.857143 and alpha = -6.66134e-16
MASTER: Epoch 90 end with average total error = 0.857143 and alpha = 4.44089e-16
MASTER: Epoch 91 end with average total error = 0.857143 and alpha = 4.44089e-16
MASTER: Epoch 92 end with average total error = 0.857143 and alpha = 4.44089e-16
MASTER: Epoch 93 end with average total error = 0.857143 and alpha = 4.44089e-16
MASTER: Epoch 94 end with average total error = 0.857143 and alpha = -6.66134e-16
MASTER: Epoch 95 end with average total error = 0.857143 and alpha = -1.33227e-15
MASTER: Epoch 96 end with average total error = 0.857143 and alpha = 4.44089e-16
MASTER: Epoch 97 end with average total error = 0.857143 and alpha = 4.44089e-16
MASTER: Epoch 98 end with average total error = 0.857143 and alpha = 4.44089e-16
MASTER: Epoch 99 end with average total error = 0.857143 and alpha = -6.66134e-16
MASTER: Calculates the accuracy of the ensamble and its trees 
Ensabmle learning size = 100
Tree trained in epoch = 0 Accuracy = 0.683012
Tree trained in epoch = 1 Accuracy = 0.372151
Tree trained in epoch = 2 Accuracy = 0.524908
Tree trained in epoch = 3 Accuracy = 0.50329
Tree trained in epoch = 4 Accuracy = 0.511993
Tree trained in epoch = 5 Accuracy = 0.426355
Tree trained in epoch = 6 Accuracy = 0.553203
Tree trained in epoch = 7 Accuracy = 0.461266
Tree trained in epoch = 8 Accuracy = 0.510783
Tree trained in epoch = 9 Accuracy = 0.459659
Tree trained in epoch = 10 Accuracy = 0.474237
Tree trained in epoch = 11 Accuracy = 0.492699
Tree trained in epoch = 12 Accuracy = 0.435632
Tree trained in epoch = 13 Accuracy = 0.391932
Tree trained in epoch = 14 Accuracy = 0.564999
Tree trained in epoch = 15 Accuracy = 0.559807
Tree trained in epoch = 16 Accuracy = 0.565871
Tree trained in epoch = 17 Accuracy = 0.46367
Tree trained in epoch = 18 Accuracy = 0.463469
Tree trained in epoch = 19 Accuracy = 0.468816
Tree trained in epoch = 20 Accuracy = 0.471214
Tree trained in epoch = 21 Accuracy = 0.460847
Tree trained in epoch = 22 Accuracy = 0.458099
Tree trained in epoch = 23 Accuracy = 0.463842
Tree trained in epoch = 24 Accuracy = 0.463842
Tree trained in epoch = 25 Accuracy = 0.463842
Tree trained in epoch = 26 Accuracy = 0.463842
Tree trained in epoch = 27 Accuracy = 0.463842
Tree trained in epoch = 28 Accuracy = 0.463842
Tree trained in epoch = 29 Accuracy = 0.463842
Tree trained in epoch = 30 Accuracy = 0.463842
Tree trained in epoch = 31 Accuracy = 0.463842
Tree trained in epoch = 32 Accuracy = 0.463842
Tree trained in epoch = 33 Accuracy = 0.463842
Tree trained in epoch = 34 Accuracy = 0.463842
Tree trained in epoch = 35 Accuracy = 0.463842
Tree trained in epoch = 36 Accuracy = 0.463842
Tree trained in epoch = 37 Accuracy = 0.463842
Tree trained in epoch = 38 Accuracy = 0.463842
Tree trained in epoch = 39 Accuracy = 0.463842
Tree trained in epoch = 40 Accuracy = 0.463842
Tree trained in epoch = 41 Accuracy = 0.463842
Tree trained in epoch = 42 Accuracy = 0.463842
Tree trained in epoch = 43 Accuracy = 0.463842
Tree trained in epoch = 44 Accuracy = 0.463842
Tree trained in epoch = 45 Accuracy = 0.463842
Tree trained in epoch = 46 Accuracy = 0.463842
Tree trained in epoch = 47 Accuracy = 0.463842
Tree trained in epoch = 48 Accuracy = 0.463842
Tree trained in epoch = 49 Accuracy = 0.463842
Tree trained in epoch = 50 Accuracy = 0.463842
Tree trained in epoch = 51 Accuracy = 0.463842
Tree trained in epoch = 52 Accuracy = 0.463842
Tree trained in epoch = 53 Accuracy = 0.463842
Tree trained in epoch = 54 Accuracy = 0.463842
Tree trained in epoch = 55 Accuracy = 0.463842
Tree trained in epoch = 56 Accuracy = 0.463842
Tree trained in epoch = 57 Accuracy = 0.463842
Tree trained in epoch = 58 Accuracy = 0.463842
Tree trained in epoch = 59 Accuracy = 0.463842
Tree trained in epoch = 60 Accuracy = 0.463842
Tree trained in epoch = 61 Accuracy = 0.463842
Tree trained in epoch = 62 Accuracy = 0.463842
Tree trained in epoch = 63 Accuracy = 0.463842
Tree trained in epoch = 64 Accuracy = 0.463842
Tree trained in epoch = 65 Accuracy = 0.463842
Tree trained in epoch = 66 Accuracy = 0.463842
Tree trained in epoch = 67 Accuracy = 0.463842
Tree trained in epoch = 68 Accuracy = 0.463842
Tree trained in epoch = 69 Accuracy = 0.463842
Tree trained in epoch = 70 Accuracy = 0.463842
Tree trained in epoch = 71 Accuracy = 0.463842
Tree trained in epoch = 72 Accuracy = 0.463842
Tree trained in epoch = 73 Accuracy = 0.463842
Tree trained in epoch = 74 Accuracy = 0.463842
Tree trained in epoch = 75 Accuracy = 0.463842
Tree trained in epoch = 76 Accuracy = 0.463842
Tree trained in epoch = 77 Accuracy = 0.463842
Tree trained in epoch = 78 Accuracy = 0.463842
Tree trained in epoch = 79 Accuracy = 0.463842
Tree trained in epoch = 80 Accuracy = 0.463842
Tree trained in epoch = 81 Accuracy = 0.463842
Tree trained in epoch = 82 Accuracy = 0.463842
Tree trained in epoch = 83 Accuracy = 0.463842
Tree trained in epoch = 84 Accuracy = 0.463842
Tree trained in epoch = 85 Accuracy = 0.463842
Tree trained in epoch = 86 Accuracy = 0.463842
Tree trained in epoch = 87 Accuracy = 0.463842
Tree trained in epoch = 88 Accuracy = 0.463842
Tree trained in epoch = 89 Accuracy = 0.463842
Tree trained in epoch = 90 Accuracy = 0.463842
Tree trained in epoch = 91 Accuracy = 0.463842
Tree trained in epoch = 92 Accuracy = 0.463842
Tree trained in epoch = 93 Accuracy = 0.463842
Tree trained in epoch = 94 Accuracy = 0.463842
Tree trained in epoch = 95 Accuracy = 0.463842
Tree trained in epoch = 96 Accuracy = 0.463842
Tree trained in epoch = 97 Accuracy = 0.463842
Tree trained in epoch = 98 Accuracy = 0.463842
Tree trained in epoch = 99 Accuracy = 0.463842
Accuracy Ensabmle = 0.68506 for the test dataset  in 100 epochs
Accuracy Ensabmle = 0.736849 for the train dataset  in 100 epochs
Risultati scritti con successo nel file: ../res/risultati_adaboost-mpi_strong_1_new_param_20_e2.txt per il valore 100
