-- The C compiler identification is GNU 9.4.0
-- The CXX compiler identification is GNU 9.4.0
-- Detecting C compiler ABI info
-- Detecting C compiler ABI info - done
-- Check for working C compiler: /beegfs/home/echiavazza/spack/opt/spack/linux-ubuntu20.04-cascadelake/gcc-9.4.0/openmpi-5.0.3-ocjjgvvgpy4ulxfz3damtdseryljeeuh/bin/mpicc - skipped
-- Detecting C compile features
-- Detecting C compile features - done
-- Detecting CXX compiler ABI info
-- Detecting CXX compiler ABI info - done
-- Check for working CXX compiler: /beegfs/home/echiavazza/spack/opt/spack/linux-ubuntu20.04-cascadelake/gcc-9.4.0/openmpi-5.0.3-ocjjgvvgpy4ulxfz3damtdseryljeeuh/bin/mpicxx - skipped
-- Detecting CXX compile features
-- Detecting CXX compile features - done
-- Found MPI_C: mpicc (found version "3.1") 
-- Found MPI_CXX: mpicxx (found version "3.1") 
-- Found MPI: TRUE (found version "3.1")  
-- Found PkgConfig: /usr/bin/pkg-config (found version "0.29.1") 
-- Checking for module 'mlpack'
--   Found mlpack, version 4.2.0
-- Configuring done (7.6s)
-- Generating done (0.1s)
-- Build files have been written to: /beegfs/home/echiavazza/unito-scpd/adaboost-mpi/build
[ 25%] Building CXX object CMakeFiles/data_lib.dir/src/data_lib/datalib.cpp.o
[ 25%] Building CXX object CMakeFiles/communication_lib.dir/src/communication_lib/libcomm.cpp.o
[ 37%] Linking CXX static library /beegfs/home/echiavazza/unito-scpd/adaboost-mpi/obj/libdata_lib.a
[ 50%] Linking CXX static library /beegfs/home/echiavazza/unito-scpd/adaboost-mpi/obj/libcommunication_lib.a
[ 50%] Built target data_lib
[ 50%] Built target communication_lib
[ 87%] Building CXX object CMakeFiles/adaboost-mpi.dir/src/main.cpp.o
[ 87%] Building CXX object CMakeFiles/adaboost-mpi.dir/src/data_lib/datalib.cpp.o
[ 87%] Building CXX object CMakeFiles/adaboost-mpi.dir/src/communication_lib/libcomm.cpp.o
[100%] Linking CXX executable /beegfs/home/echiavazza/unito-scpd/adaboost-mpi/bin/adaboost-mpi
[100%] Built target adaboost-mpi
MASTER: Uploads and distributes data among 287 clients 
MASTER:added tree 
MASTER: Epoch 0 end with average total error = 0.369901 and alpha = 2.3244
MASTER:added tree 
MASTER: Epoch 1 end with average total error = 0.495502 and alpha = 1.80975
MASTER:added tree 
MASTER: Epoch 2 end with average total error = 0.541105 and alpha = 1.62697
MASTER:added tree 
MASTER: Epoch 3 end with average total error = 0.583804 and alpha = 1.45335
MASTER:added tree 
MASTER: Epoch 4 end with average total error = 0.603615 and alpha = 1.37121
MASTER: Calculates the accuracy of the ensamble and its trees 
Ensabmle learning size = 5
Tree trained in epoch = 0 Accuracy = 0.618308
Tree trained in epoch = 1 Accuracy = 0.468839
Tree trained in epoch = 2 Accuracy = 0.449476
Tree trained in epoch = 3 Accuracy = 0.417377
Tree trained in epoch = 4 Accuracy = 0.377331
Accuracy Ensabmle = 0.58754 for the test dataset  in 5 epochs
Accuracy Ensabmle = 0.606099 for the train dataset  in 5 epochs
Risultati scritti con successo nel file: ../res/risultati_adaboost-mpi_strong_8_prest.txt per il valore 5
MASTER:added tree 
MASTER: Epoch 0 end with average total error = 0.369901 and alpha = 2.3244
MASTER:added tree 
MASTER: Epoch 1 end with average total error = 0.495502 and alpha = 1.80975
MASTER:added tree 
MASTER: Epoch 2 end with average total error = 0.541105 and alpha = 1.62697
MASTER:added tree 
MASTER: Epoch 3 end with average total error = 0.583804 and alpha = 1.45335
MASTER:added tree 
MASTER: Epoch 4 end with average total error = 0.603615 and alpha = 1.37121
MASTER:added tree 
MASTER: Epoch 5 end with average total error = 0.624597 and alpha = 1.28266
MASTER:added tree 
MASTER: Epoch 6 end with average total error = 0.645342 and alpha = 1.19313
MASTER:added tree 
MASTER: Epoch 7 end with average total error = 0.657688 and alpha = 1.13875
MASTER:added tree 
MASTER: Epoch 8 end with average total error = 0.655363 and alpha = 1.14906
MASTER:added tree 
MASTER: Epoch 9 end with average total error = 0.69573 and alpha = 0.964714
MASTER: Calculates the accuracy of the ensamble and its trees 
Ensabmle learning size = 10
Tree trained in epoch = 0 Accuracy = 0.618308
Tree trained in epoch = 1 Accuracy = 0.468839
Tree trained in epoch = 2 Accuracy = 0.449476
Tree trained in epoch = 3 Accuracy = 0.417377
Tree trained in epoch = 4 Accuracy = 0.377331
Tree trained in epoch = 5 Accuracy = 0.436447
Tree trained in epoch = 6 Accuracy = 0.378312
Tree trained in epoch = 7 Accuracy = 0.400814
Tree trained in epoch = 8 Accuracy = 0.390578
Tree trained in epoch = 9 Accuracy = 0.351709
Accuracy Ensabmle = 0.591109 for the test dataset  in 10 epochs
Accuracy Ensabmle = 0.612281 for the train dataset  in 10 epochs
Risultati scritti con successo nel file: ../res/risultati_adaboost-mpi_strong_8_prest.txt per il valore 10
MASTER:added tree 
MASTER: Epoch 0 end with average total error = 0.369901 and alpha = 2.3244
MASTER:added tree 
MASTER: Epoch 1 end with average total error = 0.495502 and alpha = 1.80975
MASTER:added tree 
MASTER: Epoch 2 end with average total error = 0.541105 and alpha = 1.62697
MASTER:added tree 
MASTER: Epoch 3 end with average total error = 0.583804 and alpha = 1.45335
MASTER:added tree 
MASTER: Epoch 4 end with average total error = 0.603615 and alpha = 1.37121
MASTER:added tree 
MASTER: Epoch 5 end with average total error = 0.624597 and alpha = 1.28266
MASTER:added tree 
MASTER: Epoch 6 end with average total error = 0.645342 and alpha = 1.19313
MASTER:added tree 
MASTER: Epoch 7 end with average total error = 0.657688 and alpha = 1.13875
MASTER:added tree 
MASTER: Epoch 8 end with average total error = 0.655363 and alpha = 1.14906
MASTER:added tree 
MASTER: Epoch 9 end with average total error = 0.69573 and alpha = 0.964714
MASTER:added tree 
MASTER: Epoch 10 end with average total error = 0.684845 and alpha = 1.01563
MASTER:added tree 
MASTER: Epoch 11 end with average total error = 0.711128 and alpha = 0.890892
MASTER:added tree 
MASTER: Epoch 12 end with average total error = 0.723196 and alpha = 0.831389
MASTER:added tree 
MASTER: Epoch 13 end with average total error = 0.744355 and alpha = 0.723032
MASTER:added tree 
MASTER: Epoch 14 end with average total error = 0.730216 and alpha = 0.796041
MASTER:added tree 
MASTER: Epoch 15 end with average total error = 0.769389 and alpha = 0.586893
MASTER:added tree 
MASTER: Epoch 16 end with average total error = 0.808833 and alpha = 0.349312
MASTER:added tree 
MASTER: Epoch 17 end with average total error = 0.800429 and alpha = 0.402782
MASTER:added tree 
MASTER: Epoch 18 end with average total error = 0.831137 and alpha = 0.198049
MASTER:added tree 
MASTER: Epoch 19 end with average total error = 0.789085 and alpha = 0.47234
MASTER: Calculates the accuracy of the ensamble and its trees 
Ensabmle learning size = 20
Tree trained in epoch = 0 Accuracy = 0.618308
Tree trained in epoch = 1 Accuracy = 0.468839
Tree trained in epoch = 2 Accuracy = 0.449476
Tree trained in epoch = 3 Accuracy = 0.417377
Tree trained in epoch = 4 Accuracy = 0.377331
Tree trained in epoch = 5 Accuracy = 0.436447
Tree trained in epoch = 6 Accuracy = 0.378312
Tree trained in epoch = 7 Accuracy = 0.400814
Tree trained in epoch = 8 Accuracy = 0.390578
Tree trained in epoch = 9 Accuracy = 0.351709
Tree trained in epoch = 10 Accuracy = 0.366161
Tree trained in epoch = 11 Accuracy = 0.437698
Tree trained in epoch = 12 Accuracy = 0.381256
Tree trained in epoch = 13 Accuracy = 0.388662
Tree trained in epoch = 14 Accuracy = 0.449223
Tree trained in epoch = 15 Accuracy = 0.43305
Tree trained in epoch = 16 Accuracy = 0.452729
Tree trained in epoch = 17 Accuracy = 0.453888
Tree trained in epoch = 18 Accuracy = 0.355203
Tree trained in epoch = 19 Accuracy = 0.478403
Accuracy Ensabmle = 0.612078 for the test dataset  in 20 epochs
Accuracy Ensabmle = 0.638127 for the train dataset  in 20 epochs
Risultati scritti con successo nel file: ../res/risultati_adaboost-mpi_strong_8_prest.txt per il valore 20
MASTER:added tree 
MASTER: Epoch 0 end with average total error = 0.369901 and alpha = 2.3244
MASTER:added tree 
MASTER: Epoch 1 end with average total error = 0.495502 and alpha = 1.80975
MASTER:added tree 
MASTER: Epoch 2 end with average total error = 0.541105 and alpha = 1.62697
MASTER:added tree 
MASTER: Epoch 3 end with average total error = 0.583804 and alpha = 1.45335
MASTER:added tree 
MASTER: Epoch 4 end with average total error = 0.603615 and alpha = 1.37121
MASTER:added tree 
MASTER: Epoch 5 end with average total error = 0.624597 and alpha = 1.28266
MASTER:added tree 
MASTER: Epoch 6 end with average total error = 0.645342 and alpha = 1.19313
MASTER:added tree 
MASTER: Epoch 7 end with average total error = 0.657688 and alpha = 1.13875
MASTER:added tree 
MASTER: Epoch 8 end with average total error = 0.655363 and alpha = 1.14906
MASTER:added tree 
MASTER: Epoch 9 end with average total error = 0.69573 and alpha = 0.964714
MASTER:added tree 
MASTER: Epoch 10 end with average total error = 0.684845 and alpha = 1.01563
MASTER:added tree 
MASTER: Epoch 11 end with average total error = 0.711128 and alpha = 0.890892
MASTER:added tree 
MASTER: Epoch 12 end with average total error = 0.723196 and alpha = 0.831389
MASTER:added tree 
MASTER: Epoch 13 end with average total error = 0.744355 and alpha = 0.723032
MASTER:added tree 
MASTER: Epoch 14 end with average total error = 0.730216 and alpha = 0.796041
MASTER:added tree 
MASTER: Epoch 15 end with average total error = 0.769389 and alpha = 0.586893
MASTER:added tree 
MASTER: Epoch 16 end with average total error = 0.808833 and alpha = 0.349312
MASTER:added tree 
MASTER: Epoch 17 end with average total error = 0.800429 and alpha = 0.402782
MASTER:added tree 
MASTER: Epoch 18 end with average total error = 0.831137 and alpha = 0.198049
MASTER:added tree 
MASTER: Epoch 19 end with average total error = 0.789085 and alpha = 0.47234
MASTER:added tree 
MASTER: Epoch 20 end with average total error = 0.812734 and alpha = 0.323883
MASTER:added tree 
MASTER: Epoch 21 end with average total error = 0.840708 and alpha = 0.128253
MASTER:added tree 
MASTER: Epoch 22 end with average total error = 0.834292 and alpha = 0.175404
MASTER:added tree 
MASTER: Epoch 23 end with average total error = 0.817493 and alpha = 0.292306
MASTER:added tree 
MASTER: Epoch 24 end with average total error = 0.855661 and alpha = 0.0120463
MASTER: Epoch 25 end with average total error = 0.857094 and alpha = 0.000400016
MASTER: Epoch 26 end with average total error = 0.857141 and alpha = 1.32469e-05
MASTER: Epoch 27 end with average total error = 0.857143 and alpha = 4.3864e-07
MASTER: Epoch 28 end with average total error = 0.857143 and alpha = 1.45246e-08
MASTER: Epoch 29 end with average total error = 0.857143 and alpha = 4.80943e-10
MASTER: Calculates the accuracy of the ensamble and its trees 
Ensabmle learning size = 25
Tree trained in epoch = 0 Accuracy = 0.618308
Tree trained in epoch = 1 Accuracy = 0.468839
Tree trained in epoch = 2 Accuracy = 0.449476
Tree trained in epoch = 3 Accuracy = 0.417377
Tree trained in epoch = 4 Accuracy = 0.377331
Tree trained in epoch = 5 Accuracy = 0.436447
Tree trained in epoch = 6 Accuracy = 0.378312
Tree trained in epoch = 7 Accuracy = 0.400814
Tree trained in epoch = 8 Accuracy = 0.390578
Tree trained in epoch = 9 Accuracy = 0.351709
Tree trained in epoch = 10 Accuracy = 0.366161
Tree trained in epoch = 11 Accuracy = 0.437698
Tree trained in epoch = 12 Accuracy = 0.381256
Tree trained in epoch = 13 Accuracy = 0.388662
Tree trained in epoch = 14 Accuracy = 0.449223
Tree trained in epoch = 15 Accuracy = 0.43305
Tree trained in epoch = 16 Accuracy = 0.452729
Tree trained in epoch = 17 Accuracy = 0.453888
Tree trained in epoch = 18 Accuracy = 0.355203
Tree trained in epoch = 19 Accuracy = 0.478403
Tree trained in epoch = 20 Accuracy = 0.46208
Tree trained in epoch = 21 Accuracy = 0.455666
Tree trained in epoch = 22 Accuracy = 0.453452
Tree trained in epoch = 23 Accuracy = 0.412087
Tree trained in epoch = 24 Accuracy = 0.471535
Accuracy Ensabmle = 0.616484 for the test dataset  in 30 epochs
Accuracy Ensabmle = 0.643453 for the train dataset  in 30 epochs
Risultati scritti con successo nel file: ../res/risultati_adaboost-mpi_strong_8_prest.txt per il valore 30
MASTER:added tree 
MASTER: Epoch 0 end with average total error = 0.369901 and alpha = 2.3244
MASTER:added tree 
MASTER: Epoch 1 end with average total error = 0.495502 and alpha = 1.80975
MASTER:added tree 
MASTER: Epoch 2 end with average total error = 0.541105 and alpha = 1.62697
MASTER:added tree 
MASTER: Epoch 3 end with average total error = 0.583804 and alpha = 1.45335
MASTER:added tree 
MASTER: Epoch 4 end with average total error = 0.603615 and alpha = 1.37121
MASTER:added tree 
MASTER: Epoch 5 end with average total error = 0.624597 and alpha = 1.28266
MASTER:added tree 
MASTER: Epoch 6 end with average total error = 0.645342 and alpha = 1.19313
MASTER:added tree 
MASTER: Epoch 7 end with average total error = 0.657688 and alpha = 1.13875
MASTER:added tree 
MASTER: Epoch 8 end with average total error = 0.655363 and alpha = 1.14906
MASTER:added tree 
MASTER: Epoch 9 end with average total error = 0.69573 and alpha = 0.964714
MASTER:added tree 
MASTER: Epoch 10 end with average total error = 0.684845 and alpha = 1.01563
MASTER:added tree 
MASTER: Epoch 11 end with average total error = 0.711128 and alpha = 0.890892
MASTER:added tree 
MASTER: Epoch 12 end with average total error = 0.723196 and alpha = 0.831389
MASTER:added tree 
MASTER: Epoch 13 end with average total error = 0.744355 and alpha = 0.723032
MASTER:added tree 
MASTER: Epoch 14 end with average total error = 0.730216 and alpha = 0.796041
MASTER:added tree 
MASTER: Epoch 15 end with average total error = 0.769389 and alpha = 0.586893
MASTER:added tree 
MASTER: Epoch 16 end with average total error = 0.808833 and alpha = 0.349312
MASTER:added tree 
MASTER: Epoch 17 end with average total error = 0.800429 and alpha = 0.402782
MASTER:added tree 
MASTER: Epoch 18 end with average total error = 0.831137 and alpha = 0.198049
MASTER:added tree 
MASTER: Epoch 19 end with average total error = 0.789085 and alpha = 0.47234
MASTER:added tree 
MASTER: Epoch 20 end with average total error = 0.812734 and alpha = 0.323883
MASTER:added tree 
MASTER: Epoch 21 end with average total error = 0.840708 and alpha = 0.128253
MASTER:added tree 
MASTER: Epoch 22 end with average total error = 0.834292 and alpha = 0.175404
MASTER:added tree 
MASTER: Epoch 23 end with average total error = 0.817493 and alpha = 0.292306
MASTER:added tree 
MASTER: Epoch 24 end with average total error = 0.855661 and alpha = 0.0120463
MASTER: Epoch 25 end with average total error = 0.857094 and alpha = 0.000400016
MASTER: Epoch 26 end with average total error = 0.857141 and alpha = 1.32469e-05
MASTER: Epoch 27 end with average total error = 0.857143 and alpha = 4.3864e-07
MASTER: Epoch 28 end with average total error = 0.857143 and alpha = 1.45246e-08
MASTER: Epoch 29 end with average total error = 0.857143 and alpha = 4.80943e-10
MASTER: Epoch 30 end with average total error = 0.857143 and alpha = 1.59279e-11
MASTER: Epoch 31 end with average total error = 0.857143 and alpha = 5.25358e-13
MASTER: Epoch 32 end with average total error = 0.857143 and alpha = 1.86517e-14
MASTER: Epoch 33 end with average total error = 0.857143 and alpha = 1.33227e-15
MASTER: Epoch 34 end with average total error = 0.857143 and alpha = 1.33227e-15
MASTER: Epoch 35 end with average total error = 0.857143 and alpha = 4.44089e-16
MASTER: Epoch 36 end with average total error = 0.857143 and alpha = 4.44089e-16
MASTER: Epoch 37 end with average total error = 0.857143 and alpha = 4.44089e-16
MASTER: Epoch 38 end with average total error = 0.857143 and alpha = 4.44089e-16
MASTER: Epoch 39 end with average total error = 0.857143 and alpha = 4.44089e-16
MASTER: Calculates the accuracy of the ensamble and its trees 
Ensabmle learning size = 25
Tree trained in epoch = 0 Accuracy = 0.618308
Tree trained in epoch = 1 Accuracy = 0.468839
Tree trained in epoch = 2 Accuracy = 0.449476
Tree trained in epoch = 3 Accuracy = 0.417377
Tree trained in epoch = 4 Accuracy = 0.377331
Tree trained in epoch = 5 Accuracy = 0.436447
Tree trained in epoch = 6 Accuracy = 0.378312
Tree trained in epoch = 7 Accuracy = 0.400814
Tree trained in epoch = 8 Accuracy = 0.390578
Tree trained in epoch = 9 Accuracy = 0.351709
Tree trained in epoch = 10 Accuracy = 0.366161
Tree trained in epoch = 11 Accuracy = 0.437698
Tree trained in epoch = 12 Accuracy = 0.381256
Tree trained in epoch = 13 Accuracy = 0.388662
Tree trained in epoch = 14 Accuracy = 0.449223
Tree trained in epoch = 15 Accuracy = 0.43305
Tree trained in epoch = 16 Accuracy = 0.452729
Tree trained in epoch = 17 Accuracy = 0.453888
Tree trained in epoch = 18 Accuracy = 0.355203
Tree trained in epoch = 19 Accuracy = 0.478403
Tree trained in epoch = 20 Accuracy = 0.46208
Tree trained in epoch = 21 Accuracy = 0.455666
Tree trained in epoch = 22 Accuracy = 0.453452
Tree trained in epoch = 23 Accuracy = 0.412087
Tree trained in epoch = 24 Accuracy = 0.471535
Accuracy Ensabmle = 0.616484 for the test dataset  in 40 epochs
Accuracy Ensabmle = 0.643453 for the train dataset  in 40 epochs
Risultati scritti con successo nel file: ../res/risultati_adaboost-mpi_strong_8_prest.txt per il valore 40
MASTER:added tree 
MASTER: Epoch 0 end with average total error = 0.369901 and alpha = 2.3244
MASTER:added tree 
MASTER: Epoch 1 end with average total error = 0.495502 and alpha = 1.80975
MASTER:added tree 
MASTER: Epoch 2 end with average total error = 0.541105 and alpha = 1.62697
MASTER:added tree 
MASTER: Epoch 3 end with average total error = 0.583804 and alpha = 1.45335
MASTER:added tree 
MASTER: Epoch 4 end with average total error = 0.603615 and alpha = 1.37121
MASTER:added tree 
MASTER: Epoch 5 end with average total error = 0.624597 and alpha = 1.28266
MASTER:added tree 
MASTER: Epoch 6 end with average total error = 0.645342 and alpha = 1.19313
MASTER:added tree 
MASTER: Epoch 7 end with average total error = 0.657688 and alpha = 1.13875
MASTER:added tree 
MASTER: Epoch 8 end with average total error = 0.655363 and alpha = 1.14906
MASTER:added tree 
MASTER: Epoch 9 end with average total error = 0.69573 and alpha = 0.964714
MASTER:added tree 
MASTER: Epoch 10 end with average total error = 0.684845 and alpha = 1.01563
MASTER:added tree 
MASTER: Epoch 11 end with average total error = 0.711128 and alpha = 0.890892
MASTER:added tree 
MASTER: Epoch 12 end with average total error = 0.723196 and alpha = 0.831389
MASTER:added tree 
MASTER: Epoch 13 end with average total error = 0.744355 and alpha = 0.723032
MASTER:added tree 
MASTER: Epoch 14 end with average total error = 0.730216 and alpha = 0.796041
MASTER:added tree 
MASTER: Epoch 15 end with average total error = 0.769389 and alpha = 0.586893
MASTER:added tree 
MASTER: Epoch 16 end with average total error = 0.808833 and alpha = 0.349312
MASTER:added tree 
MASTER: Epoch 17 end with average total error = 0.800429 and alpha = 0.402782
MASTER:added tree 
MASTER: Epoch 18 end with average total error = 0.831137 and alpha = 0.198049
MASTER:added tree 
MASTER: Epoch 19 end with average total error = 0.789085 and alpha = 0.47234
MASTER:added tree 
MASTER: Epoch 20 end with average total error = 0.812734 and alpha = 0.323883
MASTER:added tree 
MASTER: Epoch 21 end with average total error = 0.840708 and alpha = 0.128253
MASTER:added tree 
MASTER: Epoch 22 end with average total error = 0.834292 and alpha = 0.175404
MASTER:added tree 
MASTER: Epoch 23 end with average total error = 0.817493 and alpha = 0.292306
MASTER:added tree 
MASTER: Epoch 24 end with average total error = 0.855661 and alpha = 0.0120463
MASTER: Epoch 25 end with average total error = 0.857094 and alpha = 0.000400016
MASTER: Epoch 26 end with average total error = 0.857141 and alpha = 1.32469e-05
MASTER: Epoch 27 end with average total error = 0.857143 and alpha = 4.3864e-07
MASTER: Epoch 28 end with average total error = 0.857143 and alpha = 1.45246e-08
MASTER: Epoch 29 end with average total error = 0.857143 and alpha = 4.80943e-10
MASTER: Epoch 30 end with average total error = 0.857143 and alpha = 1.59279e-11
MASTER: Epoch 31 end with average total error = 0.857143 and alpha = 5.25358e-13
MASTER: Epoch 32 end with average total error = 0.857143 and alpha = 1.86517e-14
MASTER: Epoch 33 end with average total error = 0.857143 and alpha = 1.33227e-15
MASTER: Epoch 34 end with average total error = 0.857143 and alpha = 1.33227e-15
MASTER: Epoch 35 end with average total error = 0.857143 and alpha = 4.44089e-16
MASTER: Epoch 36 end with average total error = 0.857143 and alpha = 4.44089e-16
MASTER: Epoch 37 end with average total error = 0.857143 and alpha = 4.44089e-16
MASTER: Epoch 38 end with average total error = 0.857143 and alpha = 4.44089e-16
MASTER: Epoch 39 end with average total error = 0.857143 and alpha = 4.44089e-16
MASTER: Epoch 40 end with average total error = 0.857143 and alpha = 4.44089e-16
MASTER: Epoch 41 end with average total error = 0.857143 and alpha = 4.44089e-16
MASTER: Epoch 42 end with average total error = 0.857143 and alpha = -1.33227e-15
MASTER: Epoch 43 end with average total error = 0.857143 and alpha = 4.44089e-16
MASTER: Epoch 44 end with average total error = 0.857143 and alpha = -6.66134e-16
MASTER: Epoch 45 end with average total error = 0.857143 and alpha = 4.44089e-16
MASTER: Epoch 46 end with average total error = 0.857143 and alpha = -6.66134e-16
MASTER: Epoch 47 end with average total error = 0.857143 and alpha = 4.44089e-16
MASTER: Epoch 48 end with average total error = 0.857143 and alpha = -6.66134e-16
MASTER: Epoch 49 end with average total error = 0.857143 and alpha = 4.44089e-16
MASTER: Calculates the accuracy of the ensamble and its trees 
Ensabmle learning size = 25
Tree trained in epoch = 0 Accuracy = 0.618308
Tree trained in epoch = 1 Accuracy = 0.468839
Tree trained in epoch = 2 Accuracy = 0.449476
Tree trained in epoch = 3 Accuracy = 0.417377
Tree trained in epoch = 4 Accuracy = 0.377331
Tree trained in epoch = 5 Accuracy = 0.436447
Tree trained in epoch = 6 Accuracy = 0.378312
Tree trained in epoch = 7 Accuracy = 0.400814
Tree trained in epoch = 8 Accuracy = 0.390578
Tree trained in epoch = 9 Accuracy = 0.351709
Tree trained in epoch = 10 Accuracy = 0.366161
Tree trained in epoch = 11 Accuracy = 0.437698
Tree trained in epoch = 12 Accuracy = 0.381256
Tree trained in epoch = 13 Accuracy = 0.388662
Tree trained in epoch = 14 Accuracy = 0.449223
Tree trained in epoch = 15 Accuracy = 0.43305
Tree trained in epoch = 16 Accuracy = 0.452729
Tree trained in epoch = 17 Accuracy = 0.453888
Tree trained in epoch = 18 Accuracy = 0.355203
Tree trained in epoch = 19 Accuracy = 0.478403
Tree trained in epoch = 20 Accuracy = 0.46208
Tree trained in epoch = 21 Accuracy = 0.455666
Tree trained in epoch = 22 Accuracy = 0.453452
Tree trained in epoch = 23 Accuracy = 0.412087
Tree trained in epoch = 24 Accuracy = 0.471535
Accuracy Ensabmle = 0.616484 for the test dataset  in 50 epochs
Accuracy Ensabmle = 0.643453 for the train dataset  in 50 epochs
Risultati scritti con successo nel file: ../res/risultati_adaboost-mpi_strong_8_prest.txt per il valore 50
MASTER:added tree 
MASTER: Epoch 0 end with average total error = 0.369901 and alpha = 2.3244
MASTER:added tree 
MASTER: Epoch 1 end with average total error = 0.495502 and alpha = 1.80975
MASTER:added tree 
MASTER: Epoch 2 end with average total error = 0.541105 and alpha = 1.62697
MASTER:added tree 
MASTER: Epoch 3 end with average total error = 0.583804 and alpha = 1.45335
MASTER:added tree 
MASTER: Epoch 4 end with average total error = 0.603615 and alpha = 1.37121
MASTER:added tree 
MASTER: Epoch 5 end with average total error = 0.624597 and alpha = 1.28266
MASTER:added tree 
MASTER: Epoch 6 end with average total error = 0.645342 and alpha = 1.19313
MASTER:added tree 
MASTER: Epoch 7 end with average total error = 0.657688 and alpha = 1.13875
MASTER:added tree 
MASTER: Epoch 8 end with average total error = 0.655363 and alpha = 1.14906
MASTER:added tree 
MASTER: Epoch 9 end with average total error = 0.69573 and alpha = 0.964714
MASTER:added tree 
MASTER: Epoch 10 end with average total error = 0.684845 and alpha = 1.01563
MASTER:added tree 
MASTER: Epoch 11 end with average total error = 0.711128 and alpha = 0.890892
MASTER:added tree 
MASTER: Epoch 12 end with average total error = 0.723196 and alpha = 0.831389
MASTER:added tree 
MASTER: Epoch 13 end with average total error = 0.744355 and alpha = 0.723032
MASTER:added tree 
MASTER: Epoch 14 end with average total error = 0.730216 and alpha = 0.796041
MASTER:added tree 
MASTER: Epoch 15 end with average total error = 0.769389 and alpha = 0.586893
MASTER:added tree 
MASTER: Epoch 16 end with average total error = 0.808833 and alpha = 0.349312
MASTER:added tree 
MASTER: Epoch 17 end with average total error = 0.800429 and alpha = 0.402782
MASTER:added tree 
MASTER: Epoch 18 end with average total error = 0.831137 and alpha = 0.198049
MASTER:added tree 
MASTER: Epoch 19 end with average total error = 0.789085 and alpha = 0.47234
MASTER:added tree 
MASTER: Epoch 20 end with average total error = 0.812734 and alpha = 0.323883
MASTER:added tree 
MASTER: Epoch 21 end with average total error = 0.840708 and alpha = 0.128253
MASTER:added tree 
MASTER: Epoch 22 end with average total error = 0.834292 and alpha = 0.175404
MASTER:added tree 
MASTER: Epoch 23 end with average total error = 0.817493 and alpha = 0.292306
MASTER:added tree 
MASTER: Epoch 24 end with average total error = 0.855661 and alpha = 0.0120463
MASTER: Epoch 25 end with average total error = 0.857094 and alpha = 0.000400016
MASTER: Epoch 26 end with average total error = 0.857141 and alpha = 1.32469e-05
MASTER: Epoch 27 end with average total error = 0.857143 and alpha = 4.3864e-07
MASTER: Epoch 28 end with average total error = 0.857143 and alpha = 1.45246e-08
MASTER: Epoch 29 end with average total error = 0.857143 and alpha = 4.80943e-10
MASTER: Epoch 30 end with average total error = 0.857143 and alpha = 1.59279e-11
MASTER: Epoch 31 end with average total error = 0.857143 and alpha = 5.25358e-13
MASTER: Epoch 32 end with average total error = 0.857143 and alpha = 1.86517e-14
MASTER: Epoch 33 end with average total error = 0.857143 and alpha = 1.33227e-15
MASTER: Epoch 34 end with average total error = 0.857143 and alpha = 1.33227e-15
MASTER: Epoch 35 end with average total error = 0.857143 and alpha = 4.44089e-16
MASTER: Epoch 36 end with average total error = 0.857143 and alpha = 4.44089e-16
MASTER: Epoch 37 end with average total error = 0.857143 and alpha = 4.44089e-16
MASTER: Epoch 38 end with average total error = 0.857143 and alpha = 4.44089e-16
MASTER: Epoch 39 end with average total error = 0.857143 and alpha = 4.44089e-16
MASTER: Epoch 40 end with average total error = 0.857143 and alpha = 4.44089e-16
MASTER: Epoch 41 end with average total error = 0.857143 and alpha = 4.44089e-16
MASTER: Epoch 42 end with average total error = 0.857143 and alpha = -1.33227e-15
MASTER: Epoch 43 end with average total error = 0.857143 and alpha = 4.44089e-16
MASTER: Epoch 44 end with average total error = 0.857143 and alpha = -6.66134e-16
MASTER: Epoch 45 end with average total error = 0.857143 and alpha = 4.44089e-16
MASTER: Epoch 46 end with average total error = 0.857143 and alpha = -6.66134e-16
MASTER: Epoch 47 end with average total error = 0.857143 and alpha = 4.44089e-16
MASTER: Epoch 48 end with average total error = 0.857143 and alpha = -6.66134e-16
MASTER: Epoch 49 end with average total error = 0.857143 and alpha = 4.44089e-16
MASTER: Epoch 50 end with average total error = 0.857143 and alpha = 4.44089e-16
MASTER: Epoch 51 end with average total error = 0.857143 and alpha = 4.44089e-16
MASTER: Epoch 52 end with average total error = 0.857143 and alpha = -1.33227e-15
MASTER: Epoch 53 end with average total error = 0.857143 and alpha = 4.44089e-16
MASTER: Epoch 54 end with average total error = 0.857143 and alpha = 4.44089e-16
MASTER: Epoch 55 end with average total error = 0.857143 and alpha = -6.66134e-16
MASTER: Epoch 56 end with average total error = 0.857143 and alpha = 4.44089e-16
MASTER: Epoch 57 end with average total error = 0.857143 and alpha = -6.66134e-16
MASTER: Epoch 58 end with average total error = 0.857143 and alpha = -1.33227e-15
MASTER: Epoch 59 end with average total error = 0.857143 and alpha = 4.44089e-16
MASTER: Epoch 60 end with average total error = 0.857143 and alpha = 4.44089e-16
MASTER: Epoch 61 end with average total error = 0.857143 and alpha = 4.44089e-16
MASTER: Epoch 62 end with average total error = 0.857143 and alpha = 4.44089e-16
MASTER: Epoch 63 end with average total error = 0.857143 and alpha = 4.44089e-16
MASTER: Epoch 64 end with average total error = 0.857143 and alpha = 4.44089e-16
MASTER: Epoch 65 end with average total error = 0.857143 and alpha = -1.33227e-15
MASTER: Epoch 66 end with average total error = 0.857143 and alpha = -6.66134e-16
MASTER: Epoch 67 end with average total error = 0.857143 and alpha = 4.44089e-16
MASTER: Epoch 68 end with average total error = 0.857143 and alpha = 4.44089e-16
MASTER: Epoch 69 end with average total error = 0.857143 and alpha = 4.44089e-16
MASTER: Epoch 70 end with average total error = 0.857143 and alpha = 4.44089e-16
MASTER: Epoch 71 end with average total error = 0.857143 and alpha = 4.44089e-16
MASTER: Epoch 72 end with average total error = 0.857143 and alpha = -1.33227e-15
MASTER: Epoch 73 end with average total error = 0.857143 and alpha = 4.44089e-16
MASTER: Epoch 74 end with average total error = 0.857143 and alpha = -6.66134e-16
MASTER: Epoch 75 end with average total error = 0.857143 and alpha = 4.44089e-16
MASTER: Epoch 76 end with average total error = 0.857143 and alpha = 4.44089e-16
MASTER: Epoch 77 end with average total error = 0.857143 and alpha = 4.44089e-16
MASTER: Epoch 78 end with average total error = 0.857143 and alpha = 4.44089e-16
MASTER: Epoch 79 end with average total error = 0.857143 and alpha = -1.33227e-15
MASTER: Epoch 80 end with average total error = 0.857143 and alpha = 4.44089e-16
MASTER: Epoch 81 end with average total error = 0.857143 and alpha = 4.44089e-16
MASTER: Epoch 82 end with average total error = 0.857143 and alpha = -6.66134e-16
MASTER: Epoch 83 end with average total error = 0.857143 and alpha = 4.44089e-16
MASTER: Epoch 84 end with average total error = 0.857143 and alpha = -6.66134e-16
MASTER: Epoch 85 end with average total error = 0.857143 and alpha = 4.44089e-16
MASTER: Epoch 86 end with average total error = 0.857143 and alpha = 4.44089e-16
MASTER: Epoch 87 end with average total error = 0.857143 and alpha = -6.66134e-16
MASTER: Epoch 88 end with average total error = 0.857143 and alpha = -6.66134e-16
MASTER: Epoch 89 end with average total error = 0.857143 and alpha = 4.44089e-16
MASTER: Epoch 90 end with average total error = 0.857143 and alpha = 4.44089e-16
MASTER: Epoch 91 end with average total error = 0.857143 and alpha = 4.44089e-16
MASTER: Epoch 92 end with average total error = 0.857143 and alpha = 4.44089e-16
MASTER: Epoch 93 end with average total error = 0.857143 and alpha = -1.33227e-15
MASTER: Epoch 94 end with average total error = 0.857143 and alpha = 4.44089e-16
MASTER: Epoch 95 end with average total error = 0.857143 and alpha = 4.44089e-16
MASTER: Epoch 96 end with average total error = 0.857143 and alpha = 4.44089e-16
MASTER: Epoch 97 end with average total error = 0.857143 and alpha = -1.33227e-15
MASTER: Epoch 98 end with average total error = 0.857143 and alpha = 4.44089e-16
MASTER: Epoch 99 end with average total error = 0.857143 and alpha = 4.44089e-16
MASTER: Calculates the accuracy of the ensamble and its trees 
Ensabmle learning size = 25
Tree trained in epoch = 0 Accuracy = 0.618308
Tree trained in epoch = 1 Accuracy = 0.468839
Tree trained in epoch = 2 Accuracy = 0.449476
Tree trained in epoch = 3 Accuracy = 0.417377
Tree trained in epoch = 4 Accuracy = 0.377331
Tree trained in epoch = 5 Accuracy = 0.436447
Tree trained in epoch = 6 Accuracy = 0.378312
Tree trained in epoch = 7 Accuracy = 0.400814
Tree trained in epoch = 8 Accuracy = 0.390578
Tree trained in epoch = 9 Accuracy = 0.351709
Tree trained in epoch = 10 Accuracy = 0.366161
Tree trained in epoch = 11 Accuracy = 0.437698
Tree trained in epoch = 12 Accuracy = 0.381256
Tree trained in epoch = 13 Accuracy = 0.388662
Tree trained in epoch = 14 Accuracy = 0.449223
Tree trained in epoch = 15 Accuracy = 0.43305
Tree trained in epoch = 16 Accuracy = 0.452729
Tree trained in epoch = 17 Accuracy = 0.453888
Tree trained in epoch = 18 Accuracy = 0.355203
Tree trained in epoch = 19 Accuracy = 0.478403
Tree trained in epoch = 20 Accuracy = 0.46208
Tree trained in epoch = 21 Accuracy = 0.455666
Tree trained in epoch = 22 Accuracy = 0.453452
Tree trained in epoch = 23 Accuracy = 0.412087
Tree trained in epoch = 24 Accuracy = 0.471535
Accuracy Ensabmle = 0.616484 for the test dataset  in 100 epochs
Accuracy Ensabmle = 0.643453 for the train dataset  in 100 epochs
Risultati scritti con successo nel file: ../res/risultati_adaboost-mpi_strong_8_prest.txt per il valore 100
