make: Warning: File 'Makefile' has modification time 1.5 s in the future
make[1]: Warning: File 'CMakeFiles/Makefile2' has modification time 1.3 s in the future
make[2]: Warning: File 'CMakeFiles/communication_lib.dir/build.make' has modification time 1.2 s in the future
make[2]: Warning: File 'CMakeFiles/data_lib.dir/build.make' has modification time 1.2 s in the future
make[2]: warning:  Clock skew detected.  Your build may be incomplete.
make[2]: warning:  Clock skew detected.  Your build may be incomplete.
make[2]: Warning: File 'CMakeFiles/data_lib.dir/build.make' has modification time 1.1 s in the future
make[2]: Warning: File 'CMakeFiles/communication_lib.dir/build.make' has modification time 1.1 s in the future
make[2]: warning:  Clock skew detected.  Your build may be incomplete.
make[2]: warning:  Clock skew detected.  Your build may be incomplete.
make[2]: Warning: File '/beegfs/home/echiavazza/unito-scpd/adaboost-mpi/obj/libdata_lib.a' has modification time 0.93 s in the future
make[2]: warning:  Clock skew detected.  Your build may be incomplete.
make[1]: warning:  Clock skew detected.  Your build may be incomplete.
make: warning:  Clock skew detected.  Your build may be incomplete.
terminate called after throwing an instance of 'std::out_of_range'
terminate called after throwing an instance of 'std::out_of_range'
  what():  Mat::operator(): index out of bounds
  what():  Mat::operator(): index out of bounds
[broadwell-026:4131053] *** Process received signal ***
[broadwell-023:2285799] *** Process received signal ***
[broadwell-026:4131053] Signal: Aborted (6)
[broadwell-026:4131053] Signal code:  (-6)
[broadwell-023:2285799] Signal: Aborted (6)
[broadwell-023:2285799] Signal code:  (-6)
[broadwell-026:4131053] [ 0] /lib/x86_64-linux-gnu/libc.so.6(+0x43090)[0x7fda1975c090]
[broadwell-023:2285799] [ 0] /lib/x86_64-linux-gnu/libc.so.6(+0x43090)[0x7f915eca6090]
[broadwell-026:4131053] [ 1] /lib/x86_64-linux-gnu/libc.so.6(gsignal+0xcb)[0x7fda1975c00b]
[broadwell-023:2285799] [ 1] /lib/x86_64-linux-gnu/libc.so.6(gsignal+0xcb)[0x7f915eca600b]
[broadwell-026:4131053] [ 2] /lib/x86_64-linux-gnu/libc.so.6(abort+0x12b)[0x7fda1973b859]
[broadwell-023:2285799] [ 2] /lib/x86_64-linux-gnu/libc.so.6(abort+0x12b)[0x7f915ec85859]
[broadwell-026:4131053] [ 3] /lib/x86_64-linux-gnu/libstdc++.so.6(+0x9e911)[0x7fda19b13911]
[broadwell-023:2285799] [ 3] /lib/x86_64-linux-gnu/libstdc++.so.6(+0x9e911)[0x7f915f05d911]
[broadwell-026:4131053] [ 4] /lib/x86_64-linux-gnu/libstdc++.so.6(+0xaa38c)[0x7fda19b1f38c]
[broadwell-023:2285799] [ 4] /lib/x86_64-linux-gnu/libstdc++.so.6(+0xaa38c)[0x7f915f06938c]
[broadwell-026:4131053] [ 5] /lib/x86_64-linux-gnu/libstdc++.so.6(+0xaa3f7)[0x7fda19b1f3f7]
[broadwell-023:2285799] [ 5] /lib/x86_64-linux-gnu/libstdc++.so.6(+0xaa3f7)[0x7f915f0693f7]
[broadwell-026:4131053] [ 6] /lib/x86_64-linux-gnu/libstdc++.so.6(+0xaa6a9)[0x7fda19b1f6a9]
[broadwell-023:2285799] [ 6] /lib/x86_64-linux-gnu/libstdc++.so.6(+0xaa6a9)[0x7f915f0696a9]
[broadwell-026:4131053] [ 7] /beegfs/home/echiavazza/unito-scpd/adaboost-mpi/bin/./adaboost-mpi(+0xae8a)[0x5609a63aee8a]
[broadwell-023:2285799] [ 7] /beegfs/home/echiavazza/unito-scpd/adaboost-mpi/bin/./adaboost-mpi(+0xae8a)[0x5574018aee8a]
[broadwell-026:4131053] [ 8] /beegfs/home/echiavazza/unito-scpd/adaboost-mpi/bin/./adaboost-mpi(+0x11ea9)[0x5609a63b5ea9]
[broadwell-023:2285799] [ 8] /beegfs/home/echiavazza/unito-scpd/adaboost-mpi/bin/./adaboost-mpi(+0x11ea9)[0x5574018b5ea9]
[broadwell-026:4131053] [ 9] /beegfs/home/echiavazza/unito-scpd/adaboost-mpi/bin/./adaboost-mpi(+0x1e4ed)[0x5609a63c24ed]
[broadwell-023:2285799] [ 9] /beegfs/home/echiavazza/unito-scpd/adaboost-mpi/bin/./adaboost-mpi(+0x1e4ed)[0x5574018c24ed]
[broadwell-026:4131053] [10] /beegfs/home/echiavazza/unito-scpd/adaboost-mpi/bin/./adaboost-mpi(+0x16ec8)[0x5609a63baec8]
[broadwell-023:2285799] [10] /beegfs/home/echiavazza/unito-scpd/adaboost-mpi/bin/./adaboost-mpi(+0x16ec8)[0x5574018baec8]
[broadwell-026:4131053] [11] /beegfs/home/echiavazza/unito-scpd/adaboost-mpi/bin/./adaboost-mpi(+0xfd94)[0x5609a63b3d94]
[broadwell-023:2285799] [11] /beegfs/home/echiavazza/unito-scpd/adaboost-mpi/bin/./adaboost-mpi(+0xfd94)[0x5574018b3d94]
[broadwell-026:4131053] [12] /beegfs/home/echiavazza/unito-scpd/adaboost-mpi/bin/./adaboost-mpi(+0x9729)[0x5609a63ad729]
[broadwell-023:2285799] [12] /beegfs/home/echiavazza/unito-scpd/adaboost-mpi/bin/./adaboost-mpi(+0x9729)[0x5574018ad729]
[broadwell-026:4131053] [13] /lib/x86_64-linux-gnu/libc.so.6(__libc_start_main+0xf3)[0x7fda1973d083]
[broadwell-023:2285799] [13] /lib/x86_64-linux-gnu/libc.so.6(__libc_start_main+0xf3)[0x7f915ec87083]
[broadwell-026:4131053] [14] /beegfs/home/echiavazza/unito-scpd/adaboost-mpi/bin/./adaboost-mpi(+0x871e)[0x5609a63ac71e]
[broadwell-023:2285799] [14] /beegfs/home/echiavazza/unito-scpd/adaboost-mpi/bin/./adaboost-mpi(+0x871e)[0x5574018ac71e]
[broadwell-026:4131053] *** End of error message ***
[broadwell-023:2285799] *** End of error message ***
srun: error: broadwell-023: task 77: Aborted (core dumped)
srun: error: broadwell-026: task 215: Aborted (core dumped)
slurmstepd: error:  mpi/pmix_v3: _errhandler: broadwell-023 [2]: pmixp_client_v2.c:211: Error handler invoked: status = -25, source = [slurm.pmix.167152.0:77]
srun: Job step aborted: Waiting up to 32 seconds for job step to finish.
slurmstepd: error:  mpi/pmix_v3: _errhandler: broadwell-026 [5]: pmixp_client_v2.c:211: Error handler invoked: status = -25, source = [slurm.pmix.167152.0:215]
slurmstepd: error: *** STEP 167152.0 ON broadwell-021 CANCELLED AT 2025-03-28T23:38:39 ***
srun: error: broadwell-026: tasks 180-214: Killed
srun: error: broadwell-027: tasks 216-251: Killed
srun: error: broadwell-028: tasks 252-287: Killed
srun: error: broadwell-023: tasks 72-76,78-107: Killed
srun: error: broadwell-029: tasks 288-323: Killed
srun: error: broadwell-024: tasks 108-143: Killed
srun: error: broadwell-021: tasks 0-35: Killed
srun: error: broadwell-025: tasks 144-179: Killed
srun: error: broadwell-030: tasks 324-359: Killed
srun: error: broadwell-022: tasks 36-71: Killed
