-- The C compiler identification is GNU 9.4.0
-- The CXX compiler identification is GNU 9.4.0
-- Detecting C compiler ABI info
-- Detecting C compiler ABI info - done
-- Check for working C compiler: /beegfs/home/echiavazza/spack/opt/spack/linux-ubuntu20.04-cascadelake/gcc-9.4.0/openmpi-5.0.3-ocjjgvvgpy4ulxfz3damtdseryljeeuh/bin/mpicc - skipped
-- Detecting C compile features
-- Detecting C compile features - done
-- Detecting CXX compiler ABI info
-- Detecting CXX compiler ABI info - done
-- Check for working CXX compiler: /beegfs/home/echiavazza/spack/opt/spack/linux-ubuntu20.04-cascadelake/gcc-9.4.0/openmpi-5.0.3-ocjjgvvgpy4ulxfz3damtdseryljeeuh/bin/mpicxx - skipped
-- Detecting CXX compile features
-- Detecting CXX compile features - done
-- Found MPI_C: mpicc (found version "3.1") 
-- Found MPI_CXX: mpicxx (found version "3.1") 
-- Found MPI: TRUE (found version "3.1")  
-- Found PkgConfig: /usr/bin/pkg-config (found version "0.29.1") 
-- Checking for module 'mlpack'
--   Found mlpack, version 4.2.0
-- Configuring done (7.7s)
-- Generating done (0.1s)
-- Build files have been written to: /beegfs/home/echiavazza/unito-scpd/adaboost-mpi/build
[ 25%] Building CXX object CMakeFiles/communication_lib.dir/src/communication_lib/libcomm.cpp.o
[ 25%] Building CXX object CMakeFiles/data_lib.dir/src/data_lib/datalib.cpp.o
[ 37%] Linking CXX static library /beegfs/home/echiavazza/unito-scpd/adaboost-mpi/obj/libdata_lib.a
[ 37%] Built target data_lib
[ 50%] Linking CXX static library /beegfs/home/echiavazza/unito-scpd/adaboost-mpi/obj/libcommunication_lib.a
[ 50%] Built target communication_lib
[ 87%] Building CXX object CMakeFiles/adaboost-mpi.dir/src/communication_lib/libcomm.cpp.o
[ 87%] Building CXX object CMakeFiles/adaboost-mpi.dir/src/data_lib/datalib.cpp.o
[ 87%] Building CXX object CMakeFiles/adaboost-mpi.dir/src/main.cpp.o
[100%] Linking CXX executable /beegfs/home/echiavazza/unito-scpd/adaboost-mpi/bin/adaboost-mpi
[100%] Built target adaboost-mpi
MASTER: Uploads and distributes data among 323 clients 
MASTER:added tree 
MASTER: Epoch 0 end with average total error = 0.375348 and alpha = 2.3011
MASTER:added tree 
MASTER: Epoch 1 end with average total error = 0.480396 and alpha = 1.87021
MASTER:added tree 
MASTER: Epoch 2 end with average total error = 0.533513 and alpha = 1.65751
MASTER:added tree 
MASTER: Epoch 3 end with average total error = 0.606536 and alpha = 1.35898
MASTER:added tree 
MASTER: Epoch 4 end with average total error = 0.615893 and alpha = 1.31961
MASTER: Calculates the accuracy of the ensamble and its trees 
Ensabmle learning size = 5
Tree trained in epoch = 0 Accuracy = 0.598722
Tree trained in epoch = 1 Accuracy = 0.426068
Tree trained in epoch = 2 Accuracy = 0.424582
Tree trained in epoch = 3 Accuracy = 0.410928
Tree trained in epoch = 4 Accuracy = 0.417497
Accuracy Ensabmle = 0.555556 for the test dataset  in 5 epochs
Accuracy Ensabmle = 0.591652 for the train dataset  in 5 epochs
Risultati scritti con successo nel file: ../res/risultati_adaboost-mpi_strong_9_prest.txt per il valore 5
MASTER:added tree 
MASTER: Epoch 0 end with average total error = 0.375348 and alpha = 2.3011
MASTER:added tree 
MASTER: Epoch 1 end with average total error = 0.480396 and alpha = 1.87021
MASTER:added tree 
MASTER: Epoch 2 end with average total error = 0.533513 and alpha = 1.65751
MASTER:added tree 
MASTER: Epoch 3 end with average total error = 0.606536 and alpha = 1.35898
MASTER:added tree 
MASTER: Epoch 4 end with average total error = 0.615893 and alpha = 1.31961
MASTER:added tree 
MASTER: Epoch 5 end with average total error = 0.625501 and alpha = 1.2788
MASTER:added tree 
MASTER: Epoch 6 end with average total error = 0.660035 and alpha = 1.12831
MASTER:added tree 
MASTER: Epoch 7 end with average total error = 0.652922 and alpha = 1.15985
MASTER:added tree 
MASTER: Epoch 8 end with average total error = 0.671377 and alpha = 1.07734
MASTER:added tree 
MASTER: Epoch 9 end with average total error = 0.722923 and alpha = 0.83275
MASTER: Calculates the accuracy of the ensamble and its trees 
Ensabmle learning size = 10
Tree trained in epoch = 0 Accuracy = 0.598722
Tree trained in epoch = 1 Accuracy = 0.426068
Tree trained in epoch = 2 Accuracy = 0.424582
Tree trained in epoch = 3 Accuracy = 0.410928
Tree trained in epoch = 4 Accuracy = 0.417497
Tree trained in epoch = 5 Accuracy = 0.448042
Tree trained in epoch = 6 Accuracy = 0.402311
Tree trained in epoch = 7 Accuracy = 0.377463
Tree trained in epoch = 8 Accuracy = 0.367682
Tree trained in epoch = 9 Accuracy = 0.386029
Accuracy Ensabmle = 0.573467 for the test dataset  in 10 epochs
Accuracy Ensabmle = 0.614518 for the train dataset  in 10 epochs
Risultati scritti con successo nel file: ../res/risultati_adaboost-mpi_strong_9_prest.txt per il valore 10
MASTER:added tree 
MASTER: Epoch 0 end with average total error = 0.375348 and alpha = 2.3011
MASTER:added tree 
MASTER: Epoch 1 end with average total error = 0.480396 and alpha = 1.87021
MASTER:added tree 
MASTER: Epoch 2 end with average total error = 0.533513 and alpha = 1.65751
MASTER:added tree 
MASTER: Epoch 3 end with average total error = 0.606536 and alpha = 1.35898
MASTER:added tree 
MASTER: Epoch 4 end with average total error = 0.615893 and alpha = 1.31961
MASTER:added tree 
MASTER: Epoch 5 end with average total error = 0.625501 and alpha = 1.2788
MASTER:added tree 
MASTER: Epoch 6 end with average total error = 0.660035 and alpha = 1.12831
MASTER:added tree 
MASTER: Epoch 7 end with average total error = 0.652922 and alpha = 1.15985
MASTER:added tree 
MASTER: Epoch 8 end with average total error = 0.671377 and alpha = 1.07734
MASTER:added tree 
MASTER: Epoch 9 end with average total error = 0.722923 and alpha = 0.83275
MASTER:added tree 
MASTER: Epoch 10 end with average total error = 0.718498 and alpha = 0.854735
MASTER:added tree 
MASTER: Epoch 11 end with average total error = 0.734037 and alpha = 0.776559
MASTER:added tree 
MASTER: Epoch 12 end with average total error = 0.750734 and alpha = 0.689231
MASTER:added tree 
MASTER: Epoch 13 end with average total error = 0.748182 and alpha = 0.702819
MASTER:added tree 
MASTER: Epoch 14 end with average total error = 0.757414 and alpha = 0.653206
MASTER:added tree 
MASTER: Epoch 15 end with average total error = 0.786433 and alpha = 0.488202
MASTER:added tree 
MASTER: Epoch 16 end with average total error = 0.793448 and alpha = 0.445925
MASTER:added tree 
MASTER: Epoch 17 end with average total error = 0.766704 and alpha = 0.601964
MASTER:added tree 
MASTER: Epoch 18 end with average total error = 0.779447 and alpha = 0.529311
MASTER:added tree 
MASTER: Epoch 19 end with average total error = 0.802455 and alpha = 0.390047
MASTER: Calculates the accuracy of the ensamble and its trees 
Ensabmle learning size = 20
Tree trained in epoch = 0 Accuracy = 0.598722
Tree trained in epoch = 1 Accuracy = 0.426068
Tree trained in epoch = 2 Accuracy = 0.424582
Tree trained in epoch = 3 Accuracy = 0.410928
Tree trained in epoch = 4 Accuracy = 0.417497
Tree trained in epoch = 5 Accuracy = 0.448042
Tree trained in epoch = 6 Accuracy = 0.402311
Tree trained in epoch = 7 Accuracy = 0.377463
Tree trained in epoch = 8 Accuracy = 0.367682
Tree trained in epoch = 9 Accuracy = 0.386029
Tree trained in epoch = 10 Accuracy = 0.41153
Tree trained in epoch = 11 Accuracy = 0.318468
Tree trained in epoch = 12 Accuracy = 0.423292
Tree trained in epoch = 13 Accuracy = 0.373465
Tree trained in epoch = 14 Accuracy = 0.369976
Tree trained in epoch = 15 Accuracy = 0.348956
Tree trained in epoch = 16 Accuracy = 0.378835
Tree trained in epoch = 17 Accuracy = 0.379942
Tree trained in epoch = 18 Accuracy = 0.405673
Tree trained in epoch = 19 Accuracy = 0.397767
Accuracy Ensabmle = 0.576565 for the test dataset  in 20 epochs
Accuracy Ensabmle = 0.622199 for the train dataset  in 20 epochs
Risultati scritti con successo nel file: ../res/risultati_adaboost-mpi_strong_9_prest.txt per il valore 20
MASTER:added tree 
MASTER: Epoch 0 end with average total error = 0.375348 and alpha = 2.3011
MASTER:added tree 
MASTER: Epoch 1 end with average total error = 0.480396 and alpha = 1.87021
MASTER:added tree 
MASTER: Epoch 2 end with average total error = 0.533513 and alpha = 1.65751
MASTER:added tree 
MASTER: Epoch 3 end with average total error = 0.606536 and alpha = 1.35898
MASTER:added tree 
MASTER: Epoch 4 end with average total error = 0.615893 and alpha = 1.31961
MASTER:added tree 
MASTER: Epoch 5 end with average total error = 0.625501 and alpha = 1.2788
MASTER:added tree 
MASTER: Epoch 6 end with average total error = 0.660035 and alpha = 1.12831
MASTER:added tree 
MASTER: Epoch 7 end with average total error = 0.652922 and alpha = 1.15985
MASTER:added tree 
MASTER: Epoch 8 end with average total error = 0.671377 and alpha = 1.07734
MASTER:added tree 
MASTER: Epoch 9 end with average total error = 0.722923 and alpha = 0.83275
MASTER:added tree 
MASTER: Epoch 10 end with average total error = 0.718498 and alpha = 0.854735
MASTER:added tree 
MASTER: Epoch 11 end with average total error = 0.734037 and alpha = 0.776559
MASTER:added tree 
MASTER: Epoch 12 end with average total error = 0.750734 and alpha = 0.689231
MASTER:added tree 
MASTER: Epoch 13 end with average total error = 0.748182 and alpha = 0.702819
MASTER:added tree 
MASTER: Epoch 14 end with average total error = 0.757414 and alpha = 0.653206
MASTER:added tree 
MASTER: Epoch 15 end with average total error = 0.786433 and alpha = 0.488202
MASTER:added tree 
MASTER: Epoch 16 end with average total error = 0.793448 and alpha = 0.445925
MASTER:added tree 
MASTER: Epoch 17 end with average total error = 0.766704 and alpha = 0.601964
MASTER:added tree 
MASTER: Epoch 18 end with average total error = 0.779447 and alpha = 0.529311
MASTER:added tree 
MASTER: Epoch 19 end with average total error = 0.802455 and alpha = 0.390047
MASTER:added tree 
MASTER: Epoch 20 end with average total error = 0.797089 and alpha = 0.42356
MASTER:added tree 
MASTER: Epoch 21 end with average total error = 0.818559 and alpha = 0.285143
MASTER:added tree 
MASTER: Epoch 22 end with average total error = 0.810603 and alpha = 0.337826
MASTER:added tree 
MASTER: Epoch 23 end with average total error = 0.795025 and alpha = 0.436275
MASTER:added tree 
MASTER: Epoch 24 end with average total error = 0.853823 and alpha = 0.0268528
MASTER:added tree 
MASTER: Epoch 25 end with average total error = 0.840264 and alpha = 0.131563
MASTER:added tree 
MASTER: Epoch 26 end with average total error = 0.855489 and alpha = 0.0134393
MASTER: Epoch 27 end with average total error = 0.857062 and alpha = 0.000658444
MASTER: Epoch 28 end with average total error = 0.857139 and alpha = 3.2197e-05
MASTER: Epoch 29 end with average total error = 0.857143 and alpha = 1.57423e-06
MASTER: Calculates the accuracy of the ensamble and its trees 
Ensabmle learning size = 27
Tree trained in epoch = 0 Accuracy = 0.598722
Tree trained in epoch = 1 Accuracy = 0.426068
Tree trained in epoch = 2 Accuracy = 0.424582
Tree trained in epoch = 3 Accuracy = 0.410928
Tree trained in epoch = 4 Accuracy = 0.417497
Tree trained in epoch = 5 Accuracy = 0.448042
Tree trained in epoch = 6 Accuracy = 0.402311
Tree trained in epoch = 7 Accuracy = 0.377463
Tree trained in epoch = 8 Accuracy = 0.367682
Tree trained in epoch = 9 Accuracy = 0.386029
Tree trained in epoch = 10 Accuracy = 0.41153
Tree trained in epoch = 11 Accuracy = 0.318468
Tree trained in epoch = 12 Accuracy = 0.423292
Tree trained in epoch = 13 Accuracy = 0.373465
Tree trained in epoch = 14 Accuracy = 0.369976
Tree trained in epoch = 15 Accuracy = 0.348956
Tree trained in epoch = 16 Accuracy = 0.378835
Tree trained in epoch = 17 Accuracy = 0.379942
Tree trained in epoch = 18 Accuracy = 0.405673
Tree trained in epoch = 19 Accuracy = 0.397767
Tree trained in epoch = 20 Accuracy = 0.367355
Tree trained in epoch = 21 Accuracy = 0.407635
Tree trained in epoch = 22 Accuracy = 0.434341
Tree trained in epoch = 23 Accuracy = 0.339673
Tree trained in epoch = 24 Accuracy = 0.337533
Tree trained in epoch = 25 Accuracy = 0.338422
Tree trained in epoch = 26 Accuracy = 0.330671
Accuracy Ensabmle = 0.577494 for the test dataset  in 30 epochs
Accuracy Ensabmle = 0.625964 for the train dataset  in 30 epochs
Risultati scritti con successo nel file: ../res/risultati_adaboost-mpi_strong_9_prest.txt per il valore 30
MASTER:added tree 
MASTER: Epoch 0 end with average total error = 0.375348 and alpha = 2.3011
MASTER:added tree 
MASTER: Epoch 1 end with average total error = 0.480396 and alpha = 1.87021
MASTER:added tree 
MASTER: Epoch 2 end with average total error = 0.533513 and alpha = 1.65751
MASTER:added tree 
MASTER: Epoch 3 end with average total error = 0.606536 and alpha = 1.35898
MASTER:added tree 
MASTER: Epoch 4 end with average total error = 0.615893 and alpha = 1.31961
MASTER:added tree 
MASTER: Epoch 5 end with average total error = 0.625501 and alpha = 1.2788
MASTER:added tree 
MASTER: Epoch 6 end with average total error = 0.660035 and alpha = 1.12831
MASTER:added tree 
MASTER: Epoch 7 end with average total error = 0.652922 and alpha = 1.15985
MASTER:added tree 
MASTER: Epoch 8 end with average total error = 0.671377 and alpha = 1.07734
MASTER:added tree 
MASTER: Epoch 9 end with average total error = 0.722923 and alpha = 0.83275
MASTER:added tree 
MASTER: Epoch 10 end with average total error = 0.718498 and alpha = 0.854735
MASTER:added tree 
MASTER: Epoch 11 end with average total error = 0.734037 and alpha = 0.776559
MASTER:added tree 
MASTER: Epoch 12 end with average total error = 0.750734 and alpha = 0.689231
MASTER:added tree 
MASTER: Epoch 13 end with average total error = 0.748182 and alpha = 0.702819
MASTER:added tree 
MASTER: Epoch 14 end with average total error = 0.757414 and alpha = 0.653206
MASTER:added tree 
MASTER: Epoch 15 end with average total error = 0.786433 and alpha = 0.488202
MASTER:added tree 
MASTER: Epoch 16 end with average total error = 0.793448 and alpha = 0.445925
MASTER:added tree 
MASTER: Epoch 17 end with average total error = 0.766704 and alpha = 0.601964
MASTER:added tree 
MASTER: Epoch 18 end with average total error = 0.779447 and alpha = 0.529311
MASTER:added tree 
MASTER: Epoch 19 end with average total error = 0.802455 and alpha = 0.390047
MASTER:added tree 
MASTER: Epoch 20 end with average total error = 0.797089 and alpha = 0.42356
MASTER:added tree 
MASTER: Epoch 21 end with average total error = 0.818559 and alpha = 0.285143
MASTER:added tree 
MASTER: Epoch 22 end with average total error = 0.810603 and alpha = 0.337826
MASTER:added tree 
MASTER: Epoch 23 end with average total error = 0.795025 and alpha = 0.436275
MASTER:added tree 
MASTER: Epoch 24 end with average total error = 0.853823 and alpha = 0.0268528
MASTER:added tree 
MASTER: Epoch 25 end with average total error = 0.840264 and alpha = 0.131563
MASTER:added tree 
MASTER: Epoch 26 end with average total error = 0.855489 and alpha = 0.0134393
MASTER: Epoch 27 end with average total error = 0.857062 and alpha = 0.000658444
MASTER: Epoch 28 end with average total error = 0.857139 and alpha = 3.2197e-05
MASTER: Epoch 29 end with average total error = 0.857143 and alpha = 1.57423e-06
MASTER: Epoch 30 end with average total error = 0.857143 and alpha = 7.69699e-08
MASTER: Epoch 31 end with average total error = 0.857143 and alpha = 3.76334e-09
MASTER: Epoch 32 end with average total error = 0.857143 and alpha = 1.84006e-10
MASTER: Epoch 33 end with average total error = 0.857143 and alpha = 8.99281e-12
MASTER: Epoch 34 end with average total error = 0.857143 and alpha = 4.39204e-13
MASTER: Epoch 35 end with average total error = 0.857143 and alpha = 2.4869e-14
MASTER: Epoch 36 end with average total error = 0.857143 and alpha = 4.44089e-16
MASTER: Epoch 37 end with average total error = 0.857143 and alpha = -6.66134e-16
MASTER: Epoch 38 end with average total error = 0.857143 and alpha = -6.66134e-16
MASTER: Epoch 39 end with average total error = 0.857143 and alpha = -6.66134e-16
MASTER: Calculates the accuracy of the ensamble and its trees 
Ensabmle learning size = 27
Tree trained in epoch = 0 Accuracy = 0.598722
Tree trained in epoch = 1 Accuracy = 0.426068
Tree trained in epoch = 2 Accuracy = 0.424582
Tree trained in epoch = 3 Accuracy = 0.410928
Tree trained in epoch = 4 Accuracy = 0.417497
Tree trained in epoch = 5 Accuracy = 0.448042
Tree trained in epoch = 6 Accuracy = 0.402311
Tree trained in epoch = 7 Accuracy = 0.377463
Tree trained in epoch = 8 Accuracy = 0.367682
Tree trained in epoch = 9 Accuracy = 0.386029
Tree trained in epoch = 10 Accuracy = 0.41153
Tree trained in epoch = 11 Accuracy = 0.318468
Tree trained in epoch = 12 Accuracy = 0.423292
Tree trained in epoch = 13 Accuracy = 0.373465
Tree trained in epoch = 14 Accuracy = 0.369976
Tree trained in epoch = 15 Accuracy = 0.348956
Tree trained in epoch = 16 Accuracy = 0.378835
Tree trained in epoch = 17 Accuracy = 0.379942
Tree trained in epoch = 18 Accuracy = 0.405673
Tree trained in epoch = 19 Accuracy = 0.397767
Tree trained in epoch = 20 Accuracy = 0.367355
Tree trained in epoch = 21 Accuracy = 0.407635
Tree trained in epoch = 22 Accuracy = 0.434341
Tree trained in epoch = 23 Accuracy = 0.339673
Tree trained in epoch = 24 Accuracy = 0.337533
Tree trained in epoch = 25 Accuracy = 0.338422
Tree trained in epoch = 26 Accuracy = 0.330671
Accuracy Ensabmle = 0.577494 for the test dataset  in 40 epochs
Accuracy Ensabmle = 0.625964 for the train dataset  in 40 epochs
Risultati scritti con successo nel file: ../res/risultati_adaboost-mpi_strong_9_prest.txt per il valore 40
MASTER:added tree 
MASTER: Epoch 0 end with average total error = 0.375348 and alpha = 2.3011
MASTER:added tree 
MASTER: Epoch 1 end with average total error = 0.480396 and alpha = 1.87021
MASTER:added tree 
MASTER: Epoch 2 end with average total error = 0.533513 and alpha = 1.65751
MASTER:added tree 
MASTER: Epoch 3 end with average total error = 0.606536 and alpha = 1.35898
MASTER:added tree 
MASTER: Epoch 4 end with average total error = 0.615893 and alpha = 1.31961
MASTER:added tree 
MASTER: Epoch 5 end with average total error = 0.625501 and alpha = 1.2788
MASTER:added tree 
MASTER: Epoch 6 end with average total error = 0.660035 and alpha = 1.12831
MASTER:added tree 
MASTER: Epoch 7 end with average total error = 0.652922 and alpha = 1.15985
MASTER:added tree 
MASTER: Epoch 8 end with average total error = 0.671377 and alpha = 1.07734
MASTER:added tree 
MASTER: Epoch 9 end with average total error = 0.722923 and alpha = 0.83275
MASTER:added tree 
MASTER: Epoch 10 end with average total error = 0.718498 and alpha = 0.854735
MASTER:added tree 
MASTER: Epoch 11 end with average total error = 0.734037 and alpha = 0.776559
MASTER:added tree 
MASTER: Epoch 12 end with average total error = 0.750734 and alpha = 0.689231
MASTER:added tree 
MASTER: Epoch 13 end with average total error = 0.748182 and alpha = 0.702819
MASTER:added tree 
MASTER: Epoch 14 end with average total error = 0.757414 and alpha = 0.653206
MASTER:added tree 
MASTER: Epoch 15 end with average total error = 0.786433 and alpha = 0.488202
MASTER:added tree 
MASTER: Epoch 16 end with average total error = 0.793448 and alpha = 0.445925
MASTER:added tree 
MASTER: Epoch 17 end with average total error = 0.766704 and alpha = 0.601964
MASTER:added tree 
MASTER: Epoch 18 end with average total error = 0.779447 and alpha = 0.529311
MASTER:added tree 
MASTER: Epoch 19 end with average total error = 0.802455 and alpha = 0.390047
MASTER:added tree 
MASTER: Epoch 20 end with average total error = 0.797089 and alpha = 0.42356
MASTER:added tree 
MASTER: Epoch 21 end with average total error = 0.818559 and alpha = 0.285143
MASTER:added tree 
MASTER: Epoch 22 end with average total error = 0.810603 and alpha = 0.337826
MASTER:added tree 
MASTER: Epoch 23 end with average total error = 0.795025 and alpha = 0.436275
MASTER:added tree 
MASTER: Epoch 24 end with average total error = 0.853823 and alpha = 0.0268528
MASTER:added tree 
MASTER: Epoch 25 end with average total error = 0.840264 and alpha = 0.131563
MASTER:added tree 
MASTER: Epoch 26 end with average total error = 0.855489 and alpha = 0.0134393
MASTER: Epoch 27 end with average total error = 0.857062 and alpha = 0.000658444
MASTER: Epoch 28 end with average total error = 0.857139 and alpha = 3.2197e-05
MASTER: Epoch 29 end with average total error = 0.857143 and alpha = 1.57423e-06
MASTER: Epoch 30 end with average total error = 0.857143 and alpha = 7.69699e-08
MASTER: Epoch 31 end with average total error = 0.857143 and alpha = 3.76334e-09
MASTER: Epoch 32 end with average total error = 0.857143 and alpha = 1.84006e-10
MASTER: Epoch 33 end with average total error = 0.857143 and alpha = 8.99281e-12
MASTER: Epoch 34 end with average total error = 0.857143 and alpha = 4.39204e-13
MASTER: Epoch 35 end with average total error = 0.857143 and alpha = 2.4869e-14
MASTER: Epoch 36 end with average total error = 0.857143 and alpha = 4.44089e-16
MASTER: Epoch 37 end with average total error = 0.857143 and alpha = -6.66134e-16
MASTER: Epoch 38 end with average total error = 0.857143 and alpha = -6.66134e-16
MASTER: Epoch 39 end with average total error = 0.857143 and alpha = -6.66134e-16
MASTER: Epoch 40 end with average total error = 0.857143 and alpha = -6.66134e-16
MASTER: Epoch 41 end with average total error = 0.857143 and alpha = 2.22045e-15
MASTER: Epoch 42 end with average total error = 0.857143 and alpha = -6.66134e-16
MASTER: Epoch 43 end with average total error = 0.857143 and alpha = -6.66134e-16
MASTER: Epoch 44 end with average total error = 0.857143 and alpha = 4.44089e-16
MASTER: Epoch 45 end with average total error = 0.857143 and alpha = 4.44089e-16
MASTER: Epoch 46 end with average total error = 0.857143 and alpha = -6.66134e-16
MASTER: Epoch 47 end with average total error = 0.857143 and alpha = 4.44089e-16
MASTER: Epoch 48 end with average total error = 0.857143 and alpha = -6.66134e-16
MASTER: Epoch 49 end with average total error = 0.857143 and alpha = 4.44089e-16
MASTER: Calculates the accuracy of the ensamble and its trees 
Ensabmle learning size = 27
Tree trained in epoch = 0 Accuracy = 0.598722
Tree trained in epoch = 1 Accuracy = 0.426068
Tree trained in epoch = 2 Accuracy = 0.424582
Tree trained in epoch = 3 Accuracy = 0.410928
Tree trained in epoch = 4 Accuracy = 0.417497
Tree trained in epoch = 5 Accuracy = 0.448042
Tree trained in epoch = 6 Accuracy = 0.402311
Tree trained in epoch = 7 Accuracy = 0.377463
Tree trained in epoch = 8 Accuracy = 0.367682
Tree trained in epoch = 9 Accuracy = 0.386029
Tree trained in epoch = 10 Accuracy = 0.41153
Tree trained in epoch = 11 Accuracy = 0.318468
Tree trained in epoch = 12 Accuracy = 0.423292
Tree trained in epoch = 13 Accuracy = 0.373465
Tree trained in epoch = 14 Accuracy = 0.369976
Tree trained in epoch = 15 Accuracy = 0.348956
Tree trained in epoch = 16 Accuracy = 0.378835
Tree trained in epoch = 17 Accuracy = 0.379942
Tree trained in epoch = 18 Accuracy = 0.405673
Tree trained in epoch = 19 Accuracy = 0.397767
Tree trained in epoch = 20 Accuracy = 0.367355
Tree trained in epoch = 21 Accuracy = 0.407635
Tree trained in epoch = 22 Accuracy = 0.434341
Tree trained in epoch = 23 Accuracy = 0.339673
Tree trained in epoch = 24 Accuracy = 0.337533
Tree trained in epoch = 25 Accuracy = 0.338422
Tree trained in epoch = 26 Accuracy = 0.330671
Accuracy Ensabmle = 0.577494 for the test dataset  in 50 epochs
Accuracy Ensabmle = 0.625964 for the train dataset  in 50 epochs
Risultati scritti con successo nel file: ../res/risultati_adaboost-mpi_strong_9_prest.txt per il valore 50
MASTER:added tree 
MASTER: Epoch 0 end with average total error = 0.375348 and alpha = 2.3011
MASTER:added tree 
MASTER: Epoch 1 end with average total error = 0.480396 and alpha = 1.87021
MASTER:added tree 
MASTER: Epoch 2 end with average total error = 0.533513 and alpha = 1.65751
MASTER:added tree 
MASTER: Epoch 3 end with average total error = 0.606536 and alpha = 1.35898
MASTER:added tree 
MASTER: Epoch 4 end with average total error = 0.615893 and alpha = 1.31961
MASTER:added tree 
MASTER: Epoch 5 end with average total error = 0.625501 and alpha = 1.2788
MASTER:added tree 
MASTER: Epoch 6 end with average total error = 0.660035 and alpha = 1.12831
MASTER:added tree 
MASTER: Epoch 7 end with average total error = 0.652922 and alpha = 1.15985
MASTER:added tree 
MASTER: Epoch 8 end with average total error = 0.671377 and alpha = 1.07734
MASTER:added tree 
MASTER: Epoch 9 end with average total error = 0.722923 and alpha = 0.83275
MASTER:added tree 
MASTER: Epoch 10 end with average total error = 0.718498 and alpha = 0.854735
MASTER:added tree 
MASTER: Epoch 11 end with average total error = 0.734037 and alpha = 0.776559
MASTER:added tree 
MASTER: Epoch 12 end with average total error = 0.750734 and alpha = 0.689231
MASTER:added tree 
MASTER: Epoch 13 end with average total error = 0.748182 and alpha = 0.702819
MASTER:added tree 
MASTER: Epoch 14 end with average total error = 0.757414 and alpha = 0.653206
MASTER:added tree 
MASTER: Epoch 15 end with average total error = 0.786433 and alpha = 0.488202
MASTER:added tree 
MASTER: Epoch 16 end with average total error = 0.793448 and alpha = 0.445925
MASTER:added tree 
MASTER: Epoch 17 end with average total error = 0.766704 and alpha = 0.601964
MASTER:added tree 
MASTER: Epoch 18 end with average total error = 0.779447 and alpha = 0.529311
MASTER:added tree 
MASTER: Epoch 19 end with average total error = 0.802455 and alpha = 0.390047
MASTER:added tree 
MASTER: Epoch 20 end with average total error = 0.797089 and alpha = 0.42356
MASTER:added tree 
MASTER: Epoch 21 end with average total error = 0.818559 and alpha = 0.285143
MASTER:added tree 
MASTER: Epoch 22 end with average total error = 0.810603 and alpha = 0.337826
MASTER:added tree 
MASTER: Epoch 23 end with average total error = 0.795025 and alpha = 0.436275
MASTER:added tree 
MASTER: Epoch 24 end with average total error = 0.853823 and alpha = 0.0268528
MASTER:added tree 
MASTER: Epoch 25 end with average total error = 0.840264 and alpha = 0.131563
MASTER:added tree 
MASTER: Epoch 26 end with average total error = 0.855489 and alpha = 0.0134393
MASTER: Epoch 27 end with average total error = 0.857062 and alpha = 0.000658444
MASTER: Epoch 28 end with average total error = 0.857139 and alpha = 3.2197e-05
MASTER: Epoch 29 end with average total error = 0.857143 and alpha = 1.57423e-06
MASTER: Epoch 30 end with average total error = 0.857143 and alpha = 7.69699e-08
MASTER: Epoch 31 end with average total error = 0.857143 and alpha = 3.76334e-09
MASTER: Epoch 32 end with average total error = 0.857143 and alpha = 1.84006e-10
MASTER: Epoch 33 end with average total error = 0.857143 and alpha = 8.99281e-12
MASTER: Epoch 34 end with average total error = 0.857143 and alpha = 4.39204e-13
MASTER: Epoch 35 end with average total error = 0.857143 and alpha = 2.4869e-14
MASTER: Epoch 36 end with average total error = 0.857143 and alpha = 4.44089e-16
MASTER: Epoch 37 end with average total error = 0.857143 and alpha = -6.66134e-16
MASTER: Epoch 38 end with average total error = 0.857143 and alpha = -6.66134e-16
MASTER: Epoch 39 end with average total error = 0.857143 and alpha = -6.66134e-16
MASTER: Epoch 40 end with average total error = 0.857143 and alpha = -6.66134e-16
MASTER: Epoch 41 end with average total error = 0.857143 and alpha = 2.22045e-15
MASTER: Epoch 42 end with average total error = 0.857143 and alpha = -6.66134e-16
MASTER: Epoch 43 end with average total error = 0.857143 and alpha = -6.66134e-16
MASTER: Epoch 44 end with average total error = 0.857143 and alpha = 4.44089e-16
MASTER: Epoch 45 end with average total error = 0.857143 and alpha = 4.44089e-16
MASTER: Epoch 46 end with average total error = 0.857143 and alpha = -6.66134e-16
MASTER: Epoch 47 end with average total error = 0.857143 and alpha = 4.44089e-16
MASTER: Epoch 48 end with average total error = 0.857143 and alpha = -6.66134e-16
MASTER: Epoch 49 end with average total error = 0.857143 and alpha = 4.44089e-16
MASTER: Epoch 50 end with average total error = 0.857143 and alpha = -6.66134e-16
MASTER: Epoch 51 end with average total error = 0.857143 and alpha = 4.44089e-16
MASTER: Epoch 52 end with average total error = 0.857143 and alpha = -6.66134e-16
MASTER: Epoch 53 end with average total error = 0.857143 and alpha = 2.22045e-15
MASTER: Epoch 54 end with average total error = 0.857143 and alpha = -6.66134e-16
MASTER: Epoch 55 end with average total error = 0.857143 and alpha = -6.66134e-16
MASTER: Epoch 56 end with average total error = 0.857143 and alpha = 4.44089e-16
MASTER: Epoch 57 end with average total error = 0.857143 and alpha = 4.44089e-16
MASTER: Epoch 58 end with average total error = 0.857143 and alpha = -6.66134e-16
MASTER: Epoch 59 end with average total error = 0.857143 and alpha = -6.66134e-16
MASTER: Epoch 60 end with average total error = 0.857143 and alpha = 4.44089e-16
MASTER: Epoch 61 end with average total error = 0.857143 and alpha = 4.44089e-16
MASTER: Epoch 62 end with average total error = 0.857143 and alpha = -6.66134e-16
MASTER: Epoch 63 end with average total error = 0.857143 and alpha = -6.66134e-16
MASTER: Epoch 64 end with average total error = 0.857143 and alpha = 2.22045e-15
MASTER: Epoch 65 end with average total error = 0.857143 and alpha = -6.66134e-16
MASTER: Epoch 66 end with average total error = 0.857143 and alpha = -6.66134e-16
MASTER: Epoch 67 end with average total error = 0.857143 and alpha = -6.66134e-16
MASTER: Epoch 68 end with average total error = 0.857143 and alpha = 4.44089e-16
MASTER: Epoch 69 end with average total error = 0.857143 and alpha = -6.66134e-16
MASTER: Epoch 70 end with average total error = 0.857143 and alpha = 2.22045e-15
MASTER: Epoch 71 end with average total error = 0.857143 and alpha = -6.66134e-16
MASTER: Epoch 72 end with average total error = 0.857143 and alpha = -6.66134e-16
MASTER: Epoch 73 end with average total error = 0.857143 and alpha = -6.66134e-16
MASTER: Epoch 74 end with average total error = 0.857143 and alpha = 4.44089e-16
MASTER: Epoch 75 end with average total error = 0.857143 and alpha = 4.44089e-16
MASTER: Epoch 76 end with average total error = 0.857143 and alpha = 4.44089e-16
MASTER: Epoch 77 end with average total error = 0.857143 and alpha = -6.66134e-16
MASTER: Epoch 78 end with average total error = 0.857143 and alpha = 4.44089e-16
MASTER: Epoch 79 end with average total error = 0.857143 and alpha = -6.66134e-16
MASTER: Epoch 80 end with average total error = 0.857143 and alpha = 4.44089e-16
MASTER: Epoch 81 end with average total error = 0.857143 and alpha = 4.44089e-16
MASTER: Epoch 82 end with average total error = 0.857143 and alpha = -6.66134e-16
MASTER: Epoch 83 end with average total error = 0.857143 and alpha = -6.66134e-16
MASTER: Epoch 84 end with average total error = 0.857143 and alpha = 4.44089e-16
MASTER: Epoch 85 end with average total error = 0.857143 and alpha = 4.44089e-16
MASTER: Epoch 86 end with average total error = 0.857143 and alpha = -6.66134e-16
MASTER: Epoch 87 end with average total error = 0.857143 and alpha = 2.22045e-15
MASTER: Epoch 88 end with average total error = 0.857143 and alpha = -6.66134e-16
MASTER: Epoch 89 end with average total error = 0.857143 and alpha = -6.66134e-16
MASTER: Epoch 90 end with average total error = 0.857143 and alpha = -6.66134e-16
MASTER: Epoch 91 end with average total error = 0.857143 and alpha = -6.66134e-16
MASTER: Epoch 92 end with average total error = 0.857143 and alpha = 4.44089e-16
MASTER: Epoch 93 end with average total error = 0.857143 and alpha = -6.66134e-16
MASTER: Epoch 94 end with average total error = 0.857143 and alpha = 2.22045e-15
MASTER: Epoch 95 end with average total error = 0.857143 and alpha = -6.66134e-16
MASTER: Epoch 96 end with average total error = 0.857143 and alpha = -6.66134e-16
MASTER: Epoch 97 end with average total error = 0.857143 and alpha = 4.44089e-16
MASTER: Epoch 98 end with average total error = 0.857143 and alpha = -6.66134e-16
MASTER: Epoch 99 end with average total error = 0.857143 and alpha = 2.22045e-15
MASTER: Calculates the accuracy of the ensamble and its trees 
Ensabmle learning size = 27
Tree trained in epoch = 0 Accuracy = 0.598722
Tree trained in epoch = 1 Accuracy = 0.426068
Tree trained in epoch = 2 Accuracy = 0.424582
Tree trained in epoch = 3 Accuracy = 0.410928
Tree trained in epoch = 4 Accuracy = 0.417497
Tree trained in epoch = 5 Accuracy = 0.448042
Tree trained in epoch = 6 Accuracy = 0.402311
Tree trained in epoch = 7 Accuracy = 0.377463
Tree trained in epoch = 8 Accuracy = 0.367682
Tree trained in epoch = 9 Accuracy = 0.386029
Tree trained in epoch = 10 Accuracy = 0.41153
Tree trained in epoch = 11 Accuracy = 0.318468
Tree trained in epoch = 12 Accuracy = 0.423292
Tree trained in epoch = 13 Accuracy = 0.373465
Tree trained in epoch = 14 Accuracy = 0.369976
Tree trained in epoch = 15 Accuracy = 0.348956
Tree trained in epoch = 16 Accuracy = 0.378835
Tree trained in epoch = 17 Accuracy = 0.379942
Tree trained in epoch = 18 Accuracy = 0.405673
Tree trained in epoch = 19 Accuracy = 0.397767
Tree trained in epoch = 20 Accuracy = 0.367355
Tree trained in epoch = 21 Accuracy = 0.407635
Tree trained in epoch = 22 Accuracy = 0.434341
Tree trained in epoch = 23 Accuracy = 0.339673
Tree trained in epoch = 24 Accuracy = 0.337533
Tree trained in epoch = 25 Accuracy = 0.338422
Tree trained in epoch = 26 Accuracy = 0.330671
Accuracy Ensabmle = 0.577494 for the test dataset  in 100 epochs
Accuracy Ensabmle = 0.625964 for the train dataset  in 100 epochs
Risultati scritti con successo nel file: ../res/risultati_adaboost-mpi_strong_9_prest.txt per il valore 100
