-- The C compiler identification is GNU 9.4.0
-- The CXX compiler identification is GNU 9.4.0
-- Detecting C compiler ABI info
-- Detecting C compiler ABI info - done
-- Check for working C compiler: /beegfs/home/echiavazza/spack/opt/spack/linux-ubuntu20.04-cascadelake/gcc-9.4.0/openmpi-5.0.3-ocjjgvvgpy4ulxfz3damtdseryljeeuh/bin/mpicc - skipped
-- Detecting C compile features
-- Detecting C compile features - done
-- Detecting CXX compiler ABI info
-- Detecting CXX compiler ABI info - done
-- Check for working CXX compiler: /beegfs/home/echiavazza/spack/opt/spack/linux-ubuntu20.04-cascadelake/gcc-9.4.0/openmpi-5.0.3-ocjjgvvgpy4ulxfz3damtdseryljeeuh/bin/mpicxx - skipped
-- Detecting CXX compile features
-- Detecting CXX compile features - done
-- Found MPI_C: mpicc (found version "3.1") 
-- Found MPI_CXX: mpicxx (found version "3.1") 
-- Found MPI: TRUE (found version "3.1")  
-- Found PkgConfig: /usr/bin/pkg-config (found version "0.29.1") 
-- Checking for module 'mlpack'
--   Found mlpack, version 4.2.0
-- Configuring done (8.1s)
-- Generating done (0.1s)
-- Build files have been written to: /beegfs/home/echiavazza/unito-scpd/adaboost-mpi/build
[ 25%] Building CXX object CMakeFiles/communication_lib.dir/src/communication_lib/libcomm.cpp.o
[ 25%] Building CXX object CMakeFiles/data_lib.dir/src/data_lib/datalib.cpp.o
[ 37%] Linking CXX static library /beegfs/home/echiavazza/unito-scpd/adaboost-mpi/obj/libdata_lib.a
[ 37%] Built target data_lib
[ 50%] Linking CXX static library /beegfs/home/echiavazza/unito-scpd/adaboost-mpi/obj/libcommunication_lib.a
[ 50%] Built target communication_lib
[ 62%] Building CXX object CMakeFiles/adaboost-mpi.dir/src/main.cpp.o
[ 87%] Building CXX object CMakeFiles/adaboost-mpi.dir/src/communication_lib/libcomm.cpp.o
[ 87%] Building CXX object CMakeFiles/adaboost-mpi.dir/src/data_lib/datalib.cpp.o
[100%] Linking CXX executable /beegfs/home/echiavazza/unito-scpd/adaboost-mpi/bin/adaboost-mpi
[100%] Built target adaboost-mpi
MASTER: Uploads and distributes data among 215 clients 
MASTER:added tree 
MASTER: Epoch 0 end with average total error = 0.361249 and alpha = 2.36171
MASTER:added tree 
MASTER: Epoch 1 end with average total error = 0.483092 and alpha = 1.85942
MASTER:added tree 
MASTER: Epoch 2 end with average total error = 0.520723 and alpha = 1.70882
MASTER:added tree 
MASTER: Epoch 3 end with average total error = 0.551944 and alpha = 1.58323
MASTER:added tree 
MASTER: Epoch 4 end with average total error = 0.572065 and alpha = 1.50148
MASTER: Calculates the accuracy of the ensamble and its trees 
Ensabmle learning size = 5
Tree trained in epoch = 0 Accuracy = 0.631406
Tree trained in epoch = 1 Accuracy = 0.453653
Tree trained in epoch = 2 Accuracy = 0.429321
Tree trained in epoch = 3 Accuracy = 0.38919
Tree trained in epoch = 4 Accuracy = 0.399878
Accuracy Ensabmle = 0.578808 for the test dataset  in 5 epochs
Accuracy Ensabmle = 0.612389 for the train dataset  in 5 epochs
Risultati scritti con successo nel file: ../res/risultati_adaboost-mpi_strong_6_prest.txt per il valore 5
MASTER:added tree 
MASTER: Epoch 0 end with average total error = 0.361249 and alpha = 2.36171
MASTER:added tree 
MASTER: Epoch 1 end with average total error = 0.483092 and alpha = 1.85942
MASTER:added tree 
MASTER: Epoch 2 end with average total error = 0.520723 and alpha = 1.70882
MASTER:added tree 
MASTER: Epoch 3 end with average total error = 0.551944 and alpha = 1.58323
MASTER:added tree 
MASTER: Epoch 4 end with average total error = 0.572065 and alpha = 1.50148
MASTER:added tree 
MASTER: Epoch 5 end with average total error = 0.601837 and alpha = 1.37863
MASTER:added tree 
MASTER: Epoch 6 end with average total error = 0.619457 and alpha = 1.30452
MASTER:added tree 
MASTER: Epoch 7 end with average total error = 0.639663 and alpha = 1.21786
MASTER:added tree 
MASTER: Epoch 8 end with average total error = 0.655057 and alpha = 1.15042
MASTER:added tree 
MASTER: Epoch 9 end with average total error = 0.699724 and alpha = 0.945776
MASTER: Calculates the accuracy of the ensamble and its trees 
Ensabmle learning size = 10
Tree trained in epoch = 0 Accuracy = 0.631406
Tree trained in epoch = 1 Accuracy = 0.453653
Tree trained in epoch = 2 Accuracy = 0.429321
Tree trained in epoch = 3 Accuracy = 0.38919
Tree trained in epoch = 4 Accuracy = 0.399878
Tree trained in epoch = 5 Accuracy = 0.446888
Tree trained in epoch = 6 Accuracy = 0.344211
Tree trained in epoch = 7 Accuracy = 0.379448
Tree trained in epoch = 8 Accuracy = 0.447106
Tree trained in epoch = 9 Accuracy = 0.500433
Accuracy Ensabmle = 0.587471 for the test dataset  in 10 epochs
Accuracy Ensabmle = 0.629435 for the train dataset  in 10 epochs
Risultati scritti con successo nel file: ../res/risultati_adaboost-mpi_strong_6_prest.txt per il valore 10
MASTER:added tree 
MASTER: Epoch 0 end with average total error = 0.361249 and alpha = 2.36171
MASTER:added tree 
MASTER: Epoch 1 end with average total error = 0.483092 and alpha = 1.85942
MASTER:added tree 
MASTER: Epoch 2 end with average total error = 0.520723 and alpha = 1.70882
MASTER:added tree 
MASTER: Epoch 3 end with average total error = 0.551944 and alpha = 1.58323
MASTER:added tree 
MASTER: Epoch 4 end with average total error = 0.572065 and alpha = 1.50148
MASTER:added tree 
MASTER: Epoch 5 end with average total error = 0.601837 and alpha = 1.37863
MASTER:added tree 
MASTER: Epoch 6 end with average total error = 0.619457 and alpha = 1.30452
MASTER:added tree 
MASTER: Epoch 7 end with average total error = 0.639663 and alpha = 1.21786
MASTER:added tree 
MASTER: Epoch 8 end with average total error = 0.655057 and alpha = 1.15042
MASTER:added tree 
MASTER: Epoch 9 end with average total error = 0.699724 and alpha = 0.945776
MASTER:added tree 
MASTER: Epoch 10 end with average total error = 0.696113 and alpha = 0.962901
MASTER:added tree 
MASTER: Epoch 11 end with average total error = 0.752131 and alpha = 0.681751
MASTER:added tree 
MASTER: Epoch 12 end with average total error = 0.717302 and alpha = 0.86064
MASTER:added tree 
MASTER: Epoch 13 end with average total error = 0.722691 and alpha = 0.833908
MASTER:added tree 
MASTER: Epoch 14 end with average total error = 0.766374 and alpha = 0.603812
MASTER:added tree 
MASTER: Epoch 15 end with average total error = 0.751717 and alpha = 0.683969
MASTER:added tree 
MASTER: Epoch 16 end with average total error = 0.793983 and alpha = 0.442658
MASTER:added tree 
MASTER: Epoch 17 end with average total error = 0.825671 and alpha = 0.23651
MASTER:added tree 
MASTER: Epoch 18 end with average total error = 0.809373 and alpha = 0.345818
MASTER:added tree 
MASTER: Epoch 19 end with average total error = 0.842655 and alpha = 0.113643
MASTER: Calculates the accuracy of the ensamble and its trees 
Ensabmle learning size = 20
Tree trained in epoch = 0 Accuracy = 0.631406
Tree trained in epoch = 1 Accuracy = 0.453653
Tree trained in epoch = 2 Accuracy = 0.429321
Tree trained in epoch = 3 Accuracy = 0.38919
Tree trained in epoch = 4 Accuracy = 0.399878
Tree trained in epoch = 5 Accuracy = 0.446888
Tree trained in epoch = 6 Accuracy = 0.344211
Tree trained in epoch = 7 Accuracy = 0.379448
Tree trained in epoch = 8 Accuracy = 0.447106
Tree trained in epoch = 9 Accuracy = 0.500433
Tree trained in epoch = 10 Accuracy = 0.433131
Tree trained in epoch = 11 Accuracy = 0.463446
Tree trained in epoch = 12 Accuracy = 0.390097
Tree trained in epoch = 13 Accuracy = 0.448983
Tree trained in epoch = 14 Accuracy = 0.439029
Tree trained in epoch = 15 Accuracy = 0.452494
Tree trained in epoch = 16 Accuracy = 0.432454
Tree trained in epoch = 17 Accuracy = 0.461002
Tree trained in epoch = 18 Accuracy = 0.472895
Tree trained in epoch = 19 Accuracy = 0.469458
Accuracy Ensabmle = 0.615813 for the test dataset  in 20 epochs
Accuracy Ensabmle = 0.662587 for the train dataset  in 20 epochs
Risultati scritti con successo nel file: ../res/risultati_adaboost-mpi_strong_6_prest.txt per il valore 20
MASTER:added tree 
MASTER: Epoch 0 end with average total error = 0.361249 and alpha = 2.36171
MASTER:added tree 
MASTER: Epoch 1 end with average total error = 0.483092 and alpha = 1.85942
MASTER:added tree 
MASTER: Epoch 2 end with average total error = 0.520723 and alpha = 1.70882
MASTER:added tree 
MASTER: Epoch 3 end with average total error = 0.551944 and alpha = 1.58323
MASTER:added tree 
MASTER: Epoch 4 end with average total error = 0.572065 and alpha = 1.50148
MASTER:added tree 
MASTER: Epoch 5 end with average total error = 0.601837 and alpha = 1.37863
MASTER:added tree 
MASTER: Epoch 6 end with average total error = 0.619457 and alpha = 1.30452
MASTER:added tree 
MASTER: Epoch 7 end with average total error = 0.639663 and alpha = 1.21786
MASTER:added tree 
MASTER: Epoch 8 end with average total error = 0.655057 and alpha = 1.15042
MASTER:added tree 
MASTER: Epoch 9 end with average total error = 0.699724 and alpha = 0.945776
MASTER:added tree 
MASTER: Epoch 10 end with average total error = 0.696113 and alpha = 0.962901
MASTER:added tree 
MASTER: Epoch 11 end with average total error = 0.752131 and alpha = 0.681751
MASTER:added tree 
MASTER: Epoch 12 end with average total error = 0.717302 and alpha = 0.86064
MASTER:added tree 
MASTER: Epoch 13 end with average total error = 0.722691 and alpha = 0.833908
MASTER:added tree 
MASTER: Epoch 14 end with average total error = 0.766374 and alpha = 0.603812
MASTER:added tree 
MASTER: Epoch 15 end with average total error = 0.751717 and alpha = 0.683969
MASTER:added tree 
MASTER: Epoch 16 end with average total error = 0.793983 and alpha = 0.442658
MASTER:added tree 
MASTER: Epoch 17 end with average total error = 0.825671 and alpha = 0.23651
MASTER:added tree 
MASTER: Epoch 18 end with average total error = 0.809373 and alpha = 0.345818
MASTER:added tree 
MASTER: Epoch 19 end with average total error = 0.842655 and alpha = 0.113643
MASTER:added tree 
MASTER: Epoch 20 end with average total error = 0.826703 and alpha = 0.229321
MASTER:added tree 
MASTER: Epoch 21 end with average total error = 0.840051 and alpha = 0.133155
MASTER: Epoch 22 end with average total error = 0.877192 and alpha = -0.174344
MASTER: Epoch 23 end with average total error = 0.862223 and alpha = -0.0421164
MASTER: Epoch 24 end with average total error = 0.857318 and alpha = -0.00143399
MASTER: Epoch 25 end with average total error = 0.857148 and alpha = -4.27291e-05
MASTER: Epoch 26 end with average total error = 0.857143 and alpha = -1.27358e-06
MASTER: Epoch 27 end with average total error = 0.857143 and alpha = -3.79606e-08
MASTER: Epoch 28 end with average total error = 0.857143 and alpha = -1.13146e-09
MASTER: Epoch 29 end with average total error = 0.857143 and alpha = -3.37255e-11
MASTER: Calculates the accuracy of the ensamble and its trees 
Ensabmle learning size = 22
Tree trained in epoch = 0 Accuracy = 0.631406
Tree trained in epoch = 1 Accuracy = 0.453653
Tree trained in epoch = 2 Accuracy = 0.429321
Tree trained in epoch = 3 Accuracy = 0.38919
Tree trained in epoch = 4 Accuracy = 0.399878
Tree trained in epoch = 5 Accuracy = 0.446888
Tree trained in epoch = 6 Accuracy = 0.344211
Tree trained in epoch = 7 Accuracy = 0.379448
Tree trained in epoch = 8 Accuracy = 0.447106
Tree trained in epoch = 9 Accuracy = 0.500433
Tree trained in epoch = 10 Accuracy = 0.433131
Tree trained in epoch = 11 Accuracy = 0.463446
Tree trained in epoch = 12 Accuracy = 0.390097
Tree trained in epoch = 13 Accuracy = 0.448983
Tree trained in epoch = 14 Accuracy = 0.439029
Tree trained in epoch = 15 Accuracy = 0.452494
Tree trained in epoch = 16 Accuracy = 0.432454
Tree trained in epoch = 17 Accuracy = 0.461002
Tree trained in epoch = 18 Accuracy = 0.472895
Tree trained in epoch = 19 Accuracy = 0.469458
Tree trained in epoch = 20 Accuracy = 0.481466
Tree trained in epoch = 21 Accuracy = 0.461983
Accuracy Ensabmle = 0.617006 for the test dataset  in 30 epochs
Accuracy Ensabmle = 0.664497 for the train dataset  in 30 epochs
Risultati scritti con successo nel file: ../res/risultati_adaboost-mpi_strong_6_prest.txt per il valore 30
MASTER:added tree 
MASTER: Epoch 0 end with average total error = 0.361249 and alpha = 2.36171
MASTER:added tree 
MASTER: Epoch 1 end with average total error = 0.483092 and alpha = 1.85942
MASTER:added tree 
MASTER: Epoch 2 end with average total error = 0.520723 and alpha = 1.70882
MASTER:added tree 
MASTER: Epoch 3 end with average total error = 0.551944 and alpha = 1.58323
MASTER:added tree 
MASTER: Epoch 4 end with average total error = 0.572065 and alpha = 1.50148
MASTER:added tree 
MASTER: Epoch 5 end with average total error = 0.601837 and alpha = 1.37863
MASTER:added tree 
MASTER: Epoch 6 end with average total error = 0.619457 and alpha = 1.30452
MASTER:added tree 
MASTER: Epoch 7 end with average total error = 0.639663 and alpha = 1.21786
MASTER:added tree 
MASTER: Epoch 8 end with average total error = 0.655057 and alpha = 1.15042
MASTER:added tree 
MASTER: Epoch 9 end with average total error = 0.699724 and alpha = 0.945776
MASTER:added tree 
MASTER: Epoch 10 end with average total error = 0.696113 and alpha = 0.962901
MASTER:added tree 
MASTER: Epoch 11 end with average total error = 0.752131 and alpha = 0.681751
MASTER:added tree 
MASTER: Epoch 12 end with average total error = 0.717302 and alpha = 0.86064
MASTER:added tree 
MASTER: Epoch 13 end with average total error = 0.722691 and alpha = 0.833908
MASTER:added tree 
MASTER: Epoch 14 end with average total error = 0.766374 and alpha = 0.603812
MASTER:added tree 
MASTER: Epoch 15 end with average total error = 0.751717 and alpha = 0.683969
MASTER:added tree 
MASTER: Epoch 16 end with average total error = 0.793983 and alpha = 0.442658
MASTER:added tree 
MASTER: Epoch 17 end with average total error = 0.825671 and alpha = 0.23651
MASTER:added tree 
MASTER: Epoch 18 end with average total error = 0.809373 and alpha = 0.345818
MASTER:added tree 
MASTER: Epoch 19 end with average total error = 0.842655 and alpha = 0.113643
MASTER:added tree 
MASTER: Epoch 20 end with average total error = 0.826703 and alpha = 0.229321
MASTER:added tree 
MASTER: Epoch 21 end with average total error = 0.840051 and alpha = 0.133155
MASTER: Epoch 22 end with average total error = 0.877192 and alpha = -0.174344
MASTER: Epoch 23 end with average total error = 0.862223 and alpha = -0.0421164
MASTER: Epoch 24 end with average total error = 0.857318 and alpha = -0.00143399
MASTER: Epoch 25 end with average total error = 0.857148 and alpha = -4.27291e-05
MASTER: Epoch 26 end with average total error = 0.857143 and alpha = -1.27358e-06
MASTER: Epoch 27 end with average total error = 0.857143 and alpha = -3.79606e-08
MASTER: Epoch 28 end with average total error = 0.857143 and alpha = -1.13146e-09
MASTER: Epoch 29 end with average total error = 0.857143 and alpha = -3.37255e-11
MASTER: Epoch 30 end with average total error = 0.857143 and alpha = -1.00142e-12
MASTER: Epoch 31 end with average total error = 0.857143 and alpha = -3.13083e-14
MASTER: Epoch 32 end with average total error = 0.857143 and alpha = -5.10703e-15
MASTER: Epoch 33 end with average total error = 0.857143 and alpha = 2.22045e-15
MASTER: Epoch 34 end with average total error = 0.857143 and alpha = -1.33227e-15
MASTER: Epoch 35 end with average total error = 0.857143 and alpha = -6.66134e-16
MASTER: Epoch 36 end with average total error = 0.857143 and alpha = 4.44089e-16
MASTER: Epoch 37 end with average total error = 0.857143 and alpha = 4.44089e-16
MASTER: Epoch 38 end with average total error = 0.857143 and alpha = 4.44089e-16
MASTER: Epoch 39 end with average total error = 0.857143 and alpha = -6.66134e-16
MASTER: Calculates the accuracy of the ensamble and its trees 
Ensabmle learning size = 22
Tree trained in epoch = 0 Accuracy = 0.631406
Tree trained in epoch = 1 Accuracy = 0.453653
Tree trained in epoch = 2 Accuracy = 0.429321
Tree trained in epoch = 3 Accuracy = 0.38919
Tree trained in epoch = 4 Accuracy = 0.399878
Tree trained in epoch = 5 Accuracy = 0.446888
Tree trained in epoch = 6 Accuracy = 0.344211
Tree trained in epoch = 7 Accuracy = 0.379448
Tree trained in epoch = 8 Accuracy = 0.447106
Tree trained in epoch = 9 Accuracy = 0.500433
Tree trained in epoch = 10 Accuracy = 0.433131
Tree trained in epoch = 11 Accuracy = 0.463446
Tree trained in epoch = 12 Accuracy = 0.390097
Tree trained in epoch = 13 Accuracy = 0.448983
Tree trained in epoch = 14 Accuracy = 0.439029
Tree trained in epoch = 15 Accuracy = 0.452494
Tree trained in epoch = 16 Accuracy = 0.432454
Tree trained in epoch = 17 Accuracy = 0.461002
Tree trained in epoch = 18 Accuracy = 0.472895
Tree trained in epoch = 19 Accuracy = 0.469458
Tree trained in epoch = 20 Accuracy = 0.481466
Tree trained in epoch = 21 Accuracy = 0.461983
Accuracy Ensabmle = 0.617006 for the test dataset  in 40 epochs
Accuracy Ensabmle = 0.664497 for the train dataset  in 40 epochs
Risultati scritti con successo nel file: ../res/risultati_adaboost-mpi_strong_6_prest.txt per il valore 40
MASTER:added tree 
MASTER: Epoch 0 end with average total error = 0.361249 and alpha = 2.36171
MASTER:added tree 
MASTER: Epoch 1 end with average total error = 0.483092 and alpha = 1.85942
MASTER:added tree 
MASTER: Epoch 2 end with average total error = 0.520723 and alpha = 1.70882
MASTER:added tree 
MASTER: Epoch 3 end with average total error = 0.551944 and alpha = 1.58323
MASTER:added tree 
MASTER: Epoch 4 end with average total error = 0.572065 and alpha = 1.50148
MASTER:added tree 
MASTER: Epoch 5 end with average total error = 0.601837 and alpha = 1.37863
MASTER:added tree 
MASTER: Epoch 6 end with average total error = 0.619457 and alpha = 1.30452
MASTER:added tree 
MASTER: Epoch 7 end with average total error = 0.639663 and alpha = 1.21786
MASTER:added tree 
MASTER: Epoch 8 end with average total error = 0.655057 and alpha = 1.15042
MASTER:added tree 
MASTER: Epoch 9 end with average total error = 0.699724 and alpha = 0.945776
MASTER:added tree 
MASTER: Epoch 10 end with average total error = 0.696113 and alpha = 0.962901
MASTER:added tree 
MASTER: Epoch 11 end with average total error = 0.752131 and alpha = 0.681751
MASTER:added tree 
MASTER: Epoch 12 end with average total error = 0.717302 and alpha = 0.86064
MASTER:added tree 
MASTER: Epoch 13 end with average total error = 0.722691 and alpha = 0.833908
MASTER:added tree 
MASTER: Epoch 14 end with average total error = 0.766374 and alpha = 0.603812
MASTER:added tree 
MASTER: Epoch 15 end with average total error = 0.751717 and alpha = 0.683969
MASTER:added tree 
MASTER: Epoch 16 end with average total error = 0.793983 and alpha = 0.442658
MASTER:added tree 
MASTER: Epoch 17 end with average total error = 0.825671 and alpha = 0.23651
MASTER:added tree 
MASTER: Epoch 18 end with average total error = 0.809373 and alpha = 0.345818
MASTER:added tree 
MASTER: Epoch 19 end with average total error = 0.842655 and alpha = 0.113643
MASTER:added tree 
MASTER: Epoch 20 end with average total error = 0.826703 and alpha = 0.229321
MASTER:added tree 
MASTER: Epoch 21 end with average total error = 0.840051 and alpha = 0.133155
MASTER: Epoch 22 end with average total error = 0.877192 and alpha = -0.174344
MASTER: Epoch 23 end with average total error = 0.862223 and alpha = -0.0421164
MASTER: Epoch 24 end with average total error = 0.857318 and alpha = -0.00143399
MASTER: Epoch 25 end with average total error = 0.857148 and alpha = -4.27291e-05
MASTER: Epoch 26 end with average total error = 0.857143 and alpha = -1.27358e-06
MASTER: Epoch 27 end with average total error = 0.857143 and alpha = -3.79606e-08
MASTER: Epoch 28 end with average total error = 0.857143 and alpha = -1.13146e-09
MASTER: Epoch 29 end with average total error = 0.857143 and alpha = -3.37255e-11
MASTER: Epoch 30 end with average total error = 0.857143 and alpha = -1.00142e-12
MASTER: Epoch 31 end with average total error = 0.857143 and alpha = -3.13083e-14
MASTER: Epoch 32 end with average total error = 0.857143 and alpha = -5.10703e-15
MASTER: Epoch 33 end with average total error = 0.857143 and alpha = 2.22045e-15
MASTER: Epoch 34 end with average total error = 0.857143 and alpha = -1.33227e-15
MASTER: Epoch 35 end with average total error = 0.857143 and alpha = -6.66134e-16
MASTER: Epoch 36 end with average total error = 0.857143 and alpha = 4.44089e-16
MASTER: Epoch 37 end with average total error = 0.857143 and alpha = 4.44089e-16
MASTER: Epoch 38 end with average total error = 0.857143 and alpha = 4.44089e-16
MASTER: Epoch 39 end with average total error = 0.857143 and alpha = -6.66134e-16
MASTER: Epoch 40 end with average total error = 0.857143 and alpha = -1.33227e-15
MASTER: Epoch 41 end with average total error = 0.857143 and alpha = 2.22045e-15
MASTER: Epoch 42 end with average total error = 0.857143 and alpha = -1.33227e-15
MASTER: Epoch 43 end with average total error = 0.857143 and alpha = 4.44089e-16
MASTER: Epoch 44 end with average total error = 0.857143 and alpha = 4.44089e-16
MASTER: Epoch 45 end with average total error = 0.857143 and alpha = 4.44089e-16
MASTER: Epoch 46 end with average total error = 0.857143 and alpha = 4.44089e-16
MASTER: Epoch 47 end with average total error = 0.857143 and alpha = -1.33227e-15
MASTER: Epoch 48 end with average total error = 0.857143 and alpha = -6.66134e-16
MASTER: Epoch 49 end with average total error = 0.857143 and alpha = 4.44089e-16
MASTER: Calculates the accuracy of the ensamble and its trees 
Ensabmle learning size = 22
Tree trained in epoch = 0 Accuracy = 0.631406
Tree trained in epoch = 1 Accuracy = 0.453653
Tree trained in epoch = 2 Accuracy = 0.429321
Tree trained in epoch = 3 Accuracy = 0.38919
Tree trained in epoch = 4 Accuracy = 0.399878
Tree trained in epoch = 5 Accuracy = 0.446888
Tree trained in epoch = 6 Accuracy = 0.344211
Tree trained in epoch = 7 Accuracy = 0.379448
Tree trained in epoch = 8 Accuracy = 0.447106
Tree trained in epoch = 9 Accuracy = 0.500433
Tree trained in epoch = 10 Accuracy = 0.433131
Tree trained in epoch = 11 Accuracy = 0.463446
Tree trained in epoch = 12 Accuracy = 0.390097
Tree trained in epoch = 13 Accuracy = 0.448983
Tree trained in epoch = 14 Accuracy = 0.439029
Tree trained in epoch = 15 Accuracy = 0.452494
Tree trained in epoch = 16 Accuracy = 0.432454
Tree trained in epoch = 17 Accuracy = 0.461002
Tree trained in epoch = 18 Accuracy = 0.472895
Tree trained in epoch = 19 Accuracy = 0.469458
Tree trained in epoch = 20 Accuracy = 0.481466
Tree trained in epoch = 21 Accuracy = 0.461983
Accuracy Ensabmle = 0.617006 for the test dataset  in 50 epochs
Accuracy Ensabmle = 0.664497 for the train dataset  in 50 epochs
Risultati scritti con successo nel file: ../res/risultati_adaboost-mpi_strong_6_prest.txt per il valore 50
MASTER:added tree 
MASTER: Epoch 0 end with average total error = 0.361249 and alpha = 2.36171
MASTER:added tree 
MASTER: Epoch 1 end with average total error = 0.483092 and alpha = 1.85942
MASTER:added tree 
MASTER: Epoch 2 end with average total error = 0.520723 and alpha = 1.70882
MASTER:added tree 
MASTER: Epoch 3 end with average total error = 0.551944 and alpha = 1.58323
MASTER:added tree 
MASTER: Epoch 4 end with average total error = 0.572065 and alpha = 1.50148
MASTER:added tree 
MASTER: Epoch 5 end with average total error = 0.601837 and alpha = 1.37863
MASTER:added tree 
MASTER: Epoch 6 end with average total error = 0.619457 and alpha = 1.30452
MASTER:added tree 
MASTER: Epoch 7 end with average total error = 0.639663 and alpha = 1.21786
MASTER:added tree 
MASTER: Epoch 8 end with average total error = 0.655057 and alpha = 1.15042
MASTER:added tree 
MASTER: Epoch 9 end with average total error = 0.699724 and alpha = 0.945776
MASTER:added tree 
MASTER: Epoch 10 end with average total error = 0.696113 and alpha = 0.962901
MASTER:added tree 
MASTER: Epoch 11 end with average total error = 0.752131 and alpha = 0.681751
MASTER:added tree 
MASTER: Epoch 12 end with average total error = 0.717302 and alpha = 0.86064
MASTER:added tree 
MASTER: Epoch 13 end with average total error = 0.722691 and alpha = 0.833908
MASTER:added tree 
MASTER: Epoch 14 end with average total error = 0.766374 and alpha = 0.603812
MASTER:added tree 
MASTER: Epoch 15 end with average total error = 0.751717 and alpha = 0.683969
MASTER:added tree 
MASTER: Epoch 16 end with average total error = 0.793983 and alpha = 0.442658
MASTER:added tree 
MASTER: Epoch 17 end with average total error = 0.825671 and alpha = 0.23651
MASTER:added tree 
MASTER: Epoch 18 end with average total error = 0.809373 and alpha = 0.345818
MASTER:added tree 
MASTER: Epoch 19 end with average total error = 0.842655 and alpha = 0.113643
MASTER:added tree 
MASTER: Epoch 20 end with average total error = 0.826703 and alpha = 0.229321
MASTER:added tree 
MASTER: Epoch 21 end with average total error = 0.840051 and alpha = 0.133155
MASTER: Epoch 22 end with average total error = 0.877192 and alpha = -0.174344
MASTER: Epoch 23 end with average total error = 0.862223 and alpha = -0.0421164
MASTER: Epoch 24 end with average total error = 0.857318 and alpha = -0.00143399
MASTER: Epoch 25 end with average total error = 0.857148 and alpha = -4.27291e-05
MASTER: Epoch 26 end with average total error = 0.857143 and alpha = -1.27358e-06
MASTER: Epoch 27 end with average total error = 0.857143 and alpha = -3.79606e-08
MASTER: Epoch 28 end with average total error = 0.857143 and alpha = -1.13146e-09
MASTER: Epoch 29 end with average total error = 0.857143 and alpha = -3.37255e-11
MASTER: Epoch 30 end with average total error = 0.857143 and alpha = -1.00142e-12
MASTER: Epoch 31 end with average total error = 0.857143 and alpha = -3.13083e-14
MASTER: Epoch 32 end with average total error = 0.857143 and alpha = -5.10703e-15
MASTER: Epoch 33 end with average total error = 0.857143 and alpha = 2.22045e-15
MASTER: Epoch 34 end with average total error = 0.857143 and alpha = -1.33227e-15
MASTER: Epoch 35 end with average total error = 0.857143 and alpha = -6.66134e-16
MASTER: Epoch 36 end with average total error = 0.857143 and alpha = 4.44089e-16
MASTER: Epoch 37 end with average total error = 0.857143 and alpha = 4.44089e-16
MASTER: Epoch 38 end with average total error = 0.857143 and alpha = 4.44089e-16
MASTER: Epoch 39 end with average total error = 0.857143 and alpha = -6.66134e-16
MASTER: Epoch 40 end with average total error = 0.857143 and alpha = -1.33227e-15
MASTER: Epoch 41 end with average total error = 0.857143 and alpha = 2.22045e-15
MASTER: Epoch 42 end with average total error = 0.857143 and alpha = -1.33227e-15
MASTER: Epoch 43 end with average total error = 0.857143 and alpha = 4.44089e-16
MASTER: Epoch 44 end with average total error = 0.857143 and alpha = 4.44089e-16
MASTER: Epoch 45 end with average total error = 0.857143 and alpha = 4.44089e-16
MASTER: Epoch 46 end with average total error = 0.857143 and alpha = 4.44089e-16
MASTER: Epoch 47 end with average total error = 0.857143 and alpha = -1.33227e-15
MASTER: Epoch 48 end with average total error = 0.857143 and alpha = -6.66134e-16
MASTER: Epoch 49 end with average total error = 0.857143 and alpha = 4.44089e-16
MASTER: Epoch 50 end with average total error = 0.857143 and alpha = 4.44089e-16
MASTER: Epoch 51 end with average total error = 0.857143 and alpha = 4.44089e-16
MASTER: Epoch 52 end with average total error = 0.857143 and alpha = 4.44089e-16
MASTER: Epoch 53 end with average total error = 0.857143 and alpha = -1.33227e-15
MASTER: Epoch 54 end with average total error = 0.857143 and alpha = 4.44089e-16
MASTER: Epoch 55 end with average total error = 0.857143 and alpha = 4.44089e-16
MASTER: Epoch 56 end with average total error = 0.857143 and alpha = 4.44089e-16
MASTER: Epoch 57 end with average total error = 0.857143 and alpha = -6.66134e-16
MASTER: Epoch 58 end with average total error = 0.857143 and alpha = -1.33227e-15
MASTER: Epoch 59 end with average total error = 0.857143 and alpha = 1.33227e-15
MASTER: Epoch 60 end with average total error = 0.857143 and alpha = 4.44089e-16
MASTER: Epoch 61 end with average total error = 0.857143 and alpha = -1.33227e-15
MASTER: Epoch 62 end with average total error = 0.857143 and alpha = 4.44089e-16
MASTER: Epoch 63 end with average total error = 0.857143 and alpha = 4.44089e-16
MASTER: Epoch 64 end with average total error = 0.857143 and alpha = 4.44089e-16
MASTER: Epoch 65 end with average total error = 0.857143 and alpha = -1.33227e-15
MASTER: Epoch 66 end with average total error = 0.857143 and alpha = 4.44089e-16
MASTER: Epoch 67 end with average total error = 0.857143 and alpha = 4.44089e-16
MASTER: Epoch 68 end with average total error = 0.857143 and alpha = 4.44089e-16
MASTER: Epoch 69 end with average total error = 0.857143 and alpha = -1.33227e-15
MASTER: Epoch 70 end with average total error = 0.857143 and alpha = 4.44089e-16
MASTER: Epoch 71 end with average total error = 0.857143 and alpha = 1.33227e-15
MASTER: Epoch 72 end with average total error = 0.857143 and alpha = -1.33227e-15
MASTER: Epoch 73 end with average total error = 0.857143 and alpha = 4.44089e-16
MASTER: Epoch 74 end with average total error = 0.857143 and alpha = 4.44089e-16
MASTER: Epoch 75 end with average total error = 0.857143 and alpha = -6.66134e-16
MASTER: Epoch 76 end with average total error = 0.857143 and alpha = 4.44089e-16
MASTER: Epoch 77 end with average total error = 0.857143 and alpha = -1.33227e-15
MASTER: Epoch 78 end with average total error = 0.857143 and alpha = 4.44089e-16
MASTER: Epoch 79 end with average total error = 0.857143 and alpha = 4.44089e-16
MASTER: Epoch 80 end with average total error = 0.857143 and alpha = 4.44089e-16
MASTER: Epoch 81 end with average total error = 0.857143 and alpha = -6.66134e-16
MASTER: Epoch 82 end with average total error = 0.857143 and alpha = 4.44089e-16
MASTER: Epoch 83 end with average total error = 0.857143 and alpha = 4.44089e-16
MASTER: Epoch 84 end with average total error = 0.857143 and alpha = -6.66134e-16
MASTER: Epoch 85 end with average total error = 0.857143 and alpha = 4.44089e-16
MASTER: Epoch 86 end with average total error = 0.857143 and alpha = 4.44089e-16
MASTER: Epoch 87 end with average total error = 0.857143 and alpha = -6.66134e-16
MASTER: Epoch 88 end with average total error = 0.857143 and alpha = 4.44089e-16
MASTER: Epoch 89 end with average total error = 0.857143 and alpha = 4.44089e-16
MASTER: Epoch 90 end with average total error = 0.857143 and alpha = -6.66134e-16
MASTER: Epoch 91 end with average total error = 0.857143 and alpha = 4.44089e-16
MASTER: Epoch 92 end with average total error = 0.857143 and alpha = -1.33227e-15
MASTER: Epoch 93 end with average total error = 0.857143 and alpha = 4.44089e-16
MASTER: Epoch 94 end with average total error = 0.857143 and alpha = 4.44089e-16
MASTER: Epoch 95 end with average total error = 0.857143 and alpha = 4.44089e-16
MASTER: Epoch 96 end with average total error = 0.857143 and alpha = -6.66134e-16
MASTER: Epoch 97 end with average total error = 0.857143 and alpha = 4.44089e-16
MASTER: Epoch 98 end with average total error = 0.857143 and alpha = -1.33227e-15
MASTER: Epoch 99 end with average total error = 0.857143 and alpha = 4.44089e-16
MASTER: Calculates the accuracy of the ensamble and its trees 
Ensabmle learning size = 22
Tree trained in epoch = 0 Accuracy = 0.631406
Tree trained in epoch = 1 Accuracy = 0.453653
Tree trained in epoch = 2 Accuracy = 0.429321
Tree trained in epoch = 3 Accuracy = 0.38919
Tree trained in epoch = 4 Accuracy = 0.399878
Tree trained in epoch = 5 Accuracy = 0.446888
Tree trained in epoch = 6 Accuracy = 0.344211
Tree trained in epoch = 7 Accuracy = 0.379448
Tree trained in epoch = 8 Accuracy = 0.447106
Tree trained in epoch = 9 Accuracy = 0.500433
Tree trained in epoch = 10 Accuracy = 0.433131
Tree trained in epoch = 11 Accuracy = 0.463446
Tree trained in epoch = 12 Accuracy = 0.390097
Tree trained in epoch = 13 Accuracy = 0.448983
Tree trained in epoch = 14 Accuracy = 0.439029
Tree trained in epoch = 15 Accuracy = 0.452494
Tree trained in epoch = 16 Accuracy = 0.432454
Tree trained in epoch = 17 Accuracy = 0.461002
Tree trained in epoch = 18 Accuracy = 0.472895
Tree trained in epoch = 19 Accuracy = 0.469458
Tree trained in epoch = 20 Accuracy = 0.481466
Tree trained in epoch = 21 Accuracy = 0.461983
Accuracy Ensabmle = 0.617006 for the test dataset  in 100 epochs
Accuracy Ensabmle = 0.664497 for the train dataset  in 100 epochs
Risultati scritti con successo nel file: ../res/risultati_adaboost-mpi_strong_6_prest.txt per il valore 100
