-- The C compiler identification is GNU 9.4.0
-- The CXX compiler identification is GNU 9.4.0
-- Detecting C compiler ABI info
-- Detecting C compiler ABI info - done
-- Check for working C compiler: /beegfs/home/echiavazza/spack/opt/spack/linux-ubuntu20.04-cascadelake/gcc-9.4.0/openmpi-5.0.3-ocjjgvvgpy4ulxfz3damtdseryljeeuh/bin/mpicc - skipped
-- Detecting C compile features
-- Detecting C compile features - done
-- Detecting CXX compiler ABI info
-- Detecting CXX compiler ABI info - done
-- Check for working CXX compiler: /beegfs/home/echiavazza/spack/opt/spack/linux-ubuntu20.04-cascadelake/gcc-9.4.0/openmpi-5.0.3-ocjjgvvgpy4ulxfz3damtdseryljeeuh/bin/mpicxx - skipped
-- Detecting CXX compile features
-- Detecting CXX compile features - done
-- Found MPI_C: mpicc (found version "3.1") 
-- Found MPI_CXX: mpicxx (found version "3.1") 
-- Found MPI: TRUE (found version "3.1")  
-- Found PkgConfig: /usr/bin/pkg-config (found version "0.29.1") 
-- Checking for module 'mlpack'
--   Found mlpack, version 4.2.0
-- Configuring done (7.2s)
-- Generating done (0.1s)
-- Build files have been written to: /beegfs/home/echiavazza/unito-scpd/adaboost-mpi/build
[ 25%] Building CXX object CMakeFiles/data_lib.dir/src/data_lib/datalib.cpp.o
[ 25%] Building CXX object CMakeFiles/communication_lib.dir/src/communication_lib/libcomm.cpp.o
[ 50%] Linking CXX static library /beegfs/home/echiavazza/unito-scpd/adaboost-mpi/obj/libdata_lib.a
[ 50%] Linking CXX static library /beegfs/home/echiavazza/unito-scpd/adaboost-mpi/obj/libcommunication_lib.a
[ 50%] Built target data_lib
[ 50%] Built target communication_lib
[ 87%] Building CXX object CMakeFiles/adaboost-mpi.dir/src/main.cpp.o
[ 87%] Building CXX object CMakeFiles/adaboost-mpi.dir/src/communication_lib/libcomm.cpp.o
[ 87%] Building CXX object CMakeFiles/adaboost-mpi.dir/src/data_lib/datalib.cpp.o
[100%] Linking CXX executable /beegfs/home/echiavazza/unito-scpd/adaboost-mpi/bin/adaboost-mpi
[100%] Built target adaboost-mpi
MASTER: Uploads and distributes data among 35 clients 
MASTER:Skipped tree 
MASTER: Epoch 0 end with average total error = 0.281483 and alpha = 2.72888
MASTER:Skipped tree 
MASTER: Epoch 1 end with average total error = 0.415812 and alpha = 2.13175
MASTER:Skipped tree 
MASTER: Epoch 2 end with average total error = 0.495603 and alpha = 1.80935
MASTER:Skipped tree 
MASTER: Epoch 3 end with average total error = 0.513555 and alpha = 1.73753
MASTER:Skipped tree 
MASTER: Epoch 4 end with average total error = 0.557496 and alpha = 1.56075
MASTER: Calculates the accuracy of the ensamble and its trees 
Ensabmle learning size = 5
Tree trained in epoch = 0 Accuracy = 0.682048
Tree trained in epoch = 1 Accuracy = 0.440646
Tree trained in epoch = 2 Accuracy = 0.50002
Tree trained in epoch = 3 Accuracy = 0.555957
Tree trained in epoch = 4 Accuracy = 0.549176
Accuracy Ensabmle = 0.673241 for the test dataset  in 5 epochs
Accuracy Ensabmle = 0.729035 for the train dataset  in 5 epochs
Risultati scritti con successo nel file: ../res/risultati_adaboost-mpi_strong_1_new_param_20_e3_skipping.txt per il valore 5
MASTER:Skipped tree 
MASTER: Epoch 0 end with average total error = 0.281483 and alpha = 2.72888
MASTER:Skipped tree 
MASTER: Epoch 1 end with average total error = 0.415812 and alpha = 2.13175
MASTER:Skipped tree 
MASTER: Epoch 2 end with average total error = 0.495603 and alpha = 1.80935
MASTER:Skipped tree 
MASTER: Epoch 3 end with average total error = 0.513555 and alpha = 1.73753
MASTER:Skipped tree 
MASTER: Epoch 4 end with average total error = 0.557496 and alpha = 1.56075
MASTER:Skipped tree 
MASTER: Epoch 5 end with average total error = 0.60698 and alpha = 1.35712
MASTER:Skipped tree 
MASTER: Epoch 6 end with average total error = 0.597197 and alpha = 1.39796
MASTER:Skipped tree 
MASTER: Epoch 7 end with average total error = 0.659095 and alpha = 1.13249
MASTER:Skipped tree 
MASTER: Epoch 8 end with average total error = 0.694021 and alpha = 0.972773
MASTER:Skipped tree 
MASTER: Epoch 9 end with average total error = 0.723745 and alpha = 0.828643
MASTER: Calculates the accuracy of the ensamble and its trees 
Ensabmle learning size = 10
Tree trained in epoch = 0 Accuracy = 0.682048
Tree trained in epoch = 1 Accuracy = 0.440646
Tree trained in epoch = 2 Accuracy = 0.50002
Tree trained in epoch = 3 Accuracy = 0.555957
Tree trained in epoch = 4 Accuracy = 0.549176
Tree trained in epoch = 5 Accuracy = 0.498764
Tree trained in epoch = 6 Accuracy = 0.516904
Tree trained in epoch = 7 Accuracy = 0.55388
Tree trained in epoch = 8 Accuracy = 0.534162
Tree trained in epoch = 9 Accuracy = 0.541511
Accuracy Ensabmle = 0.699959 for the test dataset  in 10 epochs
Accuracy Ensabmle = 0.762695 for the train dataset  in 10 epochs
Risultati scritti con successo nel file: ../res/risultati_adaboost-mpi_strong_1_new_param_20_e3_skipping.txt per il valore 10
MASTER:Skipped tree 
MASTER: Epoch 0 end with average total error = 0.281483 and alpha = 2.72888
MASTER:Skipped tree 
MASTER: Epoch 1 end with average total error = 0.415812 and alpha = 2.13175
MASTER:Skipped tree 
MASTER: Epoch 2 end with average total error = 0.495603 and alpha = 1.80935
MASTER:Skipped tree 
MASTER: Epoch 3 end with average total error = 0.513555 and alpha = 1.73753
MASTER:Skipped tree 
MASTER: Epoch 4 end with average total error = 0.557496 and alpha = 1.56075
MASTER:Skipped tree 
MASTER: Epoch 5 end with average total error = 0.60698 and alpha = 1.35712
MASTER:Skipped tree 
MASTER: Epoch 6 end with average total error = 0.597197 and alpha = 1.39796
MASTER:Skipped tree 
MASTER: Epoch 7 end with average total error = 0.659095 and alpha = 1.13249
MASTER:Skipped tree 
MASTER: Epoch 8 end with average total error = 0.694021 and alpha = 0.972773
MASTER:Skipped tree 
MASTER: Epoch 9 end with average total error = 0.723745 and alpha = 0.828643
MASTER:Skipped tree 
MASTER: Epoch 10 end with average total error = 0.714539 and alpha = 0.874226
MASTER:Skipped tree 
MASTER: Epoch 11 end with average total error = 0.732794 and alpha = 0.782916
MASTER:Skipped tree 
MASTER: Epoch 12 end with average total error = 0.740622 and alpha = 0.742557
MASTER:Skipped tree 
MASTER: Epoch 13 end with average total error = 0.741794 and alpha = 0.736445
MASTER:Skipped tree 
MASTER: Epoch 14 end with average total error = 0.814147 and alpha = 0.314577
MASTER:Skipped tree 
MASTER: Epoch 15 end with average total error = 0.810552 and alpha = 0.338155
MASTER:Skipped tree 
MASTER: Epoch 16 end with average total error = 0.811249 and alpha = 0.333611
MASTER:Skipped tree 
MASTER: Epoch 17 end with average total error = 0.784462 and alpha = 0.499901
MASTER:Skipped tree 
MASTER: Epoch 18 end with average total error = 0.794195 and alpha = 0.441362
MASTER:Skipped tree 
MASTER: Epoch 19 end with average total error = 0.783985 and alpha = 0.502719
MASTER: Calculates the accuracy of the ensamble and its trees 
Ensabmle learning size = 20
Tree trained in epoch = 0 Accuracy = 0.682048
Tree trained in epoch = 1 Accuracy = 0.440646
Tree trained in epoch = 2 Accuracy = 0.50002
Tree trained in epoch = 3 Accuracy = 0.555957
Tree trained in epoch = 4 Accuracy = 0.549176
Tree trained in epoch = 5 Accuracy = 0.498764
Tree trained in epoch = 6 Accuracy = 0.516904
Tree trained in epoch = 7 Accuracy = 0.55388
Tree trained in epoch = 8 Accuracy = 0.534162
Tree trained in epoch = 9 Accuracy = 0.541511
Tree trained in epoch = 10 Accuracy = 0.51858
Tree trained in epoch = 11 Accuracy = 0.534265
Tree trained in epoch = 12 Accuracy = 0.524615
Tree trained in epoch = 13 Accuracy = 0.518895
Tree trained in epoch = 14 Accuracy = 0.536537
Tree trained in epoch = 15 Accuracy = 0.516411
Tree trained in epoch = 16 Accuracy = 0.522177
Tree trained in epoch = 17 Accuracy = 0.501953
Tree trained in epoch = 18 Accuracy = 0.511305
Tree trained in epoch = 19 Accuracy = 0.510341
Accuracy Ensabmle = 0.722047 for the test dataset  in 20 epochs
Accuracy Ensabmle = 0.784207 for the train dataset  in 20 epochs
Risultati scritti con successo nel file: ../res/risultati_adaboost-mpi_strong_1_new_param_20_e3_skipping.txt per il valore 20
MASTER:Skipped tree 
MASTER: Epoch 0 end with average total error = 0.281483 and alpha = 2.72888
MASTER:Skipped tree 
MASTER: Epoch 1 end with average total error = 0.415812 and alpha = 2.13175
MASTER:Skipped tree 
MASTER: Epoch 2 end with average total error = 0.495603 and alpha = 1.80935
MASTER:Skipped tree 
MASTER: Epoch 3 end with average total error = 0.513555 and alpha = 1.73753
MASTER:Skipped tree 
MASTER: Epoch 4 end with average total error = 0.557496 and alpha = 1.56075
MASTER:Skipped tree 
MASTER: Epoch 5 end with average total error = 0.60698 and alpha = 1.35712
MASTER:Skipped tree 
MASTER: Epoch 6 end with average total error = 0.597197 and alpha = 1.39796
MASTER:Skipped tree 
MASTER: Epoch 7 end with average total error = 0.659095 and alpha = 1.13249
MASTER:Skipped tree 
MASTER: Epoch 8 end with average total error = 0.694021 and alpha = 0.972773
MASTER:Skipped tree 
MASTER: Epoch 9 end with average total error = 0.723745 and alpha = 0.828643
MASTER:Skipped tree 
MASTER: Epoch 10 end with average total error = 0.714539 and alpha = 0.874226
MASTER:Skipped tree 
MASTER: Epoch 11 end with average total error = 0.732794 and alpha = 0.782916
MASTER:Skipped tree 
MASTER: Epoch 12 end with average total error = 0.740622 and alpha = 0.742557
MASTER:Skipped tree 
MASTER: Epoch 13 end with average total error = 0.741794 and alpha = 0.736445
MASTER:Skipped tree 
MASTER: Epoch 14 end with average total error = 0.814147 and alpha = 0.314577
MASTER:Skipped tree 
MASTER: Epoch 15 end with average total error = 0.810552 and alpha = 0.338155
MASTER:Skipped tree 
MASTER: Epoch 16 end with average total error = 0.811249 and alpha = 0.333611
MASTER:Skipped tree 
MASTER: Epoch 17 end with average total error = 0.784462 and alpha = 0.499901
MASTER:Skipped tree 
MASTER: Epoch 18 end with average total error = 0.794195 and alpha = 0.441362
MASTER:Skipped tree 
MASTER: Epoch 19 end with average total error = 0.783985 and alpha = 0.502719
MASTER:Skipped tree 
MASTER: Epoch 20 end with average total error = 0.798728 and alpha = 0.413394
