-- The C compiler identification is GNU 9.4.0
-- The CXX compiler identification is GNU 9.4.0
-- Detecting C compiler ABI info
-- Detecting C compiler ABI info - done
-- Check for working C compiler: /beegfs/home/echiavazza/spack/opt/spack/linux-ubuntu20.04-cascadelake/gcc-9.4.0/openmpi-5.0.3-ocjjgvvgpy4ulxfz3damtdseryljeeuh/bin/mpicc - skipped
-- Detecting C compile features
-- Detecting C compile features - done
-- Detecting CXX compiler ABI info
-- Detecting CXX compiler ABI info - done
-- Check for working CXX compiler: /beegfs/home/echiavazza/spack/opt/spack/linux-ubuntu20.04-cascadelake/gcc-9.4.0/openmpi-5.0.3-ocjjgvvgpy4ulxfz3damtdseryljeeuh/bin/mpicxx - skipped
-- Detecting CXX compile features
-- Detecting CXX compile features - done
-- Found MPI_C: mpicc (found version "3.1") 
-- Found MPI_CXX: mpicxx (found version "3.1") 
-- Found MPI: TRUE (found version "3.1")  
-- Found PkgConfig: /usr/bin/pkg-config (found version "0.29.1") 
-- Checking for module 'mlpack'
--   Found mlpack, version 4.2.0
-- Configuring done (9.7s)
-- Generating done (0.1s)
-- Build files have been written to: /beegfs/home/echiavazza/unito-scpd/adaboost-mpi/build
[ 25%] Building CXX object CMakeFiles/data_lib.dir/src/data_lib/datalib.cpp.o
[ 25%] Building CXX object CMakeFiles/communication_lib.dir/src/communication_lib/libcomm.cpp.o
[ 37%] Linking CXX static library /beegfs/home/echiavazza/unito-scpd/adaboost-mpi/obj/libcommunication_lib.a
[ 50%] Linking CXX static library /beegfs/home/echiavazza/unito-scpd/adaboost-mpi/obj/libdata_lib.a
[ 50%] Built target communication_lib
[ 50%] Built target data_lib
[ 87%] Building CXX object CMakeFiles/adaboost-mpi.dir/src/main.cpp.o
[ 87%] Building CXX object CMakeFiles/adaboost-mpi.dir/src/communication_lib/libcomm.cpp.o
[ 87%] Building CXX object CMakeFiles/adaboost-mpi.dir/src/data_lib/datalib.cpp.o
[100%] Linking CXX executable /beegfs/home/echiavazza/unito-scpd/adaboost-mpi/bin/adaboost-mpi
[100%] Built target adaboost-mpi
MASTER: Uploads and distributes data among 329 clients 
MASTER:added tree 
MASTER: Epoch 0 end with average total error = 0.371622 and alpha = 2.31703
MASTER:added tree 
MASTER: Epoch 1 end with average total error = 0.501837 and alpha = 1.78441
MASTER:added tree 
MASTER: Epoch 2 end with average total error = 0.522772 and alpha = 1.70061
MASTER:added tree 
MASTER: Epoch 3 end with average total error = 0.570649 and alpha = 1.50726
MASTER:added tree 
MASTER: Epoch 4 end with average total error = 0.580967 and alpha = 1.46502
MASTER: Calculates the accuracy of the ensamble and its trees 
Ensabmle learning size = 5
Tree trained in epoch = 0 Accuracy = 0.629909
Tree trained in epoch = 1 Accuracy = 0.491351
Tree trained in epoch = 2 Accuracy = 0.391617
Tree trained in epoch = 3 Accuracy = 0.386517
Tree trained in epoch = 4 Accuracy = 0.37584
Accuracy Ensabmle = 0.560966 for the test dataset  in 5 epochs
Accuracy Ensabmle = 0.597176 for the train dataset  in 5 epochs
Risultati scritti con successo nel file: ../res/risultati_adaboost-mpi_strong_10_prest.txt per il valore 5
MASTER:added tree 
MASTER: Epoch 0 end with average total error = 0.371622 and alpha = 2.31703
MASTER:added tree 
MASTER: Epoch 1 end with average total error = 0.501837 and alpha = 1.78441
MASTER:added tree 
MASTER: Epoch 2 end with average total error = 0.522772 and alpha = 1.70061
MASTER:added tree 
MASTER: Epoch 3 end with average total error = 0.570649 and alpha = 1.50726
MASTER:added tree 
MASTER: Epoch 4 end with average total error = 0.580967 and alpha = 1.46502
MASTER:added tree 
MASTER: Epoch 5 end with average total error = 0.60641 and alpha = 1.35951
MASTER:added tree 
MASTER: Epoch 6 end with average total error = 0.648297 and alpha = 1.1802
MASTER:added tree 
MASTER: Epoch 7 end with average total error = 0.648073 and alpha = 1.18118
MASTER:added tree 
MASTER: Epoch 8 end with average total error = 0.682455 and alpha = 1.02668
MASTER:added tree 
MASTER: Epoch 9 end with average total error = 0.713435 and alpha = 0.879633
MASTER: Calculates the accuracy of the ensamble and its trees 
Ensabmle learning size = 10
Tree trained in epoch = 0 Accuracy = 0.629909
Tree trained in epoch = 1 Accuracy = 0.491351
Tree trained in epoch = 2 Accuracy = 0.391617
Tree trained in epoch = 3 Accuracy = 0.386517
Tree trained in epoch = 4 Accuracy = 0.37584
Tree trained in epoch = 5 Accuracy = 0.435558
Tree trained in epoch = 6 Accuracy = 0.418415
Tree trained in epoch = 7 Accuracy = 0.441209
Tree trained in epoch = 8 Accuracy = 0.402833
Tree trained in epoch = 9 Accuracy = 0.368003
Accuracy Ensabmle = 0.584832 for the test dataset  in 10 epochs
Accuracy Ensabmle = 0.621939 for the train dataset  in 10 epochs
Risultati scritti con successo nel file: ../res/risultati_adaboost-mpi_strong_10_prest.txt per il valore 10
MASTER:added tree 
MASTER: Epoch 0 end with average total error = 0.371622 and alpha = 2.31703
MASTER:added tree 
MASTER: Epoch 1 end with average total error = 0.501837 and alpha = 1.78441
MASTER:added tree 
MASTER: Epoch 2 end with average total error = 0.522772 and alpha = 1.70061
MASTER:added tree 
MASTER: Epoch 3 end with average total error = 0.570649 and alpha = 1.50726
MASTER:added tree 
MASTER: Epoch 4 end with average total error = 0.580967 and alpha = 1.46502
MASTER:added tree 
MASTER: Epoch 5 end with average total error = 0.60641 and alpha = 1.35951
MASTER:added tree 
MASTER: Epoch 6 end with average total error = 0.648297 and alpha = 1.1802
MASTER:added tree 
MASTER: Epoch 7 end with average total error = 0.648073 and alpha = 1.18118
MASTER:added tree 
MASTER: Epoch 8 end with average total error = 0.682455 and alpha = 1.02668
MASTER:added tree 
MASTER: Epoch 9 end with average total error = 0.713435 and alpha = 0.879633
MASTER:added tree 
MASTER: Epoch 10 end with average total error = 0.727541 and alpha = 0.809575
MASTER:added tree 
MASTER: Epoch 11 end with average total error = 0.757639 and alpha = 0.651979
MASTER:added tree 
MASTER: Epoch 12 end with average total error = 0.752356 and alpha = 0.680543
MASTER:added tree 
MASTER: Epoch 13 end with average total error = 0.771408 and alpha = 0.575478
MASTER:added tree 
MASTER: Epoch 14 end with average total error = 0.751241 and alpha = 0.686519
MASTER:added tree 
MASTER: Epoch 15 end with average total error = 0.761134 and alpha = 0.632851
MASTER:added tree 
MASTER: Epoch 16 end with average total error = 0.802993 and alpha = 0.386654
MASTER:added tree 
MASTER: Epoch 17 end with average total error = 0.776939 and alpha = 0.543843
MASTER:added tree 
MASTER: Epoch 18 end with average total error = 0.811587 and alpha = 0.331406
MASTER:added tree 
MASTER: Epoch 19 end with average total error = 0.819171 and alpha = 0.281022
MASTER: Calculates the accuracy of the ensamble and its trees 
Ensabmle learning size = 20
Tree trained in epoch = 0 Accuracy = 0.629909
Tree trained in epoch = 1 Accuracy = 0.491351
Tree trained in epoch = 2 Accuracy = 0.391617
Tree trained in epoch = 3 Accuracy = 0.386517
Tree trained in epoch = 4 Accuracy = 0.37584
Tree trained in epoch = 5 Accuracy = 0.435558
Tree trained in epoch = 6 Accuracy = 0.418415
Tree trained in epoch = 7 Accuracy = 0.441209
Tree trained in epoch = 8 Accuracy = 0.402833
Tree trained in epoch = 9 Accuracy = 0.368003
Tree trained in epoch = 10 Accuracy = 0.410613
Tree trained in epoch = 11 Accuracy = 0.35405
Tree trained in epoch = 12 Accuracy = 0.337481
Tree trained in epoch = 13 Accuracy = 0.351784
Tree trained in epoch = 14 Accuracy = 0.201643
Tree trained in epoch = 15 Accuracy = 0.374819
Tree trained in epoch = 16 Accuracy = 0.41437
Tree trained in epoch = 17 Accuracy = 0.420148
Tree trained in epoch = 18 Accuracy = 0.403791
Tree trained in epoch = 19 Accuracy = 0.387337
Accuracy Ensabmle = 0.588819 for the test dataset  in 20 epochs
Accuracy Ensabmle = 0.633468 for the train dataset  in 20 epochs
Risultati scritti con successo nel file: ../res/risultati_adaboost-mpi_strong_10_prest.txt per il valore 20
MASTER:added tree 
MASTER: Epoch 0 end with average total error = 0.371622 and alpha = 2.31703
MASTER:added tree 
MASTER: Epoch 1 end with average total error = 0.501837 and alpha = 1.78441
MASTER:added tree 
MASTER: Epoch 2 end with average total error = 0.522772 and alpha = 1.70061
MASTER:added tree 
MASTER: Epoch 3 end with average total error = 0.570649 and alpha = 1.50726
MASTER:added tree 
MASTER: Epoch 4 end with average total error = 0.580967 and alpha = 1.46502
MASTER:added tree 
MASTER: Epoch 5 end with average total error = 0.60641 and alpha = 1.35951
MASTER:added tree 
MASTER: Epoch 6 end with average total error = 0.648297 and alpha = 1.1802
MASTER:added tree 
MASTER: Epoch 7 end with average total error = 0.648073 and alpha = 1.18118
MASTER:added tree 
MASTER: Epoch 8 end with average total error = 0.682455 and alpha = 1.02668
MASTER:added tree 
MASTER: Epoch 9 end with average total error = 0.713435 and alpha = 0.879633
MASTER:added tree 
MASTER: Epoch 10 end with average total error = 0.727541 and alpha = 0.809575
MASTER:added tree 
MASTER: Epoch 11 end with average total error = 0.757639 and alpha = 0.651979
MASTER:added tree 
MASTER: Epoch 12 end with average total error = 0.752356 and alpha = 0.680543
MASTER:added tree 
MASTER: Epoch 13 end with average total error = 0.771408 and alpha = 0.575478
MASTER:added tree 
MASTER: Epoch 14 end with average total error = 0.751241 and alpha = 0.686519
MASTER:added tree 
MASTER: Epoch 15 end with average total error = 0.761134 and alpha = 0.632851
MASTER:added tree 
MASTER: Epoch 16 end with average total error = 0.802993 and alpha = 0.386654
MASTER:added tree 
MASTER: Epoch 17 end with average total error = 0.776939 and alpha = 0.543843
MASTER:added tree 
MASTER: Epoch 18 end with average total error = 0.811587 and alpha = 0.331406
MASTER:added tree 
MASTER: Epoch 19 end with average total error = 0.819171 and alpha = 0.281022
MASTER:added tree 
MASTER: Epoch 20 end with average total error = 0.813796 and alpha = 0.316894
MASTER: Epoch 21 end with average total error = 0.855965 and alpha = 0.00958753
MASTER: Epoch 22 end with average total error = 0.857102 and alpha = 0.000333569
MASTER: Epoch 23 end with average total error = 0.857141 and alpha = 1.1589e-05
MASTER: Epoch 24 end with average total error = 0.857143 and alpha = 4.02608e-07
MASTER: Epoch 25 end with average total error = 0.857143 and alpha = 1.39868e-08
MASTER: Epoch 26 end with average total error = 0.857143 and alpha = 4.85904e-10
MASTER: Epoch 27 end with average total error = 0.857143 and alpha = 1.68838e-11
MASTER: Epoch 28 end with average total error = 0.857143 and alpha = 5.86864e-13
MASTER: Epoch 29 end with average total error = 0.857143 and alpha = 1.93179e-14
MASTER: Calculates the accuracy of the ensamble and its trees 
Ensabmle learning size = 21
Tree trained in epoch = 0 Accuracy = 0.629909
Tree trained in epoch = 1 Accuracy = 0.491351
Tree trained in epoch = 2 Accuracy = 0.391617
Tree trained in epoch = 3 Accuracy = 0.386517
Tree trained in epoch = 4 Accuracy = 0.37584
Tree trained in epoch = 5 Accuracy = 0.435558
Tree trained in epoch = 6 Accuracy = 0.418415
Tree trained in epoch = 7 Accuracy = 0.441209
Tree trained in epoch = 8 Accuracy = 0.402833
Tree trained in epoch = 9 Accuracy = 0.368003
Tree trained in epoch = 10 Accuracy = 0.410613
Tree trained in epoch = 11 Accuracy = 0.35405
Tree trained in epoch = 12 Accuracy = 0.337481
Tree trained in epoch = 13 Accuracy = 0.351784
Tree trained in epoch = 14 Accuracy = 0.201643
Tree trained in epoch = 15 Accuracy = 0.374819
Tree trained in epoch = 16 Accuracy = 0.41437
Tree trained in epoch = 17 Accuracy = 0.420148
Tree trained in epoch = 18 Accuracy = 0.403791
Tree trained in epoch = 19 Accuracy = 0.387337
Tree trained in epoch = 20 Accuracy = 0.441932
Accuracy Ensabmle = 0.589313 for the test dataset  in 30 epochs
Accuracy Ensabmle = 0.634326 for the train dataset  in 30 epochs
Risultati scritti con successo nel file: ../res/risultati_adaboost-mpi_strong_10_prest.txt per il valore 30
MASTER:added tree 
MASTER: Epoch 0 end with average total error = 0.371622 and alpha = 2.31703
MASTER:added tree 
MASTER: Epoch 1 end with average total error = 0.501837 and alpha = 1.78441
MASTER:added tree 
MASTER: Epoch 2 end with average total error = 0.522772 and alpha = 1.70061
MASTER:added tree 
MASTER: Epoch 3 end with average total error = 0.570649 and alpha = 1.50726
MASTER:added tree 
MASTER: Epoch 4 end with average total error = 0.580967 and alpha = 1.46502
MASTER:added tree 
MASTER: Epoch 5 end with average total error = 0.60641 and alpha = 1.35951
MASTER:added tree 
MASTER: Epoch 6 end with average total error = 0.648297 and alpha = 1.1802
MASTER:added tree 
MASTER: Epoch 7 end with average total error = 0.648073 and alpha = 1.18118
MASTER:added tree 
MASTER: Epoch 8 end with average total error = 0.682455 and alpha = 1.02668
MASTER:added tree 
MASTER: Epoch 9 end with average total error = 0.713435 and alpha = 0.879633
MASTER:added tree 
MASTER: Epoch 10 end with average total error = 0.727541 and alpha = 0.809575
MASTER:added tree 
MASTER: Epoch 11 end with average total error = 0.757639 and alpha = 0.651979
MASTER:added tree 
MASTER: Epoch 12 end with average total error = 0.752356 and alpha = 0.680543
MASTER:added tree 
MASTER: Epoch 13 end with average total error = 0.771408 and alpha = 0.575478
MASTER:added tree 
MASTER: Epoch 14 end with average total error = 0.751241 and alpha = 0.686519
MASTER:added tree 
MASTER: Epoch 15 end with average total error = 0.761134 and alpha = 0.632851
MASTER:added tree 
MASTER: Epoch 16 end with average total error = 0.802993 and alpha = 0.386654
MASTER:added tree 
MASTER: Epoch 17 end with average total error = 0.776939 and alpha = 0.543843
MASTER:added tree 
MASTER: Epoch 18 end with average total error = 0.811587 and alpha = 0.331406
MASTER:added tree 
MASTER: Epoch 19 end with average total error = 0.819171 and alpha = 0.281022
MASTER:added tree 
MASTER: Epoch 20 end with average total error = 0.813796 and alpha = 0.316894
MASTER: Epoch 21 end with average total error = 0.855965 and alpha = 0.00958753
MASTER: Epoch 22 end with average total error = 0.857102 and alpha = 0.000333569
MASTER: Epoch 23 end with average total error = 0.857141 and alpha = 1.1589e-05
MASTER: Epoch 24 end with average total error = 0.857143 and alpha = 4.02608e-07
MASTER: Epoch 25 end with average total error = 0.857143 and alpha = 1.39868e-08
MASTER: Epoch 26 end with average total error = 0.857143 and alpha = 4.85904e-10
MASTER: Epoch 27 end with average total error = 0.857143 and alpha = 1.68838e-11
MASTER: Epoch 28 end with average total error = 0.857143 and alpha = 5.86864e-13
MASTER: Epoch 29 end with average total error = 0.857143 and alpha = 1.93179e-14
MASTER: Epoch 30 end with average total error = 0.857143 and alpha = 4.44089e-16
MASTER: Epoch 31 end with average total error = 0.857143 and alpha = 4.44089e-16
MASTER: Epoch 32 end with average total error = 0.857143 and alpha = 4.44089e-16
MASTER: Epoch 33 end with average total error = 0.857143 and alpha = 4.44089e-16
MASTER: Epoch 34 end with average total error = 0.857143 and alpha = -1.33227e-15
MASTER: Epoch 35 end with average total error = 0.857143 and alpha = 4.44089e-16
MASTER: Epoch 36 end with average total error = 0.857143 and alpha = 4.44089e-16
MASTER: Epoch 37 end with average total error = 0.857143 and alpha = 4.44089e-16
MASTER: Epoch 38 end with average total error = 0.857143 and alpha = -1.33227e-15
MASTER: Epoch 39 end with average total error = 0.857143 and alpha = 4.44089e-16
MASTER: Calculates the accuracy of the ensamble and its trees 
Ensabmle learning size = 21
Tree trained in epoch = 0 Accuracy = 0.629909
Tree trained in epoch = 1 Accuracy = 0.491351
Tree trained in epoch = 2 Accuracy = 0.391617
Tree trained in epoch = 3 Accuracy = 0.386517
Tree trained in epoch = 4 Accuracy = 0.37584
Tree trained in epoch = 5 Accuracy = 0.435558
Tree trained in epoch = 6 Accuracy = 0.418415
Tree trained in epoch = 7 Accuracy = 0.441209
Tree trained in epoch = 8 Accuracy = 0.402833
Tree trained in epoch = 9 Accuracy = 0.368003
Tree trained in epoch = 10 Accuracy = 0.410613
Tree trained in epoch = 11 Accuracy = 0.35405
Tree trained in epoch = 12 Accuracy = 0.337481
Tree trained in epoch = 13 Accuracy = 0.351784
Tree trained in epoch = 14 Accuracy = 0.201643
Tree trained in epoch = 15 Accuracy = 0.374819
Tree trained in epoch = 16 Accuracy = 0.41437
Tree trained in epoch = 17 Accuracy = 0.420148
Tree trained in epoch = 18 Accuracy = 0.403791
Tree trained in epoch = 19 Accuracy = 0.387337
Tree trained in epoch = 20 Accuracy = 0.441932
Accuracy Ensabmle = 0.589313 for the test dataset  in 40 epochs
Accuracy Ensabmle = 0.634326 for the train dataset  in 40 epochs
Risultati scritti con successo nel file: ../res/risultati_adaboost-mpi_strong_10_prest.txt per il valore 40
MASTER:added tree 
MASTER: Epoch 0 end with average total error = 0.371622 and alpha = 2.31703
MASTER:added tree 
MASTER: Epoch 1 end with average total error = 0.501837 and alpha = 1.78441
MASTER:added tree 
MASTER: Epoch 2 end with average total error = 0.522772 and alpha = 1.70061
MASTER:added tree 
MASTER: Epoch 3 end with average total error = 0.570649 and alpha = 1.50726
MASTER:added tree 
MASTER: Epoch 4 end with average total error = 0.580967 and alpha = 1.46502
MASTER:added tree 
MASTER: Epoch 5 end with average total error = 0.60641 and alpha = 1.35951
MASTER:added tree 
MASTER: Epoch 6 end with average total error = 0.648297 and alpha = 1.1802
MASTER:added tree 
MASTER: Epoch 7 end with average total error = 0.648073 and alpha = 1.18118
MASTER:added tree 
MASTER: Epoch 8 end with average total error = 0.682455 and alpha = 1.02668
MASTER:added tree 
MASTER: Epoch 9 end with average total error = 0.713435 and alpha = 0.879633
MASTER:added tree 
MASTER: Epoch 10 end with average total error = 0.727541 and alpha = 0.809575
MASTER:added tree 
MASTER: Epoch 11 end with average total error = 0.757639 and alpha = 0.651979
MASTER:added tree 
MASTER: Epoch 12 end with average total error = 0.752356 and alpha = 0.680543
MASTER:added tree 
MASTER: Epoch 13 end with average total error = 0.771408 and alpha = 0.575478
MASTER:added tree 
MASTER: Epoch 14 end with average total error = 0.751241 and alpha = 0.686519
MASTER:added tree 
MASTER: Epoch 15 end with average total error = 0.761134 and alpha = 0.632851
MASTER:added tree 
MASTER: Epoch 16 end with average total error = 0.802993 and alpha = 0.386654
MASTER:added tree 
MASTER: Epoch 17 end with average total error = 0.776939 and alpha = 0.543843
MASTER:added tree 
MASTER: Epoch 18 end with average total error = 0.811587 and alpha = 0.331406
MASTER:added tree 
MASTER: Epoch 19 end with average total error = 0.819171 and alpha = 0.281022
MASTER:added tree 
MASTER: Epoch 20 end with average total error = 0.813796 and alpha = 0.316894
MASTER: Epoch 21 end with average total error = 0.855965 and alpha = 0.00958753
MASTER: Epoch 22 end with average total error = 0.857102 and alpha = 0.000333569
MASTER: Epoch 23 end with average total error = 0.857141 and alpha = 1.1589e-05
MASTER: Epoch 24 end with average total error = 0.857143 and alpha = 4.02608e-07
MASTER: Epoch 25 end with average total error = 0.857143 and alpha = 1.39868e-08
MASTER: Epoch 26 end with average total error = 0.857143 and alpha = 4.85904e-10
MASTER: Epoch 27 end with average total error = 0.857143 and alpha = 1.68838e-11
MASTER: Epoch 28 end with average total error = 0.857143 and alpha = 5.86864e-13
MASTER: Epoch 29 end with average total error = 0.857143 and alpha = 1.93179e-14
MASTER: Epoch 30 end with average total error = 0.857143 and alpha = 4.44089e-16
MASTER: Epoch 31 end with average total error = 0.857143 and alpha = 4.44089e-16
MASTER: Epoch 32 end with average total error = 0.857143 and alpha = 4.44089e-16
MASTER: Epoch 33 end with average total error = 0.857143 and alpha = 4.44089e-16
MASTER: Epoch 34 end with average total error = 0.857143 and alpha = -1.33227e-15
MASTER: Epoch 35 end with average total error = 0.857143 and alpha = 4.44089e-16
MASTER: Epoch 36 end with average total error = 0.857143 and alpha = 4.44089e-16
MASTER: Epoch 37 end with average total error = 0.857143 and alpha = 4.44089e-16
MASTER: Epoch 38 end with average total error = 0.857143 and alpha = -1.33227e-15
MASTER: Epoch 39 end with average total error = 0.857143 and alpha = 4.44089e-16
MASTER: Epoch 40 end with average total error = 0.857143 and alpha = 4.44089e-16
MASTER: Epoch 41 end with average total error = 0.857143 and alpha = 4.44089e-16
MASTER: Epoch 42 end with average total error = 0.857143 and alpha = -1.33227e-15
MASTER: Epoch 43 end with average total error = 0.857143 and alpha = 4.44089e-16
MASTER: Epoch 44 end with average total error = 0.857143 and alpha = 4.44089e-16
MASTER: Epoch 45 end with average total error = 0.857143 and alpha = -1.33227e-15
MASTER: Epoch 46 end with average total error = 0.857143 and alpha = 4.44089e-16
MASTER: Epoch 47 end with average total error = 0.857143 and alpha = 4.44089e-16
MASTER: Epoch 48 end with average total error = 0.857143 and alpha = 4.44089e-16
MASTER: Epoch 49 end with average total error = 0.857143 and alpha = 4.44089e-16
MASTER: Calculates the accuracy of the ensamble and its trees 
Ensabmle learning size = 21
Tree trained in epoch = 0 Accuracy = 0.629909
Tree trained in epoch = 1 Accuracy = 0.491351
Tree trained in epoch = 2 Accuracy = 0.391617
Tree trained in epoch = 3 Accuracy = 0.386517
Tree trained in epoch = 4 Accuracy = 0.37584
Tree trained in epoch = 5 Accuracy = 0.435558
Tree trained in epoch = 6 Accuracy = 0.418415
Tree trained in epoch = 7 Accuracy = 0.441209
Tree trained in epoch = 8 Accuracy = 0.402833
Tree trained in epoch = 9 Accuracy = 0.368003
Tree trained in epoch = 10 Accuracy = 0.410613
Tree trained in epoch = 11 Accuracy = 0.35405
Tree trained in epoch = 12 Accuracy = 0.337481
Tree trained in epoch = 13 Accuracy = 0.351784
Tree trained in epoch = 14 Accuracy = 0.201643
Tree trained in epoch = 15 Accuracy = 0.374819
Tree trained in epoch = 16 Accuracy = 0.41437
Tree trained in epoch = 17 Accuracy = 0.420148
Tree trained in epoch = 18 Accuracy = 0.403791
Tree trained in epoch = 19 Accuracy = 0.387337
Tree trained in epoch = 20 Accuracy = 0.441932
Accuracy Ensabmle = 0.589313 for the test dataset  in 50 epochs
Accuracy Ensabmle = 0.634326 for the train dataset  in 50 epochs
Risultati scritti con successo nel file: ../res/risultati_adaboost-mpi_strong_10_prest.txt per il valore 50
MASTER:added tree 
MASTER: Epoch 0 end with average total error = 0.371622 and alpha = 2.31703
MASTER:added tree 
MASTER: Epoch 1 end with average total error = 0.501837 and alpha = 1.78441
MASTER:added tree 
MASTER: Epoch 2 end with average total error = 0.522772 and alpha = 1.70061
MASTER:added tree 
MASTER: Epoch 3 end with average total error = 0.570649 and alpha = 1.50726
MASTER:added tree 
MASTER: Epoch 4 end with average total error = 0.580967 and alpha = 1.46502
MASTER:added tree 
MASTER: Epoch 5 end with average total error = 0.60641 and alpha = 1.35951
MASTER:added tree 
MASTER: Epoch 6 end with average total error = 0.648297 and alpha = 1.1802
MASTER:added tree 
MASTER: Epoch 7 end with average total error = 0.648073 and alpha = 1.18118
MASTER:added tree 
MASTER: Epoch 8 end with average total error = 0.682455 and alpha = 1.02668
MASTER:added tree 
MASTER: Epoch 9 end with average total error = 0.713435 and alpha = 0.879633
MASTER:added tree 
MASTER: Epoch 10 end with average total error = 0.727541 and alpha = 0.809575
MASTER:added tree 
MASTER: Epoch 11 end with average total error = 0.757639 and alpha = 0.651979
MASTER:added tree 
MASTER: Epoch 12 end with average total error = 0.752356 and alpha = 0.680543
MASTER:added tree 
MASTER: Epoch 13 end with average total error = 0.771408 and alpha = 0.575478
MASTER:added tree 
MASTER: Epoch 14 end with average total error = 0.751241 and alpha = 0.686519
MASTER:added tree 
MASTER: Epoch 15 end with average total error = 0.761134 and alpha = 0.632851
MASTER:added tree 
MASTER: Epoch 16 end with average total error = 0.802993 and alpha = 0.386654
MASTER:added tree 
MASTER: Epoch 17 end with average total error = 0.776939 and alpha = 0.543843
MASTER:added tree 
MASTER: Epoch 18 end with average total error = 0.811587 and alpha = 0.331406
MASTER:added tree 
MASTER: Epoch 19 end with average total error = 0.819171 and alpha = 0.281022
MASTER:added tree 
MASTER: Epoch 20 end with average total error = 0.813796 and alpha = 0.316894
MASTER: Epoch 21 end with average total error = 0.855965 and alpha = 0.00958753
MASTER: Epoch 22 end with average total error = 0.857102 and alpha = 0.000333569
MASTER: Epoch 23 end with average total error = 0.857141 and alpha = 1.1589e-05
MASTER: Epoch 24 end with average total error = 0.857143 and alpha = 4.02608e-07
MASTER: Epoch 25 end with average total error = 0.857143 and alpha = 1.39868e-08
MASTER: Epoch 26 end with average total error = 0.857143 and alpha = 4.85904e-10
MASTER: Epoch 27 end with average total error = 0.857143 and alpha = 1.68838e-11
MASTER: Epoch 28 end with average total error = 0.857143 and alpha = 5.86864e-13
MASTER: Epoch 29 end with average total error = 0.857143 and alpha = 1.93179e-14
MASTER: Epoch 30 end with average total error = 0.857143 and alpha = 4.44089e-16
MASTER: Epoch 31 end with average total error = 0.857143 and alpha = 4.44089e-16
MASTER: Epoch 32 end with average total error = 0.857143 and alpha = 4.44089e-16
MASTER: Epoch 33 end with average total error = 0.857143 and alpha = 4.44089e-16
MASTER: Epoch 34 end with average total error = 0.857143 and alpha = -1.33227e-15
MASTER: Epoch 35 end with average total error = 0.857143 and alpha = 4.44089e-16
MASTER: Epoch 36 end with average total error = 0.857143 and alpha = 4.44089e-16
MASTER: Epoch 37 end with average total error = 0.857143 and alpha = 4.44089e-16
MASTER: Epoch 38 end with average total error = 0.857143 and alpha = -1.33227e-15
MASTER: Epoch 39 end with average total error = 0.857143 and alpha = 4.44089e-16
MASTER: Epoch 40 end with average total error = 0.857143 and alpha = 4.44089e-16
MASTER: Epoch 41 end with average total error = 0.857143 and alpha = 4.44089e-16
MASTER: Epoch 42 end with average total error = 0.857143 and alpha = -1.33227e-15
MASTER: Epoch 43 end with average total error = 0.857143 and alpha = 4.44089e-16
MASTER: Epoch 44 end with average total error = 0.857143 and alpha = 4.44089e-16
MASTER: Epoch 45 end with average total error = 0.857143 and alpha = -1.33227e-15
MASTER: Epoch 46 end with average total error = 0.857143 and alpha = 4.44089e-16
MASTER: Epoch 47 end with average total error = 0.857143 and alpha = 4.44089e-16
MASTER: Epoch 48 end with average total error = 0.857143 and alpha = 4.44089e-16
MASTER: Epoch 49 end with average total error = 0.857143 and alpha = 4.44089e-16
MASTER: Epoch 50 end with average total error = 0.857143 and alpha = 4.44089e-16
MASTER: Epoch 51 end with average total error = 0.857143 and alpha = -1.33227e-15
MASTER: Epoch 52 end with average total error = 0.857143 and alpha = 4.44089e-16
MASTER: Epoch 53 end with average total error = 0.857143 and alpha = 4.44089e-16
MASTER: Epoch 54 end with average total error = 0.857143 and alpha = 4.44089e-16
MASTER: Epoch 55 end with average total error = 0.857143 and alpha = -1.33227e-15
MASTER: Epoch 56 end with average total error = 0.857143 and alpha = 4.44089e-16
MASTER: Epoch 57 end with average total error = 0.857143 and alpha = -1.33227e-15
MASTER: Epoch 58 end with average total error = 0.857143 and alpha = 4.44089e-16
MASTER: Epoch 59 end with average total error = 0.857143 and alpha = 4.44089e-16
MASTER: Epoch 60 end with average total error = 0.857143 and alpha = 4.44089e-16
MASTER: Epoch 61 end with average total error = 0.857143 and alpha = -1.33227e-15
MASTER: Epoch 62 end with average total error = 0.857143 and alpha = 4.44089e-16
MASTER: Epoch 63 end with average total error = 0.857143 and alpha = 4.44089e-16
MASTER: Epoch 64 end with average total error = 0.857143 and alpha = 4.44089e-16
MASTER: Epoch 65 end with average total error = 0.857143 and alpha = 4.44089e-16
MASTER: Epoch 66 end with average total error = 0.857143 and alpha = -1.33227e-15
MASTER: Epoch 67 end with average total error = 0.857143 and alpha = 4.44089e-16
MASTER: Epoch 68 end with average total error = 0.857143 and alpha = 4.44089e-16
MASTER: Epoch 69 end with average total error = 0.857143 and alpha = 4.44089e-16
MASTER: Epoch 70 end with average total error = 0.857143 and alpha = -1.33227e-15
MASTER: Epoch 71 end with average total error = 0.857143 and alpha = 4.44089e-16
MASTER: Epoch 72 end with average total error = 0.857143 and alpha = 4.44089e-16
MASTER: Epoch 73 end with average total error = 0.857143 and alpha = 4.44089e-16
MASTER: Epoch 74 end with average total error = 0.857143 and alpha = -1.33227e-15
MASTER: Epoch 75 end with average total error = 0.857143 and alpha = 4.44089e-16
MASTER: Epoch 76 end with average total error = 0.857143 and alpha = 4.44089e-16
MASTER: Epoch 77 end with average total error = 0.857143 and alpha = 4.44089e-16
MASTER: Epoch 78 end with average total error = 0.857143 and alpha = -1.33227e-15
MASTER: Epoch 79 end with average total error = 0.857143 and alpha = 4.44089e-16
MASTER: Epoch 80 end with average total error = 0.857143 and alpha = 4.44089e-16
MASTER: Epoch 81 end with average total error = 0.857143 and alpha = 4.44089e-16
MASTER: Epoch 82 end with average total error = 0.857143 and alpha = -1.33227e-15
MASTER: Epoch 83 end with average total error = 0.857143 and alpha = 4.44089e-16
MASTER: Epoch 84 end with average total error = 0.857143 and alpha = 4.44089e-16
MASTER: Epoch 85 end with average total error = 0.857143 and alpha = 4.44089e-16
MASTER: Epoch 86 end with average total error = 0.857143 and alpha = 4.44089e-16
MASTER: Epoch 87 end with average total error = 0.857143 and alpha = -1.33227e-15
MASTER: Epoch 88 end with average total error = 0.857143 and alpha = 4.44089e-16
MASTER: Epoch 89 end with average total error = 0.857143 and alpha = 4.44089e-16
MASTER: Epoch 90 end with average total error = 0.857143 and alpha = 4.44089e-16
MASTER: Epoch 91 end with average total error = 0.857143 and alpha = -1.33227e-15
MASTER: Epoch 92 end with average total error = 0.857143 and alpha = 4.44089e-16
MASTER: Epoch 93 end with average total error = 0.857143 and alpha = 4.44089e-16
MASTER: Epoch 94 end with average total error = 0.857143 and alpha = 4.44089e-16
MASTER: Epoch 95 end with average total error = 0.857143 and alpha = 4.44089e-16
MASTER: Epoch 96 end with average total error = 0.857143 and alpha = -1.33227e-15
MASTER: Epoch 97 end with average total error = 0.857143 and alpha = 4.44089e-16
MASTER: Epoch 98 end with average total error = 0.857143 and alpha = 4.44089e-16
MASTER: Epoch 99 end with average total error = 0.857143 and alpha = 4.44089e-16
MASTER: Calculates the accuracy of the ensamble and its trees 
Ensabmle learning size = 21
Tree trained in epoch = 0 Accuracy = 0.629909
Tree trained in epoch = 1 Accuracy = 0.491351
Tree trained in epoch = 2 Accuracy = 0.391617
Tree trained in epoch = 3 Accuracy = 0.386517
Tree trained in epoch = 4 Accuracy = 0.37584
Tree trained in epoch = 5 Accuracy = 0.435558
Tree trained in epoch = 6 Accuracy = 0.418415
Tree trained in epoch = 7 Accuracy = 0.441209
Tree trained in epoch = 8 Accuracy = 0.402833
Tree trained in epoch = 9 Accuracy = 0.368003
Tree trained in epoch = 10 Accuracy = 0.410613
Tree trained in epoch = 11 Accuracy = 0.35405
Tree trained in epoch = 12 Accuracy = 0.337481
Tree trained in epoch = 13 Accuracy = 0.351784
Tree trained in epoch = 14 Accuracy = 0.201643
Tree trained in epoch = 15 Accuracy = 0.374819
Tree trained in epoch = 16 Accuracy = 0.41437
Tree trained in epoch = 17 Accuracy = 0.420148
Tree trained in epoch = 18 Accuracy = 0.403791
Tree trained in epoch = 19 Accuracy = 0.387337
Tree trained in epoch = 20 Accuracy = 0.441932
Accuracy Ensabmle = 0.589313 for the test dataset  in 100 epochs
Accuracy Ensabmle = 0.634326 for the train dataset  in 100 epochs
Risultati scritti con successo nel file: ../res/risultati_adaboost-mpi_strong_10_prest.txt per il valore 100
