-- The C compiler identification is GNU 9.4.0
-- The CXX compiler identification is GNU 9.4.0
-- Detecting C compiler ABI info
-- Detecting C compiler ABI info - done
-- Check for working C compiler: /beegfs/home/echiavazza/spack/opt/spack/linux-ubuntu20.04-cascadelake/gcc-9.4.0/openmpi-5.0.3-ocjjgvvgpy4ulxfz3damtdseryljeeuh/bin/mpicc - skipped
-- Detecting C compile features
-- Detecting C compile features - done
-- Detecting CXX compiler ABI info
-- Detecting CXX compiler ABI info - done
-- Check for working CXX compiler: /beegfs/home/echiavazza/spack/opt/spack/linux-ubuntu20.04-cascadelake/gcc-9.4.0/openmpi-5.0.3-ocjjgvvgpy4ulxfz3damtdseryljeeuh/bin/mpicxx - skipped
-- Detecting CXX compile features
-- Detecting CXX compile features - done
-- Found MPI_C: mpicc (found version "3.1") 
-- Found MPI_CXX: mpicxx (found version "3.1") 
-- Found MPI: TRUE (found version "3.1")  
-- Found PkgConfig: /usr/bin/pkg-config (found version "0.29.1") 
-- Checking for module 'mlpack'
--   Found mlpack, version 4.2.0
-- Configuring done (7.5s)
-- Generating done (0.1s)
-- Build files have been written to: /beegfs/home/echiavazza/unito-scpd/adaboost-mpi/build
[ 25%] Building CXX object CMakeFiles/data_lib.dir/src/data_lib/datalib.cpp.o
[ 25%] Building CXX object CMakeFiles/communication_lib.dir/src/communication_lib/libcomm.cpp.o
[ 37%] Linking CXX static library /beegfs/home/echiavazza/unito-scpd/adaboost-mpi/obj/libcommunication_lib.a
[ 37%] Built target communication_lib
[ 50%] Linking CXX static library /beegfs/home/echiavazza/unito-scpd/adaboost-mpi/obj/libdata_lib.a
[ 50%] Built target data_lib
[ 87%] Building CXX object CMakeFiles/adaboost-mpi.dir/src/main.cpp.o
[ 87%] Building CXX object CMakeFiles/adaboost-mpi.dir/src/communication_lib/libcomm.cpp.o
[ 87%] Building CXX object CMakeFiles/adaboost-mpi.dir/src/data_lib/datalib.cpp.o
[100%] Linking CXX executable /beegfs/home/echiavazza/unito-scpd/adaboost-mpi/bin/adaboost-mpi
[100%] Built target adaboost-mpi
MASTER: Uploads and distributes data among 179 clients 
MASTER:added tree 
MASTER: Epoch 0 end with average total error = 0.343904 and alpha = 2.43771
MASTER:added tree 
MASTER: Epoch 1 end with average total error = 0.461427 and alpha = 1.94636
MASTER:added tree 
MASTER: Epoch 2 end with average total error = 0.52456 and alpha = 1.69344
MASTER:added tree 
MASTER: Epoch 3 end with average total error = 0.563713 and alpha = 1.53552
MASTER:added tree 
MASTER: Epoch 4 end with average total error = 0.572499 and alpha = 1.49971
MASTER: Calculates the accuracy of the ensamble and its trees 
Ensabmle learning size = 5
Tree trained in epoch = 0 Accuracy = 0.652261
Tree trained in epoch = 1 Accuracy = 0.456469
Tree trained in epoch = 2 Accuracy = 0.421743
Tree trained in epoch = 3 Accuracy = 0.390286
Tree trained in epoch = 4 Accuracy = 0.453113
Accuracy Ensabmle = 0.605027 for the test dataset  in 5 epochs
Accuracy Ensabmle = 0.620746 for the train dataset  in 5 epochs
Risultati scritti con successo nel file: ../res/risultati_adaboost-mpi_strong_6_prest.txt per il valore 5
MASTER:added tree 
MASTER: Epoch 0 end with average total error = 0.343904 and alpha = 2.43771
MASTER:added tree 
MASTER: Epoch 1 end with average total error = 0.461427 and alpha = 1.94636
MASTER:added tree 
MASTER: Epoch 2 end with average total error = 0.52456 and alpha = 1.69344
MASTER:added tree 
MASTER: Epoch 3 end with average total error = 0.563713 and alpha = 1.53552
MASTER:added tree 
MASTER: Epoch 4 end with average total error = 0.572499 and alpha = 1.49971
MASTER:added tree 
MASTER: Epoch 5 end with average total error = 0.604825 and alpha = 1.36615
MASTER:added tree 
MASTER: Epoch 6 end with average total error = 0.622504 and alpha = 1.29157
MASTER:added tree 
MASTER: Epoch 7 end with average total error = 0.64118 and alpha = 1.21127
MASTER:added tree 
MASTER: Epoch 8 end with average total error = 0.65647 and alpha = 1.14416
MASTER:added tree 
MASTER: Epoch 9 end with average total error = 0.696605 and alpha = 0.960577
MASTER: Calculates the accuracy of the ensamble and its trees 
Ensabmle learning size = 10
Tree trained in epoch = 0 Accuracy = 0.652261
Tree trained in epoch = 1 Accuracy = 0.456469
Tree trained in epoch = 2 Accuracy = 0.421743
Tree trained in epoch = 3 Accuracy = 0.390286
Tree trained in epoch = 4 Accuracy = 0.453113
Tree trained in epoch = 5 Accuracy = 0.4083
Tree trained in epoch = 6 Accuracy = 0.452907
Tree trained in epoch = 7 Accuracy = 0.459459
Tree trained in epoch = 8 Accuracy = 0.381571
Tree trained in epoch = 9 Accuracy = 0.47173
Accuracy Ensabmle = 0.612261 for the test dataset  in 10 epochs
Accuracy Ensabmle = 0.637441 for the train dataset  in 10 epochs
Risultati scritti con successo nel file: ../res/risultati_adaboost-mpi_strong_6_prest.txt per il valore 10
MASTER:added tree 
MASTER: Epoch 0 end with average total error = 0.343904 and alpha = 2.43771
MASTER:added tree 
MASTER: Epoch 1 end with average total error = 0.461427 and alpha = 1.94636
MASTER:added tree 
MASTER: Epoch 2 end with average total error = 0.52456 and alpha = 1.69344
MASTER:added tree 
MASTER: Epoch 3 end with average total error = 0.563713 and alpha = 1.53552
MASTER:added tree 
MASTER: Epoch 4 end with average total error = 0.572499 and alpha = 1.49971
MASTER:added tree 
MASTER: Epoch 5 end with average total error = 0.604825 and alpha = 1.36615
MASTER:added tree 
MASTER: Epoch 6 end with average total error = 0.622504 and alpha = 1.29157
MASTER:added tree 
MASTER: Epoch 7 end with average total error = 0.64118 and alpha = 1.21127
MASTER:added tree 
MASTER: Epoch 8 end with average total error = 0.65647 and alpha = 1.14416
MASTER:added tree 
MASTER: Epoch 9 end with average total error = 0.696605 and alpha = 0.960577
MASTER:added tree 
MASTER: Epoch 10 end with average total error = 0.715179 and alpha = 0.871086
MASTER:added tree 
MASTER: Epoch 11 end with average total error = 0.747807 and alpha = 0.704808
MASTER:added tree 
MASTER: Epoch 12 end with average total error = 0.739252 and alpha = 0.749677
MASTER:added tree 
MASTER: Epoch 13 end with average total error = 0.778497 and alpha = 0.534829
MASTER:added tree 
MASTER: Epoch 14 end with average total error = 0.770767 and alpha = 0.579111
MASTER:added tree 
MASTER: Epoch 15 end with average total error = 0.806364 and alpha = 0.365204
MASTER:added tree 
MASTER: Epoch 16 end with average total error = 0.79883 and alpha = 0.412763
MASTER:added tree 
MASTER: Epoch 17 end with average total error = 0.775001 and alpha = 0.554993
MASTER:added tree 
MASTER: Epoch 18 end with average total error = 0.83904 and alpha = 0.140654
MASTER:added tree 
MASTER: Epoch 19 end with average total error = 0.798907 and alpha = 0.41228
MASTER: Calculates the accuracy of the ensamble and its trees 
Ensabmle learning size = 20
Tree trained in epoch = 0 Accuracy = 0.652261
Tree trained in epoch = 1 Accuracy = 0.456469
Tree trained in epoch = 2 Accuracy = 0.421743
Tree trained in epoch = 3 Accuracy = 0.390286
Tree trained in epoch = 4 Accuracy = 0.453113
Tree trained in epoch = 5 Accuracy = 0.4083
Tree trained in epoch = 6 Accuracy = 0.452907
Tree trained in epoch = 7 Accuracy = 0.459459
Tree trained in epoch = 8 Accuracy = 0.381571
Tree trained in epoch = 9 Accuracy = 0.47173
Tree trained in epoch = 10 Accuracy = 0.428581
Tree trained in epoch = 11 Accuracy = 0.449746
Tree trained in epoch = 12 Accuracy = 0.535826
Tree trained in epoch = 13 Accuracy = 0.46095
Tree trained in epoch = 14 Accuracy = 0.45383
Tree trained in epoch = 15 Accuracy = 0.446521
Tree trained in epoch = 16 Accuracy = 0.48986
Tree trained in epoch = 17 Accuracy = 0.440383
Tree trained in epoch = 18 Accuracy = 0.441851
Tree trained in epoch = 19 Accuracy = 0.475786
Accuracy Ensabmle = 0.641331 for the test dataset  in 20 epochs
Accuracy Ensabmle = 0.665766 for the train dataset  in 20 epochs
Risultati scritti con successo nel file: ../res/risultati_adaboost-mpi_strong_6_prest.txt per il valore 20
MASTER:added tree 
MASTER: Epoch 0 end with average total error = 0.343904 and alpha = 2.43771
MASTER:added tree 
MASTER: Epoch 1 end with average total error = 0.461427 and alpha = 1.94636
MASTER:added tree 
MASTER: Epoch 2 end with average total error = 0.52456 and alpha = 1.69344
MASTER:added tree 
MASTER: Epoch 3 end with average total error = 0.563713 and alpha = 1.53552
MASTER:added tree 
MASTER: Epoch 4 end with average total error = 0.572499 and alpha = 1.49971
MASTER:added tree 
MASTER: Epoch 5 end with average total error = 0.604825 and alpha = 1.36615
MASTER:added tree 
MASTER: Epoch 6 end with average total error = 0.622504 and alpha = 1.29157
MASTER:added tree 
MASTER: Epoch 7 end with average total error = 0.64118 and alpha = 1.21127
MASTER:added tree 
MASTER: Epoch 8 end with average total error = 0.65647 and alpha = 1.14416
MASTER:added tree 
MASTER: Epoch 9 end with average total error = 0.696605 and alpha = 0.960577
MASTER:added tree 
MASTER: Epoch 10 end with average total error = 0.715179 and alpha = 0.871086
MASTER:added tree 
MASTER: Epoch 11 end with average total error = 0.747807 and alpha = 0.704808
MASTER:added tree 
MASTER: Epoch 12 end with average total error = 0.739252 and alpha = 0.749677
MASTER:added tree 
MASTER: Epoch 13 end with average total error = 0.778497 and alpha = 0.534829
MASTER:added tree 
MASTER: Epoch 14 end with average total error = 0.770767 and alpha = 0.579111
MASTER:added tree 
MASTER: Epoch 15 end with average total error = 0.806364 and alpha = 0.365204
MASTER:added tree 
MASTER: Epoch 16 end with average total error = 0.79883 and alpha = 0.412763
MASTER:added tree 
MASTER: Epoch 17 end with average total error = 0.775001 and alpha = 0.554993
MASTER:added tree 
MASTER: Epoch 18 end with average total error = 0.83904 and alpha = 0.140654
MASTER:added tree 
MASTER: Epoch 19 end with average total error = 0.798907 and alpha = 0.41228
MASTER:added tree 
MASTER: Epoch 20 end with average total error = 0.811188 and alpha = 0.334013
MASTER: Epoch 21 end with average total error = 0.859195 and alpha = -0.0168569
MASTER:added tree 
MASTER: Epoch 22 end with average total error = 0.82942 and alpha = 0.210236
MASTER: Epoch 23 end with average total error = 0.856498 and alpha = 0.00525396
MASTER: Epoch 24 end with average total error = 0.863947 and alpha = -0.0567113
MASTER: Epoch 25 end with average total error = 0.879973 and alpha = -0.200417
MASTER:added tree 
MASTER: Epoch 26 end with average total error = 0.848644 and alpha = 0.0677527
MASTER:added tree 
MASTER: Epoch 27 end with average total error = 0.855166 and alpha = 0.0160506
MASTER:added tree 
MASTER: Epoch 28 end with average total error = 0.848407 and alpha = 0.0695971
MASTER: Epoch 29 end with average total error = 0.870273 and alpha = -0.111611
MASTER: Calculates the accuracy of the ensamble and its trees 
Ensabmle learning size = 25
Tree trained in epoch = 0 Accuracy = 0.652261
Tree trained in epoch = 1 Accuracy = 0.456469
Tree trained in epoch = 2 Accuracy = 0.421743
Tree trained in epoch = 3 Accuracy = 0.390286
Tree trained in epoch = 4 Accuracy = 0.453113
Tree trained in epoch = 5 Accuracy = 0.4083
Tree trained in epoch = 6 Accuracy = 0.452907
Tree trained in epoch = 7 Accuracy = 0.459459
Tree trained in epoch = 8 Accuracy = 0.381571
Tree trained in epoch = 9 Accuracy = 0.47173
Tree trained in epoch = 10 Accuracy = 0.428581
Tree trained in epoch = 11 Accuracy = 0.449746
Tree trained in epoch = 12 Accuracy = 0.535826
Tree trained in epoch = 13 Accuracy = 0.46095
Tree trained in epoch = 14 Accuracy = 0.45383
Tree trained in epoch = 15 Accuracy = 0.446521
Tree trained in epoch = 16 Accuracy = 0.48986
Tree trained in epoch = 17 Accuracy = 0.440383
Tree trained in epoch = 18 Accuracy = 0.441851
Tree trained in epoch = 19 Accuracy = 0.475786
Tree trained in epoch = 20 Accuracy = 0.430366
Tree trained in epoch = 21 Accuracy = 0.496039
Tree trained in epoch = 22 Accuracy = 0.496847
Tree trained in epoch = 23 Accuracy = 0.495161
Tree trained in epoch = 24 Accuracy = 0.496727
Accuracy Ensabmle = 0.642427 for the test dataset  in 30 epochs
Accuracy Ensabmle = 0.668751 for the train dataset  in 30 epochs
Risultati scritti con successo nel file: ../res/risultati_adaboost-mpi_strong_6_prest.txt per il valore 30
MASTER:added tree 
MASTER: Epoch 0 end with average total error = 0.343904 and alpha = 2.43771
MASTER:added tree 
MASTER: Epoch 1 end with average total error = 0.461427 and alpha = 1.94636
MASTER:added tree 
MASTER: Epoch 2 end with average total error = 0.52456 and alpha = 1.69344
MASTER:added tree 
MASTER: Epoch 3 end with average total error = 0.563713 and alpha = 1.53552
MASTER:added tree 
MASTER: Epoch 4 end with average total error = 0.572499 and alpha = 1.49971
MASTER:added tree 
MASTER: Epoch 5 end with average total error = 0.604825 and alpha = 1.36615
MASTER:added tree 
MASTER: Epoch 6 end with average total error = 0.622504 and alpha = 1.29157
MASTER:added tree 
MASTER: Epoch 7 end with average total error = 0.64118 and alpha = 1.21127
MASTER:added tree 
MASTER: Epoch 8 end with average total error = 0.65647 and alpha = 1.14416
MASTER:added tree 
MASTER: Epoch 9 end with average total error = 0.696605 and alpha = 0.960577
MASTER:added tree 
MASTER: Epoch 10 end with average total error = 0.715179 and alpha = 0.871086
MASTER:added tree 
MASTER: Epoch 11 end with average total error = 0.747807 and alpha = 0.704808
MASTER:added tree 
MASTER: Epoch 12 end with average total error = 0.739252 and alpha = 0.749677
MASTER:added tree 
MASTER: Epoch 13 end with average total error = 0.778497 and alpha = 0.534829
MASTER:added tree 
MASTER: Epoch 14 end with average total error = 0.770767 and alpha = 0.579111
MASTER:added tree 
MASTER: Epoch 15 end with average total error = 0.806364 and alpha = 0.365204
MASTER:added tree 
MASTER: Epoch 16 end with average total error = 0.79883 and alpha = 0.412763
MASTER:added tree 
MASTER: Epoch 17 end with average total error = 0.775001 and alpha = 0.554993
MASTER:added tree 
MASTER: Epoch 18 end with average total error = 0.83904 and alpha = 0.140654
MASTER:added tree 
MASTER: Epoch 19 end with average total error = 0.798907 and alpha = 0.41228
MASTER:added tree 
MASTER: Epoch 20 end with average total error = 0.811188 and alpha = 0.334013
MASTER: Epoch 21 end with average total error = 0.859195 and alpha = -0.0168569
MASTER:added tree 
MASTER: Epoch 22 end with average total error = 0.82942 and alpha = 0.210236
MASTER: Epoch 23 end with average total error = 0.856498 and alpha = 0.00525396
MASTER: Epoch 24 end with average total error = 0.863947 and alpha = -0.0567113
MASTER: Epoch 25 end with average total error = 0.879973 and alpha = -0.200417
MASTER:added tree 
MASTER: Epoch 26 end with average total error = 0.848644 and alpha = 0.0677527
MASTER:added tree 
MASTER: Epoch 27 end with average total error = 0.855166 and alpha = 0.0160506
MASTER:added tree 
MASTER: Epoch 28 end with average total error = 0.848407 and alpha = 0.0695971
MASTER: Epoch 29 end with average total error = 0.870273 and alpha = -0.111611
MASTER: Epoch 30 end with average total error = 0.856532 and alpha = 0.00497961
MASTER: Epoch 31 end with average total error = 0.857123 and alpha = 0.000163574
MASTER: Epoch 32 end with average total error = 0.857142 and alpha = 5.36901e-06
MASTER: Epoch 33 end with average total error = 0.857143 and alpha = 1.76222e-07
MASTER: Epoch 34 end with average total error = 0.857143 and alpha = 5.784e-09
MASTER: Epoch 35 end with average total error = 0.857143 and alpha = 1.89848e-10
MASTER: Epoch 36 end with average total error = 0.857143 and alpha = 6.23013e-12
MASTER: Epoch 37 end with average total error = 0.857143 and alpha = 2.04503e-13
MASTER: Epoch 38 end with average total error = 0.857143 and alpha = 6.66134e-15
MASTER: Epoch 39 end with average total error = 0.857143 and alpha = 4.44089e-16
MASTER: Calculates the accuracy of the ensamble and its trees 
Ensabmle learning size = 25
Tree trained in epoch = 0 Accuracy = 0.652261
Tree trained in epoch = 1 Accuracy = 0.456469
Tree trained in epoch = 2 Accuracy = 0.421743
Tree trained in epoch = 3 Accuracy = 0.390286
Tree trained in epoch = 4 Accuracy = 0.453113
Tree trained in epoch = 5 Accuracy = 0.4083
Tree trained in epoch = 6 Accuracy = 0.452907
Tree trained in epoch = 7 Accuracy = 0.459459
Tree trained in epoch = 8 Accuracy = 0.381571
Tree trained in epoch = 9 Accuracy = 0.47173
Tree trained in epoch = 10 Accuracy = 0.428581
Tree trained in epoch = 11 Accuracy = 0.449746
Tree trained in epoch = 12 Accuracy = 0.535826
Tree trained in epoch = 13 Accuracy = 0.46095
Tree trained in epoch = 14 Accuracy = 0.45383
Tree trained in epoch = 15 Accuracy = 0.446521
Tree trained in epoch = 16 Accuracy = 0.48986
Tree trained in epoch = 17 Accuracy = 0.440383
Tree trained in epoch = 18 Accuracy = 0.441851
Tree trained in epoch = 19 Accuracy = 0.475786
Tree trained in epoch = 20 Accuracy = 0.430366
Tree trained in epoch = 21 Accuracy = 0.496039
Tree trained in epoch = 22 Accuracy = 0.496847
Tree trained in epoch = 23 Accuracy = 0.495161
Tree trained in epoch = 24 Accuracy = 0.496727
Accuracy Ensabmle = 0.642427 for the test dataset  in 40 epochs
Accuracy Ensabmle = 0.668751 for the train dataset  in 40 epochs
Risultati scritti con successo nel file: ../res/risultati_adaboost-mpi_strong_6_prest.txt per il valore 40
MASTER:added tree 
MASTER: Epoch 0 end with average total error = 0.343904 and alpha = 2.43771
MASTER:added tree 
MASTER: Epoch 1 end with average total error = 0.461427 and alpha = 1.94636
MASTER:added tree 
MASTER: Epoch 2 end with average total error = 0.52456 and alpha = 1.69344
MASTER:added tree 
MASTER: Epoch 3 end with average total error = 0.563713 and alpha = 1.53552
MASTER:added tree 
MASTER: Epoch 4 end with average total error = 0.572499 and alpha = 1.49971
MASTER:added tree 
MASTER: Epoch 5 end with average total error = 0.604825 and alpha = 1.36615
MASTER:added tree 
MASTER: Epoch 6 end with average total error = 0.622504 and alpha = 1.29157
MASTER:added tree 
MASTER: Epoch 7 end with average total error = 0.64118 and alpha = 1.21127
MASTER:added tree 
MASTER: Epoch 8 end with average total error = 0.65647 and alpha = 1.14416
MASTER:added tree 
MASTER: Epoch 9 end with average total error = 0.696605 and alpha = 0.960577
MASTER:added tree 
MASTER: Epoch 10 end with average total error = 0.715179 and alpha = 0.871086
MASTER:added tree 
MASTER: Epoch 11 end with average total error = 0.747807 and alpha = 0.704808
MASTER:added tree 
MASTER: Epoch 12 end with average total error = 0.739252 and alpha = 0.749677
MASTER:added tree 
MASTER: Epoch 13 end with average total error = 0.778497 and alpha = 0.534829
MASTER:added tree 
MASTER: Epoch 14 end with average total error = 0.770767 and alpha = 0.579111
MASTER:added tree 
MASTER: Epoch 15 end with average total error = 0.806364 and alpha = 0.365204
MASTER:added tree 
MASTER: Epoch 16 end with average total error = 0.79883 and alpha = 0.412763
MASTER:added tree 
MASTER: Epoch 17 end with average total error = 0.775001 and alpha = 0.554993
MASTER:added tree 
MASTER: Epoch 18 end with average total error = 0.83904 and alpha = 0.140654
MASTER:added tree 
MASTER: Epoch 19 end with average total error = 0.798907 and alpha = 0.41228
MASTER:added tree 
MASTER: Epoch 20 end with average total error = 0.811188 and alpha = 0.334013
MASTER: Epoch 21 end with average total error = 0.859195 and alpha = -0.0168569
MASTER:added tree 
MASTER: Epoch 22 end with average total error = 0.82942 and alpha = 0.210236
MASTER: Epoch 23 end with average total error = 0.856498 and alpha = 0.00525396
MASTER: Epoch 24 end with average total error = 0.863947 and alpha = -0.0567113
MASTER: Epoch 25 end with average total error = 0.879973 and alpha = -0.200417
MASTER:added tree 
MASTER: Epoch 26 end with average total error = 0.848644 and alpha = 0.0677527
MASTER:added tree 
MASTER: Epoch 27 end with average total error = 0.855166 and alpha = 0.0160506
MASTER:added tree 
MASTER: Epoch 28 end with average total error = 0.848407 and alpha = 0.0695971
MASTER: Epoch 29 end with average total error = 0.870273 and alpha = -0.111611
MASTER: Epoch 30 end with average total error = 0.856532 and alpha = 0.00497961
MASTER: Epoch 31 end with average total error = 0.857123 and alpha = 0.000163574
MASTER: Epoch 32 end with average total error = 0.857142 and alpha = 5.36901e-06
MASTER: Epoch 33 end with average total error = 0.857143 and alpha = 1.76222e-07
MASTER: Epoch 34 end with average total error = 0.857143 and alpha = 5.784e-09
MASTER: Epoch 35 end with average total error = 0.857143 and alpha = 1.89848e-10
MASTER: Epoch 36 end with average total error = 0.857143 and alpha = 6.23013e-12
MASTER: Epoch 37 end with average total error = 0.857143 and alpha = 2.04503e-13
MASTER: Epoch 38 end with average total error = 0.857143 and alpha = 6.66134e-15
MASTER: Epoch 39 end with average total error = 0.857143 and alpha = 4.44089e-16
MASTER: Epoch 40 end with average total error = 0.857143 and alpha = 4.44089e-16
MASTER: Epoch 41 end with average total error = 0.857143 and alpha = 4.44089e-16
MASTER: Epoch 42 end with average total error = 0.857143 and alpha = -6.66134e-16
MASTER: Epoch 43 end with average total error = 0.857143 and alpha = -6.66134e-16
MASTER: Epoch 44 end with average total error = 0.857143 and alpha = 2.22045e-15
MASTER: Epoch 45 end with average total error = 0.857143 and alpha = -6.66134e-16
MASTER: Epoch 46 end with average total error = 0.857143 and alpha = -6.66134e-16
MASTER: Epoch 47 end with average total error = 0.857143 and alpha = -6.66134e-16
MASTER: Epoch 48 end with average total error = 0.857143 and alpha = 4.44089e-16
MASTER: Epoch 49 end with average total error = 0.857143 and alpha = -6.66134e-16
MASTER: Calculates the accuracy of the ensamble and its trees 
Ensabmle learning size = 25
Tree trained in epoch = 0 Accuracy = 0.652261
Tree trained in epoch = 1 Accuracy = 0.456469
Tree trained in epoch = 2 Accuracy = 0.421743
Tree trained in epoch = 3 Accuracy = 0.390286
Tree trained in epoch = 4 Accuracy = 0.453113
Tree trained in epoch = 5 Accuracy = 0.4083
Tree trained in epoch = 6 Accuracy = 0.452907
Tree trained in epoch = 7 Accuracy = 0.459459
Tree trained in epoch = 8 Accuracy = 0.381571
Tree trained in epoch = 9 Accuracy = 0.47173
Tree trained in epoch = 10 Accuracy = 0.428581
Tree trained in epoch = 11 Accuracy = 0.449746
Tree trained in epoch = 12 Accuracy = 0.535826
Tree trained in epoch = 13 Accuracy = 0.46095
Tree trained in epoch = 14 Accuracy = 0.45383
Tree trained in epoch = 15 Accuracy = 0.446521
Tree trained in epoch = 16 Accuracy = 0.48986
Tree trained in epoch = 17 Accuracy = 0.440383
Tree trained in epoch = 18 Accuracy = 0.441851
Tree trained in epoch = 19 Accuracy = 0.475786
Tree trained in epoch = 20 Accuracy = 0.430366
Tree trained in epoch = 21 Accuracy = 0.496039
Tree trained in epoch = 22 Accuracy = 0.496847
Tree trained in epoch = 23 Accuracy = 0.495161
Tree trained in epoch = 24 Accuracy = 0.496727
Accuracy Ensabmle = 0.642427 for the test dataset  in 50 epochs
Accuracy Ensabmle = 0.668751 for the train dataset  in 50 epochs
Risultati scritti con successo nel file: ../res/risultati_adaboost-mpi_strong_6_prest.txt per il valore 50
MASTER:added tree 
MASTER: Epoch 0 end with average total error = 0.343904 and alpha = 2.43771
MASTER:added tree 
MASTER: Epoch 1 end with average total error = 0.461427 and alpha = 1.94636
MASTER:added tree 
MASTER: Epoch 2 end with average total error = 0.52456 and alpha = 1.69344
MASTER:added tree 
MASTER: Epoch 3 end with average total error = 0.563713 and alpha = 1.53552
MASTER:added tree 
MASTER: Epoch 4 end with average total error = 0.572499 and alpha = 1.49971
MASTER:added tree 
MASTER: Epoch 5 end with average total error = 0.604825 and alpha = 1.36615
MASTER:added tree 
MASTER: Epoch 6 end with average total error = 0.622504 and alpha = 1.29157
MASTER:added tree 
MASTER: Epoch 7 end with average total error = 0.64118 and alpha = 1.21127
MASTER:added tree 
MASTER: Epoch 8 end with average total error = 0.65647 and alpha = 1.14416
MASTER:added tree 
MASTER: Epoch 9 end with average total error = 0.696605 and alpha = 0.960577
MASTER:added tree 
MASTER: Epoch 10 end with average total error = 0.715179 and alpha = 0.871086
MASTER:added tree 
MASTER: Epoch 11 end with average total error = 0.747807 and alpha = 0.704808
MASTER:added tree 
MASTER: Epoch 12 end with average total error = 0.739252 and alpha = 0.749677
MASTER:added tree 
MASTER: Epoch 13 end with average total error = 0.778497 and alpha = 0.534829
MASTER:added tree 
MASTER: Epoch 14 end with average total error = 0.770767 and alpha = 0.579111
MASTER:added tree 
MASTER: Epoch 15 end with average total error = 0.806364 and alpha = 0.365204
MASTER:added tree 
MASTER: Epoch 16 end with average total error = 0.79883 and alpha = 0.412763
MASTER:added tree 
MASTER: Epoch 17 end with average total error = 0.775001 and alpha = 0.554993
MASTER:added tree 
MASTER: Epoch 18 end with average total error = 0.83904 and alpha = 0.140654
MASTER:added tree 
MASTER: Epoch 19 end with average total error = 0.798907 and alpha = 0.41228
MASTER:added tree 
MASTER: Epoch 20 end with average total error = 0.811188 and alpha = 0.334013
MASTER: Epoch 21 end with average total error = 0.859195 and alpha = -0.0168569
MASTER:added tree 
MASTER: Epoch 22 end with average total error = 0.82942 and alpha = 0.210236
MASTER: Epoch 23 end with average total error = 0.856498 and alpha = 0.00525396
MASTER: Epoch 24 end with average total error = 0.863947 and alpha = -0.0567113
MASTER: Epoch 25 end with average total error = 0.879973 and alpha = -0.200417
MASTER:added tree 
MASTER: Epoch 26 end with average total error = 0.848644 and alpha = 0.0677527
MASTER:added tree 
MASTER: Epoch 27 end with average total error = 0.855166 and alpha = 0.0160506
MASTER:added tree 
MASTER: Epoch 28 end with average total error = 0.848407 and alpha = 0.0695971
MASTER: Epoch 29 end with average total error = 0.870273 and alpha = -0.111611
MASTER: Epoch 30 end with average total error = 0.856532 and alpha = 0.00497961
MASTER: Epoch 31 end with average total error = 0.857123 and alpha = 0.000163574
MASTER: Epoch 32 end with average total error = 0.857142 and alpha = 5.36901e-06
MASTER: Epoch 33 end with average total error = 0.857143 and alpha = 1.76222e-07
MASTER: Epoch 34 end with average total error = 0.857143 and alpha = 5.784e-09
MASTER: Epoch 35 end with average total error = 0.857143 and alpha = 1.89848e-10
MASTER: Epoch 36 end with average total error = 0.857143 and alpha = 6.23013e-12
MASTER: Epoch 37 end with average total error = 0.857143 and alpha = 2.04503e-13
MASTER: Epoch 38 end with average total error = 0.857143 and alpha = 6.66134e-15
MASTER: Epoch 39 end with average total error = 0.857143 and alpha = 4.44089e-16
MASTER: Epoch 40 end with average total error = 0.857143 and alpha = 4.44089e-16
MASTER: Epoch 41 end with average total error = 0.857143 and alpha = 4.44089e-16
MASTER: Epoch 42 end with average total error = 0.857143 and alpha = -6.66134e-16
MASTER: Epoch 43 end with average total error = 0.857143 and alpha = -6.66134e-16
MASTER: Epoch 44 end with average total error = 0.857143 and alpha = 2.22045e-15
MASTER: Epoch 45 end with average total error = 0.857143 and alpha = -6.66134e-16
MASTER: Epoch 46 end with average total error = 0.857143 and alpha = -6.66134e-16
MASTER: Epoch 47 end with average total error = 0.857143 and alpha = -6.66134e-16
MASTER: Epoch 48 end with average total error = 0.857143 and alpha = 4.44089e-16
MASTER: Epoch 49 end with average total error = 0.857143 and alpha = -6.66134e-16
MASTER: Epoch 50 end with average total error = 0.857143 and alpha = 4.44089e-16
MASTER: Epoch 51 end with average total error = 0.857143 and alpha = -6.66134e-16
MASTER: Epoch 52 end with average total error = 0.857143 and alpha = 2.22045e-15
MASTER: Epoch 53 end with average total error = 0.857143 and alpha = -6.66134e-16
MASTER: Epoch 54 end with average total error = 0.857143 and alpha = -2.44249e-15
MASTER: Epoch 55 end with average total error = 0.857143 and alpha = 2.22045e-15
MASTER: Epoch 56 end with average total error = 0.857143 and alpha = 4.44089e-16
MASTER: Epoch 57 end with average total error = 0.857143 and alpha = -2.44249e-15
MASTER: Epoch 58 end with average total error = 0.857143 and alpha = 2.22045e-15
MASTER: Epoch 59 end with average total error = 0.857143 and alpha = 4.44089e-16
MASTER: Epoch 60 end with average total error = 0.857143 and alpha = -2.44249e-15
MASTER: Epoch 61 end with average total error = 0.857143 and alpha = -6.66134e-16
MASTER: Epoch 62 end with average total error = 0.857143 and alpha = 2.22045e-15
MASTER: Epoch 63 end with average total error = 0.857143 and alpha = 4.44089e-16
MASTER: Epoch 64 end with average total error = 0.857143 and alpha = -2.44249e-15
MASTER: Epoch 65 end with average total error = 0.857143 and alpha = 2.22045e-15
MASTER: Epoch 66 end with average total error = 0.857143 and alpha = 4.44089e-16
MASTER: Epoch 67 end with average total error = 0.857143 and alpha = -6.66134e-16
MASTER: Epoch 68 end with average total error = 0.857143 and alpha = -6.66134e-16
MASTER: Epoch 69 end with average total error = 0.857143 and alpha = -6.66134e-16
MASTER: Epoch 70 end with average total error = 0.857143 and alpha = -6.66134e-16
MASTER: Epoch 71 end with average total error = 0.857143 and alpha = 2.22045e-15
MASTER: Epoch 72 end with average total error = 0.857143 and alpha = 4.44089e-16
MASTER: Epoch 73 end with average total error = 0.857143 and alpha = -2.44249e-15
MASTER: Epoch 74 end with average total error = 0.857143 and alpha = 2.22045e-15
MASTER: Epoch 75 end with average total error = 0.857143 and alpha = -6.66134e-16
MASTER: Epoch 76 end with average total error = 0.857143 and alpha = -6.66134e-16
MASTER: Epoch 77 end with average total error = 0.857143 and alpha = 2.22045e-15
MASTER: Epoch 78 end with average total error = 0.857143 and alpha = -6.66134e-16
MASTER: Epoch 79 end with average total error = 0.857143 and alpha = -2.44249e-15
MASTER: Epoch 80 end with average total error = 0.857143 and alpha = 4.44089e-16
MASTER: Epoch 81 end with average total error = 0.857143 and alpha = 4.44089e-16
MASTER: Epoch 82 end with average total error = 0.857143 and alpha = -6.66134e-16
MASTER: Epoch 83 end with average total error = 0.857143 and alpha = 2.22045e-15
MASTER: Epoch 84 end with average total error = 0.857143 and alpha = -6.66134e-16
MASTER: Epoch 85 end with average total error = 0.857143 and alpha = -6.66134e-16
MASTER: Epoch 86 end with average total error = 0.857143 and alpha = -6.66134e-16
MASTER: Epoch 87 end with average total error = 0.857143 and alpha = 2.22045e-15
MASTER: Epoch 88 end with average total error = 0.857143 and alpha = -6.66134e-16
MASTER: Epoch 89 end with average total error = 0.857143 and alpha = -6.66134e-16
MASTER: Epoch 90 end with average total error = 0.857143 and alpha = -6.66134e-16
MASTER: Epoch 91 end with average total error = 0.857143 and alpha = 4.44089e-16
MASTER: Epoch 92 end with average total error = 0.857143 and alpha = 2.22045e-15
MASTER: Epoch 93 end with average total error = 0.857143 and alpha = -6.66134e-16
MASTER: Epoch 94 end with average total error = 0.857143 and alpha = -6.66134e-16
MASTER: Epoch 95 end with average total error = 0.857143 and alpha = -6.66134e-16
MASTER: Epoch 96 end with average total error = 0.857143 and alpha = -6.66134e-16
MASTER: Epoch 97 end with average total error = 0.857143 and alpha = 4.44089e-16
MASTER: Epoch 98 end with average total error = 0.857143 and alpha = 4.44089e-16
MASTER: Epoch 99 end with average total error = 0.857143 and alpha = 4.44089e-16
MASTER: Calculates the accuracy of the ensamble and its trees 
Ensabmle learning size = 25
Tree trained in epoch = 0 Accuracy = 0.652261
Tree trained in epoch = 1 Accuracy = 0.456469
Tree trained in epoch = 2 Accuracy = 0.421743
Tree trained in epoch = 3 Accuracy = 0.390286
Tree trained in epoch = 4 Accuracy = 0.453113
Tree trained in epoch = 5 Accuracy = 0.4083
Tree trained in epoch = 6 Accuracy = 0.452907
Tree trained in epoch = 7 Accuracy = 0.459459
Tree trained in epoch = 8 Accuracy = 0.381571
Tree trained in epoch = 9 Accuracy = 0.47173
Tree trained in epoch = 10 Accuracy = 0.428581
Tree trained in epoch = 11 Accuracy = 0.449746
Tree trained in epoch = 12 Accuracy = 0.535826
Tree trained in epoch = 13 Accuracy = 0.46095
Tree trained in epoch = 14 Accuracy = 0.45383
Tree trained in epoch = 15 Accuracy = 0.446521
Tree trained in epoch = 16 Accuracy = 0.48986
Tree trained in epoch = 17 Accuracy = 0.440383
Tree trained in epoch = 18 Accuracy = 0.441851
Tree trained in epoch = 19 Accuracy = 0.475786
Tree trained in epoch = 20 Accuracy = 0.430366
Tree trained in epoch = 21 Accuracy = 0.496039
Tree trained in epoch = 22 Accuracy = 0.496847
Tree trained in epoch = 23 Accuracy = 0.495161
Tree trained in epoch = 24 Accuracy = 0.496727
Accuracy Ensabmle = 0.642427 for the test dataset  in 100 epochs
Accuracy Ensabmle = 0.668751 for the train dataset  in 100 epochs
Risultati scritti con successo nel file: ../res/risultati_adaboost-mpi_strong_6_prest.txt per il valore 100
