-- The C compiler identification is GNU 9.4.0
-- The CXX compiler identification is GNU 9.4.0
-- Detecting C compiler ABI info
-- Detecting C compiler ABI info - done
-- Check for working C compiler: /beegfs/home/echiavazza/spack/opt/spack/linux-ubuntu20.04-cascadelake/gcc-9.4.0/openmpi-5.0.3-ocjjgvvgpy4ulxfz3damtdseryljeeuh/bin/mpicc - skipped
-- Detecting C compile features
-- Detecting C compile features - done
-- Detecting CXX compiler ABI info
-- Detecting CXX compiler ABI info - done
-- Check for working CXX compiler: /beegfs/home/echiavazza/spack/opt/spack/linux-ubuntu20.04-cascadelake/gcc-9.4.0/openmpi-5.0.3-ocjjgvvgpy4ulxfz3damtdseryljeeuh/bin/mpicxx - skipped
-- Detecting CXX compile features
-- Detecting CXX compile features - done
-- Found MPI_C: mpicc (found version "3.1") 
-- Found MPI_CXX: mpicxx (found version "3.1") 
-- Found MPI: TRUE (found version "3.1")  
-- Found PkgConfig: /usr/bin/pkg-config (found version "0.29.1") 
-- Checking for module 'mlpack'
--   Found mlpack, version 4.2.0
-- Configuring done (7.4s)
-- Generating done (0.1s)
-- Build files have been written to: /beegfs/home/echiavazza/unito-scpd/adaboost-mpi/build
[ 25%] Building CXX object CMakeFiles/data_lib.dir/src/data_lib/datalib.cpp.o
[ 25%] Building CXX object CMakeFiles/communication_lib.dir/src/communication_lib/libcomm.cpp.o
[ 37%] Linking CXX static library /beegfs/home/echiavazza/unito-scpd/adaboost-mpi/obj/libdata_lib.a
[ 50%] Linking CXX static library /beegfs/home/echiavazza/unito-scpd/adaboost-mpi/obj/libcommunication_lib.a
[ 50%] Built target data_lib
[ 50%] Built target communication_lib
[ 87%] Building CXX object CMakeFiles/adaboost-mpi.dir/src/communication_lib/libcomm.cpp.o
[ 87%] Building CXX object CMakeFiles/adaboost-mpi.dir/src/data_lib/datalib.cpp.o
[ 87%] Building CXX object CMakeFiles/adaboost-mpi.dir/src/main.cpp.o
[100%] Linking CXX executable /beegfs/home/echiavazza/unito-scpd/adaboost-mpi/bin/adaboost-mpi
[100%] Built target adaboost-mpi
MASTER: Uploads and distributes data among 35 clients 
MASTER:added tree 
MASTER: Epoch 0 end with average total error = 0.281483 and alpha = 2.72888
MASTER:added tree 
MASTER: Epoch 1 end with average total error = 0.415812 and alpha = 2.13175
MASTER:added tree 
MASTER: Epoch 2 end with average total error = 0.495603 and alpha = 1.80935
MASTER:added tree 
MASTER: Epoch 3 end with average total error = 0.513555 and alpha = 1.73753
MASTER:added tree 
MASTER: Epoch 4 end with average total error = 0.557496 and alpha = 1.56075
MASTER: Calculates the accuracy of the ensamble and its trees 
Ensabmle learning size = 5
Tree trained in epoch = 0 Accuracy = 0.682048
Tree trained in epoch = 1 Accuracy = 0.440646
Tree trained in epoch = 2 Accuracy = 0.50002
Tree trained in epoch = 3 Accuracy = 0.555957
Tree trained in epoch = 4 Accuracy = 0.549176
Accuracy Ensabmle = 0.673241 for the test dataset  in 5 epochs
Accuracy Ensabmle = 0.729035 for the train dataset  in 5 epochs
Risultati scritti con successo nel file: ../res/risultati_adaboost-mpi_strong_1_new_param_20_e3_skipping.txt per il valore 5
MASTER:added tree 
MASTER: Epoch 0 end with average total error = 0.281483 and alpha = 2.72888
MASTER:added tree 
MASTER: Epoch 1 end with average total error = 0.415812 and alpha = 2.13175
MASTER:added tree 
MASTER: Epoch 2 end with average total error = 0.495603 and alpha = 1.80935
MASTER:added tree 
MASTER: Epoch 3 end with average total error = 0.513555 and alpha = 1.73753
MASTER:added tree 
MASTER: Epoch 4 end with average total error = 0.557496 and alpha = 1.56075
MASTER:added tree 
MASTER: Epoch 5 end with average total error = 0.60698 and alpha = 1.35712
MASTER:added tree 
MASTER: Epoch 6 end with average total error = 0.597197 and alpha = 1.39796
MASTER:added tree 
MASTER: Epoch 7 end with average total error = 0.659095 and alpha = 1.13249
MASTER:added tree 
MASTER: Epoch 8 end with average total error = 0.694021 and alpha = 0.972773
MASTER:added tree 
MASTER: Epoch 9 end with average total error = 0.723745 and alpha = 0.828643
MASTER: Calculates the accuracy of the ensamble and its trees 
Ensabmle learning size = 10
Tree trained in epoch = 0 Accuracy = 0.682048
Tree trained in epoch = 1 Accuracy = 0.440646
Tree trained in epoch = 2 Accuracy = 0.50002
Tree trained in epoch = 3 Accuracy = 0.555957
Tree trained in epoch = 4 Accuracy = 0.549176
Tree trained in epoch = 5 Accuracy = 0.498764
Tree trained in epoch = 6 Accuracy = 0.516904
Tree trained in epoch = 7 Accuracy = 0.55388
Tree trained in epoch = 8 Accuracy = 0.534162
Tree trained in epoch = 9 Accuracy = 0.541511
Accuracy Ensabmle = 0.699959 for the test dataset  in 10 epochs
Accuracy Ensabmle = 0.762695 for the train dataset  in 10 epochs
Risultati scritti con successo nel file: ../res/risultati_adaboost-mpi_strong_1_new_param_20_e3_skipping.txt per il valore 10
MASTER:added tree 
MASTER: Epoch 0 end with average total error = 0.281483 and alpha = 2.72888
MASTER:added tree 
MASTER: Epoch 1 end with average total error = 0.415812 and alpha = 2.13175
MASTER:added tree 
MASTER: Epoch 2 end with average total error = 0.495603 and alpha = 1.80935
MASTER:added tree 
MASTER: Epoch 3 end with average total error = 0.513555 and alpha = 1.73753
MASTER:added tree 
MASTER: Epoch 4 end with average total error = 0.557496 and alpha = 1.56075
MASTER:added tree 
MASTER: Epoch 5 end with average total error = 0.60698 and alpha = 1.35712
MASTER:added tree 
MASTER: Epoch 6 end with average total error = 0.597197 and alpha = 1.39796
MASTER:added tree 
MASTER: Epoch 7 end with average total error = 0.659095 and alpha = 1.13249
MASTER:added tree 
MASTER: Epoch 8 end with average total error = 0.694021 and alpha = 0.972773
MASTER:added tree 
MASTER: Epoch 9 end with average total error = 0.723745 and alpha = 0.828643
MASTER:added tree 
MASTER: Epoch 10 end with average total error = 0.714539 and alpha = 0.874226
MASTER:added tree 
MASTER: Epoch 11 end with average total error = 0.732794 and alpha = 0.782916
MASTER:added tree 
MASTER: Epoch 12 end with average total error = 0.740622 and alpha = 0.742557
MASTER:added tree 
MASTER: Epoch 13 end with average total error = 0.741794 and alpha = 0.736445
MASTER:added tree 
MASTER: Epoch 14 end with average total error = 0.814147 and alpha = 0.314577
MASTER:added tree 
MASTER: Epoch 15 end with average total error = 0.810552 and alpha = 0.338155
MASTER:added tree 
MASTER: Epoch 16 end with average total error = 0.811249 and alpha = 0.333611
MASTER:added tree 
MASTER: Epoch 17 end with average total error = 0.784462 and alpha = 0.499901
MASTER:added tree 
MASTER: Epoch 18 end with average total error = 0.794195 and alpha = 0.441362
MASTER:added tree 
MASTER: Epoch 19 end with average total error = 0.783985 and alpha = 0.502719
MASTER: Calculates the accuracy of the ensamble and its trees 
Ensabmle learning size = 20
Tree trained in epoch = 0 Accuracy = 0.682048
Tree trained in epoch = 1 Accuracy = 0.440646
Tree trained in epoch = 2 Accuracy = 0.50002
Tree trained in epoch = 3 Accuracy = 0.555957
Tree trained in epoch = 4 Accuracy = 0.549176
Tree trained in epoch = 5 Accuracy = 0.498764
Tree trained in epoch = 6 Accuracy = 0.516904
Tree trained in epoch = 7 Accuracy = 0.55388
Tree trained in epoch = 8 Accuracy = 0.534162
Tree trained in epoch = 9 Accuracy = 0.541511
Tree trained in epoch = 10 Accuracy = 0.51858
Tree trained in epoch = 11 Accuracy = 0.534265
Tree trained in epoch = 12 Accuracy = 0.524615
Tree trained in epoch = 13 Accuracy = 0.518895
Tree trained in epoch = 14 Accuracy = 0.536537
Tree trained in epoch = 15 Accuracy = 0.516411
Tree trained in epoch = 16 Accuracy = 0.522177
Tree trained in epoch = 17 Accuracy = 0.501953
Tree trained in epoch = 18 Accuracy = 0.511305
Tree trained in epoch = 19 Accuracy = 0.510341
Accuracy Ensabmle = 0.722047 for the test dataset  in 20 epochs
Accuracy Ensabmle = 0.784207 for the train dataset  in 20 epochs
Risultati scritti con successo nel file: ../res/risultati_adaboost-mpi_strong_1_new_param_20_e3_skipping.txt per il valore 20
MASTER:added tree 
MASTER: Epoch 0 end with average total error = 0.281483 and alpha = 2.72888
MASTER:added tree 
MASTER: Epoch 1 end with average total error = 0.415812 and alpha = 2.13175
MASTER:added tree 
MASTER: Epoch 2 end with average total error = 0.495603 and alpha = 1.80935
MASTER:added tree 
MASTER: Epoch 3 end with average total error = 0.513555 and alpha = 1.73753
MASTER:added tree 
MASTER: Epoch 4 end with average total error = 0.557496 and alpha = 1.56075
MASTER:added tree 
MASTER: Epoch 5 end with average total error = 0.60698 and alpha = 1.35712
MASTER:added tree 
MASTER: Epoch 6 end with average total error = 0.597197 and alpha = 1.39796
MASTER:added tree 
MASTER: Epoch 7 end with average total error = 0.659095 and alpha = 1.13249
MASTER:added tree 
MASTER: Epoch 8 end with average total error = 0.694021 and alpha = 0.972773
MASTER:added tree 
MASTER: Epoch 9 end with average total error = 0.723745 and alpha = 0.828643
MASTER:added tree 
MASTER: Epoch 10 end with average total error = 0.714539 and alpha = 0.874226
MASTER:added tree 
MASTER: Epoch 11 end with average total error = 0.732794 and alpha = 0.782916
MASTER:added tree 
MASTER: Epoch 12 end with average total error = 0.740622 and alpha = 0.742557
MASTER:added tree 
MASTER: Epoch 13 end with average total error = 0.741794 and alpha = 0.736445
MASTER:added tree 
MASTER: Epoch 14 end with average total error = 0.814147 and alpha = 0.314577
MASTER:added tree 
MASTER: Epoch 15 end with average total error = 0.810552 and alpha = 0.338155
MASTER:added tree 
MASTER: Epoch 16 end with average total error = 0.811249 and alpha = 0.333611
MASTER:added tree 
MASTER: Epoch 17 end with average total error = 0.784462 and alpha = 0.499901
MASTER:added tree 
MASTER: Epoch 18 end with average total error = 0.794195 and alpha = 0.441362
MASTER:added tree 
MASTER: Epoch 19 end with average total error = 0.783985 and alpha = 0.502719
MASTER:added tree 
MASTER: Epoch 20 end with average total error = 0.798728 and alpha = 0.413394
MASTER: Epoch 21 end with average total error = 0.859556 and alpha = -0.0198511
MASTER: Epoch 22 end with average total error = 0.857088 and alpha = 0.000447018
MASTER: Epoch 23 end with average total error = 0.857139 and alpha = 2.85782e-05
MASTER: Epoch 24 end with average total error = 0.857143 and alpha = 1.82708e-06
MASTER: Epoch 25 end with average total error = 0.857143 and alpha = 1.1681e-07
MASTER: Epoch 26 end with average total error = 0.857143 and alpha = 7.46797e-09
MASTER: Epoch 27 end with average total error = 0.857143 and alpha = 4.77447e-10
MASTER: Epoch 28 end with average total error = 0.857143 and alpha = 3.05238e-11
MASTER: Epoch 29 end with average total error = 0.857143 and alpha = 1.95155e-12
MASTER: Calculates the accuracy of the ensamble and its trees 
Ensabmle learning size = 21
Tree trained in epoch = 0 Accuracy = 0.682048
Tree trained in epoch = 1 Accuracy = 0.440646
Tree trained in epoch = 2 Accuracy = 0.50002
Tree trained in epoch = 3 Accuracy = 0.555957
Tree trained in epoch = 4 Accuracy = 0.549176
Tree trained in epoch = 5 Accuracy = 0.498764
Tree trained in epoch = 6 Accuracy = 0.516904
Tree trained in epoch = 7 Accuracy = 0.55388
Tree trained in epoch = 8 Accuracy = 0.534162
Tree trained in epoch = 9 Accuracy = 0.541511
Tree trained in epoch = 10 Accuracy = 0.51858
Tree trained in epoch = 11 Accuracy = 0.534265
Tree trained in epoch = 12 Accuracy = 0.524615
Tree trained in epoch = 13 Accuracy = 0.518895
Tree trained in epoch = 14 Accuracy = 0.536537
Tree trained in epoch = 15 Accuracy = 0.516411
Tree trained in epoch = 16 Accuracy = 0.522177
Tree trained in epoch = 17 Accuracy = 0.501953
Tree trained in epoch = 18 Accuracy = 0.511305
Tree trained in epoch = 19 Accuracy = 0.510341
Tree trained in epoch = 20 Accuracy = 0.541207
Accuracy Ensabmle = 0.723436 for the test dataset  in 30 epochs
Accuracy Ensabmle = 0.785321 for the train dataset  in 30 epochs
Risultati scritti con successo nel file: ../res/risultati_adaboost-mpi_strong_1_new_param_20_e3_skipping.txt per il valore 30
MASTER:added tree 
MASTER: Epoch 0 end with average total error = 0.281483 and alpha = 2.72888
MASTER:added tree 
MASTER: Epoch 1 end with average total error = 0.415812 and alpha = 2.13175
MASTER:added tree 
MASTER: Epoch 2 end with average total error = 0.495603 and alpha = 1.80935
MASTER:added tree 
MASTER: Epoch 3 end with average total error = 0.513555 and alpha = 1.73753
MASTER:added tree 
MASTER: Epoch 4 end with average total error = 0.557496 and alpha = 1.56075
MASTER:added tree 
MASTER: Epoch 5 end with average total error = 0.60698 and alpha = 1.35712
MASTER:added tree 
MASTER: Epoch 6 end with average total error = 0.597197 and alpha = 1.39796
MASTER:added tree 
MASTER: Epoch 7 end with average total error = 0.659095 and alpha = 1.13249
MASTER:added tree 
MASTER: Epoch 8 end with average total error = 0.694021 and alpha = 0.972773
MASTER:added tree 
MASTER: Epoch 9 end with average total error = 0.723745 and alpha = 0.828643
MASTER:added tree 
MASTER: Epoch 10 end with average total error = 0.714539 and alpha = 0.874226
MASTER:added tree 
MASTER: Epoch 11 end with average total error = 0.732794 and alpha = 0.782916
MASTER:added tree 
MASTER: Epoch 12 end with average total error = 0.740622 and alpha = 0.742557
MASTER:added tree 
MASTER: Epoch 13 end with average total error = 0.741794 and alpha = 0.736445
MASTER:added tree 
MASTER: Epoch 14 end with average total error = 0.814147 and alpha = 0.314577
MASTER:added tree 
MASTER: Epoch 15 end with average total error = 0.810552 and alpha = 0.338155
MASTER:added tree 
MASTER: Epoch 16 end with average total error = 0.811249 and alpha = 0.333611
MASTER:added tree 
MASTER: Epoch 17 end with average total error = 0.784462 and alpha = 0.499901
MASTER:added tree 
MASTER: Epoch 18 end with average total error = 0.794195 and alpha = 0.441362
MASTER:added tree 
MASTER: Epoch 19 end with average total error = 0.783985 and alpha = 0.502719
MASTER:added tree 
MASTER: Epoch 20 end with average total error = 0.798728 and alpha = 0.413394
MASTER: Epoch 21 end with average total error = 0.859556 and alpha = -0.0198511
MASTER: Epoch 22 end with average total error = 0.857088 and alpha = 0.000447018
MASTER: Epoch 23 end with average total error = 0.857139 and alpha = 2.85782e-05
MASTER: Epoch 24 end with average total error = 0.857143 and alpha = 1.82708e-06
MASTER: Epoch 25 end with average total error = 0.857143 and alpha = 1.1681e-07
MASTER: Epoch 26 end with average total error = 0.857143 and alpha = 7.46797e-09
MASTER: Epoch 27 end with average total error = 0.857143 and alpha = 4.77447e-10
MASTER: Epoch 28 end with average total error = 0.857143 and alpha = 3.05238e-11
MASTER: Epoch 29 end with average total error = 0.857143 and alpha = 1.95155e-12
MASTER: Epoch 30 end with average total error = 0.857143 and alpha = 1.24567e-13
MASTER: Epoch 31 end with average total error = 0.857143 and alpha = 8.65974e-15
MASTER: Epoch 32 end with average total error = 0.857143 and alpha = 1.33227e-15
MASTER: Epoch 33 end with average total error = 0.857143 and alpha = 4.44089e-16
MASTER: Epoch 34 end with average total error = 0.857143 and alpha = -1.33227e-15
MASTER: Epoch 35 end with average total error = 0.857143 and alpha = 4.44089e-16
MASTER: Epoch 36 end with average total error = 0.857143 and alpha = -6.66134e-16
MASTER: Epoch 37 end with average total error = 0.857143 and alpha = 4.44089e-16
MASTER: Epoch 38 end with average total error = 0.857143 and alpha = 4.44089e-16
MASTER: Epoch 39 end with average total error = 0.857143 and alpha = -6.66134e-16
MASTER: Calculates the accuracy of the ensamble and its trees 
Ensabmle learning size = 21
Tree trained in epoch = 0 Accuracy = 0.682048
Tree trained in epoch = 1 Accuracy = 0.440646
Tree trained in epoch = 2 Accuracy = 0.50002
Tree trained in epoch = 3 Accuracy = 0.555957
Tree trained in epoch = 4 Accuracy = 0.549176
Tree trained in epoch = 5 Accuracy = 0.498764
Tree trained in epoch = 6 Accuracy = 0.516904
Tree trained in epoch = 7 Accuracy = 0.55388
Tree trained in epoch = 8 Accuracy = 0.534162
Tree trained in epoch = 9 Accuracy = 0.541511
Tree trained in epoch = 10 Accuracy = 0.51858
Tree trained in epoch = 11 Accuracy = 0.534265
Tree trained in epoch = 12 Accuracy = 0.524615
Tree trained in epoch = 13 Accuracy = 0.518895
Tree trained in epoch = 14 Accuracy = 0.536537
Tree trained in epoch = 15 Accuracy = 0.516411
Tree trained in epoch = 16 Accuracy = 0.522177
Tree trained in epoch = 17 Accuracy = 0.501953
Tree trained in epoch = 18 Accuracy = 0.511305
Tree trained in epoch = 19 Accuracy = 0.510341
Tree trained in epoch = 20 Accuracy = 0.541207
Accuracy Ensabmle = 0.723436 for the test dataset  in 40 epochs
Accuracy Ensabmle = 0.785321 for the train dataset  in 40 epochs
Risultati scritti con successo nel file: ../res/risultati_adaboost-mpi_strong_1_new_param_20_e3_skipping.txt per il valore 40
MASTER:added tree 
MASTER: Epoch 0 end with average total error = 0.281483 and alpha = 2.72888
MASTER:added tree 
MASTER: Epoch 1 end with average total error = 0.415812 and alpha = 2.13175
MASTER:added tree 
MASTER: Epoch 2 end with average total error = 0.495603 and alpha = 1.80935
MASTER:added tree 
MASTER: Epoch 3 end with average total error = 0.513555 and alpha = 1.73753
MASTER:added tree 
MASTER: Epoch 4 end with average total error = 0.557496 and alpha = 1.56075
MASTER:added tree 
MASTER: Epoch 5 end with average total error = 0.60698 and alpha = 1.35712
MASTER:added tree 
MASTER: Epoch 6 end with average total error = 0.597197 and alpha = 1.39796
MASTER:added tree 
MASTER: Epoch 7 end with average total error = 0.659095 and alpha = 1.13249
MASTER:added tree 
MASTER: Epoch 8 end with average total error = 0.694021 and alpha = 0.972773
MASTER:added tree 
MASTER: Epoch 9 end with average total error = 0.723745 and alpha = 0.828643
MASTER:added tree 
MASTER: Epoch 10 end with average total error = 0.714539 and alpha = 0.874226
MASTER:added tree 
MASTER: Epoch 11 end with average total error = 0.732794 and alpha = 0.782916
MASTER:added tree 
MASTER: Epoch 12 end with average total error = 0.740622 and alpha = 0.742557
MASTER:added tree 
MASTER: Epoch 13 end with average total error = 0.741794 and alpha = 0.736445
MASTER:added tree 
MASTER: Epoch 14 end with average total error = 0.814147 and alpha = 0.314577
MASTER:added tree 
MASTER: Epoch 15 end with average total error = 0.810552 and alpha = 0.338155
MASTER:added tree 
MASTER: Epoch 16 end with average total error = 0.811249 and alpha = 0.333611
MASTER:added tree 
MASTER: Epoch 17 end with average total error = 0.784462 and alpha = 0.499901
MASTER:added tree 
MASTER: Epoch 18 end with average total error = 0.794195 and alpha = 0.441362
MASTER:added tree 
MASTER: Epoch 19 end with average total error = 0.783985 and alpha = 0.502719
MASTER:added tree 
MASTER: Epoch 20 end with average total error = 0.798728 and alpha = 0.413394
MASTER: Epoch 21 end with average total error = 0.859556 and alpha = -0.0198511
MASTER: Epoch 22 end with average total error = 0.857088 and alpha = 0.000447018
MASTER: Epoch 23 end with average total error = 0.857139 and alpha = 2.85782e-05
MASTER: Epoch 24 end with average total error = 0.857143 and alpha = 1.82708e-06
MASTER: Epoch 25 end with average total error = 0.857143 and alpha = 1.1681e-07
MASTER: Epoch 26 end with average total error = 0.857143 and alpha = 7.46797e-09
MASTER: Epoch 27 end with average total error = 0.857143 and alpha = 4.77447e-10
MASTER: Epoch 28 end with average total error = 0.857143 and alpha = 3.05238e-11
MASTER: Epoch 29 end with average total error = 0.857143 and alpha = 1.95155e-12
MASTER: Epoch 30 end with average total error = 0.857143 and alpha = 1.24567e-13
MASTER: Epoch 31 end with average total error = 0.857143 and alpha = 8.65974e-15
MASTER: Epoch 32 end with average total error = 0.857143 and alpha = 1.33227e-15
MASTER: Epoch 33 end with average total error = 0.857143 and alpha = 4.44089e-16
MASTER: Epoch 34 end with average total error = 0.857143 and alpha = -1.33227e-15
MASTER: Epoch 35 end with average total error = 0.857143 and alpha = 4.44089e-16
MASTER: Epoch 36 end with average total error = 0.857143 and alpha = -6.66134e-16
MASTER: Epoch 37 end with average total error = 0.857143 and alpha = 4.44089e-16
MASTER: Epoch 38 end with average total error = 0.857143 and alpha = 4.44089e-16
MASTER: Epoch 39 end with average total error = 0.857143 and alpha = -6.66134e-16
MASTER: Epoch 40 end with average total error = 0.857143 and alpha = -6.66134e-16
MASTER: Epoch 41 end with average total error = 0.857143 and alpha = 4.44089e-16
MASTER: Epoch 42 end with average total error = 0.857143 and alpha = 4.44089e-16
MASTER: Epoch 43 end with average total error = 0.857143 and alpha = -6.66134e-16
MASTER: Epoch 44 end with average total error = 0.857143 and alpha = -6.66134e-16
MASTER: Epoch 45 end with average total error = 0.857143 and alpha = 4.44089e-16
MASTER: Epoch 46 end with average total error = 0.857143 and alpha = 4.44089e-16
MASTER: Epoch 47 end with average total error = 0.857143 and alpha = 4.44089e-16
MASTER: Epoch 48 end with average total error = 0.857143 and alpha = 4.44089e-16
MASTER: Epoch 49 end with average total error = 0.857143 and alpha = -1.33227e-15
MASTER: Calculates the accuracy of the ensamble and its trees 
Ensabmle learning size = 21
Tree trained in epoch = 0 Accuracy = 0.682048
Tree trained in epoch = 1 Accuracy = 0.440646
Tree trained in epoch = 2 Accuracy = 0.50002
Tree trained in epoch = 3 Accuracy = 0.555957
Tree trained in epoch = 4 Accuracy = 0.549176
Tree trained in epoch = 5 Accuracy = 0.498764
Tree trained in epoch = 6 Accuracy = 0.516904
Tree trained in epoch = 7 Accuracy = 0.55388
Tree trained in epoch = 8 Accuracy = 0.534162
Tree trained in epoch = 9 Accuracy = 0.541511
Tree trained in epoch = 10 Accuracy = 0.51858
Tree trained in epoch = 11 Accuracy = 0.534265
Tree trained in epoch = 12 Accuracy = 0.524615
Tree trained in epoch = 13 Accuracy = 0.518895
Tree trained in epoch = 14 Accuracy = 0.536537
Tree trained in epoch = 15 Accuracy = 0.516411
Tree trained in epoch = 16 Accuracy = 0.522177
Tree trained in epoch = 17 Accuracy = 0.501953
Tree trained in epoch = 18 Accuracy = 0.511305
Tree trained in epoch = 19 Accuracy = 0.510341
Tree trained in epoch = 20 Accuracy = 0.541207
Accuracy Ensabmle = 0.723436 for the test dataset  in 50 epochs
Accuracy Ensabmle = 0.785321 for the train dataset  in 50 epochs
Risultati scritti con successo nel file: ../res/risultati_adaboost-mpi_strong_1_new_param_20_e3_skipping.txt per il valore 50
MASTER:added tree 
MASTER: Epoch 0 end with average total error = 0.281483 and alpha = 2.72888
MASTER:added tree 
MASTER: Epoch 1 end with average total error = 0.415812 and alpha = 2.13175
MASTER:added tree 
MASTER: Epoch 2 end with average total error = 0.495603 and alpha = 1.80935
MASTER:added tree 
MASTER: Epoch 3 end with average total error = 0.513555 and alpha = 1.73753
MASTER:added tree 
MASTER: Epoch 4 end with average total error = 0.557496 and alpha = 1.56075
MASTER:added tree 
MASTER: Epoch 5 end with average total error = 0.60698 and alpha = 1.35712
MASTER:added tree 
MASTER: Epoch 6 end with average total error = 0.597197 and alpha = 1.39796
MASTER:added tree 
MASTER: Epoch 7 end with average total error = 0.659095 and alpha = 1.13249
MASTER:added tree 
MASTER: Epoch 8 end with average total error = 0.694021 and alpha = 0.972773
MASTER:added tree 
MASTER: Epoch 9 end with average total error = 0.723745 and alpha = 0.828643
MASTER:added tree 
MASTER: Epoch 10 end with average total error = 0.714539 and alpha = 0.874226
MASTER:added tree 
MASTER: Epoch 11 end with average total error = 0.732794 and alpha = 0.782916
MASTER:added tree 
MASTER: Epoch 12 end with average total error = 0.740622 and alpha = 0.742557
MASTER:added tree 
MASTER: Epoch 13 end with average total error = 0.741794 and alpha = 0.736445
MASTER:added tree 
MASTER: Epoch 14 end with average total error = 0.814147 and alpha = 0.314577
MASTER:added tree 
MASTER: Epoch 15 end with average total error = 0.810552 and alpha = 0.338155
MASTER:added tree 
MASTER: Epoch 16 end with average total error = 0.811249 and alpha = 0.333611
MASTER:added tree 
MASTER: Epoch 17 end with average total error = 0.784462 and alpha = 0.499901
MASTER:added tree 
MASTER: Epoch 18 end with average total error = 0.794195 and alpha = 0.441362
MASTER:added tree 
MASTER: Epoch 19 end with average total error = 0.783985 and alpha = 0.502719
MASTER:added tree 
MASTER: Epoch 20 end with average total error = 0.798728 and alpha = 0.413394
MASTER: Epoch 21 end with average total error = 0.859556 and alpha = -0.0198511
MASTER: Epoch 22 end with average total error = 0.857088 and alpha = 0.000447018
MASTER: Epoch 23 end with average total error = 0.857139 and alpha = 2.85782e-05
MASTER: Epoch 24 end with average total error = 0.857143 and alpha = 1.82708e-06
MASTER: Epoch 25 end with average total error = 0.857143 and alpha = 1.1681e-07
MASTER: Epoch 26 end with average total error = 0.857143 and alpha = 7.46797e-09
MASTER: Epoch 27 end with average total error = 0.857143 and alpha = 4.77447e-10
MASTER: Epoch 28 end with average total error = 0.857143 and alpha = 3.05238e-11
MASTER: Epoch 29 end with average total error = 0.857143 and alpha = 1.95155e-12
MASTER: Epoch 30 end with average total error = 0.857143 and alpha = 1.24567e-13
MASTER: Epoch 31 end with average total error = 0.857143 and alpha = 8.65974e-15
MASTER: Epoch 32 end with average total error = 0.857143 and alpha = 1.33227e-15
MASTER: Epoch 33 end with average total error = 0.857143 and alpha = 4.44089e-16
MASTER: Epoch 34 end with average total error = 0.857143 and alpha = -1.33227e-15
MASTER: Epoch 35 end with average total error = 0.857143 and alpha = 4.44089e-16
MASTER: Epoch 36 end with average total error = 0.857143 and alpha = -6.66134e-16
MASTER: Epoch 37 end with average total error = 0.857143 and alpha = 4.44089e-16
MASTER: Epoch 38 end with average total error = 0.857143 and alpha = 4.44089e-16
MASTER: Epoch 39 end with average total error = 0.857143 and alpha = -6.66134e-16
MASTER: Epoch 40 end with average total error = 0.857143 and alpha = -6.66134e-16
MASTER: Epoch 41 end with average total error = 0.857143 and alpha = 4.44089e-16
MASTER: Epoch 42 end with average total error = 0.857143 and alpha = 4.44089e-16
MASTER: Epoch 43 end with average total error = 0.857143 and alpha = -6.66134e-16
MASTER: Epoch 44 end with average total error = 0.857143 and alpha = -6.66134e-16
MASTER: Epoch 45 end with average total error = 0.857143 and alpha = 4.44089e-16
MASTER: Epoch 46 end with average total error = 0.857143 and alpha = 4.44089e-16
MASTER: Epoch 47 end with average total error = 0.857143 and alpha = 4.44089e-16
MASTER: Epoch 48 end with average total error = 0.857143 and alpha = 4.44089e-16
MASTER: Epoch 49 end with average total error = 0.857143 and alpha = -1.33227e-15
MASTER: Epoch 50 end with average total error = 0.857143 and alpha = 4.44089e-16
MASTER: Epoch 51 end with average total error = 0.857143 and alpha = 4.44089e-16
MASTER: Epoch 52 end with average total error = 0.857143 and alpha = 4.44089e-16
MASTER: Epoch 53 end with average total error = 0.857143 and alpha = -6.66134e-16
MASTER: Epoch 54 end with average total error = 0.857143 and alpha = 4.44089e-16
MASTER: Epoch 55 end with average total error = 0.857143 and alpha = -6.66134e-16
MASTER: Epoch 56 end with average total error = 0.857143 and alpha = -6.66134e-16
MASTER: Epoch 57 end with average total error = 0.857143 and alpha = 4.44089e-16
MASTER: Epoch 58 end with average total error = 0.857143 and alpha = 1.33227e-15
MASTER: Epoch 59 end with average total error = 0.857143 and alpha = -1.33227e-15
MASTER: Epoch 60 end with average total error = 0.857143 and alpha = 4.44089e-16
MASTER: Epoch 61 end with average total error = 0.857143 and alpha = 4.44089e-16
MASTER: Epoch 62 end with average total error = 0.857143 and alpha = -6.66134e-16
MASTER: Epoch 63 end with average total error = 0.857143 and alpha = 4.44089e-16
MASTER: Epoch 64 end with average total error = 0.857143 and alpha = -6.66134e-16
MASTER: Epoch 65 end with average total error = 0.857143 and alpha = 4.44089e-16
MASTER: Epoch 66 end with average total error = 0.857143 and alpha = 4.44089e-16
MASTER: Epoch 67 end with average total error = 0.857143 and alpha = 4.44089e-16
MASTER: Epoch 68 end with average total error = 0.857143 and alpha = -6.66134e-16
MASTER: Epoch 69 end with average total error = 0.857143 and alpha = -1.33227e-15
MASTER: Epoch 70 end with average total error = 0.857143 and alpha = 1.33227e-15
MASTER: Epoch 71 end with average total error = 0.857143 and alpha = -6.66134e-16
MASTER: Epoch 72 end with average total error = 0.857143 and alpha = 4.44089e-16
MASTER: Epoch 73 end with average total error = 0.857143 and alpha = 4.44089e-16
MASTER: Epoch 74 end with average total error = 0.857143 and alpha = 4.44089e-16
MASTER: Epoch 75 end with average total error = 0.857143 and alpha = 4.44089e-16
MASTER: Epoch 76 end with average total error = 0.857143 and alpha = -1.33227e-15
MASTER: Epoch 77 end with average total error = 0.857143 and alpha = 4.44089e-16
MASTER: Epoch 78 end with average total error = 0.857143 and alpha = 4.44089e-16
MASTER: Epoch 79 end with average total error = 0.857143 and alpha = -6.66134e-16
MASTER: Epoch 80 end with average total error = 0.857143 and alpha = -6.66134e-16
MASTER: Epoch 81 end with average total error = 0.857143 and alpha = 4.44089e-16
MASTER: Epoch 82 end with average total error = 0.857143 and alpha = 4.44089e-16
MASTER: Epoch 83 end with average total error = 0.857143 and alpha = 4.44089e-16
MASTER: Epoch 84 end with average total error = 0.857143 and alpha = 4.44089e-16
MASTER: Epoch 85 end with average total error = 0.857143 and alpha = 4.44089e-16
MASTER: Epoch 86 end with average total error = 0.857143 and alpha = -1.33227e-15
MASTER: Epoch 87 end with average total error = 0.857143 and alpha = -1.33227e-15
MASTER: Epoch 88 end with average total error = 0.857143 and alpha = 1.33227e-15
MASTER: Epoch 89 end with average total error = 0.857143 and alpha = 4.44089e-16
MASTER: Epoch 90 end with average total error = 0.857143 and alpha = -1.33227e-15
MASTER: Epoch 91 end with average total error = 0.857143 and alpha = 4.44089e-16
MASTER: Epoch 92 end with average total error = 0.857143 and alpha = 4.44089e-16
MASTER: Epoch 93 end with average total error = 0.857143 and alpha = 4.44089e-16
MASTER: Epoch 94 end with average total error = 0.857143 and alpha = 4.44089e-16
MASTER: Epoch 95 end with average total error = 0.857143 and alpha = 4.44089e-16
MASTER: Epoch 96 end with average total error = 0.857143 and alpha = -1.33227e-15
MASTER: Epoch 97 end with average total error = 0.857143 and alpha = -6.66134e-16
MASTER: Epoch 98 end with average total error = 0.857143 and alpha = 4.44089e-16
MASTER: Epoch 99 end with average total error = 0.857143 and alpha = 4.44089e-16
MASTER: Calculates the accuracy of the ensamble and its trees 
Ensabmle learning size = 21
Tree trained in epoch = 0 Accuracy = 0.682048
Tree trained in epoch = 1 Accuracy = 0.440646
Tree trained in epoch = 2 Accuracy = 0.50002
Tree trained in epoch = 3 Accuracy = 0.555957
Tree trained in epoch = 4 Accuracy = 0.549176
Tree trained in epoch = 5 Accuracy = 0.498764
Tree trained in epoch = 6 Accuracy = 0.516904
Tree trained in epoch = 7 Accuracy = 0.55388
Tree trained in epoch = 8 Accuracy = 0.534162
Tree trained in epoch = 9 Accuracy = 0.541511
Tree trained in epoch = 10 Accuracy = 0.51858
Tree trained in epoch = 11 Accuracy = 0.534265
Tree trained in epoch = 12 Accuracy = 0.524615
Tree trained in epoch = 13 Accuracy = 0.518895
Tree trained in epoch = 14 Accuracy = 0.536537
Tree trained in epoch = 15 Accuracy = 0.516411
Tree trained in epoch = 16 Accuracy = 0.522177
Tree trained in epoch = 17 Accuracy = 0.501953
Tree trained in epoch = 18 Accuracy = 0.511305
Tree trained in epoch = 19 Accuracy = 0.510341
Tree trained in epoch = 20 Accuracy = 0.541207
Accuracy Ensabmle = 0.723436 for the test dataset  in 100 epochs
Accuracy Ensabmle = 0.785321 for the train dataset  in 100 epochs
Risultati scritti con successo nel file: ../res/risultati_adaboost-mpi_strong_1_new_param_20_e3_skipping.txt per il valore 100
