-- The C compiler identification is GNU 9.4.0
-- The CXX compiler identification is GNU 9.4.0
-- Detecting C compiler ABI info
-- Detecting C compiler ABI info - done
-- Check for working C compiler: /beegfs/home/echiavazza/spack/opt/spack/linux-ubuntu20.04-cascadelake/gcc-9.4.0/openmpi-5.0.3-ocjjgvvgpy4ulxfz3damtdseryljeeuh/bin/mpicc - skipped
-- Detecting C compile features
-- Detecting C compile features - done
-- Detecting CXX compiler ABI info
-- Detecting CXX compiler ABI info - done
-- Check for working CXX compiler: /beegfs/home/echiavazza/spack/opt/spack/linux-ubuntu20.04-cascadelake/gcc-9.4.0/openmpi-5.0.3-ocjjgvvgpy4ulxfz3damtdseryljeeuh/bin/mpicxx - skipped
-- Detecting CXX compile features
-- Detecting CXX compile features - done
-- Found MPI_C: mpicc (found version "3.1") 
-- Found MPI_CXX: mpicxx (found version "3.1") 
-- Found MPI: TRUE (found version "3.1")  
-- Found PkgConfig: /usr/bin/pkg-config (found version "0.29.1") 
-- Checking for module 'mlpack'
--   Found mlpack, version 4.2.0
-- Configuring done (10.4s)
-- Generating done (0.2s)
-- Build files have been written to: /beegfs/home/echiavazza/unito-scpd/adaboost-mpi/build
[ 25%] Building CXX object CMakeFiles/data_lib.dir/src/data_lib/datalib.cpp.o
[ 25%] Building CXX object CMakeFiles/communication_lib.dir/src/communication_lib/libcomm.cpp.o
[ 37%] Linking CXX static library /beegfs/home/echiavazza/unito-scpd/adaboost-mpi/obj/libdata_lib.a
[ 50%] Linking CXX static library /beegfs/home/echiavazza/unito-scpd/adaboost-mpi/obj/libcommunication_lib.a
[ 50%] Built target data_lib
[ 50%] Built target communication_lib
[ 87%] Building CXX object CMakeFiles/adaboost-mpi.dir/src/data_lib/datalib.cpp.o
[ 87%] Building CXX object CMakeFiles/adaboost-mpi.dir/src/communication_lib/libcomm.cpp.o
[ 87%] Building CXX object CMakeFiles/adaboost-mpi.dir/src/main.cpp.o
[100%] Linking CXX executable /beegfs/home/echiavazza/unito-scpd/adaboost-mpi/bin/adaboost-mpi
[100%] Built target adaboost-mpi
MASTER: Uploads and distributes data among 71 clients 
MASTER:added tree 
MASTER: Epoch 0 end with average total error = 0.31174 and alpha = 2.58376
MASTER:added tree 
MASTER: Epoch 1 end with average total error = 0.44026 and alpha = 2.03187
MASTER:added tree 
MASTER: Epoch 2 end with average total error = 0.493056 and alpha = 1.81954
MASTER:added tree 
MASTER: Epoch 3 end with average total error = 0.535628 and alpha = 1.64901
MASTER:added tree 
MASTER: Epoch 4 end with average total error = 0.54345 and alpha = 1.61752
MASTER: Calculates the accuracy of the ensamble and its trees 
Ensabmle learning size = 5
Tree trained in epoch = 0 Accuracy = 0.632491
Tree trained in epoch = 1 Accuracy = 0.482396
Tree trained in epoch = 2 Accuracy = 0.45449
Tree trained in epoch = 3 Accuracy = 0.443372
Tree trained in epoch = 4 Accuracy = 0.453153
Accuracy Ensabmle = 0.600913 for the test dataset  in 5 epochs
Accuracy Ensabmle = 0.658444 for the train dataset  in 5 epochs
Risultati scritti con successo nel file: ../res/risultati_adaboost-mpi_strong_3_prest.txt per il valore 5
MASTER:added tree 
MASTER: Epoch 0 end with average total error = 0.31174 and alpha = 2.58376
MASTER:added tree 
MASTER: Epoch 1 end with average total error = 0.44026 and alpha = 2.03187
MASTER:added tree 
MASTER: Epoch 2 end with average total error = 0.493056 and alpha = 1.81954
MASTER:added tree 
MASTER: Epoch 3 end with average total error = 0.535628 and alpha = 1.64901
MASTER:added tree 
MASTER: Epoch 4 end with average total error = 0.54345 and alpha = 1.61752
MASTER:added tree 
MASTER: Epoch 5 end with average total error = 0.571605 and alpha = 1.50336
MASTER:added tree 
MASTER: Epoch 6 end with average total error = 0.641248 and alpha = 1.21097
MASTER:added tree 
MASTER: Epoch 7 end with average total error = 0.6628 and alpha = 1.11596
MASTER:added tree 
MASTER: Epoch 8 end with average total error = 0.664911 and alpha = 1.1065
MASTER:added tree 
MASTER: Epoch 9 end with average total error = 0.699018 and alpha = 0.949134
MASTER: Calculates the accuracy of the ensamble and its trees 
Ensabmle learning size = 10
Tree trained in epoch = 0 Accuracy = 0.632491
Tree trained in epoch = 1 Accuracy = 0.482396
Tree trained in epoch = 2 Accuracy = 0.45449
Tree trained in epoch = 3 Accuracy = 0.443372
Tree trained in epoch = 4 Accuracy = 0.453153
Tree trained in epoch = 5 Accuracy = 0.510812
Tree trained in epoch = 6 Accuracy = 0.486348
Tree trained in epoch = 7 Accuracy = 0.52127
Tree trained in epoch = 8 Accuracy = 0.516032
Tree trained in epoch = 9 Accuracy = 0.483336
Accuracy Ensabmle = 0.652094 for the test dataset  in 10 epochs
Accuracy Ensabmle = 0.704946 for the train dataset  in 10 epochs
Risultati scritti con successo nel file: ../res/risultati_adaboost-mpi_strong_3_prest.txt per il valore 10
MASTER:added tree 
MASTER: Epoch 0 end with average total error = 0.31174 and alpha = 2.58376
MASTER:added tree 
MASTER: Epoch 1 end with average total error = 0.44026 and alpha = 2.03187
MASTER:added tree 
MASTER: Epoch 2 end with average total error = 0.493056 and alpha = 1.81954
MASTER:added tree 
MASTER: Epoch 3 end with average total error = 0.535628 and alpha = 1.64901
MASTER:added tree 
MASTER: Epoch 4 end with average total error = 0.54345 and alpha = 1.61752
MASTER:added tree 
MASTER: Epoch 5 end with average total error = 0.571605 and alpha = 1.50336
MASTER:added tree 
MASTER: Epoch 6 end with average total error = 0.641248 and alpha = 1.21097
MASTER:added tree 
MASTER: Epoch 7 end with average total error = 0.6628 and alpha = 1.11596
MASTER:added tree 
MASTER: Epoch 8 end with average total error = 0.664911 and alpha = 1.1065
MASTER:added tree 
MASTER: Epoch 9 end with average total error = 0.699018 and alpha = 0.949134
MASTER:added tree 
MASTER: Epoch 10 end with average total error = 0.7567 and alpha = 0.657085
MASTER:added tree 
MASTER: Epoch 11 end with average total error = 0.760603 and alpha = 0.635773
MASTER:added tree 
MASTER: Epoch 12 end with average total error = 0.763153 and alpha = 0.621714
MASTER:added tree 
MASTER: Epoch 13 end with average total error = 0.778883 and alpha = 0.532593
MASTER:added tree 
MASTER: Epoch 14 end with average total error = 0.799399 and alpha = 0.409218
MASTER:added tree 
MASTER: Epoch 15 end with average total error = 0.827437 and alpha = 0.224191
MASTER:added tree 
MASTER: Epoch 16 end with average total error = 0.811294 and alpha = 0.33332
MASTER:added tree 
MASTER: Epoch 17 end with average total error = 0.778405 and alpha = 0.535365
MASTER:added tree 
MASTER: Epoch 18 end with average total error = 0.823113 and alpha = 0.254175
MASTER:added tree 
MASTER: Epoch 19 end with average total error = 0.810279 and alpha = 0.339934
MASTER: Calculates the accuracy of the ensamble and its trees 
Ensabmle learning size = 20
Tree trained in epoch = 0 Accuracy = 0.632491
Tree trained in epoch = 1 Accuracy = 0.482396
Tree trained in epoch = 2 Accuracy = 0.45449
Tree trained in epoch = 3 Accuracy = 0.443372
Tree trained in epoch = 4 Accuracy = 0.453153
Tree trained in epoch = 5 Accuracy = 0.510812
Tree trained in epoch = 6 Accuracy = 0.486348
Tree trained in epoch = 7 Accuracy = 0.52127
Tree trained in epoch = 8 Accuracy = 0.516032
Tree trained in epoch = 9 Accuracy = 0.483336
Tree trained in epoch = 10 Accuracy = 0.468053
Tree trained in epoch = 11 Accuracy = 0.478793
Tree trained in epoch = 12 Accuracy = 0.485327
Tree trained in epoch = 13 Accuracy = 0.492923
Tree trained in epoch = 14 Accuracy = 0.502711
Tree trained in epoch = 15 Accuracy = 0.517662
Tree trained in epoch = 16 Accuracy = 0.495075
Tree trained in epoch = 17 Accuracy = 0.52111
Tree trained in epoch = 18 Accuracy = 0.487955
Tree trained in epoch = 19 Accuracy = 0.52341
Accuracy Ensabmle = 0.675358 for the test dataset  in 20 epochs
Accuracy Ensabmle = 0.7308 for the train dataset  in 20 epochs
Risultati scritti con successo nel file: ../res/risultati_adaboost-mpi_strong_3_prest.txt per il valore 20
MASTER:added tree 
MASTER: Epoch 0 end with average total error = 0.31174 and alpha = 2.58376
MASTER:added tree 
MASTER: Epoch 1 end with average total error = 0.44026 and alpha = 2.03187
MASTER:added tree 
MASTER: Epoch 2 end with average total error = 0.493056 and alpha = 1.81954
MASTER:added tree 
MASTER: Epoch 3 end with average total error = 0.535628 and alpha = 1.64901
MASTER:added tree 
MASTER: Epoch 4 end with average total error = 0.54345 and alpha = 1.61752
MASTER:added tree 
MASTER: Epoch 5 end with average total error = 0.571605 and alpha = 1.50336
MASTER:added tree 
MASTER: Epoch 6 end with average total error = 0.641248 and alpha = 1.21097
MASTER:added tree 
MASTER: Epoch 7 end with average total error = 0.6628 and alpha = 1.11596
MASTER:added tree 
MASTER: Epoch 8 end with average total error = 0.664911 and alpha = 1.1065
MASTER:added tree 
MASTER: Epoch 9 end with average total error = 0.699018 and alpha = 0.949134
MASTER:added tree 
MASTER: Epoch 10 end with average total error = 0.7567 and alpha = 0.657085
MASTER:added tree 
MASTER: Epoch 11 end with average total error = 0.760603 and alpha = 0.635773
MASTER:added tree 
MASTER: Epoch 12 end with average total error = 0.763153 and alpha = 0.621714
MASTER:added tree 
MASTER: Epoch 13 end with average total error = 0.778883 and alpha = 0.532593
MASTER:added tree 
MASTER: Epoch 14 end with average total error = 0.799399 and alpha = 0.409218
MASTER:added tree 
MASTER: Epoch 15 end with average total error = 0.827437 and alpha = 0.224191
MASTER:added tree 
MASTER: Epoch 16 end with average total error = 0.811294 and alpha = 0.33332
MASTER:added tree 
MASTER: Epoch 17 end with average total error = 0.778405 and alpha = 0.535365
MASTER:added tree 
MASTER: Epoch 18 end with average total error = 0.823113 and alpha = 0.254175
MASTER:added tree 
MASTER: Epoch 19 end with average total error = 0.810279 and alpha = 0.339934
MASTER:added tree 
MASTER: Epoch 20 end with average total error = 0.846425 and alpha = 0.0849302
MASTER: Epoch 21 end with average total error = 0.879665 and alpha = -0.197502
MASTER:added tree 
MASTER: Epoch 22 end with average total error = 0.844897 and alpha = 0.096636
MASTER: Epoch 23 end with average total error = 0.859028 and alpha = -0.0154775
MASTER: Epoch 24 end with average total error = 0.857232 and alpha = -0.000731466
MASTER: Epoch 25 end with average total error = 0.857147 and alpha = -3.14956e-05
MASTER: Epoch 26 end with average total error = 0.857143 and alpha = -1.35616e-06
MASTER: Epoch 27 end with average total error = 0.857143 and alpha = -5.83943e-08
MASTER: Epoch 28 end with average total error = 0.857143 and alpha = -2.51438e-09
MASTER: Epoch 29 end with average total error = 0.857143 and alpha = -1.08266e-10
MASTER: Calculates the accuracy of the ensamble and its trees 
Ensabmle learning size = 22
Tree trained in epoch = 0 Accuracy = 0.632491
Tree trained in epoch = 1 Accuracy = 0.482396
Tree trained in epoch = 2 Accuracy = 0.45449
Tree trained in epoch = 3 Accuracy = 0.443372
Tree trained in epoch = 4 Accuracy = 0.453153
Tree trained in epoch = 5 Accuracy = 0.510812
Tree trained in epoch = 6 Accuracy = 0.486348
Tree trained in epoch = 7 Accuracy = 0.52127
Tree trained in epoch = 8 Accuracy = 0.516032
Tree trained in epoch = 9 Accuracy = 0.483336
Tree trained in epoch = 10 Accuracy = 0.468053
Tree trained in epoch = 11 Accuracy = 0.478793
Tree trained in epoch = 12 Accuracy = 0.485327
Tree trained in epoch = 13 Accuracy = 0.492923
Tree trained in epoch = 14 Accuracy = 0.502711
Tree trained in epoch = 15 Accuracy = 0.517662
Tree trained in epoch = 16 Accuracy = 0.495075
Tree trained in epoch = 17 Accuracy = 0.52111
Tree trained in epoch = 18 Accuracy = 0.487955
Tree trained in epoch = 19 Accuracy = 0.52341
Tree trained in epoch = 20 Accuracy = 0.510255
Tree trained in epoch = 21 Accuracy = 0.525459
Accuracy Ensabmle = 0.676615 for the test dataset  in 30 epochs
Accuracy Ensabmle = 0.732194 for the train dataset  in 30 epochs
Risultati scritti con successo nel file: ../res/risultati_adaboost-mpi_strong_3_prest.txt per il valore 30
MASTER:added tree 
MASTER: Epoch 0 end with average total error = 0.31174 and alpha = 2.58376
MASTER:added tree 
MASTER: Epoch 1 end with average total error = 0.44026 and alpha = 2.03187
MASTER:added tree 
MASTER: Epoch 2 end with average total error = 0.493056 and alpha = 1.81954
MASTER:added tree 
MASTER: Epoch 3 end with average total error = 0.535628 and alpha = 1.64901
MASTER:added tree 
MASTER: Epoch 4 end with average total error = 0.54345 and alpha = 1.61752
MASTER:added tree 
MASTER: Epoch 5 end with average total error = 0.571605 and alpha = 1.50336
MASTER:added tree 
MASTER: Epoch 6 end with average total error = 0.641248 and alpha = 1.21097
MASTER:added tree 
MASTER: Epoch 7 end with average total error = 0.6628 and alpha = 1.11596
MASTER:added tree 
MASTER: Epoch 8 end with average total error = 0.664911 and alpha = 1.1065
MASTER:added tree 
MASTER: Epoch 9 end with average total error = 0.699018 and alpha = 0.949134
MASTER:added tree 
MASTER: Epoch 10 end with average total error = 0.7567 and alpha = 0.657085
MASTER:added tree 
MASTER: Epoch 11 end with average total error = 0.760603 and alpha = 0.635773
MASTER:added tree 
MASTER: Epoch 12 end with average total error = 0.763153 and alpha = 0.621714
MASTER:added tree 
MASTER: Epoch 13 end with average total error = 0.778883 and alpha = 0.532593
MASTER:added tree 
MASTER: Epoch 14 end with average total error = 0.799399 and alpha = 0.409218
MASTER:added tree 
MASTER: Epoch 15 end with average total error = 0.827437 and alpha = 0.224191
MASTER:added tree 
MASTER: Epoch 16 end with average total error = 0.811294 and alpha = 0.33332
MASTER:added tree 
MASTER: Epoch 17 end with average total error = 0.778405 and alpha = 0.535365
MASTER:added tree 
MASTER: Epoch 18 end with average total error = 0.823113 and alpha = 0.254175
MASTER:added tree 
MASTER: Epoch 19 end with average total error = 0.810279 and alpha = 0.339934
MASTER:added tree 
MASTER: Epoch 20 end with average total error = 0.846425 and alpha = 0.0849302
MASTER: Epoch 21 end with average total error = 0.879665 and alpha = -0.197502
MASTER:added tree 
MASTER: Epoch 22 end with average total error = 0.844897 and alpha = 0.096636
MASTER: Epoch 23 end with average total error = 0.859028 and alpha = -0.0154775
MASTER: Epoch 24 end with average total error = 0.857232 and alpha = -0.000731466
MASTER: Epoch 25 end with average total error = 0.857147 and alpha = -3.14956e-05
MASTER: Epoch 26 end with average total error = 0.857143 and alpha = -1.35616e-06
MASTER: Epoch 27 end with average total error = 0.857143 and alpha = -5.83943e-08
MASTER: Epoch 28 end with average total error = 0.857143 and alpha = -2.51438e-09
MASTER: Epoch 29 end with average total error = 0.857143 and alpha = -1.08266e-10
MASTER: Epoch 30 end with average total error = 0.857143 and alpha = -4.65894e-12
MASTER: Epoch 31 end with average total error = 0.857143 and alpha = -2.04503e-13
MASTER: Epoch 32 end with average total error = 0.857143 and alpha = -5.9952e-15
MASTER: Epoch 33 end with average total error = 0.857143 and alpha = 1.33227e-15
MASTER: Epoch 34 end with average total error = 0.857143 and alpha = -1.33227e-15
MASTER: Epoch 35 end with average total error = 0.857143 and alpha = 1.33227e-15
MASTER: Epoch 36 end with average total error = 0.857143 and alpha = -1.33227e-15
MASTER: Epoch 37 end with average total error = 0.857143 and alpha = 4.44089e-16
MASTER: Epoch 38 end with average total error = 0.857143 and alpha = 4.44089e-16
MASTER: Epoch 39 end with average total error = 0.857143 and alpha = 4.44089e-16
MASTER: Calculates the accuracy of the ensamble and its trees 
Ensabmle learning size = 22
Tree trained in epoch = 0 Accuracy = 0.632491
Tree trained in epoch = 1 Accuracy = 0.482396
Tree trained in epoch = 2 Accuracy = 0.45449
Tree trained in epoch = 3 Accuracy = 0.443372
Tree trained in epoch = 4 Accuracy = 0.453153
Tree trained in epoch = 5 Accuracy = 0.510812
Tree trained in epoch = 6 Accuracy = 0.486348
Tree trained in epoch = 7 Accuracy = 0.52127
Tree trained in epoch = 8 Accuracy = 0.516032
Tree trained in epoch = 9 Accuracy = 0.483336
Tree trained in epoch = 10 Accuracy = 0.468053
Tree trained in epoch = 11 Accuracy = 0.478793
Tree trained in epoch = 12 Accuracy = 0.485327
Tree trained in epoch = 13 Accuracy = 0.492923
Tree trained in epoch = 14 Accuracy = 0.502711
Tree trained in epoch = 15 Accuracy = 0.517662
Tree trained in epoch = 16 Accuracy = 0.495075
Tree trained in epoch = 17 Accuracy = 0.52111
Tree trained in epoch = 18 Accuracy = 0.487955
Tree trained in epoch = 19 Accuracy = 0.52341
Tree trained in epoch = 20 Accuracy = 0.510255
Tree trained in epoch = 21 Accuracy = 0.525459
Accuracy Ensabmle = 0.676615 for the test dataset  in 40 epochs
Accuracy Ensabmle = 0.732194 for the train dataset  in 40 epochs
Risultati scritti con successo nel file: ../res/risultati_adaboost-mpi_strong_3_prest.txt per il valore 40
MASTER:added tree 
MASTER: Epoch 0 end with average total error = 0.31174 and alpha = 2.58376
MASTER:added tree 
MASTER: Epoch 1 end with average total error = 0.44026 and alpha = 2.03187
MASTER:added tree 
MASTER: Epoch 2 end with average total error = 0.493056 and alpha = 1.81954
MASTER:added tree 
MASTER: Epoch 3 end with average total error = 0.535628 and alpha = 1.64901
MASTER:added tree 
MASTER: Epoch 4 end with average total error = 0.54345 and alpha = 1.61752
MASTER:added tree 
MASTER: Epoch 5 end with average total error = 0.571605 and alpha = 1.50336
MASTER:added tree 
MASTER: Epoch 6 end with average total error = 0.641248 and alpha = 1.21097
MASTER:added tree 
MASTER: Epoch 7 end with average total error = 0.6628 and alpha = 1.11596
MASTER:added tree 
MASTER: Epoch 8 end with average total error = 0.664911 and alpha = 1.1065
MASTER:added tree 
MASTER: Epoch 9 end with average total error = 0.699018 and alpha = 0.949134
MASTER:added tree 
MASTER: Epoch 10 end with average total error = 0.7567 and alpha = 0.657085
MASTER:added tree 
MASTER: Epoch 11 end with average total error = 0.760603 and alpha = 0.635773
MASTER:added tree 
MASTER: Epoch 12 end with average total error = 0.763153 and alpha = 0.621714
MASTER:added tree 
MASTER: Epoch 13 end with average total error = 0.778883 and alpha = 0.532593
MASTER:added tree 
MASTER: Epoch 14 end with average total error = 0.799399 and alpha = 0.409218
MASTER:added tree 
MASTER: Epoch 15 end with average total error = 0.827437 and alpha = 0.224191
MASTER:added tree 
MASTER: Epoch 16 end with average total error = 0.811294 and alpha = 0.33332
MASTER:added tree 
MASTER: Epoch 17 end with average total error = 0.778405 and alpha = 0.535365
MASTER:added tree 
MASTER: Epoch 18 end with average total error = 0.823113 and alpha = 0.254175
MASTER:added tree 
MASTER: Epoch 19 end with average total error = 0.810279 and alpha = 0.339934
MASTER:added tree 
MASTER: Epoch 20 end with average total error = 0.846425 and alpha = 0.0849302
MASTER: Epoch 21 end with average total error = 0.879665 and alpha = -0.197502
MASTER:added tree 
MASTER: Epoch 22 end with average total error = 0.844897 and alpha = 0.096636
MASTER: Epoch 23 end with average total error = 0.859028 and alpha = -0.0154775
MASTER: Epoch 24 end with average total error = 0.857232 and alpha = -0.000731466
MASTER: Epoch 25 end with average total error = 0.857147 and alpha = -3.14956e-05
MASTER: Epoch 26 end with average total error = 0.857143 and alpha = -1.35616e-06
MASTER: Epoch 27 end with average total error = 0.857143 and alpha = -5.83943e-08
MASTER: Epoch 28 end with average total error = 0.857143 and alpha = -2.51438e-09
MASTER: Epoch 29 end with average total error = 0.857143 and alpha = -1.08266e-10
MASTER: Epoch 30 end with average total error = 0.857143 and alpha = -4.65894e-12
MASTER: Epoch 31 end with average total error = 0.857143 and alpha = -2.04503e-13
MASTER: Epoch 32 end with average total error = 0.857143 and alpha = -5.9952e-15
MASTER: Epoch 33 end with average total error = 0.857143 and alpha = 1.33227e-15
MASTER: Epoch 34 end with average total error = 0.857143 and alpha = -1.33227e-15
MASTER: Epoch 35 end with average total error = 0.857143 and alpha = 1.33227e-15
MASTER: Epoch 36 end with average total error = 0.857143 and alpha = -1.33227e-15
MASTER: Epoch 37 end with average total error = 0.857143 and alpha = 4.44089e-16
MASTER: Epoch 38 end with average total error = 0.857143 and alpha = 4.44089e-16
MASTER: Epoch 39 end with average total error = 0.857143 and alpha = 4.44089e-16
MASTER: Epoch 40 end with average total error = 0.857143 and alpha = -1.33227e-15
MASTER: Epoch 41 end with average total error = 0.857143 and alpha = 1.33227e-15
MASTER: Epoch 42 end with average total error = 0.857143 and alpha = -1.33227e-15
MASTER: Epoch 43 end with average total error = 0.857143 and alpha = 1.33227e-15
MASTER: Epoch 44 end with average total error = 0.857143 and alpha = -1.33227e-15
MASTER: Epoch 45 end with average total error = 0.857143 and alpha = 1.33227e-15
MASTER: Epoch 46 end with average total error = 0.857143 and alpha = -1.33227e-15
MASTER: Epoch 47 end with average total error = 0.857143 and alpha = 1.33227e-15
MASTER: Epoch 48 end with average total error = 0.857143 and alpha = -1.33227e-15
MASTER: Epoch 49 end with average total error = 0.857143 and alpha = 1.33227e-15
MASTER: Calculates the accuracy of the ensamble and its trees 
Ensabmle learning size = 22
Tree trained in epoch = 0 Accuracy = 0.632491
Tree trained in epoch = 1 Accuracy = 0.482396
Tree trained in epoch = 2 Accuracy = 0.45449
Tree trained in epoch = 3 Accuracy = 0.443372
Tree trained in epoch = 4 Accuracy = 0.453153
Tree trained in epoch = 5 Accuracy = 0.510812
Tree trained in epoch = 6 Accuracy = 0.486348
Tree trained in epoch = 7 Accuracy = 0.52127
Tree trained in epoch = 8 Accuracy = 0.516032
Tree trained in epoch = 9 Accuracy = 0.483336
Tree trained in epoch = 10 Accuracy = 0.468053
Tree trained in epoch = 11 Accuracy = 0.478793
Tree trained in epoch = 12 Accuracy = 0.485327
Tree trained in epoch = 13 Accuracy = 0.492923
Tree trained in epoch = 14 Accuracy = 0.502711
Tree trained in epoch = 15 Accuracy = 0.517662
Tree trained in epoch = 16 Accuracy = 0.495075
Tree trained in epoch = 17 Accuracy = 0.52111
Tree trained in epoch = 18 Accuracy = 0.487955
Tree trained in epoch = 19 Accuracy = 0.52341
Tree trained in epoch = 20 Accuracy = 0.510255
Tree trained in epoch = 21 Accuracy = 0.525459
Accuracy Ensabmle = 0.676615 for the test dataset  in 50 epochs
Accuracy Ensabmle = 0.732194 for the train dataset  in 50 epochs
Risultati scritti con successo nel file: ../res/risultati_adaboost-mpi_strong_3_prest.txt per il valore 50
MASTER:added tree 
MASTER: Epoch 0 end with average total error = 0.31174 and alpha = 2.58376
MASTER:added tree 
MASTER: Epoch 1 end with average total error = 0.44026 and alpha = 2.03187
MASTER:added tree 
MASTER: Epoch 2 end with average total error = 0.493056 and alpha = 1.81954
MASTER:added tree 
MASTER: Epoch 3 end with average total error = 0.535628 and alpha = 1.64901
MASTER:added tree 
MASTER: Epoch 4 end with average total error = 0.54345 and alpha = 1.61752
MASTER:added tree 
MASTER: Epoch 5 end with average total error = 0.571605 and alpha = 1.50336
MASTER:added tree 
MASTER: Epoch 6 end with average total error = 0.641248 and alpha = 1.21097
MASTER:added tree 
MASTER: Epoch 7 end with average total error = 0.6628 and alpha = 1.11596
MASTER:added tree 
MASTER: Epoch 8 end with average total error = 0.664911 and alpha = 1.1065
MASTER:added tree 
MASTER: Epoch 9 end with average total error = 0.699018 and alpha = 0.949134
MASTER:added tree 
MASTER: Epoch 10 end with average total error = 0.7567 and alpha = 0.657085
MASTER:added tree 
MASTER: Epoch 11 end with average total error = 0.760603 and alpha = 0.635773
MASTER:added tree 
MASTER: Epoch 12 end with average total error = 0.763153 and alpha = 0.621714
MASTER:added tree 
MASTER: Epoch 13 end with average total error = 0.778883 and alpha = 0.532593
MASTER:added tree 
MASTER: Epoch 14 end with average total error = 0.799399 and alpha = 0.409218
MASTER:added tree 
MASTER: Epoch 15 end with average total error = 0.827437 and alpha = 0.224191
MASTER:added tree 
MASTER: Epoch 16 end with average total error = 0.811294 and alpha = 0.33332
MASTER:added tree 
MASTER: Epoch 17 end with average total error = 0.778405 and alpha = 0.535365
MASTER:added tree 
MASTER: Epoch 18 end with average total error = 0.823113 and alpha = 0.254175
MASTER:added tree 
MASTER: Epoch 19 end with average total error = 0.810279 and alpha = 0.339934
MASTER:added tree 
MASTER: Epoch 20 end with average total error = 0.846425 and alpha = 0.0849302
MASTER: Epoch 21 end with average total error = 0.879665 and alpha = -0.197502
MASTER:added tree 
MASTER: Epoch 22 end with average total error = 0.844897 and alpha = 0.096636
MASTER: Epoch 23 end with average total error = 0.859028 and alpha = -0.0154775
MASTER: Epoch 24 end with average total error = 0.857232 and alpha = -0.000731466
MASTER: Epoch 25 end with average total error = 0.857147 and alpha = -3.14956e-05
MASTER: Epoch 26 end with average total error = 0.857143 and alpha = -1.35616e-06
MASTER: Epoch 27 end with average total error = 0.857143 and alpha = -5.83943e-08
MASTER: Epoch 28 end with average total error = 0.857143 and alpha = -2.51438e-09
MASTER: Epoch 29 end with average total error = 0.857143 and alpha = -1.08266e-10
MASTER: Epoch 30 end with average total error = 0.857143 and alpha = -4.65894e-12
MASTER: Epoch 31 end with average total error = 0.857143 and alpha = -2.04503e-13
MASTER: Epoch 32 end with average total error = 0.857143 and alpha = -5.9952e-15
MASTER: Epoch 33 end with average total error = 0.857143 and alpha = 1.33227e-15
MASTER: Epoch 34 end with average total error = 0.857143 and alpha = -1.33227e-15
MASTER: Epoch 35 end with average total error = 0.857143 and alpha = 1.33227e-15
MASTER: Epoch 36 end with average total error = 0.857143 and alpha = -1.33227e-15
MASTER: Epoch 37 end with average total error = 0.857143 and alpha = 4.44089e-16
MASTER: Epoch 38 end with average total error = 0.857143 and alpha = 4.44089e-16
MASTER: Epoch 39 end with average total error = 0.857143 and alpha = 4.44089e-16
MASTER: Epoch 40 end with average total error = 0.857143 and alpha = -1.33227e-15
MASTER: Epoch 41 end with average total error = 0.857143 and alpha = 1.33227e-15
MASTER: Epoch 42 end with average total error = 0.857143 and alpha = -1.33227e-15
MASTER: Epoch 43 end with average total error = 0.857143 and alpha = 1.33227e-15
MASTER: Epoch 44 end with average total error = 0.857143 and alpha = -1.33227e-15
MASTER: Epoch 45 end with average total error = 0.857143 and alpha = 1.33227e-15
MASTER: Epoch 46 end with average total error = 0.857143 and alpha = -1.33227e-15
MASTER: Epoch 47 end with average total error = 0.857143 and alpha = 1.33227e-15
MASTER: Epoch 48 end with average total error = 0.857143 and alpha = -1.33227e-15
MASTER: Epoch 49 end with average total error = 0.857143 and alpha = 1.33227e-15
MASTER: Epoch 50 end with average total error = 0.857143 and alpha = -1.33227e-15
MASTER: Epoch 51 end with average total error = 0.857143 and alpha = 1.33227e-15
MASTER: Epoch 52 end with average total error = 0.857143 and alpha = -1.33227e-15
MASTER: Epoch 53 end with average total error = 0.857143 and alpha = 1.33227e-15
MASTER: Epoch 54 end with average total error = 0.857143 and alpha = -1.33227e-15
MASTER: Epoch 55 end with average total error = 0.857143 and alpha = 1.33227e-15
MASTER: Epoch 56 end with average total error = 0.857143 and alpha = -1.33227e-15
MASTER: Epoch 57 end with average total error = 0.857143 and alpha = 1.33227e-15
MASTER: Epoch 58 end with average total error = 0.857143 and alpha = -1.33227e-15
MASTER: Epoch 59 end with average total error = 0.857143 and alpha = 1.33227e-15
MASTER: Epoch 60 end with average total error = 0.857143 and alpha = -1.33227e-15
MASTER: Epoch 61 end with average total error = 0.857143 and alpha = 1.33227e-15
MASTER: Epoch 62 end with average total error = 0.857143 and alpha = -1.33227e-15
MASTER: Epoch 63 end with average total error = 0.857143 and alpha = 1.33227e-15
MASTER: Epoch 64 end with average total error = 0.857143 and alpha = -1.33227e-15
MASTER: Epoch 65 end with average total error = 0.857143 and alpha = 1.33227e-15
MASTER: Epoch 66 end with average total error = 0.857143 and alpha = -1.33227e-15
MASTER: Epoch 67 end with average total error = 0.857143 and alpha = 1.33227e-15
MASTER: Epoch 68 end with average total error = 0.857143 and alpha = -1.33227e-15
MASTER: Epoch 69 end with average total error = 0.857143 and alpha = 1.33227e-15
MASTER: Epoch 70 end with average total error = 0.857143 and alpha = -1.33227e-15
MASTER: Epoch 71 end with average total error = 0.857143 and alpha = 1.33227e-15
MASTER: Epoch 72 end with average total error = 0.857143 and alpha = -1.33227e-15
MASTER: Epoch 73 end with average total error = 0.857143 and alpha = 1.33227e-15
MASTER: Epoch 74 end with average total error = 0.857143 and alpha = -1.33227e-15
MASTER: Epoch 75 end with average total error = 0.857143 and alpha = 1.33227e-15
MASTER: Epoch 76 end with average total error = 0.857143 and alpha = -1.33227e-15
MASTER: Epoch 77 end with average total error = 0.857143 and alpha = 1.33227e-15
MASTER: Epoch 78 end with average total error = 0.857143 and alpha = -1.33227e-15
MASTER: Epoch 79 end with average total error = 0.857143 and alpha = 1.33227e-15
MASTER: Epoch 80 end with average total error = 0.857143 and alpha = -1.33227e-15
MASTER: Epoch 81 end with average total error = 0.857143 and alpha = 1.33227e-15
MASTER: Epoch 82 end with average total error = 0.857143 and alpha = -1.33227e-15
MASTER: Epoch 83 end with average total error = 0.857143 and alpha = 1.33227e-15
MASTER: Epoch 84 end with average total error = 0.857143 and alpha = -1.33227e-15
MASTER: Epoch 85 end with average total error = 0.857143 and alpha = 1.33227e-15
MASTER: Epoch 86 end with average total error = 0.857143 and alpha = -1.33227e-15
MASTER: Epoch 87 end with average total error = 0.857143 and alpha = 1.33227e-15
MASTER: Epoch 88 end with average total error = 0.857143 and alpha = -1.33227e-15
MASTER: Epoch 89 end with average total error = 0.857143 and alpha = 1.33227e-15
MASTER: Epoch 90 end with average total error = 0.857143 and alpha = -1.33227e-15
MASTER: Epoch 91 end with average total error = 0.857143 and alpha = 1.33227e-15
MASTER: Epoch 92 end with average total error = 0.857143 and alpha = -1.33227e-15
MASTER: Epoch 93 end with average total error = 0.857143 and alpha = 1.33227e-15
MASTER: Epoch 94 end with average total error = 0.857143 and alpha = -1.33227e-15
MASTER: Epoch 95 end with average total error = 0.857143 and alpha = 1.33227e-15
MASTER: Epoch 96 end with average total error = 0.857143 and alpha = -1.33227e-15
MASTER: Epoch 97 end with average total error = 0.857143 and alpha = 1.33227e-15
MASTER: Epoch 98 end with average total error = 0.857143 and alpha = -1.33227e-15
MASTER: Epoch 99 end with average total error = 0.857143 and alpha = 1.33227e-15
MASTER: Calculates the accuracy of the ensamble and its trees 
Ensabmle learning size = 22
Tree trained in epoch = 0 Accuracy = 0.632491
Tree trained in epoch = 1 Accuracy = 0.482396
Tree trained in epoch = 2 Accuracy = 0.45449
Tree trained in epoch = 3 Accuracy = 0.443372
Tree trained in epoch = 4 Accuracy = 0.453153
Tree trained in epoch = 5 Accuracy = 0.510812
Tree trained in epoch = 6 Accuracy = 0.486348
Tree trained in epoch = 7 Accuracy = 0.52127
Tree trained in epoch = 8 Accuracy = 0.516032
Tree trained in epoch = 9 Accuracy = 0.483336
Tree trained in epoch = 10 Accuracy = 0.468053
Tree trained in epoch = 11 Accuracy = 0.478793
Tree trained in epoch = 12 Accuracy = 0.485327
Tree trained in epoch = 13 Accuracy = 0.492923
Tree trained in epoch = 14 Accuracy = 0.502711
Tree trained in epoch = 15 Accuracy = 0.517662
Tree trained in epoch = 16 Accuracy = 0.495075
Tree trained in epoch = 17 Accuracy = 0.52111
Tree trained in epoch = 18 Accuracy = 0.487955
Tree trained in epoch = 19 Accuracy = 0.52341
Tree trained in epoch = 20 Accuracy = 0.510255
Tree trained in epoch = 21 Accuracy = 0.525459
Accuracy Ensabmle = 0.676615 for the test dataset  in 100 epochs
Accuracy Ensabmle = 0.732194 for the train dataset  in 100 epochs
Risultati scritti con successo nel file: ../res/risultati_adaboost-mpi_strong_3_prest.txt per il valore 100
