-- The C compiler identification is GNU 9.4.0
-- The CXX compiler identification is GNU 9.4.0
-- Detecting C compiler ABI info
-- Detecting C compiler ABI info - done
-- Check for working C compiler: /beegfs/home/echiavazza/spack/opt/spack/linux-ubuntu20.04-cascadelake/gcc-9.4.0/openmpi-5.0.3-ocjjgvvgpy4ulxfz3damtdseryljeeuh/bin/mpicc - skipped
-- Detecting C compile features
-- Detecting C compile features - done
-- Detecting CXX compiler ABI info
-- Detecting CXX compiler ABI info - done
-- Check for working CXX compiler: /beegfs/home/echiavazza/spack/opt/spack/linux-ubuntu20.04-cascadelake/gcc-9.4.0/openmpi-5.0.3-ocjjgvvgpy4ulxfz3damtdseryljeeuh/bin/mpicxx - skipped
-- Detecting CXX compile features
-- Detecting CXX compile features - done
-- Found MPI_C: mpicc (found version "3.1") 
-- Found MPI_CXX: mpicxx (found version "3.1") 
-- Found MPI: TRUE (found version "3.1")  
-- Found PkgConfig: /usr/bin/pkg-config (found version "0.29.1") 
-- Checking for module 'mlpack'
--   Found mlpack, version 4.2.0
-- Configuring done (9.8s)
-- Generating done (0.2s)
-- Build files have been written to: /beegfs/home/echiavazza/unito-scpd/adaboost-mpi/build
[ 25%] Building CXX object CMakeFiles/communication_lib.dir/src/communication_lib/libcomm.cpp.o
[ 25%] Building CXX object CMakeFiles/data_lib.dir/src/data_lib/datalib.cpp.o
[ 37%] Linking CXX static library /beegfs/home/echiavazza/unito-scpd/adaboost-mpi/obj/libdata_lib.a
[ 50%] Linking CXX static library /beegfs/home/echiavazza/unito-scpd/adaboost-mpi/obj/libcommunication_lib.a
[ 50%] Built target data_lib
[ 50%] Built target communication_lib
[ 87%] Building CXX object CMakeFiles/adaboost-mpi.dir/src/data_lib/datalib.cpp.o
[ 87%] Building CXX object CMakeFiles/adaboost-mpi.dir/src/communication_lib/libcomm.cpp.o
[ 87%] Building CXX object CMakeFiles/adaboost-mpi.dir/src/main.cpp.o
[100%] Linking CXX executable /beegfs/home/echiavazza/unito-scpd/adaboost-mpi/bin/adaboost-mpi
[100%] Built target adaboost-mpi
MASTER: Uploads and distributes data among 35 clients 
MASTER: Epoch 0 end with average total error = 0.281483 and alpha = 2.72888
MASTER: Epoch 1 end with average total error = 0.415812 and alpha = 2.13175
MASTER: Epoch 2 end with average total error = 0.495603 and alpha = 1.80935
MASTER: Epoch 3 end with average total error = 0.513555 and alpha = 1.73753
MASTER: Epoch 4 end with average total error = 0.557496 and alpha = 1.56075
MASTER: Calculates the accuracy of the ensamble and its trees 
Ensabmle learning size = 5
Tree trained in epoch = 0 Accuracy = 0.682048
Tree trained in epoch = 1 Accuracy = 0.440646
Tree trained in epoch = 2 Accuracy = 0.50002
Tree trained in epoch = 3 Accuracy = 0.555957
Tree trained in epoch = 4 Accuracy = 0.549176
Accuracy Ensabmle = 0.673241 for the test dataset  in 5 epochs
Accuracy Ensabmle = 0.729035 for the train dataset  in 5 epochs
