-- The C compiler identification is GNU 9.4.0
-- The CXX compiler identification is GNU 9.4.0
-- Detecting C compiler ABI info
-- Detecting C compiler ABI info - done
-- Check for working C compiler: /beegfs/home/echiavazza/spack/opt/spack/linux-ubuntu20.04-cascadelake/gcc-9.4.0/openmpi-5.0.3-ocjjgvvgpy4ulxfz3damtdseryljeeuh/bin/mpicc - skipped
-- Detecting C compile features
-- Detecting C compile features - done
-- Detecting CXX compiler ABI info
-- Detecting CXX compiler ABI info - done
-- Check for working CXX compiler: /beegfs/home/echiavazza/spack/opt/spack/linux-ubuntu20.04-cascadelake/gcc-9.4.0/openmpi-5.0.3-ocjjgvvgpy4ulxfz3damtdseryljeeuh/bin/mpicxx - skipped
-- Detecting CXX compile features
-- Detecting CXX compile features - done
-- Found MPI_C: mpicc (found version "3.1") 
-- Found MPI_CXX: mpicxx (found version "3.1") 
-- Found MPI: TRUE (found version "3.1")  
-- Found PkgConfig: /usr/bin/pkg-config (found version "0.29.1") 
-- Checking for module 'mlpack'
--   Found mlpack, version 4.2.0
-- Configuring done (8.3s)
-- Generating done (0.1s)
-- Build files have been written to: /beegfs/home/echiavazza/unito-scpd/adaboost-mpi/build
[ 25%] Building CXX object CMakeFiles/communication_lib.dir/src/communication_lib/libcomm.cpp.o
[ 25%] Building CXX object CMakeFiles/data_lib.dir/src/data_lib/datalib.cpp.o
[ 37%] Linking CXX static library /beegfs/home/echiavazza/unito-scpd/adaboost-mpi/obj/libdata_lib.a
[ 50%] Linking CXX static library /beegfs/home/echiavazza/unito-scpd/adaboost-mpi/obj/libcommunication_lib.a
[ 50%] Built target data_lib
[ 50%] Built target communication_lib
[ 87%] Building CXX object CMakeFiles/adaboost-mpi.dir/src/main.cpp.o
[ 87%] Building CXX object CMakeFiles/adaboost-mpi.dir/src/data_lib/datalib.cpp.o
[ 87%] Building CXX object CMakeFiles/adaboost-mpi.dir/src/communication_lib/libcomm.cpp.o
[100%] Linking CXX executable /beegfs/home/echiavazza/unito-scpd/adaboost-mpi/bin/adaboost-mpi
[100%] Built target adaboost-mpi
MASTER: Uploads and distributes data among 251 clients 
MASTER:added tree 
MASTER: Epoch 0 end with average total error = 0.363678 and alpha = 2.3512
MASTER:added tree 
MASTER: Epoch 1 end with average total error = 0.48104 and alpha = 1.86764
MASTER:added tree 
MASTER: Epoch 2 end with average total error = 0.540627 and alpha = 1.62889
MASTER:added tree 
MASTER: Epoch 3 end with average total error = 0.57737 and alpha = 1.47977
MASTER:added tree 
MASTER: Epoch 4 end with average total error = 0.583613 and alpha = 1.45413
MASTER: Calculates the accuracy of the ensamble and its trees 
Ensabmle learning size = 5
Tree trained in epoch = 0 Accuracy = 0.634177
Tree trained in epoch = 1 Accuracy = 0.429448
Tree trained in epoch = 2 Accuracy = 0.447571
Tree trained in epoch = 3 Accuracy = 0.437411
Tree trained in epoch = 4 Accuracy = 0.497427
Accuracy Ensabmle = 0.606714 for the test dataset  in 5 epochs
Accuracy Ensabmle = 0.63199 for the train dataset  in 5 epochs
Risultati scritti con successo nel file: ../res/risultati_adaboost-mpi_strong_7_prest.txt per il valore 5
MASTER:added tree 
MASTER: Epoch 0 end with average total error = 0.363678 and alpha = 2.3512
MASTER:added tree 
MASTER: Epoch 1 end with average total error = 0.48104 and alpha = 1.86764
MASTER:added tree 
MASTER: Epoch 2 end with average total error = 0.540627 and alpha = 1.62889
MASTER:added tree 
MASTER: Epoch 3 end with average total error = 0.57737 and alpha = 1.47977
MASTER:added tree 
MASTER: Epoch 4 end with average total error = 0.583613 and alpha = 1.45413
MASTER:added tree 
MASTER: Epoch 5 end with average total error = 0.641931 and alpha = 1.208
MASTER:added tree 
MASTER: Epoch 6 end with average total error = 0.65496 and alpha = 1.15085
MASTER:added tree 
MASTER: Epoch 7 end with average total error = 0.667583 and alpha = 1.09448
MASTER:added tree 
MASTER: Epoch 8 end with average total error = 0.727862 and alpha = 0.807955
MASTER:added tree 
MASTER: Epoch 9 end with average total error = 0.776493 and alpha = 0.546417
MASTER: Calculates the accuracy of the ensamble and its trees 
Ensabmle learning size = 10
Tree trained in epoch = 0 Accuracy = 0.634177
Tree trained in epoch = 1 Accuracy = 0.429448
Tree trained in epoch = 2 Accuracy = 0.447571
Tree trained in epoch = 3 Accuracy = 0.437411
Tree trained in epoch = 4 Accuracy = 0.497427
Tree trained in epoch = 5 Accuracy = 0.453044
Tree trained in epoch = 6 Accuracy = 0.446659
Tree trained in epoch = 7 Accuracy = 0.466928
Tree trained in epoch = 8 Accuracy = 0.48208
Tree trained in epoch = 9 Accuracy = 0.460738
Accuracy Ensabmle = 0.613552 for the test dataset  in 10 epochs
Accuracy Ensabmle = 0.65197 for the train dataset  in 10 epochs
Risultati scritti con successo nel file: ../res/risultati_adaboost-mpi_strong_7_prest.txt per il valore 10
MASTER:added tree 
MASTER: Epoch 0 end with average total error = 0.363678 and alpha = 2.3512
MASTER:added tree 
MASTER: Epoch 1 end with average total error = 0.48104 and alpha = 1.86764
MASTER:added tree 
MASTER: Epoch 2 end with average total error = 0.540627 and alpha = 1.62889
MASTER:added tree 
MASTER: Epoch 3 end with average total error = 0.57737 and alpha = 1.47977
MASTER:added tree 
MASTER: Epoch 4 end with average total error = 0.583613 and alpha = 1.45413
MASTER:added tree 
MASTER: Epoch 5 end with average total error = 0.641931 and alpha = 1.208
MASTER:added tree 
MASTER: Epoch 6 end with average total error = 0.65496 and alpha = 1.15085
MASTER:added tree 
MASTER: Epoch 7 end with average total error = 0.667583 and alpha = 1.09448
MASTER:added tree 
MASTER: Epoch 8 end with average total error = 0.727862 and alpha = 0.807955
MASTER:added tree 
MASTER: Epoch 9 end with average total error = 0.776493 and alpha = 0.546417
MASTER:added tree 
MASTER: Epoch 10 end with average total error = 0.751279 and alpha = 0.686313
MASTER:added tree 
MASTER: Epoch 11 end with average total error = 0.779227 and alpha = 0.53059
MASTER:added tree 
MASTER: Epoch 12 end with average total error = 0.779346 and alpha = 0.529899
MASTER:added tree 
MASTER: Epoch 13 end with average total error = 0.800119 and alpha = 0.404721
MASTER:added tree 
MASTER: Epoch 14 end with average total error = 0.798617 and alpha = 0.414084
MASTER:added tree 
MASTER: Epoch 15 end with average total error = 0.793139 and alpha = 0.44781
MASTER:added tree 
MASTER: Epoch 16 end with average total error = 0.835055 and alpha = 0.169876
MASTER:added tree 
MASTER: Epoch 17 end with average total error = 0.815092 and alpha = 0.308316
MASTER: Epoch 18 end with average total error = 0.856706 and alpha = 0.00356551
MASTER:added tree 
MASTER: Epoch 19 end with average total error = 0.826615 and alpha = 0.229933
MASTER: Calculates the accuracy of the ensamble and its trees 
Ensabmle learning size = 19
Tree trained in epoch = 0 Accuracy = 0.634177
Tree trained in epoch = 1 Accuracy = 0.429448
Tree trained in epoch = 2 Accuracy = 0.447571
Tree trained in epoch = 3 Accuracy = 0.437411
Tree trained in epoch = 4 Accuracy = 0.497427
Tree trained in epoch = 5 Accuracy = 0.453044
Tree trained in epoch = 6 Accuracy = 0.446659
Tree trained in epoch = 7 Accuracy = 0.466928
Tree trained in epoch = 8 Accuracy = 0.48208
Tree trained in epoch = 9 Accuracy = 0.460738
Tree trained in epoch = 10 Accuracy = 0.479206
Tree trained in epoch = 11 Accuracy = 0.476785
Tree trained in epoch = 12 Accuracy = 0.449453
Tree trained in epoch = 13 Accuracy = 0.440566
Tree trained in epoch = 14 Accuracy = 0.480359
Tree trained in epoch = 15 Accuracy = 0.496492
Tree trained in epoch = 16 Accuracy = 0.45741
Tree trained in epoch = 17 Accuracy = 0.466337
Tree trained in epoch = 18 Accuracy = 0.472304
Accuracy Ensabmle = 0.628767 for the test dataset  in 20 epochs
Accuracy Ensabmle = 0.664797 for the train dataset  in 20 epochs
Risultati scritti con successo nel file: ../res/risultati_adaboost-mpi_strong_7_prest.txt per il valore 20
MASTER:added tree 
MASTER: Epoch 0 end with average total error = 0.363678 and alpha = 2.3512
MASTER:added tree 
MASTER: Epoch 1 end with average total error = 0.48104 and alpha = 1.86764
MASTER:added tree 
MASTER: Epoch 2 end with average total error = 0.540627 and alpha = 1.62889
MASTER:added tree 
MASTER: Epoch 3 end with average total error = 0.57737 and alpha = 1.47977
MASTER:added tree 
MASTER: Epoch 4 end with average total error = 0.583613 and alpha = 1.45413
MASTER:added tree 
MASTER: Epoch 5 end with average total error = 0.641931 and alpha = 1.208
MASTER:added tree 
MASTER: Epoch 6 end with average total error = 0.65496 and alpha = 1.15085
MASTER:added tree 
MASTER: Epoch 7 end with average total error = 0.667583 and alpha = 1.09448
MASTER:added tree 
MASTER: Epoch 8 end with average total error = 0.727862 and alpha = 0.807955
MASTER:added tree 
MASTER: Epoch 9 end with average total error = 0.776493 and alpha = 0.546417
MASTER:added tree 
MASTER: Epoch 10 end with average total error = 0.751279 and alpha = 0.686313
MASTER:added tree 
MASTER: Epoch 11 end with average total error = 0.779227 and alpha = 0.53059
MASTER:added tree 
MASTER: Epoch 12 end with average total error = 0.779346 and alpha = 0.529899
MASTER:added tree 
MASTER: Epoch 13 end with average total error = 0.800119 and alpha = 0.404721
MASTER:added tree 
MASTER: Epoch 14 end with average total error = 0.798617 and alpha = 0.414084
MASTER:added tree 
MASTER: Epoch 15 end with average total error = 0.793139 and alpha = 0.44781
MASTER:added tree 
MASTER: Epoch 16 end with average total error = 0.835055 and alpha = 0.169876
MASTER:added tree 
MASTER: Epoch 17 end with average total error = 0.815092 and alpha = 0.308316
MASTER: Epoch 18 end with average total error = 0.856706 and alpha = 0.00356551
MASTER:added tree 
MASTER: Epoch 19 end with average total error = 0.826615 and alpha = 0.229933
MASTER:added tree 
MASTER: Epoch 20 end with average total error = 0.855027 and alpha = 0.0171729
MASTER: Epoch 21 end with average total error = 0.862535 and alpha = -0.0447477
MASTER: Epoch 22 end with average total error = 0.857249 and alpha = -0.00086459
MASTER: Epoch 23 end with average total error = 0.857145 and alpha = -1.68755e-05
MASTER: Epoch 24 end with average total error = 0.857143 and alpha = -3.29449e-07
MASTER: Epoch 25 end with average total error = 0.857143 and alpha = -6.43164e-09
MASTER: Epoch 26 end with average total error = 0.857143 and alpha = -1.2556e-10
MASTER: Epoch 27 end with average total error = 0.857143 and alpha = -2.44871e-12
MASTER: Epoch 28 end with average total error = 0.857143 and alpha = -4.95159e-14
MASTER: Epoch 29 end with average total error = 0.857143 and alpha = -6.66134e-16
MASTER: Calculates the accuracy of the ensamble and its trees 
Ensabmle learning size = 20
Tree trained in epoch = 0 Accuracy = 0.634177
Tree trained in epoch = 1 Accuracy = 0.429448
Tree trained in epoch = 2 Accuracy = 0.447571
Tree trained in epoch = 3 Accuracy = 0.437411
Tree trained in epoch = 4 Accuracy = 0.497427
Tree trained in epoch = 5 Accuracy = 0.453044
Tree trained in epoch = 6 Accuracy = 0.446659
Tree trained in epoch = 7 Accuracy = 0.466928
Tree trained in epoch = 8 Accuracy = 0.48208
Tree trained in epoch = 9 Accuracy = 0.460738
Tree trained in epoch = 10 Accuracy = 0.479206
Tree trained in epoch = 11 Accuracy = 0.476785
Tree trained in epoch = 12 Accuracy = 0.449453
Tree trained in epoch = 13 Accuracy = 0.440566
Tree trained in epoch = 14 Accuracy = 0.480359
Tree trained in epoch = 15 Accuracy = 0.496492
Tree trained in epoch = 16 Accuracy = 0.45741
Tree trained in epoch = 17 Accuracy = 0.466337
Tree trained in epoch = 18 Accuracy = 0.472304
Tree trained in epoch = 19 Accuracy = 0.466125
Accuracy Ensabmle = 0.628991 for the test dataset  in 30 epochs
Accuracy Ensabmle = 0.664883 for the train dataset  in 30 epochs
Risultati scritti con successo nel file: ../res/risultati_adaboost-mpi_strong_7_prest.txt per il valore 30
MASTER:added tree 
MASTER: Epoch 0 end with average total error = 0.363678 and alpha = 2.3512
MASTER:added tree 
MASTER: Epoch 1 end with average total error = 0.48104 and alpha = 1.86764
MASTER:added tree 
MASTER: Epoch 2 end with average total error = 0.540627 and alpha = 1.62889
MASTER:added tree 
MASTER: Epoch 3 end with average total error = 0.57737 and alpha = 1.47977
MASTER:added tree 
MASTER: Epoch 4 end with average total error = 0.583613 and alpha = 1.45413
MASTER:added tree 
MASTER: Epoch 5 end with average total error = 0.641931 and alpha = 1.208
MASTER:added tree 
MASTER: Epoch 6 end with average total error = 0.65496 and alpha = 1.15085
MASTER:added tree 
MASTER: Epoch 7 end with average total error = 0.667583 and alpha = 1.09448
MASTER:added tree 
MASTER: Epoch 8 end with average total error = 0.727862 and alpha = 0.807955
MASTER:added tree 
MASTER: Epoch 9 end with average total error = 0.776493 and alpha = 0.546417
MASTER:added tree 
MASTER: Epoch 10 end with average total error = 0.751279 and alpha = 0.686313
MASTER:added tree 
MASTER: Epoch 11 end with average total error = 0.779227 and alpha = 0.53059
MASTER:added tree 
MASTER: Epoch 12 end with average total error = 0.779346 and alpha = 0.529899
MASTER:added tree 
MASTER: Epoch 13 end with average total error = 0.800119 and alpha = 0.404721
MASTER:added tree 
MASTER: Epoch 14 end with average total error = 0.798617 and alpha = 0.414084
MASTER:added tree 
MASTER: Epoch 15 end with average total error = 0.793139 and alpha = 0.44781
MASTER:added tree 
MASTER: Epoch 16 end with average total error = 0.835055 and alpha = 0.169876
MASTER:added tree 
MASTER: Epoch 17 end with average total error = 0.815092 and alpha = 0.308316
MASTER: Epoch 18 end with average total error = 0.856706 and alpha = 0.00356551
MASTER:added tree 
MASTER: Epoch 19 end with average total error = 0.826615 and alpha = 0.229933
MASTER:added tree 
MASTER: Epoch 20 end with average total error = 0.855027 and alpha = 0.0171729
MASTER: Epoch 21 end with average total error = 0.862535 and alpha = -0.0447477
MASTER: Epoch 22 end with average total error = 0.857249 and alpha = -0.00086459
MASTER: Epoch 23 end with average total error = 0.857145 and alpha = -1.68755e-05
MASTER: Epoch 24 end with average total error = 0.857143 and alpha = -3.29449e-07
MASTER: Epoch 25 end with average total error = 0.857143 and alpha = -6.43164e-09
MASTER: Epoch 26 end with average total error = 0.857143 and alpha = -1.2556e-10
MASTER: Epoch 27 end with average total error = 0.857143 and alpha = -2.44871e-12
MASTER: Epoch 28 end with average total error = 0.857143 and alpha = -4.95159e-14
MASTER: Epoch 29 end with average total error = 0.857143 and alpha = -6.66134e-16
MASTER: Epoch 30 end with average total error = 0.857143 and alpha = 1.33227e-15
MASTER: Epoch 31 end with average total error = 0.857143 and alpha = -6.66134e-16
MASTER: Epoch 32 end with average total error = 0.857143 and alpha = 4.44089e-16
MASTER: Epoch 33 end with average total error = 0.857143 and alpha = 4.44089e-16
MASTER: Epoch 34 end with average total error = 0.857143 and alpha = -6.66134e-16
MASTER: Epoch 35 end with average total error = 0.857143 and alpha = 4.44089e-16
MASTER: Epoch 36 end with average total error = 0.857143 and alpha = -6.66134e-16
MASTER: Epoch 37 end with average total error = 0.857143 and alpha = 4.44089e-16
MASTER: Epoch 38 end with average total error = 0.857143 and alpha = 4.44089e-16
MASTER: Epoch 39 end with average total error = 0.857143 and alpha = -6.66134e-16
MASTER: Calculates the accuracy of the ensamble and its trees 
Ensabmle learning size = 20
Tree trained in epoch = 0 Accuracy = 0.634177
Tree trained in epoch = 1 Accuracy = 0.429448
Tree trained in epoch = 2 Accuracy = 0.447571
Tree trained in epoch = 3 Accuracy = 0.437411
Tree trained in epoch = 4 Accuracy = 0.497427
Tree trained in epoch = 5 Accuracy = 0.453044
Tree trained in epoch = 6 Accuracy = 0.446659
Tree trained in epoch = 7 Accuracy = 0.466928
Tree trained in epoch = 8 Accuracy = 0.48208
Tree trained in epoch = 9 Accuracy = 0.460738
Tree trained in epoch = 10 Accuracy = 0.479206
Tree trained in epoch = 11 Accuracy = 0.476785
Tree trained in epoch = 12 Accuracy = 0.449453
Tree trained in epoch = 13 Accuracy = 0.440566
Tree trained in epoch = 14 Accuracy = 0.480359
Tree trained in epoch = 15 Accuracy = 0.496492
Tree trained in epoch = 16 Accuracy = 0.45741
Tree trained in epoch = 17 Accuracy = 0.466337
Tree trained in epoch = 18 Accuracy = 0.472304
Tree trained in epoch = 19 Accuracy = 0.466125
Accuracy Ensabmle = 0.628991 for the test dataset  in 40 epochs
Accuracy Ensabmle = 0.664883 for the train dataset  in 40 epochs
Risultati scritti con successo nel file: ../res/risultati_adaboost-mpi_strong_7_prest.txt per il valore 40
MASTER:added tree 
MASTER: Epoch 0 end with average total error = 0.363678 and alpha = 2.3512
MASTER:added tree 
MASTER: Epoch 1 end with average total error = 0.48104 and alpha = 1.86764
MASTER:added tree 
MASTER: Epoch 2 end with average total error = 0.540627 and alpha = 1.62889
MASTER:added tree 
MASTER: Epoch 3 end with average total error = 0.57737 and alpha = 1.47977
MASTER:added tree 
MASTER: Epoch 4 end with average total error = 0.583613 and alpha = 1.45413
MASTER:added tree 
MASTER: Epoch 5 end with average total error = 0.641931 and alpha = 1.208
MASTER:added tree 
MASTER: Epoch 6 end with average total error = 0.65496 and alpha = 1.15085
MASTER:added tree 
MASTER: Epoch 7 end with average total error = 0.667583 and alpha = 1.09448
MASTER:added tree 
MASTER: Epoch 8 end with average total error = 0.727862 and alpha = 0.807955
MASTER:added tree 
MASTER: Epoch 9 end with average total error = 0.776493 and alpha = 0.546417
MASTER:added tree 
MASTER: Epoch 10 end with average total error = 0.751279 and alpha = 0.686313
MASTER:added tree 
MASTER: Epoch 11 end with average total error = 0.779227 and alpha = 0.53059
MASTER:added tree 
MASTER: Epoch 12 end with average total error = 0.779346 and alpha = 0.529899
MASTER:added tree 
MASTER: Epoch 13 end with average total error = 0.800119 and alpha = 0.404721
MASTER:added tree 
MASTER: Epoch 14 end with average total error = 0.798617 and alpha = 0.414084
MASTER:added tree 
MASTER: Epoch 15 end with average total error = 0.793139 and alpha = 0.44781
MASTER:added tree 
MASTER: Epoch 16 end with average total error = 0.835055 and alpha = 0.169876
MASTER:added tree 
MASTER: Epoch 17 end with average total error = 0.815092 and alpha = 0.308316
MASTER: Epoch 18 end with average total error = 0.856706 and alpha = 0.00356551
MASTER:added tree 
MASTER: Epoch 19 end with average total error = 0.826615 and alpha = 0.229933
MASTER:added tree 
MASTER: Epoch 20 end with average total error = 0.855027 and alpha = 0.0171729
MASTER: Epoch 21 end with average total error = 0.862535 and alpha = -0.0447477
MASTER: Epoch 22 end with average total error = 0.857249 and alpha = -0.00086459
MASTER: Epoch 23 end with average total error = 0.857145 and alpha = -1.68755e-05
MASTER: Epoch 24 end with average total error = 0.857143 and alpha = -3.29449e-07
MASTER: Epoch 25 end with average total error = 0.857143 and alpha = -6.43164e-09
MASTER: Epoch 26 end with average total error = 0.857143 and alpha = -1.2556e-10
MASTER: Epoch 27 end with average total error = 0.857143 and alpha = -2.44871e-12
MASTER: Epoch 28 end with average total error = 0.857143 and alpha = -4.95159e-14
MASTER: Epoch 29 end with average total error = 0.857143 and alpha = -6.66134e-16
MASTER: Epoch 30 end with average total error = 0.857143 and alpha = 1.33227e-15
MASTER: Epoch 31 end with average total error = 0.857143 and alpha = -6.66134e-16
MASTER: Epoch 32 end with average total error = 0.857143 and alpha = 4.44089e-16
MASTER: Epoch 33 end with average total error = 0.857143 and alpha = 4.44089e-16
MASTER: Epoch 34 end with average total error = 0.857143 and alpha = -6.66134e-16
MASTER: Epoch 35 end with average total error = 0.857143 and alpha = 4.44089e-16
MASTER: Epoch 36 end with average total error = 0.857143 and alpha = -6.66134e-16
MASTER: Epoch 37 end with average total error = 0.857143 and alpha = 4.44089e-16
MASTER: Epoch 38 end with average total error = 0.857143 and alpha = 4.44089e-16
MASTER: Epoch 39 end with average total error = 0.857143 and alpha = -6.66134e-16
MASTER: Epoch 40 end with average total error = 0.857143 and alpha = -6.66134e-16
MASTER: Epoch 41 end with average total error = 0.857143 and alpha = 4.44089e-16
MASTER: Epoch 42 end with average total error = 0.857143 and alpha = 4.44089e-16
MASTER: Epoch 43 end with average total error = 0.857143 and alpha = 4.44089e-16
MASTER: Epoch 44 end with average total error = 0.857143 and alpha = -6.66134e-16
MASTER: Epoch 45 end with average total error = 0.857143 and alpha = -6.66134e-16
MASTER: Epoch 46 end with average total error = 0.857143 and alpha = 4.44089e-16
MASTER: Epoch 47 end with average total error = 0.857143 and alpha = 4.44089e-16
MASTER: Epoch 48 end with average total error = 0.857143 and alpha = -6.66134e-16
MASTER: Epoch 49 end with average total error = 0.857143 and alpha = -6.66134e-16
MASTER: Calculates the accuracy of the ensamble and its trees 
Ensabmle learning size = 20
Tree trained in epoch = 0 Accuracy = 0.634177
Tree trained in epoch = 1 Accuracy = 0.429448
Tree trained in epoch = 2 Accuracy = 0.447571
Tree trained in epoch = 3 Accuracy = 0.437411
Tree trained in epoch = 4 Accuracy = 0.497427
Tree trained in epoch = 5 Accuracy = 0.453044
Tree trained in epoch = 6 Accuracy = 0.446659
Tree trained in epoch = 7 Accuracy = 0.466928
Tree trained in epoch = 8 Accuracy = 0.48208
Tree trained in epoch = 9 Accuracy = 0.460738
Tree trained in epoch = 10 Accuracy = 0.479206
Tree trained in epoch = 11 Accuracy = 0.476785
Tree trained in epoch = 12 Accuracy = 0.449453
Tree trained in epoch = 13 Accuracy = 0.440566
Tree trained in epoch = 14 Accuracy = 0.480359
Tree trained in epoch = 15 Accuracy = 0.496492
Tree trained in epoch = 16 Accuracy = 0.45741
Tree trained in epoch = 17 Accuracy = 0.466337
Tree trained in epoch = 18 Accuracy = 0.472304
Tree trained in epoch = 19 Accuracy = 0.466125
Accuracy Ensabmle = 0.628991 for the test dataset  in 50 epochs
Accuracy Ensabmle = 0.664883 for the train dataset  in 50 epochs
Risultati scritti con successo nel file: ../res/risultati_adaboost-mpi_strong_7_prest.txt per il valore 50
MASTER:added tree 
MASTER: Epoch 0 end with average total error = 0.363678 and alpha = 2.3512
MASTER:added tree 
MASTER: Epoch 1 end with average total error = 0.48104 and alpha = 1.86764
MASTER:added tree 
MASTER: Epoch 2 end with average total error = 0.540627 and alpha = 1.62889
MASTER:added tree 
MASTER: Epoch 3 end with average total error = 0.57737 and alpha = 1.47977
MASTER:added tree 
MASTER: Epoch 4 end with average total error = 0.583613 and alpha = 1.45413
MASTER:added tree 
MASTER: Epoch 5 end with average total error = 0.641931 and alpha = 1.208
MASTER:added tree 
MASTER: Epoch 6 end with average total error = 0.65496 and alpha = 1.15085
MASTER:added tree 
MASTER: Epoch 7 end with average total error = 0.667583 and alpha = 1.09448
MASTER:added tree 
MASTER: Epoch 8 end with average total error = 0.727862 and alpha = 0.807955
MASTER:added tree 
MASTER: Epoch 9 end with average total error = 0.776493 and alpha = 0.546417
MASTER:added tree 
MASTER: Epoch 10 end with average total error = 0.751279 and alpha = 0.686313
MASTER:added tree 
MASTER: Epoch 11 end with average total error = 0.779227 and alpha = 0.53059
MASTER:added tree 
MASTER: Epoch 12 end with average total error = 0.779346 and alpha = 0.529899
MASTER:added tree 
MASTER: Epoch 13 end with average total error = 0.800119 and alpha = 0.404721
MASTER:added tree 
MASTER: Epoch 14 end with average total error = 0.798617 and alpha = 0.414084
MASTER:added tree 
MASTER: Epoch 15 end with average total error = 0.793139 and alpha = 0.44781
MASTER:added tree 
MASTER: Epoch 16 end with average total error = 0.835055 and alpha = 0.169876
MASTER:added tree 
MASTER: Epoch 17 end with average total error = 0.815092 and alpha = 0.308316
MASTER: Epoch 18 end with average total error = 0.856706 and alpha = 0.00356551
MASTER:added tree 
MASTER: Epoch 19 end with average total error = 0.826615 and alpha = 0.229933
MASTER:added tree 
MASTER: Epoch 20 end with average total error = 0.855027 and alpha = 0.0171729
MASTER: Epoch 21 end with average total error = 0.862535 and alpha = -0.0447477
MASTER: Epoch 22 end with average total error = 0.857249 and alpha = -0.00086459
MASTER: Epoch 23 end with average total error = 0.857145 and alpha = -1.68755e-05
MASTER: Epoch 24 end with average total error = 0.857143 and alpha = -3.29449e-07
MASTER: Epoch 25 end with average total error = 0.857143 and alpha = -6.43164e-09
MASTER: Epoch 26 end with average total error = 0.857143 and alpha = -1.2556e-10
MASTER: Epoch 27 end with average total error = 0.857143 and alpha = -2.44871e-12
MASTER: Epoch 28 end with average total error = 0.857143 and alpha = -4.95159e-14
MASTER: Epoch 29 end with average total error = 0.857143 and alpha = -6.66134e-16
MASTER: Epoch 30 end with average total error = 0.857143 and alpha = 1.33227e-15
MASTER: Epoch 31 end with average total error = 0.857143 and alpha = -6.66134e-16
MASTER: Epoch 32 end with average total error = 0.857143 and alpha = 4.44089e-16
MASTER: Epoch 33 end with average total error = 0.857143 and alpha = 4.44089e-16
MASTER: Epoch 34 end with average total error = 0.857143 and alpha = -6.66134e-16
MASTER: Epoch 35 end with average total error = 0.857143 and alpha = 4.44089e-16
MASTER: Epoch 36 end with average total error = 0.857143 and alpha = -6.66134e-16
MASTER: Epoch 37 end with average total error = 0.857143 and alpha = 4.44089e-16
MASTER: Epoch 38 end with average total error = 0.857143 and alpha = 4.44089e-16
MASTER: Epoch 39 end with average total error = 0.857143 and alpha = -6.66134e-16
MASTER: Epoch 40 end with average total error = 0.857143 and alpha = -6.66134e-16
MASTER: Epoch 41 end with average total error = 0.857143 and alpha = 4.44089e-16
MASTER: Epoch 42 end with average total error = 0.857143 and alpha = 4.44089e-16
MASTER: Epoch 43 end with average total error = 0.857143 and alpha = 4.44089e-16
MASTER: Epoch 44 end with average total error = 0.857143 and alpha = -6.66134e-16
MASTER: Epoch 45 end with average total error = 0.857143 and alpha = -6.66134e-16
MASTER: Epoch 46 end with average total error = 0.857143 and alpha = 4.44089e-16
MASTER: Epoch 47 end with average total error = 0.857143 and alpha = 4.44089e-16
MASTER: Epoch 48 end with average total error = 0.857143 and alpha = -6.66134e-16
MASTER: Epoch 49 end with average total error = 0.857143 and alpha = -6.66134e-16
MASTER: Epoch 50 end with average total error = 0.857143 and alpha = 4.44089e-16
MASTER: Epoch 51 end with average total error = 0.857143 and alpha = 4.44089e-16
MASTER: Epoch 52 end with average total error = 0.857143 and alpha = 4.44089e-16
MASTER: Epoch 53 end with average total error = 0.857143 and alpha = 4.44089e-16
MASTER: Epoch 54 end with average total error = 0.857143 and alpha = 4.44089e-16
MASTER: Epoch 55 end with average total error = 0.857143 and alpha = -6.66134e-16
MASTER: Epoch 56 end with average total error = 0.857143 and alpha = -6.66134e-16
MASTER: Epoch 57 end with average total error = 0.857143 and alpha = 4.44089e-16
MASTER: Epoch 58 end with average total error = 0.857143 and alpha = 4.44089e-16
MASTER: Epoch 59 end with average total error = 0.857143 and alpha = -6.66134e-16
MASTER: Epoch 60 end with average total error = 0.857143 and alpha = 1.33227e-15
MASTER: Epoch 61 end with average total error = 0.857143 and alpha = -6.66134e-16
MASTER: Epoch 62 end with average total error = 0.857143 and alpha = -6.66134e-16
MASTER: Epoch 63 end with average total error = 0.857143 and alpha = 1.33227e-15
MASTER: Epoch 64 end with average total error = 0.857143 and alpha = -1.33227e-15
MASTER: Epoch 65 end with average total error = 0.857143 and alpha = 4.44089e-16
MASTER: Epoch 66 end with average total error = 0.857143 and alpha = 1.33227e-15
MASTER: Epoch 67 end with average total error = 0.857143 and alpha = -1.33227e-15
MASTER: Epoch 68 end with average total error = 0.857143 and alpha = -6.66134e-16
MASTER: Epoch 69 end with average total error = 0.857143 and alpha = 4.44089e-16
MASTER: Epoch 70 end with average total error = 0.857143 and alpha = -6.66134e-16
MASTER: Epoch 71 end with average total error = 0.857143 and alpha = -6.66134e-16
MASTER: Epoch 72 end with average total error = 0.857143 and alpha = 1.33227e-15
MASTER: Epoch 73 end with average total error = 0.857143 and alpha = -6.66134e-16
MASTER: Epoch 74 end with average total error = 0.857143 and alpha = 4.44089e-16
MASTER: Epoch 75 end with average total error = 0.857143 and alpha = 1.33227e-15
MASTER: Epoch 76 end with average total error = 0.857143 and alpha = -1.33227e-15
MASTER: Epoch 77 end with average total error = 0.857143 and alpha = -6.66134e-16
MASTER: Epoch 78 end with average total error = 0.857143 and alpha = -6.66134e-16
MASTER: Epoch 79 end with average total error = 0.857143 and alpha = 1.33227e-15
MASTER: Epoch 80 end with average total error = 0.857143 and alpha = 4.44089e-16
MASTER: Epoch 81 end with average total error = 0.857143 and alpha = -6.66134e-16
MASTER: Epoch 82 end with average total error = 0.857143 and alpha = -6.66134e-16
MASTER: Epoch 83 end with average total error = 0.857143 and alpha = 1.33227e-15
MASTER: Epoch 84 end with average total error = 0.857143 and alpha = -6.66134e-16
MASTER: Epoch 85 end with average total error = 0.857143 and alpha = -6.66134e-16
MASTER: Epoch 86 end with average total error = 0.857143 and alpha = 1.33227e-15
MASTER: Epoch 87 end with average total error = 0.857143 and alpha = -6.66134e-16
MASTER: Epoch 88 end with average total error = 0.857143 and alpha = -6.66134e-16
MASTER: Epoch 89 end with average total error = 0.857143 and alpha = -6.66134e-16
MASTER: Epoch 90 end with average total error = 0.857143 and alpha = 1.33227e-15
MASTER: Epoch 91 end with average total error = 0.857143 and alpha = -6.66134e-16
MASTER: Epoch 92 end with average total error = 0.857143 and alpha = -6.66134e-16
MASTER: Epoch 93 end with average total error = 0.857143 and alpha = 1.33227e-15
MASTER: Epoch 94 end with average total error = 0.857143 and alpha = -6.66134e-16
MASTER: Epoch 95 end with average total error = 0.857143 and alpha = 4.44089e-16
MASTER: Epoch 96 end with average total error = 0.857143 and alpha = 4.44089e-16
MASTER: Epoch 97 end with average total error = 0.857143 and alpha = 4.44089e-16
MASTER: Epoch 98 end with average total error = 0.857143 and alpha = -6.66134e-16
MASTER: Epoch 99 end with average total error = 0.857143 and alpha = -6.66134e-16
MASTER: Calculates the accuracy of the ensamble and its trees 
Ensabmle learning size = 20
Tree trained in epoch = 0 Accuracy = 0.634177
Tree trained in epoch = 1 Accuracy = 0.429448
Tree trained in epoch = 2 Accuracy = 0.447571
Tree trained in epoch = 3 Accuracy = 0.437411
Tree trained in epoch = 4 Accuracy = 0.497427
Tree trained in epoch = 5 Accuracy = 0.453044
Tree trained in epoch = 6 Accuracy = 0.446659
Tree trained in epoch = 7 Accuracy = 0.466928
Tree trained in epoch = 8 Accuracy = 0.48208
Tree trained in epoch = 9 Accuracy = 0.460738
Tree trained in epoch = 10 Accuracy = 0.479206
Tree trained in epoch = 11 Accuracy = 0.476785
Tree trained in epoch = 12 Accuracy = 0.449453
Tree trained in epoch = 13 Accuracy = 0.440566
Tree trained in epoch = 14 Accuracy = 0.480359
Tree trained in epoch = 15 Accuracy = 0.496492
Tree trained in epoch = 16 Accuracy = 0.45741
Tree trained in epoch = 17 Accuracy = 0.466337
Tree trained in epoch = 18 Accuracy = 0.472304
Tree trained in epoch = 19 Accuracy = 0.466125
Accuracy Ensabmle = 0.628991 for the test dataset  in 100 epochs
Accuracy Ensabmle = 0.664883 for the train dataset  in 100 epochs
Risultati scritti con successo nel file: ../res/risultati_adaboost-mpi_strong_7_prest.txt per il valore 100
