-- The C compiler identification is GNU 9.4.0
-- The CXX compiler identification is GNU 9.4.0
-- Detecting C compiler ABI info
-- Detecting C compiler ABI info - done
-- Check for working C compiler: /beegfs/home/echiavazza/spack/opt/spack/linux-ubuntu20.04-cascadelake/gcc-9.4.0/openmpi-5.0.3-ocjjgvvgpy4ulxfz3damtdseryljeeuh/bin/mpicc - skipped
-- Detecting C compile features
-- Detecting C compile features - done
-- Detecting CXX compiler ABI info
-- Detecting CXX compiler ABI info - done
-- Check for working CXX compiler: /beegfs/home/echiavazza/spack/opt/spack/linux-ubuntu20.04-cascadelake/gcc-9.4.0/openmpi-5.0.3-ocjjgvvgpy4ulxfz3damtdseryljeeuh/bin/mpicxx - skipped
-- Detecting CXX compile features
-- Detecting CXX compile features - done
-- Found MPI_C: mpicc (found version "3.1") 
-- Found MPI_CXX: mpicxx (found version "3.1") 
-- Found MPI: TRUE (found version "3.1")  
-- Found PkgConfig: /usr/bin/pkg-config (found version "0.29.1") 
-- Checking for module 'mlpack'
--   Found mlpack, version 4.2.0
-- Configuring done (9.6s)
-- Generating done (0.2s)
-- Build files have been written to: /beegfs/home/echiavazza/unito-scpd/adaboost-mpi/build
[ 25%] Building CXX object CMakeFiles/data_lib.dir/src/data_lib/datalib.cpp.o
[ 25%] Building CXX object CMakeFiles/communication_lib.dir/src/communication_lib/libcomm.cpp.o
[ 37%] Linking CXX static library /beegfs/home/echiavazza/unito-scpd/adaboost-mpi/obj/libdata_lib.a
[ 37%] Built target data_lib
[ 50%] Linking CXX static library /beegfs/home/echiavazza/unito-scpd/adaboost-mpi/obj/libcommunication_lib.a
[ 50%] Built target communication_lib
[ 87%] Building CXX object CMakeFiles/adaboost-mpi.dir/src/main.cpp.o
[ 87%] Building CXX object CMakeFiles/adaboost-mpi.dir/src/communication_lib/libcomm.cpp.o
[ 87%] Building CXX object CMakeFiles/adaboost-mpi.dir/src/data_lib/datalib.cpp.o
[100%] Linking CXX executable /beegfs/home/echiavazza/unito-scpd/adaboost-mpi/bin/adaboost-mpi
[100%] Built target adaboost-mpi
MASTER: Uploads and distributes data among 323 clients 
MASTER:added tree 
MASTER: Epoch 0 end with average total error = 0.375348 and alpha = 2.3011
MASTER:added tree 
MASTER: Epoch 1 end with average total error = 0.480396 and alpha = 1.87021
MASTER:added tree 
MASTER: Epoch 2 end with average total error = 0.533513 and alpha = 1.65751
MASTER:added tree 
MASTER: Epoch 3 end with average total error = 0.606536 and alpha = 1.35898
MASTER:added tree 
MASTER: Epoch 4 end with average total error = 0.615893 and alpha = 1.31961
MASTER: Calculates the accuracy of the ensamble and its trees 
Ensabmle learning size = 5
Tree trained in epoch = 0 Accuracy = 0.598722
Tree trained in epoch = 1 Accuracy = 0.426068
Tree trained in epoch = 2 Accuracy = 0.424582
Tree trained in epoch = 3 Accuracy = 0.410928
Tree trained in epoch = 4 Accuracy = 0.417497
Accuracy Ensabmle = 0.555556 for the test dataset  in 5 epochs
Accuracy Ensabmle = 0.591652 for the train dataset  in 5 epochs
Risultati scritti con successo nel file: ../res/risultati_adaboost-mpi_strong_13_prest.txt per il valore 5
MASTER:added tree 
MASTER: Epoch 0 end with average total error = 0.375348 and alpha = 2.3011
MASTER:added tree 
MASTER: Epoch 1 end with average total error = 0.480396 and alpha = 1.87021
MASTER:added tree 
MASTER: Epoch 2 end with average total error = 0.533513 and alpha = 1.65751
MASTER:added tree 
MASTER: Epoch 3 end with average total error = 0.606536 and alpha = 1.35898
MASTER:added tree 
MASTER: Epoch 4 end with average total error = 0.615893 and alpha = 1.31961
MASTER:added tree 
MASTER: Epoch 5 end with average total error = 0.625501 and alpha = 1.2788
MASTER:added tree 
MASTER: Epoch 6 end with average total error = 0.660035 and alpha = 1.12831
MASTER:added tree 
MASTER: Epoch 7 end with average total error = 0.652922 and alpha = 1.15985
MASTER:added tree 
MASTER: Epoch 8 end with average total error = 0.671377 and alpha = 1.07734
MASTER:added tree 
MASTER: Epoch 9 end with average total error = 0.722923 and alpha = 0.83275
MASTER: Calculates the accuracy of the ensamble and its trees 
Ensabmle learning size = 10
