make: Warning: File 'Makefile' has modification time 1.3 s in the future
make[1]: Warning: File 'CMakeFiles/Makefile2' has modification time 1 s in the future
make[2]: Warning: File 'CMakeFiles/communication_lib.dir/build.make' has modification time 1 s in the future
make[2]: Warning: File 'CMakeFiles/data_lib.dir/build.make' has modification time 1 s in the future
make[2]: warning:  Clock skew detected.  Your build may be incomplete.
make[2]: warning:  Clock skew detected.  Your build may be incomplete.
make[2]: Warning: File 'CMakeFiles/data_lib.dir/build.make' has modification time 0.9 s in the future
make[2]: Warning: File 'CMakeFiles/communication_lib.dir/build.make' has modification time 0.9 s in the future
make[2]: warning:  Clock skew detected.  Your build may be incomplete.
make[2]: warning:  Clock skew detected.  Your build may be incomplete.
make[2]: Warning: File '/beegfs/home/echiavazza/unito-scpd/adaboost-mpi/obj/libdata_lib.a' has modification time 0.59 s in the future
/beegfs/home/echiavazza/unito-scpd/adaboost-mpi/src/main.cpp: In function ‘int main(int, char**)’:
/beegfs/home/echiavazza/unito-scpd/adaboost-mpi/src/main.cpp:190:13: error: expected ‘}’ at end of input
  190 |     return 0;
      |             ^
/beegfs/home/echiavazza/unito-scpd/adaboost-mpi/src/main.cpp:9:33: note: to match this ‘{’
    9 | int main(int argc, char** argv) {
      |                                 ^
make[2]: *** [CMakeFiles/adaboost-mpi.dir/build.make:76: CMakeFiles/adaboost-mpi.dir/src/main.cpp.o] Error 1
make[2]: *** Waiting for unfinished jobs....
make[1]: *** [CMakeFiles/Makefile2:140: CMakeFiles/adaboost-mpi.dir/all] Error 2
make: *** [Makefile:91: all] Error 2
terminate called after throwing an instance of 'std::out_of_range'
terminate called after throwing an instance of 'std::out_of_range'
terminate called after throwing an instance of 'std::out_of_range'
  what():  Mat::operator(): index out of bounds
terminate called after throwing an instance of 'std::out_of_range'
  what():  Mat::operator(): index out of bounds
terminate called after throwing an instance of 'std::out_of_range'
terminate called after throwing an instance of 'std::out_of_range'
  what():  Mat::operator(): index out of bounds
[broadwell-047:1526911] *** Process received signal ***
  what():  Mat::operator(): index out of bounds
[broadwell-044:3965526] *** Process received signal ***
  what():  Mat::operator(): index out of bounds
  what():  Mat::operator(): index out of bounds
[broadwell-042:1538952] *** Process received signal ***
[broadwell-047:1526911] Signal: Aborted (6)
[broadwell-047:1526911] Signal code:  (-6)
[broadwell-043:1481947] *** Process received signal ***
[broadwell-044:3965526] Signal: Aborted (6)
[broadwell-044:3965526] Signal code:  (-6)
[broadwell-045:1519065] *** Process received signal ***
[broadwell-049:1491485] *** Process received signal ***
[broadwell-042:1538952] Signal: Aborted (6)
[broadwell-042:1538952] Signal code:  (-6)
[broadwell-047:1526911] [ 0] /lib/x86_64-linux-gnu/libc.so.6(+0x43090)[0x7f2674f8e090]
[broadwell-043:1481947] Signal: Aborted (6)
[broadwell-043:1481947] Signal code:  (-6)
[broadwell-044:3965526] [ 0] /lib/x86_64-linux-gnu/libc.so.6(+0x43090)[0x7f915081b090]
[broadwell-045:1519065] Signal: Aborted (6)
[broadwell-045:1519065] Signal code:  (-6)
[broadwell-049:1491485] Signal: Aborted (6)
[broadwell-049:1491485] Signal code:  (-6)
[broadwell-042:1538952] [ 0] /lib/x86_64-linux-gnu/libc.so.6(+0x43090)[0x7f6a4ab0d090]
[broadwell-047:1526911] [ 1] /lib/x86_64-linux-gnu/libc.so.6(gsignal+0xcb)[0x7f2674f8e00b]
[broadwell-043:1481947] [ 0] /lib/x86_64-linux-gnu/libc.so.6(+0x43090)[0x7f62fb0a4090]
[broadwell-044:3965526] [ 1] /lib/x86_64-linux-gnu/libc.so.6(gsignal+0xcb)[0x7f915081b00b]
[broadwell-045:1519065] [ 0] /lib/x86_64-linux-gnu/libc.so.6(+0x43090)[0x7f1b9d54e090]
[broadwell-049:1491485] [ 0] /lib/x86_64-linux-gnu/libc.so.6(+0x43090)[0x7f0519417090]
[broadwell-042:1538952] [ 1] /lib/x86_64-linux-gnu/libc.so.6(gsignal+0xcb)[0x7f6a4ab0d00b]
[broadwell-047:1526911] [ 2] /lib/x86_64-linux-gnu/libc.so.6(abort+0x12b)[0x7f2674f6d859]
[broadwell-043:1481947] [ 1] /lib/x86_64-linux-gnu/libc.so.6(gsignal+0xcb)[0x7f62fb0a400b]
[broadwell-044:3965526] [ 2] /lib/x86_64-linux-gnu/libc.so.6(abort+0x12b)[0x7f91507fa859]
[broadwell-045:1519065] [ 1] /lib/x86_64-linux-gnu/libc.so.6(gsignal+0xcb)[0x7f1b9d54e00b]
[broadwell-049:1491485] [ 1] /lib/x86_64-linux-gnu/libc.so.6(gsignal+0xcb)[0x7f051941700b]
[broadwell-042:1538952] [ 2] /lib/x86_64-linux-gnu/libc.so.6(abort+0x12b)[0x7f6a4aaec859]
[broadwell-047:1526911] [ 3] /lib/x86_64-linux-gnu/libstdc++.so.6(+0x9e911)[0x7f2675345911]
[broadwell-043:1481947] [ 2] /lib/x86_64-linux-gnu/libc.so.6(abort+0x12b)[0x7f62fb083859]
[broadwell-044:3965526] [ 3] /lib/x86_64-linux-gnu/libstdc++.so.6(+0x9e911)[0x7f9150bd2911]
[broadwell-045:1519065] [ 2] /lib/x86_64-linux-gnu/libc.so.6(abort+0x12b)[0x7f1b9d52d859]
[broadwell-049:1491485] [ 2] /lib/x86_64-linux-gnu/libc.so.6(abort+0x12b)[0x7f05193f6859]
[broadwell-042:1538952] [ 3] /lib/x86_64-linux-gnu/libstdc++.so.6(+0x9e911)[0x7f6a4aec4911]
[broadwell-047:1526911] [ 4] /lib/x86_64-linux-gnu/libstdc++.so.6(+0xaa38c)[0x7f267535138c]
[broadwell-043:1481947] [ 3] /lib/x86_64-linux-gnu/libstdc++.so.6(+0x9e911)[0x7f62fb45b911]
[broadwell-044:3965526] [ 4] /lib/x86_64-linux-gnu/libstdc++.so.6(+0xaa38c)[0x7f9150bde38c]
[broadwell-045:1519065] [ 3] /lib/x86_64-linux-gnu/libstdc++.so.6(+0x9e911)[0x7f1b9d905911]
[broadwell-049:1491485] [ 3] /lib/x86_64-linux-gnu/libstdc++.so.6(+0x9e911)[0x7f05197ce911]
[broadwell-042:1538952] [ 4] /lib/x86_64-linux-gnu/libstdc++.so.6(+0xaa38c)[0x7f6a4aed038c]
[broadwell-047:1526911] [ 5] /lib/x86_64-linux-gnu/libstdc++.so.6(+0xaa3f7)[0x7f26753513f7]
[broadwell-043:1481947] [ 4] /lib/x86_64-linux-gnu/libstdc++.so.6(+0xaa38c)[0x7f62fb46738c]
[broadwell-044:3965526] [ 5] /lib/x86_64-linux-gnu/libstdc++.so.6(+0xaa3f7)[0x7f9150bde3f7]
[broadwell-045:1519065] [ 4] /lib/x86_64-linux-gnu/libstdc++.so.6(+0xaa38c)[0x7f1b9d91138c]
[broadwell-049:1491485] [ 4] /lib/x86_64-linux-gnu/libstdc++.so.6(+0xaa38c)[0x7f05197da38c]
[broadwell-042:1538952] [ 5] /lib/x86_64-linux-gnu/libstdc++.so.6(+0xaa3f7)[0x7f6a4aed03f7]
[broadwell-047:1526911] [ 6] /lib/x86_64-linux-gnu/libstdc++.so.6(+0xaa6a9)[0x7f26753516a9]
[broadwell-043:1481947] [ 5] /lib/x86_64-linux-gnu/libstdc++.so.6(+0xaa3f7)[0x7f62fb4673f7]
[broadwell-044:3965526] [ 6] /lib/x86_64-linux-gnu/libstdc++.so.6(+0xaa6a9)[0x7f9150bde6a9]
[broadwell-045:1519065] [ 5] /lib/x86_64-linux-gnu/libstdc++.so.6(+0xaa3f7)[0x7f1b9d9113f7]
[broadwell-049:1491485] [ 5] /lib/x86_64-linux-gnu/libstdc++.so.6(+0xaa3f7)[0x7f05197da3f7]
[broadwell-042:1538952] [ 6] /lib/x86_64-linux-gnu/libstdc++.so.6(+0xaa6a9)[0x7f6a4aed06a9]
[broadwell-047:1526911] [ 7] /beegfs/home/echiavazza/unito-scpd/adaboost-mpi/bin/./adaboost-mpi(+0xae8a)[0x55dc01d5fe8a]
[broadwell-043:1481947] [ 6] /lib/x86_64-linux-gnu/libstdc++.so.6(+0xaa6a9)[0x7f62fb4676a9]
[broadwell-044:3965526] [ 7] /beegfs/home/echiavazza/unito-scpd/adaboost-mpi/bin/./adaboost-mpi(+0xae8a)[0x559474fd2e8a]
[broadwell-045:1519065] [ 6] /lib/x86_64-linux-gnu/libstdc++.so.6(+0xaa6a9)[0x7f1b9d9116a9]
[broadwell-049:1491485] [ 6] /lib/x86_64-linux-gnu/libstdc++.so.6(+0xaa6a9)[0x7f05197da6a9]
[broadwell-042:1538952] [ 7] /beegfs/home/echiavazza/unito-scpd/adaboost-mpi/bin/./adaboost-mpi(+0xae8a)[0x55cbd0c23e8a]
[broadwell-047:1526911] [ 8] /beegfs/home/echiavazza/unito-scpd/adaboost-mpi/bin/./adaboost-mpi(+0x11ea9)[0x55dc01d66ea9]
[broadwell-043:1481947] [ 7] /beegfs/home/echiavazza/unito-scpd/adaboost-mpi/bin/./adaboost-mpi(+0xae8a)[0x5604c43d4e8a]
[broadwell-044:3965526] [ 8] /beegfs/home/echiavazza/unito-scpd/adaboost-mpi/bin/./adaboost-mpi(+0x11ea9)[0x559474fd9ea9]
[broadwell-045:1519065] [ 7] /beegfs/home/echiavazza/unito-scpd/adaboost-mpi/bin/./adaboost-mpi(+0xae8a)[0x5565acc1fe8a]
[broadwell-049:1491485] [ 7] /beegfs/home/echiavazza/unito-scpd/adaboost-mpi/bin/./adaboost-mpi(+0xae8a)[0x562bde168e8a]
[broadwell-042:1538952] [ 8] /beegfs/home/echiavazza/unito-scpd/adaboost-mpi/bin/./adaboost-mpi(+0x11ea9)[0x55cbd0c2aea9]
[broadwell-047:1526911] [ 9] /beegfs/home/echiavazza/unito-scpd/adaboost-mpi/bin/./adaboost-mpi(+0x1e4ed)[0x55dc01d734ed]
[broadwell-043:1481947] [ 8] /beegfs/home/echiavazza/unito-scpd/adaboost-mpi/bin/./adaboost-mpi(+0x11ea9)[0x5604c43dbea9]
[broadwell-044:3965526] [ 9] /beegfs/home/echiavazza/unito-scpd/adaboost-mpi/bin/./adaboost-mpi(+0x1e4ed)[0x559474fe64ed]
[broadwell-045:1519065] [ 8] /beegfs/home/echiavazza/unito-scpd/adaboost-mpi/bin/./adaboost-mpi(+0x11ea9)[0x5565acc26ea9]
[broadwell-049:1491485] [ 8] /beegfs/home/echiavazza/unito-scpd/adaboost-mpi/bin/./adaboost-mpi(+0x11ea9)[0x562bde16fea9]
[broadwell-042:1538952] [ 9] /beegfs/home/echiavazza/unito-scpd/adaboost-mpi/bin/./adaboost-mpi(+0x1e4ed)[0x55cbd0c374ed]
[broadwell-047:1526911] [10] /beegfs/home/echiavazza/unito-scpd/adaboost-mpi/bin/./adaboost-mpi(+0x16ec8)[0x55dc01d6bec8]
[broadwell-043:1481947] [ 9] /beegfs/home/echiavazza/unito-scpd/adaboost-mpi/bin/./adaboost-mpi(+0x1e4ed)[0x5604c43e84ed]
[broadwell-044:3965526] [10] /beegfs/home/echiavazza/unito-scpd/adaboost-mpi/bin/./adaboost-mpi(+0x16ec8)[0x559474fdeec8]
[broadwell-045:1519065] [ 9] /beegfs/home/echiavazza/unito-scpd/adaboost-mpi/bin/./adaboost-mpi(+0x1e4ed)[0x5565acc334ed]
[broadwell-049:1491485] [ 9] /beegfs/home/echiavazza/unito-scpd/adaboost-mpi/bin/./adaboost-mpi(+0x1e4ed)[0x562bde17c4ed]
[broadwell-042:1538952] [10] /beegfs/home/echiavazza/unito-scpd/adaboost-mpi/bin/./adaboost-mpi(+0x16ec8)[0x55cbd0c2fec8]
[broadwell-047:1526911] [11] /beegfs/home/echiavazza/unito-scpd/adaboost-mpi/bin/./adaboost-mpi(+0xfd94)[0x55dc01d64d94]
[broadwell-043:1481947] [10] /beegfs/home/echiavazza/unito-scpd/adaboost-mpi/bin/./adaboost-mpi(+0x16ec8)[0x5604c43e0ec8]
[broadwell-044:3965526] [11] /beegfs/home/echiavazza/unito-scpd/adaboost-mpi/bin/./adaboost-mpi(+0xfd94)[0x559474fd7d94]
[broadwell-045:1519065] [10] /beegfs/home/echiavazza/unito-scpd/adaboost-mpi/bin/./adaboost-mpi(+0x16ec8)[0x5565acc2bec8]
[broadwell-049:1491485] [10] /beegfs/home/echiavazza/unito-scpd/adaboost-mpi/bin/./adaboost-mpi(+0x16ec8)[0x562bde174ec8]
[broadwell-042:1538952] [11] /beegfs/home/echiavazza/unito-scpd/adaboost-mpi/bin/./adaboost-mpi(+0xfd94)[0x55cbd0c28d94]
[broadwell-047:1526911] [12] /beegfs/home/echiavazza/unito-scpd/adaboost-mpi/bin/./adaboost-mpi(+0x9729)[0x55dc01d5e729]
[broadwell-043:1481947] [11] /beegfs/home/echiavazza/unito-scpd/adaboost-mpi/bin/./adaboost-mpi(+0xfd94)[0x5604c43d9d94]
[broadwell-044:3965526] [12] /beegfs/home/echiavazza/unito-scpd/adaboost-mpi/bin/./adaboost-mpi(+0x9729)[0x559474fd1729]
[broadwell-045:1519065] [11] /beegfs/home/echiavazza/unito-scpd/adaboost-mpi/bin/./adaboost-mpi(+0xfd94)[0x5565acc24d94]
[broadwell-049:1491485] [11] /beegfs/home/echiavazza/unito-scpd/adaboost-mpi/bin/./adaboost-mpi(+0xfd94)[0x562bde16dd94]
[broadwell-042:1538952] [12] /beegfs/home/echiavazza/unito-scpd/adaboost-mpi/bin/./adaboost-mpi(+0x9729)[0x55cbd0c22729]
[broadwell-047:1526911] [13] /lib/x86_64-linux-gnu/libc.so.6(__libc_start_main+0xf3)[0x7f2674f6f083]
[broadwell-043:1481947] [12] /beegfs/home/echiavazza/unito-scpd/adaboost-mpi/bin/./adaboost-mpi(+0x9729)[0x5604c43d3729]
[broadwell-044:3965526] [13] /lib/x86_64-linux-gnu/libc.so.6(__libc_start_main+0xf3)[0x7f91507fc083]
[broadwell-045:1519065] [12] /beegfs/home/echiavazza/unito-scpd/adaboost-mpi/bin/./adaboost-mpi(+0x9729)[0x5565acc1e729]
[broadwell-049:1491485] [12] /beegfs/home/echiavazza/unito-scpd/adaboost-mpi/bin/./adaboost-mpi(+0x9729)[0x562bde167729]
[broadwell-042:1538952] [13] /lib/x86_64-linux-gnu/libc.so.6(__libc_start_main+0xf3)[0x7f6a4aaee083]
[broadwell-042:1538952] [14] /beegfs/home/echiavazza/unito-scpd/adaboost-mpi/bin/./adaboost-mpi(+0x871e)[0x55cbd0c2171e]
[broadwell-042:1538952] *** End of error message ***
[broadwell-047:1526911] [14] /beegfs/home/echiavazza/unito-scpd/adaboost-mpi/bin/./adaboost-mpi(+0x871e)[0x55dc01d5d71e]
[broadwell-043:1481947] [13] /lib/x86_64-linux-gnu/libc.so.6(__libc_start_main+0xf3)[0x7f62fb085083]
[broadwell-044:3965526] [14] /beegfs/home/echiavazza/unito-scpd/adaboost-mpi/bin/./adaboost-mpi(+0x871e)[0x559474fd071e]
[broadwell-045:1519065] [13] /lib/x86_64-linux-gnu/libc.so.6(__libc_start_main+0xf3)[0x7f1b9d52f083]
[broadwell-049:1491485] [13] /lib/x86_64-linux-gnu/libc.so.6(__libc_start_main+0xf3)[0x7f05193f8083]
[broadwell-047:1526911] *** End of error message ***
[broadwell-043:1481947] [14] /beegfs/home/echiavazza/unito-scpd/adaboost-mpi/bin/./adaboost-mpi(+0x871e)[0x5604c43d271e]
[broadwell-044:3965526] *** End of error message ***
[broadwell-045:1519065] [14] /beegfs/home/echiavazza/unito-scpd/adaboost-mpi/bin/./adaboost-mpi(+0x871e)[0x5565acc1d71e]
[broadwell-049:1491485] [14] /beegfs/home/echiavazza/unito-scpd/adaboost-mpi/bin/./adaboost-mpi(+0x871e)[0x562bde16671e]
[broadwell-043:1481947] *** End of error message ***
[broadwell-045:1519065] *** End of error message ***
[broadwell-049:1491485] *** End of error message ***
srun: error: broadwell-043: task 40: Aborted (core dumped)
srun: error: broadwell-049: task 266: Aborted (core dumped)
srun: error: broadwell-042: task 11: Aborted (core dumped)
srun: error: broadwell-047: task 215: Aborted (core dumped)
srun: error: broadwell-045: task 134: Aborted (core dumped)
srun: error: broadwell-044: task 77: Aborted (core dumped)
slurmstepd: error:  mpi/pmix_v3: _errhandler: broadwell-043 [1]: pmixp_client_v2.c:211: Error handler invoked: status = -25, source = [slurm.pmix.167145.0:40]
srun: Job step aborted: Waiting up to 32 seconds for job step to finish.
slurmstepd: error: *** STEP 167145.0 ON broadwell-042 CANCELLED AT 2025-03-28T23:03:47 ***
slurmstepd: error:  mpi/pmix_v3: _errhandler: broadwell-049 [7]: pmixp_client_v2.c:211: Error handler invoked: status = -25, source = [slurm.pmix.167145.0:266]
slurmstepd: error:  mpi/pmix_v3: _errhandler: broadwell-042 [0]: pmixp_client_v2.c:211: Error handler invoked: status = -25, source = [slurm.pmix.167145.0:11]
slurmstepd: error:  mpi/pmix_v3: _errhandler: broadwell-047 [5]: pmixp_client_v2.c:211: Error handler invoked: status = -25, source = [slurm.pmix.167145.0:215]
slurmstepd: error:  mpi/pmix_v3: _errhandler: broadwell-045 [3]: pmixp_client_v2.c:211: Error handler invoked: status = -25, source = [slurm.pmix.167145.0:134]
slurmstepd: error:  mpi/pmix_v3: _errhandler: broadwell-044 [2]: pmixp_client_v2.c:211: Error handler invoked: status = -25, source = [slurm.pmix.167145.0:77]
srun: error: broadwell-042: tasks 0-10,12-35: Killed
srun: error: broadwell-045: tasks 108-133,135-143: Killed
srun: error: broadwell-049: tasks 252-265,267-287: Killed
srun: error: broadwell-046: tasks 144-179: Killed
srun: error: broadwell-052: tasks 360-395: Killed
srun: error: broadwell-047: tasks 180-214: Killed
srun: error: broadwell-053: tasks 396-431: Killed
srun: error: broadwell-043: tasks 36-39,41-71: Killed
srun: error: broadwell-044: tasks 72-76,78-107: Killed
srun: error: broadwell-048: tasks 216-251: Killed
srun: error: broadwell-050: tasks 288-323: Killed
srun: error: broadwell-051: tasks 324-359: Killed
