-- The C compiler identification is GNU 9.4.0
-- The CXX compiler identification is GNU 9.4.0
-- Detecting C compiler ABI info
-- Detecting C compiler ABI info - done
-- Check for working C compiler: /beegfs/home/echiavazza/spack/opt/spack/linux-ubuntu20.04-cascadelake/gcc-9.4.0/openmpi-5.0.3-ocjjgvvgpy4ulxfz3damtdseryljeeuh/bin/mpicc - skipped
-- Detecting C compile features
-- Detecting C compile features - done
-- Detecting CXX compiler ABI info
-- Detecting CXX compiler ABI info - done
-- Check for working CXX compiler: /beegfs/home/echiavazza/spack/opt/spack/linux-ubuntu20.04-cascadelake/gcc-9.4.0/openmpi-5.0.3-ocjjgvvgpy4ulxfz3damtdseryljeeuh/bin/mpicxx - skipped
-- Detecting CXX compile features
-- Detecting CXX compile features - done
-- Found MPI_C: mpicc (found version "3.1") 
-- Found MPI_CXX: mpicxx (found version "3.1") 
-- Found MPI: TRUE (found version "3.1")  
-- Found PkgConfig: /usr/bin/pkg-config (found version "0.29.1") 
-- Checking for module 'mlpack'
--   Found mlpack, version 4.2.0
-- Configuring done (9.3s)
-- Generating done (0.1s)
-- Build files have been written to: /beegfs/home/echiavazza/unito-scpd/adaboost-mpi/build
[ 25%] Building CXX object CMakeFiles/communication_lib.dir/src/communication_lib/libcomm.cpp.o
[ 25%] Building CXX object CMakeFiles/data_lib.dir/src/data_lib/datalib.cpp.o
[ 37%] Linking CXX static library /beegfs/home/echiavazza/unito-scpd/adaboost-mpi/obj/libdata_lib.a
[ 50%] Linking CXX static library /beegfs/home/echiavazza/unito-scpd/adaboost-mpi/obj/libcommunication_lib.a
[ 50%] Built target data_lib
[ 50%] Built target communication_lib
[ 87%] Building CXX object CMakeFiles/adaboost-mpi.dir/src/communication_lib/libcomm.cpp.o
[ 87%] Building CXX object CMakeFiles/adaboost-mpi.dir/src/main.cpp.o
[ 87%] Building CXX object CMakeFiles/adaboost-mpi.dir/src/data_lib/datalib.cpp.o
[100%] Linking CXX executable /beegfs/home/echiavazza/unito-scpd/adaboost-mpi/bin/adaboost-mpi
[100%] Built target adaboost-mpi
MASTER: Uploads and distributes data among 107 clients 
MASTER:added tree 
MASTER: Epoch 0 end with average total error = 0.326574 and alpha = 2.51548
MASTER:added tree 
MASTER: Epoch 1 end with average total error = 0.452955 and alpha = 1.9805
MASTER:added tree 
MASTER: Epoch 2 end with average total error = 0.529847 and alpha = 1.67223
MASTER:added tree 
MASTER: Epoch 3 end with average total error = 0.537308 and alpha = 1.64225
MASTER:added tree 
MASTER: Epoch 4 end with average total error = 0.601869 and alpha = 1.3785
MASTER: Calculates the accuracy of the ensamble and its trees 
Ensabmle learning size = 5
Tree trained in epoch = 0 Accuracy = 0.646185
Tree trained in epoch = 1 Accuracy = 0.481156
Tree trained in epoch = 2 Accuracy = 0.496354
Tree trained in epoch = 3 Accuracy = 0.516709
Tree trained in epoch = 4 Accuracy = 0.474421
Accuracy Ensabmle = 0.632663 for the test dataset  in 5 epochs
Accuracy Ensabmle = 0.679796 for the train dataset  in 5 epochs
Risultati scritti con successo nel file: ../res/risultati_adaboost-mpi_strong_4_prest.txt per il valore 5
MASTER:added tree 
MASTER: Epoch 0 end with average total error = 0.326574 and alpha = 2.51548
MASTER:added tree 
MASTER: Epoch 1 end with average total error = 0.452955 and alpha = 1.9805
MASTER:added tree 
MASTER: Epoch 2 end with average total error = 0.529847 and alpha = 1.67223
MASTER:added tree 
MASTER: Epoch 3 end with average total error = 0.537308 and alpha = 1.64225
MASTER:added tree 
MASTER: Epoch 4 end with average total error = 0.601869 and alpha = 1.3785
MASTER:added tree 
MASTER: Epoch 5 end with average total error = 0.610503 and alpha = 1.34233
MASTER:added tree 
MASTER: Epoch 6 end with average total error = 0.670232 and alpha = 1.08253
MASTER:added tree 
MASTER: Epoch 7 end with average total error = 0.67128 and alpha = 1.07778
MASTER:added tree 
MASTER: Epoch 8 end with average total error = 0.681615 and alpha = 1.03056
MASTER:added tree 
MASTER: Epoch 9 end with average total error = 0.749046 and alpha = 0.698229
MASTER: Calculates the accuracy of the ensamble and its trees 
Ensabmle learning size = 10
Tree trained in epoch = 0 Accuracy = 0.646185
Tree trained in epoch = 1 Accuracy = 0.481156
Tree trained in epoch = 2 Accuracy = 0.496354
Tree trained in epoch = 3 Accuracy = 0.516709
Tree trained in epoch = 4 Accuracy = 0.474421
Tree trained in epoch = 5 Accuracy = 0.513353
Tree trained in epoch = 6 Accuracy = 0.490978
Tree trained in epoch = 7 Accuracy = 0.475523
Tree trained in epoch = 8 Accuracy = 0.44865
Tree trained in epoch = 9 Accuracy = 0.510221
Accuracy Ensabmle = 0.654601 for the test dataset  in 10 epochs
Accuracy Ensabmle = 0.703169 for the train dataset  in 10 epochs
Risultati scritti con successo nel file: ../res/risultati_adaboost-mpi_strong_4_prest.txt per il valore 10
MASTER:added tree 
MASTER: Epoch 0 end with average total error = 0.326574 and alpha = 2.51548
MASTER:added tree 
MASTER: Epoch 1 end with average total error = 0.452955 and alpha = 1.9805
MASTER:added tree 
MASTER: Epoch 2 end with average total error = 0.529847 and alpha = 1.67223
MASTER:added tree 
MASTER: Epoch 3 end with average total error = 0.537308 and alpha = 1.64225
MASTER:added tree 
MASTER: Epoch 4 end with average total error = 0.601869 and alpha = 1.3785
MASTER:added tree 
MASTER: Epoch 5 end with average total error = 0.610503 and alpha = 1.34233
MASTER:added tree 
MASTER: Epoch 6 end with average total error = 0.670232 and alpha = 1.08253
MASTER:added tree 
MASTER: Epoch 7 end with average total error = 0.67128 and alpha = 1.07778
MASTER:added tree 
MASTER: Epoch 8 end with average total error = 0.681615 and alpha = 1.03056
MASTER:added tree 
MASTER: Epoch 9 end with average total error = 0.749046 and alpha = 0.698229
MASTER:added tree 
MASTER: Epoch 10 end with average total error = 0.775068 and alpha = 0.554605
MASTER:added tree 
MASTER: Epoch 11 end with average total error = 0.754978 and alpha = 0.666419
MASTER:added tree 
MASTER: Epoch 12 end with average total error = 0.807007 and alpha = 0.361083
MASTER:added tree 
MASTER: Epoch 13 end with average total error = 0.822999 and alpha = 0.25496
MASTER:added tree 
MASTER: Epoch 14 end with average total error = 0.779427 and alpha = 0.529428
MASTER:added tree 
MASTER: Epoch 15 end with average total error = 0.830711 and alpha = 0.201088
MASTER:added tree 
MASTER: Epoch 16 end with average total error = 0.833914 and alpha = 0.178137
MASTER: Epoch 17 end with average total error = 0.860463 and alpha = -0.0273799
MASTER: Epoch 18 end with average total error = 0.856896 and alpha = 0.00201816
MASTER: Epoch 19 end with average total error = 0.857456 and alpha = -0.00255725
MASTER: Calculates the accuracy of the ensamble and its trees 
Ensabmle learning size = 17
Tree trained in epoch = 0 Accuracy = 0.646185
Tree trained in epoch = 1 Accuracy = 0.481156
Tree trained in epoch = 2 Accuracy = 0.496354
Tree trained in epoch = 3 Accuracy = 0.516709
Tree trained in epoch = 4 Accuracy = 0.474421
Tree trained in epoch = 5 Accuracy = 0.513353
Tree trained in epoch = 6 Accuracy = 0.490978
Tree trained in epoch = 7 Accuracy = 0.475523
Tree trained in epoch = 8 Accuracy = 0.44865
Tree trained in epoch = 9 Accuracy = 0.510221
Tree trained in epoch = 10 Accuracy = 0.522842
Tree trained in epoch = 11 Accuracy = 0.493698
Tree trained in epoch = 12 Accuracy = 0.536721
Tree trained in epoch = 13 Accuracy = 0.504225
Tree trained in epoch = 14 Accuracy = 0.47967
Tree trained in epoch = 15 Accuracy = 0.526049
Tree trained in epoch = 16 Accuracy = 0.492757
Accuracy Ensabmle = 0.666873 for the test dataset  in 20 epochs
Accuracy Ensabmle = 0.714017 for the train dataset  in 20 epochs
Risultati scritti con successo nel file: ../res/risultati_adaboost-mpi_strong_4_prest.txt per il valore 20
MASTER:added tree 
MASTER: Epoch 0 end with average total error = 0.326574 and alpha = 2.51548
MASTER:added tree 
MASTER: Epoch 1 end with average total error = 0.452955 and alpha = 1.9805
MASTER:added tree 
MASTER: Epoch 2 end with average total error = 0.529847 and alpha = 1.67223
MASTER:added tree 
MASTER: Epoch 3 end with average total error = 0.537308 and alpha = 1.64225
MASTER:added tree 
MASTER: Epoch 4 end with average total error = 0.601869 and alpha = 1.3785
MASTER:added tree 
MASTER: Epoch 5 end with average total error = 0.610503 and alpha = 1.34233
MASTER:added tree 
MASTER: Epoch 6 end with average total error = 0.670232 and alpha = 1.08253
MASTER:added tree 
MASTER: Epoch 7 end with average total error = 0.67128 and alpha = 1.07778
MASTER:added tree 
MASTER: Epoch 8 end with average total error = 0.681615 and alpha = 1.03056
MASTER:added tree 
MASTER: Epoch 9 end with average total error = 0.749046 and alpha = 0.698229
MASTER:added tree 
MASTER: Epoch 10 end with average total error = 0.775068 and alpha = 0.554605
MASTER:added tree 
MASTER: Epoch 11 end with average total error = 0.754978 and alpha = 0.666419
MASTER:added tree 
MASTER: Epoch 12 end with average total error = 0.807007 and alpha = 0.361083
MASTER:added tree 
MASTER: Epoch 13 end with average total error = 0.822999 and alpha = 0.25496
MASTER:added tree 
MASTER: Epoch 14 end with average total error = 0.779427 and alpha = 0.529428
MASTER:added tree 
MASTER: Epoch 15 end with average total error = 0.830711 and alpha = 0.201088
MASTER:added tree 
MASTER: Epoch 16 end with average total error = 0.833914 and alpha = 0.178137
MASTER: Epoch 17 end with average total error = 0.860463 and alpha = -0.0273799
MASTER: Epoch 18 end with average total error = 0.856896 and alpha = 0.00201816
MASTER: Epoch 19 end with average total error = 0.857456 and alpha = -0.00255725
MASTER: Epoch 20 end with average total error = 0.857041 and alpha = 0.000833428
MASTER: Epoch 21 end with average total error = 0.857247 and alpha = -0.000850773
MASTER: Epoch 22 end with average total error = 0.857145 and alpha = -2.00102e-05
MASTER: Epoch 23 end with average total error = 0.857143 and alpha = -4.70668e-07
MASTER: Epoch 24 end with average total error = 0.857143 and alpha = -1.10708e-08
MASTER: Epoch 25 end with average total error = 0.857143 and alpha = -2.60399e-10
MASTER: Epoch 26 end with average total error = 0.857143 and alpha = -6.12443e-12
MASTER: Epoch 27 end with average total error = 0.857143 and alpha = -1.43885e-13
MASTER: Epoch 28 end with average total error = 0.857143 and alpha = -5.10703e-15
MASTER: Epoch 29 end with average total error = 0.857143 and alpha = 1.33227e-15
MASTER: Calculates the accuracy of the ensamble and its trees 
Ensabmle learning size = 17
Tree trained in epoch = 0 Accuracy = 0.646185
Tree trained in epoch = 1 Accuracy = 0.481156
Tree trained in epoch = 2 Accuracy = 0.496354
Tree trained in epoch = 3 Accuracy = 0.516709
Tree trained in epoch = 4 Accuracy = 0.474421
Tree trained in epoch = 5 Accuracy = 0.513353
Tree trained in epoch = 6 Accuracy = 0.490978
Tree trained in epoch = 7 Accuracy = 0.475523
Tree trained in epoch = 8 Accuracy = 0.44865
Tree trained in epoch = 9 Accuracy = 0.510221
Tree trained in epoch = 10 Accuracy = 0.522842
Tree trained in epoch = 11 Accuracy = 0.493698
Tree trained in epoch = 12 Accuracy = 0.536721
Tree trained in epoch = 13 Accuracy = 0.504225
Tree trained in epoch = 14 Accuracy = 0.47967
Tree trained in epoch = 15 Accuracy = 0.526049
Tree trained in epoch = 16 Accuracy = 0.492757
Accuracy Ensabmle = 0.666873 for the test dataset  in 30 epochs
Accuracy Ensabmle = 0.714017 for the train dataset  in 30 epochs
Risultati scritti con successo nel file: ../res/risultati_adaboost-mpi_strong_4_prest.txt per il valore 30
MASTER:added tree 
MASTER: Epoch 0 end with average total error = 0.326574 and alpha = 2.51548
MASTER:added tree 
MASTER: Epoch 1 end with average total error = 0.452955 and alpha = 1.9805
MASTER:added tree 
MASTER: Epoch 2 end with average total error = 0.529847 and alpha = 1.67223
MASTER:added tree 
MASTER: Epoch 3 end with average total error = 0.537308 and alpha = 1.64225
MASTER:added tree 
MASTER: Epoch 4 end with average total error = 0.601869 and alpha = 1.3785
MASTER:added tree 
MASTER: Epoch 5 end with average total error = 0.610503 and alpha = 1.34233
MASTER:added tree 
MASTER: Epoch 6 end with average total error = 0.670232 and alpha = 1.08253
MASTER:added tree 
MASTER: Epoch 7 end with average total error = 0.67128 and alpha = 1.07778
MASTER:added tree 
MASTER: Epoch 8 end with average total error = 0.681615 and alpha = 1.03056
MASTER:added tree 
MASTER: Epoch 9 end with average total error = 0.749046 and alpha = 0.698229
MASTER:added tree 
MASTER: Epoch 10 end with average total error = 0.775068 and alpha = 0.554605
MASTER:added tree 
MASTER: Epoch 11 end with average total error = 0.754978 and alpha = 0.666419
MASTER:added tree 
MASTER: Epoch 12 end with average total error = 0.807007 and alpha = 0.361083
MASTER:added tree 
MASTER: Epoch 13 end with average total error = 0.822999 and alpha = 0.25496
MASTER:added tree 
MASTER: Epoch 14 end with average total error = 0.779427 and alpha = 0.529428
MASTER:added tree 
MASTER: Epoch 15 end with average total error = 0.830711 and alpha = 0.201088
MASTER:added tree 
MASTER: Epoch 16 end with average total error = 0.833914 and alpha = 0.178137
MASTER: Epoch 17 end with average total error = 0.860463 and alpha = -0.0273799
MASTER: Epoch 18 end with average total error = 0.856896 and alpha = 0.00201816
MASTER: Epoch 19 end with average total error = 0.857456 and alpha = -0.00255725
MASTER: Epoch 20 end with average total error = 0.857041 and alpha = 0.000833428
MASTER: Epoch 21 end with average total error = 0.857247 and alpha = -0.000850773
MASTER: Epoch 22 end with average total error = 0.857145 and alpha = -2.00102e-05
MASTER: Epoch 23 end with average total error = 0.857143 and alpha = -4.70668e-07
MASTER: Epoch 24 end with average total error = 0.857143 and alpha = -1.10708e-08
MASTER: Epoch 25 end with average total error = 0.857143 and alpha = -2.60399e-10
MASTER: Epoch 26 end with average total error = 0.857143 and alpha = -6.12443e-12
MASTER: Epoch 27 end with average total error = 0.857143 and alpha = -1.43885e-13
MASTER: Epoch 28 end with average total error = 0.857143 and alpha = -5.10703e-15
MASTER: Epoch 29 end with average total error = 0.857143 and alpha = 1.33227e-15
MASTER: Epoch 30 end with average total error = 0.857143 and alpha = -6.66134e-16
MASTER: Epoch 31 end with average total error = 0.857143 and alpha = -6.66134e-16
MASTER: Epoch 32 end with average total error = 0.857143 and alpha = -6.66134e-16
MASTER: Epoch 33 end with average total error = 0.857143 and alpha = 1.33227e-15
MASTER: Epoch 34 end with average total error = 0.857143 and alpha = -6.66134e-16
MASTER: Epoch 35 end with average total error = 0.857143 and alpha = -6.66134e-16
MASTER: Epoch 36 end with average total error = 0.857143 and alpha = 1.33227e-15
MASTER: Epoch 37 end with average total error = 0.857143 and alpha = 4.44089e-16
MASTER: Epoch 38 end with average total error = 0.857143 and alpha = -6.66134e-16
MASTER: Epoch 39 end with average total error = 0.857143 and alpha = -6.66134e-16
MASTER: Calculates the accuracy of the ensamble and its trees 
Ensabmle learning size = 17
Tree trained in epoch = 0 Accuracy = 0.646185
Tree trained in epoch = 1 Accuracy = 0.481156
Tree trained in epoch = 2 Accuracy = 0.496354
Tree trained in epoch = 3 Accuracy = 0.516709
Tree trained in epoch = 4 Accuracy = 0.474421
Tree trained in epoch = 5 Accuracy = 0.513353
Tree trained in epoch = 6 Accuracy = 0.490978
Tree trained in epoch = 7 Accuracy = 0.475523
Tree trained in epoch = 8 Accuracy = 0.44865
Tree trained in epoch = 9 Accuracy = 0.510221
Tree trained in epoch = 10 Accuracy = 0.522842
Tree trained in epoch = 11 Accuracy = 0.493698
Tree trained in epoch = 12 Accuracy = 0.536721
Tree trained in epoch = 13 Accuracy = 0.504225
Tree trained in epoch = 14 Accuracy = 0.47967
Tree trained in epoch = 15 Accuracy = 0.526049
Tree trained in epoch = 16 Accuracy = 0.492757
Accuracy Ensabmle = 0.666873 for the test dataset  in 40 epochs
Accuracy Ensabmle = 0.714017 for the train dataset  in 40 epochs
Risultati scritti con successo nel file: ../res/risultati_adaboost-mpi_strong_4_prest.txt per il valore 40
MASTER:added tree 
MASTER: Epoch 0 end with average total error = 0.326574 and alpha = 2.51548
MASTER:added tree 
MASTER: Epoch 1 end with average total error = 0.452955 and alpha = 1.9805
MASTER:added tree 
MASTER: Epoch 2 end with average total error = 0.529847 and alpha = 1.67223
MASTER:added tree 
MASTER: Epoch 3 end with average total error = 0.537308 and alpha = 1.64225
MASTER:added tree 
MASTER: Epoch 4 end with average total error = 0.601869 and alpha = 1.3785
MASTER:added tree 
MASTER: Epoch 5 end with average total error = 0.610503 and alpha = 1.34233
MASTER:added tree 
MASTER: Epoch 6 end with average total error = 0.670232 and alpha = 1.08253
MASTER:added tree 
MASTER: Epoch 7 end with average total error = 0.67128 and alpha = 1.07778
MASTER:added tree 
MASTER: Epoch 8 end with average total error = 0.681615 and alpha = 1.03056
MASTER:added tree 
MASTER: Epoch 9 end with average total error = 0.749046 and alpha = 0.698229
MASTER:added tree 
MASTER: Epoch 10 end with average total error = 0.775068 and alpha = 0.554605
MASTER:added tree 
MASTER: Epoch 11 end with average total error = 0.754978 and alpha = 0.666419
MASTER:added tree 
MASTER: Epoch 12 end with average total error = 0.807007 and alpha = 0.361083
MASTER:added tree 
MASTER: Epoch 13 end with average total error = 0.822999 and alpha = 0.25496
MASTER:added tree 
MASTER: Epoch 14 end with average total error = 0.779427 and alpha = 0.529428
MASTER:added tree 
MASTER: Epoch 15 end with average total error = 0.830711 and alpha = 0.201088
MASTER:added tree 
MASTER: Epoch 16 end with average total error = 0.833914 and alpha = 0.178137
MASTER: Epoch 17 end with average total error = 0.860463 and alpha = -0.0273799
MASTER: Epoch 18 end with average total error = 0.856896 and alpha = 0.00201816
MASTER: Epoch 19 end with average total error = 0.857456 and alpha = -0.00255725
MASTER: Epoch 20 end with average total error = 0.857041 and alpha = 0.000833428
MASTER: Epoch 21 end with average total error = 0.857247 and alpha = -0.000850773
MASTER: Epoch 22 end with average total error = 0.857145 and alpha = -2.00102e-05
MASTER: Epoch 23 end with average total error = 0.857143 and alpha = -4.70668e-07
MASTER: Epoch 24 end with average total error = 0.857143 and alpha = -1.10708e-08
MASTER: Epoch 25 end with average total error = 0.857143 and alpha = -2.60399e-10
MASTER: Epoch 26 end with average total error = 0.857143 and alpha = -6.12443e-12
MASTER: Epoch 27 end with average total error = 0.857143 and alpha = -1.43885e-13
MASTER: Epoch 28 end with average total error = 0.857143 and alpha = -5.10703e-15
MASTER: Epoch 29 end with average total error = 0.857143 and alpha = 1.33227e-15
MASTER: Epoch 30 end with average total error = 0.857143 and alpha = -6.66134e-16
MASTER: Epoch 31 end with average total error = 0.857143 and alpha = -6.66134e-16
MASTER: Epoch 32 end with average total error = 0.857143 and alpha = -6.66134e-16
MASTER: Epoch 33 end with average total error = 0.857143 and alpha = 1.33227e-15
MASTER: Epoch 34 end with average total error = 0.857143 and alpha = -6.66134e-16
MASTER: Epoch 35 end with average total error = 0.857143 and alpha = -6.66134e-16
MASTER: Epoch 36 end with average total error = 0.857143 and alpha = 1.33227e-15
MASTER: Epoch 37 end with average total error = 0.857143 and alpha = 4.44089e-16
MASTER: Epoch 38 end with average total error = 0.857143 and alpha = -6.66134e-16
MASTER: Epoch 39 end with average total error = 0.857143 and alpha = -6.66134e-16
MASTER: Epoch 40 end with average total error = 0.857143 and alpha = -6.66134e-16
MASTER: Epoch 41 end with average total error = 0.857143 and alpha = 1.33227e-15
MASTER: Epoch 42 end with average total error = 0.857143 and alpha = 4.44089e-16
MASTER: Epoch 43 end with average total error = 0.857143 and alpha = -6.66134e-16
MASTER: Epoch 44 end with average total error = 0.857143 and alpha = 1.33227e-15
MASTER: Epoch 45 end with average total error = 0.857143 and alpha = -6.66134e-16
MASTER: Epoch 46 end with average total error = 0.857143 and alpha = -6.66134e-16
MASTER: Epoch 47 end with average total error = 0.857143 and alpha = -6.66134e-16
MASTER: Epoch 48 end with average total error = 0.857143 and alpha = 4.44089e-16
MASTER: Epoch 49 end with average total error = 0.857143 and alpha = 4.44089e-16
MASTER: Calculates the accuracy of the ensamble and its trees 
Ensabmle learning size = 17
Tree trained in epoch = 0 Accuracy = 0.646185
Tree trained in epoch = 1 Accuracy = 0.481156
Tree trained in epoch = 2 Accuracy = 0.496354
Tree trained in epoch = 3 Accuracy = 0.516709
Tree trained in epoch = 4 Accuracy = 0.474421
Tree trained in epoch = 5 Accuracy = 0.513353
Tree trained in epoch = 6 Accuracy = 0.490978
Tree trained in epoch = 7 Accuracy = 0.475523
Tree trained in epoch = 8 Accuracy = 0.44865
Tree trained in epoch = 9 Accuracy = 0.510221
Tree trained in epoch = 10 Accuracy = 0.522842
Tree trained in epoch = 11 Accuracy = 0.493698
Tree trained in epoch = 12 Accuracy = 0.536721
Tree trained in epoch = 13 Accuracy = 0.504225
Tree trained in epoch = 14 Accuracy = 0.47967
Tree trained in epoch = 15 Accuracy = 0.526049
Tree trained in epoch = 16 Accuracy = 0.492757
Accuracy Ensabmle = 0.666873 for the test dataset  in 50 epochs
Accuracy Ensabmle = 0.714017 for the train dataset  in 50 epochs
Risultati scritti con successo nel file: ../res/risultati_adaboost-mpi_strong_4_prest.txt per il valore 50
MASTER:added tree 
MASTER: Epoch 0 end with average total error = 0.326574 and alpha = 2.51548
MASTER:added tree 
MASTER: Epoch 1 end with average total error = 0.452955 and alpha = 1.9805
MASTER:added tree 
MASTER: Epoch 2 end with average total error = 0.529847 and alpha = 1.67223
MASTER:added tree 
MASTER: Epoch 3 end with average total error = 0.537308 and alpha = 1.64225
MASTER:added tree 
MASTER: Epoch 4 end with average total error = 0.601869 and alpha = 1.3785
MASTER:added tree 
MASTER: Epoch 5 end with average total error = 0.610503 and alpha = 1.34233
MASTER:added tree 
MASTER: Epoch 6 end with average total error = 0.670232 and alpha = 1.08253
MASTER:added tree 
MASTER: Epoch 7 end with average total error = 0.67128 and alpha = 1.07778
MASTER:added tree 
MASTER: Epoch 8 end with average total error = 0.681615 and alpha = 1.03056
MASTER:added tree 
MASTER: Epoch 9 end with average total error = 0.749046 and alpha = 0.698229
MASTER:added tree 
MASTER: Epoch 10 end with average total error = 0.775068 and alpha = 0.554605
MASTER:added tree 
MASTER: Epoch 11 end with average total error = 0.754978 and alpha = 0.666419
MASTER:added tree 
MASTER: Epoch 12 end with average total error = 0.807007 and alpha = 0.361083
MASTER:added tree 
MASTER: Epoch 13 end with average total error = 0.822999 and alpha = 0.25496
MASTER:added tree 
MASTER: Epoch 14 end with average total error = 0.779427 and alpha = 0.529428
MASTER:added tree 
MASTER: Epoch 15 end with average total error = 0.830711 and alpha = 0.201088
MASTER:added tree 
MASTER: Epoch 16 end with average total error = 0.833914 and alpha = 0.178137
MASTER: Epoch 17 end with average total error = 0.860463 and alpha = -0.0273799
MASTER: Epoch 18 end with average total error = 0.856896 and alpha = 0.00201816
MASTER: Epoch 19 end with average total error = 0.857456 and alpha = -0.00255725
MASTER: Epoch 20 end with average total error = 0.857041 and alpha = 0.000833428
MASTER: Epoch 21 end with average total error = 0.857247 and alpha = -0.000850773
MASTER: Epoch 22 end with average total error = 0.857145 and alpha = -2.00102e-05
MASTER: Epoch 23 end with average total error = 0.857143 and alpha = -4.70668e-07
MASTER: Epoch 24 end with average total error = 0.857143 and alpha = -1.10708e-08
MASTER: Epoch 25 end with average total error = 0.857143 and alpha = -2.60399e-10
MASTER: Epoch 26 end with average total error = 0.857143 and alpha = -6.12443e-12
MASTER: Epoch 27 end with average total error = 0.857143 and alpha = -1.43885e-13
MASTER: Epoch 28 end with average total error = 0.857143 and alpha = -5.10703e-15
MASTER: Epoch 29 end with average total error = 0.857143 and alpha = 1.33227e-15
MASTER: Epoch 30 end with average total error = 0.857143 and alpha = -6.66134e-16
MASTER: Epoch 31 end with average total error = 0.857143 and alpha = -6.66134e-16
MASTER: Epoch 32 end with average total error = 0.857143 and alpha = -6.66134e-16
MASTER: Epoch 33 end with average total error = 0.857143 and alpha = 1.33227e-15
MASTER: Epoch 34 end with average total error = 0.857143 and alpha = -6.66134e-16
MASTER: Epoch 35 end with average total error = 0.857143 and alpha = -6.66134e-16
MASTER: Epoch 36 end with average total error = 0.857143 and alpha = 1.33227e-15
MASTER: Epoch 37 end with average total error = 0.857143 and alpha = 4.44089e-16
MASTER: Epoch 38 end with average total error = 0.857143 and alpha = -6.66134e-16
MASTER: Epoch 39 end with average total error = 0.857143 and alpha = -6.66134e-16
MASTER: Epoch 40 end with average total error = 0.857143 and alpha = -6.66134e-16
MASTER: Epoch 41 end with average total error = 0.857143 and alpha = 1.33227e-15
MASTER: Epoch 42 end with average total error = 0.857143 and alpha = 4.44089e-16
MASTER: Epoch 43 end with average total error = 0.857143 and alpha = -6.66134e-16
MASTER: Epoch 44 end with average total error = 0.857143 and alpha = 1.33227e-15
MASTER: Epoch 45 end with average total error = 0.857143 and alpha = -6.66134e-16
MASTER: Epoch 46 end with average total error = 0.857143 and alpha = -6.66134e-16
MASTER: Epoch 47 end with average total error = 0.857143 and alpha = -6.66134e-16
MASTER: Epoch 48 end with average total error = 0.857143 and alpha = 4.44089e-16
MASTER: Epoch 49 end with average total error = 0.857143 and alpha = 4.44089e-16
MASTER: Epoch 50 end with average total error = 0.857143 and alpha = -6.66134e-16
MASTER: Epoch 51 end with average total error = 0.857143 and alpha = 1.33227e-15
MASTER: Epoch 52 end with average total error = 0.857143 and alpha = 4.44089e-16
MASTER: Epoch 53 end with average total error = 0.857143 and alpha = -6.66134e-16
MASTER: Epoch 54 end with average total error = 0.857143 and alpha = -6.66134e-16
MASTER: Epoch 55 end with average total error = 0.857143 and alpha = 4.44089e-16
MASTER: Epoch 56 end with average total error = 0.857143 and alpha = 4.44089e-16
MASTER: Epoch 57 end with average total error = 0.857143 and alpha = -6.66134e-16
MASTER: Epoch 58 end with average total error = 0.857143 and alpha = 4.44089e-16
MASTER: Epoch 59 end with average total error = 0.857143 and alpha = -6.66134e-16
MASTER: Epoch 60 end with average total error = 0.857143 and alpha = 4.44089e-16
MASTER: Epoch 61 end with average total error = 0.857143 and alpha = 4.44089e-16
MASTER: Epoch 62 end with average total error = 0.857143 and alpha = -6.66134e-16
MASTER: Epoch 63 end with average total error = 0.857143 and alpha = 4.44089e-16
MASTER: Epoch 64 end with average total error = 0.857143 and alpha = -6.66134e-16
MASTER: Epoch 65 end with average total error = 0.857143 and alpha = 4.44089e-16
MASTER: Epoch 66 end with average total error = 0.857143 and alpha = -6.66134e-16
MASTER: Epoch 67 end with average total error = 0.857143 and alpha = 4.44089e-16
MASTER: Epoch 68 end with average total error = 0.857143 and alpha = -6.66134e-16
MASTER: Epoch 69 end with average total error = 0.857143 and alpha = 4.44089e-16
MASTER: Epoch 70 end with average total error = 0.857143 and alpha = 4.44089e-16
MASTER: Epoch 71 end with average total error = 0.857143 and alpha = 4.44089e-16
MASTER: Epoch 72 end with average total error = 0.857143 and alpha = -6.66134e-16
MASTER: Epoch 73 end with average total error = 0.857143 and alpha = -6.66134e-16
MASTER: Epoch 74 end with average total error = 0.857143 and alpha = 4.44089e-16
MASTER: Epoch 75 end with average total error = 0.857143 and alpha = 4.44089e-16
MASTER: Epoch 76 end with average total error = 0.857143 and alpha = 4.44089e-16
MASTER: Epoch 77 end with average total error = 0.857143 and alpha = 4.44089e-16
MASTER: Epoch 78 end with average total error = 0.857143 and alpha = -6.66134e-16
MASTER: Epoch 79 end with average total error = 0.857143 and alpha = -6.66134e-16
MASTER: Epoch 80 end with average total error = 0.857143 and alpha = 4.44089e-16
MASTER: Epoch 81 end with average total error = 0.857143 and alpha = 4.44089e-16
MASTER: Epoch 82 end with average total error = 0.857143 and alpha = -6.66134e-16
MASTER: Epoch 83 end with average total error = 0.857143 and alpha = -6.66134e-16
MASTER: Epoch 84 end with average total error = 0.857143 and alpha = 4.44089e-16
MASTER: Epoch 85 end with average total error = 0.857143 and alpha = 1.33227e-15
MASTER: Epoch 86 end with average total error = 0.857143 and alpha = -1.33227e-15
MASTER: Epoch 87 end with average total error = 0.857143 and alpha = -6.66134e-16
MASTER: Epoch 88 end with average total error = 0.857143 and alpha = 4.44089e-16
MASTER: Epoch 89 end with average total error = 0.857143 and alpha = 1.33227e-15
MASTER: Epoch 90 end with average total error = 0.857143 and alpha = -6.66134e-16
MASTER: Epoch 91 end with average total error = 0.857143 and alpha = -6.66134e-16
MASTER: Epoch 92 end with average total error = 0.857143 and alpha = 4.44089e-16
MASTER: Epoch 93 end with average total error = 0.857143 and alpha = 1.33227e-15
MASTER: Epoch 94 end with average total error = 0.857143 and alpha = -1.33227e-15
MASTER: Epoch 95 end with average total error = 0.857143 and alpha = 4.44089e-16
MASTER: Epoch 96 end with average total error = 0.857143 and alpha = -6.66134e-16
MASTER: Epoch 97 end with average total error = 0.857143 and alpha = 4.44089e-16
MASTER: Epoch 98 end with average total error = 0.857143 and alpha = 1.33227e-15
MASTER: Epoch 99 end with average total error = 0.857143 and alpha = -1.33227e-15
MASTER: Calculates the accuracy of the ensamble and its trees 
Ensabmle learning size = 17
Tree trained in epoch = 0 Accuracy = 0.646185
Tree trained in epoch = 1 Accuracy = 0.481156
Tree trained in epoch = 2 Accuracy = 0.496354
Tree trained in epoch = 3 Accuracy = 0.516709
Tree trained in epoch = 4 Accuracy = 0.474421
Tree trained in epoch = 5 Accuracy = 0.513353
Tree trained in epoch = 6 Accuracy = 0.490978
Tree trained in epoch = 7 Accuracy = 0.475523
Tree trained in epoch = 8 Accuracy = 0.44865
Tree trained in epoch = 9 Accuracy = 0.510221
Tree trained in epoch = 10 Accuracy = 0.522842
Tree trained in epoch = 11 Accuracy = 0.493698
Tree trained in epoch = 12 Accuracy = 0.536721
Tree trained in epoch = 13 Accuracy = 0.504225
Tree trained in epoch = 14 Accuracy = 0.47967
Tree trained in epoch = 15 Accuracy = 0.526049
Tree trained in epoch = 16 Accuracy = 0.492757
Accuracy Ensabmle = 0.666873 for the test dataset  in 100 epochs
Accuracy Ensabmle = 0.714017 for the train dataset  in 100 epochs
Risultati scritti con successo nel file: ../res/risultati_adaboost-mpi_strong_4_prest.txt per il valore 100
