-- The C compiler identification is GNU 9.4.0
-- The CXX compiler identification is GNU 9.4.0
-- Detecting C compiler ABI info
-- Detecting C compiler ABI info - done
-- Check for working C compiler: /beegfs/home/echiavazza/spack/opt/spack/linux-ubuntu20.04-cascadelake/gcc-9.4.0/openmpi-5.0.3-ocjjgvvgpy4ulxfz3damtdseryljeeuh/bin/mpicc - skipped
-- Detecting C compile features
-- Detecting C compile features - done
-- Detecting CXX compiler ABI info
-- Detecting CXX compiler ABI info - done
-- Check for working CXX compiler: /beegfs/home/echiavazza/spack/opt/spack/linux-ubuntu20.04-cascadelake/gcc-9.4.0/openmpi-5.0.3-ocjjgvvgpy4ulxfz3damtdseryljeeuh/bin/mpicxx - skipped
-- Detecting CXX compile features
-- Detecting CXX compile features - done
-- Found MPI_C: mpicc (found version "3.1") 
-- Found MPI_CXX: mpicxx (found version "3.1") 
-- Found MPI: TRUE (found version "3.1")  
-- Found PkgConfig: /usr/bin/pkg-config (found version "0.29.1") 
-- Checking for module 'mlpack'
--   Found mlpack, version 4.2.0
-- Configuring done (7.4s)
-- Generating done (0.1s)
-- Build files have been written to: /beegfs/home/echiavazza/unito-scpd/adaboost-mpi/build
[ 25%] Building CXX object CMakeFiles/communication_lib.dir/src/communication_lib/libcomm.cpp.o
[ 25%] Building CXX object CMakeFiles/data_lib.dir/src/data_lib/datalib.cpp.o
[ 37%] Linking CXX static library /beegfs/home/echiavazza/unito-scpd/adaboost-mpi/obj/libdata_lib.a
[ 50%] Linking CXX static library /beegfs/home/echiavazza/unito-scpd/adaboost-mpi/obj/libcommunication_lib.a
[ 50%] Built target data_lib
[ 50%] Built target communication_lib
[ 87%] Building CXX object CMakeFiles/adaboost-mpi.dir/src/communication_lib/libcomm.cpp.o
[ 87%] Building CXX object CMakeFiles/adaboost-mpi.dir/src/data_lib/datalib.cpp.o
[ 87%] Building CXX object CMakeFiles/adaboost-mpi.dir/src/main.cpp.o
[100%] Linking CXX executable /beegfs/home/echiavazza/unito-scpd/adaboost-mpi/bin/adaboost-mpi
[100%] Built target adaboost-mpi
MASTER: Uploads and distributes data among 179 clients 
MASTER: start send
MASTER: end send
RANK1: NUM DATA 2273
MASTER:added tree 
MASTER: Epoch 0 end with average total error = 0.345442 and alpha = 2.43089
MASTER:added tree 
MASTER: Epoch 1 end with average total error = 0.453254 and alpha = 1.97929
MASTER:added tree 
MASTER: Epoch 2 end with average total error = 0.517679 and alpha = 1.72101
MASTER:added tree 
MASTER: Epoch 3 end with average total error = 0.560514 and alpha = 1.54851
MASTER:added tree 
MASTER: Epoch 4 end with average total error = 0.589461 and alpha = 1.43002
MASTER: Calculates the accuracy of the ensamble and its trees 
Ensabmle learning size = 5
Tree trained in epoch = 0 Accuracy = 0.606805
Tree trained in epoch = 1 Accuracy = 0.478443
Tree trained in epoch = 2 Accuracy = 0.461484
Tree trained in epoch = 3 Accuracy = 0.50866
Tree trained in epoch = 4 Accuracy = 0.436263
Accuracy Ensabmle = 0.606794 for the test dataset  in 5 epochs
Accuracy Ensabmle = 0.655884 for the train dataset  in 5 epochs
Risultati scritti con successo nel file: ../res/risultati_adaboost-mpi_s5.txt per il valore 5
MASTER:added tree 
MASTER: Epoch 0 end with average total error = 0.345442 and alpha = 2.43089
MASTER:added tree 
MASTER: Epoch 1 end with average total error = 0.453254 and alpha = 1.97929
MASTER:added tree 
MASTER: Epoch 2 end with average total error = 0.517679 and alpha = 1.72101
MASTER:added tree 
MASTER: Epoch 3 end with average total error = 0.560514 and alpha = 1.54851
MASTER:added tree 
MASTER: Epoch 4 end with average total error = 0.589461 and alpha = 1.43002
MASTER:added tree 
MASTER: Epoch 5 end with average total error = 0.667605 and alpha = 1.09439
MASTER:added tree 
MASTER: Epoch 6 end with average total error = 0.716399 and alpha = 0.865091
MASTER:added tree 
MASTER: Epoch 7 end with average total error = 0.70245 and alpha = 0.932769
MASTER:added tree 
MASTER: Epoch 8 end with average total error = 0.732623 and alpha = 0.783786
MASTER:added tree 
MASTER: Epoch 9 end with average total error = 0.657917 and alpha = 1.13773
MASTER: Calculates the accuracy of the ensamble and its trees 
Ensabmle learning size = 10
Tree trained in epoch = 0 Accuracy = 0.606805
Tree trained in epoch = 1 Accuracy = 0.478443
Tree trained in epoch = 2 Accuracy = 0.461484
Tree trained in epoch = 3 Accuracy = 0.50866
Tree trained in epoch = 4 Accuracy = 0.436263
Tree trained in epoch = 5 Accuracy = 0.503726
Tree trained in epoch = 6 Accuracy = 0.5129
Tree trained in epoch = 7 Accuracy = 0.483807
Tree trained in epoch = 8 Accuracy = 0.497794
Tree trained in epoch = 9 Accuracy = 0.458403
Accuracy Ensabmle = 0.630735 for the test dataset  in 10 epochs
Accuracy Ensabmle = 0.681323 for the train dataset  in 10 epochs
Risultati scritti con successo nel file: ../res/risultati_adaboost-mpi_s5.txt per il valore 10
MASTER:added tree 
MASTER: Epoch 0 end with average total error = 0.345442 and alpha = 2.43089
MASTER:added tree 
MASTER: Epoch 1 end with average total error = 0.453254 and alpha = 1.97929
MASTER:added tree 
MASTER: Epoch 2 end with average total error = 0.517679 and alpha = 1.72101
MASTER:added tree 
MASTER: Epoch 3 end with average total error = 0.560514 and alpha = 1.54851
MASTER:added tree 
MASTER: Epoch 4 end with average total error = 0.589461 and alpha = 1.43002
MASTER:added tree 
MASTER: Epoch 5 end with average total error = 0.667605 and alpha = 1.09439
MASTER:added tree 
MASTER: Epoch 6 end with average total error = 0.716399 and alpha = 0.865091
MASTER:added tree 
MASTER: Epoch 7 end with average total error = 0.70245 and alpha = 0.932769
MASTER:added tree 
MASTER: Epoch 8 end with average total error = 0.732623 and alpha = 0.783786
MASTER:added tree 
MASTER: Epoch 9 end with average total error = 0.657917 and alpha = 1.13773
MASTER:added tree 
MASTER: Epoch 10 end with average total error = 0.745345 and alpha = 0.717823
MASTER:added tree 
MASTER: Epoch 11 end with average total error = 0.803041 and alpha = 0.386347
MASTER:added tree 
MASTER: Epoch 12 end with average total error = 0.826218 and alpha = 0.232703
MASTER:added tree 
MASTER: Epoch 13 end with average total error = 0.799752 and alpha = 0.407016
MASTER:added tree 
MASTER: Epoch 14 end with average total error = 0.811246 and alpha = 0.333634
MASTER:added tree 
MASTER: Epoch 15 end with average total error = 0.757387 and alpha = 0.653354
MASTER:added tree 
MASTER: Epoch 16 end with average total error = 0.829993 and alpha = 0.206185
MASTER:added tree 
MASTER: Epoch 17 end with average total error = 0.80906 and alpha = 0.347843
MASTER: Epoch 18 end with average total error = 0.856962 and alpha = 0.00147335
MASTER: Epoch 19 end with average total error = 0.857139 and alpha = 2.91496e-05
MASTER: Calculates the accuracy of the ensamble and its trees 
Ensabmle learning size = 18
Tree trained in epoch = 0 Accuracy = 0.606805
Tree trained in epoch = 1 Accuracy = 0.478443
Tree trained in epoch = 2 Accuracy = 0.461484
Tree trained in epoch = 3 Accuracy = 0.50866
Tree trained in epoch = 4 Accuracy = 0.436263
Tree trained in epoch = 5 Accuracy = 0.503726
Tree trained in epoch = 6 Accuracy = 0.5129
Tree trained in epoch = 7 Accuracy = 0.483807
Tree trained in epoch = 8 Accuracy = 0.497794
Tree trained in epoch = 9 Accuracy = 0.458403
Tree trained in epoch = 10 Accuracy = 0.450153
Tree trained in epoch = 11 Accuracy = 0.449889
Tree trained in epoch = 12 Accuracy = 0.495769
Tree trained in epoch = 13 Accuracy = 0.465052
Tree trained in epoch = 14 Accuracy = 0.417055
Tree trained in epoch = 15 Accuracy = 0.474811
Tree trained in epoch = 16 Accuracy = 0.460824
Tree trained in epoch = 17 Accuracy = 0.447451
Accuracy Ensabmle = 0.644745 for the test dataset  in 20 epochs
Accuracy Ensabmle = 0.695497 for the train dataset  in 20 epochs
Risultati scritti con successo nel file: ../res/risultati_adaboost-mpi_s5.txt per il valore 20
MASTER:added tree 
MASTER: Epoch 0 end with average total error = 0.345442 and alpha = 2.43089
MASTER:added tree 
MASTER: Epoch 1 end with average total error = 0.453254 and alpha = 1.97929
MASTER:added tree 
MASTER: Epoch 2 end with average total error = 0.517679 and alpha = 1.72101
MASTER:added tree 
MASTER: Epoch 3 end with average total error = 0.560514 and alpha = 1.54851
MASTER:added tree 
MASTER: Epoch 4 end with average total error = 0.589461 and alpha = 1.43002
MASTER:added tree 
MASTER: Epoch 5 end with average total error = 0.667605 and alpha = 1.09439
MASTER:added tree 
MASTER: Epoch 6 end with average total error = 0.716399 and alpha = 0.865091
MASTER:added tree 
MASTER: Epoch 7 end with average total error = 0.70245 and alpha = 0.932769
MASTER:added tree 
MASTER: Epoch 8 end with average total error = 0.732623 and alpha = 0.783786
MASTER:added tree 
MASTER: Epoch 9 end with average total error = 0.657917 and alpha = 1.13773
MASTER:added tree 
MASTER: Epoch 10 end with average total error = 0.745345 and alpha = 0.717823
MASTER:added tree 
MASTER: Epoch 11 end with average total error = 0.803041 and alpha = 0.386347
MASTER:added tree 
MASTER: Epoch 12 end with average total error = 0.826218 and alpha = 0.232703
MASTER:added tree 
MASTER: Epoch 13 end with average total error = 0.799752 and alpha = 0.407016
MASTER:added tree 
MASTER: Epoch 14 end with average total error = 0.811246 and alpha = 0.333634
MASTER:added tree 
MASTER: Epoch 15 end with average total error = 0.757387 and alpha = 0.653354
MASTER:added tree 
MASTER: Epoch 16 end with average total error = 0.829993 and alpha = 0.206185
MASTER:added tree 
MASTER: Epoch 17 end with average total error = 0.80906 and alpha = 0.347843
MASTER: Epoch 18 end with average total error = 0.856962 and alpha = 0.00147335
MASTER: Epoch 19 end with average total error = 0.857139 and alpha = 2.91496e-05
MASTER: Epoch 20 end with average total error = 0.857143 and alpha = 5.76584e-07
MASTER: Epoch 21 end with average total error = 0.857143 and alpha = 1.14049e-08
MASTER: Epoch 22 end with average total error = 0.857143 and alpha = 2.2559e-10
MASTER: Epoch 23 end with average total error = 0.857143 and alpha = 4.46043e-12
MASTER: Epoch 24 end with average total error = 0.857143 and alpha = 9.28146e-14
MASTER: Epoch 25 end with average total error = 0.857143 and alpha = -6.66134e-16
MASTER: Epoch 26 end with average total error = 0.857143 and alpha = 2.22045e-15
MASTER: Epoch 27 end with average total error = 0.857143 and alpha = -6.66134e-16
MASTER: Epoch 28 end with average total error = 0.857143 and alpha = 4.44089e-16
MASTER: Epoch 29 end with average total error = 0.857143 and alpha = -6.66134e-16
MASTER: Calculates the accuracy of the ensamble and its trees 
Ensabmle learning size = 18
Tree trained in epoch = 0 Accuracy = 0.606805
Tree trained in epoch = 1 Accuracy = 0.478443
Tree trained in epoch = 2 Accuracy = 0.461484
Tree trained in epoch = 3 Accuracy = 0.50866
Tree trained in epoch = 4 Accuracy = 0.436263
Tree trained in epoch = 5 Accuracy = 0.503726
Tree trained in epoch = 6 Accuracy = 0.5129
Tree trained in epoch = 7 Accuracy = 0.483807
Tree trained in epoch = 8 Accuracy = 0.497794
Tree trained in epoch = 9 Accuracy = 0.458403
Tree trained in epoch = 10 Accuracy = 0.450153
Tree trained in epoch = 11 Accuracy = 0.449889
Tree trained in epoch = 12 Accuracy = 0.495769
Tree trained in epoch = 13 Accuracy = 0.465052
Tree trained in epoch = 14 Accuracy = 0.417055
Tree trained in epoch = 15 Accuracy = 0.474811
Tree trained in epoch = 16 Accuracy = 0.460824
Tree trained in epoch = 17 Accuracy = 0.447451
Accuracy Ensabmle = 0.644745 for the test dataset  in 30 epochs
Accuracy Ensabmle = 0.695497 for the train dataset  in 30 epochs
Risultati scritti con successo nel file: ../res/risultati_adaboost-mpi_s5.txt per il valore 30
MASTER:added tree 
MASTER: Epoch 0 end with average total error = 0.345442 and alpha = 2.43089
MASTER:added tree 
MASTER: Epoch 1 end with average total error = 0.453254 and alpha = 1.97929
MASTER:added tree 
MASTER: Epoch 2 end with average total error = 0.517679 and alpha = 1.72101
MASTER:added tree 
MASTER: Epoch 3 end with average total error = 0.560514 and alpha = 1.54851
MASTER:added tree 
MASTER: Epoch 4 end with average total error = 0.589461 and alpha = 1.43002
MASTER:added tree 
MASTER: Epoch 5 end with average total error = 0.667605 and alpha = 1.09439
MASTER:added tree 
MASTER: Epoch 6 end with average total error = 0.716399 and alpha = 0.865091
MASTER:added tree 
MASTER: Epoch 7 end with average total error = 0.70245 and alpha = 0.932769
MASTER:added tree 
MASTER: Epoch 8 end with average total error = 0.732623 and alpha = 0.783786
MASTER:added tree 
MASTER: Epoch 9 end with average total error = 0.657917 and alpha = 1.13773
MASTER:added tree 
MASTER: Epoch 10 end with average total error = 0.745345 and alpha = 0.717823
MASTER:added tree 
MASTER: Epoch 11 end with average total error = 0.803041 and alpha = 0.386347
MASTER:added tree 
MASTER: Epoch 12 end with average total error = 0.826218 and alpha = 0.232703
MASTER:added tree 
MASTER: Epoch 13 end with average total error = 0.799752 and alpha = 0.407016
MASTER:added tree 
MASTER: Epoch 14 end with average total error = 0.811246 and alpha = 0.333634
MASTER:added tree 
MASTER: Epoch 15 end with average total error = 0.757387 and alpha = 0.653354
MASTER:added tree 
MASTER: Epoch 16 end with average total error = 0.829993 and alpha = 0.206185
MASTER:added tree 
MASTER: Epoch 17 end with average total error = 0.80906 and alpha = 0.347843
MASTER: Epoch 18 end with average total error = 0.856962 and alpha = 0.00147335
MASTER: Epoch 19 end with average total error = 0.857139 and alpha = 2.91496e-05
MASTER: Epoch 20 end with average total error = 0.857143 and alpha = 5.76584e-07
MASTER: Epoch 21 end with average total error = 0.857143 and alpha = 1.14049e-08
MASTER: Epoch 22 end with average total error = 0.857143 and alpha = 2.2559e-10
MASTER: Epoch 23 end with average total error = 0.857143 and alpha = 4.46043e-12
MASTER: Epoch 24 end with average total error = 0.857143 and alpha = 9.28146e-14
MASTER: Epoch 25 end with average total error = 0.857143 and alpha = -6.66134e-16
MASTER: Epoch 26 end with average total error = 0.857143 and alpha = 2.22045e-15
MASTER: Epoch 27 end with average total error = 0.857143 and alpha = -6.66134e-16
MASTER: Epoch 28 end with average total error = 0.857143 and alpha = 4.44089e-16
MASTER: Epoch 29 end with average total error = 0.857143 and alpha = -6.66134e-16
MASTER: Epoch 30 end with average total error = 0.857143 and alpha = 4.44089e-16
MASTER: Epoch 31 end with average total error = 0.857143 and alpha = -6.66134e-16
MASTER: Epoch 32 end with average total error = 0.857143 and alpha = 4.44089e-16
MASTER: Epoch 33 end with average total error = 0.857143 and alpha = -6.66134e-16
MASTER: Epoch 34 end with average total error = 0.857143 and alpha = 2.22045e-15
MASTER: Epoch 35 end with average total error = 0.857143 and alpha = -2.44249e-15
MASTER: Epoch 36 end with average total error = 0.857143 and alpha = -6.66134e-16
MASTER: Epoch 37 end with average total error = 0.857143 and alpha = 2.22045e-15
MASTER: Epoch 38 end with average total error = 0.857143 and alpha = -6.66134e-16
MASTER: Epoch 39 end with average total error = 0.857143 and alpha = 4.44089e-16
MASTER: Calculates the accuracy of the ensamble and its trees 
Ensabmle learning size = 18
Tree trained in epoch = 0 Accuracy = 0.606805
Tree trained in epoch = 1 Accuracy = 0.478443
Tree trained in epoch = 2 Accuracy = 0.461484
Tree trained in epoch = 3 Accuracy = 0.50866
Tree trained in epoch = 4 Accuracy = 0.436263
Tree trained in epoch = 5 Accuracy = 0.503726
Tree trained in epoch = 6 Accuracy = 0.5129
Tree trained in epoch = 7 Accuracy = 0.483807
Tree trained in epoch = 8 Accuracy = 0.497794
Tree trained in epoch = 9 Accuracy = 0.458403
Tree trained in epoch = 10 Accuracy = 0.450153
Tree trained in epoch = 11 Accuracy = 0.449889
Tree trained in epoch = 12 Accuracy = 0.495769
Tree trained in epoch = 13 Accuracy = 0.465052
Tree trained in epoch = 14 Accuracy = 0.417055
Tree trained in epoch = 15 Accuracy = 0.474811
Tree trained in epoch = 16 Accuracy = 0.460824
Tree trained in epoch = 17 Accuracy = 0.447451
Accuracy Ensabmle = 0.644745 for the test dataset  in 40 epochs
Accuracy Ensabmle = 0.695497 for the train dataset  in 40 epochs
Risultati scritti con successo nel file: ../res/risultati_adaboost-mpi_s5.txt per il valore 40
MASTER:added tree 
MASTER: Epoch 0 end with average total error = 0.345442 and alpha = 2.43089
MASTER:added tree 
MASTER: Epoch 1 end with average total error = 0.453254 and alpha = 1.97929
MASTER:added tree 
MASTER: Epoch 2 end with average total error = 0.517679 and alpha = 1.72101
MASTER:added tree 
MASTER: Epoch 3 end with average total error = 0.560514 and alpha = 1.54851
MASTER:added tree 
MASTER: Epoch 4 end with average total error = 0.589461 and alpha = 1.43002
MASTER:added tree 
MASTER: Epoch 5 end with average total error = 0.667605 and alpha = 1.09439
MASTER:added tree 
MASTER: Epoch 6 end with average total error = 0.716399 and alpha = 0.865091
MASTER:added tree 
MASTER: Epoch 7 end with average total error = 0.70245 and alpha = 0.932769
MASTER:added tree 
MASTER: Epoch 8 end with average total error = 0.732623 and alpha = 0.783786
MASTER:added tree 
MASTER: Epoch 9 end with average total error = 0.657917 and alpha = 1.13773
MASTER:added tree 
MASTER: Epoch 10 end with average total error = 0.745345 and alpha = 0.717823
MASTER:added tree 
MASTER: Epoch 11 end with average total error = 0.803041 and alpha = 0.386347
MASTER:added tree 
MASTER: Epoch 12 end with average total error = 0.826218 and alpha = 0.232703
MASTER:added tree 
MASTER: Epoch 13 end with average total error = 0.799752 and alpha = 0.407016
MASTER:added tree 
MASTER: Epoch 14 end with average total error = 0.811246 and alpha = 0.333634
MASTER:added tree 
MASTER: Epoch 15 end with average total error = 0.757387 and alpha = 0.653354
MASTER:added tree 
MASTER: Epoch 16 end with average total error = 0.829993 and alpha = 0.206185
MASTER:added tree 
MASTER: Epoch 17 end with average total error = 0.80906 and alpha = 0.347843
MASTER: Epoch 18 end with average total error = 0.856962 and alpha = 0.00147335
MASTER: Epoch 19 end with average total error = 0.857139 and alpha = 2.91496e-05
MASTER: Epoch 20 end with average total error = 0.857143 and alpha = 5.76584e-07
MASTER: Epoch 21 end with average total error = 0.857143 and alpha = 1.14049e-08
MASTER: Epoch 22 end with average total error = 0.857143 and alpha = 2.2559e-10
MASTER: Epoch 23 end with average total error = 0.857143 and alpha = 4.46043e-12
MASTER: Epoch 24 end with average total error = 0.857143 and alpha = 9.28146e-14
MASTER: Epoch 25 end with average total error = 0.857143 and alpha = -6.66134e-16
MASTER: Epoch 26 end with average total error = 0.857143 and alpha = 2.22045e-15
MASTER: Epoch 27 end with average total error = 0.857143 and alpha = -6.66134e-16
MASTER: Epoch 28 end with average total error = 0.857143 and alpha = 4.44089e-16
MASTER: Epoch 29 end with average total error = 0.857143 and alpha = -6.66134e-16
MASTER: Epoch 30 end with average total error = 0.857143 and alpha = 4.44089e-16
MASTER: Epoch 31 end with average total error = 0.857143 and alpha = -6.66134e-16
MASTER: Epoch 32 end with average total error = 0.857143 and alpha = 4.44089e-16
MASTER: Epoch 33 end with average total error = 0.857143 and alpha = -6.66134e-16
MASTER: Epoch 34 end with average total error = 0.857143 and alpha = 2.22045e-15
MASTER: Epoch 35 end with average total error = 0.857143 and alpha = -2.44249e-15
MASTER: Epoch 36 end with average total error = 0.857143 and alpha = -6.66134e-16
MASTER: Epoch 37 end with average total error = 0.857143 and alpha = 2.22045e-15
MASTER: Epoch 38 end with average total error = 0.857143 and alpha = -6.66134e-16
MASTER: Epoch 39 end with average total error = 0.857143 and alpha = 4.44089e-16
MASTER: Epoch 40 end with average total error = 0.857143 and alpha = 4.44089e-16
MASTER: Epoch 41 end with average total error = 0.857143 and alpha = -6.66134e-16
MASTER: Epoch 42 end with average total error = 0.857143 and alpha = 4.44089e-16
MASTER: Epoch 43 end with average total error = 0.857143 and alpha = 4.44089e-16
MASTER: Epoch 44 end with average total error = 0.857143 and alpha = -6.66134e-16
MASTER: Epoch 45 end with average total error = 0.857143 and alpha = 4.44089e-16
MASTER: Epoch 46 end with average total error = 0.857143 and alpha = -6.66134e-16
MASTER: Epoch 47 end with average total error = 0.857143 and alpha = 4.44089e-16
MASTER: Epoch 48 end with average total error = 0.857143 and alpha = -6.66134e-16
MASTER: Epoch 49 end with average total error = 0.857143 and alpha = -6.66134e-16
MASTER: Calculates the accuracy of the ensamble and its trees 
Ensabmle learning size = 18
Tree trained in epoch = 0 Accuracy = 0.606805
Tree trained in epoch = 1 Accuracy = 0.478443
Tree trained in epoch = 2 Accuracy = 0.461484
Tree trained in epoch = 3 Accuracy = 0.50866
Tree trained in epoch = 4 Accuracy = 0.436263
Tree trained in epoch = 5 Accuracy = 0.503726
Tree trained in epoch = 6 Accuracy = 0.5129
Tree trained in epoch = 7 Accuracy = 0.483807
Tree trained in epoch = 8 Accuracy = 0.497794
Tree trained in epoch = 9 Accuracy = 0.458403
Tree trained in epoch = 10 Accuracy = 0.450153
Tree trained in epoch = 11 Accuracy = 0.449889
Tree trained in epoch = 12 Accuracy = 0.495769
Tree trained in epoch = 13 Accuracy = 0.465052
Tree trained in epoch = 14 Accuracy = 0.417055
Tree trained in epoch = 15 Accuracy = 0.474811
Tree trained in epoch = 16 Accuracy = 0.460824
Tree trained in epoch = 17 Accuracy = 0.447451
Accuracy Ensabmle = 0.644745 for the test dataset  in 50 epochs
Accuracy Ensabmle = 0.695497 for the train dataset  in 50 epochs
Risultati scritti con successo nel file: ../res/risultati_adaboost-mpi_s5.txt per il valore 50
MASTER:added tree 
MASTER: Epoch 0 end with average total error = 0.345442 and alpha = 2.43089
MASTER:added tree 
MASTER: Epoch 1 end with average total error = 0.453254 and alpha = 1.97929
MASTER:added tree 
MASTER: Epoch 2 end with average total error = 0.517679 and alpha = 1.72101
MASTER:added tree 
MASTER: Epoch 3 end with average total error = 0.560514 and alpha = 1.54851
MASTER:added tree 
MASTER: Epoch 4 end with average total error = 0.589461 and alpha = 1.43002
MASTER:added tree 
MASTER: Epoch 5 end with average total error = 0.667605 and alpha = 1.09439
MASTER:added tree 
MASTER: Epoch 6 end with average total error = 0.716399 and alpha = 0.865091
MASTER:added tree 
MASTER: Epoch 7 end with average total error = 0.70245 and alpha = 0.932769
MASTER:added tree 
MASTER: Epoch 8 end with average total error = 0.732623 and alpha = 0.783786
MASTER:added tree 
MASTER: Epoch 9 end with average total error = 0.657917 and alpha = 1.13773
MASTER:added tree 
MASTER: Epoch 10 end with average total error = 0.745345 and alpha = 0.717823
MASTER:added tree 
MASTER: Epoch 11 end with average total error = 0.803041 and alpha = 0.386347
MASTER:added tree 
MASTER: Epoch 12 end with average total error = 0.826218 and alpha = 0.232703
MASTER:added tree 
MASTER: Epoch 13 end with average total error = 0.799752 and alpha = 0.407016
MASTER:added tree 
MASTER: Epoch 14 end with average total error = 0.811246 and alpha = 0.333634
MASTER:added tree 
MASTER: Epoch 15 end with average total error = 0.757387 and alpha = 0.653354
MASTER:added tree 
MASTER: Epoch 16 end with average total error = 0.829993 and alpha = 0.206185
MASTER:added tree 
MASTER: Epoch 17 end with average total error = 0.80906 and alpha = 0.347843
MASTER: Epoch 18 end with average total error = 0.856962 and alpha = 0.00147335
MASTER: Epoch 19 end with average total error = 0.857139 and alpha = 2.91496e-05
MASTER: Epoch 20 end with average total error = 0.857143 and alpha = 5.76584e-07
MASTER: Epoch 21 end with average total error = 0.857143 and alpha = 1.14049e-08
MASTER: Epoch 22 end with average total error = 0.857143 and alpha = 2.2559e-10
MASTER: Epoch 23 end with average total error = 0.857143 and alpha = 4.46043e-12
MASTER: Epoch 24 end with average total error = 0.857143 and alpha = 9.28146e-14
MASTER: Epoch 25 end with average total error = 0.857143 and alpha = -6.66134e-16
MASTER: Epoch 26 end with average total error = 0.857143 and alpha = 2.22045e-15
MASTER: Epoch 27 end with average total error = 0.857143 and alpha = -6.66134e-16
MASTER: Epoch 28 end with average total error = 0.857143 and alpha = 4.44089e-16
MASTER: Epoch 29 end with average total error = 0.857143 and alpha = -6.66134e-16
MASTER: Epoch 30 end with average total error = 0.857143 and alpha = 4.44089e-16
MASTER: Epoch 31 end with average total error = 0.857143 and alpha = -6.66134e-16
MASTER: Epoch 32 end with average total error = 0.857143 and alpha = 4.44089e-16
MASTER: Epoch 33 end with average total error = 0.857143 and alpha = -6.66134e-16
MASTER: Epoch 34 end with average total error = 0.857143 and alpha = 2.22045e-15
MASTER: Epoch 35 end with average total error = 0.857143 and alpha = -2.44249e-15
MASTER: Epoch 36 end with average total error = 0.857143 and alpha = -6.66134e-16
MASTER: Epoch 37 end with average total error = 0.857143 and alpha = 2.22045e-15
MASTER: Epoch 38 end with average total error = 0.857143 and alpha = -6.66134e-16
MASTER: Epoch 39 end with average total error = 0.857143 and alpha = 4.44089e-16
MASTER: Epoch 40 end with average total error = 0.857143 and alpha = 4.44089e-16
MASTER: Epoch 41 end with average total error = 0.857143 and alpha = -6.66134e-16
MASTER: Epoch 42 end with average total error = 0.857143 and alpha = 4.44089e-16
MASTER: Epoch 43 end with average total error = 0.857143 and alpha = 4.44089e-16
MASTER: Epoch 44 end with average total error = 0.857143 and alpha = -6.66134e-16
MASTER: Epoch 45 end with average total error = 0.857143 and alpha = 4.44089e-16
MASTER: Epoch 46 end with average total error = 0.857143 and alpha = -6.66134e-16
MASTER: Epoch 47 end with average total error = 0.857143 and alpha = 4.44089e-16
MASTER: Epoch 48 end with average total error = 0.857143 and alpha = -6.66134e-16
MASTER: Epoch 49 end with average total error = 0.857143 and alpha = -6.66134e-16
MASTER: Epoch 50 end with average total error = 0.857143 and alpha = -6.66134e-16
MASTER: Epoch 51 end with average total error = 0.857143 and alpha = 4.44089e-16
MASTER: Epoch 52 end with average total error = 0.857143 and alpha = 4.44089e-16
MASTER: Epoch 53 end with average total error = 0.857143 and alpha = -6.66134e-16
MASTER: Epoch 54 end with average total error = 0.857143 and alpha = -6.66134e-16
MASTER: Epoch 55 end with average total error = 0.857143 and alpha = 2.22045e-15
MASTER: Epoch 56 end with average total error = 0.857143 and alpha = -6.66134e-16
MASTER: Epoch 57 end with average total error = 0.857143 and alpha = -6.66134e-16
MASTER: Epoch 58 end with average total error = 0.857143 and alpha = 4.44089e-16
MASTER: Epoch 59 end with average total error = 0.857143 and alpha = 4.44089e-16
MASTER: Epoch 60 end with average total error = 0.857143 and alpha = -6.66134e-16
MASTER: Epoch 61 end with average total error = 0.857143 and alpha = 4.44089e-16
MASTER: Epoch 62 end with average total error = 0.857143 and alpha = -6.66134e-16
MASTER: Epoch 63 end with average total error = 0.857143 and alpha = 4.44089e-16
MASTER: Epoch 64 end with average total error = 0.857143 and alpha = 4.44089e-16
MASTER: Epoch 65 end with average total error = 0.857143 and alpha = 4.44089e-16
MASTER: Epoch 66 end with average total error = 0.857143 and alpha = -6.66134e-16
MASTER: Epoch 67 end with average total error = 0.857143 and alpha = 4.44089e-16
MASTER: Epoch 68 end with average total error = 0.857143 and alpha = -6.66134e-16
MASTER: Epoch 69 end with average total error = 0.857143 and alpha = -6.66134e-16
MASTER: Epoch 70 end with average total error = 0.857143 and alpha = -6.66134e-16
MASTER: Epoch 71 end with average total error = 0.857143 and alpha = 4.44089e-16
MASTER: Epoch 72 end with average total error = 0.857143 and alpha = 2.22045e-15
MASTER: Epoch 73 end with average total error = 0.857143 and alpha = -6.66134e-16
MASTER: Epoch 74 end with average total error = 0.857143 and alpha = -6.66134e-16
MASTER: Epoch 75 end with average total error = 0.857143 and alpha = -6.66134e-16
MASTER: Epoch 76 end with average total error = 0.857143 and alpha = -6.66134e-16
MASTER: Epoch 77 end with average total error = 0.857143 and alpha = 4.44089e-16
MASTER: Epoch 78 end with average total error = 0.857143 and alpha = 2.22045e-15
MASTER: Epoch 79 end with average total error = 0.857143 and alpha = -6.66134e-16
MASTER: Epoch 80 end with average total error = 0.857143 and alpha = -6.66134e-16
MASTER: Epoch 81 end with average total error = 0.857143 and alpha = -6.66134e-16
MASTER: Epoch 82 end with average total error = 0.857143 and alpha = -6.66134e-16
MASTER: Epoch 83 end with average total error = 0.857143 and alpha = 2.22045e-15
MASTER: Epoch 84 end with average total error = 0.857143 and alpha = -6.66134e-16
MASTER: Epoch 85 end with average total error = 0.857143 and alpha = 4.44089e-16
MASTER: Epoch 86 end with average total error = 0.857143 and alpha = 4.44089e-16
MASTER: Epoch 87 end with average total error = 0.857143 and alpha = -6.66134e-16
MASTER: Epoch 88 end with average total error = 0.857143 and alpha = -6.66134e-16
MASTER: Epoch 89 end with average total error = 0.857143 and alpha = 4.44089e-16
MASTER: Epoch 90 end with average total error = 0.857143 and alpha = 4.44089e-16
MASTER: Epoch 91 end with average total error = 0.857143 and alpha = 4.44089e-16
MASTER: Epoch 92 end with average total error = 0.857143 and alpha = -6.66134e-16
MASTER: Epoch 93 end with average total error = 0.857143 and alpha = 4.44089e-16
MASTER: Epoch 94 end with average total error = 0.857143 and alpha = 4.44089e-16
MASTER: Epoch 95 end with average total error = 0.857143 and alpha = -6.66134e-16
MASTER: Epoch 96 end with average total error = 0.857143 and alpha = -6.66134e-16
MASTER: Epoch 97 end with average total error = 0.857143 and alpha = 4.44089e-16
MASTER: Epoch 98 end with average total error = 0.857143 and alpha = 4.44089e-16
MASTER: Epoch 99 end with average total error = 0.857143 and alpha = -6.66134e-16
MASTER: Calculates the accuracy of the ensamble and its trees 
Ensabmle learning size = 18
Tree trained in epoch = 0 Accuracy = 0.606805
Tree trained in epoch = 1 Accuracy = 0.478443
Tree trained in epoch = 2 Accuracy = 0.461484
Tree trained in epoch = 3 Accuracy = 0.50866
Tree trained in epoch = 4 Accuracy = 0.436263
Tree trained in epoch = 5 Accuracy = 0.503726
Tree trained in epoch = 6 Accuracy = 0.5129
Tree trained in epoch = 7 Accuracy = 0.483807
Tree trained in epoch = 8 Accuracy = 0.497794
Tree trained in epoch = 9 Accuracy = 0.458403
Tree trained in epoch = 10 Accuracy = 0.450153
Tree trained in epoch = 11 Accuracy = 0.449889
Tree trained in epoch = 12 Accuracy = 0.495769
Tree trained in epoch = 13 Accuracy = 0.465052
Tree trained in epoch = 14 Accuracy = 0.417055
Tree trained in epoch = 15 Accuracy = 0.474811
Tree trained in epoch = 16 Accuracy = 0.460824
Tree trained in epoch = 17 Accuracy = 0.447451
Accuracy Ensabmle = 0.644745 for the test dataset  in 100 epochs
Accuracy Ensabmle = 0.695497 for the train dataset  in 100 epochs
Risultati scritti con successo nel file: ../res/risultati_adaboost-mpi_s5.txt per il valore 100
