-- The C compiler identification is GNU 9.4.0
-- The CXX compiler identification is GNU 9.4.0
-- Detecting C compiler ABI info
-- Detecting C compiler ABI info - done
-- Check for working C compiler: /beegfs/home/echiavazza/spack/opt/spack/linux-ubuntu20.04-cascadelake/gcc-9.4.0/openmpi-5.0.3-ocjjgvvgpy4ulxfz3damtdseryljeeuh/bin/mpicc - skipped
-- Detecting C compile features
-- Detecting C compile features - done
-- Detecting CXX compiler ABI info
-- Detecting CXX compiler ABI info - done
-- Check for working CXX compiler: /beegfs/home/echiavazza/spack/opt/spack/linux-ubuntu20.04-cascadelake/gcc-9.4.0/openmpi-5.0.3-ocjjgvvgpy4ulxfz3damtdseryljeeuh/bin/mpicxx - skipped
-- Detecting CXX compile features
-- Detecting CXX compile features - done
-- Found MPI_C: mpicc (found version "3.1") 
-- Found MPI_CXX: mpicxx (found version "3.1") 
-- Found MPI: TRUE (found version "3.1")  
-- Found PkgConfig: /usr/bin/pkg-config (found version "0.29.1") 
-- Checking for module 'mlpack'
--   Found mlpack, version 4.2.0
-- Configuring done (7.6s)
-- Generating done (0.1s)
-- Build files have been written to: /beegfs/home/echiavazza/unito-scpd/adaboost-mpi/build
[ 25%] Building CXX object CMakeFiles/data_lib.dir/src/data_lib/datalib.cpp.o
[ 25%] Building CXX object CMakeFiles/communication_lib.dir/src/communication_lib/libcomm.cpp.o
[ 50%] Linking CXX static library /beegfs/home/echiavazza/unito-scpd/adaboost-mpi/obj/libdata_lib.a
[ 50%] Linking CXX static library /beegfs/home/echiavazza/unito-scpd/adaboost-mpi/obj/libcommunication_lib.a
[ 50%] Built target data_lib
[ 50%] Built target communication_lib
[ 87%] Building CXX object CMakeFiles/adaboost-mpi.dir/src/main.cpp.o
[ 87%] Building CXX object CMakeFiles/adaboost-mpi.dir/src/data_lib/datalib.cpp.o
[ 87%] Building CXX object CMakeFiles/adaboost-mpi.dir/src/communication_lib/libcomm.cpp.o
[100%] Linking CXX executable /beegfs/home/echiavazza/unito-scpd/adaboost-mpi/bin/adaboost-mpi
[100%] Built target adaboost-mpi
MASTER: Uploads and distributes data among 143 clients 
MASTER: start send
MASTER: end send
RANK1: NUM DATA 2845
MASTER:added tree 
MASTER: Epoch 0 end with average total error = 0.340305 and alpha = 2.45369
MASTER:added tree 
MASTER: Epoch 1 end with average total error = 0.479049 and alpha = 1.87561
MASTER:added tree 
MASTER: Epoch 2 end with average total error = 0.530769 and alpha = 1.66853
MASTER:added tree 
MASTER: Epoch 3 end with average total error = 0.541343 and alpha = 1.62601
MASTER:added tree 
MASTER: Epoch 4 end with average total error = 0.559951 and alpha = 1.5508
MASTER: Calculates the accuracy of the ensamble and its trees 
Ensabmle learning size = 5
Tree trained in epoch = 0 Accuracy = 0.634349
Tree trained in epoch = 1 Accuracy = 0.450744
Tree trained in epoch = 2 Accuracy = 0.508557
Tree trained in epoch = 3 Accuracy = 0.346012
Tree trained in epoch = 4 Accuracy = 0.447766
Accuracy Ensabmle = 0.599032 for the test dataset  in 5 epochs
Accuracy Ensabmle = 0.638223 for the train dataset  in 5 epochs
Risultati scritti con successo nel file: ../res/risultati_adaboost-mpi_s4.txt per il valore 5
MASTER:added tree 
MASTER: Epoch 0 end with average total error = 0.340305 and alpha = 2.45369
MASTER:added tree 
MASTER: Epoch 1 end with average total error = 0.479049 and alpha = 1.87561
MASTER:added tree 
MASTER: Epoch 2 end with average total error = 0.530769 and alpha = 1.66853
MASTER:added tree 
MASTER: Epoch 3 end with average total error = 0.541343 and alpha = 1.62601
MASTER:added tree 
MASTER: Epoch 4 end with average total error = 0.559951 and alpha = 1.5508
MASTER:added tree 
MASTER: Epoch 5 end with average total error = 0.592484 and alpha = 1.41752
MASTER:added tree 
MASTER: Epoch 6 end with average total error = 0.621503 and alpha = 1.29583
MASTER:added tree 
MASTER: Epoch 7 end with average total error = 0.643173 and alpha = 1.2026
MASTER:added tree 
MASTER: Epoch 8 end with average total error = 0.664679 and alpha = 1.10754
MASTER:added tree 
MASTER: Epoch 9 end with average total error = 0.711893 and alpha = 0.887164
MASTER: Calculates the accuracy of the ensamble and its trees 
Ensabmle learning size = 10
Tree trained in epoch = 0 Accuracy = 0.634349
Tree trained in epoch = 1 Accuracy = 0.450744
Tree trained in epoch = 2 Accuracy = 0.508557
Tree trained in epoch = 3 Accuracy = 0.346012
Tree trained in epoch = 4 Accuracy = 0.447766
Tree trained in epoch = 5 Accuracy = 0.482338
Tree trained in epoch = 6 Accuracy = 0.524954
Tree trained in epoch = 7 Accuracy = 0.519779
Tree trained in epoch = 8 Accuracy = 0.474857
Tree trained in epoch = 9 Accuracy = 0.44869
Accuracy Ensabmle = 0.636168 for the test dataset  in 10 epochs
Accuracy Ensabmle = 0.680944 for the train dataset  in 10 epochs
Risultati scritti con successo nel file: ../res/risultati_adaboost-mpi_s4.txt per il valore 10
MASTER:added tree 
MASTER: Epoch 0 end with average total error = 0.340305 and alpha = 2.45369
MASTER:added tree 
MASTER: Epoch 1 end with average total error = 0.479049 and alpha = 1.87561
MASTER:added tree 
MASTER: Epoch 2 end with average total error = 0.530769 and alpha = 1.66853
MASTER:added tree 
MASTER: Epoch 3 end with average total error = 0.541343 and alpha = 1.62601
MASTER:added tree 
MASTER: Epoch 4 end with average total error = 0.559951 and alpha = 1.5508
MASTER:added tree 
MASTER: Epoch 5 end with average total error = 0.592484 and alpha = 1.41752
MASTER:added tree 
MASTER: Epoch 6 end with average total error = 0.621503 and alpha = 1.29583
MASTER:added tree 
MASTER: Epoch 7 end with average total error = 0.643173 and alpha = 1.2026
MASTER:added tree 
MASTER: Epoch 8 end with average total error = 0.664679 and alpha = 1.10754
MASTER:added tree 
MASTER: Epoch 9 end with average total error = 0.711893 and alpha = 0.887164
MASTER:added tree 
MASTER: Epoch 10 end with average total error = 0.712214 and alpha = 0.885597
MASTER:added tree 
MASTER: Epoch 11 end with average total error = 0.753954 and alpha = 0.671948
MASTER:added tree 
MASTER: Epoch 12 end with average total error = 0.758259 and alpha = 0.648601
MASTER:added tree 
MASTER: Epoch 13 end with average total error = 0.759193 and alpha = 0.643497
MASTER:added tree 
MASTER: Epoch 14 end with average total error = 0.786652 and alpha = 0.486901
MASTER:added tree 
MASTER: Epoch 15 end with average total error = 0.810672 and alpha = 0.337374
MASTER:added tree 
MASTER: Epoch 16 end with average total error = 0.78828 and alpha = 0.47717
MASTER:added tree 
MASTER: Epoch 17 end with average total error = 0.808618 and alpha = 0.350702
MASTER:added tree 
MASTER: Epoch 18 end with average total error = 0.8432 and alpha = 0.109528
MASTER:added tree 
MASTER: Epoch 19 end with average total error = 0.818498 and alpha = 0.285552
MASTER: Calculates the accuracy of the ensamble and its trees 
Ensabmle learning size = 20
Tree trained in epoch = 0 Accuracy = 0.634349
Tree trained in epoch = 1 Accuracy = 0.450744
Tree trained in epoch = 2 Accuracy = 0.508557
Tree trained in epoch = 3 Accuracy = 0.346012
Tree trained in epoch = 4 Accuracy = 0.447766
Tree trained in epoch = 5 Accuracy = 0.482338
Tree trained in epoch = 6 Accuracy = 0.524954
Tree trained in epoch = 7 Accuracy = 0.519779
Tree trained in epoch = 8 Accuracy = 0.474857
Tree trained in epoch = 9 Accuracy = 0.44869
Tree trained in epoch = 10 Accuracy = 0.449946
Tree trained in epoch = 11 Accuracy = 0.461277
Tree trained in epoch = 12 Accuracy = 0.483916
Tree trained in epoch = 13 Accuracy = 0.486939
Tree trained in epoch = 14 Accuracy = 0.514948
Tree trained in epoch = 15 Accuracy = 0.487794
Tree trained in epoch = 16 Accuracy = 0.471283
Tree trained in epoch = 17 Accuracy = 0.43659
Tree trained in epoch = 18 Accuracy = 0.47597
Tree trained in epoch = 19 Accuracy = 0.407635
Accuracy Ensabmle = 0.654229 for the test dataset  in 20 epochs
Accuracy Ensabmle = 0.704725 for the train dataset  in 20 epochs
Risultati scritti con successo nel file: ../res/risultati_adaboost-mpi_s4.txt per il valore 20
MASTER:added tree 
MASTER: Epoch 0 end with average total error = 0.340305 and alpha = 2.45369
MASTER:added tree 
MASTER: Epoch 1 end with average total error = 0.479049 and alpha = 1.87561
MASTER:added tree 
MASTER: Epoch 2 end with average total error = 0.530769 and alpha = 1.66853
MASTER:added tree 
MASTER: Epoch 3 end with average total error = 0.541343 and alpha = 1.62601
MASTER:added tree 
MASTER: Epoch 4 end with average total error = 0.559951 and alpha = 1.5508
MASTER:added tree 
MASTER: Epoch 5 end with average total error = 0.592484 and alpha = 1.41752
MASTER:added tree 
MASTER: Epoch 6 end with average total error = 0.621503 and alpha = 1.29583
MASTER:added tree 
MASTER: Epoch 7 end with average total error = 0.643173 and alpha = 1.2026
MASTER:added tree 
MASTER: Epoch 8 end with average total error = 0.664679 and alpha = 1.10754
MASTER:added tree 
MASTER: Epoch 9 end with average total error = 0.711893 and alpha = 0.887164
MASTER:added tree 
MASTER: Epoch 10 end with average total error = 0.712214 and alpha = 0.885597
MASTER:added tree 
MASTER: Epoch 11 end with average total error = 0.753954 and alpha = 0.671948
MASTER:added tree 
MASTER: Epoch 12 end with average total error = 0.758259 and alpha = 0.648601
MASTER:added tree 
MASTER: Epoch 13 end with average total error = 0.759193 and alpha = 0.643497
MASTER:added tree 
MASTER: Epoch 14 end with average total error = 0.786652 and alpha = 0.486901
MASTER:added tree 
MASTER: Epoch 15 end with average total error = 0.810672 and alpha = 0.337374
MASTER:added tree 
MASTER: Epoch 16 end with average total error = 0.78828 and alpha = 0.47717
MASTER:added tree 
MASTER: Epoch 17 end with average total error = 0.808618 and alpha = 0.350702
MASTER:added tree 
MASTER: Epoch 18 end with average total error = 0.8432 and alpha = 0.109528
MASTER:added tree 
MASTER: Epoch 19 end with average total error = 0.818498 and alpha = 0.285552
MASTER:added tree 
MASTER: Epoch 20 end with average total error = 0.854725 and alpha = 0.019606
MASTER: Epoch 21 end with average total error = 0.873386 and alpha = -0.139476
MASTER:added tree 
MASTER: Epoch 22 end with average total error = 0.834057 and alpha = 0.177105
MASTER:added tree 
MASTER: Epoch 23 end with average total error = 0.846884 and alpha = 0.0813886
MASTER:added tree 
MASTER: Epoch 24 end with average total error = 0.826655 and alpha = 0.229656
MASTER:added tree 
MASTER: Epoch 25 end with average total error = 0.839344 and alpha = 0.138403
MASTER:added tree 
MASTER: Epoch 26 end with average total error = 0.83647 and alpha = 0.159568
MASTER:added tree 
MASTER: Epoch 27 end with average total error = 0.850594 and alpha = 0.0524931
MASTER:added tree 
MASTER: Epoch 28 end with average total error = 0.836397 and alpha = 0.1601
MASTER: Epoch 29 end with average total error = 0.871477 and alpha = -0.122325
MASTER: Calculates the accuracy of the ensamble and its trees 
Ensabmle learning size = 28
Tree trained in epoch = 0 Accuracy = 0.634349
Tree trained in epoch = 1 Accuracy = 0.450744
Tree trained in epoch = 2 Accuracy = 0.508557
Tree trained in epoch = 3 Accuracy = 0.346012
Tree trained in epoch = 4 Accuracy = 0.447766
Tree trained in epoch = 5 Accuracy = 0.482338
Tree trained in epoch = 6 Accuracy = 0.524954
Tree trained in epoch = 7 Accuracy = 0.519779
Tree trained in epoch = 8 Accuracy = 0.474857
Tree trained in epoch = 9 Accuracy = 0.44869
Tree trained in epoch = 10 Accuracy = 0.449946
Tree trained in epoch = 11 Accuracy = 0.461277
Tree trained in epoch = 12 Accuracy = 0.483916
Tree trained in epoch = 13 Accuracy = 0.486939
Tree trained in epoch = 14 Accuracy = 0.514948
Tree trained in epoch = 15 Accuracy = 0.487794
Tree trained in epoch = 16 Accuracy = 0.471283
Tree trained in epoch = 17 Accuracy = 0.43659
Tree trained in epoch = 18 Accuracy = 0.47597
Tree trained in epoch = 19 Accuracy = 0.407635
Tree trained in epoch = 20 Accuracy = 0.507214
Tree trained in epoch = 21 Accuracy = 0.489888
Tree trained in epoch = 22 Accuracy = 0.501982
Tree trained in epoch = 23 Accuracy = 0.49414
Tree trained in epoch = 24 Accuracy = 0.482189
Tree trained in epoch = 25 Accuracy = 0.492975
Tree trained in epoch = 26 Accuracy = 0.499705
Tree trained in epoch = 27 Accuracy = 0.485115
Accuracy Ensabmle = 0.658457 for the test dataset  in 30 epochs
Accuracy Ensabmle = 0.708821 for the train dataset  in 30 epochs
Risultati scritti con successo nel file: ../res/risultati_adaboost-mpi_s4.txt per il valore 30
MASTER:added tree 
MASTER: Epoch 0 end with average total error = 0.340305 and alpha = 2.45369
MASTER:added tree 
MASTER: Epoch 1 end with average total error = 0.479049 and alpha = 1.87561
MASTER:added tree 
MASTER: Epoch 2 end with average total error = 0.530769 and alpha = 1.66853
MASTER:added tree 
MASTER: Epoch 3 end with average total error = 0.541343 and alpha = 1.62601
MASTER:added tree 
MASTER: Epoch 4 end with average total error = 0.559951 and alpha = 1.5508
MASTER:added tree 
MASTER: Epoch 5 end with average total error = 0.592484 and alpha = 1.41752
MASTER:added tree 
MASTER: Epoch 6 end with average total error = 0.621503 and alpha = 1.29583
MASTER:added tree 
MASTER: Epoch 7 end with average total error = 0.643173 and alpha = 1.2026
MASTER:added tree 
MASTER: Epoch 8 end with average total error = 0.664679 and alpha = 1.10754
MASTER:added tree 
MASTER: Epoch 9 end with average total error = 0.711893 and alpha = 0.887164
MASTER:added tree 
MASTER: Epoch 10 end with average total error = 0.712214 and alpha = 0.885597
MASTER:added tree 
MASTER: Epoch 11 end with average total error = 0.753954 and alpha = 0.671948
MASTER:added tree 
MASTER: Epoch 12 end with average total error = 0.758259 and alpha = 0.648601
MASTER:added tree 
MASTER: Epoch 13 end with average total error = 0.759193 and alpha = 0.643497
MASTER:added tree 
MASTER: Epoch 14 end with average total error = 0.786652 and alpha = 0.486901
MASTER:added tree 
MASTER: Epoch 15 end with average total error = 0.810672 and alpha = 0.337374
MASTER:added tree 
MASTER: Epoch 16 end with average total error = 0.78828 and alpha = 0.47717
MASTER:added tree 
MASTER: Epoch 17 end with average total error = 0.808618 and alpha = 0.350702
MASTER:added tree 
MASTER: Epoch 18 end with average total error = 0.8432 and alpha = 0.109528
MASTER:added tree 
MASTER: Epoch 19 end with average total error = 0.818498 and alpha = 0.285552
MASTER:added tree 
MASTER: Epoch 20 end with average total error = 0.854725 and alpha = 0.019606
MASTER: Epoch 21 end with average total error = 0.873386 and alpha = -0.139476
MASTER:added tree 
MASTER: Epoch 22 end with average total error = 0.834057 and alpha = 0.177105
MASTER:added tree 
MASTER: Epoch 23 end with average total error = 0.846884 and alpha = 0.0813886
MASTER:added tree 
MASTER: Epoch 24 end with average total error = 0.826655 and alpha = 0.229656
MASTER:added tree 
MASTER: Epoch 25 end with average total error = 0.839344 and alpha = 0.138403
MASTER:added tree 
MASTER: Epoch 26 end with average total error = 0.83647 and alpha = 0.159568
MASTER:added tree 
MASTER: Epoch 27 end with average total error = 0.850594 and alpha = 0.0524931
MASTER:added tree 
MASTER: Epoch 28 end with average total error = 0.836397 and alpha = 0.1601
MASTER: Epoch 29 end with average total error = 0.871477 and alpha = -0.122325
MASTER:added tree 
MASTER: Epoch 30 end with average total error = 0.852104 and alpha = 0.0405614
MASTER: Epoch 31 end with average total error = 0.860112 and alpha = -0.0244646
MASTER: Epoch 32 end with average total error = 0.858913 and alpha = -0.0145316
MASTER: Epoch 33 end with average total error = 0.856726 and alpha = 0.00339825
MASTER: Epoch 34 end with average total error = 0.85713 and alpha = 0.000109075
MASTER: Epoch 35 end with average total error = 0.857142 and alpha = 3.4988e-06
MASTER: Epoch 36 end with average total error = 0.857143 and alpha = 1.12229e-07
MASTER: Epoch 37 end with average total error = 0.857143 and alpha = 3.59988e-09
MASTER: Epoch 38 end with average total error = 0.857143 and alpha = 1.1547e-10
MASTER: Epoch 39 end with average total error = 0.857143 and alpha = 3.70703e-12
MASTER: Calculates the accuracy of the ensamble and its trees 
Ensabmle learning size = 29
Tree trained in epoch = 0 Accuracy = 0.634349
Tree trained in epoch = 1 Accuracy = 0.450744
Tree trained in epoch = 2 Accuracy = 0.508557
Tree trained in epoch = 3 Accuracy = 0.346012
Tree trained in epoch = 4 Accuracy = 0.447766
Tree trained in epoch = 5 Accuracy = 0.482338
Tree trained in epoch = 6 Accuracy = 0.524954
Tree trained in epoch = 7 Accuracy = 0.519779
Tree trained in epoch = 8 Accuracy = 0.474857
Tree trained in epoch = 9 Accuracy = 0.44869
Tree trained in epoch = 10 Accuracy = 0.449946
Tree trained in epoch = 11 Accuracy = 0.461277
Tree trained in epoch = 12 Accuracy = 0.483916
Tree trained in epoch = 13 Accuracy = 0.486939
Tree trained in epoch = 14 Accuracy = 0.514948
Tree trained in epoch = 15 Accuracy = 0.487794
Tree trained in epoch = 16 Accuracy = 0.471283
Tree trained in epoch = 17 Accuracy = 0.43659
Tree trained in epoch = 18 Accuracy = 0.47597
Tree trained in epoch = 19 Accuracy = 0.407635
Tree trained in epoch = 20 Accuracy = 0.507214
Tree trained in epoch = 21 Accuracy = 0.489888
Tree trained in epoch = 22 Accuracy = 0.501982
Tree trained in epoch = 23 Accuracy = 0.49414
Tree trained in epoch = 24 Accuracy = 0.482189
Tree trained in epoch = 25 Accuracy = 0.492975
Tree trained in epoch = 26 Accuracy = 0.499705
Tree trained in epoch = 27 Accuracy = 0.485115
Tree trained in epoch = 28 Accuracy = 0.452476
Accuracy Ensabmle = 0.658646 for the test dataset  in 40 epochs
Accuracy Ensabmle = 0.708782 for the train dataset  in 40 epochs
Risultati scritti con successo nel file: ../res/risultati_adaboost-mpi_s4.txt per il valore 40
MASTER:added tree 
MASTER: Epoch 0 end with average total error = 0.340305 and alpha = 2.45369
MASTER:added tree 
MASTER: Epoch 1 end with average total error = 0.479049 and alpha = 1.87561
MASTER:added tree 
MASTER: Epoch 2 end with average total error = 0.530769 and alpha = 1.66853
MASTER:added tree 
MASTER: Epoch 3 end with average total error = 0.541343 and alpha = 1.62601
MASTER:added tree 
MASTER: Epoch 4 end with average total error = 0.559951 and alpha = 1.5508
MASTER:added tree 
MASTER: Epoch 5 end with average total error = 0.592484 and alpha = 1.41752
MASTER:added tree 
MASTER: Epoch 6 end with average total error = 0.621503 and alpha = 1.29583
MASTER:added tree 
MASTER: Epoch 7 end with average total error = 0.643173 and alpha = 1.2026
MASTER:added tree 
MASTER: Epoch 8 end with average total error = 0.664679 and alpha = 1.10754
MASTER:added tree 
MASTER: Epoch 9 end with average total error = 0.711893 and alpha = 0.887164
MASTER:added tree 
MASTER: Epoch 10 end with average total error = 0.712214 and alpha = 0.885597
MASTER:added tree 
MASTER: Epoch 11 end with average total error = 0.753954 and alpha = 0.671948
MASTER:added tree 
MASTER: Epoch 12 end with average total error = 0.758259 and alpha = 0.648601
MASTER:added tree 
MASTER: Epoch 13 end with average total error = 0.759193 and alpha = 0.643497
MASTER:added tree 
MASTER: Epoch 14 end with average total error = 0.786652 and alpha = 0.486901
MASTER:added tree 
MASTER: Epoch 15 end with average total error = 0.810672 and alpha = 0.337374
MASTER:added tree 
MASTER: Epoch 16 end with average total error = 0.78828 and alpha = 0.47717
MASTER:added tree 
MASTER: Epoch 17 end with average total error = 0.808618 and alpha = 0.350702
MASTER:added tree 
MASTER: Epoch 18 end with average total error = 0.8432 and alpha = 0.109528
MASTER:added tree 
MASTER: Epoch 19 end with average total error = 0.818498 and alpha = 0.285552
MASTER:added tree 
MASTER: Epoch 20 end with average total error = 0.854725 and alpha = 0.019606
MASTER: Epoch 21 end with average total error = 0.873386 and alpha = -0.139476
MASTER:added tree 
MASTER: Epoch 22 end with average total error = 0.834057 and alpha = 0.177105
MASTER:added tree 
MASTER: Epoch 23 end with average total error = 0.846884 and alpha = 0.0813886
MASTER:added tree 
MASTER: Epoch 24 end with average total error = 0.826655 and alpha = 0.229656
MASTER:added tree 
MASTER: Epoch 25 end with average total error = 0.839344 and alpha = 0.138403
MASTER:added tree 
MASTER: Epoch 26 end with average total error = 0.83647 and alpha = 0.159568
MASTER:added tree 
MASTER: Epoch 27 end with average total error = 0.850594 and alpha = 0.0524931
MASTER:added tree 
MASTER: Epoch 28 end with average total error = 0.836397 and alpha = 0.1601
MASTER: Epoch 29 end with average total error = 0.871477 and alpha = -0.122325
MASTER:added tree 
MASTER: Epoch 30 end with average total error = 0.852104 and alpha = 0.0405614
MASTER: Epoch 31 end with average total error = 0.860112 and alpha = -0.0244646
MASTER: Epoch 32 end with average total error = 0.858913 and alpha = -0.0145316
MASTER: Epoch 33 end with average total error = 0.856726 and alpha = 0.00339825
MASTER: Epoch 34 end with average total error = 0.85713 and alpha = 0.000109075
MASTER: Epoch 35 end with average total error = 0.857142 and alpha = 3.4988e-06
MASTER: Epoch 36 end with average total error = 0.857143 and alpha = 1.12229e-07
MASTER: Epoch 37 end with average total error = 0.857143 and alpha = 3.59988e-09
MASTER: Epoch 38 end with average total error = 0.857143 and alpha = 1.1547e-10
MASTER: Epoch 39 end with average total error = 0.857143 and alpha = 3.70703e-12
MASTER: Epoch 40 end with average total error = 0.857143 and alpha = 1.1724e-13
MASTER: Epoch 41 end with average total error = 0.857143 and alpha = 5.77316e-15
MASTER: Epoch 42 end with average total error = 0.857143 and alpha = 4.44089e-16
MASTER: Epoch 43 end with average total error = 0.857143 and alpha = -6.66134e-16
MASTER: Epoch 44 end with average total error = 0.857143 and alpha = 4.44089e-16
MASTER: Epoch 45 end with average total error = 0.857143 and alpha = -6.66134e-16
MASTER: Epoch 46 end with average total error = 0.857143 and alpha = 4.44089e-16
MASTER: Epoch 47 end with average total error = 0.857143 and alpha = 1.33227e-15
MASTER: Epoch 48 end with average total error = 0.857143 and alpha = -6.66134e-16
MASTER: Epoch 49 end with average total error = 0.857143 and alpha = -6.66134e-16
MASTER: Calculates the accuracy of the ensamble and its trees 
Ensabmle learning size = 29
Tree trained in epoch = 0 Accuracy = 0.634349
Tree trained in epoch = 1 Accuracy = 0.450744
Tree trained in epoch = 2 Accuracy = 0.508557
Tree trained in epoch = 3 Accuracy = 0.346012
Tree trained in epoch = 4 Accuracy = 0.447766
Tree trained in epoch = 5 Accuracy = 0.482338
Tree trained in epoch = 6 Accuracy = 0.524954
Tree trained in epoch = 7 Accuracy = 0.519779
Tree trained in epoch = 8 Accuracy = 0.474857
Tree trained in epoch = 9 Accuracy = 0.44869
Tree trained in epoch = 10 Accuracy = 0.449946
Tree trained in epoch = 11 Accuracy = 0.461277
Tree trained in epoch = 12 Accuracy = 0.483916
Tree trained in epoch = 13 Accuracy = 0.486939
Tree trained in epoch = 14 Accuracy = 0.514948
Tree trained in epoch = 15 Accuracy = 0.487794
Tree trained in epoch = 16 Accuracy = 0.471283
Tree trained in epoch = 17 Accuracy = 0.43659
Tree trained in epoch = 18 Accuracy = 0.47597
Tree trained in epoch = 19 Accuracy = 0.407635
Tree trained in epoch = 20 Accuracy = 0.507214
Tree trained in epoch = 21 Accuracy = 0.489888
Tree trained in epoch = 22 Accuracy = 0.501982
Tree trained in epoch = 23 Accuracy = 0.49414
Tree trained in epoch = 24 Accuracy = 0.482189
Tree trained in epoch = 25 Accuracy = 0.492975
Tree trained in epoch = 26 Accuracy = 0.499705
Tree trained in epoch = 27 Accuracy = 0.485115
Tree trained in epoch = 28 Accuracy = 0.452476
Accuracy Ensabmle = 0.658646 for the test dataset  in 50 epochs
Accuracy Ensabmle = 0.708782 for the train dataset  in 50 epochs
Risultati scritti con successo nel file: ../res/risultati_adaboost-mpi_s4.txt per il valore 50
MASTER:added tree 
MASTER: Epoch 0 end with average total error = 0.340305 and alpha = 2.45369
MASTER:added tree 
MASTER: Epoch 1 end with average total error = 0.479049 and alpha = 1.87561
MASTER:added tree 
MASTER: Epoch 2 end with average total error = 0.530769 and alpha = 1.66853
MASTER:added tree 
MASTER: Epoch 3 end with average total error = 0.541343 and alpha = 1.62601
MASTER:added tree 
MASTER: Epoch 4 end with average total error = 0.559951 and alpha = 1.5508
MASTER:added tree 
MASTER: Epoch 5 end with average total error = 0.592484 and alpha = 1.41752
MASTER:added tree 
MASTER: Epoch 6 end with average total error = 0.621503 and alpha = 1.29583
MASTER:added tree 
MASTER: Epoch 7 end with average total error = 0.643173 and alpha = 1.2026
MASTER:added tree 
MASTER: Epoch 8 end with average total error = 0.664679 and alpha = 1.10754
MASTER:added tree 
MASTER: Epoch 9 end with average total error = 0.711893 and alpha = 0.887164
MASTER:added tree 
MASTER: Epoch 10 end with average total error = 0.712214 and alpha = 0.885597
MASTER:added tree 
MASTER: Epoch 11 end with average total error = 0.753954 and alpha = 0.671948
MASTER:added tree 
MASTER: Epoch 12 end with average total error = 0.758259 and alpha = 0.648601
MASTER:added tree 
MASTER: Epoch 13 end with average total error = 0.759193 and alpha = 0.643497
MASTER:added tree 
MASTER: Epoch 14 end with average total error = 0.786652 and alpha = 0.486901
MASTER:added tree 
MASTER: Epoch 15 end with average total error = 0.810672 and alpha = 0.337374
MASTER:added tree 
MASTER: Epoch 16 end with average total error = 0.78828 and alpha = 0.47717
MASTER:added tree 
MASTER: Epoch 17 end with average total error = 0.808618 and alpha = 0.350702
MASTER:added tree 
MASTER: Epoch 18 end with average total error = 0.8432 and alpha = 0.109528
MASTER:added tree 
MASTER: Epoch 19 end with average total error = 0.818498 and alpha = 0.285552
MASTER:added tree 
MASTER: Epoch 20 end with average total error = 0.854725 and alpha = 0.019606
MASTER: Epoch 21 end with average total error = 0.873386 and alpha = -0.139476
MASTER:added tree 
MASTER: Epoch 22 end with average total error = 0.834057 and alpha = 0.177105
MASTER:added tree 
MASTER: Epoch 23 end with average total error = 0.846884 and alpha = 0.0813886
MASTER:added tree 
MASTER: Epoch 24 end with average total error = 0.826655 and alpha = 0.229656
MASTER:added tree 
MASTER: Epoch 25 end with average total error = 0.839344 and alpha = 0.138403
MASTER:added tree 
MASTER: Epoch 26 end with average total error = 0.83647 and alpha = 0.159568
MASTER:added tree 
MASTER: Epoch 27 end with average total error = 0.850594 and alpha = 0.0524931
MASTER:added tree 
MASTER: Epoch 28 end with average total error = 0.836397 and alpha = 0.1601
MASTER: Epoch 29 end with average total error = 0.871477 and alpha = -0.122325
MASTER:added tree 
MASTER: Epoch 30 end with average total error = 0.852104 and alpha = 0.0405614
MASTER: Epoch 31 end with average total error = 0.860112 and alpha = -0.0244646
MASTER: Epoch 32 end with average total error = 0.858913 and alpha = -0.0145316
MASTER: Epoch 33 end with average total error = 0.856726 and alpha = 0.00339825
MASTER: Epoch 34 end with average total error = 0.85713 and alpha = 0.000109075
MASTER: Epoch 35 end with average total error = 0.857142 and alpha = 3.4988e-06
MASTER: Epoch 36 end with average total error = 0.857143 and alpha = 1.12229e-07
MASTER: Epoch 37 end with average total error = 0.857143 and alpha = 3.59988e-09
MASTER: Epoch 38 end with average total error = 0.857143 and alpha = 1.1547e-10
MASTER: Epoch 39 end with average total error = 0.857143 and alpha = 3.70703e-12
MASTER: Epoch 40 end with average total error = 0.857143 and alpha = 1.1724e-13
MASTER: Epoch 41 end with average total error = 0.857143 and alpha = 5.77316e-15
MASTER: Epoch 42 end with average total error = 0.857143 and alpha = 4.44089e-16
MASTER: Epoch 43 end with average total error = 0.857143 and alpha = -6.66134e-16
MASTER: Epoch 44 end with average total error = 0.857143 and alpha = 4.44089e-16
MASTER: Epoch 45 end with average total error = 0.857143 and alpha = -6.66134e-16
MASTER: Epoch 46 end with average total error = 0.857143 and alpha = 4.44089e-16
MASTER: Epoch 47 end with average total error = 0.857143 and alpha = 1.33227e-15
MASTER: Epoch 48 end with average total error = 0.857143 and alpha = -6.66134e-16
MASTER: Epoch 49 end with average total error = 0.857143 and alpha = -6.66134e-16
MASTER: Epoch 50 end with average total error = 0.857143 and alpha = -6.66134e-16
MASTER: Epoch 51 end with average total error = 0.857143 and alpha = 1.33227e-15
MASTER: Epoch 52 end with average total error = 0.857143 and alpha = -6.66134e-16
MASTER: Epoch 53 end with average total error = 0.857143 and alpha = 4.44089e-16
MASTER: Epoch 54 end with average total error = 0.857143 and alpha = 1.33227e-15
MASTER: Epoch 55 end with average total error = 0.857143 and alpha = -6.66134e-16
MASTER: Epoch 56 end with average total error = 0.857143 and alpha = -6.66134e-16
MASTER: Epoch 57 end with average total error = 0.857143 and alpha = 4.44089e-16
MASTER: Epoch 58 end with average total error = 0.857143 and alpha = -6.66134e-16
MASTER: Epoch 59 end with average total error = 0.857143 and alpha = -6.66134e-16
MASTER: Epoch 60 end with average total error = 0.857143 and alpha = 1.33227e-15
MASTER: Epoch 61 end with average total error = 0.857143 and alpha = -6.66134e-16
MASTER: Epoch 62 end with average total error = 0.857143 and alpha = -6.66134e-16
MASTER: Epoch 63 end with average total error = 0.857143 and alpha = 4.44089e-16
MASTER: Epoch 64 end with average total error = 0.857143 and alpha = 1.33227e-15
MASTER: Epoch 65 end with average total error = 0.857143 and alpha = -6.66134e-16
MASTER: Epoch 66 end with average total error = 0.857143 and alpha = -6.66134e-16
MASTER: Epoch 67 end with average total error = 0.857143 and alpha = 1.33227e-15
MASTER: Epoch 68 end with average total error = 0.857143 and alpha = -6.66134e-16
MASTER: Epoch 69 end with average total error = 0.857143 and alpha = -6.66134e-16
MASTER: Epoch 70 end with average total error = 0.857143 and alpha = -6.66134e-16
MASTER: Epoch 71 end with average total error = 0.857143 and alpha = 1.33227e-15
MASTER: Epoch 72 end with average total error = 0.857143 and alpha = -6.66134e-16
MASTER: Epoch 73 end with average total error = 0.857143 and alpha = -6.66134e-16
MASTER: Epoch 74 end with average total error = 0.857143 and alpha = 4.44089e-16
MASTER: Epoch 75 end with average total error = 0.857143 and alpha = 4.44089e-16
MASTER: Epoch 76 end with average total error = 0.857143 and alpha = 4.44089e-16
MASTER: Epoch 77 end with average total error = 0.857143 and alpha = -6.66134e-16
MASTER: Epoch 78 end with average total error = 0.857143 and alpha = 4.44089e-16
MASTER: Epoch 79 end with average total error = 0.857143 and alpha = 4.44089e-16
MASTER: Epoch 80 end with average total error = 0.857143 and alpha = -6.66134e-16
MASTER: Epoch 81 end with average total error = 0.857143 and alpha = -6.66134e-16
MASTER: Epoch 82 end with average total error = 0.857143 and alpha = 1.33227e-15
MASTER: Epoch 83 end with average total error = 0.857143 and alpha = -6.66134e-16
MASTER: Epoch 84 end with average total error = 0.857143 and alpha = 1.33227e-15
MASTER: Epoch 85 end with average total error = 0.857143 and alpha = -6.66134e-16
MASTER: Epoch 86 end with average total error = 0.857143 and alpha = -6.66134e-16
MASTER: Epoch 87 end with average total error = 0.857143 and alpha = -6.66134e-16
MASTER: Epoch 88 end with average total error = 0.857143 and alpha = 1.33227e-15
MASTER: Epoch 89 end with average total error = 0.857143 and alpha = -6.66134e-16
MASTER: Epoch 90 end with average total error = 0.857143 and alpha = -6.66134e-16
MASTER: Epoch 91 end with average total error = 0.857143 and alpha = 1.33227e-15
MASTER: Epoch 92 end with average total error = 0.857143 and alpha = -6.66134e-16
MASTER: Epoch 93 end with average total error = 0.857143 and alpha = -6.66134e-16
MASTER: Epoch 94 end with average total error = 0.857143 and alpha = 1.33227e-15
MASTER: Epoch 95 end with average total error = 0.857143 and alpha = -6.66134e-16
MASTER: Epoch 96 end with average total error = 0.857143 and alpha = 1.33227e-15
MASTER: Epoch 97 end with average total error = 0.857143 and alpha = -6.66134e-16
MASTER: Epoch 98 end with average total error = 0.857143 and alpha = -6.66134e-16
MASTER: Epoch 99 end with average total error = 0.857143 and alpha = -6.66134e-16
MASTER: Calculates the accuracy of the ensamble and its trees 
Ensabmle learning size = 29
Tree trained in epoch = 0 Accuracy = 0.634349
Tree trained in epoch = 1 Accuracy = 0.450744
Tree trained in epoch = 2 Accuracy = 0.508557
Tree trained in epoch = 3 Accuracy = 0.346012
Tree trained in epoch = 4 Accuracy = 0.447766
Tree trained in epoch = 5 Accuracy = 0.482338
Tree trained in epoch = 6 Accuracy = 0.524954
Tree trained in epoch = 7 Accuracy = 0.519779
Tree trained in epoch = 8 Accuracy = 0.474857
Tree trained in epoch = 9 Accuracy = 0.44869
Tree trained in epoch = 10 Accuracy = 0.449946
Tree trained in epoch = 11 Accuracy = 0.461277
Tree trained in epoch = 12 Accuracy = 0.483916
Tree trained in epoch = 13 Accuracy = 0.486939
Tree trained in epoch = 14 Accuracy = 0.514948
Tree trained in epoch = 15 Accuracy = 0.487794
Tree trained in epoch = 16 Accuracy = 0.471283
Tree trained in epoch = 17 Accuracy = 0.43659
Tree trained in epoch = 18 Accuracy = 0.47597
Tree trained in epoch = 19 Accuracy = 0.407635
Tree trained in epoch = 20 Accuracy = 0.507214
Tree trained in epoch = 21 Accuracy = 0.489888
Tree trained in epoch = 22 Accuracy = 0.501982
Tree trained in epoch = 23 Accuracy = 0.49414
Tree trained in epoch = 24 Accuracy = 0.482189
Tree trained in epoch = 25 Accuracy = 0.492975
Tree trained in epoch = 26 Accuracy = 0.499705
Tree trained in epoch = 27 Accuracy = 0.485115
Tree trained in epoch = 28 Accuracy = 0.452476
Accuracy Ensabmle = 0.658646 for the test dataset  in 100 epochs
Accuracy Ensabmle = 0.708782 for the train dataset  in 100 epochs
Risultati scritti con successo nel file: ../res/risultati_adaboost-mpi_s4.txt per il valore 100
