make: Warning: File 'Makefile' has modification time 2.3 s in the future
make[1]: Warning: File 'CMakeFiles/Makefile2' has modification time 2 s in the future
make[2]: Warning: File 'CMakeFiles/communication_lib.dir/build.make' has modification time 2 s in the future
make[2]: Warning: File 'CMakeFiles/data_lib.dir/build.make' has modification time 2 s in the future
make[2]: warning:  Clock skew detected.  Your build may be incomplete.
make[2]: warning:  Clock skew detected.  Your build may be incomplete.
make[2]: Warning: File 'CMakeFiles/communication_lib.dir/build.make' has modification time 1.8 s in the future
make[2]: Warning: File 'CMakeFiles/data_lib.dir/build.make' has modification time 1.8 s in the future
make[2]: warning:  Clock skew detected.  Your build may be incomplete.
make[2]: warning:  Clock skew detected.  Your build may be incomplete.
make[2]: Warning: File '/beegfs/home/echiavazza/unito-scpd/adaboost-mpi/obj/libdata_lib.a' has modification time 2.9 s in the future
make[2]: warning:  Clock skew detected.  Your build may be incomplete.
make[1]: warning:  Clock skew detected.  Your build may be incomplete.
make: warning:  Clock skew detected.  Your build may be incomplete.
srun: defined options
srun: -------------------- --------------------
srun: (null)              : broadwell-[014-017]
srun: jobid               : 168151
srun: job-name            : adab_v1
srun: mpi                 : pmix
srun: nodes               : 4
srun: ntasks              : 144
srun: ntasks-per-node     : 36
srun: verbose             : 1
srun: -------------------- --------------------
srun: end of defined options
srun: jobid 168151: nodes(4):`broadwell-[014-017]', cpu counts: 36(x4)
srun: CpuBindType=(null type)
srun: launching StepId=168151.0 on host broadwell-014, 36 tasks: [0-35]
srun: launching StepId=168151.0 on host broadwell-015, 36 tasks: [36-71]
srun: launching StepId=168151.0 on host broadwell-016, 36 tasks: [72-107]
srun: launching StepId=168151.0 on host broadwell-017, 36 tasks: [108-143]
srun: topology/default: init: topology Default plugin loaded
srun: Node broadwell-016, 36 tasks started
srun: Node broadwell-015, 36 tasks started
srun: Node broadwell-017, 36 tasks started
srun: Node broadwell-014, 36 tasks started
srun: Received task exit notification for 36 tasks of StepId=168151.0 (status=0x0000).
srun: broadwell-016: tasks 72-107: Completed
srun: Received task exit notification for 36 tasks of StepId=168151.0 (status=0x0000).
srun: broadwell-015: tasks 36-71: Completed
srun: Received task exit notification for 36 tasks of StepId=168151.0 (status=0x0000).
srun: broadwell-017: tasks 108-143: Completed
srun: Received task exit notification for 36 tasks of StepId=168151.0 (status=0x0000).
srun: broadwell-014: tasks 0-35: Completed
