make: Warning: File 'Makefile' has modification time 2.1 s in the future
make[1]: Warning: File 'CMakeFiles/Makefile2' has modification time 1.9 s in the future
make[2]: Warning: File 'CMakeFiles/communication_lib.dir/build.make' has modification time 1.9 s in the future
make[2]: Warning: File 'CMakeFiles/data_lib.dir/build.make' has modification time 1.9 s in the future
make[2]: warning:  Clock skew detected.  Your build may be incomplete.
make[2]: warning:  Clock skew detected.  Your build may be incomplete.
make[2]: Warning: File 'CMakeFiles/communication_lib.dir/build.make' has modification time 1.8 s in the future
make[2]: Warning: File 'CMakeFiles/data_lib.dir/build.make' has modification time 1.8 s in the future
make[2]: warning:  Clock skew detected.  Your build may be incomplete.
make[2]: warning:  Clock skew detected.  Your build may be incomplete.
make[2]: Warning: File '/beegfs/home/echiavazza/unito-scpd/adaboost-mpi/obj/libdata_lib.a' has modification time 0.2 s in the future
make[2]: warning:  Clock skew detected.  Your build may be incomplete.
make[1]: warning:  Clock skew detected.  Your build may be incomplete.
make: warning:  Clock skew detected.  Your build may be incomplete.
srun: defined options
srun: -------------------- --------------------
srun: (null)              : broadwell-[023-028]
srun: jobid               : 168153
srun: job-name            : adab_v1
srun: mpi                 : pmix
srun: nodes               : 6
srun: ntasks              : 216
srun: ntasks-per-node     : 36
srun: verbose             : 1
srun: -------------------- --------------------
srun: end of defined options
srun: jobid 168153: nodes(6):`broadwell-[023-028]', cpu counts: 36(x6)
srun: CpuBindType=(null type)
srun: launching StepId=168153.0 on host broadwell-023, 36 tasks: [0-35]
srun: launching StepId=168153.0 on host broadwell-024, 36 tasks: [36-71]
srun: launching StepId=168153.0 on host broadwell-025, 36 tasks: [72-107]
srun: launching StepId=168153.0 on host broadwell-026, 36 tasks: [108-143]
srun: launching StepId=168153.0 on host broadwell-027, 36 tasks: [144-179]
srun: launching StepId=168153.0 on host broadwell-028, 36 tasks: [180-215]
srun: topology/default: init: topology Default plugin loaded
srun: Node broadwell-027, 36 tasks started
srun: Node broadwell-025, 36 tasks started
srun: Node broadwell-023, 36 tasks started
srun: Node broadwell-024, 36 tasks started
srun: Node broadwell-028, 36 tasks started
srun: Node broadwell-026, 36 tasks started
srun: Received task exit notification for 27 tasks of StepId=168153.0 (status=0x0000).
srun: broadwell-026: tasks 108-125,127-129,131,137,139-141,143: Completed
srun: Received task exit notification for 36 tasks of StepId=168153.0 (status=0x0000).
srun: broadwell-028: tasks 180-215: Completed
srun: Received task exit notification for 36 tasks of StepId=168153.0 (status=0x0000).
srun: broadwell-027: tasks 144-179: Completed
srun: Received task exit notification for 36 tasks of StepId=168153.0 (status=0x0000).
srun: broadwell-025: tasks 72-107: Completed
srun: Received task exit notification for 36 tasks of StepId=168153.0 (status=0x0000).
srun: broadwell-024: tasks 36-71: Completed
srun: Received task exit notification for 9 tasks of StepId=168153.0 (status=0x0000).
srun: broadwell-026: tasks 126,130,132-136,138,142: Completed
srun: Received task exit notification for 36 tasks of StepId=168153.0 (status=0x0000).
srun: broadwell-023: tasks 0-35: Completed
