-- The C compiler identification is GNU 9.4.0
-- The CXX compiler identification is GNU 9.4.0
-- Detecting C compiler ABI info
-- Detecting C compiler ABI info - done
-- Check for working C compiler: /beegfs/home/echiavazza/spack/opt/spack/linux-ubuntu20.04-cascadelake/gcc-9.4.0/openmpi-5.0.3-ocjjgvvgpy4ulxfz3damtdseryljeeuh/bin/mpicc - skipped
-- Detecting C compile features
-- Detecting C compile features - done
-- Detecting CXX compiler ABI info
-- Detecting CXX compiler ABI info - done
-- Check for working CXX compiler: /beegfs/home/echiavazza/spack/opt/spack/linux-ubuntu20.04-cascadelake/gcc-9.4.0/openmpi-5.0.3-ocjjgvvgpy4ulxfz3damtdseryljeeuh/bin/mpicxx - skipped
-- Detecting CXX compile features
-- Detecting CXX compile features - done
-- Found MPI_C: mpicc (found version "3.1") 
-- Found MPI_CXX: mpicxx (found version "3.1") 
-- Found MPI: TRUE (found version "3.1")  
-- Found PkgConfig: /usr/bin/pkg-config (found version "0.29.1") 
-- Checking for module 'mlpack'
--   Found mlpack, version 4.2.0
-- Configuring done (6.8s)
-- Generating done (0.1s)
-- Build files have been written to: /beegfs/home/echiavazza/unito-scpd/adaboost-mpi/build
[ 25%] Building CXX object CMakeFiles/communication_lib.dir/src/communication_lib/libcomm.cpp.o
[ 25%] Building CXX object CMakeFiles/data_lib.dir/src/data_lib/datalib.cpp.o
[ 37%] Linking CXX static library /beegfs/home/echiavazza/unito-scpd/adaboost-mpi/obj/libcommunication_lib.a
[ 50%] Linking CXX static library /beegfs/home/echiavazza/unito-scpd/adaboost-mpi/obj/libdata_lib.a
[ 50%] Built target communication_lib
[ 50%] Built target data_lib
[ 87%] Building CXX object CMakeFiles/adaboost-mpi.dir/src/communication_lib/libcomm.cpp.o
[ 87%] Building CXX object CMakeFiles/adaboost-mpi.dir/src/data_lib/datalib.cpp.o
[ 87%] Building CXX object CMakeFiles/adaboost-mpi.dir/src/main.cpp.o
[100%] Linking CXX executable /beegfs/home/echiavazza/unito-scpd/adaboost-mpi/bin/adaboost-mpi
[100%] Built target adaboost-mpi
MASTER: Uploads and distributes data among 251 clients 
MASTER: start replicated data process 
MASTER: end replicated data process 
MASTER: start send
MASTER: end send
RANK1: NUM DATA 11343
MASTER:added tree 
MASTER: Epoch 0 end with average total error = 0.285566 and alpha = 2.70878
MASTER:added tree 
MASTER: Epoch 1 end with average total error = 0.418551 and alpha = 2.12048
MASTER:added tree 
MASTER: Epoch 2 end with average total error = 0.484866 and alpha = 1.85231
MASTER:added tree 
MASTER: Epoch 3 end with average total error = 0.515889 and alpha = 1.72818
MASTER:added tree 
MASTER: Epoch 4 end with average total error = 0.567625 and alpha = 1.51959
MASTER: Calculates the accuracy of the ensamble and its trees 
Ensabmle learning size = 5
Tree trained in epoch = 0 Accuracy = 0.644068
Tree trained in epoch = 1 Accuracy = 0.463079
Tree trained in epoch = 2 Accuracy = 0.519515
Tree trained in epoch = 3 Accuracy = 0.55598
Tree trained in epoch = 4 Accuracy = 0.514076
Accuracy Ensabmle = 0.648612 for the test dataset  in 5 epochs
Accuracy Ensabmle = 0.728336 for the train dataset  in 5 epochs
Risultati scritti con successo nel file: ../res/risultati_adaboost-mpi_weak_4.txt per il valore 5
MASTER:added tree 
MASTER: Epoch 0 end with average total error = 0.285566 and alpha = 2.70878
MASTER:added tree 
MASTER: Epoch 1 end with average total error = 0.418551 and alpha = 2.12048
MASTER:added tree 
MASTER: Epoch 2 end with average total error = 0.484866 and alpha = 1.85231
MASTER:added tree 
MASTER: Epoch 3 end with average total error = 0.515889 and alpha = 1.72818
MASTER:added tree 
MASTER: Epoch 4 end with average total error = 0.567625 and alpha = 1.51959
MASTER:added tree 
MASTER: Epoch 5 end with average total error = 0.596411 and alpha = 1.40122
MASTER:added tree 
MASTER: Epoch 6 end with average total error = 0.633794 and alpha = 1.24323
MASTER:added tree 
MASTER: Epoch 7 end with average total error = 0.648511 and alpha = 1.17926
MASTER:added tree 
MASTER: Epoch 8 end with average total error = 0.697658 and alpha = 0.955587
MASTER:added tree 
MASTER: Epoch 9 end with average total error = 0.71955 and alpha = 0.84953
MASTER: Calculates the accuracy of the ensamble and its trees 
Ensabmle learning size = 10
Tree trained in epoch = 0 Accuracy = 0.644068
Tree trained in epoch = 1 Accuracy = 0.463079
Tree trained in epoch = 2 Accuracy = 0.519515
Tree trained in epoch = 3 Accuracy = 0.55598
Tree trained in epoch = 4 Accuracy = 0.514076
Tree trained in epoch = 5 Accuracy = 0.532406
Tree trained in epoch = 6 Accuracy = 0.503216
Tree trained in epoch = 7 Accuracy = 0.519727
Tree trained in epoch = 8 Accuracy = 0.522292
Tree trained in epoch = 9 Accuracy = 0.518029
Accuracy Ensabmle = 0.681067 for the test dataset  in 10 epochs
Accuracy Ensabmle = 0.765715 for the train dataset  in 10 epochs
Risultati scritti con successo nel file: ../res/risultati_adaboost-mpi_weak_4.txt per il valore 10
MASTER:added tree 
MASTER: Epoch 0 end with average total error = 0.285566 and alpha = 2.70878
MASTER:added tree 
MASTER: Epoch 1 end with average total error = 0.418551 and alpha = 2.12048
MASTER:added tree 
MASTER: Epoch 2 end with average total error = 0.484866 and alpha = 1.85231
MASTER:added tree 
MASTER: Epoch 3 end with average total error = 0.515889 and alpha = 1.72818
MASTER:added tree 
MASTER: Epoch 4 end with average total error = 0.567625 and alpha = 1.51959
MASTER:added tree 
MASTER: Epoch 5 end with average total error = 0.596411 and alpha = 1.40122
MASTER:added tree 
MASTER: Epoch 6 end with average total error = 0.633794 and alpha = 1.24323
MASTER:added tree 
MASTER: Epoch 7 end with average total error = 0.648511 and alpha = 1.17926
MASTER:added tree 
MASTER: Epoch 8 end with average total error = 0.697658 and alpha = 0.955587
MASTER:added tree 
MASTER: Epoch 9 end with average total error = 0.71955 and alpha = 0.84953
MASTER:added tree 
MASTER: Epoch 10 end with average total error = 0.748017 and alpha = 0.703694
MASTER:added tree 
MASTER: Epoch 11 end with average total error = 0.736795 and alpha = 0.762382
MASTER:added tree 
MASTER: Epoch 12 end with average total error = 0.788549 and alpha = 0.475558
MASTER:added tree 
MASTER: Epoch 13 end with average total error = 0.756191 and alpha = 0.659851
MASTER:added tree 
MASTER: Epoch 14 end with average total error = 0.802405 and alpha = 0.390368
MASTER:added tree 
MASTER: Epoch 15 end with average total error = 0.830312 and alpha = 0.203916
MASTER:added tree 
MASTER: Epoch 16 end with average total error = 0.762878 and alpha = 0.623236
MASTER:added tree 
MASTER: Epoch 17 end with average total error = 0.801131 and alpha = 0.398383
MASTER:added tree 
MASTER: Epoch 18 end with average total error = 0.810563 and alpha = 0.338084
MASTER:added tree 
MASTER: Epoch 19 end with average total error = 0.824368 and alpha = 0.245534
MASTER: Calculates the accuracy of the ensamble and its trees 
Ensabmle learning size = 20
Tree trained in epoch = 0 Accuracy = 0.644068
Tree trained in epoch = 1 Accuracy = 0.463079
Tree trained in epoch = 2 Accuracy = 0.519515
Tree trained in epoch = 3 Accuracy = 0.55598
Tree trained in epoch = 4 Accuracy = 0.514076
Tree trained in epoch = 5 Accuracy = 0.532406
Tree trained in epoch = 6 Accuracy = 0.503216
Tree trained in epoch = 7 Accuracy = 0.519727
Tree trained in epoch = 8 Accuracy = 0.522292
Tree trained in epoch = 9 Accuracy = 0.518029
Tree trained in epoch = 10 Accuracy = 0.549486
Tree trained in epoch = 11 Accuracy = 0.520766
Tree trained in epoch = 12 Accuracy = 0.534213
Tree trained in epoch = 13 Accuracy = 0.499762
Tree trained in epoch = 14 Accuracy = 0.525866
Tree trained in epoch = 15 Accuracy = 0.52539
Tree trained in epoch = 16 Accuracy = 0.50531
Tree trained in epoch = 17 Accuracy = 0.512573
Tree trained in epoch = 18 Accuracy = 0.532102
Tree trained in epoch = 19 Accuracy = 0.503078
Accuracy Ensabmle = 0.704411 for the test dataset  in 20 epochs
Accuracy Ensabmle = 0.788552 for the train dataset  in 20 epochs
Risultati scritti con successo nel file: ../res/risultati_adaboost-mpi_weak_4.txt per il valore 20
MASTER:added tree 
MASTER: Epoch 0 end with average total error = 0.285566 and alpha = 2.70878
MASTER:added tree 
MASTER: Epoch 1 end with average total error = 0.418551 and alpha = 2.12048
MASTER:added tree 
MASTER: Epoch 2 end with average total error = 0.484866 and alpha = 1.85231
MASTER:added tree 
MASTER: Epoch 3 end with average total error = 0.515889 and alpha = 1.72818
MASTER:added tree 
MASTER: Epoch 4 end with average total error = 0.567625 and alpha = 1.51959
MASTER:added tree 
MASTER: Epoch 5 end with average total error = 0.596411 and alpha = 1.40122
MASTER:added tree 
MASTER: Epoch 6 end with average total error = 0.633794 and alpha = 1.24323
MASTER:added tree 
MASTER: Epoch 7 end with average total error = 0.648511 and alpha = 1.17926
MASTER:added tree 
MASTER: Epoch 8 end with average total error = 0.697658 and alpha = 0.955587
MASTER:added tree 
MASTER: Epoch 9 end with average total error = 0.71955 and alpha = 0.84953
MASTER:added tree 
MASTER: Epoch 10 end with average total error = 0.748017 and alpha = 0.703694
MASTER:added tree 
MASTER: Epoch 11 end with average total error = 0.736795 and alpha = 0.762382
MASTER:added tree 
MASTER: Epoch 12 end with average total error = 0.788549 and alpha = 0.475558
MASTER:added tree 
MASTER: Epoch 13 end with average total error = 0.756191 and alpha = 0.659851
MASTER:added tree 
MASTER: Epoch 14 end with average total error = 0.802405 and alpha = 0.390368
MASTER:added tree 
MASTER: Epoch 15 end with average total error = 0.830312 and alpha = 0.203916
MASTER:added tree 
MASTER: Epoch 16 end with average total error = 0.762878 and alpha = 0.623236
MASTER:added tree 
MASTER: Epoch 17 end with average total error = 0.801131 and alpha = 0.398383
MASTER:added tree 
MASTER: Epoch 18 end with average total error = 0.810563 and alpha = 0.338084
MASTER:added tree 
MASTER: Epoch 19 end with average total error = 0.824368 and alpha = 0.245534
MASTER:added tree 
MASTER: Epoch 20 end with average total error = 0.833693 and alpha = 0.179728
MASTER:added tree 
MASTER: Epoch 21 end with average total error = 0.819687 and alpha = 0.277532
MASTER:added tree 
MASTER: Epoch 22 end with average total error = 0.829623 and alpha = 0.208803
MASTER:added tree 
MASTER: Epoch 23 end with average total error = 0.845243 and alpha = 0.0939921
MASTER:added tree 
MASTER: Epoch 24 end with average total error = 0.837651 and alpha = 0.150907
MASTER: Epoch 25 end with average total error = 0.858291 and alpha = -0.00940894
MASTER: Epoch 26 end with average total error = 0.85716 and alpha = -0.000140415
MASTER: Epoch 27 end with average total error = 0.857143 and alpha = -2.33432e-06
MASTER: Epoch 28 end with average total error = 0.857143 and alpha = -3.88074e-08
MASTER: Epoch 29 end with average total error = 0.857143 and alpha = -6.45159e-10
MASTER: Calculates the accuracy of the ensamble and its trees 
Ensabmle learning size = 25
Tree trained in epoch = 0 Accuracy = 0.644068
Tree trained in epoch = 1 Accuracy = 0.463079
Tree trained in epoch = 2 Accuracy = 0.519515
Tree trained in epoch = 3 Accuracy = 0.55598
Tree trained in epoch = 4 Accuracy = 0.514076
Tree trained in epoch = 5 Accuracy = 0.532406
Tree trained in epoch = 6 Accuracy = 0.503216
Tree trained in epoch = 7 Accuracy = 0.519727
Tree trained in epoch = 8 Accuracy = 0.522292
Tree trained in epoch = 9 Accuracy = 0.518029
Tree trained in epoch = 10 Accuracy = 0.549486
Tree trained in epoch = 11 Accuracy = 0.520766
Tree trained in epoch = 12 Accuracy = 0.534213
Tree trained in epoch = 13 Accuracy = 0.499762
Tree trained in epoch = 14 Accuracy = 0.525866
Tree trained in epoch = 15 Accuracy = 0.52539
Tree trained in epoch = 16 Accuracy = 0.50531
Tree trained in epoch = 17 Accuracy = 0.512573
Tree trained in epoch = 18 Accuracy = 0.532102
Tree trained in epoch = 19 Accuracy = 0.503078
Tree trained in epoch = 20 Accuracy = 0.524655
Tree trained in epoch = 21 Accuracy = 0.517633
Tree trained in epoch = 22 Accuracy = 0.525441
Tree trained in epoch = 23 Accuracy = 0.529543
Tree trained in epoch = 24 Accuracy = 0.545539
Accuracy Ensabmle = 0.707825 for the test dataset  in 30 epochs
Accuracy Ensabmle = 0.791241 for the train dataset  in 30 epochs
Risultati scritti con successo nel file: ../res/risultati_adaboost-mpi_weak_4.txt per il valore 30
MASTER:added tree 
MASTER: Epoch 0 end with average total error = 0.285566 and alpha = 2.70878
MASTER:added tree 
MASTER: Epoch 1 end with average total error = 0.418551 and alpha = 2.12048
MASTER:added tree 
MASTER: Epoch 2 end with average total error = 0.484866 and alpha = 1.85231
MASTER:added tree 
MASTER: Epoch 3 end with average total error = 0.515889 and alpha = 1.72818
MASTER:added tree 
MASTER: Epoch 4 end with average total error = 0.567625 and alpha = 1.51959
MASTER:added tree 
MASTER: Epoch 5 end with average total error = 0.596411 and alpha = 1.40122
MASTER:added tree 
MASTER: Epoch 6 end with average total error = 0.633794 and alpha = 1.24323
MASTER:added tree 
MASTER: Epoch 7 end with average total error = 0.648511 and alpha = 1.17926
MASTER:added tree 
MASTER: Epoch 8 end with average total error = 0.697658 and alpha = 0.955587
MASTER:added tree 
MASTER: Epoch 9 end with average total error = 0.71955 and alpha = 0.84953
MASTER:added tree 
MASTER: Epoch 10 end with average total error = 0.748017 and alpha = 0.703694
MASTER:added tree 
MASTER: Epoch 11 end with average total error = 0.736795 and alpha = 0.762382
MASTER:added tree 
MASTER: Epoch 12 end with average total error = 0.788549 and alpha = 0.475558
MASTER:added tree 
MASTER: Epoch 13 end with average total error = 0.756191 and alpha = 0.659851
MASTER:added tree 
MASTER: Epoch 14 end with average total error = 0.802405 and alpha = 0.390368
MASTER:added tree 
MASTER: Epoch 15 end with average total error = 0.830312 and alpha = 0.203916
MASTER:added tree 
MASTER: Epoch 16 end with average total error = 0.762878 and alpha = 0.623236
MASTER:added tree 
MASTER: Epoch 17 end with average total error = 0.801131 and alpha = 0.398383
MASTER:added tree 
MASTER: Epoch 18 end with average total error = 0.810563 and alpha = 0.338084
MASTER:added tree 
MASTER: Epoch 19 end with average total error = 0.824368 and alpha = 0.245534
MASTER:added tree 
MASTER: Epoch 20 end with average total error = 0.833693 and alpha = 0.179728
MASTER:added tree 
MASTER: Epoch 21 end with average total error = 0.819687 and alpha = 0.277532
MASTER:added tree 
MASTER: Epoch 22 end with average total error = 0.829623 and alpha = 0.208803
MASTER:added tree 
MASTER: Epoch 23 end with average total error = 0.845243 and alpha = 0.0939921
MASTER:added tree 
MASTER: Epoch 24 end with average total error = 0.837651 and alpha = 0.150907
MASTER: Epoch 25 end with average total error = 0.858291 and alpha = -0.00940894
MASTER: Epoch 26 end with average total error = 0.85716 and alpha = -0.000140415
MASTER: Epoch 27 end with average total error = 0.857143 and alpha = -2.33432e-06
MASTER: Epoch 28 end with average total error = 0.857143 and alpha = -3.88074e-08
MASTER: Epoch 29 end with average total error = 0.857143 and alpha = -6.45159e-10
MASTER: Epoch 30 end with average total error = 0.857143 and alpha = -1.07256e-11
MASTER: Epoch 31 end with average total error = 0.857143 and alpha = -1.80966e-13
MASTER: Epoch 32 end with average total error = 0.857143 and alpha = -2.44249e-15
MASTER: Epoch 33 end with average total error = 0.857143 and alpha = -6.66134e-16
MASTER: Epoch 34 end with average total error = 0.857143 and alpha = 1.33227e-15
MASTER: Epoch 35 end with average total error = 0.857143 and alpha = -6.66134e-16
MASTER: Epoch 36 end with average total error = 0.857143 and alpha = 4.44089e-16
MASTER: Epoch 37 end with average total error = 0.857143 and alpha = 1.33227e-15
MASTER: Epoch 38 end with average total error = 0.857143 and alpha = -6.66134e-16
MASTER: Epoch 39 end with average total error = 0.857143 and alpha = -6.66134e-16
MASTER: Calculates the accuracy of the ensamble and its trees 
Ensabmle learning size = 25
Tree trained in epoch = 0 Accuracy = 0.644068
Tree trained in epoch = 1 Accuracy = 0.463079
Tree trained in epoch = 2 Accuracy = 0.519515
Tree trained in epoch = 3 Accuracy = 0.55598
Tree trained in epoch = 4 Accuracy = 0.514076
Tree trained in epoch = 5 Accuracy = 0.532406
Tree trained in epoch = 6 Accuracy = 0.503216
Tree trained in epoch = 7 Accuracy = 0.519727
Tree trained in epoch = 8 Accuracy = 0.522292
Tree trained in epoch = 9 Accuracy = 0.518029
Tree trained in epoch = 10 Accuracy = 0.549486
Tree trained in epoch = 11 Accuracy = 0.520766
Tree trained in epoch = 12 Accuracy = 0.534213
Tree trained in epoch = 13 Accuracy = 0.499762
Tree trained in epoch = 14 Accuracy = 0.525866
Tree trained in epoch = 15 Accuracy = 0.52539
Tree trained in epoch = 16 Accuracy = 0.50531
Tree trained in epoch = 17 Accuracy = 0.512573
Tree trained in epoch = 18 Accuracy = 0.532102
Tree trained in epoch = 19 Accuracy = 0.503078
Tree trained in epoch = 20 Accuracy = 0.524655
Tree trained in epoch = 21 Accuracy = 0.517633
Tree trained in epoch = 22 Accuracy = 0.525441
Tree trained in epoch = 23 Accuracy = 0.529543
Tree trained in epoch = 24 Accuracy = 0.545539
Accuracy Ensabmle = 0.707825 for the test dataset  in 40 epochs
Accuracy Ensabmle = 0.791241 for the train dataset  in 40 epochs
Risultati scritti con successo nel file: ../res/risultati_adaboost-mpi_weak_4.txt per il valore 40
MASTER:added tree 
MASTER: Epoch 0 end with average total error = 0.285566 and alpha = 2.70878
MASTER:added tree 
MASTER: Epoch 1 end with average total error = 0.418551 and alpha = 2.12048
MASTER:added tree 
MASTER: Epoch 2 end with average total error = 0.484866 and alpha = 1.85231
MASTER:added tree 
MASTER: Epoch 3 end with average total error = 0.515889 and alpha = 1.72818
MASTER:added tree 
MASTER: Epoch 4 end with average total error = 0.567625 and alpha = 1.51959
MASTER:added tree 
MASTER: Epoch 5 end with average total error = 0.596411 and alpha = 1.40122
MASTER:added tree 
MASTER: Epoch 6 end with average total error = 0.633794 and alpha = 1.24323
MASTER:added tree 
MASTER: Epoch 7 end with average total error = 0.648511 and alpha = 1.17926
MASTER:added tree 
MASTER: Epoch 8 end with average total error = 0.697658 and alpha = 0.955587
MASTER:added tree 
MASTER: Epoch 9 end with average total error = 0.71955 and alpha = 0.84953
MASTER:added tree 
MASTER: Epoch 10 end with average total error = 0.748017 and alpha = 0.703694
MASTER:added tree 
MASTER: Epoch 11 end with average total error = 0.736795 and alpha = 0.762382
MASTER:added tree 
MASTER: Epoch 12 end with average total error = 0.788549 and alpha = 0.475558
MASTER:added tree 
MASTER: Epoch 13 end with average total error = 0.756191 and alpha = 0.659851
MASTER:added tree 
MASTER: Epoch 14 end with average total error = 0.802405 and alpha = 0.390368
MASTER:added tree 
MASTER: Epoch 15 end with average total error = 0.830312 and alpha = 0.203916
MASTER:added tree 
MASTER: Epoch 16 end with average total error = 0.762878 and alpha = 0.623236
MASTER:added tree 
MASTER: Epoch 17 end with average total error = 0.801131 and alpha = 0.398383
MASTER:added tree 
MASTER: Epoch 18 end with average total error = 0.810563 and alpha = 0.338084
MASTER:added tree 
MASTER: Epoch 19 end with average total error = 0.824368 and alpha = 0.245534
MASTER:added tree 
MASTER: Epoch 20 end with average total error = 0.833693 and alpha = 0.179728
MASTER:added tree 
MASTER: Epoch 21 end with average total error = 0.819687 and alpha = 0.277532
MASTER:added tree 
MASTER: Epoch 22 end with average total error = 0.829623 and alpha = 0.208803
MASTER:added tree 
MASTER: Epoch 23 end with average total error = 0.845243 and alpha = 0.0939921
MASTER:added tree 
MASTER: Epoch 24 end with average total error = 0.837651 and alpha = 0.150907
MASTER: Epoch 25 end with average total error = 0.858291 and alpha = -0.00940894
MASTER: Epoch 26 end with average total error = 0.85716 and alpha = -0.000140415
MASTER: Epoch 27 end with average total error = 0.857143 and alpha = -2.33432e-06
MASTER: Epoch 28 end with average total error = 0.857143 and alpha = -3.88074e-08
MASTER: Epoch 29 end with average total error = 0.857143 and alpha = -6.45159e-10
MASTER: Epoch 30 end with average total error = 0.857143 and alpha = -1.07256e-11
MASTER: Epoch 31 end with average total error = 0.857143 and alpha = -1.80966e-13
MASTER: Epoch 32 end with average total error = 0.857143 and alpha = -2.44249e-15
MASTER: Epoch 33 end with average total error = 0.857143 and alpha = -6.66134e-16
MASTER: Epoch 34 end with average total error = 0.857143 and alpha = 1.33227e-15
MASTER: Epoch 35 end with average total error = 0.857143 and alpha = -6.66134e-16
MASTER: Epoch 36 end with average total error = 0.857143 and alpha = 4.44089e-16
MASTER: Epoch 37 end with average total error = 0.857143 and alpha = 1.33227e-15
MASTER: Epoch 38 end with average total error = 0.857143 and alpha = -6.66134e-16
MASTER: Epoch 39 end with average total error = 0.857143 and alpha = -6.66134e-16
MASTER: Epoch 40 end with average total error = 0.857143 and alpha = -6.66134e-16
MASTER: Epoch 41 end with average total error = 0.857143 and alpha = -6.66134e-16
MASTER: Epoch 42 end with average total error = 0.857143 and alpha = 1.33227e-15
MASTER: Epoch 43 end with average total error = 0.857143 and alpha = -6.66134e-16
MASTER: Epoch 44 end with average total error = 0.857143 and alpha = 1.33227e-15
MASTER: Epoch 45 end with average total error = 0.857143 and alpha = 4.44089e-16
MASTER: Epoch 46 end with average total error = 0.857143 and alpha = -6.66134e-16
MASTER: Epoch 47 end with average total error = 0.857143 and alpha = -6.66134e-16
MASTER: Epoch 48 end with average total error = 0.857143 and alpha = 4.44089e-16
MASTER: Epoch 49 end with average total error = 0.857143 and alpha = -6.66134e-16
MASTER: Calculates the accuracy of the ensamble and its trees 
Ensabmle learning size = 25
Tree trained in epoch = 0 Accuracy = 0.644068
Tree trained in epoch = 1 Accuracy = 0.463079
Tree trained in epoch = 2 Accuracy = 0.519515
Tree trained in epoch = 3 Accuracy = 0.55598
Tree trained in epoch = 4 Accuracy = 0.514076
Tree trained in epoch = 5 Accuracy = 0.532406
Tree trained in epoch = 6 Accuracy = 0.503216
Tree trained in epoch = 7 Accuracy = 0.519727
Tree trained in epoch = 8 Accuracy = 0.522292
Tree trained in epoch = 9 Accuracy = 0.518029
Tree trained in epoch = 10 Accuracy = 0.549486
Tree trained in epoch = 11 Accuracy = 0.520766
Tree trained in epoch = 12 Accuracy = 0.534213
Tree trained in epoch = 13 Accuracy = 0.499762
Tree trained in epoch = 14 Accuracy = 0.525866
Tree trained in epoch = 15 Accuracy = 0.52539
Tree trained in epoch = 16 Accuracy = 0.50531
Tree trained in epoch = 17 Accuracy = 0.512573
Tree trained in epoch = 18 Accuracy = 0.532102
Tree trained in epoch = 19 Accuracy = 0.503078
Tree trained in epoch = 20 Accuracy = 0.524655
Tree trained in epoch = 21 Accuracy = 0.517633
Tree trained in epoch = 22 Accuracy = 0.525441
Tree trained in epoch = 23 Accuracy = 0.529543
Tree trained in epoch = 24 Accuracy = 0.545539
Accuracy Ensabmle = 0.707825 for the test dataset  in 50 epochs
Accuracy Ensabmle = 0.791241 for the train dataset  in 50 epochs
Risultati scritti con successo nel file: ../res/risultati_adaboost-mpi_weak_4.txt per il valore 50
MASTER:added tree 
MASTER: Epoch 0 end with average total error = 0.285566 and alpha = 2.70878
MASTER:added tree 
MASTER: Epoch 1 end with average total error = 0.418551 and alpha = 2.12048
MASTER:added tree 
MASTER: Epoch 2 end with average total error = 0.484866 and alpha = 1.85231
MASTER:added tree 
MASTER: Epoch 3 end with average total error = 0.515889 and alpha = 1.72818
MASTER:added tree 
MASTER: Epoch 4 end with average total error = 0.567625 and alpha = 1.51959
MASTER:added tree 
MASTER: Epoch 5 end with average total error = 0.596411 and alpha = 1.40122
MASTER:added tree 
MASTER: Epoch 6 end with average total error = 0.633794 and alpha = 1.24323
MASTER:added tree 
MASTER: Epoch 7 end with average total error = 0.648511 and alpha = 1.17926
MASTER:added tree 
MASTER: Epoch 8 end with average total error = 0.697658 and alpha = 0.955587
MASTER:added tree 
MASTER: Epoch 9 end with average total error = 0.71955 and alpha = 0.84953
MASTER:added tree 
MASTER: Epoch 10 end with average total error = 0.748017 and alpha = 0.703694
MASTER:added tree 
MASTER: Epoch 11 end with average total error = 0.736795 and alpha = 0.762382
MASTER:added tree 
MASTER: Epoch 12 end with average total error = 0.788549 and alpha = 0.475558
MASTER:added tree 
MASTER: Epoch 13 end with average total error = 0.756191 and alpha = 0.659851
MASTER:added tree 
MASTER: Epoch 14 end with average total error = 0.802405 and alpha = 0.390368
MASTER:added tree 
MASTER: Epoch 15 end with average total error = 0.830312 and alpha = 0.203916
MASTER:added tree 
MASTER: Epoch 16 end with average total error = 0.762878 and alpha = 0.623236
MASTER:added tree 
MASTER: Epoch 17 end with average total error = 0.801131 and alpha = 0.398383
MASTER:added tree 
MASTER: Epoch 18 end with average total error = 0.810563 and alpha = 0.338084
MASTER:added tree 
MASTER: Epoch 19 end with average total error = 0.824368 and alpha = 0.245534
MASTER:added tree 
MASTER: Epoch 20 end with average total error = 0.833693 and alpha = 0.179728
MASTER:added tree 
MASTER: Epoch 21 end with average total error = 0.819687 and alpha = 0.277532
MASTER:added tree 
MASTER: Epoch 22 end with average total error = 0.829623 and alpha = 0.208803
MASTER:added tree 
MASTER: Epoch 23 end with average total error = 0.845243 and alpha = 0.0939921
MASTER:added tree 
MASTER: Epoch 24 end with average total error = 0.837651 and alpha = 0.150907
MASTER: Epoch 25 end with average total error = 0.858291 and alpha = -0.00940894
MASTER: Epoch 26 end with average total error = 0.85716 and alpha = -0.000140415
MASTER: Epoch 27 end with average total error = 0.857143 and alpha = -2.33432e-06
MASTER: Epoch 28 end with average total error = 0.857143 and alpha = -3.88074e-08
MASTER: Epoch 29 end with average total error = 0.857143 and alpha = -6.45159e-10
MASTER: Epoch 30 end with average total error = 0.857143 and alpha = -1.07256e-11
MASTER: Epoch 31 end with average total error = 0.857143 and alpha = -1.80966e-13
MASTER: Epoch 32 end with average total error = 0.857143 and alpha = -2.44249e-15
MASTER: Epoch 33 end with average total error = 0.857143 and alpha = -6.66134e-16
MASTER: Epoch 34 end with average total error = 0.857143 and alpha = 1.33227e-15
MASTER: Epoch 35 end with average total error = 0.857143 and alpha = -6.66134e-16
MASTER: Epoch 36 end with average total error = 0.857143 and alpha = 4.44089e-16
MASTER: Epoch 37 end with average total error = 0.857143 and alpha = 1.33227e-15
MASTER: Epoch 38 end with average total error = 0.857143 and alpha = -6.66134e-16
MASTER: Epoch 39 end with average total error = 0.857143 and alpha = -6.66134e-16
MASTER: Epoch 40 end with average total error = 0.857143 and alpha = -6.66134e-16
MASTER: Epoch 41 end with average total error = 0.857143 and alpha = -6.66134e-16
MASTER: Epoch 42 end with average total error = 0.857143 and alpha = 1.33227e-15
MASTER: Epoch 43 end with average total error = 0.857143 and alpha = -6.66134e-16
MASTER: Epoch 44 end with average total error = 0.857143 and alpha = 1.33227e-15
MASTER: Epoch 45 end with average total error = 0.857143 and alpha = 4.44089e-16
MASTER: Epoch 46 end with average total error = 0.857143 and alpha = -6.66134e-16
MASTER: Epoch 47 end with average total error = 0.857143 and alpha = -6.66134e-16
MASTER: Epoch 48 end with average total error = 0.857143 and alpha = 4.44089e-16
MASTER: Epoch 49 end with average total error = 0.857143 and alpha = -6.66134e-16
MASTER: Epoch 50 end with average total error = 0.857143 and alpha = 1.33227e-15
MASTER: Epoch 51 end with average total error = 0.857143 and alpha = -6.66134e-16
MASTER: Epoch 52 end with average total error = 0.857143 and alpha = -6.66134e-16
MASTER: Epoch 53 end with average total error = 0.857143 and alpha = 1.33227e-15
MASTER: Epoch 54 end with average total error = 0.857143 and alpha = -6.66134e-16
MASTER: Epoch 55 end with average total error = 0.857143 and alpha = 4.44089e-16
MASTER: Epoch 56 end with average total error = 0.857143 and alpha = -6.66134e-16
MASTER: Epoch 57 end with average total error = 0.857143 and alpha = -6.66134e-16
MASTER: Epoch 58 end with average total error = 0.857143 and alpha = 1.33227e-15
MASTER: Epoch 59 end with average total error = 0.857143 and alpha = -6.66134e-16
MASTER: Epoch 60 end with average total error = 0.857143 and alpha = 1.33227e-15
MASTER: Epoch 61 end with average total error = 0.857143 and alpha = -6.66134e-16
MASTER: Epoch 62 end with average total error = 0.857143 and alpha = -6.66134e-16
MASTER: Epoch 63 end with average total error = 0.857143 and alpha = 1.33227e-15
MASTER: Epoch 64 end with average total error = 0.857143 and alpha = -6.66134e-16
MASTER: Epoch 65 end with average total error = 0.857143 and alpha = 4.44089e-16
MASTER: Epoch 66 end with average total error = 0.857143 and alpha = -6.66134e-16
MASTER: Epoch 67 end with average total error = 0.857143 and alpha = 4.44089e-16
MASTER: Epoch 68 end with average total error = 0.857143 and alpha = -6.66134e-16
MASTER: Epoch 69 end with average total error = 0.857143 and alpha = 4.44089e-16
MASTER: Epoch 70 end with average total error = 0.857143 and alpha = 4.44089e-16
MASTER: Epoch 71 end with average total error = 0.857143 and alpha = -6.66134e-16
MASTER: Epoch 72 end with average total error = 0.857143 and alpha = 4.44089e-16
MASTER: Epoch 73 end with average total error = 0.857143 and alpha = -6.66134e-16
MASTER: Epoch 74 end with average total error = 0.857143 and alpha = -6.66134e-16
MASTER: Epoch 75 end with average total error = 0.857143 and alpha = 1.33227e-15
MASTER: Epoch 76 end with average total error = 0.857143 and alpha = -6.66134e-16
MASTER: Epoch 77 end with average total error = 0.857143 and alpha = 4.44089e-16
MASTER: Epoch 78 end with average total error = 0.857143 and alpha = 4.44089e-16
MASTER: Epoch 79 end with average total error = 0.857143 and alpha = -6.66134e-16
MASTER: Epoch 80 end with average total error = 0.857143 and alpha = -6.66134e-16
MASTER: Epoch 81 end with average total error = 0.857143 and alpha = 1.33227e-15
MASTER: Epoch 82 end with average total error = 0.857143 and alpha = -6.66134e-16
MASTER: Epoch 83 end with average total error = 0.857143 and alpha = 4.44089e-16
MASTER: Epoch 84 end with average total error = 0.857143 and alpha = -6.66134e-16
MASTER: Epoch 85 end with average total error = 0.857143 and alpha = 4.44089e-16
MASTER: Epoch 86 end with average total error = 0.857143 and alpha = -6.66134e-16
MASTER: Epoch 87 end with average total error = 0.857143 and alpha = 1.33227e-15
MASTER: Epoch 88 end with average total error = 0.857143 and alpha = -6.66134e-16
MASTER: Epoch 89 end with average total error = 0.857143 and alpha = 4.44089e-16
MASTER: Epoch 90 end with average total error = 0.857143 and alpha = -6.66134e-16
MASTER: Epoch 91 end with average total error = 0.857143 and alpha = -6.66134e-16
MASTER: Epoch 92 end with average total error = 0.857143 and alpha = 1.33227e-15
MASTER: Epoch 93 end with average total error = 0.857143 and alpha = -6.66134e-16
MASTER: Epoch 94 end with average total error = 0.857143 and alpha = 4.44089e-16
MASTER: Epoch 95 end with average total error = 0.857143 and alpha = -6.66134e-16
MASTER: Epoch 96 end with average total error = 0.857143 and alpha = -6.66134e-16
MASTER: Epoch 97 end with average total error = 0.857143 and alpha = 1.33227e-15
MASTER: Epoch 98 end with average total error = 0.857143 and alpha = -6.66134e-16
MASTER: Epoch 99 end with average total error = 0.857143 and alpha = 4.44089e-16
MASTER: Calculates the accuracy of the ensamble and its trees 
Ensabmle learning size = 25
Tree trained in epoch = 0 Accuracy = 0.644068
Tree trained in epoch = 1 Accuracy = 0.463079
Tree trained in epoch = 2 Accuracy = 0.519515
Tree trained in epoch = 3 Accuracy = 0.55598
Tree trained in epoch = 4 Accuracy = 0.514076
Tree trained in epoch = 5 Accuracy = 0.532406
Tree trained in epoch = 6 Accuracy = 0.503216
Tree trained in epoch = 7 Accuracy = 0.519727
Tree trained in epoch = 8 Accuracy = 0.522292
Tree trained in epoch = 9 Accuracy = 0.518029
Tree trained in epoch = 10 Accuracy = 0.549486
Tree trained in epoch = 11 Accuracy = 0.520766
Tree trained in epoch = 12 Accuracy = 0.534213
Tree trained in epoch = 13 Accuracy = 0.499762
Tree trained in epoch = 14 Accuracy = 0.525866
Tree trained in epoch = 15 Accuracy = 0.52539
Tree trained in epoch = 16 Accuracy = 0.50531
Tree trained in epoch = 17 Accuracy = 0.512573
Tree trained in epoch = 18 Accuracy = 0.532102
Tree trained in epoch = 19 Accuracy = 0.503078
Tree trained in epoch = 20 Accuracy = 0.524655
Tree trained in epoch = 21 Accuracy = 0.517633
Tree trained in epoch = 22 Accuracy = 0.525441
Tree trained in epoch = 23 Accuracy = 0.529543
Tree trained in epoch = 24 Accuracy = 0.545539
Accuracy Ensabmle = 0.707825 for the test dataset  in 100 epochs
Accuracy Ensabmle = 0.791241 for the train dataset  in 100 epochs
Risultati scritti con successo nel file: ../res/risultati_adaboost-mpi_weak_4.txt per il valore 100
