-- The C compiler identification is GNU 9.4.0
-- The CXX compiler identification is GNU 9.4.0
-- Detecting C compiler ABI info
-- Detecting C compiler ABI info - done
-- Check for working C compiler: /beegfs/home/echiavazza/spack/opt/spack/linux-ubuntu20.04-cascadelake/gcc-9.4.0/openmpi-5.0.3-ocjjgvvgpy4ulxfz3damtdseryljeeuh/bin/mpicc - skipped
-- Detecting C compile features
-- Detecting C compile features - done
-- Detecting CXX compiler ABI info
-- Detecting CXX compiler ABI info - done
-- Check for working CXX compiler: /beegfs/home/echiavazza/spack/opt/spack/linux-ubuntu20.04-cascadelake/gcc-9.4.0/openmpi-5.0.3-ocjjgvvgpy4ulxfz3damtdseryljeeuh/bin/mpicxx - skipped
-- Detecting CXX compile features
-- Detecting CXX compile features - done
-- Found MPI_C: mpicc (found version "3.1") 
-- Found MPI_CXX: mpicxx (found version "3.1") 
-- Found MPI: TRUE (found version "3.1")  
-- Found PkgConfig: /usr/bin/pkg-config (found version "0.29.1") 
-- Checking for module 'mlpack'
--   Found mlpack, version 4.2.0
-- Configuring done (6.8s)
-- Generating done (0.1s)
-- Build files have been written to: /beegfs/home/echiavazza/unito-scpd/adaboost-mpi/build
[ 25%] Building CXX object CMakeFiles/communication_lib.dir/src/communication_lib/libcomm.cpp.o
[ 25%] Building CXX object CMakeFiles/data_lib.dir/src/data_lib/datalib.cpp.o
[ 37%] Linking CXX static library /beegfs/home/echiavazza/unito-scpd/adaboost-mpi/obj/libdata_lib.a
[ 37%] Built target data_lib
[ 50%] Linking CXX static library /beegfs/home/echiavazza/unito-scpd/adaboost-mpi/obj/libcommunication_lib.a
[ 50%] Built target communication_lib
[ 87%] Building CXX object CMakeFiles/adaboost-mpi.dir/src/main.cpp.o
[ 87%] Building CXX object CMakeFiles/adaboost-mpi.dir/src/communication_lib/libcomm.cpp.o
[ 87%] Building CXX object CMakeFiles/adaboost-mpi.dir/src/data_lib/datalib.cpp.o
[100%] Linking CXX executable /beegfs/home/echiavazza/unito-scpd/adaboost-mpi/bin/adaboost-mpi
[100%] Built target adaboost-mpi
MASTER: Uploads and distributes data among 215 clients 
MASTER: start send
MASTER: end send
RANK1: NUM DATA 1892
MASTER:added tree 
MASTER: Epoch 0 end with average total error = 0.358663 and alpha = 2.37293
MASTER:added tree 
MASTER: Epoch 1 end with average total error = 0.461965 and alpha = 1.94419
MASTER:added tree 
MASTER: Epoch 2 end with average total error = 0.526697 and alpha = 1.68487
MASTER:added tree 
MASTER: Epoch 3 end with average total error = 0.57547 and alpha = 1.48756
MASTER:added tree 
MASTER: Epoch 4 end with average total error = 0.590785 and alpha = 1.42455
MASTER: Calculates the accuracy of the ensamble and its trees 
Ensabmle learning size = 5
Tree trained in epoch = 0 Accuracy = 0.630064
Tree trained in epoch = 1 Accuracy = 0.4569
Tree trained in epoch = 2 Accuracy = 0.439895
Tree trained in epoch = 3 Accuracy = 0.442872
Tree trained in epoch = 4 Accuracy = 0.42744
Accuracy Ensabmle = 0.593409 for the test dataset  in 5 epochs
Accuracy Ensabmle = 0.62065 for the train dataset  in 5 epochs
Risultati scritti con successo nel file: ../res/risultati_adaboost-mpi_s7.txt per il valore 5
MASTER:added tree 
MASTER: Epoch 0 end with average total error = 0.358663 and alpha = 2.37293
MASTER:added tree 
MASTER: Epoch 1 end with average total error = 0.461965 and alpha = 1.94419
MASTER:added tree 
MASTER: Epoch 2 end with average total error = 0.526697 and alpha = 1.68487
MASTER:added tree 
MASTER: Epoch 3 end with average total error = 0.57547 and alpha = 1.48756
MASTER:added tree 
MASTER: Epoch 4 end with average total error = 0.590785 and alpha = 1.42455
MASTER:added tree 
MASTER: Epoch 5 end with average total error = 0.617911 and alpha = 1.31107
MASTER:added tree 
MASTER: Epoch 6 end with average total error = 0.640735 and alpha = 1.2132
MASTER:added tree 
MASTER: Epoch 7 end with average total error = 0.64552 and alpha = 1.19236
MASTER:added tree 
MASTER: Epoch 8 end with average total error = 0.6589 and alpha = 1.13336
MASTER:added tree 
MASTER: Epoch 9 end with average total error = 0.685749 and alpha = 1.01144
MASTER: Calculates the accuracy of the ensamble and its trees 
Ensabmle learning size = 10
Tree trained in epoch = 0 Accuracy = 0.630064
Tree trained in epoch = 1 Accuracy = 0.4569
Tree trained in epoch = 2 Accuracy = 0.439895
Tree trained in epoch = 3 Accuracy = 0.442872
Tree trained in epoch = 4 Accuracy = 0.42744
Tree trained in epoch = 5 Accuracy = 0.395294
Tree trained in epoch = 6 Accuracy = 0.350459
Tree trained in epoch = 7 Accuracy = 0.426086
Tree trained in epoch = 8 Accuracy = 0.401961
Tree trained in epoch = 9 Accuracy = 0.414892
Accuracy Ensabmle = 0.592451 for the test dataset  in 10 epochs
Accuracy Ensabmle = 0.626827 for the train dataset  in 10 epochs
Risultati scritti con successo nel file: ../res/risultati_adaboost-mpi_s7.txt per il valore 10
MASTER:added tree 
MASTER: Epoch 0 end with average total error = 0.358663 and alpha = 2.37293
MASTER:added tree 
MASTER: Epoch 1 end with average total error = 0.461965 and alpha = 1.94419
MASTER:added tree 
MASTER: Epoch 2 end with average total error = 0.526697 and alpha = 1.68487
MASTER:added tree 
MASTER: Epoch 3 end with average total error = 0.57547 and alpha = 1.48756
MASTER:added tree 
MASTER: Epoch 4 end with average total error = 0.590785 and alpha = 1.42455
MASTER:added tree 
MASTER: Epoch 5 end with average total error = 0.617911 and alpha = 1.31107
MASTER:added tree 
MASTER: Epoch 6 end with average total error = 0.640735 and alpha = 1.2132
MASTER:added tree 
MASTER: Epoch 7 end with average total error = 0.64552 and alpha = 1.19236
MASTER:added tree 
MASTER: Epoch 8 end with average total error = 0.6589 and alpha = 1.13336
MASTER:added tree 
MASTER: Epoch 9 end with average total error = 0.685749 and alpha = 1.01144
MASTER:added tree 
MASTER: Epoch 10 end with average total error = 0.706381 and alpha = 0.913889
MASTER:added tree 
MASTER: Epoch 11 end with average total error = 0.733954 and alpha = 0.77698
MASTER:added tree 
MASTER: Epoch 12 end with average total error = 0.745386 and alpha = 0.717608
MASTER:added tree 
MASTER: Epoch 13 end with average total error = 0.734739 and alpha = 0.77296
MASTER:added tree 
MASTER: Epoch 14 end with average total error = 0.745197 and alpha = 0.7186
MASTER:added tree 
MASTER: Epoch 15 end with average total error = 0.751641 and alpha = 0.684375
MASTER:added tree 
MASTER: Epoch 16 end with average total error = 0.790602 and alpha = 0.4632
MASTER:added tree 
MASTER: Epoch 17 end with average total error = 0.752705 and alpha = 0.678666
MASTER:added tree 
MASTER: Epoch 18 end with average total error = 0.786517 and alpha = 0.487703
MASTER:added tree 
MASTER: Epoch 19 end with average total error = 0.812889 and alpha = 0.32287
MASTER: Calculates the accuracy of the ensamble and its trees 
Ensabmle learning size = 20
Tree trained in epoch = 0 Accuracy = 0.630064
Tree trained in epoch = 1 Accuracy = 0.4569
Tree trained in epoch = 2 Accuracy = 0.439895
Tree trained in epoch = 3 Accuracy = 0.442872
Tree trained in epoch = 4 Accuracy = 0.42744
Tree trained in epoch = 5 Accuracy = 0.395294
Tree trained in epoch = 6 Accuracy = 0.350459
Tree trained in epoch = 7 Accuracy = 0.426086
Tree trained in epoch = 8 Accuracy = 0.401961
Tree trained in epoch = 9 Accuracy = 0.414892
Tree trained in epoch = 10 Accuracy = 0.387922
Tree trained in epoch = 11 Accuracy = 0.348657
Tree trained in epoch = 12 Accuracy = 0.338302
Tree trained in epoch = 13 Accuracy = 0.404818
Tree trained in epoch = 14 Accuracy = 0.425724
Tree trained in epoch = 15 Accuracy = 0.366259
Tree trained in epoch = 16 Accuracy = 0.364165
Tree trained in epoch = 17 Accuracy = 0.4176
Tree trained in epoch = 18 Accuracy = 0.35736
Tree trained in epoch = 19 Accuracy = 0.349386
Accuracy Ensabmle = 0.608922 for the test dataset  in 20 epochs
Accuracy Ensabmle = 0.642329 for the train dataset  in 20 epochs
Risultati scritti con successo nel file: ../res/risultati_adaboost-mpi_s7.txt per il valore 20
MASTER:added tree 
MASTER: Epoch 0 end with average total error = 0.358663 and alpha = 2.37293
MASTER:added tree 
MASTER: Epoch 1 end with average total error = 0.461965 and alpha = 1.94419
MASTER:added tree 
MASTER: Epoch 2 end with average total error = 0.526697 and alpha = 1.68487
MASTER:added tree 
MASTER: Epoch 3 end with average total error = 0.57547 and alpha = 1.48756
MASTER:added tree 
MASTER: Epoch 4 end with average total error = 0.590785 and alpha = 1.42455
MASTER:added tree 
MASTER: Epoch 5 end with average total error = 0.617911 and alpha = 1.31107
MASTER:added tree 
MASTER: Epoch 6 end with average total error = 0.640735 and alpha = 1.2132
MASTER:added tree 
MASTER: Epoch 7 end with average total error = 0.64552 and alpha = 1.19236
MASTER:added tree 
MASTER: Epoch 8 end with average total error = 0.6589 and alpha = 1.13336
MASTER:added tree 
MASTER: Epoch 9 end with average total error = 0.685749 and alpha = 1.01144
MASTER:added tree 
MASTER: Epoch 10 end with average total error = 0.706381 and alpha = 0.913889
MASTER:added tree 
MASTER: Epoch 11 end with average total error = 0.733954 and alpha = 0.77698
MASTER:added tree 
MASTER: Epoch 12 end with average total error = 0.745386 and alpha = 0.717608
MASTER:added tree 
MASTER: Epoch 13 end with average total error = 0.734739 and alpha = 0.77296
MASTER:added tree 
MASTER: Epoch 14 end with average total error = 0.745197 and alpha = 0.7186
MASTER:added tree 
MASTER: Epoch 15 end with average total error = 0.751641 and alpha = 0.684375
MASTER:added tree 
MASTER: Epoch 16 end with average total error = 0.790602 and alpha = 0.4632
MASTER:added tree 
MASTER: Epoch 17 end with average total error = 0.752705 and alpha = 0.678666
MASTER:added tree 
MASTER: Epoch 18 end with average total error = 0.786517 and alpha = 0.487703
MASTER:added tree 
MASTER: Epoch 19 end with average total error = 0.812889 and alpha = 0.32287
MASTER:added tree 
MASTER: Epoch 20 end with average total error = 0.812011 and alpha = 0.32863
MASTER:added tree 
MASTER: Epoch 21 end with average total error = 0.82429 and alpha = 0.246075
MASTER:added tree 
MASTER: Epoch 22 end with average total error = 0.811874 and alpha = 0.329525
MASTER:added tree 
MASTER: Epoch 23 end with average total error = 0.84628 and alpha = 0.086045
MASTER:added tree 
MASTER: Epoch 24 end with average total error = 0.812263 and alpha = 0.326975
MASTER:added tree 
MASTER: Epoch 25 end with average total error = 0.842426 and alpha = 0.115373
MASTER:added tree 
MASTER: Epoch 26 end with average total error = 0.846376 and alpha = 0.0853025
MASTER: Epoch 27 end with average total error = 0.876451 and alpha = -0.167483
MASTER: Epoch 28 end with average total error = 0.85799 and alpha = -0.00693194
MASTER: Epoch 29 end with average total error = 0.857178 and alpha = -0.000290187
MASTER: Calculates the accuracy of the ensamble and its trees 
Ensabmle learning size = 27
Tree trained in epoch = 0 Accuracy = 0.630064
Tree trained in epoch = 1 Accuracy = 0.4569
Tree trained in epoch = 2 Accuracy = 0.439895
Tree trained in epoch = 3 Accuracy = 0.442872
Tree trained in epoch = 4 Accuracy = 0.42744
Tree trained in epoch = 5 Accuracy = 0.395294
Tree trained in epoch = 6 Accuracy = 0.350459
Tree trained in epoch = 7 Accuracy = 0.426086
Tree trained in epoch = 8 Accuracy = 0.401961
Tree trained in epoch = 9 Accuracy = 0.414892
Tree trained in epoch = 10 Accuracy = 0.387922
Tree trained in epoch = 11 Accuracy = 0.348657
Tree trained in epoch = 12 Accuracy = 0.338302
Tree trained in epoch = 13 Accuracy = 0.404818
Tree trained in epoch = 14 Accuracy = 0.425724
Tree trained in epoch = 15 Accuracy = 0.366259
Tree trained in epoch = 16 Accuracy = 0.364165
Tree trained in epoch = 17 Accuracy = 0.4176
Tree trained in epoch = 18 Accuracy = 0.35736
Tree trained in epoch = 19 Accuracy = 0.349386
Tree trained in epoch = 20 Accuracy = 0.431863
Tree trained in epoch = 21 Accuracy = 0.405375
Tree trained in epoch = 22 Accuracy = 0.418817
Tree trained in epoch = 23 Accuracy = 0.339558
Tree trained in epoch = 24 Accuracy = 0.40429
Tree trained in epoch = 25 Accuracy = 0.443911
Tree trained in epoch = 26 Accuracy = 0.328417
Accuracy Ensabmle = 0.613237 for the test dataset  in 30 epochs
Accuracy Ensabmle = 0.648513 for the train dataset  in 30 epochs
Risultati scritti con successo nel file: ../res/risultati_adaboost-mpi_s7.txt per il valore 30
MASTER:added tree 
MASTER: Epoch 0 end with average total error = 0.358663 and alpha = 2.37293
MASTER:added tree 
MASTER: Epoch 1 end with average total error = 0.461965 and alpha = 1.94419
MASTER:added tree 
MASTER: Epoch 2 end with average total error = 0.526697 and alpha = 1.68487
MASTER:added tree 
MASTER: Epoch 3 end with average total error = 0.57547 and alpha = 1.48756
MASTER:added tree 
MASTER: Epoch 4 end with average total error = 0.590785 and alpha = 1.42455
MASTER:added tree 
MASTER: Epoch 5 end with average total error = 0.617911 and alpha = 1.31107
MASTER:added tree 
MASTER: Epoch 6 end with average total error = 0.640735 and alpha = 1.2132
MASTER:added tree 
MASTER: Epoch 7 end with average total error = 0.64552 and alpha = 1.19236
MASTER:added tree 
MASTER: Epoch 8 end with average total error = 0.6589 and alpha = 1.13336
MASTER:added tree 
MASTER: Epoch 9 end with average total error = 0.685749 and alpha = 1.01144
MASTER:added tree 
MASTER: Epoch 10 end with average total error = 0.706381 and alpha = 0.913889
MASTER:added tree 
MASTER: Epoch 11 end with average total error = 0.733954 and alpha = 0.77698
MASTER:added tree 
MASTER: Epoch 12 end with average total error = 0.745386 and alpha = 0.717608
MASTER:added tree 
MASTER: Epoch 13 end with average total error = 0.734739 and alpha = 0.77296
MASTER:added tree 
MASTER: Epoch 14 end with average total error = 0.745197 and alpha = 0.7186
MASTER:added tree 
MASTER: Epoch 15 end with average total error = 0.751641 and alpha = 0.684375
MASTER:added tree 
MASTER: Epoch 16 end with average total error = 0.790602 and alpha = 0.4632
MASTER:added tree 
MASTER: Epoch 17 end with average total error = 0.752705 and alpha = 0.678666
MASTER:added tree 
MASTER: Epoch 18 end with average total error = 0.786517 and alpha = 0.487703
MASTER:added tree 
MASTER: Epoch 19 end with average total error = 0.812889 and alpha = 0.32287
MASTER:added tree 
MASTER: Epoch 20 end with average total error = 0.812011 and alpha = 0.32863
MASTER:added tree 
MASTER: Epoch 21 end with average total error = 0.82429 and alpha = 0.246075
MASTER:added tree 
MASTER: Epoch 22 end with average total error = 0.811874 and alpha = 0.329525
MASTER:added tree 
MASTER: Epoch 23 end with average total error = 0.84628 and alpha = 0.086045
MASTER:added tree 
MASTER: Epoch 24 end with average total error = 0.812263 and alpha = 0.326975
MASTER:added tree 
MASTER: Epoch 25 end with average total error = 0.842426 and alpha = 0.115373
MASTER:added tree 
MASTER: Epoch 26 end with average total error = 0.846376 and alpha = 0.0853025
MASTER: Epoch 27 end with average total error = 0.876451 and alpha = -0.167483
MASTER: Epoch 28 end with average total error = 0.85799 and alpha = -0.00693194
MASTER: Epoch 29 end with average total error = 0.857178 and alpha = -0.000290187
MASTER: Epoch 30 end with average total error = 0.857144 and alpha = -1.21538e-05
MASTER: Epoch 31 end with average total error = 0.857143 and alpha = -5.0904e-07
MASTER: Epoch 32 end with average total error = 0.857143 and alpha = -2.13203e-08
MASTER: Epoch 33 end with average total error = 0.857143 and alpha = -8.92965e-10
MASTER: Epoch 34 end with average total error = 0.857143 and alpha = -3.73985e-11
MASTER: Epoch 35 end with average total error = 0.857143 and alpha = -1.56541e-12
MASTER: Epoch 36 end with average total error = 0.857143 and alpha = -6.86118e-14
MASTER: Epoch 37 end with average total error = 0.857143 and alpha = -3.33067e-15
MASTER: Epoch 38 end with average total error = 0.857143 and alpha = 4.44089e-16
MASTER: Epoch 39 end with average total error = 0.857143 and alpha = 4.44089e-16
MASTER: Calculates the accuracy of the ensamble and its trees 
Ensabmle learning size = 27
Tree trained in epoch = 0 Accuracy = 0.630064
Tree trained in epoch = 1 Accuracy = 0.4569
Tree trained in epoch = 2 Accuracy = 0.439895
Tree trained in epoch = 3 Accuracy = 0.442872
Tree trained in epoch = 4 Accuracy = 0.42744
Tree trained in epoch = 5 Accuracy = 0.395294
Tree trained in epoch = 6 Accuracy = 0.350459
Tree trained in epoch = 7 Accuracy = 0.426086
Tree trained in epoch = 8 Accuracy = 0.401961
Tree trained in epoch = 9 Accuracy = 0.414892
Tree trained in epoch = 10 Accuracy = 0.387922
Tree trained in epoch = 11 Accuracy = 0.348657
Tree trained in epoch = 12 Accuracy = 0.338302
Tree trained in epoch = 13 Accuracy = 0.404818
Tree trained in epoch = 14 Accuracy = 0.425724
Tree trained in epoch = 15 Accuracy = 0.366259
Tree trained in epoch = 16 Accuracy = 0.364165
Tree trained in epoch = 17 Accuracy = 0.4176
Tree trained in epoch = 18 Accuracy = 0.35736
Tree trained in epoch = 19 Accuracy = 0.349386
Tree trained in epoch = 20 Accuracy = 0.431863
Tree trained in epoch = 21 Accuracy = 0.405375
Tree trained in epoch = 22 Accuracy = 0.418817
Tree trained in epoch = 23 Accuracy = 0.339558
Tree trained in epoch = 24 Accuracy = 0.40429
Tree trained in epoch = 25 Accuracy = 0.443911
Tree trained in epoch = 26 Accuracy = 0.328417
Accuracy Ensabmle = 0.613237 for the test dataset  in 40 epochs
Accuracy Ensabmle = 0.648513 for the train dataset  in 40 epochs
Risultati scritti con successo nel file: ../res/risultati_adaboost-mpi_s7.txt per il valore 40
MASTER:added tree 
MASTER: Epoch 0 end with average total error = 0.358663 and alpha = 2.37293
MASTER:added tree 
MASTER: Epoch 1 end with average total error = 0.461965 and alpha = 1.94419
MASTER:added tree 
MASTER: Epoch 2 end with average total error = 0.526697 and alpha = 1.68487
MASTER:added tree 
MASTER: Epoch 3 end with average total error = 0.57547 and alpha = 1.48756
MASTER:added tree 
MASTER: Epoch 4 end with average total error = 0.590785 and alpha = 1.42455
MASTER:added tree 
MASTER: Epoch 5 end with average total error = 0.617911 and alpha = 1.31107
MASTER:added tree 
MASTER: Epoch 6 end with average total error = 0.640735 and alpha = 1.2132
MASTER:added tree 
MASTER: Epoch 7 end with average total error = 0.64552 and alpha = 1.19236
MASTER:added tree 
MASTER: Epoch 8 end with average total error = 0.6589 and alpha = 1.13336
MASTER:added tree 
MASTER: Epoch 9 end with average total error = 0.685749 and alpha = 1.01144
MASTER:added tree 
MASTER: Epoch 10 end with average total error = 0.706381 and alpha = 0.913889
MASTER:added tree 
MASTER: Epoch 11 end with average total error = 0.733954 and alpha = 0.77698
MASTER:added tree 
MASTER: Epoch 12 end with average total error = 0.745386 and alpha = 0.717608
MASTER:added tree 
MASTER: Epoch 13 end with average total error = 0.734739 and alpha = 0.77296
MASTER:added tree 
MASTER: Epoch 14 end with average total error = 0.745197 and alpha = 0.7186
MASTER:added tree 
MASTER: Epoch 15 end with average total error = 0.751641 and alpha = 0.684375
MASTER:added tree 
MASTER: Epoch 16 end with average total error = 0.790602 and alpha = 0.4632
MASTER:added tree 
MASTER: Epoch 17 end with average total error = 0.752705 and alpha = 0.678666
MASTER:added tree 
MASTER: Epoch 18 end with average total error = 0.786517 and alpha = 0.487703
MASTER:added tree 
MASTER: Epoch 19 end with average total error = 0.812889 and alpha = 0.32287
MASTER:added tree 
MASTER: Epoch 20 end with average total error = 0.812011 and alpha = 0.32863
MASTER:added tree 
MASTER: Epoch 21 end with average total error = 0.82429 and alpha = 0.246075
MASTER:added tree 
MASTER: Epoch 22 end with average total error = 0.811874 and alpha = 0.329525
MASTER:added tree 
MASTER: Epoch 23 end with average total error = 0.84628 and alpha = 0.086045
MASTER:added tree 
MASTER: Epoch 24 end with average total error = 0.812263 and alpha = 0.326975
MASTER:added tree 
MASTER: Epoch 25 end with average total error = 0.842426 and alpha = 0.115373
MASTER:added tree 
MASTER: Epoch 26 end with average total error = 0.846376 and alpha = 0.0853025
MASTER: Epoch 27 end with average total error = 0.876451 and alpha = -0.167483
MASTER: Epoch 28 end with average total error = 0.85799 and alpha = -0.00693194
MASTER: Epoch 29 end with average total error = 0.857178 and alpha = -0.000290187
MASTER: Epoch 30 end with average total error = 0.857144 and alpha = -1.21538e-05
MASTER: Epoch 31 end with average total error = 0.857143 and alpha = -5.0904e-07
MASTER: Epoch 32 end with average total error = 0.857143 and alpha = -2.13203e-08
MASTER: Epoch 33 end with average total error = 0.857143 and alpha = -8.92965e-10
MASTER: Epoch 34 end with average total error = 0.857143 and alpha = -3.73985e-11
MASTER: Epoch 35 end with average total error = 0.857143 and alpha = -1.56541e-12
MASTER: Epoch 36 end with average total error = 0.857143 and alpha = -6.86118e-14
MASTER: Epoch 37 end with average total error = 0.857143 and alpha = -3.33067e-15
MASTER: Epoch 38 end with average total error = 0.857143 and alpha = 4.44089e-16
MASTER: Epoch 39 end with average total error = 0.857143 and alpha = 4.44089e-16
MASTER: Epoch 40 end with average total error = 0.857143 and alpha = 4.44089e-16
MASTER: Epoch 41 end with average total error = 0.857143 and alpha = 4.44089e-16
MASTER: Epoch 42 end with average total error = 0.857143 and alpha = 4.44089e-16
MASTER: Epoch 43 end with average total error = 0.857143 and alpha = 4.44089e-16
MASTER: Epoch 44 end with average total error = 0.857143 and alpha = -6.66134e-16
MASTER: Epoch 45 end with average total error = 0.857143 and alpha = -1.33227e-15
MASTER: Epoch 46 end with average total error = 0.857143 and alpha = 4.44089e-16
MASTER: Epoch 47 end with average total error = 0.857143 and alpha = 4.44089e-16
MASTER: Epoch 48 end with average total error = 0.857143 and alpha = 4.44089e-16
MASTER: Epoch 49 end with average total error = 0.857143 and alpha = -1.33227e-15
MASTER: Calculates the accuracy of the ensamble and its trees 
Ensabmle learning size = 27
Tree trained in epoch = 0 Accuracy = 0.630064
Tree trained in epoch = 1 Accuracy = 0.4569
Tree trained in epoch = 2 Accuracy = 0.439895
Tree trained in epoch = 3 Accuracy = 0.442872
Tree trained in epoch = 4 Accuracy = 0.42744
Tree trained in epoch = 5 Accuracy = 0.395294
Tree trained in epoch = 6 Accuracy = 0.350459
Tree trained in epoch = 7 Accuracy = 0.426086
Tree trained in epoch = 8 Accuracy = 0.401961
Tree trained in epoch = 9 Accuracy = 0.414892
Tree trained in epoch = 10 Accuracy = 0.387922
Tree trained in epoch = 11 Accuracy = 0.348657
Tree trained in epoch = 12 Accuracy = 0.338302
Tree trained in epoch = 13 Accuracy = 0.404818
Tree trained in epoch = 14 Accuracy = 0.425724
Tree trained in epoch = 15 Accuracy = 0.366259
Tree trained in epoch = 16 Accuracy = 0.364165
Tree trained in epoch = 17 Accuracy = 0.4176
Tree trained in epoch = 18 Accuracy = 0.35736
Tree trained in epoch = 19 Accuracy = 0.349386
Tree trained in epoch = 20 Accuracy = 0.431863
Tree trained in epoch = 21 Accuracy = 0.405375
Tree trained in epoch = 22 Accuracy = 0.418817
Tree trained in epoch = 23 Accuracy = 0.339558
Tree trained in epoch = 24 Accuracy = 0.40429
Tree trained in epoch = 25 Accuracy = 0.443911
Tree trained in epoch = 26 Accuracy = 0.328417
Accuracy Ensabmle = 0.613237 for the test dataset  in 50 epochs
Accuracy Ensabmle = 0.648513 for the train dataset  in 50 epochs
Risultati scritti con successo nel file: ../res/risultati_adaboost-mpi_s7.txt per il valore 50
MASTER:added tree 
MASTER: Epoch 0 end with average total error = 0.358663 and alpha = 2.37293
MASTER:added tree 
MASTER: Epoch 1 end with average total error = 0.461965 and alpha = 1.94419
MASTER:added tree 
MASTER: Epoch 2 end with average total error = 0.526697 and alpha = 1.68487
MASTER:added tree 
MASTER: Epoch 3 end with average total error = 0.57547 and alpha = 1.48756
MASTER:added tree 
MASTER: Epoch 4 end with average total error = 0.590785 and alpha = 1.42455
MASTER:added tree 
MASTER: Epoch 5 end with average total error = 0.617911 and alpha = 1.31107
MASTER:added tree 
MASTER: Epoch 6 end with average total error = 0.640735 and alpha = 1.2132
MASTER:added tree 
MASTER: Epoch 7 end with average total error = 0.64552 and alpha = 1.19236
MASTER:added tree 
MASTER: Epoch 8 end with average total error = 0.6589 and alpha = 1.13336
MASTER:added tree 
MASTER: Epoch 9 end with average total error = 0.685749 and alpha = 1.01144
MASTER:added tree 
MASTER: Epoch 10 end with average total error = 0.706381 and alpha = 0.913889
MASTER:added tree 
MASTER: Epoch 11 end with average total error = 0.733954 and alpha = 0.77698
MASTER:added tree 
MASTER: Epoch 12 end with average total error = 0.745386 and alpha = 0.717608
MASTER:added tree 
MASTER: Epoch 13 end with average total error = 0.734739 and alpha = 0.77296
MASTER:added tree 
MASTER: Epoch 14 end with average total error = 0.745197 and alpha = 0.7186
MASTER:added tree 
MASTER: Epoch 15 end with average total error = 0.751641 and alpha = 0.684375
MASTER:added tree 
MASTER: Epoch 16 end with average total error = 0.790602 and alpha = 0.4632
MASTER:added tree 
MASTER: Epoch 17 end with average total error = 0.752705 and alpha = 0.678666
MASTER:added tree 
MASTER: Epoch 18 end with average total error = 0.786517 and alpha = 0.487703
MASTER:added tree 
MASTER: Epoch 19 end with average total error = 0.812889 and alpha = 0.32287
MASTER:added tree 
MASTER: Epoch 20 end with average total error = 0.812011 and alpha = 0.32863
MASTER:added tree 
MASTER: Epoch 21 end with average total error = 0.82429 and alpha = 0.246075
MASTER:added tree 
MASTER: Epoch 22 end with average total error = 0.811874 and alpha = 0.329525
MASTER:added tree 
MASTER: Epoch 23 end with average total error = 0.84628 and alpha = 0.086045
MASTER:added tree 
MASTER: Epoch 24 end with average total error = 0.812263 and alpha = 0.326975
MASTER:added tree 
MASTER: Epoch 25 end with average total error = 0.842426 and alpha = 0.115373
MASTER:added tree 
MASTER: Epoch 26 end with average total error = 0.846376 and alpha = 0.0853025
MASTER: Epoch 27 end with average total error = 0.876451 and alpha = -0.167483
MASTER: Epoch 28 end with average total error = 0.85799 and alpha = -0.00693194
MASTER: Epoch 29 end with average total error = 0.857178 and alpha = -0.000290187
MASTER: Epoch 30 end with average total error = 0.857144 and alpha = -1.21538e-05
MASTER: Epoch 31 end with average total error = 0.857143 and alpha = -5.0904e-07
MASTER: Epoch 32 end with average total error = 0.857143 and alpha = -2.13203e-08
MASTER: Epoch 33 end with average total error = 0.857143 and alpha = -8.92965e-10
MASTER: Epoch 34 end with average total error = 0.857143 and alpha = -3.73985e-11
MASTER: Epoch 35 end with average total error = 0.857143 and alpha = -1.56541e-12
MASTER: Epoch 36 end with average total error = 0.857143 and alpha = -6.86118e-14
MASTER: Epoch 37 end with average total error = 0.857143 and alpha = -3.33067e-15
MASTER: Epoch 38 end with average total error = 0.857143 and alpha = 4.44089e-16
MASTER: Epoch 39 end with average total error = 0.857143 and alpha = 4.44089e-16
MASTER: Epoch 40 end with average total error = 0.857143 and alpha = 4.44089e-16
MASTER: Epoch 41 end with average total error = 0.857143 and alpha = 4.44089e-16
MASTER: Epoch 42 end with average total error = 0.857143 and alpha = 4.44089e-16
MASTER: Epoch 43 end with average total error = 0.857143 and alpha = 4.44089e-16
MASTER: Epoch 44 end with average total error = 0.857143 and alpha = -6.66134e-16
MASTER: Epoch 45 end with average total error = 0.857143 and alpha = -1.33227e-15
MASTER: Epoch 46 end with average total error = 0.857143 and alpha = 4.44089e-16
MASTER: Epoch 47 end with average total error = 0.857143 and alpha = 4.44089e-16
MASTER: Epoch 48 end with average total error = 0.857143 and alpha = 4.44089e-16
MASTER: Epoch 49 end with average total error = 0.857143 and alpha = -1.33227e-15
MASTER: Epoch 50 end with average total error = 0.857143 and alpha = 4.44089e-16
MASTER: Epoch 51 end with average total error = 0.857143 and alpha = 4.44089e-16
MASTER: Epoch 52 end with average total error = 0.857143 and alpha = 4.44089e-16
MASTER: Epoch 53 end with average total error = 0.857143 and alpha = -6.66134e-16
MASTER: Epoch 54 end with average total error = 0.857143 and alpha = 4.44089e-16
MASTER: Epoch 55 end with average total error = 0.857143 and alpha = 4.44089e-16
MASTER: Epoch 56 end with average total error = 0.857143 and alpha = -6.66134e-16
MASTER: Epoch 57 end with average total error = 0.857143 and alpha = -6.66134e-16
MASTER: Epoch 58 end with average total error = 0.857143 and alpha = 4.44089e-16
MASTER: Epoch 59 end with average total error = 0.857143 and alpha = 4.44089e-16
MASTER: Epoch 60 end with average total error = 0.857143 and alpha = 4.44089e-16
MASTER: Epoch 61 end with average total error = 0.857143 and alpha = -6.66134e-16
MASTER: Epoch 62 end with average total error = 0.857143 and alpha = 4.44089e-16
MASTER: Epoch 63 end with average total error = 0.857143 and alpha = 4.44089e-16
MASTER: Epoch 64 end with average total error = 0.857143 and alpha = -6.66134e-16
MASTER: Epoch 65 end with average total error = 0.857143 and alpha = -6.66134e-16
MASTER: Epoch 66 end with average total error = 0.857143 and alpha = 4.44089e-16
MASTER: Epoch 67 end with average total error = 0.857143 and alpha = -6.66134e-16
MASTER: Epoch 68 end with average total error = 0.857143 and alpha = 4.44089e-16
MASTER: Epoch 69 end with average total error = 0.857143 and alpha = 4.44089e-16
MASTER: Epoch 70 end with average total error = 0.857143 and alpha = 4.44089e-16
MASTER: Epoch 71 end with average total error = 0.857143 and alpha = 4.44089e-16
MASTER: Epoch 72 end with average total error = 0.857143 and alpha = -1.33227e-15
MASTER: Epoch 73 end with average total error = 0.857143 and alpha = -6.66134e-16
MASTER: Epoch 74 end with average total error = 0.857143 and alpha = 4.44089e-16
MASTER: Epoch 75 end with average total error = 0.857143 and alpha = 4.44089e-16
MASTER: Epoch 76 end with average total error = 0.857143 and alpha = 4.44089e-16
MASTER: Epoch 77 end with average total error = 0.857143 and alpha = 4.44089e-16
MASTER: Epoch 78 end with average total error = 0.857143 and alpha = 4.44089e-16
MASTER: Epoch 79 end with average total error = 0.857143 and alpha = -1.33227e-15
MASTER: Epoch 80 end with average total error = 0.857143 and alpha = -6.66134e-16
MASTER: Epoch 81 end with average total error = 0.857143 and alpha = 4.44089e-16
MASTER: Epoch 82 end with average total error = 0.857143 and alpha = -6.66134e-16
MASTER: Epoch 83 end with average total error = 0.857143 and alpha = 4.44089e-16
MASTER: Epoch 84 end with average total error = 0.857143 and alpha = 4.44089e-16
MASTER: Epoch 85 end with average total error = 0.857143 and alpha = 4.44089e-16
MASTER: Epoch 86 end with average total error = 0.857143 and alpha = 4.44089e-16
MASTER: Epoch 87 end with average total error = 0.857143 and alpha = -6.66134e-16
MASTER: Epoch 88 end with average total error = 0.857143 and alpha = 4.44089e-16
MASTER: Epoch 89 end with average total error = 0.857143 and alpha = -6.66134e-16
MASTER: Epoch 90 end with average total error = 0.857143 and alpha = -6.66134e-16
MASTER: Epoch 91 end with average total error = 0.857143 and alpha = 4.44089e-16
MASTER: Epoch 92 end with average total error = 0.857143 and alpha = -6.66134e-16
MASTER: Epoch 93 end with average total error = 0.857143 and alpha = 4.44089e-16
MASTER: Epoch 94 end with average total error = 0.857143 and alpha = 4.44089e-16
MASTER: Epoch 95 end with average total error = 0.857143 and alpha = -6.66134e-16
MASTER: Epoch 96 end with average total error = 0.857143 and alpha = -6.66134e-16
MASTER: Epoch 97 end with average total error = 0.857143 and alpha = 4.44089e-16
MASTER: Epoch 98 end with average total error = 0.857143 and alpha = 4.44089e-16
MASTER: Epoch 99 end with average total error = 0.857143 and alpha = 4.44089e-16
MASTER: Calculates the accuracy of the ensamble and its trees 
Ensabmle learning size = 27
Tree trained in epoch = 0 Accuracy = 0.630064
Tree trained in epoch = 1 Accuracy = 0.4569
Tree trained in epoch = 2 Accuracy = 0.439895
Tree trained in epoch = 3 Accuracy = 0.442872
Tree trained in epoch = 4 Accuracy = 0.42744
Tree trained in epoch = 5 Accuracy = 0.395294
Tree trained in epoch = 6 Accuracy = 0.350459
Tree trained in epoch = 7 Accuracy = 0.426086
Tree trained in epoch = 8 Accuracy = 0.401961
Tree trained in epoch = 9 Accuracy = 0.414892
Tree trained in epoch = 10 Accuracy = 0.387922
Tree trained in epoch = 11 Accuracy = 0.348657
Tree trained in epoch = 12 Accuracy = 0.338302
Tree trained in epoch = 13 Accuracy = 0.404818
Tree trained in epoch = 14 Accuracy = 0.425724
Tree trained in epoch = 15 Accuracy = 0.366259
Tree trained in epoch = 16 Accuracy = 0.364165
Tree trained in epoch = 17 Accuracy = 0.4176
Tree trained in epoch = 18 Accuracy = 0.35736
Tree trained in epoch = 19 Accuracy = 0.349386
Tree trained in epoch = 20 Accuracy = 0.431863
Tree trained in epoch = 21 Accuracy = 0.405375
Tree trained in epoch = 22 Accuracy = 0.418817
Tree trained in epoch = 23 Accuracy = 0.339558
Tree trained in epoch = 24 Accuracy = 0.40429
Tree trained in epoch = 25 Accuracy = 0.443911
Tree trained in epoch = 26 Accuracy = 0.328417
Accuracy Ensabmle = 0.613237 for the test dataset  in 100 epochs
Accuracy Ensabmle = 0.648513 for the train dataset  in 100 epochs
Risultati scritti con successo nel file: ../res/risultati_adaboost-mpi_s7.txt per il valore 100
