make: Warning: File 'Makefile' has modification time 0.6 s in the future
make[1]: Warning: File 'CMakeFiles/Makefile2' has modification time 0.38 s in the future
make[2]: Warning: File 'CMakeFiles/communication_lib.dir/build.make' has modification time 0.37 s in the future
make[2]: Warning: File 'CMakeFiles/data_lib.dir/build.make' has modification time 0.37 s in the future
make[2]: warning:  Clock skew detected.  Your build may be incomplete.
make[2]: warning:  Clock skew detected.  Your build may be incomplete.
make[2]: Warning: File 'CMakeFiles/data_lib.dir/build.make' has modification time 0.26 s in the future
make[2]: Warning: File 'CMakeFiles/communication_lib.dir/build.make' has modification time 0.26 s in the future
make[2]: warning:  Clock skew detected.  Your build may be incomplete.
make[2]: warning:  Clock skew detected.  Your build may be incomplete.
make[2]: Warning: File '/beegfs/home/echiavazza/unito-scpd/adaboost-mpi/obj/libcommunication_lib.a' has modification time 0.43 s in the future
/beegfs/home/echiavazza/unito-scpd/adaboost-mpi/src/communication_lib/libcomm.cpp:255:1: fatal error: opening dependency file CMakeFiles/adaboost-mpi.dir/src/communication_lib/libcomm.cpp.o.d: No such file or directory
  255 | }
      | ^
compilation terminated.
make[2]: *** [CMakeFiles/adaboost-mpi.dir/build.make:104: CMakeFiles/adaboost-mpi.dir/src/communication_lib/libcomm.cpp.o] Error 1
make[1]: *** [CMakeFiles/Makefile2:140: CMakeFiles/adaboost-mpi.dir/all] Error 2
make: *** [Makefile:91: all] Error 2
srun: defined options
srun: -------------------- --------------------
srun: (null)              : broadwell-[036-043]
srun: jobid               : 168155
srun: job-name            : adab_v1
srun: mpi                 : pmix
srun: nodes               : 8
srun: ntasks              : 288
srun: ntasks-per-node     : 36
srun: verbose             : 1
srun: -------------------- --------------------
srun: end of defined options
srun: jobid 168155: nodes(8):`broadwell-[036-043]', cpu counts: 36(x8)
srun: CpuBindType=(null type)
srun: launching StepId=168155.0 on host broadwell-036, 36 tasks: [0-35]
srun: launching StepId=168155.0 on host broadwell-037, 36 tasks: [36-71]
srun: launching StepId=168155.0 on host broadwell-038, 36 tasks: [72-107]
srun: launching StepId=168155.0 on host broadwell-039, 36 tasks: [108-143]
srun: launching StepId=168155.0 on host broadwell-040, 36 tasks: [144-179]
srun: launching StepId=168155.0 on host broadwell-041, 36 tasks: [180-215]
srun: launching StepId=168155.0 on host broadwell-042, 36 tasks: [216-251]
srun: launching StepId=168155.0 on host broadwell-043, 36 tasks: [252-287]
srun: topology/default: init: topology Default plugin loaded
srun: Node broadwell-039, 36 tasks started
srun: Node broadwell-037, 36 tasks started
srun: Node broadwell-041, 36 tasks started
srun: Node broadwell-040, 36 tasks started
srun: Node broadwell-043, 36 tasks started
srun: Node broadwell-042, 36 tasks started
srun: Node broadwell-036, 36 tasks started
srun: Node broadwell-038, 36 tasks started
srun: Received task exit notification for 36 tasks of StepId=168155.0 (status=0x0000).
srun: broadwell-043: tasks 252-287: Completed
srun: Received task exit notification for 36 tasks of StepId=168155.0 (status=0x0000).
srun: broadwell-037: tasks 36-71: Completed
srun: Received task exit notification for 36 tasks of StepId=168155.0 (status=0x0000).
srun: broadwell-039: tasks 108-143: Completed
srun: Received task exit notification for 36 tasks of StepId=168155.0 (status=0x0000).
srun: broadwell-040: tasks 144-179: Completed
srun: Received task exit notification for 36 tasks of StepId=168155.0 (status=0x0000).
srun: broadwell-038: tasks 72-107: Completed
srun: Received task exit notification for 36 tasks of StepId=168155.0 (status=0x0000).
srun: broadwell-041: tasks 180-215: Completed
srun: Received task exit notification for 36 tasks of StepId=168155.0 (status=0x0000).
srun: broadwell-042: tasks 216-251: Completed
srun: Received task exit notification for 36 tasks of StepId=168155.0 (status=0x0000).
srun: broadwell-036: tasks 0-35: Completed
