make: Warning: File 'Makefile' has modification time 1.8 s in the future
make[1]: Warning: File 'CMakeFiles/Makefile2' has modification time 1.5 s in the future
make[2]: Warning: File 'CMakeFiles/communication_lib.dir/build.make' has modification time 1.5 s in the future
make[2]: Warning: File 'CMakeFiles/data_lib.dir/build.make' has modification time 1.5 s in the future
make[2]: warning:  Clock skew detected.  Your build may be incomplete.
make[2]: warning:  Clock skew detected.  Your build may be incomplete.
make[2]: Warning: File 'CMakeFiles/data_lib.dir/build.make' has modification time 1.4 s in the future
make[2]: Warning: File 'CMakeFiles/communication_lib.dir/build.make' has modification time 1.4 s in the future
make[2]: warning:  Clock skew detected.  Your build may be incomplete.
make[2]: warning:  Clock skew detected.  Your build may be incomplete.
make[2]: Warning: File '/beegfs/home/echiavazza/unito-scpd/adaboost-mpi/obj/libcommunication_lib.a' has modification time 0.87 s in the future
make[2]: warning:  Clock skew detected.  Your build may be incomplete.
make[1]: warning:  Clock skew detected.  Your build may be incomplete.
make: warning:  Clock skew detected.  Your build may be incomplete.
srun: defined options
srun: -------------------- --------------------
srun: (null)              : broadwell-[029-035]
srun: jobid               : 168154
srun: job-name            : adab_v1
srun: mpi                 : pmix
srun: nodes               : 7
srun: ntasks              : 252
srun: ntasks-per-node     : 36
srun: verbose             : 1
srun: -------------------- --------------------
srun: end of defined options
srun: jobid 168154: nodes(7):`broadwell-[029-035]', cpu counts: 36(x7)
srun: CpuBindType=(null type)
srun: launching StepId=168154.0 on host broadwell-029, 36 tasks: [0-35]
srun: launching StepId=168154.0 on host broadwell-030, 36 tasks: [36-71]
srun: launching StepId=168154.0 on host broadwell-031, 36 tasks: [72-107]
srun: launching StepId=168154.0 on host broadwell-032, 36 tasks: [108-143]
srun: launching StepId=168154.0 on host broadwell-033, 36 tasks: [144-179]
srun: launching StepId=168154.0 on host broadwell-034, 36 tasks: [180-215]
srun: launching StepId=168154.0 on host broadwell-035, 36 tasks: [216-251]
srun: topology/default: init: topology Default plugin loaded
srun: Node broadwell-030, 36 tasks started
srun: Node broadwell-029, 36 tasks started
srun: Node broadwell-031, 36 tasks started
srun: Node broadwell-034, 36 tasks started
srun: Node broadwell-035, 36 tasks started
srun: Node broadwell-033, 36 tasks started
srun: Node broadwell-032, 36 tasks started
srun: Received task exit notification for 36 tasks of StepId=168154.0 (status=0x0000).
srun: broadwell-031: tasks 72-107: Completed
srun: Received task exit notification for 36 tasks of StepId=168154.0 (status=0x0000).
srun: broadwell-033: tasks 144-179: Completed
srun: Received task exit notification for 36 tasks of StepId=168154.0 (status=0x0000).
srun: broadwell-035: tasks 216-251: Completed
srun: Received task exit notification for 36 tasks of StepId=168154.0 (status=0x0000).
srun: broadwell-030: tasks 36-71: Completed
srun: Received task exit notification for 36 tasks of StepId=168154.0 (status=0x0000).
srun: broadwell-032: tasks 108-143: Completed
srun: Received task exit notification for 36 tasks of StepId=168154.0 (status=0x0000).
srun: broadwell-034: tasks 180-215: Completed
srun: Received task exit notification for 36 tasks of StepId=168154.0 (status=0x0000).
srun: broadwell-029: tasks 0-35: Completed
