-- The C compiler identification is GNU 9.4.0
-- The CXX compiler identification is GNU 9.4.0
-- Detecting C compiler ABI info
-- Detecting C compiler ABI info - done
-- Check for working C compiler: /beegfs/home/echiavazza/spack/opt/spack/linux-ubuntu20.04-cascadelake/gcc-9.4.0/openmpi-5.0.3-ocjjgvvgpy4ulxfz3damtdseryljeeuh/bin/mpicc - skipped
-- Detecting C compile features
-- Detecting C compile features - done
-- Detecting CXX compiler ABI info
-- Detecting CXX compiler ABI info - done
-- Check for working CXX compiler: /beegfs/home/echiavazza/spack/opt/spack/linux-ubuntu20.04-cascadelake/gcc-9.4.0/openmpi-5.0.3-ocjjgvvgpy4ulxfz3damtdseryljeeuh/bin/mpicxx - skipped
-- Detecting CXX compile features
-- Detecting CXX compile features - done
-- Found MPI_C: mpicc (found version "3.1") 
-- Found MPI_CXX: mpicxx (found version "3.1") 
-- Found MPI: TRUE (found version "3.1")  
-- Found PkgConfig: /usr/bin/pkg-config (found version "0.29.1") 
-- Checking for module 'mlpack'
--   Found mlpack, version 4.2.0
-- Configuring done (7.4s)
-- Generating done (0.1s)
-- Build files have been written to: /beegfs/home/echiavazza/unito-scpd/adaboost-mpi/build
[ 25%] Building CXX object CMakeFiles/communication_lib.dir/src/communication_lib/libcomm.cpp.o
[ 25%] Building CXX object CMakeFiles/data_lib.dir/src/data_lib/datalib.cpp.o
[ 37%] Linking CXX static library /beegfs/home/echiavazza/unito-scpd/adaboost-mpi/obj/libdata_lib.a
[ 50%] Linking CXX static library /beegfs/home/echiavazza/unito-scpd/adaboost-mpi/obj/libcommunication_lib.a
[ 50%] Built target data_lib
[ 50%] Built target communication_lib
[ 87%] Building CXX object CMakeFiles/adaboost-mpi.dir/src/data_lib/datalib.cpp.o
[ 87%] Building CXX object CMakeFiles/adaboost-mpi.dir/src/main.cpp.o
[ 87%] Building CXX object CMakeFiles/adaboost-mpi.dir/src/communication_lib/libcomm.cpp.o
[100%] Linking CXX executable /beegfs/home/echiavazza/unito-scpd/adaboost-mpi/bin/adaboost-mpi
[100%] Built target adaboost-mpi
MASTER: Uploads and distributes data among 143 clients 
MASTER: start replicated data process 
MASTER: end replicated data process 
MASTER: start send
MASTER: end send
RANK1: NUM DATA 11377
MASTER:added tree 
MASTER: Epoch 0 end with average total error = 0.287199 and alpha = 2.70078
MASTER:added tree 
MASTER: Epoch 1 end with average total error = 0.425524 and alpha = 2.0919
MASTER:added tree 
MASTER: Epoch 2 end with average total error = 0.472297 and alpha = 1.90268
MASTER:added tree 
MASTER: Epoch 3 end with average total error = 0.505247 and alpha = 1.77077
MASTER:added tree 
MASTER: Epoch 4 end with average total error = 0.525847 and alpha = 1.68828
MASTER: Calculates the accuracy of the ensamble and its trees 
Ensabmle learning size = 5
Tree trained in epoch = 0 Accuracy = 0.637298
Tree trained in epoch = 1 Accuracy = 0.508867
Tree trained in epoch = 2 Accuracy = 0.503852
Tree trained in epoch = 3 Accuracy = 0.492068
Tree trained in epoch = 4 Accuracy = 0.476377
Accuracy Ensabmle = 0.635153 for the test dataset  in 5 epochs
Accuracy Ensabmle = 0.695495 for the train dataset  in 5 epochs
Risultati scritti con successo nel file: ../res/risultati_adaboost-mpi_weak_4.txt per il valore 5
MASTER:added tree 
MASTER: Epoch 0 end with average total error = 0.287199 and alpha = 2.70078
MASTER:added tree 
MASTER: Epoch 1 end with average total error = 0.425524 and alpha = 2.0919
MASTER:added tree 
MASTER: Epoch 2 end with average total error = 0.472297 and alpha = 1.90268
MASTER:added tree 
MASTER: Epoch 3 end with average total error = 0.505247 and alpha = 1.77077
MASTER:added tree 
MASTER: Epoch 4 end with average total error = 0.525847 and alpha = 1.68828
MASTER:added tree 
MASTER: Epoch 5 end with average total error = 0.543429 and alpha = 1.6176
MASTER:added tree 
MASTER: Epoch 6 end with average total error = 0.569557 and alpha = 1.51172
MASTER:added tree 
MASTER: Epoch 7 end with average total error = 0.62701 and alpha = 1.27235
MASTER:added tree 
MASTER: Epoch 8 end with average total error = 0.651283 and alpha = 1.16708
MASTER:added tree 
MASTER: Epoch 9 end with average total error = 0.637386 and alpha = 1.22772
MASTER: Calculates the accuracy of the ensamble and its trees 
Ensabmle learning size = 10
Tree trained in epoch = 0 Accuracy = 0.637298
Tree trained in epoch = 1 Accuracy = 0.508867
Tree trained in epoch = 2 Accuracy = 0.503852
Tree trained in epoch = 3 Accuracy = 0.492068
Tree trained in epoch = 4 Accuracy = 0.476377
Tree trained in epoch = 5 Accuracy = 0.461094
Tree trained in epoch = 6 Accuracy = 0.470428
Tree trained in epoch = 7 Accuracy = 0.500112
Tree trained in epoch = 8 Accuracy = 0.48951
Tree trained in epoch = 9 Accuracy = 0.508092
Accuracy Ensabmle = 0.655175 for the test dataset  in 10 epochs
Accuracy Ensabmle = 0.732384 for the train dataset  in 10 epochs
Risultati scritti con successo nel file: ../res/risultati_adaboost-mpi_weak_4.txt per il valore 10
MASTER:added tree 
MASTER: Epoch 0 end with average total error = 0.287199 and alpha = 2.70078
MASTER:added tree 
MASTER: Epoch 1 end with average total error = 0.425524 and alpha = 2.0919
MASTER:added tree 
MASTER: Epoch 2 end with average total error = 0.472297 and alpha = 1.90268
MASTER:added tree 
MASTER: Epoch 3 end with average total error = 0.505247 and alpha = 1.77077
MASTER:added tree 
MASTER: Epoch 4 end with average total error = 0.525847 and alpha = 1.68828
MASTER:added tree 
MASTER: Epoch 5 end with average total error = 0.543429 and alpha = 1.6176
MASTER:added tree 
MASTER: Epoch 6 end with average total error = 0.569557 and alpha = 1.51172
MASTER:added tree 
MASTER: Epoch 7 end with average total error = 0.62701 and alpha = 1.27235
MASTER:added tree 
MASTER: Epoch 8 end with average total error = 0.651283 and alpha = 1.16708
MASTER:added tree 
MASTER: Epoch 9 end with average total error = 0.637386 and alpha = 1.22772
MASTER:added tree 
MASTER: Epoch 10 end with average total error = 0.667814 and alpha = 1.09344
MASTER:added tree 
MASTER: Epoch 11 end with average total error = 0.715342 and alpha = 0.870288
MASTER:added tree 
MASTER: Epoch 12 end with average total error = 0.7543 and alpha = 0.670079
MASTER:added tree 
MASTER: Epoch 13 end with average total error = 0.788158 and alpha = 0.4779
MASTER:added tree 
MASTER: Epoch 14 end with average total error = 0.758155 and alpha = 0.649166
MASTER:added tree 
MASTER: Epoch 15 end with average total error = 0.807205 and alpha = 0.359811
MASTER:added tree 
MASTER: Epoch 16 end with average total error = 0.820406 and alpha = 0.272657
MASTER:added tree 
MASTER: Epoch 17 end with average total error = 0.829392 and alpha = 0.210434
MASTER:added tree 
MASTER: Epoch 18 end with average total error = 0.760856 and alpha = 0.634382
MASTER:added tree 
MASTER: Epoch 19 end with average total error = 0.837551 and alpha = 0.151642
MASTER: Calculates the accuracy of the ensamble and its trees 
Ensabmle learning size = 20
Tree trained in epoch = 0 Accuracy = 0.637298
Tree trained in epoch = 1 Accuracy = 0.508867
Tree trained in epoch = 2 Accuracy = 0.503852
Tree trained in epoch = 3 Accuracy = 0.492068
Tree trained in epoch = 4 Accuracy = 0.476377
Tree trained in epoch = 5 Accuracy = 0.461094
Tree trained in epoch = 6 Accuracy = 0.470428
Tree trained in epoch = 7 Accuracy = 0.500112
Tree trained in epoch = 8 Accuracy = 0.48951
Tree trained in epoch = 9 Accuracy = 0.508092
Tree trained in epoch = 10 Accuracy = 0.480778
Tree trained in epoch = 11 Accuracy = 0.513892
Tree trained in epoch = 12 Accuracy = 0.513428
Tree trained in epoch = 13 Accuracy = 0.516841
Tree trained in epoch = 14 Accuracy = 0.509882
Tree trained in epoch = 15 Accuracy = 0.506658
Tree trained in epoch = 16 Accuracy = 0.501259
Tree trained in epoch = 17 Accuracy = 0.513749
Tree trained in epoch = 18 Accuracy = 0.489022
Tree trained in epoch = 19 Accuracy = 0.514082
Accuracy Ensabmle = 0.680539 for the test dataset  in 20 epochs
Accuracy Ensabmle = 0.768404 for the train dataset  in 20 epochs
Risultati scritti con successo nel file: ../res/risultati_adaboost-mpi_weak_4.txt per il valore 20
MASTER:added tree 
MASTER: Epoch 0 end with average total error = 0.287199 and alpha = 2.70078
MASTER:added tree 
MASTER: Epoch 1 end with average total error = 0.425524 and alpha = 2.0919
MASTER:added tree 
MASTER: Epoch 2 end with average total error = 0.472297 and alpha = 1.90268
MASTER:added tree 
MASTER: Epoch 3 end with average total error = 0.505247 and alpha = 1.77077
MASTER:added tree 
MASTER: Epoch 4 end with average total error = 0.525847 and alpha = 1.68828
MASTER:added tree 
MASTER: Epoch 5 end with average total error = 0.543429 and alpha = 1.6176
MASTER:added tree 
MASTER: Epoch 6 end with average total error = 0.569557 and alpha = 1.51172
MASTER:added tree 
MASTER: Epoch 7 end with average total error = 0.62701 and alpha = 1.27235
MASTER:added tree 
MASTER: Epoch 8 end with average total error = 0.651283 and alpha = 1.16708
MASTER:added tree 
MASTER: Epoch 9 end with average total error = 0.637386 and alpha = 1.22772
MASTER:added tree 
MASTER: Epoch 10 end with average total error = 0.667814 and alpha = 1.09344
MASTER:added tree 
MASTER: Epoch 11 end with average total error = 0.715342 and alpha = 0.870288
MASTER:added tree 
MASTER: Epoch 12 end with average total error = 0.7543 and alpha = 0.670079
MASTER:added tree 
MASTER: Epoch 13 end with average total error = 0.788158 and alpha = 0.4779
MASTER:added tree 
MASTER: Epoch 14 end with average total error = 0.758155 and alpha = 0.649166
MASTER:added tree 
MASTER: Epoch 15 end with average total error = 0.807205 and alpha = 0.359811
MASTER:added tree 
MASTER: Epoch 16 end with average total error = 0.820406 and alpha = 0.272657
MASTER:added tree 
MASTER: Epoch 17 end with average total error = 0.829392 and alpha = 0.210434
MASTER:added tree 
MASTER: Epoch 18 end with average total error = 0.760856 and alpha = 0.634382
MASTER:added tree 
MASTER: Epoch 19 end with average total error = 0.837551 and alpha = 0.151642
MASTER:added tree 
MASTER: Epoch 20 end with average total error = 0.818906 and alpha = 0.282804
MASTER: Epoch 21 end with average total error = 0.856408 and alpha = 0.00599037
MASTER:added tree 
MASTER: Epoch 22 end with average total error = 0.852457 and alpha = 0.0377576
MASTER:added tree 
MASTER: Epoch 23 end with average total error = 0.841046 and alpha = 0.125728
MASTER:added tree 
MASTER: Epoch 24 end with average total error = 0.827939 and alpha = 0.220671
MASTER: Epoch 25 end with average total error = 0.862579 and alpha = -0.0451178
MASTER: Epoch 26 end with average total error = 0.86658 and alpha = -0.0792969
MASTER:added tree 
MASTER: Epoch 27 end with average total error = 0.843368 and alpha = 0.108259
MASTER: Epoch 28 end with average total error = 0.858555 and alpha = -0.0115769
MASTER: Epoch 29 end with average total error = 0.857223 and alpha = -0.000653397
MASTER: Calculates the accuracy of the ensamble and its trees 
Ensabmle learning size = 25
Tree trained in epoch = 0 Accuracy = 0.637298
Tree trained in epoch = 1 Accuracy = 0.508867
Tree trained in epoch = 2 Accuracy = 0.503852
Tree trained in epoch = 3 Accuracy = 0.492068
Tree trained in epoch = 4 Accuracy = 0.476377
Tree trained in epoch = 5 Accuracy = 0.461094
Tree trained in epoch = 6 Accuracy = 0.470428
Tree trained in epoch = 7 Accuracy = 0.500112
Tree trained in epoch = 8 Accuracy = 0.48951
Tree trained in epoch = 9 Accuracy = 0.508092
Tree trained in epoch = 10 Accuracy = 0.480778
Tree trained in epoch = 11 Accuracy = 0.513892
Tree trained in epoch = 12 Accuracy = 0.513428
Tree trained in epoch = 13 Accuracy = 0.516841
Tree trained in epoch = 14 Accuracy = 0.509882
Tree trained in epoch = 15 Accuracy = 0.506658
Tree trained in epoch = 16 Accuracy = 0.501259
Tree trained in epoch = 17 Accuracy = 0.513749
Tree trained in epoch = 18 Accuracy = 0.489022
Tree trained in epoch = 19 Accuracy = 0.514082
Tree trained in epoch = 20 Accuracy = 0.523405
Tree trained in epoch = 21 Accuracy = 0.54123
Tree trained in epoch = 22 Accuracy = 0.556422
Tree trained in epoch = 23 Accuracy = 0.504856
Tree trained in epoch = 24 Accuracy = 0.533519
Accuracy Ensabmle = 0.685192 for the test dataset  in 30 epochs
Accuracy Ensabmle = 0.773005 for the train dataset  in 30 epochs
Risultati scritti con successo nel file: ../res/risultati_adaboost-mpi_weak_4.txt per il valore 30
MASTER:added tree 
MASTER: Epoch 0 end with average total error = 0.287199 and alpha = 2.70078
MASTER:added tree 
MASTER: Epoch 1 end with average total error = 0.425524 and alpha = 2.0919
MASTER:added tree 
MASTER: Epoch 2 end with average total error = 0.472297 and alpha = 1.90268
MASTER:added tree 
MASTER: Epoch 3 end with average total error = 0.505247 and alpha = 1.77077
MASTER:added tree 
MASTER: Epoch 4 end with average total error = 0.525847 and alpha = 1.68828
MASTER:added tree 
MASTER: Epoch 5 end with average total error = 0.543429 and alpha = 1.6176
MASTER:added tree 
MASTER: Epoch 6 end with average total error = 0.569557 and alpha = 1.51172
MASTER:added tree 
MASTER: Epoch 7 end with average total error = 0.62701 and alpha = 1.27235
MASTER:added tree 
MASTER: Epoch 8 end with average total error = 0.651283 and alpha = 1.16708
MASTER:added tree 
MASTER: Epoch 9 end with average total error = 0.637386 and alpha = 1.22772
MASTER:added tree 
MASTER: Epoch 10 end with average total error = 0.667814 and alpha = 1.09344
MASTER:added tree 
MASTER: Epoch 11 end with average total error = 0.715342 and alpha = 0.870288
MASTER:added tree 
MASTER: Epoch 12 end with average total error = 0.7543 and alpha = 0.670079
MASTER:added tree 
MASTER: Epoch 13 end with average total error = 0.788158 and alpha = 0.4779
MASTER:added tree 
MASTER: Epoch 14 end with average total error = 0.758155 and alpha = 0.649166
MASTER:added tree 
MASTER: Epoch 15 end with average total error = 0.807205 and alpha = 0.359811
MASTER:added tree 
MASTER: Epoch 16 end with average total error = 0.820406 and alpha = 0.272657
MASTER:added tree 
MASTER: Epoch 17 end with average total error = 0.829392 and alpha = 0.210434
MASTER:added tree 
MASTER: Epoch 18 end with average total error = 0.760856 and alpha = 0.634382
MASTER:added tree 
MASTER: Epoch 19 end with average total error = 0.837551 and alpha = 0.151642
MASTER:added tree 
MASTER: Epoch 20 end with average total error = 0.818906 and alpha = 0.282804
MASTER: Epoch 21 end with average total error = 0.856408 and alpha = 0.00599037
MASTER:added tree 
MASTER: Epoch 22 end with average total error = 0.852457 and alpha = 0.0377576
MASTER:added tree 
MASTER: Epoch 23 end with average total error = 0.841046 and alpha = 0.125728
MASTER:added tree 
MASTER: Epoch 24 end with average total error = 0.827939 and alpha = 0.220671
MASTER: Epoch 25 end with average total error = 0.862579 and alpha = -0.0451178
MASTER: Epoch 26 end with average total error = 0.86658 and alpha = -0.0792969
MASTER:added tree 
MASTER: Epoch 27 end with average total error = 0.843368 and alpha = 0.108259
MASTER: Epoch 28 end with average total error = 0.858555 and alpha = -0.0115769
MASTER: Epoch 29 end with average total error = 0.857223 and alpha = -0.000653397
MASTER: Epoch 30 end with average total error = 0.857145 and alpha = -1.91018e-05
MASTER: Epoch 31 end with average total error = 0.857143 and alpha = -5.58466e-07
MASTER: Epoch 32 end with average total error = 0.857143 and alpha = -1.63275e-08
MASTER: Epoch 33 end with average total error = 0.857143 and alpha = -4.77351e-10
MASTER: Epoch 34 end with average total error = 0.857143 and alpha = -1.39597e-11
MASTER: Epoch 35 end with average total error = 0.857143 and alpha = -4.06786e-13
MASTER: Epoch 36 end with average total error = 0.857143 and alpha = -9.54792e-15
MASTER: Epoch 37 end with average total error = 0.857143 and alpha = -3.33067e-15
MASTER: Epoch 38 end with average total error = 0.857143 and alpha = 1.33227e-15
MASTER: Epoch 39 end with average total error = 0.857143 and alpha = 4.44089e-16
MASTER: Calculates the accuracy of the ensamble and its trees 
Ensabmle learning size = 25
Tree trained in epoch = 0 Accuracy = 0.637298
Tree trained in epoch = 1 Accuracy = 0.508867
Tree trained in epoch = 2 Accuracy = 0.503852
Tree trained in epoch = 3 Accuracy = 0.492068
Tree trained in epoch = 4 Accuracy = 0.476377
Tree trained in epoch = 5 Accuracy = 0.461094
Tree trained in epoch = 6 Accuracy = 0.470428
Tree trained in epoch = 7 Accuracy = 0.500112
Tree trained in epoch = 8 Accuracy = 0.48951
Tree trained in epoch = 9 Accuracy = 0.508092
Tree trained in epoch = 10 Accuracy = 0.480778
Tree trained in epoch = 11 Accuracy = 0.513892
Tree trained in epoch = 12 Accuracy = 0.513428
Tree trained in epoch = 13 Accuracy = 0.516841
Tree trained in epoch = 14 Accuracy = 0.509882
Tree trained in epoch = 15 Accuracy = 0.506658
Tree trained in epoch = 16 Accuracy = 0.501259
Tree trained in epoch = 17 Accuracy = 0.513749
Tree trained in epoch = 18 Accuracy = 0.489022
Tree trained in epoch = 19 Accuracy = 0.514082
Tree trained in epoch = 20 Accuracy = 0.523405
Tree trained in epoch = 21 Accuracy = 0.54123
Tree trained in epoch = 22 Accuracy = 0.556422
Tree trained in epoch = 23 Accuracy = 0.504856
Tree trained in epoch = 24 Accuracy = 0.533519
Accuracy Ensabmle = 0.685192 for the test dataset  in 40 epochs
Accuracy Ensabmle = 0.773005 for the train dataset  in 40 epochs
Risultati scritti con successo nel file: ../res/risultati_adaboost-mpi_weak_4.txt per il valore 40
MASTER:added tree 
MASTER: Epoch 0 end with average total error = 0.287199 and alpha = 2.70078
MASTER:added tree 
MASTER: Epoch 1 end with average total error = 0.425524 and alpha = 2.0919
MASTER:added tree 
MASTER: Epoch 2 end with average total error = 0.472297 and alpha = 1.90268
MASTER:added tree 
MASTER: Epoch 3 end with average total error = 0.505247 and alpha = 1.77077
MASTER:added tree 
MASTER: Epoch 4 end with average total error = 0.525847 and alpha = 1.68828
MASTER:added tree 
MASTER: Epoch 5 end with average total error = 0.543429 and alpha = 1.6176
MASTER:added tree 
MASTER: Epoch 6 end with average total error = 0.569557 and alpha = 1.51172
MASTER:added tree 
MASTER: Epoch 7 end with average total error = 0.62701 and alpha = 1.27235
MASTER:added tree 
MASTER: Epoch 8 end with average total error = 0.651283 and alpha = 1.16708
MASTER:added tree 
MASTER: Epoch 9 end with average total error = 0.637386 and alpha = 1.22772
MASTER:added tree 
MASTER: Epoch 10 end with average total error = 0.667814 and alpha = 1.09344
MASTER:added tree 
MASTER: Epoch 11 end with average total error = 0.715342 and alpha = 0.870288
MASTER:added tree 
MASTER: Epoch 12 end with average total error = 0.7543 and alpha = 0.670079
MASTER:added tree 
MASTER: Epoch 13 end with average total error = 0.788158 and alpha = 0.4779
MASTER:added tree 
MASTER: Epoch 14 end with average total error = 0.758155 and alpha = 0.649166
MASTER:added tree 
MASTER: Epoch 15 end with average total error = 0.807205 and alpha = 0.359811
MASTER:added tree 
MASTER: Epoch 16 end with average total error = 0.820406 and alpha = 0.272657
MASTER:added tree 
MASTER: Epoch 17 end with average total error = 0.829392 and alpha = 0.210434
MASTER:added tree 
MASTER: Epoch 18 end with average total error = 0.760856 and alpha = 0.634382
MASTER:added tree 
MASTER: Epoch 19 end with average total error = 0.837551 and alpha = 0.151642
MASTER:added tree 
MASTER: Epoch 20 end with average total error = 0.818906 and alpha = 0.282804
MASTER: Epoch 21 end with average total error = 0.856408 and alpha = 0.00599037
MASTER:added tree 
MASTER: Epoch 22 end with average total error = 0.852457 and alpha = 0.0377576
MASTER:added tree 
MASTER: Epoch 23 end with average total error = 0.841046 and alpha = 0.125728
MASTER:added tree 
MASTER: Epoch 24 end with average total error = 0.827939 and alpha = 0.220671
MASTER: Epoch 25 end with average total error = 0.862579 and alpha = -0.0451178
MASTER: Epoch 26 end with average total error = 0.86658 and alpha = -0.0792969
MASTER:added tree 
MASTER: Epoch 27 end with average total error = 0.843368 and alpha = 0.108259
MASTER: Epoch 28 end with average total error = 0.858555 and alpha = -0.0115769
MASTER: Epoch 29 end with average total error = 0.857223 and alpha = -0.000653397
MASTER: Epoch 30 end with average total error = 0.857145 and alpha = -1.91018e-05
MASTER: Epoch 31 end with average total error = 0.857143 and alpha = -5.58466e-07
MASTER: Epoch 32 end with average total error = 0.857143 and alpha = -1.63275e-08
MASTER: Epoch 33 end with average total error = 0.857143 and alpha = -4.77351e-10
MASTER: Epoch 34 end with average total error = 0.857143 and alpha = -1.39597e-11
MASTER: Epoch 35 end with average total error = 0.857143 and alpha = -4.06786e-13
MASTER: Epoch 36 end with average total error = 0.857143 and alpha = -9.54792e-15
MASTER: Epoch 37 end with average total error = 0.857143 and alpha = -3.33067e-15
MASTER: Epoch 38 end with average total error = 0.857143 and alpha = 1.33227e-15
MASTER: Epoch 39 end with average total error = 0.857143 and alpha = 4.44089e-16
MASTER: Epoch 40 end with average total error = 0.857143 and alpha = -6.66134e-16
MASTER: Epoch 41 end with average total error = 0.857143 and alpha = 4.44089e-16
MASTER: Epoch 42 end with average total error = 0.857143 and alpha = 4.44089e-16
MASTER: Epoch 43 end with average total error = 0.857143 and alpha = 4.44089e-16
MASTER: Epoch 44 end with average total error = 0.857143 and alpha = -6.66134e-16
MASTER: Epoch 45 end with average total error = 0.857143 and alpha = -6.66134e-16
MASTER: Epoch 46 end with average total error = 0.857143 and alpha = -6.66134e-16
MASTER: Epoch 47 end with average total error = 0.857143 and alpha = 4.44089e-16
MASTER: Epoch 48 end with average total error = 0.857143 and alpha = 4.44089e-16
MASTER: Epoch 49 end with average total error = 0.857143 and alpha = -6.66134e-16
MASTER: Calculates the accuracy of the ensamble and its trees 
Ensabmle learning size = 25
Tree trained in epoch = 0 Accuracy = 0.637298
Tree trained in epoch = 1 Accuracy = 0.508867
Tree trained in epoch = 2 Accuracy = 0.503852
Tree trained in epoch = 3 Accuracy = 0.492068
Tree trained in epoch = 4 Accuracy = 0.476377
Tree trained in epoch = 5 Accuracy = 0.461094
Tree trained in epoch = 6 Accuracy = 0.470428
Tree trained in epoch = 7 Accuracy = 0.500112
Tree trained in epoch = 8 Accuracy = 0.48951
Tree trained in epoch = 9 Accuracy = 0.508092
Tree trained in epoch = 10 Accuracy = 0.480778
Tree trained in epoch = 11 Accuracy = 0.513892
Tree trained in epoch = 12 Accuracy = 0.513428
Tree trained in epoch = 13 Accuracy = 0.516841
Tree trained in epoch = 14 Accuracy = 0.509882
Tree trained in epoch = 15 Accuracy = 0.506658
Tree trained in epoch = 16 Accuracy = 0.501259
Tree trained in epoch = 17 Accuracy = 0.513749
Tree trained in epoch = 18 Accuracy = 0.489022
Tree trained in epoch = 19 Accuracy = 0.514082
Tree trained in epoch = 20 Accuracy = 0.523405
Tree trained in epoch = 21 Accuracy = 0.54123
Tree trained in epoch = 22 Accuracy = 0.556422
Tree trained in epoch = 23 Accuracy = 0.504856
Tree trained in epoch = 24 Accuracy = 0.533519
Accuracy Ensabmle = 0.685192 for the test dataset  in 50 epochs
Accuracy Ensabmle = 0.773005 for the train dataset  in 50 epochs
Risultati scritti con successo nel file: ../res/risultati_adaboost-mpi_weak_4.txt per il valore 50
MASTER:added tree 
MASTER: Epoch 0 end with average total error = 0.287199 and alpha = 2.70078
MASTER:added tree 
MASTER: Epoch 1 end with average total error = 0.425524 and alpha = 2.0919
MASTER:added tree 
MASTER: Epoch 2 end with average total error = 0.472297 and alpha = 1.90268
MASTER:added tree 
MASTER: Epoch 3 end with average total error = 0.505247 and alpha = 1.77077
MASTER:added tree 
MASTER: Epoch 4 end with average total error = 0.525847 and alpha = 1.68828
MASTER:added tree 
MASTER: Epoch 5 end with average total error = 0.543429 and alpha = 1.6176
MASTER:added tree 
MASTER: Epoch 6 end with average total error = 0.569557 and alpha = 1.51172
MASTER:added tree 
MASTER: Epoch 7 end with average total error = 0.62701 and alpha = 1.27235
MASTER:added tree 
MASTER: Epoch 8 end with average total error = 0.651283 and alpha = 1.16708
MASTER:added tree 
MASTER: Epoch 9 end with average total error = 0.637386 and alpha = 1.22772
MASTER:added tree 
MASTER: Epoch 10 end with average total error = 0.667814 and alpha = 1.09344
MASTER:added tree 
MASTER: Epoch 11 end with average total error = 0.715342 and alpha = 0.870288
MASTER:added tree 
MASTER: Epoch 12 end with average total error = 0.7543 and alpha = 0.670079
MASTER:added tree 
MASTER: Epoch 13 end with average total error = 0.788158 and alpha = 0.4779
MASTER:added tree 
MASTER: Epoch 14 end with average total error = 0.758155 and alpha = 0.649166
MASTER:added tree 
MASTER: Epoch 15 end with average total error = 0.807205 and alpha = 0.359811
MASTER:added tree 
MASTER: Epoch 16 end with average total error = 0.820406 and alpha = 0.272657
MASTER:added tree 
MASTER: Epoch 17 end with average total error = 0.829392 and alpha = 0.210434
MASTER:added tree 
MASTER: Epoch 18 end with average total error = 0.760856 and alpha = 0.634382
MASTER:added tree 
MASTER: Epoch 19 end with average total error = 0.837551 and alpha = 0.151642
MASTER:added tree 
MASTER: Epoch 20 end with average total error = 0.818906 and alpha = 0.282804
MASTER: Epoch 21 end with average total error = 0.856408 and alpha = 0.00599037
MASTER:added tree 
MASTER: Epoch 22 end with average total error = 0.852457 and alpha = 0.0377576
MASTER:added tree 
MASTER: Epoch 23 end with average total error = 0.841046 and alpha = 0.125728
MASTER:added tree 
MASTER: Epoch 24 end with average total error = 0.827939 and alpha = 0.220671
MASTER: Epoch 25 end with average total error = 0.862579 and alpha = -0.0451178
MASTER: Epoch 26 end with average total error = 0.86658 and alpha = -0.0792969
MASTER:added tree 
MASTER: Epoch 27 end with average total error = 0.843368 and alpha = 0.108259
MASTER: Epoch 28 end with average total error = 0.858555 and alpha = -0.0115769
MASTER: Epoch 29 end with average total error = 0.857223 and alpha = -0.000653397
MASTER: Epoch 30 end with average total error = 0.857145 and alpha = -1.91018e-05
MASTER: Epoch 31 end with average total error = 0.857143 and alpha = -5.58466e-07
MASTER: Epoch 32 end with average total error = 0.857143 and alpha = -1.63275e-08
MASTER: Epoch 33 end with average total error = 0.857143 and alpha = -4.77351e-10
MASTER: Epoch 34 end with average total error = 0.857143 and alpha = -1.39597e-11
MASTER: Epoch 35 end with average total error = 0.857143 and alpha = -4.06786e-13
MASTER: Epoch 36 end with average total error = 0.857143 and alpha = -9.54792e-15
MASTER: Epoch 37 end with average total error = 0.857143 and alpha = -3.33067e-15
MASTER: Epoch 38 end with average total error = 0.857143 and alpha = 1.33227e-15
MASTER: Epoch 39 end with average total error = 0.857143 and alpha = 4.44089e-16
MASTER: Epoch 40 end with average total error = 0.857143 and alpha = -6.66134e-16
MASTER: Epoch 41 end with average total error = 0.857143 and alpha = 4.44089e-16
MASTER: Epoch 42 end with average total error = 0.857143 and alpha = 4.44089e-16
MASTER: Epoch 43 end with average total error = 0.857143 and alpha = 4.44089e-16
MASTER: Epoch 44 end with average total error = 0.857143 and alpha = -6.66134e-16
MASTER: Epoch 45 end with average total error = 0.857143 and alpha = -6.66134e-16
MASTER: Epoch 46 end with average total error = 0.857143 and alpha = -6.66134e-16
MASTER: Epoch 47 end with average total error = 0.857143 and alpha = 4.44089e-16
MASTER: Epoch 48 end with average total error = 0.857143 and alpha = 4.44089e-16
MASTER: Epoch 49 end with average total error = 0.857143 and alpha = -6.66134e-16
MASTER: Epoch 50 end with average total error = 0.857143 and alpha = 4.44089e-16
MASTER: Epoch 51 end with average total error = 0.857143 and alpha = -6.66134e-16
MASTER: Epoch 52 end with average total error = 0.857143 and alpha = 1.33227e-15
MASTER: Epoch 53 end with average total error = 0.857143 and alpha = -6.66134e-16
MASTER: Epoch 54 end with average total error = 0.857143 and alpha = 4.44089e-16
MASTER: Epoch 55 end with average total error = 0.857143 and alpha = 4.44089e-16
MASTER: Epoch 56 end with average total error = 0.857143 and alpha = 4.44089e-16
MASTER: Epoch 57 end with average total error = 0.857143 and alpha = -6.66134e-16
MASTER: Epoch 58 end with average total error = 0.857143 and alpha = -6.66134e-16
MASTER: Epoch 59 end with average total error = 0.857143 and alpha = -6.66134e-16
MASTER: Epoch 60 end with average total error = 0.857143 and alpha = 4.44089e-16
MASTER: Epoch 61 end with average total error = 0.857143 and alpha = 1.33227e-15
MASTER: Epoch 62 end with average total error = 0.857143 and alpha = -6.66134e-16
MASTER: Epoch 63 end with average total error = 0.857143 and alpha = 4.44089e-16
MASTER: Epoch 64 end with average total error = 0.857143 and alpha = -6.66134e-16
MASTER: Epoch 65 end with average total error = 0.857143 and alpha = 4.44089e-16
MASTER: Epoch 66 end with average total error = 0.857143 and alpha = 4.44089e-16
MASTER: Epoch 67 end with average total error = 0.857143 and alpha = -6.66134e-16
MASTER: Epoch 68 end with average total error = 0.857143 and alpha = -6.66134e-16
MASTER: Epoch 69 end with average total error = 0.857143 and alpha = 1.33227e-15
MASTER: Epoch 70 end with average total error = 0.857143 and alpha = 1.33227e-15
MASTER: Epoch 71 end with average total error = 0.857143 and alpha = -2.44249e-15
MASTER: Epoch 72 end with average total error = 0.857143 and alpha = 4.44089e-16
MASTER: Epoch 73 end with average total error = 0.857143 and alpha = 4.44089e-16
MASTER: Epoch 74 end with average total error = 0.857143 and alpha = -6.66134e-16
MASTER: Epoch 75 end with average total error = 0.857143 and alpha = 4.44089e-16
MASTER: Epoch 76 end with average total error = 0.857143 and alpha = 1.33227e-15
MASTER: Epoch 77 end with average total error = 0.857143 and alpha = -6.66134e-16
MASTER: Epoch 78 end with average total error = 0.857143 and alpha = -6.66134e-16
MASTER: Epoch 79 end with average total error = 0.857143 and alpha = -6.66134e-16
MASTER: Epoch 80 end with average total error = 0.857143 and alpha = 4.44089e-16
MASTER: Epoch 81 end with average total error = 0.857143 and alpha = 1.33227e-15
MASTER: Epoch 82 end with average total error = 0.857143 and alpha = -6.66134e-16
MASTER: Epoch 83 end with average total error = 0.857143 and alpha = -6.66134e-16
MASTER: Epoch 84 end with average total error = 0.857143 and alpha = -6.66134e-16
MASTER: Epoch 85 end with average total error = 0.857143 and alpha = 4.44089e-16
MASTER: Epoch 86 end with average total error = 0.857143 and alpha = 1.33227e-15
MASTER: Epoch 87 end with average total error = 0.857143 and alpha = -6.66134e-16
MASTER: Epoch 88 end with average total error = 0.857143 and alpha = -6.66134e-16
MASTER: Epoch 89 end with average total error = 0.857143 and alpha = -6.66134e-16
MASTER: Epoch 90 end with average total error = 0.857143 and alpha = 4.44089e-16
MASTER: Epoch 91 end with average total error = 0.857143 and alpha = -6.66134e-16
MASTER: Epoch 92 end with average total error = 0.857143 and alpha = 4.44089e-16
MASTER: Epoch 93 end with average total error = 0.857143 and alpha = 1.33227e-15
MASTER: Epoch 94 end with average total error = 0.857143 and alpha = -6.66134e-16
MASTER: Epoch 95 end with average total error = 0.857143 and alpha = -6.66134e-16
MASTER: Epoch 96 end with average total error = 0.857143 and alpha = -6.66134e-16
MASTER: Epoch 97 end with average total error = 0.857143 and alpha = 4.44089e-16
MASTER: Epoch 98 end with average total error = 0.857143 and alpha = 1.33227e-15
MASTER: Epoch 99 end with average total error = 0.857143 and alpha = -6.66134e-16
MASTER: Calculates the accuracy of the ensamble and its trees 
Ensabmle learning size = 25
Tree trained in epoch = 0 Accuracy = 0.637298
Tree trained in epoch = 1 Accuracy = 0.508867
Tree trained in epoch = 2 Accuracy = 0.503852
Tree trained in epoch = 3 Accuracy = 0.492068
Tree trained in epoch = 4 Accuracy = 0.476377
Tree trained in epoch = 5 Accuracy = 0.461094
Tree trained in epoch = 6 Accuracy = 0.470428
Tree trained in epoch = 7 Accuracy = 0.500112
Tree trained in epoch = 8 Accuracy = 0.48951
Tree trained in epoch = 9 Accuracy = 0.508092
Tree trained in epoch = 10 Accuracy = 0.480778
Tree trained in epoch = 11 Accuracy = 0.513892
Tree trained in epoch = 12 Accuracy = 0.513428
Tree trained in epoch = 13 Accuracy = 0.516841
Tree trained in epoch = 14 Accuracy = 0.509882
Tree trained in epoch = 15 Accuracy = 0.506658
Tree trained in epoch = 16 Accuracy = 0.501259
Tree trained in epoch = 17 Accuracy = 0.513749
Tree trained in epoch = 18 Accuracy = 0.489022
Tree trained in epoch = 19 Accuracy = 0.514082
Tree trained in epoch = 20 Accuracy = 0.523405
Tree trained in epoch = 21 Accuracy = 0.54123
Tree trained in epoch = 22 Accuracy = 0.556422
Tree trained in epoch = 23 Accuracy = 0.504856
Tree trained in epoch = 24 Accuracy = 0.533519
Accuracy Ensabmle = 0.685192 for the test dataset  in 100 epochs
Accuracy Ensabmle = 0.773005 for the train dataset  in 100 epochs
Risultati scritti con successo nel file: ../res/risultati_adaboost-mpi_weak_4.txt per il valore 100
