-- The C compiler identification is GNU 9.4.0
-- The CXX compiler identification is GNU 9.4.0
-- Detecting C compiler ABI info
-- Detecting C compiler ABI info - done
-- Check for working C compiler: /beegfs/home/echiavazza/spack/opt/spack/linux-ubuntu20.04-cascadelake/gcc-9.4.0/openmpi-5.0.3-ocjjgvvgpy4ulxfz3damtdseryljeeuh/bin/mpicc - skipped
-- Detecting C compile features
-- Detecting C compile features - done
-- Detecting CXX compiler ABI info
-- Detecting CXX compiler ABI info - done
-- Check for working CXX compiler: /beegfs/home/echiavazza/spack/opt/spack/linux-ubuntu20.04-cascadelake/gcc-9.4.0/openmpi-5.0.3-ocjjgvvgpy4ulxfz3damtdseryljeeuh/bin/mpicxx - skipped
-- Detecting CXX compile features
-- Detecting CXX compile features - done
-- Found MPI_C: mpicc (found version "3.1") 
-- Found MPI_CXX: mpicxx (found version "3.1") 
-- Found MPI: TRUE (found version "3.1")  
-- Found PkgConfig: /usr/bin/pkg-config (found version "0.29.1") 
-- Checking for module 'mlpack'
--   Found mlpack, version 4.2.0
-- Configuring done (7.1s)
-- Generating done (0.1s)
-- Build files have been written to: /beegfs/home/echiavazza/unito-scpd/adaboost-mpi/build
[ 25%] Building CXX object CMakeFiles/data_lib.dir/src/data_lib/datalib.cpp.o
[ 25%] Building CXX object CMakeFiles/communication_lib.dir/src/communication_lib/libcomm.cpp.o
[ 37%] Linking CXX static library /beegfs/home/echiavazza/unito-scpd/adaboost-mpi/obj/libdata_lib.a
[ 37%] Built target data_lib
[ 50%] Linking CXX static library /beegfs/home/echiavazza/unito-scpd/adaboost-mpi/obj/libcommunication_lib.a
[ 50%] Built target communication_lib
[ 87%] Building CXX object CMakeFiles/adaboost-mpi.dir/src/communication_lib/libcomm.cpp.o
[ 87%] Building CXX object CMakeFiles/adaboost-mpi.dir/src/main.cpp.o
[ 87%] Building CXX object CMakeFiles/adaboost-mpi.dir/src/data_lib/datalib.cpp.o
MASTER: Uploads and distributes data among 287 clients 
MASTER: start send
MASTER: end send
RANK1: NUM DATA 1418
MASTER:added tree 
MASTER: Epoch 0 end with average total error = 0.378403 and alpha = 2.28809
MASTER:added tree 
MASTER: Epoch 1 end with average total error = 0.475868 and alpha = 1.88836
MASTER:added tree 
MASTER: Epoch 2 end with average total error = 0.548939 and alpha = 1.59537
MASTER:added tree 
MASTER: Epoch 3 end with average total error = 0.598801 and alpha = 1.39129
MASTER:added tree 
MASTER: Epoch 4 end with average total error = 0.621637 and alpha = 1.29526
MASTER: Calculates the accuracy of the ensamble and its trees 
Ensabmle learning size = 5
Tree trained in epoch = 0 Accuracy = 0.610127
Tree trained in epoch = 1 Accuracy = 0.462597
Tree trained in epoch = 2 Accuracy = 0.439201
Tree trained in epoch = 3 Accuracy = 0.48243
Tree trained in epoch = 4 Accuracy = 0.453888
Accuracy Ensabmle = 0.59085 for the test dataset  in 5 epochs
Accuracy Ensabmle = 0.625236 for the train dataset  in 5 epochs
Risultati scritti con successo nel file: ../res/risultati_adaboost-mpi_s8.txt per il valore 5
MASTER:added tree 
MASTER: Epoch 0 end with average total error = 0.378403 and alpha = 2.28809
MASTER:added tree 
MASTER: Epoch 1 end with average total error = 0.475868 and alpha = 1.88836
MASTER:added tree 
MASTER: Epoch 2 end with average total error = 0.548939 and alpha = 1.59537
MASTER:added tree 
MASTER: Epoch 3 end with average total error = 0.598801 and alpha = 1.39129
MASTER:added tree 
MASTER: Epoch 4 end with average total error = 0.621637 and alpha = 1.29526
MASTER:added tree 
MASTER: Epoch 5 end with average total error = 0.622135 and alpha = 1.29314
MASTER:added tree 
MASTER: Epoch 6 end with average total error = 0.64632 and alpha = 1.18886
MASTER:added tree 
MASTER: Epoch 7 end with average total error = 0.690204 and alpha = 0.990686
MASTER:added tree 
MASTER: Epoch 8 end with average total error = 0.743727 and alpha = 0.72633
MASTER:added tree 
MASTER: Epoch 9 end with average total error = 0.734553 and alpha = 0.773914
MASTER: Calculates the accuracy of the ensamble and its trees 
Ensabmle learning size = 10
Tree trained in epoch = 0 Accuracy = 0.610127
Tree trained in epoch = 1 Accuracy = 0.462597
Tree trained in epoch = 2 Accuracy = 0.439201
Tree trained in epoch = 3 Accuracy = 0.48243
Tree trained in epoch = 4 Accuracy = 0.453888
Tree trained in epoch = 5 Accuracy = 0.447106
Tree trained in epoch = 6 Accuracy = 0.49823
Tree trained in epoch = 7 Accuracy = 0.474587
Tree trained in epoch = 8 Accuracy = 0.456183
Tree trained in epoch = 9 Accuracy = 0.471214
Accuracy Ensabmle = 0.610477 for the test dataset  in 10 epochs
Accuracy Ensabmle = 0.644178 for the train dataset  in 10 epochs
Risultati scritti con successo nel file: ../res/risultati_adaboost-mpi_s8.txt per il valore 10
MASTER:added tree 
MASTER: Epoch 0 end with average total error = 0.378403 and alpha = 2.28809
MASTER:added tree 
MASTER: Epoch 1 end with average total error = 0.475868 and alpha = 1.88836
MASTER:added tree 
MASTER: Epoch 2 end with average total error = 0.548939 and alpha = 1.59537
MASTER:added tree 
MASTER: Epoch 3 end with average total error = 0.598801 and alpha = 1.39129
MASTER:added tree 
MASTER: Epoch 4 end with average total error = 0.621637 and alpha = 1.29526
MASTER:added tree 
MASTER: Epoch 5 end with average total error = 0.622135 and alpha = 1.29314
MASTER:added tree 
MASTER: Epoch 6 end with average total error = 0.64632 and alpha = 1.18886
MASTER:added tree 
MASTER: Epoch 7 end with average total error = 0.690204 and alpha = 0.990686
MASTER:added tree 
MASTER: Epoch 8 end with average total error = 0.743727 and alpha = 0.72633
MASTER:added tree 
MASTER: Epoch 9 end with average total error = 0.734553 and alpha = 0.773914
MASTER:added tree 
MASTER: Epoch 10 end with average total error = 0.759334 and alpha = 0.64273
MASTER:added tree 
MASTER: Epoch 11 end with average total error = 0.75513 and alpha = 0.665596
MASTER:added tree 
MASTER: Epoch 12 end with average total error = 0.71308 and alpha = 0.881372
MASTER:added tree 
MASTER: Epoch 13 end with average total error = 0.768756 and alpha = 0.590458
MASTER:added tree 
MASTER: Epoch 14 end with average total error = 0.853592 and alpha = 0.0287035
MASTER:added tree 
MASTER: Epoch 15 end with average total error = 0.846002 and alpha = 0.0881748
MASTER:added tree 
MASTER: Epoch 16 end with average total error = 0.82843 and alpha = 0.217217
MASTER:added tree 
MASTER: Epoch 17 end with average total error = 0.847242 and alpha = 0.0786316
MASTER:added tree 
MASTER: Epoch 18 end with average total error = 0.803749 and alpha = 0.381868
MASTER:added tree 
MASTER: Epoch 19 end with average total error = 0.853497 and alpha = 0.0294621
MASTER: Calculates the accuracy of the ensamble and its trees 
Ensabmle learning size = 20
Tree trained in epoch = 0 Accuracy = 0.610127
Tree trained in epoch = 1 Accuracy = 0.462597
Tree trained in epoch = 2 Accuracy = 0.439201
Tree trained in epoch = 3 Accuracy = 0.48243
Tree trained in epoch = 4 Accuracy = 0.453888
Tree trained in epoch = 5 Accuracy = 0.447106
Tree trained in epoch = 6 Accuracy = 0.49823
Tree trained in epoch = 7 Accuracy = 0.474587
Tree trained in epoch = 8 Accuracy = 0.456183
Tree trained in epoch = 9 Accuracy = 0.471214
Tree trained in epoch = 10 Accuracy = 0.437743
Tree trained in epoch = 11 Accuracy = 0.462144
Tree trained in epoch = 12 Accuracy = 0.480043
Tree trained in epoch = 13 Accuracy = 0.447411
Tree trained in epoch = 14 Accuracy = 0.527403
Tree trained in epoch = 15 Accuracy = 0.511322
Tree trained in epoch = 16 Accuracy = 0.462052
Tree trained in epoch = 17 Accuracy = 0.486033
Tree trained in epoch = 18 Accuracy = 0.503141
Tree trained in epoch = 19 Accuracy = 0.448185
Accuracy Ensabmle = 0.625824 for the test dataset  in 20 epochs
Accuracy Ensabmle = 0.6624 for the train dataset  in 20 epochs
Risultati scritti con successo nel file: ../res/risultati_adaboost-mpi_s8.txt per il valore 20
MASTER:added tree 
MASTER: Epoch 0 end with average total error = 0.378403 and alpha = 2.28809
MASTER:added tree 
MASTER: Epoch 1 end with average total error = 0.475868 and alpha = 1.88836
MASTER:added tree 
MASTER: Epoch 2 end with average total error = 0.548939 and alpha = 1.59537
MASTER:added tree 
MASTER: Epoch 3 end with average total error = 0.598801 and alpha = 1.39129
MASTER:added tree 
MASTER: Epoch 4 end with average total error = 0.621637 and alpha = 1.29526
MASTER:added tree 
MASTER: Epoch 5 end with average total error = 0.622135 and alpha = 1.29314
MASTER:added tree 
MASTER: Epoch 6 end with average total error = 0.64632 and alpha = 1.18886
MASTER:added tree 
MASTER: Epoch 7 end with average total error = 0.690204 and alpha = 0.990686
MASTER:added tree 
MASTER: Epoch 8 end with average total error = 0.743727 and alpha = 0.72633
MASTER:added tree 
MASTER: Epoch 9 end with average total error = 0.734553 and alpha = 0.773914
MASTER:added tree 
MASTER: Epoch 10 end with average total error = 0.759334 and alpha = 0.64273
MASTER:added tree 
MASTER: Epoch 11 end with average total error = 0.75513 and alpha = 0.665596
MASTER:added tree 
MASTER: Epoch 12 end with average total error = 0.71308 and alpha = 0.881372
MASTER:added tree 
MASTER: Epoch 13 end with average total error = 0.768756 and alpha = 0.590458
MASTER:added tree 
MASTER: Epoch 14 end with average total error = 0.853592 and alpha = 0.0287035
MASTER:added tree 
MASTER: Epoch 15 end with average total error = 0.846002 and alpha = 0.0881748
MASTER:added tree 
MASTER: Epoch 16 end with average total error = 0.82843 and alpha = 0.217217
MASTER:added tree 
MASTER: Epoch 17 end with average total error = 0.847242 and alpha = 0.0786316
MASTER:added tree 
MASTER: Epoch 18 end with average total error = 0.803749 and alpha = 0.381868
MASTER:added tree 
MASTER: Epoch 19 end with average total error = 0.853497 and alpha = 0.0294621
MASTER: Epoch 20 end with average total error = 0.86862 and alpha = -0.0970522
MASTER: Epoch 21 end with average total error = 0.857394 and alpha = -0.00205448
MASTER: Epoch 22 end with average total error = 0.857148 and alpha = -4.44426e-05
MASTER: Epoch 23 end with average total error = 0.857143 and alpha = -9.61819e-07
MASTER: Epoch 24 end with average total error = 0.857143 and alpha = -2.08157e-08
MASTER: Epoch 25 end with average total error = 0.857143 and alpha = -4.50496e-10
MASTER: Epoch 26 end with average total error = 0.857143 and alpha = -9.7502e-12
MASTER: Epoch 27 end with average total error = 0.857143 and alpha = -2.06501e-13
MASTER: Epoch 28 end with average total error = 0.857143 and alpha = -6.88338e-15
MASTER: Epoch 29 end with average total error = 0.857143 and alpha = -1.33227e-15
MASTER: Calculates the accuracy of the ensamble and its trees 
Ensabmle learning size = 20
Tree trained in epoch = 0 Accuracy = 0.610127
Tree trained in epoch = 1 Accuracy = 0.462597
Tree trained in epoch = 2 Accuracy = 0.439201
Tree trained in epoch = 3 Accuracy = 0.48243
Tree trained in epoch = 4 Accuracy = 0.453888
Tree trained in epoch = 5 Accuracy = 0.447106
Tree trained in epoch = 6 Accuracy = 0.49823
Tree trained in epoch = 7 Accuracy = 0.474587
Tree trained in epoch = 8 Accuracy = 0.456183
Tree trained in epoch = 9 Accuracy = 0.471214
Tree trained in epoch = 10 Accuracy = 0.437743
Tree trained in epoch = 11 Accuracy = 0.462144
Tree trained in epoch = 12 Accuracy = 0.480043
Tree trained in epoch = 13 Accuracy = 0.447411
Tree trained in epoch = 14 Accuracy = 0.527403
Tree trained in epoch = 15 Accuracy = 0.511322
Tree trained in epoch = 16 Accuracy = 0.462052
Tree trained in epoch = 17 Accuracy = 0.486033
Tree trained in epoch = 18 Accuracy = 0.503141
Tree trained in epoch = 19 Accuracy = 0.448185
Accuracy Ensabmle = 0.625824 for the test dataset  in 30 epochs
Accuracy Ensabmle = 0.6624 for the train dataset  in 30 epochs
Risultati scritti con successo nel file: ../res/risultati_adaboost-mpi_s8.txt per il valore 30
MASTER:added tree 
MASTER: Epoch 0 end with average total error = 0.378403 and alpha = 2.28809
MASTER:added tree 
MASTER: Epoch 1 end with average total error = 0.475868 and alpha = 1.88836
MASTER:added tree 
MASTER: Epoch 2 end with average total error = 0.548939 and alpha = 1.59537
MASTER:added tree 
MASTER: Epoch 3 end with average total error = 0.598801 and alpha = 1.39129
MASTER:added tree 
MASTER: Epoch 4 end with average total error = 0.621637 and alpha = 1.29526
MASTER:added tree 
MASTER: Epoch 5 end with average total error = 0.622135 and alpha = 1.29314
MASTER:added tree 
MASTER: Epoch 6 end with average total error = 0.64632 and alpha = 1.18886
MASTER:added tree 
MASTER: Epoch 7 end with average total error = 0.690204 and alpha = 0.990686
MASTER:added tree 
MASTER: Epoch 8 end with average total error = 0.743727 and alpha = 0.72633
MASTER:added tree 
MASTER: Epoch 9 end with average total error = 0.734553 and alpha = 0.773914
MASTER:added tree 
MASTER: Epoch 10 end with average total error = 0.759334 and alpha = 0.64273
MASTER:added tree 
MASTER: Epoch 11 end with average total error = 0.75513 and alpha = 0.665596
MASTER:added tree 
MASTER: Epoch 12 end with average total error = 0.71308 and alpha = 0.881372
MASTER:added tree 
MASTER: Epoch 13 end with average total error = 0.768756 and alpha = 0.590458
MASTER:added tree 
MASTER: Epoch 14 end with average total error = 0.853592 and alpha = 0.0287035
MASTER:added tree 
MASTER: Epoch 15 end with average total error = 0.846002 and alpha = 0.0881748
MASTER:added tree 
MASTER: Epoch 16 end with average total error = 0.82843 and alpha = 0.217217
MASTER:added tree 
MASTER: Epoch 17 end with average total error = 0.847242 and alpha = 0.0786316
MASTER:added tree 
MASTER: Epoch 18 end with average total error = 0.803749 and alpha = 0.381868
MASTER:added tree 
MASTER: Epoch 19 end with average total error = 0.853497 and alpha = 0.0294621
MASTER: Epoch 20 end with average total error = 0.86862 and alpha = -0.0970522
MASTER: Epoch 21 end with average total error = 0.857394 and alpha = -0.00205448
MASTER: Epoch 22 end with average total error = 0.857148 and alpha = -4.44426e-05
MASTER: Epoch 23 end with average total error = 0.857143 and alpha = -9.61819e-07
MASTER: Epoch 24 end with average total error = 0.857143 and alpha = -2.08157e-08
MASTER: Epoch 25 end with average total error = 0.857143 and alpha = -4.50496e-10
MASTER: Epoch 26 end with average total error = 0.857143 and alpha = -9.7502e-12
MASTER: Epoch 27 end with average total error = 0.857143 and alpha = -2.06501e-13
MASTER: Epoch 28 end with average total error = 0.857143 and alpha = -6.88338e-15
MASTER: Epoch 29 end with average total error = 0.857143 and alpha = -1.33227e-15
MASTER: Epoch 30 end with average total error = 0.857143 and alpha = 4.44089e-16
MASTER: Epoch 31 end with average total error = 0.857143 and alpha = -1.33227e-15
MASTER: Epoch 32 end with average total error = 0.857143 and alpha = 4.44089e-16
MASTER: Epoch 33 end with average total error = 0.857143 and alpha = 4.44089e-16
MASTER: Epoch 34 end with average total error = 0.857143 and alpha = -6.66134e-16
MASTER: Epoch 35 end with average total error = 0.857143 and alpha = -6.66134e-16
MASTER: Epoch 36 end with average total error = 0.857143 and alpha = 4.44089e-16
MASTER: Epoch 37 end with average total error = 0.857143 and alpha = 4.44089e-16
MASTER: Epoch 38 end with average total error = 0.857143 and alpha = 4.44089e-16
MASTER: Epoch 39 end with average total error = 0.857143 and alpha = 4.44089e-16
MASTER: Calculates the accuracy of the ensamble and its trees 
Ensabmle learning size = 20
Tree trained in epoch = 0 Accuracy = 0.610127
Tree trained in epoch = 1 Accuracy = 0.462597
Tree trained in epoch = 2 Accuracy = 0.439201
Tree trained in epoch = 3 Accuracy = 0.48243
Tree trained in epoch = 4 Accuracy = 0.453888
Tree trained in epoch = 5 Accuracy = 0.447106
Tree trained in epoch = 6 Accuracy = 0.49823
Tree trained in epoch = 7 Accuracy = 0.474587
Tree trained in epoch = 8 Accuracy = 0.456183
Tree trained in epoch = 9 Accuracy = 0.471214
Tree trained in epoch = 10 Accuracy = 0.437743
Tree trained in epoch = 11 Accuracy = 0.462144
Tree trained in epoch = 12 Accuracy = 0.480043
Tree trained in epoch = 13 Accuracy = 0.447411
Tree trained in epoch = 14 Accuracy = 0.527403
Tree trained in epoch = 15 Accuracy = 0.511322
Tree trained in epoch = 16 Accuracy = 0.462052
Tree trained in epoch = 17 Accuracy = 0.486033
Tree trained in epoch = 18 Accuracy = 0.503141
Tree trained in epoch = 19 Accuracy = 0.448185
Accuracy Ensabmle = 0.625824 for the test dataset  in 40 epochs
Accuracy Ensabmle = 0.6624 for the train dataset  in 40 epochs
Risultati scritti con successo nel file: ../res/risultati_adaboost-mpi_s8.txt per il valore 40
MASTER:added tree 
MASTER: Epoch 0 end with average total error = 0.378403 and alpha = 2.28809
MASTER:added tree 
MASTER: Epoch 1 end with average total error = 0.475868 and alpha = 1.88836
MASTER:added tree 
MASTER: Epoch 2 end with average total error = 0.548939 and alpha = 1.59537
MASTER:added tree 
MASTER: Epoch 3 end with average total error = 0.598801 and alpha = 1.39129
MASTER:added tree 
MASTER: Epoch 4 end with average total error = 0.621637 and alpha = 1.29526
MASTER:added tree 
MASTER: Epoch 5 end with average total error = 0.622135 and alpha = 1.29314
MASTER:added tree 
MASTER: Epoch 6 end with average total error = 0.64632 and alpha = 1.18886
MASTER:added tree 
MASTER: Epoch 7 end with average total error = 0.690204 and alpha = 0.990686
MASTER:added tree 
MASTER: Epoch 8 end with average total error = 0.743727 and alpha = 0.72633
MASTER:added tree 
MASTER: Epoch 9 end with average total error = 0.734553 and alpha = 0.773914
MASTER:added tree 
MASTER: Epoch 10 end with average total error = 0.759334 and alpha = 0.64273
MASTER:added tree 
MASTER: Epoch 11 end with average total error = 0.75513 and alpha = 0.665596
MASTER:added tree 
MASTER: Epoch 12 end with average total error = 0.71308 and alpha = 0.881372
MASTER:added tree 
MASTER: Epoch 13 end with average total error = 0.768756 and alpha = 0.590458
MASTER:added tree 
MASTER: Epoch 14 end with average total error = 0.853592 and alpha = 0.0287035
MASTER:added tree 
MASTER: Epoch 15 end with average total error = 0.846002 and alpha = 0.0881748
MASTER:added tree 
MASTER: Epoch 16 end with average total error = 0.82843 and alpha = 0.217217
MASTER:added tree 
MASTER: Epoch 17 end with average total error = 0.847242 and alpha = 0.0786316
MASTER:added tree 
MASTER: Epoch 18 end with average total error = 0.803749 and alpha = 0.381868
MASTER:added tree 
MASTER: Epoch 19 end with average total error = 0.853497 and alpha = 0.0294621
MASTER: Epoch 20 end with average total error = 0.86862 and alpha = -0.0970522
MASTER: Epoch 21 end with average total error = 0.857394 and alpha = -0.00205448
MASTER: Epoch 22 end with average total error = 0.857148 and alpha = -4.44426e-05
MASTER: Epoch 23 end with average total error = 0.857143 and alpha = -9.61819e-07
MASTER: Epoch 24 end with average total error = 0.857143 and alpha = -2.08157e-08
MASTER: Epoch 25 end with average total error = 0.857143 and alpha = -4.50496e-10
MASTER: Epoch 26 end with average total error = 0.857143 and alpha = -9.7502e-12
MASTER: Epoch 27 end with average total error = 0.857143 and alpha = -2.06501e-13
MASTER: Epoch 28 end with average total error = 0.857143 and alpha = -6.88338e-15
MASTER: Epoch 29 end with average total error = 0.857143 and alpha = -1.33227e-15
MASTER: Epoch 30 end with average total error = 0.857143 and alpha = 4.44089e-16
MASTER: Epoch 31 end with average total error = 0.857143 and alpha = -1.33227e-15
MASTER: Epoch 32 end with average total error = 0.857143 and alpha = 4.44089e-16
MASTER: Epoch 33 end with average total error = 0.857143 and alpha = 4.44089e-16
MASTER: Epoch 34 end with average total error = 0.857143 and alpha = -6.66134e-16
MASTER: Epoch 35 end with average total error = 0.857143 and alpha = -6.66134e-16
MASTER: Epoch 36 end with average total error = 0.857143 and alpha = 4.44089e-16
MASTER: Epoch 37 end with average total error = 0.857143 and alpha = 4.44089e-16
MASTER: Epoch 38 end with average total error = 0.857143 and alpha = 4.44089e-16
MASTER: Epoch 39 end with average total error = 0.857143 and alpha = 4.44089e-16
MASTER: Epoch 40 end with average total error = 0.857143 and alpha = -6.66134e-16
MASTER: Epoch 41 end with average total error = 0.857143 and alpha = -6.66134e-16
MASTER: Epoch 42 end with average total error = 0.857143 and alpha = 4.44089e-16
MASTER: Epoch 43 end with average total error = 0.857143 and alpha = 4.44089e-16
MASTER: Epoch 44 end with average total error = 0.857143 and alpha = 4.44089e-16
MASTER: Epoch 45 end with average total error = 0.857143 and alpha = -6.66134e-16
MASTER: Epoch 46 end with average total error = 0.857143 and alpha = -1.33227e-15
MASTER: Epoch 47 end with average total error = 0.857143 and alpha = 4.44089e-16
MASTER: Epoch 48 end with average total error = 0.857143 and alpha = 4.44089e-16
MASTER: Epoch 49 end with average total error = 0.857143 and alpha = 4.44089e-16
MASTER: Calculates the accuracy of the ensamble and its trees 
Ensabmle learning size = 20
Tree trained in epoch = 0 Accuracy = 0.610127
Tree trained in epoch = 1 Accuracy = 0.462597
Tree trained in epoch = 2 Accuracy = 0.439201
Tree trained in epoch = 3 Accuracy = 0.48243
Tree trained in epoch = 4 Accuracy = 0.453888
Tree trained in epoch = 5 Accuracy = 0.447106
Tree trained in epoch = 6 Accuracy = 0.49823
Tree trained in epoch = 7 Accuracy = 0.474587
Tree trained in epoch = 8 Accuracy = 0.456183
Tree trained in epoch = 9 Accuracy = 0.471214
Tree trained in epoch = 10 Accuracy = 0.437743
Tree trained in epoch = 11 Accuracy = 0.462144
Tree trained in epoch = 12 Accuracy = 0.480043
Tree trained in epoch = 13 Accuracy = 0.447411
Tree trained in epoch = 14 Accuracy = 0.527403
Tree trained in epoch = 15 Accuracy = 0.511322
Tree trained in epoch = 16 Accuracy = 0.462052
Tree trained in epoch = 17 Accuracy = 0.486033
Tree trained in epoch = 18 Accuracy = 0.503141
Tree trained in epoch = 19 Accuracy = 0.448185
Accuracy Ensabmle = 0.625824 for the test dataset  in 50 epochs
Accuracy Ensabmle = 0.6624 for the train dataset  in 50 epochs
Risultati scritti con successo nel file: ../res/risultati_adaboost-mpi_s8.txt per il valore 50
MASTER:added tree 
MASTER: Epoch 0 end with average total error = 0.378403 and alpha = 2.28809
MASTER:added tree 
MASTER: Epoch 1 end with average total error = 0.475868 and alpha = 1.88836
MASTER:added tree 
MASTER: Epoch 2 end with average total error = 0.548939 and alpha = 1.59537
MASTER:added tree 
MASTER: Epoch 3 end with average total error = 0.598801 and alpha = 1.39129
MASTER:added tree 
MASTER: Epoch 4 end with average total error = 0.621637 and alpha = 1.29526
MASTER:added tree 
MASTER: Epoch 5 end with average total error = 0.622135 and alpha = 1.29314
MASTER:added tree 
MASTER: Epoch 6 end with average total error = 0.64632 and alpha = 1.18886
MASTER:added tree 
MASTER: Epoch 7 end with average total error = 0.690204 and alpha = 0.990686
MASTER:added tree 
MASTER: Epoch 8 end with average total error = 0.743727 and alpha = 0.72633
MASTER:added tree 
MASTER: Epoch 9 end with average total error = 0.734553 and alpha = 0.773914
MASTER:added tree 
MASTER: Epoch 10 end with average total error = 0.759334 and alpha = 0.64273
MASTER:added tree 
MASTER: Epoch 11 end with average total error = 0.75513 and alpha = 0.665596
MASTER:added tree 
MASTER: Epoch 12 end with average total error = 0.71308 and alpha = 0.881372
MASTER:added tree 
MASTER: Epoch 13 end with average total error = 0.768756 and alpha = 0.590458
MASTER:added tree 
MASTER: Epoch 14 end with average total error = 0.853592 and alpha = 0.0287035
MASTER:added tree 
MASTER: Epoch 15 end with average total error = 0.846002 and alpha = 0.0881748
MASTER:added tree 
MASTER: Epoch 16 end with average total error = 0.82843 and alpha = 0.217217
MASTER:added tree 
MASTER: Epoch 17 end with average total error = 0.847242 and alpha = 0.0786316
MASTER:added tree 
MASTER: Epoch 18 end with average total error = 0.803749 and alpha = 0.381868
MASTER:added tree 
MASTER: Epoch 19 end with average total error = 0.853497 and alpha = 0.0294621
MASTER: Epoch 20 end with average total error = 0.86862 and alpha = -0.0970522
MASTER: Epoch 21 end with average total error = 0.857394 and alpha = -0.00205448
MASTER: Epoch 22 end with average total error = 0.857148 and alpha = -4.44426e-05
MASTER: Epoch 23 end with average total error = 0.857143 and alpha = -9.61819e-07
MASTER: Epoch 24 end with average total error = 0.857143 and alpha = -2.08157e-08
MASTER: Epoch 25 end with average total error = 0.857143 and alpha = -4.50496e-10
MASTER: Epoch 26 end with average total error = 0.857143 and alpha = -9.7502e-12
MASTER: Epoch 27 end with average total error = 0.857143 and alpha = -2.06501e-13
MASTER: Epoch 28 end with average total error = 0.857143 and alpha = -6.88338e-15
MASTER: Epoch 29 end with average total error = 0.857143 and alpha = -1.33227e-15
MASTER: Epoch 30 end with average total error = 0.857143 and alpha = 4.44089e-16
MASTER: Epoch 31 end with average total error = 0.857143 and alpha = -1.33227e-15
MASTER: Epoch 32 end with average total error = 0.857143 and alpha = 4.44089e-16
MASTER: Epoch 33 end with average total error = 0.857143 and alpha = 4.44089e-16
MASTER: Epoch 34 end with average total error = 0.857143 and alpha = -6.66134e-16
MASTER: Epoch 35 end with average total error = 0.857143 and alpha = -6.66134e-16
MASTER: Epoch 36 end with average total error = 0.857143 and alpha = 4.44089e-16
MASTER: Epoch 37 end with average total error = 0.857143 and alpha = 4.44089e-16
MASTER: Epoch 38 end with average total error = 0.857143 and alpha = 4.44089e-16
MASTER: Epoch 39 end with average total error = 0.857143 and alpha = 4.44089e-16
MASTER: Epoch 40 end with average total error = 0.857143 and alpha = -6.66134e-16
MASTER: Epoch 41 end with average total error = 0.857143 and alpha = -6.66134e-16
MASTER: Epoch 42 end with average total error = 0.857143 and alpha = 4.44089e-16
MASTER: Epoch 43 end with average total error = 0.857143 and alpha = 4.44089e-16
MASTER: Epoch 44 end with average total error = 0.857143 and alpha = 4.44089e-16
MASTER: Epoch 45 end with average total error = 0.857143 and alpha = -6.66134e-16
MASTER: Epoch 46 end with average total error = 0.857143 and alpha = -1.33227e-15
MASTER: Epoch 47 end with average total error = 0.857143 and alpha = 4.44089e-16
MASTER: Epoch 48 end with average total error = 0.857143 and alpha = 4.44089e-16
MASTER: Epoch 49 end with average total error = 0.857143 and alpha = 4.44089e-16
MASTER: Epoch 50 end with average total error = 0.857143 and alpha = 4.44089e-16
MASTER: Epoch 51 end with average total error = 0.857143 and alpha = 4.44089e-16
MASTER: Epoch 52 end with average total error = 0.857143 and alpha = -6.66134e-16
MASTER: Epoch 53 end with average total error = 0.857143 and alpha = -1.33227e-15
MASTER: Epoch 54 end with average total error = 0.857143 and alpha = 4.44089e-16
MASTER: Epoch 55 end with average total error = 0.857143 and alpha = 4.44089e-16
MASTER: Epoch 56 end with average total error = 0.857143 and alpha = 4.44089e-16
MASTER: Epoch 57 end with average total error = 0.857143 and alpha = 4.44089e-16
MASTER: Epoch 58 end with average total error = 0.857143 and alpha = -6.66134e-16
MASTER: Epoch 59 end with average total error = 0.857143 and alpha = 4.44089e-16
MASTER: Epoch 60 end with average total error = 0.857143 and alpha = -6.66134e-16
MASTER: Epoch 61 end with average total error = 0.857143 and alpha = 4.44089e-16
MASTER: Epoch 62 end with average total error = 0.857143 and alpha = -6.66134e-16
MASTER: Epoch 63 end with average total error = 0.857143 and alpha = 4.44089e-16
MASTER: Epoch 64 end with average total error = 0.857143 and alpha = 4.44089e-16
MASTER: Epoch 65 end with average total error = 0.857143 and alpha = 4.44089e-16
MASTER: Epoch 66 end with average total error = 0.857143 and alpha = -6.66134e-16
MASTER: Epoch 67 end with average total error = 0.857143 and alpha = 4.44089e-16
MASTER: Epoch 68 end with average total error = 0.857143 and alpha = -1.33227e-15
MASTER: Epoch 69 end with average total error = 0.857143 and alpha = 4.44089e-16
MASTER: Epoch 70 end with average total error = 0.857143 and alpha = 4.44089e-16
MASTER: Epoch 71 end with average total error = 0.857143 and alpha = 4.44089e-16
MASTER: Epoch 72 end with average total error = 0.857143 and alpha = 4.44089e-16
MASTER: Epoch 73 end with average total error = 0.857143 and alpha = -6.66134e-16
MASTER: Epoch 74 end with average total error = 0.857143 and alpha = -6.66134e-16
MASTER: Epoch 75 end with average total error = 0.857143 and alpha = 4.44089e-16
MASTER: Epoch 76 end with average total error = 0.857143 and alpha = 4.44089e-16
MASTER: Epoch 77 end with average total error = 0.857143 and alpha = 4.44089e-16
MASTER: Epoch 78 end with average total error = 0.857143 and alpha = -6.66134e-16
MASTER: Epoch 79 end with average total error = 0.857143 and alpha = 4.44089e-16
MASTER: Epoch 80 end with average total error = 0.857143 and alpha = -1.33227e-15
MASTER: Epoch 81 end with average total error = 0.857143 and alpha = 4.44089e-16
MASTER: Epoch 82 end with average total error = 0.857143 and alpha = 4.44089e-16
MASTER: Epoch 83 end with average total error = 0.857143 and alpha = -6.66134e-16
MASTER: Epoch 84 end with average total error = 0.857143 and alpha = 4.44089e-16
MASTER: Epoch 85 end with average total error = 0.857143 and alpha = -6.66134e-16
MASTER: Epoch 86 end with average total error = 0.857143 and alpha = 4.44089e-16
MASTER: Epoch 87 end with average total error = 0.857143 and alpha = 4.44089e-16
MASTER: Epoch 88 end with average total error = 0.857143 and alpha = 4.44089e-16
MASTER: Epoch 89 end with average total error = 0.857143 and alpha = 4.44089e-16
MASTER: Epoch 90 end with average total error = 0.857143 and alpha = -6.66134e-16
MASTER: Epoch 91 end with average total error = 0.857143 and alpha = -1.33227e-15
MASTER: Epoch 92 end with average total error = 0.857143 and alpha = 4.44089e-16
MASTER: Epoch 93 end with average total error = 0.857143 and alpha = 4.44089e-16
MASTER: Epoch 94 end with average total error = 0.857143 and alpha = 4.44089e-16
MASTER: Epoch 95 end with average total error = 0.857143 and alpha = 4.44089e-16
MASTER: Epoch 96 end with average total error = 0.857143 and alpha = 4.44089e-16
MASTER: Epoch 97 end with average total error = 0.857143 and alpha = -6.66134e-16
MASTER: Epoch 98 end with average total error = 0.857143 and alpha = -6.66134e-16
MASTER: Epoch 99 end with average total error = 0.857143 and alpha = 4.44089e-16
MASTER: Calculates the accuracy of the ensamble and its trees 
Ensabmle learning size = 20
Tree trained in epoch = 0 Accuracy = 0.610127
Tree trained in epoch = 1 Accuracy = 0.462597
Tree trained in epoch = 2 Accuracy = 0.439201
Tree trained in epoch = 3 Accuracy = 0.48243
Tree trained in epoch = 4 Accuracy = 0.453888
Tree trained in epoch = 5 Accuracy = 0.447106
Tree trained in epoch = 6 Accuracy = 0.49823
Tree trained in epoch = 7 Accuracy = 0.474587
Tree trained in epoch = 8 Accuracy = 0.456183
Tree trained in epoch = 9 Accuracy = 0.471214
Tree trained in epoch = 10 Accuracy = 0.437743
Tree trained in epoch = 11 Accuracy = 0.462144
Tree trained in epoch = 12 Accuracy = 0.480043
Tree trained in epoch = 13 Accuracy = 0.447411
Tree trained in epoch = 14 Accuracy = 0.527403
Tree trained in epoch = 15 Accuracy = 0.511322
Tree trained in epoch = 16 Accuracy = 0.462052
Tree trained in epoch = 17 Accuracy = 0.486033
Tree trained in epoch = 18 Accuracy = 0.503141
Tree trained in epoch = 19 Accuracy = 0.448185
Accuracy Ensabmle = 0.625824 for the test dataset  in 100 epochs
Accuracy Ensabmle = 0.6624 for the train dataset  in 100 epochs
Risultati scritti con successo nel file: ../res/risultati_adaboost-mpi_s8.txt per il valore 100
