make: Warning: File 'Makefile' has modification time 0.96 s in the future
make[1]: Warning: File 'CMakeFiles/Makefile2' has modification time 0.74 s in the future
make[2]: Warning: File 'CMakeFiles/communication_lib.dir/build.make' has modification time 0.73 s in the future
make[2]: Warning: File 'CMakeFiles/data_lib.dir/build.make' has modification time 0.73 s in the future
make[2]: warning:  Clock skew detected.  Your build may be incomplete.
make[2]: warning:  Clock skew detected.  Your build may be incomplete.
make[2]: Warning: File 'CMakeFiles/data_lib.dir/build.make' has modification time 0.61 s in the future
make[2]: Warning: File 'CMakeFiles/communication_lib.dir/build.make' has modification time 0.61 s in the future
make[2]: warning:  Clock skew detected.  Your build may be incomplete.
make[2]: warning:  Clock skew detected.  Your build may be incomplete.
make[2]: Warning: File '/beegfs/home/echiavazza/unito-scpd/adaboost-mpi/obj/libdata_lib.a' has modification time 0.79 s in the future
make[2]: warning:  Clock skew detected.  Your build may be incomplete.
make[1]: warning:  Clock skew detected.  Your build may be incomplete.
make: warning:  Clock skew detected.  Your build may be incomplete.
srun: defined options
srun: -------------------- --------------------
srun: (null)              : broadwell-[047-055]
srun: jobid               : 168681
srun: job-name            : adab_v1
srun: mpi                 : pmix
srun: nodes               : 9
srun: ntasks              : 324
srun: ntasks-per-node     : 36
srun: verbose             : 1
srun: -------------------- --------------------
srun: end of defined options
srun: jobid 168681: nodes(9):`broadwell-[047-055]', cpu counts: 36(x9)
srun: CpuBindType=(null type)
srun: launching StepId=168681.0 on host broadwell-047, 36 tasks: [0-35]
srun: launching StepId=168681.0 on host broadwell-048, 36 tasks: [36-71]
srun: launching StepId=168681.0 on host broadwell-049, 36 tasks: [72-107]
srun: launching StepId=168681.0 on host broadwell-050, 36 tasks: [108-143]
srun: launching StepId=168681.0 on host broadwell-051, 36 tasks: [144-179]
srun: launching StepId=168681.0 on host broadwell-052, 36 tasks: [180-215]
srun: launching StepId=168681.0 on host broadwell-053, 36 tasks: [216-251]
srun: launching StepId=168681.0 on host broadwell-054, 36 tasks: [252-287]
srun: launching StepId=168681.0 on host broadwell-055, 36 tasks: [288-323]
srun: topology/default: init: topology Default plugin loaded
srun: Node broadwell-050, 36 tasks started
srun: Node broadwell-047, 36 tasks started
srun: Node broadwell-052, 36 tasks started
srun: Node broadwell-053, 36 tasks started
srun: Node broadwell-048, 36 tasks started
srun: Node broadwell-049, 36 tasks started
srun: Node broadwell-055, 36 tasks started
srun: Node broadwell-051, 36 tasks started
srun: Node broadwell-054, 36 tasks started
srun: Complete StepId=168681.0 received
srun: Job step aborted: Waiting up to 32 seconds for job step to finish.
slurmstepd: error: *** JOB 168681 ON broadwell-047 CANCELLED AT 2025-04-03T21:20:56 ***
