make: Warning: File 'Makefile' has modification time 3 s in the future
make[1]: Warning: File 'CMakeFiles/Makefile2' has modification time 2.7 s in the future
make[2]: Warning: File 'CMakeFiles/communication_lib.dir/build.make' has modification time 2.7 s in the future
make[2]: Warning: File 'CMakeFiles/data_lib.dir/build.make' has modification time 2.7 s in the future
make[2]: warning:  Clock skew detected.  Your build may be incomplete.
make[2]: warning:  Clock skew detected.  Your build may be incomplete.
make[2]: Warning: File 'CMakeFiles/communication_lib.dir/build.make' has modification time 2.6 s in the future
make[2]: Warning: File 'CMakeFiles/data_lib.dir/build.make' has modification time 2.6 s in the future
make[2]: warning:  Clock skew detected.  Your build may be incomplete.
make[2]: warning:  Clock skew detected.  Your build may be incomplete.
make[2]: Warning: File '/beegfs/home/echiavazza/unito-scpd/adaboost-mpi/obj/libdata_lib.a' has modification time 1.3 s in the future
make[2]: warning:  Clock skew detected.  Your build may be incomplete.
make[1]: warning:  Clock skew detected.  Your build may be incomplete.
make: warning:  Clock skew detected.  Your build may be incomplete.
srun: defined options
srun: -------------------- --------------------
srun: (null)              : broadwell-[022-031]
srun: jobid               : 171039
srun: job-name            : adab_v1
srun: mpi                 : pmix
srun: nodes               : 10
srun: ntasks              : 360
srun: ntasks-per-node     : 36
srun: verbose             : 1
srun: -------------------- --------------------
srun: end of defined options
srun: jobid 171039: nodes(10):`broadwell-[022-031]', cpu counts: 36(x10)
srun: CpuBindType=(null type)
srun: launching StepId=171039.0 on host broadwell-022, 36 tasks: [0-35]
srun: launching StepId=171039.0 on host broadwell-023, 36 tasks: [36-71]
srun: launching StepId=171039.0 on host broadwell-024, 36 tasks: [72-107]
srun: launching StepId=171039.0 on host broadwell-025, 36 tasks: [108-143]
srun: launching StepId=171039.0 on host broadwell-026, 36 tasks: [144-179]
srun: launching StepId=171039.0 on host broadwell-027, 36 tasks: [180-215]
srun: launching StepId=171039.0 on host broadwell-028, 36 tasks: [216-251]
srun: launching StepId=171039.0 on host broadwell-029, 36 tasks: [252-287]
srun: launching StepId=171039.0 on host broadwell-030, 36 tasks: [288-323]
srun: launching StepId=171039.0 on host broadwell-031, 36 tasks: [324-359]
srun: topology/default: init: topology Default plugin loaded
srun: Node broadwell-027, 36 tasks started
srun: Node broadwell-024, 36 tasks started
srun: Node broadwell-031, 36 tasks started
srun: Node broadwell-029, 36 tasks started
srun: Node broadwell-030, 36 tasks started
srun: Node broadwell-028, 36 tasks started
srun: Node broadwell-023, 36 tasks started
srun: Node broadwell-022, 36 tasks started
srun: Node broadwell-025, 36 tasks started
srun: Node broadwell-026, 36 tasks started
terminate called after throwing an instance of 'std::out_of_range'
terminate called after throwing an instance of 'std::out_of_range'
  what():  Mat::operator(): index out of bounds
[broadwell-027:2569701] *** Process received signal ***
[broadwell-027:2569701] Signal: Aborted (6)
[broadwell-027:2569701] Signal code:  (-6)
[broadwell-027:2569701] [ 0] /lib/x86_64-linux-gnu/libc.so.6(+0x43090)[0x7f91b3728090]
  what():  Mat::operator(): index out of bounds
[broadwell-027:2569701] [ 1] /lib/x86_64-linux-gnu/libc.so.6(gsignal+0xcb)[0x7f91b372800b]
[broadwell-024:1996802] *** Process received signal ***
[broadwell-027:2569701] [ 2] /lib/x86_64-linux-gnu/libc.so.6(abort+0x12b)[0x7f91b3707859]
[broadwell-024:1996802] Signal: Aborted (6)
[broadwell-024:1996802] Signal code:  (-6)
[broadwell-027:2569701] [ 3] /lib/x86_64-linux-gnu/libstdc++.so.6(+0x9e911)[0x7f91b3adf911]
[broadwell-024:1996802] [ 0] /lib/x86_64-linux-gnu/libc.so.6(+0x43090)[0x7fa9d48ab090]
[broadwell-027:2569701] [ 4] /lib/x86_64-linux-gnu/libstdc++.so.6(+0xaa38c)[0x7f91b3aeb38c]
[broadwell-024:1996802] [ 1] /lib/x86_64-linux-gnu/libc.so.6(gsignal+0xcb)[0x7fa9d48ab00b]
[broadwell-027:2569701] [ 5] /lib/x86_64-linux-gnu/libstdc++.so.6(+0xaa3f7)[0x7f91b3aeb3f7]
[broadwell-024:1996802] [ 2] /lib/x86_64-linux-gnu/libc.so.6(abort+0x12b)[0x7fa9d488a859]
[broadwell-027:2569701] [ 6] /lib/x86_64-linux-gnu/libstdc++.so.6(+0xaa6a9)[0x7f91b3aeb6a9]
[broadwell-024:1996802] [ 3] /lib/x86_64-linux-gnu/libstdc++.so.6(+0x9e911)[0x7fa9d4c62911]
[broadwell-027:2569701] [ 7] /beegfs/home/echiavazza/unito-scpd/adaboost-mpi/bin/./adaboost-mpi(+0xaf3a)[0x564353d4cf3a]
[broadwell-024:1996802] [ 4] /lib/x86_64-linux-gnu/libstdc++.so.6(+0xaa38c)[0x7fa9d4c6e38c]
[broadwell-027:2569701] [ 8] /beegfs/home/echiavazza/unito-scpd/adaboost-mpi/bin/./adaboost-mpi(+0x11f59)[0x564353d53f59]
[broadwell-024:1996802] [ 5] /lib/x86_64-linux-gnu/libstdc++.so.6(+0xaa3f7)[0x7fa9d4c6e3f7]
[broadwell-027:2569701] [ 9] /beegfs/home/echiavazza/unito-scpd/adaboost-mpi/bin/./adaboost-mpi(+0x1e59d)[0x564353d6059d]
[broadwell-024:1996802] [ 6] /lib/x86_64-linux-gnu/libstdc++.so.6(+0xaa6a9)[0x7fa9d4c6e6a9]
[broadwell-027:2569701] [10] /beegfs/home/echiavazza/unito-scpd/adaboost-mpi/bin/./adaboost-mpi(+0x16f78)[0x564353d58f78]
[broadwell-024:1996802] [ 7] /beegfs/home/echiavazza/unito-scpd/adaboost-mpi/bin/./adaboost-mpi(+0xaf3a)[0x55f32682df3a]
[broadwell-027:2569701] [11] /beegfs/home/echiavazza/unito-scpd/adaboost-mpi/bin/./adaboost-mpi(+0xfe44)[0x564353d51e44]
[broadwell-024:1996802] [ 8] /beegfs/home/echiavazza/unito-scpd/adaboost-mpi/bin/./adaboost-mpi(+0x11f59)[0x55f326834f59]
[broadwell-027:2569701] [12] /beegfs/home/echiavazza/unito-scpd/adaboost-mpi/bin/./adaboost-mpi(+0x97d9)[0x564353d4b7d9]
[broadwell-024:1996802] [ 9] /beegfs/home/echiavazza/unito-scpd/adaboost-mpi/bin/./adaboost-mpi(+0x1e59d)[0x55f32684159d]
[broadwell-027:2569701] [13] /lib/x86_64-linux-gnu/libc.so.6(__libc_start_main+0xf3)[0x7f91b3709083]
[broadwell-024:1996802] [10] /beegfs/home/echiavazza/unito-scpd/adaboost-mpi/bin/./adaboost-mpi(+0x16f78)[0x55f326839f78]
[broadwell-027:2569701] [14] /beegfs/home/echiavazza/unito-scpd/adaboost-mpi/bin/./adaboost-mpi(+0x871e)[0x564353d4a71e]
[broadwell-024:1996802] [11] /beegfs/home/echiavazza/unito-scpd/adaboost-mpi/bin/./adaboost-mpi(+0xfe44)[0x55f326832e44]
[broadwell-027:2569701] *** End of error message ***
[broadwell-024:1996802] [12] /beegfs/home/echiavazza/unito-scpd/adaboost-mpi/bin/./adaboost-mpi(+0x97d9)[0x55f32682c7d9]
[broadwell-024:1996802] [13] /lib/x86_64-linux-gnu/libc.so.6(__libc_start_main+0xf3)[0x7fa9d488c083]
[broadwell-024:1996802] [14] /beegfs/home/echiavazza/unito-scpd/adaboost-mpi/bin/./adaboost-mpi(+0x871e)[0x55f32682b71e]
[broadwell-024:1996802] *** End of error message ***
srun: Received task exit notification for 1 task of StepId=171039.0 (status=0x0086).
srun: error: broadwell-024: task 77: Aborted (core dumped)
srun: Received task exit notification for 1 task of StepId=171039.0 (status=0x0086).
srun: error: broadwell-027: task 215: Aborted (core dumped)
slurmstepd: error:  mpi/pmix_v3: _errhandler: broadwell-024 [2]: pmixp_client_v2.c:211: Error handler invoked: status = -25, source = [slurm.pmix.171039.0:77]
srun: Complete StepId=171039.0 received
slurmstepd: error:  mpi/pmix_v3: _errhandler: broadwell-027 [5]: pmixp_client_v2.c:211: Error handler invoked: status = -25, source = [slurm.pmix.171039.0:215]
srun: Job step aborted: Waiting up to 32 seconds for job step to finish.
srun: Complete StepId=171039.0 received
srun: Complete StepId=171039.0 received
slurmstepd: error: *** STEP 171039.0 ON broadwell-022 CANCELLED AT 2025-04-07T17:45:51 ***
srun: Received task exit notification for 36 tasks of StepId=171039.0 (status=0x0009).
srun: error: broadwell-023: tasks 36-71: Killed
srun: Received task exit notification for 36 tasks of StepId=171039.0 (status=0x0009).
srun: error: broadwell-031: tasks 324-359: Killed
srun: Received task exit notification for 36 tasks of StepId=171039.0 (status=0x0009).
srun: error: broadwell-029: tasks 252-287: Killed
srun: Received task exit notification for 35 tasks of StepId=171039.0 (status=0x0009).
srun: error: broadwell-024: tasks 72-76,78-107: Killed
srun: Received task exit notification for 36 tasks of StepId=171039.0 (status=0x0009).
srun: error: broadwell-030: tasks 288-323: Killed
srun: Received task exit notification for 36 tasks of StepId=171039.0 (status=0x0009).
srun: error: broadwell-022: tasks 0-35: Killed
srun: Received task exit notification for 35 tasks of StepId=171039.0 (status=0x0009).
srun: error: broadwell-027: tasks 180-214: Killed
srun: Received task exit notification for 36 tasks of StepId=171039.0 (status=0x0009).
srun: error: broadwell-028: tasks 216-251: Killed
srun: Received task exit notification for 36 tasks of StepId=171039.0 (status=0x0009).
srun: error: broadwell-026: tasks 144-179: Killed
srun: Received task exit notification for 36 tasks of StepId=171039.0 (status=0x0009).
srun: error: broadwell-025: tasks 108-143: Killed
