make: Warning: File 'Makefile' has modification time 2.3 s in the future
make[1]: Warning: File 'CMakeFiles/Makefile2' has modification time 2 s in the future
make[2]: Warning: File 'CMakeFiles/communication_lib.dir/build.make' has modification time 2 s in the future
make[2]: Warning: File 'CMakeFiles/data_lib.dir/build.make' has modification time 2 s in the future
make[2]: warning:  Clock skew detected.  Your build may be incomplete.
make[2]: warning:  Clock skew detected.  Your build may be incomplete.
make[2]: Warning: File 'CMakeFiles/communication_lib.dir/build.make' has modification time 1.8 s in the future
make[2]: Warning: File 'CMakeFiles/data_lib.dir/build.make' has modification time 1.8 s in the future
make[2]: warning:  Clock skew detected.  Your build may be incomplete.
make[2]: warning:  Clock skew detected.  Your build may be incomplete.
make[2]: Warning: File '/beegfs/home/echiavazza/unito-scpd/adaboost-mpi/obj/libdata_lib.a' has modification time 2.1 s in the future
make[2]: warning:  Clock skew detected.  Your build may be incomplete.
make[1]: warning:  Clock skew detected.  Your build may be incomplete.
make: warning:  Clock skew detected.  Your build may be incomplete.
srun: defined options
srun: -------------------- --------------------
srun: (null)              : broadwell-[033-041]
srun: jobid               : 171043
srun: job-name            : adab_v1
srun: mpi                 : pmix
srun: nodes               : 9
srun: ntasks              : 324
srun: ntasks-per-node     : 36
srun: verbose             : 1
srun: -------------------- --------------------
srun: end of defined options
srun: jobid 171043: nodes(9):`broadwell-[033-041]', cpu counts: 36(x9)
srun: CpuBindType=(null type)
srun: launching StepId=171043.0 on host broadwell-033, 36 tasks: [0-35]
srun: launching StepId=171043.0 on host broadwell-034, 36 tasks: [36-71]
srun: launching StepId=171043.0 on host broadwell-035, 36 tasks: [72-107]
srun: launching StepId=171043.0 on host broadwell-036, 36 tasks: [108-143]
srun: launching StepId=171043.0 on host broadwell-037, 36 tasks: [144-179]
srun: launching StepId=171043.0 on host broadwell-038, 36 tasks: [180-215]
srun: launching StepId=171043.0 on host broadwell-039, 36 tasks: [216-251]
srun: launching StepId=171043.0 on host broadwell-040, 36 tasks: [252-287]
srun: launching StepId=171043.0 on host broadwell-041, 36 tasks: [288-323]
srun: topology/default: init: topology Default plugin loaded
srun: Node broadwell-041, 36 tasks started
srun: Node broadwell-033, 36 tasks started
srun: Node broadwell-039, 36 tasks started
srun: Node broadwell-037, 36 tasks started
srun: Node broadwell-036, 36 tasks started
srun: Node broadwell-040, 36 tasks started
srun: Node broadwell-035, 36 tasks started
srun: Node broadwell-034, 36 tasks started
srun: Node broadwell-038, 36 tasks started
srun: Received task exit notification for 36 tasks of StepId=171043.0 (status=0x0000).
srun: broadwell-041: tasks 288-323: Completed
srun: Received task exit notification for 36 tasks of StepId=171043.0 (status=0x0000).
srun: broadwell-038: tasks 180-215: Completed
srun: Received task exit notification for 36 tasks of StepId=171043.0 (status=0x0000).
srun: broadwell-036: tasks 108-143: Completed
srun: Received task exit notification for 36 tasks of StepId=171043.0 (status=0x0000).
srun: broadwell-039: tasks 216-251: Completed
srun: Received task exit notification for 36 tasks of StepId=171043.0 (status=0x0000).
srun: broadwell-034: tasks 36-71: Completed
srun: Received task exit notification for 36 tasks of StepId=171043.0 (status=0x0000).
srun: broadwell-035: tasks 72-107: Completed
srun: Received task exit notification for 36 tasks of StepId=171043.0 (status=0x0000).
srun: broadwell-040: tasks 252-287: Completed
srun: Received task exit notification for 36 tasks of StepId=171043.0 (status=0x0000).
srun: broadwell-037: tasks 144-179: Completed
srun: Received task exit notification for 36 tasks of StepId=171043.0 (status=0x0000).
srun: broadwell-033: tasks 0-35: Completed
