make: Warning: File 'Makefile' has modification time 1.9 s in the future
make[1]: Warning: File 'CMakeFiles/Makefile2' has modification time 1.7 s in the future
make[2]: Warning: File 'CMakeFiles/communication_lib.dir/build.make' has modification time 1.7 s in the future
make[2]: Warning: File 'CMakeFiles/data_lib.dir/build.make' has modification time 1.7 s in the future
make[2]: warning:  Clock skew detected.  Your build may be incomplete.
make[2]: warning:  Clock skew detected.  Your build may be incomplete.
make[2]: Warning: File 'CMakeFiles/communication_lib.dir/build.make' has modification time 1.6 s in the future
make[2]: Warning: File 'CMakeFiles/data_lib.dir/build.make' has modification time 1.6 s in the future
make[2]: warning:  Clock skew detected.  Your build may be incomplete.
make[2]: warning:  Clock skew detected.  Your build may be incomplete.
make[2]: Warning: File '/beegfs/home/echiavazza/unito-scpd/adaboost-mpi/obj/libdata_lib.a' has modification time 1.8 s in the future
make[2]: warning:  Clock skew detected.  Your build may be incomplete.
make[1]: warning:  Clock skew detected.  Your build may be incomplete.
make: warning:  Clock skew detected.  Your build may be incomplete.
srun: defined options
srun: -------------------- --------------------
srun: (null)              : broadwell-[012-021]
srun: jobid               : 171052
srun: job-name            : adab_v1
srun: mpi                 : pmix
srun: nodes               : 10
srun: ntasks              : 360
srun: ntasks-per-node     : 36
srun: verbose             : 1
srun: -------------------- --------------------
srun: end of defined options
srun: jobid 171052: nodes(10):`broadwell-[012-021]', cpu counts: 36(x10)
srun: CpuBindType=(null type)
srun: launching StepId=171052.0 on host broadwell-012, 36 tasks: [0-35]
srun: launching StepId=171052.0 on host broadwell-013, 36 tasks: [36-71]
srun: launching StepId=171052.0 on host broadwell-014, 36 tasks: [72-107]
srun: launching StepId=171052.0 on host broadwell-015, 36 tasks: [108-143]
srun: launching StepId=171052.0 on host broadwell-016, 36 tasks: [144-179]
srun: launching StepId=171052.0 on host broadwell-017, 36 tasks: [180-215]
srun: launching StepId=171052.0 on host broadwell-018, 36 tasks: [216-251]
srun: launching StepId=171052.0 on host broadwell-019, 36 tasks: [252-287]
srun: launching StepId=171052.0 on host broadwell-020, 36 tasks: [288-323]
srun: launching StepId=171052.0 on host broadwell-021, 36 tasks: [324-359]
srun: topology/default: init: topology Default plugin loaded
srun: Node broadwell-015, 36 tasks started
srun: Node broadwell-012, 36 tasks started
srun: Node broadwell-019, 36 tasks started
srun: Node broadwell-021, 36 tasks started
srun: Node broadwell-017, 36 tasks started
srun: Node broadwell-016, 36 tasks started
srun: Node broadwell-013, 36 tasks started
srun: Node broadwell-014, 36 tasks started
srun: Node broadwell-020, 36 tasks started
srun: Node broadwell-018, 36 tasks started
terminate called after throwing an instance of 'std::out_of_range'
terminate called after throwing an instance of 'std::out_of_range'
  what():  Mat::operator(): index out of bounds
  what():  Mat::operator(): index out of bounds
[broadwell-017:343353] *** Process received signal ***
[broadwell-014:1979735] *** Process received signal ***
[broadwell-017:343353] Signal: Aborted (6)
[broadwell-017:343353] Signal code:  (-6)
[broadwell-014:1979735] Signal: Aborted (6)
[broadwell-014:1979735] Signal code:  (-6)
[broadwell-017:343353] [ 0] /lib/x86_64-linux-gnu/libc.so.6(+0x43090)[0x7fd59602c090]
[broadwell-014:1979735] [ 0] /lib/x86_64-linux-gnu/libc.so.6(+0x43090)[0x7f5ab856d090]
[broadwell-017:343353] [ 1] /lib/x86_64-linux-gnu/libc.so.6(gsignal+0xcb)[0x7fd59602c00b]
[broadwell-014:1979735] [ 1] /lib/x86_64-linux-gnu/libc.so.6(gsignal+0xcb)[0x7f5ab856d00b]
[broadwell-017:343353] [ 2] /lib/x86_64-linux-gnu/libc.so.6(abort+0x12b)[0x7fd59600b859]
[broadwell-014:1979735] [ 2] /lib/x86_64-linux-gnu/libc.so.6(abort+0x12b)[0x7f5ab854c859]
[broadwell-017:343353] [ 3] /lib/x86_64-linux-gnu/libstdc++.so.6(+0x9e911)[0x7fd5963e3911]
[broadwell-014:1979735] [ 3] /lib/x86_64-linux-gnu/libstdc++.so.6(+0x9e911)[0x7f5ab8924911]
[broadwell-017:343353] [ 4] /lib/x86_64-linux-gnu/libstdc++.so.6(+0xaa38c)[0x7fd5963ef38c]
[broadwell-014:1979735] [ 4] /lib/x86_64-linux-gnu/libstdc++.so.6(+0xaa38c)[0x7f5ab893038c]
[broadwell-017:343353] [ 5] /lib/x86_64-linux-gnu/libstdc++.so.6(+0xaa3f7)[0x7fd5963ef3f7]
[broadwell-014:1979735] [ 5] /lib/x86_64-linux-gnu/libstdc++.so.6(+0xaa3f7)[0x7f5ab89303f7]
[broadwell-017:343353] [ 6] /lib/x86_64-linux-gnu/libstdc++.so.6(+0xaa6a9)[0x7fd5963ef6a9]
[broadwell-014:1979735] [ 6] /lib/x86_64-linux-gnu/libstdc++.so.6(+0xaa6a9)[0x7f5ab89306a9]
[broadwell-017:343353] [ 7] /beegfs/home/echiavazza/unito-scpd/adaboost-mpi/bin/./adaboost-mpi(+0xb09c)[0x55c50ec6709c]
[broadwell-014:1979735] [ 7] /beegfs/home/echiavazza/unito-scpd/adaboost-mpi/bin/./adaboost-mpi(+0xb09c)[0x556a112a909c]
[broadwell-017:343353] [ 8] /beegfs/home/echiavazza/unito-scpd/adaboost-mpi/bin/./adaboost-mpi(+0x120bb)[0x55c50ec6e0bb]
[broadwell-014:1979735] [ 8] /beegfs/home/echiavazza/unito-scpd/adaboost-mpi/bin/./adaboost-mpi(+0x120bb)[0x556a112b00bb]
[broadwell-017:343353] [ 9] /beegfs/home/echiavazza/unito-scpd/adaboost-mpi/bin/./adaboost-mpi(+0x1e6ff)[0x55c50ec7a6ff]
[broadwell-014:1979735] [ 9] /beegfs/home/echiavazza/unito-scpd/adaboost-mpi/bin/./adaboost-mpi(+0x1e6ff)[0x556a112bc6ff]
[broadwell-017:343353] [10] /beegfs/home/echiavazza/unito-scpd/adaboost-mpi/bin/./adaboost-mpi(+0x170da)[0x55c50ec730da]
[broadwell-014:1979735] [10] /beegfs/home/echiavazza/unito-scpd/adaboost-mpi/bin/./adaboost-mpi(+0x170da)[0x556a112b50da]
[broadwell-017:343353] [11] /beegfs/home/echiavazza/unito-scpd/adaboost-mpi/bin/./adaboost-mpi(+0xffa6)[0x55c50ec6bfa6]
[broadwell-014:1979735] [11] /beegfs/home/echiavazza/unito-scpd/adaboost-mpi/bin/./adaboost-mpi(+0xffa6)[0x556a112adfa6]
[broadwell-017:343353] [12] /beegfs/home/echiavazza/unito-scpd/adaboost-mpi/bin/./adaboost-mpi(+0x98b3)[0x55c50ec658b3]
[broadwell-014:1979735] [12] /beegfs/home/echiavazza/unito-scpd/adaboost-mpi/bin/./adaboost-mpi(+0x98b3)[0x556a112a78b3]
[broadwell-017:343353] [13] /lib/x86_64-linux-gnu/libc.so.6(__libc_start_main+0xf3)[0x7fd59600d083]
[broadwell-014:1979735] [13] /lib/x86_64-linux-gnu/libc.so.6(__libc_start_main+0xf3)[0x7f5ab854e083]
[broadwell-017:343353] [14] /beegfs/home/echiavazza/unito-scpd/adaboost-mpi/bin/./adaboost-mpi(+0x871e)[0x55c50ec6471e]
[broadwell-014:1979735] [14] /beegfs/home/echiavazza/unito-scpd/adaboost-mpi/bin/./adaboost-mpi(+0x871e)[0x556a112a671e]
[broadwell-017:343353] *** End of error message ***
[broadwell-014:1979735] *** End of error message ***
srun: Received task exit notification for 1 task of StepId=171052.0 (status=0x0086).
srun: error: broadwell-017: task 215: Aborted (core dumped)
srun: Received task exit notification for 1 task of StepId=171052.0 (status=0x0086).
srun: error: broadwell-014: task 77: Aborted (core dumped)
slurmstepd: error:  mpi/pmix_v3: _errhandler: broadwell-017 [5]: pmixp_client_v2.c:211: Error handler invoked: status = -25, source = [slurm.pmix.171052.0:215]
slurmstepd: error:  mpi/pmix_v3: _errhandler: broadwell-014 [2]: pmixp_client_v2.c:211: Error handler invoked: status = -25, source = [slurm.pmix.171052.0:77]
srun: Complete StepId=171052.0 received
srun: Complete StepId=171052.0 received
srun: Job step aborted: Waiting up to 32 seconds for job step to finish.
srun: Complete StepId=171052.0 received
slurmstepd: error: *** STEP 171052.0 ON broadwell-012 CANCELLED AT 2025-04-07T18:59:10 ***
srun: Received task exit notification for 36 tasks of StepId=171052.0 (status=0x0009).
srun: error: broadwell-013: tasks 36-71: Killed
srun: Received task exit notification for 36 tasks of StepId=171052.0 (status=0x0009).
srun: error: broadwell-012: tasks 0-35: Killed
srun: Received task exit notification for 35 tasks of StepId=171052.0 (status=0x0009).
srun: error: broadwell-014: tasks 72-76,78-107: Killed
srun: Received task exit notification for 36 tasks of StepId=171052.0 (status=0x0009).
srun: error: broadwell-020: tasks 288-323: Killed
srun: Received task exit notification for 36 tasks of StepId=171052.0 (status=0x0009).
srun: error: broadwell-021: tasks 324-359: Killed
srun: Received task exit notification for 36 tasks of StepId=171052.0 (status=0x0009).
srun: error: broadwell-016: tasks 144-179: Killed
srun: Received task exit notification for 36 tasks of StepId=171052.0 (status=0x0009).
srun: error: broadwell-018: tasks 216-251: Killed
srun: Received task exit notification for 35 tasks of StepId=171052.0 (status=0x0009).
srun: error: broadwell-017: tasks 180-214: Killed
srun: Received task exit notification for 36 tasks of StepId=171052.0 (status=0x0009).
srun: error: broadwell-015: tasks 108-143: Killed
srun: Received task exit notification for 36 tasks of StepId=171052.0 (status=0x0009).
srun: error: broadwell-019: tasks 252-287: Killed
