make: Warning: File 'Makefile' has modification time 1 s in the future
make[1]: Warning: File 'CMakeFiles/Makefile2' has modification time 0.81 s in the future
make[2]: Warning: File 'CMakeFiles/communication_lib.dir/progress.make' has modification time 0.8 s in the future
make[2]: Warning: File 'CMakeFiles/data_lib.dir/progress.make' has modification time 0.8 s in the future
make[2]: warning:  Clock skew detected.  Your build may be incomplete.
make[2]: warning:  Clock skew detected.  Your build may be incomplete.
make[2]: Warning: File 'CMakeFiles/communication_lib.dir/progress.make' has modification time 0.68 s in the future
make[2]: Warning: File 'CMakeFiles/data_lib.dir/progress.make' has modification time 0.68 s in the future
make[2]: warning:  Clock skew detected.  Your build may be incomplete.
make[2]: warning:  Clock skew detected.  Your build may be incomplete.
make[2]: Warning: File '/beegfs/home/echiavazza/unito-scpd/adaboost_mpi_v2/obj/libcommunication_lib.a' has modification time 0.57 s in the future
make[2]: warning:  Clock skew detected.  Your build may be incomplete.
make[1]: warning:  Clock skew detected.  Your build may be incomplete.
make: warning:  Clock skew detected.  Your build may be incomplete.
make: Warning: File 'Makefile' has modification time 0.061 s in the future
make[1]: Warning: File 'CMakeFiles/Makefile2' has modification time 0.84 s in the future
make[2]: Warning: File 'CMakeFiles/communication_lib.dir/progress.make' has modification time 0.83 s in the future
make[2]: Warning: File 'CMakeFiles/data_lib.dir/progress.make' has modification time 0.83 s in the future
make[2]: warning:  Clock skew detected.  Your build may be incomplete.
make[2]: warning:  Clock skew detected.  Your build may be incomplete.
make[2]: Warning: File 'CMakeFiles/data_lib.dir/compiler_depend.make' has modification time 0.69 s in the future
make[2]: Warning: File 'CMakeFiles/communication_lib.dir/compiler_depend.make' has modification time 0.69 s in the future
make[2]: warning:  Clock skew detected.  Your build may be incomplete.
make[2]: warning:  Clock skew detected.  Your build may be incomplete.
make[2]: Warning: File 'CMakeFiles/adaboost_mpi_v2.dir/compiler_depend.make' has modification time 0.37 s in the future
make[2]: warning:  Clock skew detected.  Your build may be incomplete.
make[1]: warning:  Clock skew detected.  Your build may be incomplete.
make: warning:  Clock skew detected.  Your build may be incomplete.
terminate called after throwing an instance of 'std::invalid_argument'
  what():  requested type of dimension 54, but dataset only has 54 dimensions
[broadwell-054:2572503] *** Process received signal ***
[broadwell-054:2572503] Signal: Aborted (6)
[broadwell-054:2572503] Signal code:  (-6)
[broadwell-054:2572503] [ 0] /lib/x86_64-linux-gnu/libc.so.6(+0x43090)[0x7f92d44e4090]
[broadwell-054:2572503] [ 1] /lib/x86_64-linux-gnu/libc.so.6(gsignal+0xcb)[0x7f92d44e400b]
[broadwell-054:2572503] [ 2] /lib/x86_64-linux-gnu/libc.so.6(abort+0x12b)[0x7f92d44c3859]
[broadwell-054:2572503] [ 3] /lib/x86_64-linux-gnu/libstdc++.so.6(+0x9e911)[0x7f92d489b911]
[broadwell-054:2572503] [ 4] /lib/x86_64-linux-gnu/libstdc++.so.6(+0xaa38c)[0x7f92d48a738c]
[broadwell-054:2572503] [ 5] /lib/x86_64-linux-gnu/libstdc++.so.6(+0xaa3f7)[0x7f92d48a73f7]
[broadwell-054:2572503] [ 6] /lib/x86_64-linux-gnu/libstdc++.so.6(+0xaa6a9)[0x7f92d48a76a9]
[broadwell-054:2572503] [ 7] /beegfs/home/echiavazza/unito-scpd/adaboost_mpi_v2/bin/./adaboost_mpi_v2(+0x1d0b6)[0x559eb9fc90b6]
[broadwell-054:2572503] [ 8] /beegfs/home/echiavazza/unito-scpd/adaboost_mpi_v2/bin/./adaboost_mpi_v2(+0x161db)[0x559eb9fc21db]
[broadwell-054:2572503] [ 9] /beegfs/home/echiavazza/unito-scpd/adaboost_mpi_v2/bin/./adaboost_mpi_v2(+0xfc4e)[0x559eb9fbbc4e]
[broadwell-054:2572503] [10] /beegfs/home/echiavazza/unito-scpd/adaboost_mpi_v2/bin/./adaboost_mpi_v2(+0x9539)[0x559eb9fb5539]
[broadwell-054:2572503] [11] /lib/x86_64-linux-gnu/libc.so.6(__libc_start_main+0xf3)[0x7f92d44c5083]
[broadwell-054:2572503] [12] /beegfs/home/echiavazza/unito-scpd/adaboost_mpi_v2/bin/./adaboost_mpi_v2(+0x87be)[0x559eb9fb47be]
[broadwell-054:2572503] *** End of error message ***
terminate called after throwing an instance of 'std::invalid_argument'
  what():  requested type of dimension 54, but dataset only has 54 dimensions
[broadwell-054:2572504] *** Process received signal ***
[broadwell-054:2572504] Signal: Aborted (6)
[broadwell-054:2572504] Signal code:  (-6)
[broadwell-054:2572504] [ 0] /lib/x86_64-linux-gnu/libc.so.6(+0x43090)[0x7f8bbfc10090]
[broadwell-054:2572504] [ 1] /lib/x86_64-linux-gnu/libc.so.6(gsignal+0xcb)[0x7f8bbfc1000b]
[broadwell-054:2572504] [ 2] /lib/x86_64-linux-gnu/libc.so.6(abort+0x12b)[0x7f8bbfbef859]
[broadwell-054:2572504] [ 3] /lib/x86_64-linux-gnu/libstdc++.so.6(+0x9e911)[0x7f8bbffc7911]
[broadwell-054:2572504] [ 4] /lib/x86_64-linux-gnu/libstdc++.so.6(+0xaa38c)[0x7f8bbffd338c]
[broadwell-054:2572504] [ 5] /lib/x86_64-linux-gnu/libstdc++.so.6(+0xaa3f7)[0x7f8bbffd33f7]
[broadwell-054:2572504] [ 6] /lib/x86_64-linux-gnu/libstdc++.so.6(+0xaa6a9)[0x7f8bbffd36a9]
[broadwell-054:2572504] [ 7] /beegfs/home/echiavazza/unito-scpd/adaboost_mpi_v2/bin/./adaboost_mpi_v2(+0x1d0b6)[0x5634dc1250b6]
[broadwell-054:2572504] [ 8] /beegfs/home/echiavazza/unito-scpd/adaboost_mpi_v2/bin/./adaboost_mpi_v2(+0x161db)[0x5634dc11e1db]
[broadwell-054:2572504] [ 9] /beegfs/home/echiavazza/unito-scpd/adaboost_mpi_v2/bin/./adaboost_mpi_v2(+0xfc4e)[0x5634dc117c4e]
[broadwell-054:2572504] [10] /beegfs/home/echiavazza/unito-scpd/adaboost_mpi_v2/bin/./adaboost_mpi_v2(+0x9539)[0x5634dc111539]
[broadwell-054:2572504] [11] /lib/x86_64-linux-gnu/libc.so.6(__libc_start_main+0xf3)[0x7f8bbfbf1083]
[broadwell-054:2572504] [12] /beegfs/home/echiavazza/unito-scpd/adaboost_mpi_v2/bin/./adaboost_mpi_v2(+0x87be)[0x5634dc1107be]
[broadwell-054:2572504] *** End of error message ***
terminate called after throwing an instance of 'std::invalid_argument'
  what():  requested type of dimension 54, but dataset only has 54 dimensions
[broadwell-054:2572507] *** Process received signal ***
[broadwell-054:2572507] Signal: Aborted (6)
[broadwell-054:2572507] Signal code:  (-6)
[broadwell-054:2572507] [ 0] /lib/x86_64-linux-gnu/libc.so.6(+0x43090)[0x7f2436533090]
[broadwell-054:2572507] [ 1] /lib/x86_64-linux-gnu/libc.so.6(gsignal+0xcb)[0x7f243653300b]
[broadwell-054:2572507] [ 2] /lib/x86_64-linux-gnu/libc.so.6(abort+0x12b)[0x7f2436512859]
[broadwell-054:2572507] [ 3] /lib/x86_64-linux-gnu/libstdc++.so.6(+0x9e911)[0x7f24368ea911]
[broadwell-054:2572507] [ 4] /lib/x86_64-linux-gnu/libstdc++.so.6(+0xaa38c)[0x7f24368f638c]
[broadwell-054:2572507] [ 5] /lib/x86_64-linux-gnu/libstdc++.so.6(+0xaa3f7)[0x7f24368f63f7]
[broadwell-054:2572507] [ 6] /lib/x86_64-linux-gnu/libstdc++.so.6(+0xaa6a9)[0x7f24368f66a9]
[broadwell-054:2572507] [ 7] /beegfs/home/echiavazza/unito-scpd/adaboost_mpi_v2/bin/./adaboost_mpi_v2(+0x1d0b6)[0x55d495d9b0b6]
[broadwell-054:2572507] [ 8] /beegfs/home/echiavazza/unito-scpd/adaboost_mpi_v2/bin/./adaboost_mpi_v2(+0x161db)[0x55d495d941db]
[broadwell-054:2572507] [ 9] /beegfs/home/echiavazza/unito-scpd/adaboost_mpi_v2/bin/./adaboost_mpi_v2(+0xfc4e)[0x55d495d8dc4e]
[broadwell-054:2572507] [10] /beegfs/home/echiavazza/unito-scpd/adaboost_mpi_v2/bin/./adaboost_mpi_v2(+0x9539)[0x55d495d87539]
[broadwell-054:2572507] [11] /lib/x86_64-linux-gnu/libc.so.6(__libc_start_main+0xf3)[0x7f2436514083]
[broadwell-054:2572507] [12] /beegfs/home/echiavazza/unito-scpd/adaboost_mpi_v2/bin/./adaboost_mpi_v2(+0x87be)[0x55d495d867be]
[broadwell-054:2572507] *** End of error message ***
terminate called after throwing an instance of 'std::invalid_argument'
  what():  requested type of dimension 54, but dataset only has 54 dimensions
[broadwell-054:2572512] *** Process received signal ***
[broadwell-054:2572512] Signal: Aborted (6)
[broadwell-054:2572512] Signal code:  (-6)
[broadwell-054:2572512] [ 0] /lib/x86_64-linux-gnu/libc.so.6(+0x43090)[0x7f9197496090]
[broadwell-054:2572512] [ 1] /lib/x86_64-linux-gnu/libc.so.6(gsignal+0xcb)[0x7f919749600b]
[broadwell-054:2572512] [ 2] /lib/x86_64-linux-gnu/libc.so.6(abort+0x12b)[0x7f9197475859]
[broadwell-054:2572512] [ 3] /lib/x86_64-linux-gnu/libstdc++.so.6(+0x9e911)[0x7f919784d911]
[broadwell-054:2572512] [ 4] /lib/x86_64-linux-gnu/libstdc++.so.6(+0xaa38c)[0x7f919785938c]
[broadwell-054:2572512] [ 5] /lib/x86_64-linux-gnu/libstdc++.so.6(+0xaa3f7)[0x7f91978593f7]
[broadwell-054:2572512] [ 6] /lib/x86_64-linux-gnu/libstdc++.so.6(+0xaa6a9)[0x7f91978596a9]
[broadwell-054:2572512] [ 7] /beegfs/home/echiavazza/unito-scpd/adaboost_mpi_v2/bin/./adaboost_mpi_v2(+0x1d0b6)[0x55ad975b50b6]
[broadwell-054:2572512] [ 8] /beegfs/home/echiavazza/unito-scpd/adaboost_mpi_v2/bin/./adaboost_mpi_v2(+0x161db)[0x55ad975ae1db]
[broadwell-054:2572512] [ 9] /beegfs/home/echiavazza/unito-scpd/adaboost_mpi_v2/bin/./adaboost_mpi_v2(+0xfc4e)[0x55ad975a7c4e]
[broadwell-054:2572512] [10] /beegfs/home/echiavazza/unito-scpd/adaboost_mpi_v2/bin/./adaboost_mpi_v2(+0x9539)[0x55ad975a1539]
[broadwell-054:2572512] [11] /lib/x86_64-linux-gnu/libc.so.6(__libc_start_main+0xf3)[0x7f9197477083]
[broadwell-054:2572512] [12] /beegfs/home/echiavazza/unito-scpd/adaboost_mpi_v2/bin/./adaboost_mpi_v2(+0x87be)[0x55ad975a07be]
[broadwell-054:2572512] *** End of error message ***
terminate called after throwing an instance of 'std::invalid_argument'
  what():  requested type of dimension 54, but dataset only has 54 dimensions
[broadwell-054:2572509] *** Process received signal ***
[broadwell-054:2572509] Signal: Aborted (6)
[broadwell-054:2572509] Signal code:  (-6)
[broadwell-054:2572509] [ 0] /lib/x86_64-linux-gnu/libc.so.6(+0x43090)[0x7f82b4c9b090]
[broadwell-054:2572509] [ 1] /lib/x86_64-linux-gnu/libc.so.6(gsignal+0xcb)[0x7f82b4c9b00b]
[broadwell-054:2572509] [ 2] /lib/x86_64-linux-gnu/libc.so.6(abort+0x12b)[0x7f82b4c7a859]
[broadwell-054:2572509] [ 3] /lib/x86_64-linux-gnu/libstdc++.so.6(+0x9e911)[0x7f82b5052911]
[broadwell-054:2572509] [ 4] /lib/x86_64-linux-gnu/libstdc++.so.6(+0xaa38c)[0x7f82b505e38c]
terminate called after throwing an instance of 'std::invalid_argument'
  what():  requested type of dimension 54, but dataset only has 54 dimensions
[broadwell-054:2572509] [ 5] /lib/x86_64-linux-gnu/libstdc++.so.6(+0xaa3f7)[0x7f82b505e3f7]
[broadwell-054:2572510] *** Process received signal ***
[broadwell-054:2572510] Signal: Aborted (6)
[broadwell-054:2572510] Signal code:  (-6)
[broadwell-054:2572509] [ 6] /lib/x86_64-linux-gnu/libstdc++.so.6(+0xaa6a9)[0x7f82b505e6a9]
[broadwell-054:2572509] [ 7] /beegfs/home/echiavazza/unito-scpd/adaboost_mpi_v2/bin/./adaboost_mpi_v2(+0x1d0b6)[0x5555b518d0b6]
[broadwell-054:2572509] [ 8] /beegfs/home/echiavazza/unito-scpd/adaboost_mpi_v2/bin/./adaboost_mpi_v2(+0x161db)[0x5555b51861db]
[broadwell-054:2572509] [ 9] /beegfs/home/echiavazza/unito-scpd/adaboost_mpi_v2/bin/./adaboost_mpi_v2(+0xfc4e)[0x5555b517fc4e]
[broadwell-054:2572509] [10] /beegfs/home/echiavazza/unito-scpd/adaboost_mpi_v2/bin/./adaboost_mpi_v2(+0x9539)[0x5555b5179539]
[broadwell-054:2572509] [11] /lib/x86_64-linux-gnu/libc.so.6(__libc_start_main+0xf3)[0x7f82b4c7c083]
[broadwell-054:2572509] [12] /beegfs/home/echiavazza/unito-scpd/adaboost_mpi_v2/bin/./adaboost_mpi_v2(+0x87be)[0x5555b51787be]
[broadwell-054:2572509] *** End of error message ***
[broadwell-054:2572510] [ 0] /lib/x86_64-linux-gnu/libc.so.6(+0x43090)[0x7f3f5b5c7090]
[broadwell-054:2572510] [ 1] /lib/x86_64-linux-gnu/libc.so.6(gsignal+0xcb)[0x7f3f5b5c700b]
[broadwell-054:2572510] [ 2] /lib/x86_64-linux-gnu/libc.so.6(abort+0x12b)[0x7f3f5b5a6859]
[broadwell-054:2572510] [ 3] /lib/x86_64-linux-gnu/libstdc++.so.6(+0x9e911)[0x7f3f5b97e911]
[broadwell-054:2572510] [ 4] /lib/x86_64-linux-gnu/libstdc++.so.6(+0xaa38c)[0x7f3f5b98a38c]
[broadwell-054:2572510] [ 5] /lib/x86_64-linux-gnu/libstdc++.so.6(+0xaa3f7)[0x7f3f5b98a3f7]
[broadwell-054:2572510] [ 6] /lib/x86_64-linux-gnu/libstdc++.so.6(+0xaa6a9)[0x7f3f5b98a6a9]
[broadwell-054:2572510] [ 7] /beegfs/home/echiavazza/unito-scpd/adaboost_mpi_v2/bin/./adaboost_mpi_v2(+0x1d0b6)[0x561f332020b6]
[broadwell-054:2572510] [ 8] /beegfs/home/echiavazza/unito-scpd/adaboost_mpi_v2/bin/./adaboost_mpi_v2(+0x161db)[0x561f331fb1db]
[broadwell-054:2572510] [ 9] /beegfs/home/echiavazza/unito-scpd/adaboost_mpi_v2/bin/./adaboost_mpi_v2(+0xfc4e)[0x561f331f4c4e]
[broadwell-054:2572510] [10] /beegfs/home/echiavazza/unito-scpd/adaboost_mpi_v2/bin/./adaboost_mpi_v2(+0x9539)[0x561f331ee539]
[broadwell-054:2572510] [11] /lib/x86_64-linux-gnu/libc.so.6(__libc_start_main+0xf3)[0x7f3f5b5a8083]
[broadwell-054:2572510] [12] /beegfs/home/echiavazza/unito-scpd/adaboost_mpi_v2/bin/./adaboost_mpi_v2(+0x87be)[0x561f331ed7be]
[broadwell-054:2572510] *** End of error message ***
terminate called after throwing an instance of 'std::invalid_argument'
  what():  requested type of dimension 54, but dataset only has 54 dimensions
[broadwell-054:2572505] *** Process received signal ***
[broadwell-054:2572505] Signal: Aborted (6)
[broadwell-054:2572505] Signal code:  (-6)
[broadwell-054:2572505] [ 0] /lib/x86_64-linux-gnu/libc.so.6(+0x43090)[0x7f68cc919090]
[broadwell-054:2572505] [ 1] /lib/x86_64-linux-gnu/libc.so.6(gsignal+0xcb)[0x7f68cc91900b]
[broadwell-054:2572505] [ 2] /lib/x86_64-linux-gnu/libc.so.6(abort+0x12b)[0x7f68cc8f8859]
[broadwell-054:2572505] [ 3] /lib/x86_64-linux-gnu/libstdc++.so.6(+0x9e911)[0x7f68cccd0911]
[broadwell-054:2572505] [ 4] /lib/x86_64-linux-gnu/libstdc++.so.6(+0xaa38c)[0x7f68cccdc38c]
[broadwell-054:2572505] [ 5] /lib/x86_64-linux-gnu/libstdc++.so.6(+0xaa3f7)[0x7f68cccdc3f7]
terminate called after throwing an instance of 'std::invalid_argument'
  what():  requested type of dimension 54, but dataset only has 54 dimensions
[broadwell-054:2572506] *** Process received signal ***
[broadwell-054:2572506] Signal: Aborted (6)
[broadwell-054:2572506] Signal code:  (-6)
[broadwell-054:2572505] [ 6] /lib/x86_64-linux-gnu/libstdc++.so.6(+0xaa6a9)[0x7f68cccdc6a9]
[broadwell-054:2572505] [ 7] /beegfs/home/echiavazza/unito-scpd/adaboost_mpi_v2/bin/./adaboost_mpi_v2(+0x1d0b6)[0x55bc711c00b6]
[broadwell-054:2572505] [ 8] /beegfs/home/echiavazza/unito-scpd/adaboost_mpi_v2/bin/./adaboost_mpi_v2(+0x161db)[0x55bc711b91db]
[broadwell-054:2572505] [ 9] /beegfs/home/echiavazza/unito-scpd/adaboost_mpi_v2/bin/./adaboost_mpi_v2(+0xfc4e)[0x55bc711b2c4e]
[broadwell-054:2572505] [10] /beegfs/home/echiavazza/unito-scpd/adaboost_mpi_v2/bin/./adaboost_mpi_v2(+0x9539)[0x55bc711ac539]
[broadwell-054:2572505] [11] /lib/x86_64-linux-gnu/libc.so.6(__libc_start_main+0xf3)[0x7f68cc8fa083]
[broadwell-054:2572505] [12] /beegfs/home/echiavazza/unito-scpd/adaboost_mpi_v2/bin/./adaboost_mpi_v2(+0x87be)[0x55bc711ab7be]
[broadwell-054:2572505] *** End of error message ***
[broadwell-054:2572506] [ 0] /lib/x86_64-linux-gnu/libc.so.6(+0x43090)[0x7f42e5a19090]
[broadwell-054:2572506] [ 1] /lib/x86_64-linux-gnu/libc.so.6(gsignal+0xcb)[0x7f42e5a1900b]
[broadwell-054:2572506] [ 2] /lib/x86_64-linux-gnu/libc.so.6(abort+0x12b)[0x7f42e59f8859]
[broadwell-054:2572506] [ 3] /lib/x86_64-linux-gnu/libstdc++.so.6(+0x9e911)[0x7f42e5dd0911]
[broadwell-054:2572506] [ 4] /lib/x86_64-linux-gnu/libstdc++.so.6(+0xaa38c)[0x7f42e5ddc38c]
[broadwell-054:2572506] [ 5] /lib/x86_64-linux-gnu/libstdc++.so.6(+0xaa3f7)[0x7f42e5ddc3f7]
[broadwell-054:2572506] [ 6] /lib/x86_64-linux-gnu/libstdc++.so.6(+0xaa6a9)[0x7f42e5ddc6a9]
[broadwell-054:2572506] [ 7] /beegfs/home/echiavazza/unito-scpd/adaboost_mpi_v2/bin/./adaboost_mpi_v2(+0x1d0b6)[0x564f4c9ed0b6]
[broadwell-054:2572506] [ 8] /beegfs/home/echiavazza/unito-scpd/adaboost_mpi_v2/bin/./adaboost_mpi_v2(+0x161db)[0x564f4c9e61db]
[broadwell-054:2572506] [ 9] /beegfs/home/echiavazza/unito-scpd/adaboost_mpi_v2/bin/./adaboost_mpi_v2(+0xfc4e)[0x564f4c9dfc4e]
[broadwell-054:2572506] [10] /beegfs/home/echiavazza/unito-scpd/adaboost_mpi_v2/bin/./adaboost_mpi_v2(+0x9539)[0x564f4c9d9539]
[broadwell-054:2572506] [11] /lib/x86_64-linux-gnu/libc.so.6(__libc_start_main+0xf3)[0x7f42e59fa083]
[broadwell-054:2572506] [12] /beegfs/home/echiavazza/unito-scpd/adaboost_mpi_v2/bin/./adaboost_mpi_v2(+0x87be)[0x564f4c9d87be]
[broadwell-054:2572506] *** End of error message ***
terminate called after throwing an instance of 'std::invalid_argument'
  what():  requested type of dimension 54, but dataset only has 54 dimensions
terminate called after throwing an instance of 'std::invalid_argument'
  what():  requested type of dimension 54, but dataset only has 54 dimensions
[broadwell-054:2572517] *** Process received signal ***
[broadwell-054:2572517] Signal: Aborted (6)
[broadwell-054:2572517] Signal code:  (-6)
[broadwell-054:2572508] *** Process received signal ***
[broadwell-054:2572508] Signal: Aborted (6)
[broadwell-054:2572508] Signal code:  (-6)
[broadwell-054:2572517] [ 0] /lib/x86_64-linux-gnu/libc.so.6(+0x43090)[0x7faad4674090]
[broadwell-054:2572517] [ 1] /lib/x86_64-linux-gnu/libc.so.6(gsignal+0xcb)[0x7faad467400b]
[broadwell-054:2572517] [ 2] /lib/x86_64-linux-gnu/libc.so.6(abort+0x12b)[0x7faad4653859]
[broadwell-054:2572508] [ 0] /lib/x86_64-linux-gnu/libc.so.6(+0x43090)[0x7f2ec9258090]
[broadwell-054:2572508] [ 1] /lib/x86_64-linux-gnu/libc.so.6(gsignal+0xcb)[0x7f2ec925800b]
[broadwell-054:2572517] [ 3] /lib/x86_64-linux-gnu/libstdc++.so.6(+0x9e911)[0x7faad4a2b911]
[broadwell-054:2572508] [ 2] /lib/x86_64-linux-gnu/libc.so.6(abort+0x12b)[0x7f2ec9237859]
[broadwell-054:2572517] [ 4] /lib/x86_64-linux-gnu/libstdc++.so.6(+0xaa38c)[0x7faad4a3738c]
[broadwell-054:2572508] [ 3] /lib/x86_64-linux-gnu/libstdc++.so.6(+0x9e911)[0x7f2ec960f911]
[broadwell-054:2572517] [ 5] /lib/x86_64-linux-gnu/libstdc++.so.6(+0xaa3f7)[0x7faad4a373f7]
[broadwell-054:2572508] [ 4] /lib/x86_64-linux-gnu/libstdc++.so.6(+0xaa38c)[0x7f2ec961b38c]
[broadwell-054:2572517] [ 6] /lib/x86_64-linux-gnu/libstdc++.so.6(+0xaa6a9)[0x7faad4a376a9]
[broadwell-054:2572517] [ 7] /beegfs/home/echiavazza/unito-scpd/adaboost_mpi_v2/bin/./adaboost_mpi_v2(+0x1d0b6)[0x563afd16f0b6]
[broadwell-054:2572517] [ 8] /beegfs/home/echiavazza/unito-scpd/adaboost_mpi_v2/bin/./adaboost_mpi_v2(+0x161db)[0x563afd1681db]
[broadwell-054:2572517] [ 9] /beegfs/home/echiavazza/unito-scpd/adaboost_mpi_v2/bin/./adaboost_mpi_v2(+0xfc4e)[0x563afd161c4e]
[broadwell-054:2572517] [10] /beegfs/home/echiavazza/unito-scpd/adaboost_mpi_v2/bin/./adaboost_mpi_v2(+0x9539)[0x563afd15b539]
[broadwell-054:2572508] [ 5] /lib/x86_64-linux-gnu/libstdc++.so.6(+0xaa3f7)[0x7f2ec961b3f7]
[broadwell-054:2572517] [11] /lib/x86_64-linux-gnu/libc.so.6(__libc_start_main+0xf3)[0x7faad4655083]
[broadwell-054:2572517] [12] /beegfs/home/echiavazza/unito-scpd/adaboost_mpi_v2/bin/./adaboost_mpi_v2(+0x87be)[0x563afd15a7be]
[broadwell-054:2572517] *** End of error message ***
terminate called after throwing an instance of 'std::invalid_argument'
  what():  requested type of dimension 54, but dataset only has 54 dimensions
[broadwell-054:2572508] [ 6] /lib/x86_64-linux-gnu/libstdc++.so.6(+0xaa6a9)[0x7f2ec961b6a9]
[broadwell-054:2572508] [ 7] /beegfs/home/echiavazza/unito-scpd/adaboost_mpi_v2/bin/./adaboost_mpi_v2(+0x1d0b6)[0x564a5c6120b6]
[broadwell-054:2572508] [ 8] /beegfs/home/echiavazza/unito-scpd/adaboost_mpi_v2/bin/./adaboost_mpi_v2(+0x161db)[0x564a5c60b1db]
[broadwell-054:2572508] [ 9] /beegfs/home/echiavazza/unito-scpd/adaboost_mpi_v2/bin/./adaboost_mpi_v2(+0xfc4e)[0x564a5c604c4e]
[broadwell-054:2572508] [10] /beegfs/home/echiavazza/unito-scpd/adaboost_mpi_v2/bin/./adaboost_mpi_v2(+0x9539)[0x564a5c5fe539]
[broadwell-054:2572508] [11] /lib/x86_64-linux-gnu/libc.so.6(__libc_start_main+0xf3)[0x7f2ec9239083]
[broadwell-054:2572508] [12] /beegfs/home/echiavazza/unito-scpd/adaboost_mpi_v2/bin/./adaboost_mpi_v2(+0x87be)[0x564a5c5fd7be]
[broadwell-054:2572508] *** End of error message ***
[broadwell-054:2572515] *** Process received signal ***
[broadwell-054:2572515] Signal: Aborted (6)
[broadwell-054:2572515] Signal code:  (-6)
[broadwell-054:2572515] [ 0] /lib/x86_64-linux-gnu/libc.so.6(+0x43090)[0x7ff44cb70090]
[broadwell-054:2572515] [ 1] /lib/x86_64-linux-gnu/libc.so.6(gsignal+0xcb)[0x7ff44cb7000b]
[broadwell-054:2572515] [ 2] /lib/x86_64-linux-gnu/libc.so.6(abort+0x12b)[0x7ff44cb4f859]
[broadwell-054:2572515] [ 3] /lib/x86_64-linux-gnu/libstdc++.so.6(+0x9e911)[0x7ff44cf27911]
[broadwell-054:2572515] [ 4] /lib/x86_64-linux-gnu/libstdc++.so.6(+0xaa38c)[0x7ff44cf3338c]
[broadwell-054:2572515] [ 5] /lib/x86_64-linux-gnu/libstdc++.so.6(+0xaa3f7)[0x7ff44cf333f7]
[broadwell-054:2572515] [ 6] /lib/x86_64-linux-gnu/libstdc++.so.6(+0xaa6a9)[0x7ff44cf336a9]
[broadwell-054:2572515] [ 7] /beegfs/home/echiavazza/unito-scpd/adaboost_mpi_v2/bin/./adaboost_mpi_v2(+0x1d0b6)[0x557c1eb050b6]
[broadwell-054:2572515] [ 8] /beegfs/home/echiavazza/unito-scpd/adaboost_mpi_v2/bin/./adaboost_mpi_v2(+0x161db)[0x557c1eafe1db]
[broadwell-054:2572515] [ 9] /beegfs/home/echiavazza/unito-scpd/adaboost_mpi_v2/bin/./adaboost_mpi_v2(+0xfc4e)[0x557c1eaf7c4e]
[broadwell-054:2572515] [10] /beegfs/home/echiavazza/unito-scpd/adaboost_mpi_v2/bin/./adaboost_mpi_v2(+0x9539)[0x557c1eaf1539]
[broadwell-054:2572515] [11] /lib/x86_64-linux-gnu/libc.so.6(__libc_start_main+0xf3)[0x7ff44cb51083]
[broadwell-054:2572515] [12] /beegfs/home/echiavazza/unito-scpd/adaboost_mpi_v2/bin/./adaboost_mpi_v2(+0x87be)[0x557c1eaf07be]
[broadwell-054:2572515] *** End of error message ***
terminate called after throwing an instance of 'std::invalid_argument'
  what():  requested type of dimension 54, but dataset only has 54 dimensions
[broadwell-054:2572516] *** Process received signal ***
[broadwell-054:2572516] Signal: Aborted (6)
[broadwell-054:2572516] Signal code:  (-6)
[broadwell-054:2572516] [ 0] /lib/x86_64-linux-gnu/libc.so.6(+0x43090)[0x7fd12223a090]
[broadwell-054:2572516] [ 1] /lib/x86_64-linux-gnu/libc.so.6(gsignal+0xcb)[0x7fd12223a00b]
[broadwell-054:2572516] [ 2] /lib/x86_64-linux-gnu/libc.so.6(abort+0x12b)[0x7fd122219859]
[broadwell-054:2572516] [ 3] /lib/x86_64-linux-gnu/libstdc++.so.6(+0x9e911)[0x7fd1225f1911]
[broadwell-054:2572516] [ 4] /lib/x86_64-linux-gnu/libstdc++.so.6(+0xaa38c)[0x7fd1225fd38c]
[broadwell-054:2572516] [ 5] /lib/x86_64-linux-gnu/libstdc++.so.6(+0xaa3f7)[0x7fd1225fd3f7]
[broadwell-054:2572516] [ 6] /lib/x86_64-linux-gnu/libstdc++.so.6(+0xaa6a9)[0x7fd1225fd6a9]
[broadwell-054:2572516] [ 7] /beegfs/home/echiavazza/unito-scpd/adaboost_mpi_v2/bin/./adaboost_mpi_v2(+0x1d0b6)[0x55913fd080b6]
[broadwell-054:2572516] [ 8] /beegfs/home/echiavazza/unito-scpd/adaboost_mpi_v2/bin/./adaboost_mpi_v2(+0x161db)[0x55913fd011db]
[broadwell-054:2572516] [ 9] /beegfs/home/echiavazza/unito-scpd/adaboost_mpi_v2/bin/./adaboost_mpi_v2(+0xfc4e)[0x55913fcfac4e]
[broadwell-054:2572516] [10] /beegfs/home/echiavazza/unito-scpd/adaboost_mpi_v2/bin/./adaboost_mpi_v2(+0x9539)[0x55913fcf4539]
[broadwell-054:2572516] [11] /lib/x86_64-linux-gnu/libc.so.6(__libc_start_main+0xf3)[0x7fd12221b083]
[broadwell-054:2572516] [12] /beegfs/home/echiavazza/unito-scpd/adaboost_mpi_v2/bin/./adaboost_mpi_v2(+0x87be)[0x55913fcf37be]
[broadwell-054:2572516] *** End of error message ***
terminate called after throwing an instance of 'std::invalid_argument'
  what():  requested type of dimension 54, but dataset only has 54 dimensions
[broadwell-054:2572520] *** Process received signal ***
[broadwell-054:2572520] Signal: Aborted (6)
[broadwell-054:2572520] Signal code:  (-6)
[broadwell-054:2572520] [ 0] /lib/x86_64-linux-gnu/libc.so.6(+0x43090)[0x7f7fdd666090]
[broadwell-054:2572520] [ 1] /lib/x86_64-linux-gnu/libc.so.6(gsignal+0xcb)[0x7f7fdd66600b]
[broadwell-054:2572520] [ 2] /lib/x86_64-linux-gnu/libc.so.6(abort+0x12b)[0x7f7fdd645859]
[broadwell-054:2572520] [ 3] /lib/x86_64-linux-gnu/libstdc++.so.6(+0x9e911)[0x7f7fdda1d911]
[broadwell-054:2572520] [ 4] /lib/x86_64-linux-gnu/libstdc++.so.6(+0xaa38c)[0x7f7fdda2938c]
[broadwell-054:2572520] [ 5] /lib/x86_64-linux-gnu/libstdc++.so.6(+0xaa3f7)[0x7f7fdda293f7]
[broadwell-054:2572520] [ 6] /lib/x86_64-linux-gnu/libstdc++.so.6(+0xaa6a9)[0x7f7fdda296a9]
[broadwell-054:2572520] [ 7] /beegfs/home/echiavazza/unito-scpd/adaboost_mpi_v2/bin/./adaboost_mpi_v2(+0x1d0b6)[0x5654b46dc0b6]
[broadwell-054:2572520] [ 8] /beegfs/home/echiavazza/unito-scpd/adaboost_mpi_v2/bin/./adaboost_mpi_v2(+0x161db)[0x5654b46d51db]
[broadwell-054:2572520] [ 9] /beegfs/home/echiavazza/unito-scpd/adaboost_mpi_v2/bin/./adaboost_mpi_v2(+0xfc4e)[0x5654b46cec4e]
[broadwell-054:2572520] [10] /beegfs/home/echiavazza/unito-scpd/adaboost_mpi_v2/bin/./adaboost_mpi_v2(+0x9539)[0x5654b46c8539]
[broadwell-054:2572520] [11] /lib/x86_64-linux-gnu/libc.so.6(__libc_start_main+0xf3)[0x7f7fdd647083]
[broadwell-054:2572520] [12] /beegfs/home/echiavazza/unito-scpd/adaboost_mpi_v2/bin/./adaboost_mpi_v2(+0x87be)[0x5654b46c77be]
[broadwell-054:2572520] *** End of error message ***
terminate called after throwing an instance of 'std::invalid_argument'
  what():  requested type of dimension 54, but dataset only has 54 dimensions
[broadwell-054:2572518] *** Process received signal ***
[broadwell-054:2572518] Signal: Aborted (6)
[broadwell-054:2572518] Signal code:  (-6)
[broadwell-054:2572518] [ 0] /lib/x86_64-linux-gnu/libc.so.6(+0x43090)[0x7fce440e2090]
[broadwell-054:2572518] [ 1] /lib/x86_64-linux-gnu/libc.so.6(gsignal+0xcb)[0x7fce440e200b]
[broadwell-054:2572518] [ 2] /lib/x86_64-linux-gnu/libc.so.6(abort+0x12b)[0x7fce440c1859]
[broadwell-054:2572518] [ 3] /lib/x86_64-linux-gnu/libstdc++.so.6(+0x9e911)[0x7fce44499911]
[broadwell-054:2572518] [ 4] /lib/x86_64-linux-gnu/libstdc++.so.6(+0xaa38c)[0x7fce444a538c]
[broadwell-054:2572518] [ 5] /lib/x86_64-linux-gnu/libstdc++.so.6(+0xaa3f7)[0x7fce444a53f7]
[broadwell-054:2572518] [ 6] /lib/x86_64-linux-gnu/libstdc++.so.6(+0xaa6a9)[0x7fce444a56a9]
[broadwell-054:2572518] [ 7] /beegfs/home/echiavazza/unito-scpd/adaboost_mpi_v2/bin/./adaboost_mpi_v2(+0x1d0b6)[0x55e1314900b6]
[broadwell-054:2572518] [ 8] /beegfs/home/echiavazza/unito-scpd/adaboost_mpi_v2/bin/./adaboost_mpi_v2(+0x161db)[0x55e1314891db]
[broadwell-054:2572518] [ 9] /beegfs/home/echiavazza/unito-scpd/adaboost_mpi_v2/bin/./adaboost_mpi_v2(+0xfc4e)[0x55e131482c4e]
[broadwell-054:2572518] [10] /beegfs/home/echiavazza/unito-scpd/adaboost_mpi_v2/bin/./adaboost_mpi_v2(+0x9539)[0x55e13147c539]
[broadwell-054:2572518] [11] /lib/x86_64-linux-gnu/libc.so.6(__libc_start_main+0xf3)[0x7fce440c3083]
[broadwell-054:2572518] [12] /beegfs/home/echiavazza/unito-scpd/adaboost_mpi_v2/bin/./adaboost_mpi_v2(+0x87be)[0x55e13147b7be]
[broadwell-054:2572518] *** End of error message ***
terminate called after throwing an instance of 'std::invalid_argument'
  what():  requested type of dimension 54, but dataset only has 54 dimensions
[broadwell-054:2572519] *** Process received signal ***
[broadwell-054:2572519] Signal: Aborted (6)
[broadwell-054:2572519] Signal code:  (-6)
[broadwell-054:2572519] [ 0] /lib/x86_64-linux-gnu/libc.so.6(+0x43090)[0x7f9858b66090]
[broadwell-054:2572519] [ 1] /lib/x86_64-linux-gnu/libc.so.6(gsignal+0xcb)[0x7f9858b6600b]
[broadwell-054:2572519] [ 2] /lib/x86_64-linux-gnu/libc.so.6(abort+0x12b)[0x7f9858b45859]
[broadwell-054:2572519] [ 3] /lib/x86_64-linux-gnu/libstdc++.so.6(+0x9e911)[0x7f9858f1d911]
[broadwell-054:2572519] [ 4] /lib/x86_64-linux-gnu/libstdc++.so.6(+0xaa38c)[0x7f9858f2938c]
[broadwell-054:2572519] [ 5] /lib/x86_64-linux-gnu/libstdc++.so.6(+0xaa3f7)[0x7f9858f293f7]
[broadwell-054:2572519] [ 6] /lib/x86_64-linux-gnu/libstdc++.so.6(+0xaa6a9)[0x7f9858f296a9]
[broadwell-054:2572519] [ 7] /beegfs/home/echiavazza/unito-scpd/adaboost_mpi_v2/bin/./adaboost_mpi_v2(+0x1d0b6)[0x55c011cce0b6]
[broadwell-054:2572519] [ 8] /beegfs/home/echiavazza/unito-scpd/adaboost_mpi_v2/bin/./adaboost_mpi_v2(+0x161db)[0x55c011cc71db]
[broadwell-054:2572519] [ 9] /beegfs/home/echiavazza/unito-scpd/adaboost_mpi_v2/bin/./adaboost_mpi_v2(+0xfc4e)[0x55c011cc0c4e]
[broadwell-054:2572519] [10] /beegfs/home/echiavazza/unito-scpd/adaboost_mpi_v2/bin/./adaboost_mpi_v2(+0x9539)[0x55c011cba539]
[broadwell-054:2572519] [11] /lib/x86_64-linux-gnu/libc.so.6(__libc_start_main+0xf3)[0x7f9858b47083]
[broadwell-054:2572519] [12] /beegfs/home/echiavazza/unito-scpd/adaboost_mpi_v2/bin/./adaboost_mpi_v2(+0x87be)[0x55c011cb97be]
[broadwell-054:2572519] *** End of error message ***
terminate called after throwing an instance of 'std::invalid_argument'
  what():  requested type of dimension 54, but dataset only has 54 dimensions
[broadwell-054:2572514] *** Process received signal ***
[broadwell-054:2572514] Signal: Aborted (6)
[broadwell-054:2572514] Signal code:  (-6)
[broadwell-054:2572514] [ 0] /lib/x86_64-linux-gnu/libc.so.6(+0x43090)[0x7fa3e0d38090]
[broadwell-054:2572514] [ 1] /lib/x86_64-linux-gnu/libc.so.6(gsignal+0xcb)[0x7fa3e0d3800b]
[broadwell-054:2572514] [ 2] /lib/x86_64-linux-gnu/libc.so.6(abort+0x12b)[0x7fa3e0d17859]
[broadwell-054:2572514] [ 3] /lib/x86_64-linux-gnu/libstdc++.so.6(+0x9e911)[0x7fa3e10ef911]
[broadwell-054:2572514] [ 4] /lib/x86_64-linux-gnu/libstdc++.so.6(+0xaa38c)[0x7fa3e10fb38c]
[broadwell-054:2572514] [ 5] /lib/x86_64-linux-gnu/libstdc++.so.6(+0xaa3f7)[0x7fa3e10fb3f7]
[broadwell-054:2572514] [ 6] /lib/x86_64-linux-gnu/libstdc++.so.6(+0xaa6a9)[0x7fa3e10fb6a9]
[broadwell-054:2572514] [ 7] /beegfs/home/echiavazza/unito-scpd/adaboost_mpi_v2/bin/./adaboost_mpi_v2(+0x1d0b6)[0x561c4d1810b6]
[broadwell-054:2572514] [ 8] /beegfs/home/echiavazza/unito-scpd/adaboost_mpi_v2/bin/./adaboost_mpi_v2(+0x161db)[0x561c4d17a1db]
[broadwell-054:2572514] [ 9] /beegfs/home/echiavazza/unito-scpd/adaboost_mpi_v2/bin/./adaboost_mpi_v2(+0xfc4e)[0x561c4d173c4e]
[broadwell-054:2572514] [10] /beegfs/home/echiavazza/unito-scpd/adaboost_mpi_v2/bin/./adaboost_mpi_v2(+0x9539)[0x561c4d16d539]
[broadwell-054:2572514] [11] /lib/x86_64-linux-gnu/libc.so.6(__libc_start_main+0xf3)[0x7fa3e0d19083]
[broadwell-054:2572514] [12] /beegfs/home/echiavazza/unito-scpd/adaboost_mpi_v2/bin/./adaboost_mpi_v2(+0x87be)[0x561c4d16c7be]
[broadwell-054:2572514] *** End of error message ***
terminate called after throwing an instance of 'std::invalid_argument'
  what():  requested type of dimension 54, but dataset only has 54 dimensions
[broadwell-054:2572513] *** Process received signal ***
[broadwell-054:2572513] Signal: Aborted (6)
[broadwell-054:2572513] Signal code:  (-6)
[broadwell-054:2572513] [ 0] /lib/x86_64-linux-gnu/libc.so.6(+0x43090)[0x7f1d20d42090]
[broadwell-054:2572513] [ 1] /lib/x86_64-linux-gnu/libc.so.6(gsignal+0xcb)[0x7f1d20d4200b]
[broadwell-054:2572513] [ 2] /lib/x86_64-linux-gnu/libc.so.6(abort+0x12b)[0x7f1d20d21859]
[broadwell-054:2572513] [ 3] /lib/x86_64-linux-gnu/libstdc++.so.6(+0x9e911)[0x7f1d210f9911]
[broadwell-054:2572513] [ 4] /lib/x86_64-linux-gnu/libstdc++.so.6(+0xaa38c)[0x7f1d2110538c]
[broadwell-054:2572513] [ 5] /lib/x86_64-linux-gnu/libstdc++.so.6(+0xaa3f7)[0x7f1d211053f7]
[broadwell-054:2572513] [ 6] /lib/x86_64-linux-gnu/libstdc++.so.6(+0xaa6a9)[0x7f1d211056a9]
[broadwell-054:2572513] [ 7] /beegfs/home/echiavazza/unito-scpd/adaboost_mpi_v2/bin/./adaboost_mpi_v2(+0x1d0b6)[0x556f08db90b6]
[broadwell-054:2572513] [ 8] /beegfs/home/echiavazza/unito-scpd/adaboost_mpi_v2/bin/./adaboost_mpi_v2(+0x161db)[0x556f08db21db]
[broadwell-054:2572513] [ 9] /beegfs/home/echiavazza/unito-scpd/adaboost_mpi_v2/bin/./adaboost_mpi_v2(+0xfc4e)[0x556f08dabc4e]
[broadwell-054:2572513] [10] /beegfs/home/echiavazza/unito-scpd/adaboost_mpi_v2/bin/./adaboost_mpi_v2(+0x9539)[0x556f08da5539]
[broadwell-054:2572513] [11] /lib/x86_64-linux-gnu/libc.so.6(__libc_start_main+0xf3)[0x7f1d20d23083]
[broadwell-054:2572513] [12] /beegfs/home/echiavazza/unito-scpd/adaboost_mpi_v2/bin/./adaboost_mpi_v2(+0x87be)[0x556f08da47be]
[broadwell-054:2572513] *** End of error message ***
terminate called after throwing an instance of 'std::invalid_argument'
  what():  requested type of dimension 54, but dataset only has 54 dimensions
[broadwell-054:2572511] *** Process received signal ***
[broadwell-054:2572511] Signal: Aborted (6)
[broadwell-054:2572511] Signal code:  (-6)
[broadwell-054:2572511] [ 0] /lib/x86_64-linux-gnu/libc.so.6(+0x43090)[0x7fca4a681090]
[broadwell-054:2572511] [ 1] /lib/x86_64-linux-gnu/libc.so.6(gsignal+0xcb)[0x7fca4a68100b]
[broadwell-054:2572511] [ 2] /lib/x86_64-linux-gnu/libc.so.6(abort+0x12b)[0x7fca4a660859]
[broadwell-054:2572511] [ 3] /lib/x86_64-linux-gnu/libstdc++.so.6(+0x9e911)[0x7fca4aa38911]
[broadwell-054:2572511] [ 4] /lib/x86_64-linux-gnu/libstdc++.so.6(+0xaa38c)[0x7fca4aa4438c]
[broadwell-054:2572511] [ 5] /lib/x86_64-linux-gnu/libstdc++.so.6(+0xaa3f7)[0x7fca4aa443f7]
[broadwell-054:2572511] [ 6] /lib/x86_64-linux-gnu/libstdc++.so.6(+0xaa6a9)[0x7fca4aa446a9]
[broadwell-054:2572511] [ 7] /beegfs/home/echiavazza/unito-scpd/adaboost_mpi_v2/bin/./adaboost_mpi_v2(+0x1d0b6)[0x5611a0d350b6]
[broadwell-054:2572511] [ 8] /beegfs/home/echiavazza/unito-scpd/adaboost_mpi_v2/bin/./adaboost_mpi_v2(+0x161db)[0x5611a0d2e1db]
[broadwell-054:2572511] [ 9] /beegfs/home/echiavazza/unito-scpd/adaboost_mpi_v2/bin/./adaboost_mpi_v2(+0xfc4e)[0x5611a0d27c4e]
[broadwell-054:2572511] [10] /beegfs/home/echiavazza/unito-scpd/adaboost_mpi_v2/bin/./adaboost_mpi_v2(+0x9539)[0x5611a0d21539]
[broadwell-054:2572511] [11] /lib/x86_64-linux-gnu/libc.so.6(__libc_start_main+0xf3)[0x7fca4a662083]
[broadwell-054:2572511] [12] /beegfs/home/echiavazza/unito-scpd/adaboost_mpi_v2/bin/./adaboost_mpi_v2(+0x87be)[0x5611a0d207be]
[broadwell-054:2572511] *** End of error message ***
srun: error: broadwell-054: tasks 8,10-13,15-17: Aborted
srun: error: broadwell-054: tasks 0-1,4,6,9: Aborted (core dumped)
srun: error: broadwell-054: tasks 2-3,5,7,14: Aborted (core dumped)
